[0.080s] Invoking command in '/home/dtc-mrsd/Downloads/ros2_ghadron_gimbal/build/eo_zoom': CMAKE_PREFIX_PATH=${CMAKE_PREFIX_PATH}:/home/dtc-mrsd/Downloads/ros2_ghadron_gimbal/install/gimbal_bringup:/home/dtc-mrsd/Downloads/ros2_ghadron_gimbal/install/yolo_detection:/home/dtc-mrsd/Downloads/ros2_ghadron_gimbal/install/stream_publisher:/home/dtc-mrsd/Downloads/ros2_ghadron_gimbal/install/rtsp_viewer:/home/dtc-mrsd/Downloads/ros2_ghadron_gimbal/install/image_viewer:/home/dtc-mrsd/Downloads/ros2_ghadron_gimbal/install/human_tracking:/opt/ros/humble /usr/bin/cmake --build /home/dtc-mrsd/Downloads/ros2_ghadron_gimbal/build/eo_zoom -- -j12 -l12
[1.172s] -- Found ament_cmake: 1.3.11 (/opt/ros/humble/share/ament_cmake/cmake)
[1.174s] -- Found rclcpp: 16.0.11 (/opt/ros/humble/share/rclcpp/cmake)
[1.174s] -- Found rosidl_generator_c: 3.1.6 (/opt/ros/humble/share/rosidl_generator_c/cmake)
[1.174s] -- Found rosidl_adapter: 3.1.6 (/opt/ros/humble/share/rosidl_adapter/cmake)
[1.174s] -- Found rosidl_generator_cpp: 3.1.6 (/opt/ros/humble/share/rosidl_generator_cpp/cmake)
[1.174s] -- Using all available rosidl_typesupport_c: rosidl_typesupport_fastrtps_c;rosidl_typesupport_introspection_c
[1.175s] -- Using all available rosidl_typesupport_cpp: rosidl_typesupport_fastrtps_cpp;rosidl_typesupport_introspection_cpp
[1.175s] -- Found rmw_implementation_cmake: 6.1.2 (/opt/ros/humble/share/rmw_implementation_cmake/cmake)
[1.175s] -- Found rmw_fastrtps_cpp: 6.2.7 (/opt/ros/humble/share/rmw_fastrtps_cpp/cmake)
[1.175s] -- Using RMW implementation 'rmw_fastrtps_cpp' as default
[1.176s] [0mCMake Error: The current CMakeCache.txt directory /home/dtc-mrsd/Downloads/ros2_ghadron_gimbal/build/eo_zoom/CMakeCache.txt is different than the directory /home/dtc-mrsd/Downloads/ros2_gimbal_ws/build/eo_zoom where CMakeCache.txt was created. This may result in binaries being created in the wrong place. If you are not sure, reedit the CMakeCache.txt[0m
[1.176s] [0m-- GHADRON: 1[0m
[1.230s] -- Found ament_lint_auto: 0.12.11 (/opt/ros/humble/share/ament_lint_auto/cmake)
[1.345s] -- Added test 'cppcheck' to perform static code analysis on C / C++ code
[1.347s] -- Configured cppcheck include dirs: /home/dtc-mrsd/Downloads/ros2_gimbal_ws/src/eo_zoom/include;/home/dtc-mrsd/Downloads/ros2_gimbal_ws/src/eo_zoom/../PayloadSdk/libs;/home/dtc-mrsd/Downloads/ros2_gimbal_ws/src/eo_zoom/../PayloadSdk/libs/x86_64;/home/dtc-mrsd/Downloads/ros2_gimbal_ws/src/eo_zoom/../PayloadSdk/libs/x86_64/payload-define;/home/dtc-mrsd/Downloads/ros2_gimbal_ws/src/eo_zoom/../PayloadSdk/libs/third-party/mavlink/include;/home/dtc-mrsd/Downloads/ros2_gimbal_ws/src/eo_zoom/../PayloadSdk/libs/gSDK/src/mavlink/include/mavlink/v2.0;/home/dtc-mrsd/Downloads/ros2_gimbal_ws/src/eo_zoom/../PayloadSdk/libs/gSDK/src
[1.347s] -- Configured cppcheck exclude dirs and/or files: 
[1.351s] -- Added test 'lint_cmake' to check CMake code style
[1.352s] -- Added test 'uncrustify' to check C / C++ code style
[1.352s] -- Configured uncrustify additional arguments: 
[1.353s] -- Added test 'xmllint' to check XML markup files
[1.353s] -- Configuring done
[1.364s] -- Generating done
[1.368s] -- Build files have been written to: /home/dtc-mrsd/Downloads/ros2_gimbal_ws/build/eo_zoom
[1.408s] [35m[1mConsolidate compiler generated dependencies of target eo_zoom_node[0m
[1.435s] [100%] Built target eo_zoom_node
[1.668s] Invoked command in '/home/dtc-mrsd/Downloads/ros2_ghadron_gimbal/build/eo_zoom' returned '0': CMAKE_PREFIX_PATH=${CMAKE_PREFIX_PATH}:/home/dtc-mrsd/Downloads/ros2_ghadron_gimbal/install/gimbal_bringup:/home/dtc-mrsd/Downloads/ros2_ghadron_gimbal/install/yolo_detection:/home/dtc-mrsd/Downloads/ros2_ghadron_gimbal/install/stream_publisher:/home/dtc-mrsd/Downloads/ros2_ghadron_gimbal/install/rtsp_viewer:/home/dtc-mrsd/Downloads/ros2_ghadron_gimbal/install/image_viewer:/home/dtc-mrsd/Downloads/ros2_ghadron_gimbal/install/human_tracking:/opt/ros/humble /usr/bin/cmake --build /home/dtc-mrsd/Downloads/ros2_ghadron_gimbal/build/eo_zoom -- -j12 -l12
[1.672s] Invoking command in '/home/dtc-mrsd/Downloads/ros2_ghadron_gimbal/build/eo_zoom': CMAKE_PREFIX_PATH=${CMAKE_PREFIX_PATH}:/home/dtc-mrsd/Downloads/ros2_ghadron_gimbal/install/gimbal_bringup:/home/dtc-mrsd/Downloads/ros2_ghadron_gimbal/install/yolo_detection:/home/dtc-mrsd/Downloads/ros2_ghadron_gimbal/install/stream_publisher:/home/dtc-mrsd/Downloads/ros2_ghadron_gimbal/install/rtsp_viewer:/home/dtc-mrsd/Downloads/ros2_ghadron_gimbal/install/image_viewer:/home/dtc-mrsd/Downloads/ros2_ghadron_gimbal/install/human_tracking:/opt/ros/humble /usr/bin/cmake --install /home/dtc-mrsd/Downloads/ros2_ghadron_gimbal/build/eo_zoom
[1.702s] -- Install configuration: "Debug"
[1.702s] -- Up-to-date: /home/dtc-mrsd/Downloads/ros2_gimbal_ws/install/eo_zoom/lib/eo_zoom/eo_zoom_node
[1.702s] -- Up-to-date: /home/dtc-mrsd/Downloads/ros2_gimbal_ws/install/eo_zoom/share/ament_index/resource_index/package_run_dependencies/eo_zoom
[1.702s] -- Installing: /home/dtc-mrsd/Downloads/ros2_gimbal_ws/install/eo_zoom/share/ament_index/resource_index/parent_prefix_path/eo_zoom
[1.703s] -- Up-to-date: /home/dtc-mrsd/Downloads/ros2_gimbal_ws/install/eo_zoom/share/eo_zoom/environment/ament_prefix_path.sh
[1.703s] -- Installing: /home/dtc-mrsd/Downloads/ros2_gimbal_ws/install/eo_zoom/share/eo_zoom/environment/ament_prefix_path.dsv
[1.703s] -- Up-to-date: /home/dtc-mrsd/Downloads/ros2_gimbal_ws/install/eo_zoom/share/eo_zoom/environment/path.sh
[1.704s] -- Installing: /home/dtc-mrsd/Downloads/ros2_gimbal_ws/install/eo_zoom/share/eo_zoom/environment/path.dsv
[1.704s] -- Up-to-date: /home/dtc-mrsd/Downloads/ros2_gimbal_ws/install/eo_zoom/share/eo_zoom/local_setup.bash
[1.704s] -- Up-to-date: /home/dtc-mrsd/Downloads/ros2_gimbal_ws/install/eo_zoom/share/eo_zoom/local_setup.sh
[1.704s] -- Up-to-date: /home/dtc-mrsd/Downloads/ros2_gimbal_ws/install/eo_zoom/share/eo_zoom/local_setup.zsh
[1.704s] -- Installing: /home/dtc-mrsd/Downloads/ros2_gimbal_ws/install/eo_zoom/share/eo_zoom/local_setup.dsv
[1.704s] -- Installing: /home/dtc-mrsd/Downloads/ros2_gimbal_ws/install/eo_zoom/share/eo_zoom/package.dsv
[1.705s] -- Up-to-date: /home/dtc-mrsd/Downloads/ros2_gimbal_ws/install/eo_zoom/share/ament_index/resource_index/packages/eo_zoom
[1.708s] -- Up-to-date: /home/dtc-mrsd/Downloads/ros2_gimbal_ws/install/eo_zoom/share/eo_zoom/cmake/eo_zoomConfig.cmake
[1.708s] -- Up-to-date: /home/dtc-mrsd/Downloads/ros2_gimbal_ws/install/eo_zoom/share/eo_zoom/cmake/eo_zoomConfig-version.cmake
[1.709s] -- Up-to-date: /home/dtc-mrsd/Downloads/ros2_gimbal_ws/install/eo_zoom/share/eo_zoom/package.xml
[1.737s] Invoked command in '/home/dtc-mrsd/Downloads/ros2_ghadron_gimbal/build/eo_zoom' returned '0': CMAKE_PREFIX_PATH=${CMAKE_PREFIX_PATH}:/home/dtc-mrsd/Downloads/ros2_ghadron_gimbal/install/gimbal_bringup:/home/dtc-mrsd/Downloads/ros2_ghadron_gimbal/install/yolo_detection:/home/dtc-mrsd/Downloads/ros2_ghadron_gimbal/install/stream_publisher:/home/dtc-mrsd/Downloads/ros2_ghadron_gimbal/install/rtsp_viewer:/home/dtc-mrsd/Downloads/ros2_ghadron_gimbal/install/image_viewer:/home/dtc-mrsd/Downloads/ros2_ghadron_gimbal/install/human_tracking:/opt/ros/humble /usr/bin/cmake --install /home/dtc-mrsd/Downloads/ros2_ghadron_gimbal/build/eo_zoom
