[0.256s] DEBUG:colcon:Command line arguments: ['/usr/bin/colcon', 'build', '--cmake-args', '-DGHADRON=1']
[0.256s] DEBUG:colcon:Parsed command line arguments: Namespace(log_base=None, log_level=None, verb_name='build', build_base='build', install_base='install', merge_install=False, symlink_install=False, test_result_base=None, continue_on_error=False, executor='parallel', parallel_workers=4, event_handlers=None, ignore_user_meta=False, metas=['./colcon.meta'], base_paths=['.'], packages_ignore=None, packages_ignore_regex=None, paths=None, packages_up_to=None, packages_up_to_regex=None, packages_above=None, packages_above_and_dependencies=None, packages_above_depth=None, packages_select_by_dep=None, packages_skip_by_dep=None, packages_skip_up_to=None, packages_select_build_failed=False, packages_skip_build_finished=False, packages_select_test_failures=False, packages_skip_test_passed=False, packages_select=None, packages_skip=None, packages_select_regex=None, packages_skip_regex=None, packages_start=None, packages_end=None, cmake_args=['-DGHADRON=1'], cmake_target=None, cmake_target_skip_unavailable=False, cmake_clean_cache=False, cmake_clean_first=False, cmake_force_configure=False, ament_cmake_args=None, catkin_cmake_args=None, catkin_skip_building_tests=False, mixin_files=None, mixin=None, verb_parser=<colcon_mixin.mixin.mixin_argument.MixinArgumentDecorator object at 0xffff9aea6ad0>, verb_extension=<colcon_core.verb.build.BuildVerb object at 0xffff9b083a00>, main=<bound method BuildVerb.main of <colcon_core.verb.build.BuildVerb object at 0xffff9b083a00>>, mixin_verb=('build',))
[0.527s] Level 1:colcon.colcon_core.package_discovery:discover_packages(colcon_meta) check parameters
[0.529s] INFO:colcon.colcon_metadata.package_discovery.colcon_meta:Using configuration from '/root/.colcon/metadata/default/Gazebo.meta'
[0.530s] INFO:colcon.colcon_metadata.package_discovery.colcon_meta:Using configuration from '/root/.colcon/metadata/default/fastrtps.meta'
[0.531s] Level 1:colcon.colcon_core.package_discovery:discover_packages(recursive) check parameters
[0.531s] Level 1:colcon.colcon_core.package_discovery:discover_packages(ignore) check parameters
[0.531s] Level 1:colcon.colcon_core.package_discovery:discover_packages(path) check parameters
[0.531s] Level 1:colcon.colcon_core.package_discovery:discover_packages(colcon_meta) discover
[0.531s] Level 1:colcon.colcon_core.package_discovery:discover_packages(recursive) discover
[0.531s] INFO:colcon.colcon_core.package_discovery:Crawling recursively for packages in '/home/dtc/humanflow/ros2_ghadron_gimbal'
[0.531s] Level 1:colcon.colcon_core.package_identification:_identify(.) by extensions ['ignore', 'ignore_ament_install']
[0.532s] Level 1:colcon.colcon_core.package_identification:_identify(.) by extension 'ignore'
[0.532s] Level 1:colcon.colcon_core.package_identification:_identify(.) by extension 'ignore_ament_install'
[0.532s] Level 1:colcon.colcon_core.package_identification:_identify(.) by extensions ['colcon_pkg']
[0.532s] Level 1:colcon.colcon_core.package_identification:_identify(.) by extension 'colcon_pkg'
[0.532s] Level 1:colcon.colcon_core.package_identification:_identify(.) by extensions ['colcon_meta']
[0.532s] Level 1:colcon.colcon_core.package_identification:_identify(.) by extension 'colcon_meta'
[0.532s] Level 1:colcon.colcon_core.package_identification:_identify(.) by extensions ['ros']
[0.532s] Level 1:colcon.colcon_core.package_identification:_identify(.) by extension 'ros'
[0.556s] Level 1:colcon.colcon_core.package_identification:_identify(.) by extensions ['cmake', 'python']
[0.556s] Level 1:colcon.colcon_core.package_identification:_identify(.) by extension 'cmake'
[0.556s] Level 1:colcon.colcon_core.package_identification:_identify(.) by extension 'python'
[0.556s] Level 1:colcon.colcon_core.package_identification:_identify(.) by extensions ['python_setup_py']
[0.556s] Level 1:colcon.colcon_core.package_identification:_identify(.) by extension 'python_setup_py'
[0.557s] Level 1:colcon.colcon_core.package_identification:_identify(build) by extensions ['ignore', 'ignore_ament_install']
[0.557s] Level 1:colcon.colcon_core.package_identification:_identify(build) by extension 'ignore'
[0.557s] Level 1:colcon.colcon_core.package_identification:_identify(build) ignored
[0.558s] Level 1:colcon.colcon_core.package_identification:_identify(dockers) by extensions ['ignore', 'ignore_ament_install']
[0.558s] Level 1:colcon.colcon_core.package_identification:_identify(dockers) by extension 'ignore'
[0.558s] Level 1:colcon.colcon_core.package_identification:_identify(dockers) by extension 'ignore_ament_install'
[0.558s] Level 1:colcon.colcon_core.package_identification:_identify(dockers) by extensions ['colcon_pkg']
[0.558s] Level 1:colcon.colcon_core.package_identification:_identify(dockers) by extension 'colcon_pkg'
[0.558s] Level 1:colcon.colcon_core.package_identification:_identify(dockers) by extensions ['colcon_meta']
[0.558s] Level 1:colcon.colcon_core.package_identification:_identify(dockers) by extension 'colcon_meta'
[0.558s] Level 1:colcon.colcon_core.package_identification:_identify(dockers) by extensions ['ros']
[0.558s] Level 1:colcon.colcon_core.package_identification:_identify(dockers) by extension 'ros'
[0.559s] Level 1:colcon.colcon_core.package_identification:_identify(dockers) by extensions ['cmake', 'python']
[0.559s] Level 1:colcon.colcon_core.package_identification:_identify(dockers) by extension 'cmake'
[0.559s] Level 1:colcon.colcon_core.package_identification:_identify(dockers) by extension 'python'
[0.559s] Level 1:colcon.colcon_core.package_identification:_identify(dockers) by extensions ['python_setup_py']
[0.559s] Level 1:colcon.colcon_core.package_identification:_identify(dockers) by extension 'python_setup_py'
[0.559s] Level 1:colcon.colcon_core.package_identification:_identify(install) by extensions ['ignore', 'ignore_ament_install']
[0.559s] Level 1:colcon.colcon_core.package_identification:_identify(install) by extension 'ignore'
[0.559s] Level 1:colcon.colcon_core.package_identification:_identify(install) ignored
[0.560s] Level 1:colcon.colcon_core.package_identification:_identify(log) by extensions ['ignore', 'ignore_ament_install']
[0.560s] Level 1:colcon.colcon_core.package_identification:_identify(log) by extension 'ignore'
[0.560s] Level 1:colcon.colcon_core.package_identification:_identify(log) ignored
[0.560s] Level 1:colcon.colcon_core.package_identification:_identify(mcap_recording) by extensions ['ignore', 'ignore_ament_install']
[0.560s] Level 1:colcon.colcon_core.package_identification:_identify(mcap_recording) by extension 'ignore'
[0.561s] Level 1:colcon.colcon_core.package_identification:_identify(mcap_recording) by extension 'ignore_ament_install'
[0.561s] Level 1:colcon.colcon_core.package_identification:_identify(mcap_recording) by extensions ['colcon_pkg']
[0.561s] Level 1:colcon.colcon_core.package_identification:_identify(mcap_recording) by extension 'colcon_pkg'
[0.561s] Level 1:colcon.colcon_core.package_identification:_identify(mcap_recording) by extensions ['colcon_meta']
[0.561s] Level 1:colcon.colcon_core.package_identification:_identify(mcap_recording) by extension 'colcon_meta'
[0.561s] Level 1:colcon.colcon_core.package_identification:_identify(mcap_recording) by extensions ['ros']
[0.561s] Level 1:colcon.colcon_core.package_identification:_identify(mcap_recording) by extension 'ros'
[0.561s] Level 1:colcon.colcon_core.package_identification:_identify(mcap_recording) by extensions ['cmake', 'python']
[0.561s] Level 1:colcon.colcon_core.package_identification:_identify(mcap_recording) by extension 'cmake'
[0.562s] Level 1:colcon.colcon_core.package_identification:_identify(mcap_recording) by extension 'python'
[0.562s] Level 1:colcon.colcon_core.package_identification:_identify(mcap_recording) by extensions ['python_setup_py']
[0.562s] Level 1:colcon.colcon_core.package_identification:_identify(mcap_recording) by extension 'python_setup_py'
[0.562s] Level 1:colcon.colcon_core.package_identification:_identify(mcap_recording/2025-02-27) by extensions ['ignore', 'ignore_ament_install']
[0.562s] Level 1:colcon.colcon_core.package_identification:_identify(mcap_recording/2025-02-27) by extension 'ignore'
[0.562s] Level 1:colcon.colcon_core.package_identification:_identify(mcap_recording/2025-02-27) by extension 'ignore_ament_install'
[0.562s] Level 1:colcon.colcon_core.package_identification:_identify(mcap_recording/2025-02-27) by extensions ['colcon_pkg']
[0.562s] Level 1:colcon.colcon_core.package_identification:_identify(mcap_recording/2025-02-27) by extension 'colcon_pkg'
[0.563s] Level 1:colcon.colcon_core.package_identification:_identify(mcap_recording/2025-02-27) by extensions ['colcon_meta']
[0.563s] Level 1:colcon.colcon_core.package_identification:_identify(mcap_recording/2025-02-27) by extension 'colcon_meta'
[0.563s] Level 1:colcon.colcon_core.package_identification:_identify(mcap_recording/2025-02-27) by extensions ['ros']
[0.563s] Level 1:colcon.colcon_core.package_identification:_identify(mcap_recording/2025-02-27) by extension 'ros'
[0.563s] Level 1:colcon.colcon_core.package_identification:_identify(mcap_recording/2025-02-27) by extensions ['cmake', 'python']
[0.563s] Level 1:colcon.colcon_core.package_identification:_identify(mcap_recording/2025-02-27) by extension 'cmake'
[0.563s] Level 1:colcon.colcon_core.package_identification:_identify(mcap_recording/2025-02-27) by extension 'python'
[0.563s] Level 1:colcon.colcon_core.package_identification:_identify(mcap_recording/2025-02-27) by extensions ['python_setup_py']
[0.563s] Level 1:colcon.colcon_core.package_identification:_identify(mcap_recording/2025-02-27) by extension 'python_setup_py'
[0.564s] Level 1:colcon.colcon_core.package_identification:_identify(src) by extensions ['ignore', 'ignore_ament_install']
[0.564s] Level 1:colcon.colcon_core.package_identification:_identify(src) by extension 'ignore'
[0.564s] Level 1:colcon.colcon_core.package_identification:_identify(src) by extension 'ignore_ament_install'
[0.564s] Level 1:colcon.colcon_core.package_identification:_identify(src) by extensions ['colcon_pkg']
[0.564s] Level 1:colcon.colcon_core.package_identification:_identify(src) by extension 'colcon_pkg'
[0.564s] Level 1:colcon.colcon_core.package_identification:_identify(src) by extensions ['colcon_meta']
[0.564s] Level 1:colcon.colcon_core.package_identification:_identify(src) by extension 'colcon_meta'
[0.564s] Level 1:colcon.colcon_core.package_identification:_identify(src) by extensions ['ros']
[0.564s] Level 1:colcon.colcon_core.package_identification:_identify(src) by extension 'ros'
[0.565s] Level 1:colcon.colcon_core.package_identification:_identify(src) by extensions ['cmake', 'python']
[0.565s] Level 1:colcon.colcon_core.package_identification:_identify(src) by extension 'cmake'
[0.565s] Level 1:colcon.colcon_core.package_identification:_identify(src) by extension 'python'
[0.565s] Level 1:colcon.colcon_core.package_identification:_identify(src) by extensions ['python_setup_py']
[0.565s] Level 1:colcon.colcon_core.package_identification:_identify(src) by extension 'python_setup_py'
[0.565s] Level 1:colcon.colcon_core.package_identification:_identify(src/PayloadSdk) by extensions ['ignore', 'ignore_ament_install']
[0.565s] Level 1:colcon.colcon_core.package_identification:_identify(src/PayloadSdk) by extension 'ignore'
[0.566s] Level 1:colcon.colcon_core.package_identification:_identify(src/PayloadSdk) by extension 'ignore_ament_install'
[0.566s] Level 1:colcon.colcon_core.package_identification:_identify(src/PayloadSdk) by extensions ['colcon_pkg']
[0.566s] Level 1:colcon.colcon_core.package_identification:_identify(src/PayloadSdk) by extension 'colcon_pkg'
[0.566s] Level 1:colcon.colcon_core.package_identification:_identify(src/PayloadSdk) by extensions ['colcon_meta']
[0.566s] Level 1:colcon.colcon_core.package_identification:_identify(src/PayloadSdk) by extension 'colcon_meta'
[0.566s] Level 1:colcon.colcon_core.package_identification:_identify(src/PayloadSdk) by extensions ['ros']
[0.566s] Level 1:colcon.colcon_core.package_identification:_identify(src/PayloadSdk) by extension 'ros'
[0.566s] Level 1:colcon.colcon_core.package_identification:_identify(src/PayloadSdk) by extensions ['cmake', 'python']
[0.566s] Level 1:colcon.colcon_core.package_identification:_identify(src/PayloadSdk) by extension 'cmake'
[0.582s] Level 1:colcon.colcon_core.package_identification:_identify(src/PayloadSdk) by extension 'python'
[0.583s] DEBUG:colcon.colcon_core.package_identification:Package 'src/PayloadSdk' with type 'cmake' and name 'PayloadSDK'
[0.583s] Level 1:colcon.colcon_core.package_identification:_identify(src/gimbal_angle_control) by extensions ['ignore', 'ignore_ament_install']
[0.583s] Level 1:colcon.colcon_core.package_identification:_identify(src/gimbal_angle_control) by extension 'ignore'
[0.583s] Level 1:colcon.colcon_core.package_identification:_identify(src/gimbal_angle_control) by extension 'ignore_ament_install'
[0.583s] Level 1:colcon.colcon_core.package_identification:_identify(src/gimbal_angle_control) by extensions ['colcon_pkg']
[0.583s] Level 1:colcon.colcon_core.package_identification:_identify(src/gimbal_angle_control) by extension 'colcon_pkg'
[0.584s] Level 1:colcon.colcon_core.package_identification:_identify(src/gimbal_angle_control) by extensions ['colcon_meta']
[0.584s] Level 1:colcon.colcon_core.package_identification:_identify(src/gimbal_angle_control) by extension 'colcon_meta'
[0.584s] Level 1:colcon.colcon_core.package_identification:_identify(src/gimbal_angle_control) by extensions ['ros']
[0.584s] Level 1:colcon.colcon_core.package_identification:_identify(src/gimbal_angle_control) by extension 'ros'
[0.589s] DEBUG:colcon.colcon_core.package_identification:Package 'src/gimbal_angle_control' with type 'ros.ament_cmake' and name 'gimbal_angle_control'
[0.589s] Level 1:colcon.colcon_core.package_identification:_identify(src/gimbal_bringup) by extensions ['ignore', 'ignore_ament_install']
[0.589s] Level 1:colcon.colcon_core.package_identification:_identify(src/gimbal_bringup) by extension 'ignore'
[0.589s] Level 1:colcon.colcon_core.package_identification:_identify(src/gimbal_bringup) by extension 'ignore_ament_install'
[0.590s] Level 1:colcon.colcon_core.package_identification:_identify(src/gimbal_bringup) by extensions ['colcon_pkg']
[0.590s] Level 1:colcon.colcon_core.package_identification:_identify(src/gimbal_bringup) by extension 'colcon_pkg'
[0.590s] Level 1:colcon.colcon_core.package_identification:_identify(src/gimbal_bringup) by extensions ['colcon_meta']
[0.590s] Level 1:colcon.colcon_core.package_identification:_identify(src/gimbal_bringup) by extension 'colcon_meta'
[0.590s] Level 1:colcon.colcon_core.package_identification:_identify(src/gimbal_bringup) by extensions ['ros']
[0.590s] Level 1:colcon.colcon_core.package_identification:_identify(src/gimbal_bringup) by extension 'ros'
[0.591s] DEBUG:colcon.colcon_core.package_identification:Package 'src/gimbal_bringup' with type 'ros.ament_python' and name 'gimbal_bringup'
[0.591s] Level 1:colcon.colcon_core.package_identification:_identify(src/gimbal_status) by extensions ['ignore', 'ignore_ament_install']
[0.592s] Level 1:colcon.colcon_core.package_identification:_identify(src/gimbal_status) by extension 'ignore'
[0.592s] Level 1:colcon.colcon_core.package_identification:_identify(src/gimbal_status) by extension 'ignore_ament_install'
[0.592s] Level 1:colcon.colcon_core.package_identification:_identify(src/gimbal_status) by extensions ['colcon_pkg']
[0.592s] Level 1:colcon.colcon_core.package_identification:_identify(src/gimbal_status) by extension 'colcon_pkg'
[0.592s] Level 1:colcon.colcon_core.package_identification:_identify(src/gimbal_status) by extensions ['colcon_meta']
[0.592s] Level 1:colcon.colcon_core.package_identification:_identify(src/gimbal_status) by extension 'colcon_meta'
[0.592s] Level 1:colcon.colcon_core.package_identification:_identify(src/gimbal_status) by extensions ['ros']
[0.592s] Level 1:colcon.colcon_core.package_identification:_identify(src/gimbal_status) by extension 'ros'
[0.594s] DEBUG:colcon.colcon_core.package_identification:Package 'src/gimbal_status' with type 'ros.ament_cmake' and name 'gimbal_status'
[0.594s] Level 1:colcon.colcon_core.package_identification:_identify(src/human_tracking) by extensions ['ignore', 'ignore_ament_install']
[0.594s] Level 1:colcon.colcon_core.package_identification:_identify(src/human_tracking) by extension 'ignore'
[0.594s] Level 1:colcon.colcon_core.package_identification:_identify(src/human_tracking) by extension 'ignore_ament_install'
[0.595s] Level 1:colcon.colcon_core.package_identification:_identify(src/human_tracking) by extensions ['colcon_pkg']
[0.595s] Level 1:colcon.colcon_core.package_identification:_identify(src/human_tracking) by extension 'colcon_pkg'
[0.595s] Level 1:colcon.colcon_core.package_identification:_identify(src/human_tracking) by extensions ['colcon_meta']
[0.595s] Level 1:colcon.colcon_core.package_identification:_identify(src/human_tracking) by extension 'colcon_meta'
[0.595s] Level 1:colcon.colcon_core.package_identification:_identify(src/human_tracking) by extensions ['ros']
[0.595s] Level 1:colcon.colcon_core.package_identification:_identify(src/human_tracking) by extension 'ros'
[0.596s] DEBUG:colcon.colcon_core.package_identification:Package 'src/human_tracking' with type 'ros.ament_python' and name 'human_tracking'
[0.596s] Level 1:colcon.colcon_core.package_identification:_identify(src/image_viewer) by extensions ['ignore', 'ignore_ament_install']
[0.597s] Level 1:colcon.colcon_core.package_identification:_identify(src/image_viewer) by extension 'ignore'
[0.597s] Level 1:colcon.colcon_core.package_identification:_identify(src/image_viewer) by extension 'ignore_ament_install'
[0.597s] Level 1:colcon.colcon_core.package_identification:_identify(src/image_viewer) by extensions ['colcon_pkg']
[0.597s] Level 1:colcon.colcon_core.package_identification:_identify(src/image_viewer) by extension 'colcon_pkg'
[0.597s] Level 1:colcon.colcon_core.package_identification:_identify(src/image_viewer) by extensions ['colcon_meta']
[0.597s] Level 1:colcon.colcon_core.package_identification:_identify(src/image_viewer) by extension 'colcon_meta'
[0.597s] Level 1:colcon.colcon_core.package_identification:_identify(src/image_viewer) by extensions ['ros']
[0.597s] Level 1:colcon.colcon_core.package_identification:_identify(src/image_viewer) by extension 'ros'
[0.599s] DEBUG:colcon.colcon_core.package_identification:Package 'src/image_viewer' with type 'ros.ament_python' and name 'image_viewer'
[0.599s] Level 1:colcon.colcon_core.package_identification:_identify(src/stream_publisher) by extensions ['ignore', 'ignore_ament_install']
[0.600s] Level 1:colcon.colcon_core.package_identification:_identify(src/stream_publisher) by extension 'ignore'
[0.600s] Level 1:colcon.colcon_core.package_identification:_identify(src/stream_publisher) by extension 'ignore_ament_install'
[0.600s] Level 1:colcon.colcon_core.package_identification:_identify(src/stream_publisher) by extensions ['colcon_pkg']
[0.600s] Level 1:colcon.colcon_core.package_identification:_identify(src/stream_publisher) by extension 'colcon_pkg'
[0.600s] Level 1:colcon.colcon_core.package_identification:_identify(src/stream_publisher) by extensions ['colcon_meta']
[0.600s] Level 1:colcon.colcon_core.package_identification:_identify(src/stream_publisher) by extension 'colcon_meta'
[0.600s] Level 1:colcon.colcon_core.package_identification:_identify(src/stream_publisher) by extensions ['ros']
[0.600s] Level 1:colcon.colcon_core.package_identification:_identify(src/stream_publisher) by extension 'ros'
[0.602s] DEBUG:colcon.colcon_core.package_identification:Package 'src/stream_publisher' with type 'ros.ament_python' and name 'stream_publisher'
[0.602s] Level 1:colcon.colcon_core.package_identification:_identify(src/yolo_detection) by extensions ['ignore', 'ignore_ament_install']
[0.602s] Level 1:colcon.colcon_core.package_identification:_identify(src/yolo_detection) by extension 'ignore'
[0.602s] Level 1:colcon.colcon_core.package_identification:_identify(src/yolo_detection) by extension 'ignore_ament_install'
[0.603s] Level 1:colcon.colcon_core.package_identification:_identify(src/yolo_detection) by extensions ['colcon_pkg']
[0.603s] Level 1:colcon.colcon_core.package_identification:_identify(src/yolo_detection) by extension 'colcon_pkg'
[0.603s] Level 1:colcon.colcon_core.package_identification:_identify(src/yolo_detection) by extensions ['colcon_meta']
[0.603s] Level 1:colcon.colcon_core.package_identification:_identify(src/yolo_detection) by extension 'colcon_meta'
[0.603s] Level 1:colcon.colcon_core.package_identification:_identify(src/yolo_detection) by extensions ['ros']
[0.603s] Level 1:colcon.colcon_core.package_identification:_identify(src/yolo_detection) by extension 'ros'
[0.605s] DEBUG:colcon.colcon_core.package_identification:Package 'src/yolo_detection' with type 'ros.ament_python' and name 'yolo_detection'
[0.605s] Level 1:colcon.colcon_core.package_discovery:discover_packages(recursive) using defaults
[0.605s] Level 1:colcon.colcon_core.package_discovery:discover_packages(ignore) discover
[0.605s] Level 1:colcon.colcon_core.package_discovery:discover_packages(ignore) using defaults
[0.605s] Level 1:colcon.colcon_core.package_discovery:discover_packages(path) discover
[0.605s] Level 1:colcon.colcon_core.package_discovery:discover_packages(path) using defaults
[0.653s] Level 5:colcon.colcon_core.verb:set package 'PayloadSDK' build argument 'cmake_args' from command line to '['-DGHADRON=1']'
[0.653s] Level 5:colcon.colcon_core.verb:set package 'PayloadSDK' build argument 'cmake_target' from command line to 'None'
[0.653s] Level 5:colcon.colcon_core.verb:set package 'PayloadSDK' build argument 'cmake_target_skip_unavailable' from command line to 'False'
[0.653s] Level 5:colcon.colcon_core.verb:set package 'PayloadSDK' build argument 'cmake_clean_cache' from command line to 'False'
[0.653s] Level 5:colcon.colcon_core.verb:set package 'PayloadSDK' build argument 'cmake_clean_first' from command line to 'False'
[0.653s] Level 5:colcon.colcon_core.verb:set package 'PayloadSDK' build argument 'cmake_force_configure' from command line to 'False'
[0.653s] Level 5:colcon.colcon_core.verb:set package 'PayloadSDK' build argument 'ament_cmake_args' from command line to 'None'
[0.653s] Level 5:colcon.colcon_core.verb:set package 'PayloadSDK' build argument 'catkin_cmake_args' from command line to 'None'
[0.653s] Level 5:colcon.colcon_core.verb:set package 'PayloadSDK' build argument 'catkin_skip_building_tests' from command line to 'False'
[0.654s] DEBUG:colcon.colcon_core.verb:Building package 'PayloadSDK' with the following arguments: {'ament_cmake_args': None, 'build_base': '/home/dtc/humanflow/ros2_ghadron_gimbal/build/PayloadSDK', 'catkin_cmake_args': None, 'catkin_skip_building_tests': False, 'cmake_args': ['-DGHADRON=1'], 'cmake_clean_cache': False, 'cmake_clean_first': False, 'cmake_force_configure': False, 'cmake_target': None, 'cmake_target_skip_unavailable': False, 'install_base': '/home/dtc/humanflow/ros2_ghadron_gimbal/install/PayloadSDK', 'merge_install': False, 'path': '/home/dtc/humanflow/ros2_ghadron_gimbal/src/PayloadSdk', 'symlink_install': False, 'test_result_base': None}
[0.654s] Level 5:colcon.colcon_core.verb:set package 'gimbal_angle_control' build argument 'cmake_args' from command line to '['-DGHADRON=1']'
[0.654s] Level 5:colcon.colcon_core.verb:set package 'gimbal_angle_control' build argument 'cmake_target' from command line to 'None'
[0.654s] Level 5:colcon.colcon_core.verb:set package 'gimbal_angle_control' build argument 'cmake_target_skip_unavailable' from command line to 'False'
[0.654s] Level 5:colcon.colcon_core.verb:set package 'gimbal_angle_control' build argument 'cmake_clean_cache' from command line to 'False'
[0.655s] Level 5:colcon.colcon_core.verb:set package 'gimbal_angle_control' build argument 'cmake_clean_first' from command line to 'False'
[0.655s] Level 5:colcon.colcon_core.verb:set package 'gimbal_angle_control' build argument 'cmake_force_configure' from command line to 'False'
[0.655s] Level 5:colcon.colcon_core.verb:set package 'gimbal_angle_control' build argument 'ament_cmake_args' from command line to 'None'
[0.655s] Level 5:colcon.colcon_core.verb:set package 'gimbal_angle_control' build argument 'catkin_cmake_args' from command line to 'None'
[0.655s] Level 5:colcon.colcon_core.verb:set package 'gimbal_angle_control' build argument 'catkin_skip_building_tests' from command line to 'False'
[0.655s] DEBUG:colcon.colcon_core.verb:Building package 'gimbal_angle_control' with the following arguments: {'ament_cmake_args': None, 'build_base': '/home/dtc/humanflow/ros2_ghadron_gimbal/build/gimbal_angle_control', 'catkin_cmake_args': None, 'catkin_skip_building_tests': False, 'cmake_args': ['-DGHADRON=1'], 'cmake_clean_cache': False, 'cmake_clean_first': False, 'cmake_force_configure': False, 'cmake_target': None, 'cmake_target_skip_unavailable': False, 'install_base': '/home/dtc/humanflow/ros2_ghadron_gimbal/install/gimbal_angle_control', 'merge_install': False, 'path': '/home/dtc/humanflow/ros2_ghadron_gimbal/src/gimbal_angle_control', 'symlink_install': False, 'test_result_base': None}
[0.656s] Level 5:colcon.colcon_core.verb:set package 'gimbal_status' build argument 'cmake_args' from command line to '['-DGHADRON=1']'
[0.656s] Level 5:colcon.colcon_core.verb:set package 'gimbal_status' build argument 'cmake_target' from command line to 'None'
[0.656s] Level 5:colcon.colcon_core.verb:set package 'gimbal_status' build argument 'cmake_target_skip_unavailable' from command line to 'False'
[0.656s] Level 5:colcon.colcon_core.verb:set package 'gimbal_status' build argument 'cmake_clean_cache' from command line to 'False'
[0.656s] Level 5:colcon.colcon_core.verb:set package 'gimbal_status' build argument 'cmake_clean_first' from command line to 'False'
[0.656s] Level 5:colcon.colcon_core.verb:set package 'gimbal_status' build argument 'cmake_force_configure' from command line to 'False'
[0.656s] Level 5:colcon.colcon_core.verb:set package 'gimbal_status' build argument 'ament_cmake_args' from command line to 'None'
[0.656s] Level 5:colcon.colcon_core.verb:set package 'gimbal_status' build argument 'catkin_cmake_args' from command line to 'None'
[0.656s] Level 5:colcon.colcon_core.verb:set package 'gimbal_status' build argument 'catkin_skip_building_tests' from command line to 'False'
[0.656s] DEBUG:colcon.colcon_core.verb:Building package 'gimbal_status' with the following arguments: {'ament_cmake_args': None, 'build_base': '/home/dtc/humanflow/ros2_ghadron_gimbal/build/gimbal_status', 'catkin_cmake_args': None, 'catkin_skip_building_tests': False, 'cmake_args': ['-DGHADRON=1'], 'cmake_clean_cache': False, 'cmake_clean_first': False, 'cmake_force_configure': False, 'cmake_target': None, 'cmake_target_skip_unavailable': False, 'install_base': '/home/dtc/humanflow/ros2_ghadron_gimbal/install/gimbal_status', 'merge_install': False, 'path': '/home/dtc/humanflow/ros2_ghadron_gimbal/src/gimbal_status', 'symlink_install': False, 'test_result_base': None}
[0.657s] Level 5:colcon.colcon_core.verb:set package 'human_tracking' build argument 'cmake_args' from command line to '['-DGHADRON=1']'
[0.657s] Level 5:colcon.colcon_core.verb:set package 'human_tracking' build argument 'cmake_target' from command line to 'None'
[0.657s] Level 5:colcon.colcon_core.verb:set package 'human_tracking' build argument 'cmake_target_skip_unavailable' from command line to 'False'
[0.657s] Level 5:colcon.colcon_core.verb:set package 'human_tracking' build argument 'cmake_clean_cache' from command line to 'False'
[0.657s] Level 5:colcon.colcon_core.verb:set package 'human_tracking' build argument 'cmake_clean_first' from command line to 'False'
[0.657s] Level 5:colcon.colcon_core.verb:set package 'human_tracking' build argument 'cmake_force_configure' from command line to 'False'
[0.657s] Level 5:colcon.colcon_core.verb:set package 'human_tracking' build argument 'ament_cmake_args' from command line to 'None'
[0.657s] Level 5:colcon.colcon_core.verb:set package 'human_tracking' build argument 'catkin_cmake_args' from command line to 'None'
[0.657s] Level 5:colcon.colcon_core.verb:set package 'human_tracking' build argument 'catkin_skip_building_tests' from command line to 'False'
[0.657s] DEBUG:colcon.colcon_core.verb:Building package 'human_tracking' with the following arguments: {'ament_cmake_args': None, 'build_base': '/home/dtc/humanflow/ros2_ghadron_gimbal/build/human_tracking', 'catkin_cmake_args': None, 'catkin_skip_building_tests': False, 'cmake_args': ['-DGHADRON=1'], 'cmake_clean_cache': False, 'cmake_clean_first': False, 'cmake_force_configure': False, 'cmake_target': None, 'cmake_target_skip_unavailable': False, 'install_base': '/home/dtc/humanflow/ros2_ghadron_gimbal/install/human_tracking', 'merge_install': False, 'path': '/home/dtc/humanflow/ros2_ghadron_gimbal/src/human_tracking', 'symlink_install': False, 'test_result_base': None}
[0.658s] Level 5:colcon.colcon_core.verb:set package 'image_viewer' build argument 'cmake_args' from command line to '['-DGHADRON=1']'
[0.658s] Level 5:colcon.colcon_core.verb:set package 'image_viewer' build argument 'cmake_target' from command line to 'None'
[0.658s] Level 5:colcon.colcon_core.verb:set package 'image_viewer' build argument 'cmake_target_skip_unavailable' from command line to 'False'
[0.658s] Level 5:colcon.colcon_core.verb:set package 'image_viewer' build argument 'cmake_clean_cache' from command line to 'False'
[0.658s] Level 5:colcon.colcon_core.verb:set package 'image_viewer' build argument 'cmake_clean_first' from command line to 'False'
[0.658s] Level 5:colcon.colcon_core.verb:set package 'image_viewer' build argument 'cmake_force_configure' from command line to 'False'
[0.658s] Level 5:colcon.colcon_core.verb:set package 'image_viewer' build argument 'ament_cmake_args' from command line to 'None'
[0.659s] Level 5:colcon.colcon_core.verb:set package 'image_viewer' build argument 'catkin_cmake_args' from command line to 'None'
[0.659s] Level 5:colcon.colcon_core.verb:set package 'image_viewer' build argument 'catkin_skip_building_tests' from command line to 'False'
[0.659s] DEBUG:colcon.colcon_core.verb:Building package 'image_viewer' with the following arguments: {'ament_cmake_args': None, 'build_base': '/home/dtc/humanflow/ros2_ghadron_gimbal/build/image_viewer', 'catkin_cmake_args': None, 'catkin_skip_building_tests': False, 'cmake_args': ['-DGHADRON=1'], 'cmake_clean_cache': False, 'cmake_clean_first': False, 'cmake_force_configure': False, 'cmake_target': None, 'cmake_target_skip_unavailable': False, 'install_base': '/home/dtc/humanflow/ros2_ghadron_gimbal/install/image_viewer', 'merge_install': False, 'path': '/home/dtc/humanflow/ros2_ghadron_gimbal/src/image_viewer', 'symlink_install': False, 'test_result_base': None}
[0.659s] Level 5:colcon.colcon_core.verb:set package 'stream_publisher' build argument 'cmake_args' from command line to '['-DGHADRON=1']'
[0.659s] Level 5:colcon.colcon_core.verb:set package 'stream_publisher' build argument 'cmake_target' from command line to 'None'
[0.659s] Level 5:colcon.colcon_core.verb:set package 'stream_publisher' build argument 'cmake_target_skip_unavailable' from command line to 'False'
[0.660s] Level 5:colcon.colcon_core.verb:set package 'stream_publisher' build argument 'cmake_clean_cache' from command line to 'False'
[0.660s] Level 5:colcon.colcon_core.verb:set package 'stream_publisher' build argument 'cmake_clean_first' from command line to 'False'
[0.660s] Level 5:colcon.colcon_core.verb:set package 'stream_publisher' build argument 'cmake_force_configure' from command line to 'False'
[0.660s] Level 5:colcon.colcon_core.verb:set package 'stream_publisher' build argument 'ament_cmake_args' from command line to 'None'
[0.660s] Level 5:colcon.colcon_core.verb:set package 'stream_publisher' build argument 'catkin_cmake_args' from command line to 'None'
[0.660s] Level 5:colcon.colcon_core.verb:set package 'stream_publisher' build argument 'catkin_skip_building_tests' from command line to 'False'
[0.660s] DEBUG:colcon.colcon_core.verb:Building package 'stream_publisher' with the following arguments: {'ament_cmake_args': None, 'build_base': '/home/dtc/humanflow/ros2_ghadron_gimbal/build/stream_publisher', 'catkin_cmake_args': None, 'catkin_skip_building_tests': False, 'cmake_args': ['-DGHADRON=1'], 'cmake_clean_cache': False, 'cmake_clean_first': False, 'cmake_force_configure': False, 'cmake_target': None, 'cmake_target_skip_unavailable': False, 'install_base': '/home/dtc/humanflow/ros2_ghadron_gimbal/install/stream_publisher', 'merge_install': False, 'path': '/home/dtc/humanflow/ros2_ghadron_gimbal/src/stream_publisher', 'symlink_install': False, 'test_result_base': None}
[0.661s] Level 5:colcon.colcon_core.verb:set package 'yolo_detection' build argument 'cmake_args' from command line to '['-DGHADRON=1']'
[0.661s] Level 5:colcon.colcon_core.verb:set package 'yolo_detection' build argument 'cmake_target' from command line to 'None'
[0.661s] Level 5:colcon.colcon_core.verb:set package 'yolo_detection' build argument 'cmake_target_skip_unavailable' from command line to 'False'
[0.661s] Level 5:colcon.colcon_core.verb:set package 'yolo_detection' build argument 'cmake_clean_cache' from command line to 'False'
[0.661s] Level 5:colcon.colcon_core.verb:set package 'yolo_detection' build argument 'cmake_clean_first' from command line to 'False'
[0.661s] Level 5:colcon.colcon_core.verb:set package 'yolo_detection' build argument 'cmake_force_configure' from command line to 'False'
[0.661s] Level 5:colcon.colcon_core.verb:set package 'yolo_detection' build argument 'ament_cmake_args' from command line to 'None'
[0.661s] Level 5:colcon.colcon_core.verb:set package 'yolo_detection' build argument 'catkin_cmake_args' from command line to 'None'
[0.661s] Level 5:colcon.colcon_core.verb:set package 'yolo_detection' build argument 'catkin_skip_building_tests' from command line to 'False'
[0.661s] DEBUG:colcon.colcon_core.verb:Building package 'yolo_detection' with the following arguments: {'ament_cmake_args': None, 'build_base': '/home/dtc/humanflow/ros2_ghadron_gimbal/build/yolo_detection', 'catkin_cmake_args': None, 'catkin_skip_building_tests': False, 'cmake_args': ['-DGHADRON=1'], 'cmake_clean_cache': False, 'cmake_clean_first': False, 'cmake_force_configure': False, 'cmake_target': None, 'cmake_target_skip_unavailable': False, 'install_base': '/home/dtc/humanflow/ros2_ghadron_gimbal/install/yolo_detection', 'merge_install': False, 'path': '/home/dtc/humanflow/ros2_ghadron_gimbal/src/yolo_detection', 'symlink_install': False, 'test_result_base': None}
[0.662s] Level 5:colcon.colcon_core.verb:set package 'gimbal_bringup' build argument 'cmake_args' from command line to '['-DGHADRON=1']'
[0.662s] Level 5:colcon.colcon_core.verb:set package 'gimbal_bringup' build argument 'cmake_target' from command line to 'None'
[0.662s] Level 5:colcon.colcon_core.verb:set package 'gimbal_bringup' build argument 'cmake_target_skip_unavailable' from command line to 'False'
[0.662s] Level 5:colcon.colcon_core.verb:set package 'gimbal_bringup' build argument 'cmake_clean_cache' from command line to 'False'
[0.662s] Level 5:colcon.colcon_core.verb:set package 'gimbal_bringup' build argument 'cmake_clean_first' from command line to 'False'
[0.662s] Level 5:colcon.colcon_core.verb:set package 'gimbal_bringup' build argument 'cmake_force_configure' from command line to 'False'
[0.662s] Level 5:colcon.colcon_core.verb:set package 'gimbal_bringup' build argument 'ament_cmake_args' from command line to 'None'
[0.662s] Level 5:colcon.colcon_core.verb:set package 'gimbal_bringup' build argument 'catkin_cmake_args' from command line to 'None'
[0.662s] Level 5:colcon.colcon_core.verb:set package 'gimbal_bringup' build argument 'catkin_skip_building_tests' from command line to 'False'
[0.662s] DEBUG:colcon.colcon_core.verb:Building package 'gimbal_bringup' with the following arguments: {'ament_cmake_args': None, 'build_base': '/home/dtc/humanflow/ros2_ghadron_gimbal/build/gimbal_bringup', 'catkin_cmake_args': None, 'catkin_skip_building_tests': False, 'cmake_args': ['-DGHADRON=1'], 'cmake_clean_cache': False, 'cmake_clean_first': False, 'cmake_force_configure': False, 'cmake_target': None, 'cmake_target_skip_unavailable': False, 'install_base': '/home/dtc/humanflow/ros2_ghadron_gimbal/install/gimbal_bringup', 'merge_install': False, 'path': '/home/dtc/humanflow/ros2_ghadron_gimbal/src/gimbal_bringup', 'symlink_install': False, 'test_result_base': None}
[0.663s] INFO:colcon.colcon_core.executor:Executing jobs using 'parallel' executor
[0.665s] DEBUG:colcon.colcon_parallel_executor.executor.parallel:run_until_complete
[0.666s] INFO:colcon.colcon_ros.task.ament_cmake.build:Building ROS package in '/home/dtc/humanflow/ros2_ghadron_gimbal/src/gimbal_angle_control' with build type 'ament_cmake'
[0.666s] INFO:colcon.colcon_cmake.task.cmake.build:Building CMake package in '/home/dtc/humanflow/ros2_ghadron_gimbal/src/gimbal_angle_control'
[0.671s] INFO:colcon.colcon_core.plugin_system:Skipping extension 'colcon_core.shell.bat': Not used on non-Windows systems
[0.671s] INFO:colcon.colcon_core.shell:Skip shell extension 'powershell' for command environment: Not usable outside of PowerShell
[0.672s] DEBUG:colcon.colcon_core.shell:Skip shell extension 'dsv' for command environment
[0.682s] INFO:colcon.colcon_ros.task.ament_cmake.build:Building ROS package in '/home/dtc/humanflow/ros2_ghadron_gimbal/src/gimbal_status' with build type 'ament_cmake'
[0.682s] INFO:colcon.colcon_cmake.task.cmake.build:Building CMake package in '/home/dtc/humanflow/ros2_ghadron_gimbal/src/gimbal_status'
[0.683s] INFO:colcon.colcon_core.shell:Skip shell extension 'powershell' for command environment: Not usable outside of PowerShell
[0.683s] DEBUG:colcon.colcon_core.shell:Skip shell extension 'dsv' for command environment
[0.691s] INFO:colcon.colcon_ros.task.ament_python.build:Building ROS package in '/home/dtc/humanflow/ros2_ghadron_gimbal/src/human_tracking' with build type 'ament_python'
[0.691s] Level 1:colcon.colcon_core.shell:create_environment_hook('human_tracking', 'ament_prefix_path')
[0.691s] INFO:colcon.colcon_core.shell:Creating environment hook '/home/dtc/humanflow/ros2_ghadron_gimbal/install/human_tracking/share/human_tracking/hook/ament_prefix_path.ps1'
[0.693s] INFO:colcon.colcon_core.shell:Creating environment descriptor '/home/dtc/humanflow/ros2_ghadron_gimbal/install/human_tracking/share/human_tracking/hook/ament_prefix_path.dsv'
[0.694s] INFO:colcon.colcon_core.shell:Creating environment hook '/home/dtc/humanflow/ros2_ghadron_gimbal/install/human_tracking/share/human_tracking/hook/ament_prefix_path.sh'
[0.696s] INFO:colcon.colcon_core.shell:Skip shell extension 'powershell' for command environment: Not usable outside of PowerShell
[0.696s] DEBUG:colcon.colcon_core.shell:Skip shell extension 'dsv' for command environment
[0.703s] INFO:colcon.colcon_ros.task.ament_python.build:Building ROS package in '/home/dtc/humanflow/ros2_ghadron_gimbal/src/yolo_detection' with build type 'ament_python'
[0.703s] Level 1:colcon.colcon_core.shell:create_environment_hook('yolo_detection', 'ament_prefix_path')
[0.704s] INFO:colcon.colcon_core.shell:Creating environment hook '/home/dtc/humanflow/ros2_ghadron_gimbal/install/yolo_detection/share/yolo_detection/hook/ament_prefix_path.ps1'
[0.705s] INFO:colcon.colcon_core.shell:Creating environment descriptor '/home/dtc/humanflow/ros2_ghadron_gimbal/install/yolo_detection/share/yolo_detection/hook/ament_prefix_path.dsv'
[0.706s] INFO:colcon.colcon_core.shell:Creating environment hook '/home/dtc/humanflow/ros2_ghadron_gimbal/install/yolo_detection/share/yolo_detection/hook/ament_prefix_path.sh'
[0.707s] INFO:colcon.colcon_core.shell:Skip shell extension 'powershell' for command environment: Not usable outside of PowerShell
[0.707s] DEBUG:colcon.colcon_core.shell:Skip shell extension 'dsv' for command environment
[0.722s] DEBUG:colcon.colcon_core.event_handler.log_command:Invoking command in '/home/dtc/humanflow/ros2_ghadron_gimbal/build/gimbal_angle_control': CMAKE_PREFIX_PATH=${CMAKE_PREFIX_PATH}:/home/dtc/humanflow/ros2_ghadron_gimbal/install/gimbal_bringup:/home/dtc/humanflow/ros2_ghadron_gimbal/install/yolo_detection:/home/dtc/humanflow/ros2_ghadron_gimbal/install/stream_publisher:/home/dtc/humanflow/ros2_ghadron_gimbal/install/rtsp_viewer:/home/dtc/humanflow/ros2_ghadron_gimbal/install/image_viewer:/home/dtc/humanflow/ros2_ghadron_gimbal/install/human_tracking:/opt/ros/humble /usr/bin/cmake --build /home/dtc/humanflow/ros2_ghadron_gimbal/build/gimbal_angle_control -- -j4 -l4
[0.731s] DEBUG:colcon.colcon_core.event_handler.log_command:Invoking command in '/home/dtc/humanflow/ros2_ghadron_gimbal/build/gimbal_status': CMAKE_PREFIX_PATH=${CMAKE_PREFIX_PATH}:/home/dtc/humanflow/ros2_ghadron_gimbal/install/gimbal_bringup:/home/dtc/humanflow/ros2_ghadron_gimbal/install/yolo_detection:/home/dtc/humanflow/ros2_ghadron_gimbal/install/stream_publisher:/home/dtc/humanflow/ros2_ghadron_gimbal/install/rtsp_viewer:/home/dtc/humanflow/ros2_ghadron_gimbal/install/image_viewer:/home/dtc/humanflow/ros2_ghadron_gimbal/install/human_tracking:/opt/ros/humble /usr/bin/cmake --build /home/dtc/humanflow/ros2_ghadron_gimbal/build/gimbal_status -- -j4 -l4
[1.215s] INFO:colcon.colcon_core.task.python.build:Building Python package in '/home/dtc/humanflow/ros2_ghadron_gimbal/src/human_tracking'
[1.216s] INFO:colcon.colcon_core.shell:Skip shell extension 'powershell' for command environment: Not usable outside of PowerShell
[1.216s] DEBUG:colcon.colcon_core.shell:Skip shell extension 'dsv' for command environment
[1.698s] INFO:colcon.colcon_core.task.python.build:Building Python package in '/home/dtc/humanflow/ros2_ghadron_gimbal/src/yolo_detection'
[1.699s] INFO:colcon.colcon_core.shell:Skip shell extension 'powershell' for command environment: Not usable outside of PowerShell
[1.699s] DEBUG:colcon.colcon_core.shell:Skip shell extension 'dsv' for command environment
[1.715s] DEBUG:colcon.colcon_core.event_handler.log_command:Invoked command in '/home/dtc/humanflow/ros2_ghadron_gimbal/build/gimbal_angle_control' returned '0': CMAKE_PREFIX_PATH=${CMAKE_PREFIX_PATH}:/home/dtc/humanflow/ros2_ghadron_gimbal/install/gimbal_bringup:/home/dtc/humanflow/ros2_ghadron_gimbal/install/yolo_detection:/home/dtc/humanflow/ros2_ghadron_gimbal/install/stream_publisher:/home/dtc/humanflow/ros2_ghadron_gimbal/install/rtsp_viewer:/home/dtc/humanflow/ros2_ghadron_gimbal/install/image_viewer:/home/dtc/humanflow/ros2_ghadron_gimbal/install/human_tracking:/opt/ros/humble /usr/bin/cmake --build /home/dtc/humanflow/ros2_ghadron_gimbal/build/gimbal_angle_control -- -j4 -l4
[1.736s] DEBUG:colcon.colcon_core.event_handler.log_command:Invoking command in '/home/dtc/humanflow/ros2_ghadron_gimbal/build/gimbal_angle_control': CMAKE_PREFIX_PATH=${CMAKE_PREFIX_PATH}:/home/dtc/humanflow/ros2_ghadron_gimbal/install/gimbal_bringup:/home/dtc/humanflow/ros2_ghadron_gimbal/install/yolo_detection:/home/dtc/humanflow/ros2_ghadron_gimbal/install/stream_publisher:/home/dtc/humanflow/ros2_ghadron_gimbal/install/rtsp_viewer:/home/dtc/humanflow/ros2_ghadron_gimbal/install/image_viewer:/home/dtc/humanflow/ros2_ghadron_gimbal/install/human_tracking:/opt/ros/humble /usr/bin/cmake --install /home/dtc/humanflow/ros2_ghadron_gimbal/build/gimbal_angle_control
[1.737s] DEBUG:colcon.colcon_core.event_handler.log_command:Invoked command in '/home/dtc/humanflow/ros2_ghadron_gimbal/build/gimbal_status' returned '0': CMAKE_PREFIX_PATH=${CMAKE_PREFIX_PATH}:/home/dtc/humanflow/ros2_ghadron_gimbal/install/gimbal_bringup:/home/dtc/humanflow/ros2_ghadron_gimbal/install/yolo_detection:/home/dtc/humanflow/ros2_ghadron_gimbal/install/stream_publisher:/home/dtc/humanflow/ros2_ghadron_gimbal/install/rtsp_viewer:/home/dtc/humanflow/ros2_ghadron_gimbal/install/image_viewer:/home/dtc/humanflow/ros2_ghadron_gimbal/install/human_tracking:/opt/ros/humble /usr/bin/cmake --build /home/dtc/humanflow/ros2_ghadron_gimbal/build/gimbal_status -- -j4 -l4
[1.740s] DEBUG:colcon.colcon_core.event_handler.log_command:Invoking command in '/home/dtc/humanflow/ros2_ghadron_gimbal/build/gimbal_status': CMAKE_PREFIX_PATH=${CMAKE_PREFIX_PATH}:/home/dtc/humanflow/ros2_ghadron_gimbal/install/gimbal_bringup:/home/dtc/humanflow/ros2_ghadron_gimbal/install/yolo_detection:/home/dtc/humanflow/ros2_ghadron_gimbal/install/stream_publisher:/home/dtc/humanflow/ros2_ghadron_gimbal/install/rtsp_viewer:/home/dtc/humanflow/ros2_ghadron_gimbal/install/image_viewer:/home/dtc/humanflow/ros2_ghadron_gimbal/install/human_tracking:/opt/ros/humble /usr/bin/cmake --install /home/dtc/humanflow/ros2_ghadron_gimbal/build/gimbal_status
[1.767s] Level 1:colcon.colcon_core.environment:create_environment_scripts_only(gimbal_status)
[1.770s] DEBUG:colcon.colcon_core.event_handler.log_command:Invoked command in '/home/dtc/humanflow/ros2_ghadron_gimbal/build/gimbal_status' returned '0': CMAKE_PREFIX_PATH=${CMAKE_PREFIX_PATH}:/home/dtc/humanflow/ros2_ghadron_gimbal/install/gimbal_bringup:/home/dtc/humanflow/ros2_ghadron_gimbal/install/yolo_detection:/home/dtc/humanflow/ros2_ghadron_gimbal/install/stream_publisher:/home/dtc/humanflow/ros2_ghadron_gimbal/install/rtsp_viewer:/home/dtc/humanflow/ros2_ghadron_gimbal/install/image_viewer:/home/dtc/humanflow/ros2_ghadron_gimbal/install/human_tracking:/opt/ros/humble /usr/bin/cmake --install /home/dtc/humanflow/ros2_ghadron_gimbal/build/gimbal_status
[1.775s] Level 1:colcon.colcon_core.environment:checking '/home/dtc/humanflow/ros2_ghadron_gimbal/install/gimbal_status' for CMake module files
[1.776s] Level 1:colcon.colcon_core.environment:checking '/home/dtc/humanflow/ros2_ghadron_gimbal/install/gimbal_status' for CMake config files
[1.777s] Level 1:colcon.colcon_core.shell:create_environment_hook('gimbal_status', 'cmake_prefix_path')
[1.778s] INFO:colcon.colcon_core.shell:Creating environment hook '/home/dtc/humanflow/ros2_ghadron_gimbal/install/gimbal_status/share/gimbal_status/hook/cmake_prefix_path.ps1'
[1.779s] INFO:colcon.colcon_core.shell:Creating environment descriptor '/home/dtc/humanflow/ros2_ghadron_gimbal/install/gimbal_status/share/gimbal_status/hook/cmake_prefix_path.dsv'
[1.780s] INFO:colcon.colcon_core.shell:Creating environment hook '/home/dtc/humanflow/ros2_ghadron_gimbal/install/gimbal_status/share/gimbal_status/hook/cmake_prefix_path.sh'
[1.782s] Level 1:colcon.colcon_core.environment:checking '/home/dtc/humanflow/ros2_ghadron_gimbal/install/gimbal_status/lib'
[1.783s] Level 1:colcon.colcon_core.environment:checking '/home/dtc/humanflow/ros2_ghadron_gimbal/install/gimbal_status/bin'
[1.783s] Level 1:colcon.colcon_core.environment:checking '/home/dtc/humanflow/ros2_ghadron_gimbal/install/gimbal_status/lib/pkgconfig/gimbal_status.pc'
[1.784s] Level 1:colcon.colcon_core.environment:checking '/home/dtc/humanflow/ros2_ghadron_gimbal/install/gimbal_status/lib/python3.10/site-packages'
[1.784s] Level 1:colcon.colcon_core.environment:checking '/home/dtc/humanflow/ros2_ghadron_gimbal/install/gimbal_status/bin'
[1.785s] INFO:colcon.colcon_core.shell:Creating package script '/home/dtc/humanflow/ros2_ghadron_gimbal/install/gimbal_status/share/gimbal_status/package.ps1'
[1.787s] INFO:colcon.colcon_core.shell:Creating package descriptor '/home/dtc/humanflow/ros2_ghadron_gimbal/install/gimbal_status/share/gimbal_status/package.dsv'
[1.789s] INFO:colcon.colcon_core.shell:Creating package script '/home/dtc/humanflow/ros2_ghadron_gimbal/install/gimbal_status/share/gimbal_status/package.sh'
[1.791s] INFO:colcon.colcon_core.shell:Creating package script '/home/dtc/humanflow/ros2_ghadron_gimbal/install/gimbal_status/share/gimbal_status/package.bash'
[1.793s] INFO:colcon.colcon_core.shell:Creating package script '/home/dtc/humanflow/ros2_ghadron_gimbal/install/gimbal_status/share/gimbal_status/package.zsh'
[1.794s] Level 1:colcon.colcon_core.environment:create_file_with_runtime_dependencies(/home/dtc/humanflow/ros2_ghadron_gimbal/install/gimbal_status/share/colcon-core/packages/gimbal_status)
[1.796s] Level 1:colcon.colcon_core.environment:create_environment_scripts_only(gimbal_status)
[1.797s] Level 1:colcon.colcon_core.environment:checking '/home/dtc/humanflow/ros2_ghadron_gimbal/install/gimbal_status' for CMake module files
[1.798s] Level 1:colcon.colcon_core.environment:checking '/home/dtc/humanflow/ros2_ghadron_gimbal/install/gimbal_status' for CMake config files
[1.798s] Level 1:colcon.colcon_core.shell:create_environment_hook('gimbal_status', 'cmake_prefix_path')
[1.799s] INFO:colcon.colcon_core.shell:Creating environment hook '/home/dtc/humanflow/ros2_ghadron_gimbal/install/gimbal_status/share/gimbal_status/hook/cmake_prefix_path.ps1'
[1.800s] INFO:colcon.colcon_core.shell:Creating environment descriptor '/home/dtc/humanflow/ros2_ghadron_gimbal/install/gimbal_status/share/gimbal_status/hook/cmake_prefix_path.dsv'
[1.801s] INFO:colcon.colcon_core.shell:Creating environment hook '/home/dtc/humanflow/ros2_ghadron_gimbal/install/gimbal_status/share/gimbal_status/hook/cmake_prefix_path.sh'
[1.803s] Level 1:colcon.colcon_core.environment:checking '/home/dtc/humanflow/ros2_ghadron_gimbal/install/gimbal_status/lib'
[1.803s] Level 1:colcon.colcon_core.environment:checking '/home/dtc/humanflow/ros2_ghadron_gimbal/install/gimbal_status/bin'
[1.803s] Level 1:colcon.colcon_core.environment:checking '/home/dtc/humanflow/ros2_ghadron_gimbal/install/gimbal_status/lib/pkgconfig/gimbal_status.pc'
[1.804s] Level 1:colcon.colcon_core.environment:checking '/home/dtc/humanflow/ros2_ghadron_gimbal/install/gimbal_status/lib/python3.10/site-packages'
[1.804s] Level 1:colcon.colcon_core.environment:checking '/home/dtc/humanflow/ros2_ghadron_gimbal/install/gimbal_status/bin'
[1.805s] INFO:colcon.colcon_core.shell:Creating package script '/home/dtc/humanflow/ros2_ghadron_gimbal/install/gimbal_status/share/gimbal_status/package.ps1'
[1.806s] INFO:colcon.colcon_core.shell:Creating package descriptor '/home/dtc/humanflow/ros2_ghadron_gimbal/install/gimbal_status/share/gimbal_status/package.dsv'
[1.807s] INFO:colcon.colcon_core.shell:Creating package script '/home/dtc/humanflow/ros2_ghadron_gimbal/install/gimbal_status/share/gimbal_status/package.sh'
[1.808s] INFO:colcon.colcon_core.shell:Creating package script '/home/dtc/humanflow/ros2_ghadron_gimbal/install/gimbal_status/share/gimbal_status/package.bash'
[1.809s] INFO:colcon.colcon_core.shell:Creating package script '/home/dtc/humanflow/ros2_ghadron_gimbal/install/gimbal_status/share/gimbal_status/package.zsh'
[1.811s] Level 1:colcon.colcon_core.environment:create_file_with_runtime_dependencies(/home/dtc/humanflow/ros2_ghadron_gimbal/install/gimbal_status/share/colcon-core/packages/gimbal_status)
[1.813s] INFO:colcon.colcon_cmake.task.cmake.build:Building CMake package in '/home/dtc/humanflow/ros2_ghadron_gimbal/src/PayloadSdk'
[1.814s] INFO:colcon.colcon_core.shell:Skip shell extension 'powershell' for command environment: Not usable outside of PowerShell
[1.814s] DEBUG:colcon.colcon_core.shell:Skip shell extension 'dsv' for command environment
[1.822s] Level 1:colcon.colcon_core.environment:create_environment_scripts_only(gimbal_angle_control)
[1.824s] Level 1:colcon.colcon_core.environment:checking '/home/dtc/humanflow/ros2_ghadron_gimbal/install/gimbal_angle_control' for CMake module files
[1.825s] Level 1:colcon.colcon_core.environment:checking '/home/dtc/humanflow/ros2_ghadron_gimbal/install/gimbal_angle_control' for CMake config files
[1.824s] DEBUG:colcon.colcon_core.event_handler.log_command:Invoked command in '/home/dtc/humanflow/ros2_ghadron_gimbal/build/gimbal_angle_control' returned '0': CMAKE_PREFIX_PATH=${CMAKE_PREFIX_PATH}:/home/dtc/humanflow/ros2_ghadron_gimbal/install/gimbal_bringup:/home/dtc/humanflow/ros2_ghadron_gimbal/install/yolo_detection:/home/dtc/humanflow/ros2_ghadron_gimbal/install/stream_publisher:/home/dtc/humanflow/ros2_ghadron_gimbal/install/rtsp_viewer:/home/dtc/humanflow/ros2_ghadron_gimbal/install/image_viewer:/home/dtc/humanflow/ros2_ghadron_gimbal/install/human_tracking:/opt/ros/humble /usr/bin/cmake --install /home/dtc/humanflow/ros2_ghadron_gimbal/build/gimbal_angle_control
[1.826s] Level 1:colcon.colcon_core.shell:create_environment_hook('gimbal_angle_control', 'cmake_prefix_path')
[1.826s] INFO:colcon.colcon_core.shell:Creating environment hook '/home/dtc/humanflow/ros2_ghadron_gimbal/install/gimbal_angle_control/share/gimbal_angle_control/hook/cmake_prefix_path.ps1'
[1.828s] INFO:colcon.colcon_core.shell:Creating environment descriptor '/home/dtc/humanflow/ros2_ghadron_gimbal/install/gimbal_angle_control/share/gimbal_angle_control/hook/cmake_prefix_path.dsv'
[1.829s] INFO:colcon.colcon_core.shell:Creating environment hook '/home/dtc/humanflow/ros2_ghadron_gimbal/install/gimbal_angle_control/share/gimbal_angle_control/hook/cmake_prefix_path.sh'
[1.831s] Level 1:colcon.colcon_core.environment:checking '/home/dtc/humanflow/ros2_ghadron_gimbal/install/gimbal_angle_control/lib'
[1.831s] Level 1:colcon.colcon_core.environment:checking '/home/dtc/humanflow/ros2_ghadron_gimbal/install/gimbal_angle_control/bin'
[1.831s] Level 1:colcon.colcon_core.environment:checking '/home/dtc/humanflow/ros2_ghadron_gimbal/install/gimbal_angle_control/lib/pkgconfig/gimbal_angle_control.pc'
[1.832s] Level 1:colcon.colcon_core.environment:checking '/home/dtc/humanflow/ros2_ghadron_gimbal/install/gimbal_angle_control/lib/python3.10/site-packages'
[1.832s] Level 1:colcon.colcon_core.environment:checking '/home/dtc/humanflow/ros2_ghadron_gimbal/install/gimbal_angle_control/bin'
[1.833s] INFO:colcon.colcon_core.shell:Creating package script '/home/dtc/humanflow/ros2_ghadron_gimbal/install/gimbal_angle_control/share/gimbal_angle_control/package.ps1'
[1.834s] INFO:colcon.colcon_core.shell:Creating package descriptor '/home/dtc/humanflow/ros2_ghadron_gimbal/install/gimbal_angle_control/share/gimbal_angle_control/package.dsv'
[1.835s] INFO:colcon.colcon_core.shell:Creating package script '/home/dtc/humanflow/ros2_ghadron_gimbal/install/gimbal_angle_control/share/gimbal_angle_control/package.sh'
[1.837s] INFO:colcon.colcon_core.shell:Creating package script '/home/dtc/humanflow/ros2_ghadron_gimbal/install/gimbal_angle_control/share/gimbal_angle_control/package.bash'
[1.838s] INFO:colcon.colcon_core.shell:Creating package script '/home/dtc/humanflow/ros2_ghadron_gimbal/install/gimbal_angle_control/share/gimbal_angle_control/package.zsh'
[1.839s] Level 1:colcon.colcon_core.environment:create_file_with_runtime_dependencies(/home/dtc/humanflow/ros2_ghadron_gimbal/install/gimbal_angle_control/share/colcon-core/packages/gimbal_angle_control)
[1.840s] Level 1:colcon.colcon_core.environment:create_environment_scripts_only(gimbal_angle_control)
[1.841s] Level 1:colcon.colcon_core.environment:checking '/home/dtc/humanflow/ros2_ghadron_gimbal/install/gimbal_angle_control' for CMake module files
[1.842s] Level 1:colcon.colcon_core.environment:checking '/home/dtc/humanflow/ros2_ghadron_gimbal/install/gimbal_angle_control' for CMake config files
[1.842s] Level 1:colcon.colcon_core.shell:create_environment_hook('gimbal_angle_control', 'cmake_prefix_path')
[1.843s] INFO:colcon.colcon_core.shell:Creating environment hook '/home/dtc/humanflow/ros2_ghadron_gimbal/install/gimbal_angle_control/share/gimbal_angle_control/hook/cmake_prefix_path.ps1'
[1.844s] INFO:colcon.colcon_core.shell:Creating environment descriptor '/home/dtc/humanflow/ros2_ghadron_gimbal/install/gimbal_angle_control/share/gimbal_angle_control/hook/cmake_prefix_path.dsv'
[1.845s] INFO:colcon.colcon_core.shell:Creating environment hook '/home/dtc/humanflow/ros2_ghadron_gimbal/install/gimbal_angle_control/share/gimbal_angle_control/hook/cmake_prefix_path.sh'
[1.846s] Level 1:colcon.colcon_core.environment:checking '/home/dtc/humanflow/ros2_ghadron_gimbal/install/gimbal_angle_control/lib'
[1.847s] Level 1:colcon.colcon_core.environment:checking '/home/dtc/humanflow/ros2_ghadron_gimbal/install/gimbal_angle_control/bin'
[1.847s] Level 1:colcon.colcon_core.environment:checking '/home/dtc/humanflow/ros2_ghadron_gimbal/install/gimbal_angle_control/lib/pkgconfig/gimbal_angle_control.pc'
[1.848s] Level 1:colcon.colcon_core.environment:checking '/home/dtc/humanflow/ros2_ghadron_gimbal/install/gimbal_angle_control/lib/python3.10/site-packages'
[1.848s] Level 1:colcon.colcon_core.environment:checking '/home/dtc/humanflow/ros2_ghadron_gimbal/install/gimbal_angle_control/bin'
[1.849s] INFO:colcon.colcon_core.shell:Creating package script '/home/dtc/humanflow/ros2_ghadron_gimbal/install/gimbal_angle_control/share/gimbal_angle_control/package.ps1'
[1.850s] INFO:colcon.colcon_core.shell:Creating package descriptor '/home/dtc/humanflow/ros2_ghadron_gimbal/install/gimbal_angle_control/share/gimbal_angle_control/package.dsv'
[1.851s] INFO:colcon.colcon_core.shell:Creating package script '/home/dtc/humanflow/ros2_ghadron_gimbal/install/gimbal_angle_control/share/gimbal_angle_control/package.sh'
[1.853s] INFO:colcon.colcon_core.shell:Creating package script '/home/dtc/humanflow/ros2_ghadron_gimbal/install/gimbal_angle_control/share/gimbal_angle_control/package.bash'
[1.854s] INFO:colcon.colcon_core.shell:Creating package script '/home/dtc/humanflow/ros2_ghadron_gimbal/install/gimbal_angle_control/share/gimbal_angle_control/package.zsh'
[1.855s] Level 1:colcon.colcon_core.environment:create_file_with_runtime_dependencies(/home/dtc/humanflow/ros2_ghadron_gimbal/install/gimbal_angle_control/share/colcon-core/packages/gimbal_angle_control)
[1.858s] INFO:colcon.colcon_ros.task.ament_python.build:Building ROS package in '/home/dtc/humanflow/ros2_ghadron_gimbal/src/image_viewer' with build type 'ament_python'
[1.858s] Level 1:colcon.colcon_core.shell:create_environment_hook('image_viewer', 'ament_prefix_path')
[1.859s] INFO:colcon.colcon_core.shell:Creating environment hook '/home/dtc/humanflow/ros2_ghadron_gimbal/install/image_viewer/share/image_viewer/hook/ament_prefix_path.ps1'
[1.860s] INFO:colcon.colcon_core.shell:Creating environment descriptor '/home/dtc/humanflow/ros2_ghadron_gimbal/install/image_viewer/share/image_viewer/hook/ament_prefix_path.dsv'
[1.861s] INFO:colcon.colcon_core.shell:Creating environment hook '/home/dtc/humanflow/ros2_ghadron_gimbal/install/image_viewer/share/image_viewer/hook/ament_prefix_path.sh'
[1.863s] INFO:colcon.colcon_core.shell:Skip shell extension 'powershell' for command environment: Not usable outside of PowerShell
[1.863s] DEBUG:colcon.colcon_core.shell:Skip shell extension 'dsv' for command environment
[1.883s] DEBUG:colcon.colcon_core.event_handler.log_command:Invoking command in '/home/dtc/humanflow/ros2_ghadron_gimbal/build/PayloadSDK': /usr/bin/cmake --build /home/dtc/humanflow/ros2_ghadron_gimbal/build/PayloadSDK -- -j4 -l4
[2.557s] INFO:colcon.colcon_core.task.python.build:Building Python package in '/home/dtc/humanflow/ros2_ghadron_gimbal/src/image_viewer'
[2.558s] INFO:colcon.colcon_core.shell:Skip shell extension 'powershell' for command environment: Not usable outside of PowerShell
[2.558s] DEBUG:colcon.colcon_core.shell:Skip shell extension 'dsv' for command environment
[2.570s] WARNING:colcon.colcon_cmake.task.cmake.build:Could not run installation step for package 'PayloadSDK' because it has no 'install' target
[2.570s] Level 1:colcon.colcon_core.environment:create_environment_scripts_only(PayloadSDK)
[2.571s] Level 1:colcon.colcon_core.environment:checking '/home/dtc/humanflow/ros2_ghadron_gimbal/install/PayloadSDK' for CMake module files
[2.571s] Level 1:colcon.colcon_core.environment:checking '/home/dtc/humanflow/ros2_ghadron_gimbal/install/PayloadSDK' for CMake config files
[2.572s] Level 1:colcon.colcon_core.environment:checking '/home/dtc/humanflow/ros2_ghadron_gimbal/install/PayloadSDK/bin'
[2.572s] Level 1:colcon.colcon_core.environment:checking '/home/dtc/humanflow/ros2_ghadron_gimbal/install/PayloadSDK/lib/pkgconfig/PayloadSDK.pc'
[2.573s] Level 1:colcon.colcon_core.environment:checking '/home/dtc/humanflow/ros2_ghadron_gimbal/install/PayloadSDK/lib/python3.10/site-packages'
[2.574s] Level 1:colcon.colcon_core.environment:checking '/home/dtc/humanflow/ros2_ghadron_gimbal/install/PayloadSDK/bin'
[2.574s] INFO:colcon.colcon_core.shell:Creating package script '/home/dtc/humanflow/ros2_ghadron_gimbal/install/PayloadSDK/share/PayloadSDK/package.ps1'
[2.575s] INFO:colcon.colcon_core.shell:Creating package descriptor '/home/dtc/humanflow/ros2_ghadron_gimbal/install/PayloadSDK/share/PayloadSDK/package.dsv'
[2.576s] INFO:colcon.colcon_core.shell:Creating package script '/home/dtc/humanflow/ros2_ghadron_gimbal/install/PayloadSDK/share/PayloadSDK/package.sh'
[2.577s] INFO:colcon.colcon_core.shell:Creating package script '/home/dtc/humanflow/ros2_ghadron_gimbal/install/PayloadSDK/share/PayloadSDK/package.bash'
[2.579s] DEBUG:colcon.colcon_core.event_handler.log_command:Invoked command in '/home/dtc/humanflow/ros2_ghadron_gimbal/build/PayloadSDK' returned '0': /usr/bin/cmake --build /home/dtc/humanflow/ros2_ghadron_gimbal/build/PayloadSDK -- -j4 -l4
[2.581s] INFO:colcon.colcon_core.shell:Creating package script '/home/dtc/humanflow/ros2_ghadron_gimbal/install/PayloadSDK/share/PayloadSDK/package.zsh'
[2.582s] Level 1:colcon.colcon_core.environment:create_file_with_runtime_dependencies(/home/dtc/humanflow/ros2_ghadron_gimbal/install/PayloadSDK/share/colcon-core/packages/PayloadSDK)
[2.584s] INFO:colcon.colcon_ros.task.ament_python.build:Building ROS package in '/home/dtc/humanflow/ros2_ghadron_gimbal/src/stream_publisher' with build type 'ament_python'
[2.585s] Level 1:colcon.colcon_core.shell:create_environment_hook('stream_publisher', 'ament_prefix_path')
[2.586s] INFO:colcon.colcon_core.shell:Creating environment hook '/home/dtc/humanflow/ros2_ghadron_gimbal/install/stream_publisher/share/stream_publisher/hook/ament_prefix_path.ps1'
[2.587s] INFO:colcon.colcon_core.shell:Creating environment descriptor '/home/dtc/humanflow/ros2_ghadron_gimbal/install/stream_publisher/share/stream_publisher/hook/ament_prefix_path.dsv'
[2.588s] INFO:colcon.colcon_core.shell:Creating environment hook '/home/dtc/humanflow/ros2_ghadron_gimbal/install/stream_publisher/share/stream_publisher/hook/ament_prefix_path.sh'
[2.590s] INFO:colcon.colcon_core.shell:Skip shell extension 'powershell' for command environment: Not usable outside of PowerShell
[2.590s] DEBUG:colcon.colcon_core.shell:Skip shell extension 'dsv' for command environment
[2.608s] DEBUG:colcon.colcon_core.event_handler.log_command:Invoking command in '/home/dtc/humanflow/ros2_ghadron_gimbal/src/yolo_detection': PYTHONPATH=/home/dtc/humanflow/ros2_ghadron_gimbal/build/yolo_detection/prefix_override:/usr/lib/python3/dist-packages/colcon_core/task/python/colcon_distutils_commands:/home/dtc/humanflow/ros2_ghadron_gimbal/install/yolo_detection/lib/python3.10/site-packages:${PYTHONPATH} /usr/bin/python3 -W ignore:setup.py install is deprecated -W ignore:easy_install command is deprecated setup.py egg_info --egg-base ../../build/yolo_detection build --build-base /home/dtc/humanflow/ros2_ghadron_gimbal/build/yolo_detection/build install --record /home/dtc/humanflow/ros2_ghadron_gimbal/build/yolo_detection/install.log --single-version-externally-managed install_data
[3.167s] INFO:colcon.colcon_core.task.python.build:Building Python package in '/home/dtc/humanflow/ros2_ghadron_gimbal/src/stream_publisher'
[3.168s] INFO:colcon.colcon_core.shell:Skip shell extension 'powershell' for command environment: Not usable outside of PowerShell
[3.168s] DEBUG:colcon.colcon_core.shell:Skip shell extension 'dsv' for command environment
[3.183s] DEBUG:colcon.colcon_core.event_handler.log_command:Invoking command in '/home/dtc/humanflow/ros2_ghadron_gimbal/src/human_tracking': PYTHONPATH=/home/dtc/humanflow/ros2_ghadron_gimbal/build/human_tracking/prefix_override:/usr/lib/python3/dist-packages/colcon_core/task/python/colcon_distutils_commands:/home/dtc/humanflow/ros2_ghadron_gimbal/install/human_tracking/lib/python3.10/site-packages:${PYTHONPATH} /usr/bin/python3 -W ignore:setup.py install is deprecated -W ignore:easy_install command is deprecated setup.py egg_info --egg-base ../../build/human_tracking build --build-base /home/dtc/humanflow/ros2_ghadron_gimbal/build/human_tracking/build install --record /home/dtc/humanflow/ros2_ghadron_gimbal/build/human_tracking/install.log --single-version-externally-managed install_data
[3.229s] Level 1:colcon.colcon_core.environment:checking '/home/dtc/humanflow/ros2_ghadron_gimbal/install/yolo_detection' for CMake module files
[3.231s] DEBUG:colcon.colcon_core.event_handler.log_command:Invoked command in '/home/dtc/humanflow/ros2_ghadron_gimbal/src/yolo_detection' returned '0': PYTHONPATH=/home/dtc/humanflow/ros2_ghadron_gimbal/build/yolo_detection/prefix_override:/usr/lib/python3/dist-packages/colcon_core/task/python/colcon_distutils_commands:/home/dtc/humanflow/ros2_ghadron_gimbal/install/yolo_detection/lib/python3.10/site-packages:${PYTHONPATH} /usr/bin/python3 -W ignore:setup.py install is deprecated -W ignore:easy_install command is deprecated setup.py egg_info --egg-base ../../build/yolo_detection build --build-base /home/dtc/humanflow/ros2_ghadron_gimbal/build/yolo_detection/build install --record /home/dtc/humanflow/ros2_ghadron_gimbal/build/yolo_detection/install.log --single-version-externally-managed install_data
[3.232s] Level 1:colcon.colcon_core.environment:checking '/home/dtc/humanflow/ros2_ghadron_gimbal/install/yolo_detection' for CMake config files
[3.233s] Level 1:colcon.colcon_core.environment:checking '/home/dtc/humanflow/ros2_ghadron_gimbal/install/yolo_detection/lib'
[3.233s] Level 1:colcon.colcon_core.environment:checking '/home/dtc/humanflow/ros2_ghadron_gimbal/install/yolo_detection/bin'
[3.234s] Level 1:colcon.colcon_core.environment:checking '/home/dtc/humanflow/ros2_ghadron_gimbal/install/yolo_detection/lib/pkgconfig/yolo_detection.pc'
[3.234s] Level 1:colcon.colcon_core.environment:checking '/home/dtc/humanflow/ros2_ghadron_gimbal/install/yolo_detection/lib/python3.10/site-packages'
[3.234s] Level 1:colcon.colcon_core.shell:create_environment_hook('yolo_detection', 'pythonpath')
[3.235s] INFO:colcon.colcon_core.shell:Creating environment hook '/home/dtc/humanflow/ros2_ghadron_gimbal/install/yolo_detection/share/yolo_detection/hook/pythonpath.ps1'
[3.236s] INFO:colcon.colcon_core.shell:Creating environment descriptor '/home/dtc/humanflow/ros2_ghadron_gimbal/install/yolo_detection/share/yolo_detection/hook/pythonpath.dsv'
[3.237s] INFO:colcon.colcon_core.shell:Creating environment hook '/home/dtc/humanflow/ros2_ghadron_gimbal/install/yolo_detection/share/yolo_detection/hook/pythonpath.sh'
[3.239s] Level 1:colcon.colcon_core.environment:checking '/home/dtc/humanflow/ros2_ghadron_gimbal/install/yolo_detection/bin'
[3.240s] Level 1:colcon.colcon_core.environment:create_environment_scripts_only(yolo_detection)
[3.241s] INFO:colcon.colcon_core.shell:Creating package script '/home/dtc/humanflow/ros2_ghadron_gimbal/install/yolo_detection/share/yolo_detection/package.ps1'
[3.243s] INFO:colcon.colcon_core.shell:Creating package descriptor '/home/dtc/humanflow/ros2_ghadron_gimbal/install/yolo_detection/share/yolo_detection/package.dsv'
[3.245s] INFO:colcon.colcon_core.shell:Creating package script '/home/dtc/humanflow/ros2_ghadron_gimbal/install/yolo_detection/share/yolo_detection/package.sh'
[3.247s] INFO:colcon.colcon_core.shell:Creating package script '/home/dtc/humanflow/ros2_ghadron_gimbal/install/yolo_detection/share/yolo_detection/package.bash'
[3.249s] INFO:colcon.colcon_core.shell:Creating package script '/home/dtc/humanflow/ros2_ghadron_gimbal/install/yolo_detection/share/yolo_detection/package.zsh'
[3.250s] Level 1:colcon.colcon_core.environment:create_file_with_runtime_dependencies(/home/dtc/humanflow/ros2_ghadron_gimbal/install/yolo_detection/share/colcon-core/packages/yolo_detection)
[3.331s] DEBUG:colcon.colcon_core.event_handler.log_command:Invoking command in '/home/dtc/humanflow/ros2_ghadron_gimbal/src/image_viewer': PYTHONPATH=/home/dtc/humanflow/ros2_ghadron_gimbal/build/image_viewer/prefix_override:/usr/lib/python3/dist-packages/colcon_core/task/python/colcon_distutils_commands:/home/dtc/humanflow/ros2_ghadron_gimbal/install/image_viewer/lib/python3.10/site-packages:${PYTHONPATH} /usr/bin/python3 -W ignore:setup.py install is deprecated -W ignore:easy_install command is deprecated setup.py egg_info --egg-base ../../build/image_viewer build --build-base /home/dtc/humanflow/ros2_ghadron_gimbal/build/image_viewer/build install --record /home/dtc/humanflow/ros2_ghadron_gimbal/build/image_viewer/install.log --single-version-externally-managed install_data
[3.807s] Level 1:colcon.colcon_core.environment:checking '/home/dtc/humanflow/ros2_ghadron_gimbal/install/human_tracking' for CMake module files
[3.808s] Level 1:colcon.colcon_core.environment:checking '/home/dtc/humanflow/ros2_ghadron_gimbal/install/human_tracking' for CMake config files
[3.812s] Level 1:colcon.colcon_core.environment:checking '/home/dtc/humanflow/ros2_ghadron_gimbal/install/human_tracking/lib'
[3.813s] Level 1:colcon.colcon_core.environment:checking '/home/dtc/humanflow/ros2_ghadron_gimbal/install/human_tracking/bin'
[3.813s] Level 1:colcon.colcon_core.environment:checking '/home/dtc/humanflow/ros2_ghadron_gimbal/install/human_tracking/lib/pkgconfig/human_tracking.pc'
[3.817s] Level 1:colcon.colcon_core.environment:checking '/home/dtc/humanflow/ros2_ghadron_gimbal/install/human_tracking/lib/python3.10/site-packages'
[3.817s] Level 1:colcon.colcon_core.shell:create_environment_hook('human_tracking', 'pythonpath')
[3.818s] INFO:colcon.colcon_core.shell:Creating environment hook '/home/dtc/humanflow/ros2_ghadron_gimbal/install/human_tracking/share/human_tracking/hook/pythonpath.ps1'
[3.820s] INFO:colcon.colcon_core.shell:Creating environment descriptor '/home/dtc/humanflow/ros2_ghadron_gimbal/install/human_tracking/share/human_tracking/hook/pythonpath.dsv'
[3.822s] INFO:colcon.colcon_core.shell:Creating environment hook '/home/dtc/humanflow/ros2_ghadron_gimbal/install/human_tracking/share/human_tracking/hook/pythonpath.sh'
[3.825s] Level 1:colcon.colcon_core.environment:checking '/home/dtc/humanflow/ros2_ghadron_gimbal/install/human_tracking/bin'
[3.827s] Level 1:colcon.colcon_core.environment:create_environment_scripts_only(human_tracking)
[3.829s] INFO:colcon.colcon_core.shell:Creating package script '/home/dtc/humanflow/ros2_ghadron_gimbal/install/human_tracking/share/human_tracking/package.ps1'
[3.832s] INFO:colcon.colcon_core.shell:Creating package descriptor '/home/dtc/humanflow/ros2_ghadron_gimbal/install/human_tracking/share/human_tracking/package.dsv'
[3.833s] INFO:colcon.colcon_core.shell:Creating package script '/home/dtc/humanflow/ros2_ghadron_gimbal/install/human_tracking/share/human_tracking/package.sh'
[3.834s] INFO:colcon.colcon_core.shell:Creating package script '/home/dtc/humanflow/ros2_ghadron_gimbal/install/human_tracking/share/human_tracking/package.bash'
[3.835s] INFO:colcon.colcon_core.shell:Creating package script '/home/dtc/humanflow/ros2_ghadron_gimbal/install/human_tracking/share/human_tracking/package.zsh'
[3.836s] Level 1:colcon.colcon_core.environment:create_file_with_runtime_dependencies(/home/dtc/humanflow/ros2_ghadron_gimbal/install/human_tracking/share/colcon-core/packages/human_tracking)
[3.837s] INFO:colcon.colcon_ros.task.ament_python.build:Building ROS package in '/home/dtc/humanflow/ros2_ghadron_gimbal/src/gimbal_bringup' with build type 'ament_python'
[3.837s] Level 1:colcon.colcon_core.shell:create_environment_hook('gimbal_bringup', 'ament_prefix_path')
[3.838s] INFO:colcon.colcon_core.shell:Creating environment hook '/home/dtc/humanflow/ros2_ghadron_gimbal/install/gimbal_bringup/share/gimbal_bringup/hook/ament_prefix_path.ps1'
[3.839s] INFO:colcon.colcon_core.shell:Creating environment descriptor '/home/dtc/humanflow/ros2_ghadron_gimbal/install/gimbal_bringup/share/gimbal_bringup/hook/ament_prefix_path.dsv'
[3.840s] INFO:colcon.colcon_core.shell:Creating environment hook '/home/dtc/humanflow/ros2_ghadron_gimbal/install/gimbal_bringup/share/gimbal_bringup/hook/ament_prefix_path.sh'
[3.841s] INFO:colcon.colcon_core.shell:Skip shell extension 'powershell' for command environment: Not usable outside of PowerShell
[3.841s] DEBUG:colcon.colcon_core.shell:Skip shell extension 'dsv' for command environment
[3.845s] DEBUG:colcon.colcon_core.event_handler.log_command:Invoked command in '/home/dtc/humanflow/ros2_ghadron_gimbal/src/human_tracking' returned '0': PYTHONPATH=/home/dtc/humanflow/ros2_ghadron_gimbal/build/human_tracking/prefix_override:/usr/lib/python3/dist-packages/colcon_core/task/python/colcon_distutils_commands:/home/dtc/humanflow/ros2_ghadron_gimbal/install/human_tracking/lib/python3.10/site-packages:${PYTHONPATH} /usr/bin/python3 -W ignore:setup.py install is deprecated -W ignore:easy_install command is deprecated setup.py egg_info --egg-base ../../build/human_tracking build --build-base /home/dtc/humanflow/ros2_ghadron_gimbal/build/human_tracking/build install --record /home/dtc/humanflow/ros2_ghadron_gimbal/build/human_tracking/install.log --single-version-externally-managed install_data
[4.369s] INFO:colcon.colcon_core.task.python.build:Building Python package in '/home/dtc/humanflow/ros2_ghadron_gimbal/src/gimbal_bringup'
[4.370s] INFO:colcon.colcon_core.shell:Skip shell extension 'powershell' for command environment: Not usable outside of PowerShell
[4.370s] DEBUG:colcon.colcon_core.shell:Skip shell extension 'dsv' for command environment
[4.385s] Level 1:colcon.colcon_core.environment:checking '/home/dtc/humanflow/ros2_ghadron_gimbal/install/image_viewer' for CMake module files
[4.386s] DEBUG:colcon.colcon_core.event_handler.log_command:Invoked command in '/home/dtc/humanflow/ros2_ghadron_gimbal/src/image_viewer' returned '0': PYTHONPATH=/home/dtc/humanflow/ros2_ghadron_gimbal/build/image_viewer/prefix_override:/usr/lib/python3/dist-packages/colcon_core/task/python/colcon_distutils_commands:/home/dtc/humanflow/ros2_ghadron_gimbal/install/image_viewer/lib/python3.10/site-packages:${PYTHONPATH} /usr/bin/python3 -W ignore:setup.py install is deprecated -W ignore:easy_install command is deprecated setup.py egg_info --egg-base ../../build/image_viewer build --build-base /home/dtc/humanflow/ros2_ghadron_gimbal/build/image_viewer/build install --record /home/dtc/humanflow/ros2_ghadron_gimbal/build/image_viewer/install.log --single-version-externally-managed install_data
[4.387s] Level 1:colcon.colcon_core.environment:checking '/home/dtc/humanflow/ros2_ghadron_gimbal/install/image_viewer' for CMake config files
[4.388s] Level 1:colcon.colcon_core.environment:checking '/home/dtc/humanflow/ros2_ghadron_gimbal/install/image_viewer/lib'
[4.389s] Level 1:colcon.colcon_core.environment:checking '/home/dtc/humanflow/ros2_ghadron_gimbal/install/image_viewer/bin'
[4.389s] Level 1:colcon.colcon_core.environment:checking '/home/dtc/humanflow/ros2_ghadron_gimbal/install/image_viewer/lib/pkgconfig/image_viewer.pc'
[4.389s] Level 1:colcon.colcon_core.environment:checking '/home/dtc/humanflow/ros2_ghadron_gimbal/install/image_viewer/lib/python3.10/site-packages'
[4.390s] Level 1:colcon.colcon_core.shell:create_environment_hook('image_viewer', 'pythonpath')
[4.390s] INFO:colcon.colcon_core.shell:Creating environment hook '/home/dtc/humanflow/ros2_ghadron_gimbal/install/image_viewer/share/image_viewer/hook/pythonpath.ps1'
[4.391s] INFO:colcon.colcon_core.shell:Creating environment descriptor '/home/dtc/humanflow/ros2_ghadron_gimbal/install/image_viewer/share/image_viewer/hook/pythonpath.dsv'
[4.392s] INFO:colcon.colcon_core.shell:Creating environment hook '/home/dtc/humanflow/ros2_ghadron_gimbal/install/image_viewer/share/image_viewer/hook/pythonpath.sh'
[4.394s] Level 1:colcon.colcon_core.environment:checking '/home/dtc/humanflow/ros2_ghadron_gimbal/install/image_viewer/bin'
[4.394s] Level 1:colcon.colcon_core.environment:create_environment_scripts_only(image_viewer)
[4.394s] INFO:colcon.colcon_core.shell:Creating package script '/home/dtc/humanflow/ros2_ghadron_gimbal/install/image_viewer/share/image_viewer/package.ps1'
[4.396s] INFO:colcon.colcon_core.shell:Creating package descriptor '/home/dtc/humanflow/ros2_ghadron_gimbal/install/image_viewer/share/image_viewer/package.dsv'
[4.397s] INFO:colcon.colcon_core.shell:Creating package script '/home/dtc/humanflow/ros2_ghadron_gimbal/install/image_viewer/share/image_viewer/package.sh'
[4.398s] INFO:colcon.colcon_core.shell:Creating package script '/home/dtc/humanflow/ros2_ghadron_gimbal/install/image_viewer/share/image_viewer/package.bash'
[4.399s] INFO:colcon.colcon_core.shell:Creating package script '/home/dtc/humanflow/ros2_ghadron_gimbal/install/image_viewer/share/image_viewer/package.zsh'
[4.401s] Level 1:colcon.colcon_core.environment:create_file_with_runtime_dependencies(/home/dtc/humanflow/ros2_ghadron_gimbal/install/image_viewer/share/colcon-core/packages/image_viewer)
[4.409s] DEBUG:colcon.colcon_core.event_handler.log_command:Invoking command in '/home/dtc/humanflow/ros2_ghadron_gimbal/src/stream_publisher': PYTHONPATH=/home/dtc/humanflow/ros2_ghadron_gimbal/build/stream_publisher/prefix_override:/usr/lib/python3/dist-packages/colcon_core/task/python/colcon_distutils_commands:/home/dtc/humanflow/ros2_ghadron_gimbal/install/stream_publisher/lib/python3.10/site-packages:${PYTHONPATH} /usr/bin/python3 -W ignore:setup.py install is deprecated -W ignore:easy_install command is deprecated setup.py egg_info --egg-base ../../build/stream_publisher build --build-base /home/dtc/humanflow/ros2_ghadron_gimbal/build/stream_publisher/build install --record /home/dtc/humanflow/ros2_ghadron_gimbal/build/stream_publisher/install.log --single-version-externally-managed install_data
[4.999s] Level 1:colcon.colcon_core.environment:checking '/home/dtc/humanflow/ros2_ghadron_gimbal/install/stream_publisher' for CMake module files
[5.001s] Level 1:colcon.colcon_core.environment:checking '/home/dtc/humanflow/ros2_ghadron_gimbal/install/stream_publisher' for CMake config files
[5.002s] Level 1:colcon.colcon_core.environment:checking '/home/dtc/humanflow/ros2_ghadron_gimbal/install/stream_publisher/lib'
[5.002s] Level 1:colcon.colcon_core.environment:checking '/home/dtc/humanflow/ros2_ghadron_gimbal/install/stream_publisher/bin'
[5.002s] Level 1:colcon.colcon_core.environment:checking '/home/dtc/humanflow/ros2_ghadron_gimbal/install/stream_publisher/lib/pkgconfig/stream_publisher.pc'
[5.003s] Level 1:colcon.colcon_core.environment:checking '/home/dtc/humanflow/ros2_ghadron_gimbal/install/stream_publisher/lib/python3.10/site-packages'
[5.003s] Level 1:colcon.colcon_core.shell:create_environment_hook('stream_publisher', 'pythonpath')
[5.004s] INFO:colcon.colcon_core.shell:Creating environment hook '/home/dtc/humanflow/ros2_ghadron_gimbal/install/stream_publisher/share/stream_publisher/hook/pythonpath.ps1'
[5.005s] INFO:colcon.colcon_core.shell:Creating environment descriptor '/home/dtc/humanflow/ros2_ghadron_gimbal/install/stream_publisher/share/stream_publisher/hook/pythonpath.dsv'
[5.006s] INFO:colcon.colcon_core.shell:Creating environment hook '/home/dtc/humanflow/ros2_ghadron_gimbal/install/stream_publisher/share/stream_publisher/hook/pythonpath.sh'
[5.007s] Level 1:colcon.colcon_core.environment:checking '/home/dtc/humanflow/ros2_ghadron_gimbal/install/stream_publisher/bin'
[5.008s] Level 1:colcon.colcon_core.environment:create_environment_scripts_only(stream_publisher)
[5.008s] INFO:colcon.colcon_core.shell:Creating package script '/home/dtc/humanflow/ros2_ghadron_gimbal/install/stream_publisher/share/stream_publisher/package.ps1'
[5.010s] INFO:colcon.colcon_core.shell:Creating package descriptor '/home/dtc/humanflow/ros2_ghadron_gimbal/install/stream_publisher/share/stream_publisher/package.dsv'
[5.011s] INFO:colcon.colcon_core.shell:Creating package script '/home/dtc/humanflow/ros2_ghadron_gimbal/install/stream_publisher/share/stream_publisher/package.sh'
[5.012s] INFO:colcon.colcon_core.shell:Creating package script '/home/dtc/humanflow/ros2_ghadron_gimbal/install/stream_publisher/share/stream_publisher/package.bash'
[5.013s] INFO:colcon.colcon_core.shell:Creating package script '/home/dtc/humanflow/ros2_ghadron_gimbal/install/stream_publisher/share/stream_publisher/package.zsh'
[5.013s] DEBUG:colcon.colcon_core.event_handler.log_command:Invoked command in '/home/dtc/humanflow/ros2_ghadron_gimbal/src/stream_publisher' returned '0': PYTHONPATH=/home/dtc/humanflow/ros2_ghadron_gimbal/build/stream_publisher/prefix_override:/usr/lib/python3/dist-packages/colcon_core/task/python/colcon_distutils_commands:/home/dtc/humanflow/ros2_ghadron_gimbal/install/stream_publisher/lib/python3.10/site-packages:${PYTHONPATH} /usr/bin/python3 -W ignore:setup.py install is deprecated -W ignore:easy_install command is deprecated setup.py egg_info --egg-base ../../build/stream_publisher build --build-base /home/dtc/humanflow/ros2_ghadron_gimbal/build/stream_publisher/build install --record /home/dtc/humanflow/ros2_ghadron_gimbal/build/stream_publisher/install.log --single-version-externally-managed install_data
[5.014s] Level 1:colcon.colcon_core.environment:create_file_with_runtime_dependencies(/home/dtc/humanflow/ros2_ghadron_gimbal/install/stream_publisher/share/colcon-core/packages/stream_publisher)
[5.079s] DEBUG:colcon.colcon_core.event_handler.log_command:Invoking command in '/home/dtc/humanflow/ros2_ghadron_gimbal/src/gimbal_bringup': AMENT_PREFIX_PATH=/home/dtc/humanflow/ros2_ghadron_gimbal/install/yolo_detection:/home/dtc/humanflow/ros2_ghadron_gimbal/install/human_tracking:/home/dtc/humanflow/ros2_ghadron_gimbal/install/gimbal_bringup:/home/dtc/humanflow/ros2_ghadron_gimbal/install/stream_publisher:/home/dtc/humanflow/ros2_ghadron_gimbal/install/rtsp_viewer:/home/dtc/humanflow/ros2_ghadron_gimbal/install/ir_zoom:/home/dtc/humanflow/ros2_ghadron_gimbal/install/ir_image:/home/dtc/humanflow/ros2_ghadron_gimbal/install/image_viewer:/home/dtc/humanflow/ros2_ghadron_gimbal/install/image_publisher:/home/dtc/humanflow/ros2_ghadron_gimbal/install/gimbal_status:/home/dtc/humanflow/ros2_ghadron_gimbal/install/gimbal_angle_control:/home/dtc/humanflow/ros2_ghadron_gimbal/install/eo_zoom:/home/dtc/humanflow/ros2_ghadron_gimbal/install/eo_image:/opt/ros/humble CMAKE_PREFIX_PATH=/home/dtc/humanflow/ros2_ghadron_gimbal/install/gimbal_status:/home/dtc/humanflow/ros2_ghadron_gimbal/install/gimbal_angle_control:/home/dtc/humanflow/ros2_ghadron_gimbal/install/ir_zoom:/home/dtc/humanflow/ros2_ghadron_gimbal/install/ir_image:/home/dtc/humanflow/ros2_ghadron_gimbal/install/image_publisher:/home/dtc/humanflow/ros2_ghadron_gimbal/install/eo_zoom:/home/dtc/humanflow/ros2_ghadron_gimbal/install/eo_image PYTHONPATH=/home/dtc/humanflow/ros2_ghadron_gimbal/build/gimbal_bringup/prefix_override:/usr/lib/python3/dist-packages/colcon_core/task/python/colcon_distutils_commands:/home/dtc/humanflow/ros2_ghadron_gimbal/install/gimbal_bringup/lib/python3.10/site-packages:/home/dtc/humanflow/ros2_ghadron_gimbal/install/yolo_detection/lib/python3.10/site-packages:/home/dtc/humanflow/ros2_ghadron_gimbal/install/human_tracking/lib/python3.10/site-packages:/home/dtc/humanflow/ros2_ghadron_gimbal/install/gimbal_bringup/lib/python3.10/site-packages:/home/dtc/humanflow/ros2_ghadron_gimbal/install/stream_publisher/lib/python3.10/site-packages:/home/dtc/humanflow/ros2_ghadron_gimbal/install/rtsp_viewer/lib/python3.10/site-packages:/home/dtc/humanflow/ros2_ghadron_gimbal/install/image_viewer/lib/python3.10/site-packages:/opt/ros/humble/lib/python3.10/site-packages:/opt/ros/humble/local/lib/python3.10/dist-packages /usr/bin/python3 -W ignore:setup.py install is deprecated -W ignore:easy_install command is deprecated setup.py egg_info --egg-base ../../build/gimbal_bringup build --build-base /home/dtc/humanflow/ros2_ghadron_gimbal/build/gimbal_bringup/build install --record /home/dtc/humanflow/ros2_ghadron_gimbal/build/gimbal_bringup/install.log --single-version-externally-managed install_data
[5.639s] Level 1:colcon.colcon_core.environment:checking '/home/dtc/humanflow/ros2_ghadron_gimbal/install/gimbal_bringup' for CMake module files
[5.641s] DEBUG:colcon.colcon_core.event_handler.log_command:Invoked command in '/home/dtc/humanflow/ros2_ghadron_gimbal/src/gimbal_bringup' returned '0': AMENT_PREFIX_PATH=/home/dtc/humanflow/ros2_ghadron_gimbal/install/yolo_detection:/home/dtc/humanflow/ros2_ghadron_gimbal/install/human_tracking:/home/dtc/humanflow/ros2_ghadron_gimbal/install/gimbal_bringup:/home/dtc/humanflow/ros2_ghadron_gimbal/install/stream_publisher:/home/dtc/humanflow/ros2_ghadron_gimbal/install/rtsp_viewer:/home/dtc/humanflow/ros2_ghadron_gimbal/install/ir_zoom:/home/dtc/humanflow/ros2_ghadron_gimbal/install/ir_image:/home/dtc/humanflow/ros2_ghadron_gimbal/install/image_viewer:/home/dtc/humanflow/ros2_ghadron_gimbal/install/image_publisher:/home/dtc/humanflow/ros2_ghadron_gimbal/install/gimbal_status:/home/dtc/humanflow/ros2_ghadron_gimbal/install/gimbal_angle_control:/home/dtc/humanflow/ros2_ghadron_gimbal/install/eo_zoom:/home/dtc/humanflow/ros2_ghadron_gimbal/install/eo_image:/opt/ros/humble CMAKE_PREFIX_PATH=/home/dtc/humanflow/ros2_ghadron_gimbal/install/gimbal_status:/home/dtc/humanflow/ros2_ghadron_gimbal/install/gimbal_angle_control:/home/dtc/humanflow/ros2_ghadron_gimbal/install/ir_zoom:/home/dtc/humanflow/ros2_ghadron_gimbal/install/ir_image:/home/dtc/humanflow/ros2_ghadron_gimbal/install/image_publisher:/home/dtc/humanflow/ros2_ghadron_gimbal/install/eo_zoom:/home/dtc/humanflow/ros2_ghadron_gimbal/install/eo_image PYTHONPATH=/home/dtc/humanflow/ros2_ghadron_gimbal/build/gimbal_bringup/prefix_override:/usr/lib/python3/dist-packages/colcon_core/task/python/colcon_distutils_commands:/home/dtc/humanflow/ros2_ghadron_gimbal/install/gimbal_bringup/lib/python3.10/site-packages:/home/dtc/humanflow/ros2_ghadron_gimbal/install/yolo_detection/lib/python3.10/site-packages:/home/dtc/humanflow/ros2_ghadron_gimbal/install/human_tracking/lib/python3.10/site-packages:/home/dtc/humanflow/ros2_ghadron_gimbal/install/gimbal_bringup/lib/python3.10/site-packages:/home/dtc/humanflow/ros2_ghadron_gimbal/install/stream_publisher/lib/python3.10/site-packages:/home/dtc/humanflow/ros2_ghadron_gimbal/install/rtsp_viewer/lib/python3.10/site-packages:/home/dtc/humanflow/ros2_ghadron_gimbal/install/image_viewer/lib/python3.10/site-packages:/opt/ros/humble/lib/python3.10/site-packages:/opt/ros/humble/local/lib/python3.10/dist-packages /usr/bin/python3 -W ignore:setup.py install is deprecated -W ignore:easy_install command is deprecated setup.py egg_info --egg-base ../../build/gimbal_bringup build --build-base /home/dtc/humanflow/ros2_ghadron_gimbal/build/gimbal_bringup/build install --record /home/dtc/humanflow/ros2_ghadron_gimbal/build/gimbal_bringup/install.log --single-version-externally-managed install_data
[5.642s] Level 1:colcon.colcon_core.environment:checking '/home/dtc/humanflow/ros2_ghadron_gimbal/install/gimbal_bringup' for CMake config files
[5.644s] Level 1:colcon.colcon_core.environment:checking '/home/dtc/humanflow/ros2_ghadron_gimbal/install/gimbal_bringup/lib'
[5.645s] Level 1:colcon.colcon_core.environment:checking '/home/dtc/humanflow/ros2_ghadron_gimbal/install/gimbal_bringup/bin'
[5.645s] Level 1:colcon.colcon_core.environment:checking '/home/dtc/humanflow/ros2_ghadron_gimbal/install/gimbal_bringup/lib/pkgconfig/gimbal_bringup.pc'
[5.646s] Level 1:colcon.colcon_core.environment:checking '/home/dtc/humanflow/ros2_ghadron_gimbal/install/gimbal_bringup/lib/python3.10/site-packages'
[5.646s] Level 1:colcon.colcon_core.shell:create_environment_hook('gimbal_bringup', 'pythonpath')
[5.647s] INFO:colcon.colcon_core.shell:Creating environment hook '/home/dtc/humanflow/ros2_ghadron_gimbal/install/gimbal_bringup/share/gimbal_bringup/hook/pythonpath.ps1'
[5.649s] INFO:colcon.colcon_core.shell:Creating environment descriptor '/home/dtc/humanflow/ros2_ghadron_gimbal/install/gimbal_bringup/share/gimbal_bringup/hook/pythonpath.dsv'
[5.650s] INFO:colcon.colcon_core.shell:Creating environment hook '/home/dtc/humanflow/ros2_ghadron_gimbal/install/gimbal_bringup/share/gimbal_bringup/hook/pythonpath.sh'
[5.653s] Level 1:colcon.colcon_core.environment:checking '/home/dtc/humanflow/ros2_ghadron_gimbal/install/gimbal_bringup/bin'
[5.653s] Level 1:colcon.colcon_core.environment:create_environment_scripts_only(gimbal_bringup)
[5.654s] INFO:colcon.colcon_core.shell:Creating package script '/home/dtc/humanflow/ros2_ghadron_gimbal/install/gimbal_bringup/share/gimbal_bringup/package.ps1'
[5.656s] INFO:colcon.colcon_core.shell:Creating package descriptor '/home/dtc/humanflow/ros2_ghadron_gimbal/install/gimbal_bringup/share/gimbal_bringup/package.dsv'
[5.658s] INFO:colcon.colcon_core.shell:Creating package script '/home/dtc/humanflow/ros2_ghadron_gimbal/install/gimbal_bringup/share/gimbal_bringup/package.sh'
[5.659s] INFO:colcon.colcon_core.shell:Creating package script '/home/dtc/humanflow/ros2_ghadron_gimbal/install/gimbal_bringup/share/gimbal_bringup/package.bash'
[5.661s] INFO:colcon.colcon_core.shell:Creating package script '/home/dtc/humanflow/ros2_ghadron_gimbal/install/gimbal_bringup/share/gimbal_bringup/package.zsh'
[5.662s] Level 1:colcon.colcon_core.environment:create_file_with_runtime_dependencies(/home/dtc/humanflow/ros2_ghadron_gimbal/install/gimbal_bringup/share/colcon-core/packages/gimbal_bringup)
[5.663s] DEBUG:colcon.colcon_parallel_executor.executor.parallel:closing loop
[5.664s] DEBUG:colcon.colcon_parallel_executor.executor.parallel:loop closed
[5.665s] DEBUG:colcon.colcon_parallel_executor.executor.parallel:run_until_complete finished with '0'
[5.666s] DEBUG:colcon.colcon_core.event_reactor:joining thread
[5.686s] INFO:colcon.colcon_core.plugin_system:Skipping extension 'colcon_notification.desktop_notification.notify_send': Could not find 'notify-send'
[5.686s] INFO:colcon.colcon_core.plugin_system:Skipping extension 'colcon_notification.desktop_notification.terminal_notifier': Not used on non-Darwin systems
[5.686s] INFO:colcon.colcon_core.plugin_system:Skipping extension 'colcon_notification.desktop_notification.win32': Not used on non-Windows systems
[5.687s] INFO:colcon.colcon_notification.desktop_notification:Sending desktop notification using 'notify2'
[5.687s] DEBUG:colcon.colcon_notification.desktop_notification.notify2:Failed to initialize notify2: org.freedesktop.DBus.Error.NotSupported: Unable to autolaunch a dbus-daemon without a $DISPLAY for X11
[5.687s] DEBUG:colcon.colcon_core.event_reactor:joined thread
[5.688s] INFO:colcon.colcon_core.shell:Creating prefix script '/home/dtc/humanflow/ros2_ghadron_gimbal/install/local_setup.ps1'
[5.692s] INFO:colcon.colcon_core.shell:Creating prefix util module '/home/dtc/humanflow/ros2_ghadron_gimbal/install/_local_setup_util_ps1.py'
[5.697s] INFO:colcon.colcon_core.shell:Creating prefix chain script '/home/dtc/humanflow/ros2_ghadron_gimbal/install/setup.ps1'
[5.703s] INFO:colcon.colcon_core.shell:Creating prefix script '/home/dtc/humanflow/ros2_ghadron_gimbal/install/local_setup.sh'
[5.706s] INFO:colcon.colcon_core.shell:Creating prefix util module '/home/dtc/humanflow/ros2_ghadron_gimbal/install/_local_setup_util_sh.py'
[5.708s] INFO:colcon.colcon_core.shell:Creating prefix chain script '/home/dtc/humanflow/ros2_ghadron_gimbal/install/setup.sh'
[5.714s] INFO:colcon.colcon_core.shell:Creating prefix script '/home/dtc/humanflow/ros2_ghadron_gimbal/install/local_setup.bash'
[5.716s] INFO:colcon.colcon_core.shell:Creating prefix chain script '/home/dtc/humanflow/ros2_ghadron_gimbal/install/setup.bash'
[5.721s] INFO:colcon.colcon_core.shell:Creating prefix script '/home/dtc/humanflow/ros2_ghadron_gimbal/install/local_setup.zsh'
[5.722s] INFO:colcon.colcon_core.shell:Creating prefix chain script '/home/dtc/humanflow/ros2_ghadron_gimbal/install/setup.zsh'
