-- Found ament_cmake: 1.3.11 (/opt/ros/humble/share/ament_cmake/cmake)
-- Found rclcpp: 16.0.11 (/opt/ros/humble/share/rclcpp/cmake)
-- Found rosidl_generator_c: 3.1.6 (/opt/ros/humble/share/rosidl_generator_c/cmake)
-- Found rosidl_adapter: 3.1.6 (/opt/ros/humble/share/rosidl_adapter/cmake)
-- Found rosidl_generator_cpp: 3.1.6 (/opt/ros/humble/share/rosidl_generator_cpp/cmake)
-- Using all available rosidl_typesupport_c: rosidl_typesupport_fastrtps_c;rosidl_typesupport_introspection_c
-- Using all available rosidl_typesupport_cpp: rosidl_typesupport_fastrtps_cpp;rosidl_typesupport_introspection_cpp
-- Found rmw_implementation_cmake: 6.1.2 (/opt/ros/humble/share/rmw_implementation_cmake/cmake)
-- Found rmw_fastrtps_cpp: 6.2.7 (/opt/ros/humble/share/rmw_fastrtps_cpp/cmake)
-- Using RMW implementation 'rmw_fastrtps_cpp' as default
-- Found geometry_msgs: 4.2.4 (/opt/ros/humble/share/geometry_msgs/cmake)
-- Found ament_lint_auto: 0.12.11 (/opt/ros/humble/share/ament_lint_auto/cmake)
-- Added test 'cppcheck' to perform static code analysis on C / C++ code
-- Configured cppcheck include dirs: /home/dtc/humanflow/ros2_ghadron_gimbal/src/gimbal_status/include;/home/dtc/humanflow/ros2_ghadron_gimbal/src/gimbal_status/../PayloadSdk/libs;/home/dtc/humanflow/ros2_ghadron_gimbal/src/gimbal_status/../PayloadSdk/libs/aarch64;/home/dtc/humanflow/ros2_ghadron_gimbal/src/gimbal_status/../PayloadSdk/libs/aarch64/payload-define;/home/dtc/humanflow/ros2_ghadron_gimbal/src/gimbal_status/../PayloadSdk/libs/third-party/mavlink/include;/home/dtc/humanflow/ros2_ghadron_gimbal/src/gimbal_status/../PayloadSdk/libs/gSDK/src/mavlink/include/mavlink/v2.0;/home/dtc/humanflow/ros2_ghadron_gimbal/src/gimbal_status/../PayloadSdk/libs/gSDK/src
-- Configured cppcheck exclude dirs and/or files: 
-- Added test 'lint_cmake' to check CMake code style
-- Added test 'uncrustify' to check C / C++ code style
-- Configured uncrustify additional arguments: 
-- Added test 'xmllint' to check XML markup files
-- Configuring done
-- Generating done
-- Build files have been written to: /home/dtc/humanflow/ros2_ghadron_gimbal/build/gimbal_status
[35m[1mConsolidate compiler generated dependencies of target gimbal_status_node[0m
[ 50%] [32mBuilding CXX object CMakeFiles/gimbal_status_node.dir/src/gimbal_status_node.cpp.o[0m
[100%] [32m[1mLinking CXX executable gimbal_status_node[0m
[100%] Built target gimbal_status_node
-- Install configuration: "Debug"
-- Installing: /home/dtc/humanflow/ros2_ghadron_gimbal/install/gimbal_status/lib/gimbal_status/gimbal_status_node
-- Set runtime path of "/home/dtc/humanflow/ros2_ghadron_gimbal/install/gimbal_status/lib/gimbal_status/gimbal_status_node" to ""
-- Up-to-date: /home/dtc/humanflow/ros2_ghadron_gimbal/install/gimbal_status/share/ament_index/resource_index/package_run_dependencies/gimbal_status
-- Installing: /home/dtc/humanflow/ros2_ghadron_gimbal/install/gimbal_status/share/ament_index/resource_index/parent_prefix_path/gimbal_status
-- Installing: /home/dtc/humanflow/ros2_ghadron_gimbal/install/gimbal_status/share/gimbal_status/environment/ament_prefix_path.sh
-- Installing: /home/dtc/humanflow/ros2_ghadron_gimbal/install/gimbal_status/share/gimbal_status/environment/ament_prefix_path.dsv
-- Installing: /home/dtc/humanflow/ros2_ghadron_gimbal/install/gimbal_status/share/gimbal_status/environment/path.sh
-- Installing: /home/dtc/humanflow/ros2_ghadron_gimbal/install/gimbal_status/share/gimbal_status/environment/path.dsv
-- Up-to-date: /home/dtc/humanflow/ros2_ghadron_gimbal/install/gimbal_status/share/gimbal_status/local_setup.bash
-- Up-to-date: /home/dtc/humanflow/ros2_ghadron_gimbal/install/gimbal_status/share/gimbal_status/local_setup.sh
-- Up-to-date: /home/dtc/humanflow/ros2_ghadron_gimbal/install/gimbal_status/share/gimbal_status/local_setup.zsh
-- Installing: /home/dtc/humanflow/ros2_ghadron_gimbal/install/gimbal_status/share/gimbal_status/local_setup.dsv
-- Installing: /home/dtc/humanflow/ros2_ghadron_gimbal/install/gimbal_status/share/gimbal_status/package.dsv
-- Up-to-date: /home/dtc/humanflow/ros2_ghadron_gimbal/install/gimbal_status/share/ament_index/resource_index/packages/gimbal_status
-- Up-to-date: /home/dtc/humanflow/ros2_ghadron_gimbal/install/gimbal_status/share/gimbal_status/cmake/gimbal_statusConfig.cmake
-- Up-to-date: /home/dtc/humanflow/ros2_ghadron_gimbal/install/gimbal_status/share/gimbal_status/cmake/gimbal_statusConfig-version.cmake
-- Up-to-date: /home/dtc/humanflow/ros2_ghadron_gimbal/install/gimbal_status/share/gimbal_status/package.xml
