[0.048s] Invoking command in '/home/dtc/humanflow/ros2_ghadron_gimbal/build/gimbal_status': CMAKE_PREFIX_PATH=${CMAKE_PREFIX_PATH}:/home/dtc/humanflow/ros2_ghadron_gimbal/install/gimbal_bringup:/home/dtc/humanflow/ros2_ghadron_gimbal/install/yolo_detection:/home/dtc/humanflow/ros2_ghadron_gimbal/install/stream_publisher:/home/dtc/humanflow/ros2_ghadron_gimbal/install/rtsp_viewer:/home/dtc/humanflow/ros2_ghadron_gimbal/install/image_viewer:/home/dtc/humanflow/ros2_ghadron_gimbal/install/human_tracking:/opt/ros/humble /usr/bin/cmake --build /home/dtc/humanflow/ros2_ghadron_gimbal/build/gimbal_status -- -j4 -l4
[0.110s] [0m-- GHADRON: 1[0m
[0.114s] -- Found ament_cmake: 1.3.11 (/opt/ros/humble/share/ament_cmake/cmake)
[0.467s] -- Found rclcpp: 16.0.11 (/opt/ros/humble/share/rclcpp/cmake)
[0.541s] -- Found rosidl_generator_c: 3.1.6 (/opt/ros/humble/share/rosidl_generator_c/cmake)
[0.547s] -- Found rosidl_adapter: 3.1.6 (/opt/ros/humble/share/rosidl_adapter/cmake)
[0.564s] -- Found rosidl_generator_cpp: 3.1.6 (/opt/ros/humble/share/rosidl_generator_cpp/cmake)
[0.595s] -- Using all available rosidl_typesupport_c: rosidl_typesupport_fastrtps_c;rosidl_typesupport_introspection_c
[0.641s] -- Using all available rosidl_typesupport_cpp: rosidl_typesupport_fastrtps_cpp;rosidl_typesupport_introspection_cpp
[0.735s] -- Found rmw_implementation_cmake: 6.1.2 (/opt/ros/humble/share/rmw_implementation_cmake/cmake)
[0.742s] -- Found rmw_fastrtps_cpp: 6.2.7 (/opt/ros/humble/share/rmw_fastrtps_cpp/cmake)
[1.010s] -- Using RMW implementation 'rmw_fastrtps_cpp' as default
[1.145s] -- Found geometry_msgs: 4.2.4 (/opt/ros/humble/share/geometry_msgs/cmake)
[2.432s] -- Found ament_lint_auto: 0.12.11 (/opt/ros/humble/share/ament_lint_auto/cmake)
[2.700s] -- Added test 'cppcheck' to perform static code analysis on C / C++ code
[2.703s] -- Configured cppcheck include dirs: /home/dtc/humanflow/ros2_ghadron_gimbal/src/gimbal_status/include;/home/dtc/humanflow/ros2_ghadron_gimbal/src/gimbal_status/../PayloadSdk/libs;/home/dtc/humanflow/ros2_ghadron_gimbal/src/gimbal_status/../PayloadSdk/libs/aarch64;/home/dtc/humanflow/ros2_ghadron_gimbal/src/gimbal_status/../PayloadSdk/libs/aarch64/payload-define;/home/dtc/humanflow/ros2_ghadron_gimbal/src/gimbal_status/../PayloadSdk/libs/third-party/mavlink/include;/home/dtc/humanflow/ros2_ghadron_gimbal/src/gimbal_status/../PayloadSdk/libs/gSDK/src/mavlink/include/mavlink/v2.0;/home/dtc/humanflow/ros2_ghadron_gimbal/src/gimbal_status/../PayloadSdk/libs/gSDK/src
[2.704s] -- Configured cppcheck exclude dirs and/or files: 
[2.710s] -- Added test 'lint_cmake' to check CMake code style
[2.719s] -- Added test 'uncrustify' to check C / C++ code style
[2.719s] -- Configured uncrustify additional arguments: 
[2.719s] -- Added test 'xmllint' to check XML markup files
[2.724s] -- Configuring done
[2.773s] -- Generating done
[2.790s] -- Build files have been written to: /home/dtc/humanflow/ros2_ghadron_gimbal/build/gimbal_status
[2.886s] [35m[1mConsolidate compiler generated dependencies of target gimbal_status_node[0m
[2.985s] [ 50%] [32mBuilding CXX object CMakeFiles/gimbal_status_node.dir/src/gimbal_status_node.cpp.o[0m
[18.224s] In file included from [01m[K/home/dtc/humanflow/ros2_ghadron_gimbal/src/gimbal_status/../PayloadSdk/libs/gSDK/src/mavlink/include/mavlink/v2.0/common/../protocol.h:4[m[K,
[18.224s]                  from [01m[K/home/dtc/humanflow/ros2_ghadron_gimbal/src/gimbal_status/../PayloadSdk/libs/gSDK/src/mavlink/include/mavlink/v2.0/common/common.h:30[m[K,
[18.225s]                  from [01m[K/home/dtc/humanflow/ros2_ghadron_gimbal/src/gimbal_status/../PayloadSdk/libs/gSDK/src/mavlink/include/mavlink/v2.0/common/mavlink.h:32[m[K,
[18.225s]                  from [01m[K/home/dtc/humanflow/ros2_ghadron_gimbal/src/gimbal_status/../PayloadSdk/libs/aarch64/payloadsdk.h:5[m[K,
[18.225s]                  from [01m[K/home/dtc/humanflow/ros2_ghadron_gimbal/src/gimbal_status/../PayloadSdk/libs/aarch64/payloadSdkInterface.h:5[m[K,
[18.225s]                  from [01m[K/home/dtc/humanflow/ros2_ghadron_gimbal/src/gimbal_status/src/gimbal_status_node.cpp:3[m[K:
[18.225s] [01m[K/home/dtc/humanflow/ros2_ghadron_gimbal/src/gimbal_status/../PayloadSdk/libs/gSDK/src/mavlink/include/mavlink/v2.0/common/../mavlink_types.h:78:12:[m[K [01;35m[Kwarning: [m[KISO C++ prohibits anonymous structs [[01;35m[K-Wpedantic[m[K]
[18.225s]    78 |     struct [01;35m[K{[m[K
[18.225s]       |            [01;35m[K^[m[K
[18.226s] [01m[K/home/dtc/humanflow/ros2_ghadron_gimbal/src/gimbal_status/../PayloadSdk/libs/gSDK/src/mavlink/include/mavlink/v2.0/common/../mavlink_types.h:17:40:[m[K [01;36m[Knote: [m[Kin definition of macro ‘[01m[KMAVPACKED[m[K’
[18.226s]    17 |   #define MAVPACKED( __Declaration__ ) [01;36m[K__Declaration__[m[K __attribute__((packed))
[18.226s]       |                                        [01;36m[K^~~~~~~~~~~~~~~[m[K
[18.714s] In file included from [01m[K/home/dtc/humanflow/ros2_ghadron_gimbal/src/gimbal_status/../PayloadSdk/libs/gSDK/src/mavlink/include/mavlink/v2.0/common/common.h:2567[m[K,
[18.718s]                  from [01m[K/home/dtc/humanflow/ros2_ghadron_gimbal/src/gimbal_status/../PayloadSdk/libs/gSDK/src/mavlink/include/mavlink/v2.0/common/mavlink.h:32[m[K,
[18.719s]                  from [01m[K/home/dtc/humanflow/ros2_ghadron_gimbal/src/gimbal_status/../PayloadSdk/libs/aarch64/payloadsdk.h:5[m[K,
[18.719s]                  from [01m[K/home/dtc/humanflow/ros2_ghadron_gimbal/src/gimbal_status/../PayloadSdk/libs/aarch64/payloadSdkInterface.h:5[m[K,
[18.719s]                  from [01m[K/home/dtc/humanflow/ros2_ghadron_gimbal/src/gimbal_status/src/gimbal_status_node.cpp:3[m[K:
[18.719s] [01m[K/home/dtc/humanflow/ros2_ghadron_gimbal/src/gimbal_status/../PayloadSdk/libs/gSDK/src/mavlink/include/mavlink/v2.0/common/./mavlink_msg_set_attitude_target.h:[m[K In function ‘[01m[Kuint16_t mavlink_msg_set_attitude_target_encode(uint8_t, uint8_t, mavlink_message_t*, const mavlink_set_attitude_target_t*)[m[K’:
[18.719s] [01m[K/home/dtc/humanflow/ros2_ghadron_gimbal/src/gimbal_status/../PayloadSdk/libs/gSDK/src/mavlink/include/mavlink/v2.0/common/./mavlink_msg_set_attitude_target.h:183:242:[m[K [01;35m[Kwarning: [m[Ktaking address of packed member of ‘[01m[K__mavlink_set_attitude_target_t[m[K’ may result in an unaligned pointer value [[01;35m[K-Waddress-of-packed-member[m[K]
[18.719s]   183 | rget->target_component, set_attitude_target->type_mask, [01;35m[Kset_attitude_target->q[m[K, set_attitude_target->body_roll_rate, set_attitude_target->body_pitch_rate, set_attitude_target->body_yaw_rate, set_attitude_target->thrust, set_attitude_target->thrust_body);
[18.720s]       |                                                         [01;35m[K~~~~~~~~~~~~~~~~~~~~~^[m[K
[18.720s] 
[18.720s] In file included from [01m[K/home/dtc/humanflow/ros2_ghadron_gimbal/src/gimbal_status/../PayloadSdk/libs/gSDK/src/mavlink/include/mavlink/v2.0/common/common.h:2567[m[K,
[18.720s]                  from [01m[K/home/dtc/humanflow/ros2_ghadron_gimbal/src/gimbal_status/../PayloadSdk/libs/gSDK/src/mavlink/include/mavlink/v2.0/common/mavlink.h:32[m[K,
[18.720s]                  from [01m[K/home/dtc/humanflow/ros2_ghadron_gimbal/src/gimbal_status/../PayloadSdk/libs/aarch64/payloadsdk.h:5[m[K,
[18.720s]                  from [01m[K/home/dtc/humanflow/ros2_ghadron_gimbal/src/gimbal_status/../PayloadSdk/libs/aarch64/payloadSdkInterface.h:5[m[K,
[18.720s]                  from [01m[K/home/dtc/humanflow/ros2_ghadron_gimbal/src/gimbal_status/src/gimbal_status_node.cpp:3[m[K:
[18.721s] [01m[K/home/dtc/humanflow/ros2_ghadron_gimbal/src/gimbal_status/../PayloadSdk/libs/gSDK/src/mavlink/include/mavlink/v2.0/common/./mavlink_msg_set_attitude_target.h:183:406:[m[K [01;35m[Kwarning: [m[Ktaking address of packed member of ‘[01m[K__mavlink_set_attitude_target_t[m[K’ may result in an unaligned pointer value [[01;35m[K-Waddress-of-packed-member[m[K]
[18.721s]   183 | ude_target->body_yaw_rate, set_attitude_target->thrust, [01;35m[Kset_attitude_target->thrust_body[m[K);
[18.730s]       |                                                         [01;35m[K~~~~~~~~~~~~~~~~~~~~~^~~~~~~~~~~[m[K
[18.731s] 
[18.732s] [01m[K/home/dtc/humanflow/ros2_ghadron_gimbal/src/gimbal_status/../PayloadSdk/libs/gSDK/src/mavlink/include/mavlink/v2.0/common/./mavlink_msg_set_attitude_target.h:[m[K In function ‘[01m[Kuint16_t mavlink_msg_set_attitude_target_encode_chan(uint8_t, uint8_t, uint8_t, mavlink_message_t*, const mavlink_set_attitude_target_t*)[m[K’:
[18.733s] [01m[K/home/dtc/humanflow/ros2_ghadron_gimbal/src/gimbal_status/../PayloadSdk/libs/gSDK/src/mavlink/include/mavlink/v2.0/common/./mavlink_msg_set_attitude_target.h:197:253:[m[K [01;35m[Kwarning: [m[Ktaking address of packed member of ‘[01m[K__mavlink_set_attitude_target_t[m[K’ may result in an unaligned pointer value [[01;35m[K-Waddress-of-packed-member[m[K]
[18.734s]   197 | rget->target_component, set_attitude_target->type_mask, [01;35m[Kset_attitude_target->q[m[K, set_attitude_target->body_roll_rate, set_attitude_target->body_pitch_rate, set_attitude_target->body_yaw_rate, set_attitude_target->thrust, set_attitude_target->thrust_body);
[18.735s]       |                                                         [01;35m[K~~~~~~~~~~~~~~~~~~~~~^[m[K
[18.736s] 
[18.737s] [01m[K/home/dtc/humanflow/ros2_ghadron_gimbal/src/gimbal_status/../PayloadSdk/libs/gSDK/src/mavlink/include/mavlink/v2.0/common/./mavlink_msg_set_attitude_target.h:197:417:[m[K [01;35m[Kwarning: [m[Ktaking address of packed member of ‘[01m[K__mavlink_set_attitude_target_t[m[K’ may result in an unaligned pointer value [[01;35m[K-Waddress-of-packed-member[m[K]
[18.738s]   197 | ude_target->body_yaw_rate, set_attitude_target->thrust, [01;35m[Kset_attitude_target->thrust_body[m[K);
[18.739s]       |                                                         [01;35m[K~~~~~~~~~~~~~~~~~~~~~^~~~~~~~~~~[m[K
[18.740s] 
[21.080s] In file included from [01m[K/home/dtc/humanflow/ros2_ghadron_gimbal/src/gimbal_status/../PayloadSdk/libs/gSDK/src/mavlink/include/mavlink/v2.0/common/common.h:2610[m[K,
[21.081s]                  from [01m[K/home/dtc/humanflow/ros2_ghadron_gimbal/src/gimbal_status/../PayloadSdk/libs/gSDK/src/mavlink/include/mavlink/v2.0/common/mavlink.h:32[m[K,
[21.082s]                  from [01m[K/home/dtc/humanflow/ros2_ghadron_gimbal/src/gimbal_status/../PayloadSdk/libs/aarch64/payloadsdk.h:5[m[K,
[21.083s]                  from [01m[K/home/dtc/humanflow/ros2_ghadron_gimbal/src/gimbal_status/../PayloadSdk/libs/aarch64/payloadSdkInterface.h:5[m[K,
[21.085s]                  from [01m[K/home/dtc/humanflow/ros2_ghadron_gimbal/src/gimbal_status/src/gimbal_status_node.cpp:3[m[K:
[21.086s] [01m[K/home/dtc/humanflow/ros2_ghadron_gimbal/src/gimbal_status/../PayloadSdk/libs/gSDK/src/mavlink/include/mavlink/v2.0/common/./mavlink_msg_distance_sensor.h:[m[K In function ‘[01m[Kuint16_t mavlink_msg_distance_sensor_encode(uint8_t, uint8_t, mavlink_message_t*, const mavlink_distance_sensor_t*)[m[K’:
[21.086s] [01m[K/home/dtc/humanflow/ros2_ghadron_gimbal/src/gimbal_status/../PayloadSdk/libs/gSDK/src/mavlink/include/mavlink/v2.0/common/./mavlink_msg_distance_sensor.h:200:387:[m[K [01;35m[Kwarning: [m[Ktaking address of packed member of ‘[01m[K__mavlink_distance_sensor_t[m[K’ may result in an unaligned pointer value [[01;35m[K-Waddress-of-packed-member[m[K]
[21.089s]   200 | ance_sensor->horizontal_fov, distance_sensor->vertical_fov, [01;35m[Kdistance_sensor->quaternion[m[K, distance_sensor->signal_quality);
[21.090s]       |                                                             [01;35m[K~~~~~~~~~~~~~~~~~^~~~~~~~~~[m[K
[21.092s] 
[21.093s] [01m[K/home/dtc/humanflow/ros2_ghadron_gimbal/src/gimbal_status/../PayloadSdk/libs/gSDK/src/mavlink/include/mavlink/v2.0/common/./mavlink_msg_distance_sensor.h:[m[K In function ‘[01m[Kuint16_t mavlink_msg_distance_sensor_encode_chan(uint8_t, uint8_t, uint8_t, mavlink_message_t*, const mavlink_distance_sensor_t*)[m[K’:
[21.094s] [01m[K/home/dtc/humanflow/ros2_ghadron_gimbal/src/gimbal_status/../PayloadSdk/libs/gSDK/src/mavlink/include/mavlink/v2.0/common/./mavlink_msg_distance_sensor.h:214:398:[m[K [01;35m[Kwarning: [m[Ktaking address of packed member of ‘[01m[K__mavlink_distance_sensor_t[m[K’ may result in an unaligned pointer value [[01;35m[K-Waddress-of-packed-member[m[K]
[21.096s]   214 | ance_sensor->horizontal_fov, distance_sensor->vertical_fov, [01;35m[Kdistance_sensor->quaternion[m[K, distance_sensor->signal_quality);
[21.096s]       |                                                             [01;35m[K~~~~~~~~~~~~~~~~~^~~~~~~~~~[m[K
[21.097s] 
[21.179s] In file included from [01m[K/home/dtc/humanflow/ros2_ghadron_gimbal/src/gimbal_status/../PayloadSdk/libs/gSDK/src/mavlink/include/mavlink/v2.0/common/common.h:2624[m[K,
[21.180s]                  from [01m[K/home/dtc/humanflow/ros2_ghadron_gimbal/src/gimbal_status/../PayloadSdk/libs/gSDK/src/mavlink/include/mavlink/v2.0/common/mavlink.h:32[m[K,
[21.181s]                  from [01m[K/home/dtc/humanflow/ros2_ghadron_gimbal/src/gimbal_status/../PayloadSdk/libs/aarch64/payloadsdk.h:5[m[K,
[21.182s]                  from [01m[K/home/dtc/humanflow/ros2_ghadron_gimbal/src/gimbal_status/../PayloadSdk/libs/aarch64/payloadSdkInterface.h:5[m[K,
[21.183s]                  from [01m[K/home/dtc/humanflow/ros2_ghadron_gimbal/src/gimbal_status/src/gimbal_status_node.cpp:3[m[K:
[21.184s] [01m[K/home/dtc/humanflow/ros2_ghadron_gimbal/src/gimbal_status/../PayloadSdk/libs/gSDK/src/mavlink/include/mavlink/v2.0/common/./mavlink_msg_battery_status.h:[m[K In function ‘[01m[Kuint16_t mavlink_msg_battery_status_encode(uint8_t, uint8_t, mavlink_message_t*, const mavlink_battery_status_t*)[m[K’:
[21.185s] [01m[K/home/dtc/humanflow/ros2_ghadron_gimbal/src/gimbal_status/../PayloadSdk/libs/gSDK/src/mavlink/include/mavlink/v2.0/common/./mavlink_msg_battery_status.h:219:195:[m[K [01;35m[Kwarning: [m[Ktaking address of packed member of ‘[01m[K__mavlink_battery_status_t[m[K’ may result in an unaligned pointer value [[01;35m[K-Waddress-of-packed-member[m[K]
[21.186s]   219 | function, battery_status->type, battery_status->temperature, [01;35m[Kbattery_status->voltages[m[K, battery_status->current_battery, battery_status->current_consumed, battery_status->energy_consumed, battery_status->battery_remaining, battery_status->time_remaining, battery_status->charge_state, battery_status->voltages_ext, battery_status->mode, battery_status->fault_bitmask);
[21.187s]       |                                                              [01;35m[K~~~~~~~~~~~~~~~~^~~~~~~~[m[K
[21.188s] 
[21.190s] [01m[K/home/dtc/humanflow/ros2_ghadron_gimbal/src/gimbal_status/../PayloadSdk/libs/gSDK/src/mavlink/include/mavlink/v2.0/common/./mavlink_msg_battery_status.h:219:418:[m[K [01;35m[Kwarning: [m[Ktaking address of packed member of ‘[01m[K__mavlink_battery_status_t[m[K’ may result in an unaligned pointer value [[01;35m[K-Waddress-of-packed-member[m[K]
[21.191s]   219 | attery_status->time_remaining, battery_status->charge_state, [01;35m[Kbattery_status->voltages_ext[m[K, battery_status->mode, battery_status->fault_bitmask);
[21.192s]       |                                                              [01;35m[K~~~~~~~~~~~~~~~~^~~~~~~~~~~~[m[K
[21.193s] 
[21.194s] [01m[K/home/dtc/humanflow/ros2_ghadron_gimbal/src/gimbal_status/../PayloadSdk/libs/gSDK/src/mavlink/include/mavlink/v2.0/common/./mavlink_msg_battery_status.h:[m[K In function ‘[01m[Kuint16_t mavlink_msg_battery_status_encode_chan(uint8_t, uint8_t, uint8_t, mavlink_message_t*, const mavlink_battery_status_t*)[m[K’:
[21.195s] [01m[K/home/dtc/humanflow/ros2_ghadron_gimbal/src/gimbal_status/../PayloadSdk/libs/gSDK/src/mavlink/include/mavlink/v2.0/common/./mavlink_msg_battery_status.h:233:206:[m[K [01;35m[Kwarning: [m[Ktaking address of packed member of ‘[01m[K__mavlink_battery_status_t[m[K’ may result in an unaligned pointer value [[01;35m[K-Waddress-of-packed-member[m[K]
[21.196s]   233 | function, battery_status->type, battery_status->temperature, [01;35m[Kbattery_status->voltages[m[K, battery_status->current_battery, battery_status->current_consumed, battery_status->energy_consumed, battery_status->battery_remaining, battery_status->time_remaining, battery_status->charge_state, battery_status->voltages_ext, battery_status->mode, battery_status->fault_bitmask);
[21.197s]       |                                                              [01;35m[K~~~~~~~~~~~~~~~~^~~~~~~~[m[K
[21.199s] 
[21.200s] [01m[K/home/dtc/humanflow/ros2_ghadron_gimbal/src/gimbal_status/../PayloadSdk/libs/gSDK/src/mavlink/include/mavlink/v2.0/common/./mavlink_msg_battery_status.h:233:429:[m[K [01;35m[Kwarning: [m[Ktaking address of packed member of ‘[01m[K__mavlink_battery_status_t[m[K’ may result in an unaligned pointer value [[01;35m[K-Waddress-of-packed-member[m[K]
[21.203s]   233 | attery_status->time_remaining, battery_status->charge_state, [01;35m[Kbattery_status->voltages_ext[m[K, battery_status->mode, battery_status->fault_bitmask);
[21.204s]       |                                                              [01;35m[K~~~~~~~~~~~~~~~~^~~~~~~~~~~~[m[K
[21.206s] 
[21.223s] In file included from [01m[K/home/dtc/humanflow/ros2_ghadron_gimbal/src/gimbal_status/../PayloadSdk/libs/gSDK/src/mavlink/include/mavlink/v2.0/common/common.h:2626[m[K,
[21.225s]                  from [01m[K/home/dtc/humanflow/ros2_ghadron_gimbal/src/gimbal_status/../PayloadSdk/libs/gSDK/src/mavlink/include/mavlink/v2.0/common/mavlink.h:32[m[K,
[21.225s]                  from [01m[K/home/dtc/humanflow/ros2_ghadron_gimbal/src/gimbal_status/../PayloadSdk/libs/aarch64/payloadsdk.h:5[m[K,
[21.226s]                  from [01m[K/home/dtc/humanflow/ros2_ghadron_gimbal/src/gimbal_status/../PayloadSdk/libs/aarch64/payloadSdkInterface.h:5[m[K,
[21.227s]                  from [01m[K/home/dtc/humanflow/ros2_ghadron_gimbal/src/gimbal_status/src/gimbal_status_node.cpp:3[m[K:
[21.228s] [01m[K/home/dtc/humanflow/ros2_ghadron_gimbal/src/gimbal_status/../PayloadSdk/libs/gSDK/src/mavlink/include/mavlink/v2.0/common/./mavlink_msg_landing_target.h:[m[K In function ‘[01m[Kuint16_t mavlink_msg_landing_target_encode(uint8_t, uint8_t, mavlink_message_t*, const mavlink_landing_target_t*)[m[K’:
[21.232s] [01m[K/home/dtc/humanflow/ros2_ghadron_gimbal/src/gimbal_status/../PayloadSdk/libs/gSDK/src/mavlink/include/mavlink/v2.0/common/./mavlink_msg_landing_target.h:218:349:[m[K [01;35m[Kwarning: [m[Ktaking address of packed member of ‘[01m[K__mavlink_landing_target_t[m[K’ may result in an unaligned pointer value [[01;35m[K-Waddress-of-packed-member[m[K]
[21.233s]   218 | _y, landing_target->x, landing_target->y, landing_target->z, [01;35m[Klanding_target->q[m[K, landing_target->type, landing_target->position_valid);
[21.234s]       |                                                              [01;35m[K~~~~~~~~~~~~~~~~^[m[K
[21.236s] 
[21.237s] [01m[K/home/dtc/humanflow/ros2_ghadron_gimbal/src/gimbal_status/../PayloadSdk/libs/gSDK/src/mavlink/include/mavlink/v2.0/common/./mavlink_msg_landing_target.h:[m[K In function ‘[01m[Kuint16_t mavlink_msg_landing_target_encode_chan(uint8_t, uint8_t, uint8_t, mavlink_message_t*, const mavlink_landing_target_t*)[m[K’:
[21.238s] [01m[K/home/dtc/humanflow/ros2_ghadron_gimbal/src/gimbal_status/../PayloadSdk/libs/gSDK/src/mavlink/include/mavlink/v2.0/common/./mavlink_msg_landing_target.h:232:360:[m[K [01;35m[Kwarning: [m[Ktaking address of packed member of ‘[01m[K__mavlink_landing_target_t[m[K’ may result in an unaligned pointer value [[01;35m[K-Waddress-of-packed-member[m[K]
[21.241s]   232 | _y, landing_target->x, landing_target->y, landing_target->z, [01;35m[Klanding_target->q[m[K, landing_target->type, landing_target->position_valid);
[21.242s]       |                                                              [01;35m[K~~~~~~~~~~~~~~~~^[m[K
[21.243s] 
[21.322s] In file included from [01m[K/home/dtc/humanflow/ros2_ghadron_gimbal/src/gimbal_status/../PayloadSdk/libs/gSDK/src/mavlink/include/mavlink/v2.0/common/common.h:2637[m[K,
[21.323s]                  from [01m[K/home/dtc/humanflow/ros2_ghadron_gimbal/src/gimbal_status/../PayloadSdk/libs/gSDK/src/mavlink/include/mavlink/v2.0/common/mavlink.h:32[m[K,
[21.324s]                  from [01m[K/home/dtc/humanflow/ros2_ghadron_gimbal/src/gimbal_status/../PayloadSdk/libs/aarch64/payloadsdk.h:5[m[K,
[21.326s]                  from [01m[K/home/dtc/humanflow/ros2_ghadron_gimbal/src/gimbal_status/../PayloadSdk/libs/aarch64/payloadSdkInterface.h:5[m[K,
[21.327s]                  from [01m[K/home/dtc/humanflow/ros2_ghadron_gimbal/src/gimbal_status/src/gimbal_status_node.cpp:3[m[K:
[21.328s] [01m[K/home/dtc/humanflow/ros2_ghadron_gimbal/src/gimbal_status/../PayloadSdk/libs/gSDK/src/mavlink/include/mavlink/v2.0/common/./mavlink_msg_home_position.h:[m[K In function ‘[01m[Kuint16_t mavlink_msg_home_position_encode(uint8_t, uint8_t, mavlink_message_t*, const mavlink_home_position_t*)[m[K’:
[21.330s] [01m[K/home/dtc/humanflow/ros2_ghadron_gimbal/src/gimbal_status/../PayloadSdk/libs/gSDK/src/mavlink/include/mavlink/v2.0/common/./mavlink_msg_home_position.h:191:218:[m[K [01;35m[Kwarning: [m[Ktaking address of packed member of ‘[01m[K__mavlink_home_position_t[m[K’ may result in an unaligned pointer value [[01;35m[K-Waddress-of-packed-member[m[K]
[21.335s]   191 | titude, home_position->x, home_position->y, home_position->z, [01;35m[Khome_position->q[m[K, home_position->approach_x, home_position->approach_y, home_position->approach_z, home_position->time_usec);
[21.336s]       |                                                               [01;35m[K~~~~~~~~~~~~~~~^[m[K
[21.337s] 
[21.339s] [01m[K/home/dtc/humanflow/ros2_ghadron_gimbal/src/gimbal_status/../PayloadSdk/libs/gSDK/src/mavlink/include/mavlink/v2.0/common/./mavlink_msg_home_position.h:[m[K In function ‘[01m[Kuint16_t mavlink_msg_home_position_encode_chan(uint8_t, uint8_t, uint8_t, mavlink_message_t*, const mavlink_home_position_t*)[m[K’:
[21.342s] [01m[K/home/dtc/humanflow/ros2_ghadron_gimbal/src/gimbal_status/../PayloadSdk/libs/gSDK/src/mavlink/include/mavlink/v2.0/common/./mavlink_msg_home_position.h:205:229:[m[K [01;35m[Kwarning: [m[Ktaking address of packed member of ‘[01m[K__mavlink_home_position_t[m[K’ may result in an unaligned pointer value [[01;35m[K-Waddress-of-packed-member[m[K]
[21.343s]   205 | titude, home_position->x, home_position->y, home_position->z, [01;35m[Khome_position->q[m[K, home_position->approach_x, home_position->approach_y, home_position->approach_z, home_position->time_usec);
[21.345s]       |                                                               [01;35m[K~~~~~~~~~~~~~~~^[m[K
[21.346s] 
[21.348s] In file included from [01m[K/home/dtc/humanflow/ros2_ghadron_gimbal/src/gimbal_status/../PayloadSdk/libs/gSDK/src/mavlink/include/mavlink/v2.0/common/common.h:2638[m[K,
[21.349s]                  from [01m[K/home/dtc/humanflow/ros2_ghadron_gimbal/src/gimbal_status/../PayloadSdk/libs/gSDK/src/mavlink/include/mavlink/v2.0/common/mavlink.h:32[m[K,
[21.350s]                  from [01m[K/home/dtc/humanflow/ros2_ghadron_gimbal/src/gimbal_status/../PayloadSdk/libs/aarch64/payloadsdk.h:5[m[K,
[21.351s]                  from [01m[K/home/dtc/humanflow/ros2_ghadron_gimbal/src/gimbal_status/../PayloadSdk/libs/aarch64/payloadSdkInterface.h:5[m[K,
[21.352s]                  from [01m[K/home/dtc/humanflow/ros2_ghadron_gimbal/src/gimbal_status/src/gimbal_status_node.cpp:3[m[K:
[21.353s] [01m[K/home/dtc/humanflow/ros2_ghadron_gimbal/src/gimbal_status/../PayloadSdk/libs/gSDK/src/mavlink/include/mavlink/v2.0/common/./mavlink_msg_set_home_position.h:[m[K In function ‘[01m[Kuint16_t mavlink_msg_set_home_position_encode(uint8_t, uint8_t, mavlink_message_t*, const mavlink_set_home_position_t*)[m[K’:
[21.357s] [01m[K/home/dtc/humanflow/ros2_ghadron_gimbal/src/gimbal_status/../PayloadSdk/libs/gSDK/src/mavlink/include/mavlink/v2.0/common/./mavlink_msg_set_home_position.h:200:284:[m[K [01;35m[Kwarning: [m[Ktaking address of packed member of ‘[01m[K__mavlink_set_home_position_t[m[K’ may result in an unaligned pointer value [[01;35m[K-Waddress-of-packed-member[m[K]
[21.358s]   200 | _position->x, set_home_position->y, set_home_position->z, [01;35m[Kset_home_position->q[m[K, set_home_position->approach_x, set_home_position->approach_y, set_home_position->approach_z, set_home_position->time_usec);
[21.359s]       |                                                           [01;35m[K~~~~~~~~~~~~~~~~~~~^[m[K
[21.360s] 
[21.361s] [01m[K/home/dtc/humanflow/ros2_ghadron_gimbal/src/gimbal_status/../PayloadSdk/libs/gSDK/src/mavlink/include/mavlink/v2.0/common/./mavlink_msg_set_home_position.h:[m[K In function ‘[01m[Kuint16_t mavlink_msg_set_home_position_encode_chan(uint8_t, uint8_t, uint8_t, mavlink_message_t*, const mavlink_set_home_position_t*)[m[K’:
[21.362s] [01m[K/home/dtc/humanflow/ros2_ghadron_gimbal/src/gimbal_status/../PayloadSdk/libs/gSDK/src/mavlink/include/mavlink/v2.0/common/./mavlink_msg_set_home_position.h:214:295:[m[K [01;35m[Kwarning: [m[Ktaking address of packed member of ‘[01m[K__mavlink_set_home_position_t[m[K’ may result in an unaligned pointer value [[01;35m[K-Waddress-of-packed-member[m[K]
[21.364s]   214 | _position->x, set_home_position->y, set_home_position->z, [01;35m[Kset_home_position->q[m[K, set_home_position->approach_x, set_home_position->approach_y, set_home_position->approach_z, set_home_position->time_usec);
[21.373s]       |                                                           [01;35m[K~~~~~~~~~~~~~~~~~~~^[m[K
[21.374s] 
[21.600s] In file included from [01m[K/home/dtc/humanflow/ros2_ghadron_gimbal/src/gimbal_status/../PayloadSdk/libs/gSDK/src/mavlink/include/mavlink/v2.0/common/common.h:2688[m[K,
[21.603s]                  from [01m[K/home/dtc/humanflow/ros2_ghadron_gimbal/src/gimbal_status/../PayloadSdk/libs/gSDK/src/mavlink/include/mavlink/v2.0/common/mavlink.h:32[m[K,
[21.604s]                  from [01m[K/home/dtc/humanflow/ros2_ghadron_gimbal/src/gimbal_status/../PayloadSdk/libs/aarch64/payloadsdk.h:5[m[K,
[21.605s]                  from [01m[K/home/dtc/humanflow/ros2_ghadron_gimbal/src/gimbal_status/../PayloadSdk/libs/aarch64/payloadSdkInterface.h:5[m[K,
[21.606s]                  from [01m[K/home/dtc/humanflow/ros2_ghadron_gimbal/src/gimbal_status/src/gimbal_status_node.cpp:3[m[K:
[21.607s] [01m[K/home/dtc/humanflow/ros2_ghadron_gimbal/src/gimbal_status/../PayloadSdk/libs/gSDK/src/mavlink/include/mavlink/v2.0/common/./mavlink_msg_obstacle_distance.h:[m[K In function ‘[01m[Kuint16_t mavlink_msg_obstacle_distance_encode(uint8_t, uint8_t, mavlink_message_t*, const mavlink_obstacle_distance_t*)[m[K’:
[21.608s] [01m[K/home/dtc/humanflow/ros2_ghadron_gimbal/src/gimbal_status/../PayloadSdk/libs/gSDK/src/mavlink/include/mavlink/v2.0/common/./mavlink_msg_obstacle_distance.h:173:158:[m[K [01;35m[Kwarning: [m[Ktaking address of packed member of ‘[01m[K__mavlink_obstacle_distance_t[m[K’ may result in an unaligned pointer value [[01;35m[K-Waddress-of-packed-member[m[K]
[21.611s]   173 | acle_distance->time_usec, obstacle_distance->sensor_type, [01;35m[Kobstacle_distance->distances[m[K, obstacle_distance->increment, obstacle_distance->min_distance, obstacle_distance->max_distance, obstacle_distance->increment_f, obstacle_distance->angle_offset, obstacle_distance->frame);
[21.612s]       |                                                           [01;35m[K~~~~~~~~~~~~~~~~~~~^~~~~~~~~[m[K
[21.613s] 
[21.615s] [01m[K/home/dtc/humanflow/ros2_ghadron_gimbal/src/gimbal_status/../PayloadSdk/libs/gSDK/src/mavlink/include/mavlink/v2.0/common/./mavlink_msg_obstacle_distance.h:[m[K In function ‘[01m[Kuint16_t mavlink_msg_obstacle_distance_encode_chan(uint8_t, uint8_t, uint8_t, mavlink_message_t*, const mavlink_obstacle_distance_t*)[m[K’:
[21.616s] [01m[K/home/dtc/humanflow/ros2_ghadron_gimbal/src/gimbal_status/../PayloadSdk/libs/gSDK/src/mavlink/include/mavlink/v2.0/common/./mavlink_msg_obstacle_distance.h:187:169:[m[K [01;35m[Kwarning: [m[Ktaking address of packed member of ‘[01m[K__mavlink_obstacle_distance_t[m[K’ may result in an unaligned pointer value [[01;35m[K-Waddress-of-packed-member[m[K]
[21.617s]   187 | acle_distance->time_usec, obstacle_distance->sensor_type, [01;35m[Kobstacle_distance->distances[m[K, obstacle_distance->increment, obstacle_distance->min_distance, obstacle_distance->max_distance, obstacle_distance->increment_f, obstacle_distance->angle_offset, obstacle_distance->frame);
[21.618s]       |                                                           [01;35m[K~~~~~~~~~~~~~~~~~~~^~~~~~~~~[m[K
[21.619s] 
[21.814s] In file included from [01m[K/home/dtc/humanflow/ros2_ghadron_gimbal/src/gimbal_status/../PayloadSdk/libs/gSDK/src/gimbal_protocol_v2.h:37[m[K,
[21.815s]                  from [01m[K/home/dtc/humanflow/ros2_ghadron_gimbal/src/gimbal_status/../PayloadSdk/libs/aarch64/payloadSdkInterface.h:6[m[K,
[21.816s]                  from [01m[K/home/dtc/humanflow/ros2_ghadron_gimbal/src/gimbal_status/src/gimbal_status_node.cpp:3[m[K:
[21.817s] [01m[K/home/dtc/humanflow/ros2_ghadron_gimbal/src/gimbal_status/../PayloadSdk/libs/gSDK/src/gimbal_protocol.h:[m[K At global scope:
[21.818s] [01m[K/home/dtc/humanflow/ros2_ghadron_gimbal/src/gimbal_status/../PayloadSdk/libs/gSDK/src/gimbal_protocol.h:255:36:[m[K [01;35m[Kwarning: [m[Kmissing initializer for member ‘[01m[K__mavlink_system::compid[m[K’ [[01;35m[K-Wmissing-field-initializers[m[K]
[21.819s]   255 |     mavlink_system_t _gimbal = { 0 [01;35m[K}[m[K;
[21.820s]       |                                    [01;35m[K^[m[K
[21.821s] [01m[K/home/dtc/humanflow/ros2_ghadron_gimbal/src/gimbal_status/../PayloadSdk/libs/gSDK/src/gimbal_protocol.h:258:38:[m[K [01;35m[Kwarning: [m[Kmissing initializer for member ‘[01m[K__mavlink_command_ack_t::result[m[K’ [[01;35m[K-Wmissing-field-initializers[m[K]
[21.822s]   258 |     mavlink_command_ack_t _ack = { 0 [01;35m[K}[m[K;
[21.823s]       |                                      [01;35m[K^[m[K
[21.823s] [01m[K/home/dtc/humanflow/ros2_ghadron_gimbal/src/gimbal_status/../PayloadSdk/libs/gSDK/src/gimbal_protocol.h:258:38:[m[K [01;35m[Kwarning: [m[Kmissing initializer for member ‘[01m[K__mavlink_command_ack_t::progress[m[K’ [[01;35m[K-Wmissing-field-initializers[m[K]
[21.824s] [01m[K/home/dtc/humanflow/ros2_ghadron_gimbal/src/gimbal_status/../PayloadSdk/libs/gSDK/src/gimbal_protocol.h:258:38:[m[K [01;35m[Kwarning: [m[Kmissing initializer for member ‘[01m[K__mavlink_command_ack_t::result_param2[m[K’ [[01;35m[K-Wmissing-field-initializers[m[K]
[21.826s] [01m[K/home/dtc/humanflow/ros2_ghadron_gimbal/src/gimbal_status/../PayloadSdk/libs/gSDK/src/gimbal_protocol.h:258:38:[m[K [01;35m[Kwarning: [m[Kmissing initializer for member ‘[01m[K__mavlink_command_ack_t::target_system[m[K’ [[01;35m[K-Wmissing-field-initializers[m[K]
[21.827s] [01m[K/home/dtc/humanflow/ros2_ghadron_gimbal/src/gimbal_status/../PayloadSdk/libs/gSDK/src/gimbal_protocol.h:258:38:[m[K [01;35m[Kwarning: [m[Kmissing initializer for member ‘[01m[K__mavlink_command_ack_t::target_component[m[K’ [[01;35m[K-Wmissing-field-initializers[m[K]
[28.130s] In file included from [01m[K/home/dtc/humanflow/ros2_ghadron_gimbal/src/gimbal_status/../PayloadSdk/libs/aarch64/payloadSdkInterface.h:5[m[K,
[28.131s]                  from [01m[K/home/dtc/humanflow/ros2_ghadron_gimbal/src/gimbal_status/src/gimbal_status_node.cpp:3[m[K:
[28.132s] [01m[K/home/dtc/humanflow/ros2_ghadron_gimbal/src/gimbal_status/../PayloadSdk/libs/aarch64/payloadsdk.h:27:12:[m[K [01;35m[Kwarning: [m[K‘[01m[Kpayload_uart_baud[m[K’ defined but not used [[01;35m[K-Wunused-variable[m[K]
[28.133s]    27 | static int [01;35m[Kpayload_uart_baud[m[K = 115200;
[28.134s]       |            [01;35m[K^~~~~~~~~~~~~~~~~[m[K
[28.136s] [01m[K/home/dtc/humanflow/ros2_ghadron_gimbal/src/gimbal_status/../PayloadSdk/libs/aarch64/payloadsdk.h:26:14:[m[K [01;35m[Kwarning: [m[K‘[01m[Kpayload_uart_port[m[K’ defined but not used [[01;35m[K-Wunused-variable[m[K]
[28.137s]    26 | static char *[01;35m[Kpayload_uart_port[m[K = (char*)"/dev/ttyUSB0";
[28.138s]       |              [01;35m[K^~~~~~~~~~~~~~~~~[m[K
[33.935s] [100%] [32m[1mLinking CXX executable gimbal_status_node[0m
[34.680s] [100%] Built target gimbal_status_node
[34.716s] Invoked command in '/home/dtc/humanflow/ros2_ghadron_gimbal/build/gimbal_status' returned '0': CMAKE_PREFIX_PATH=${CMAKE_PREFIX_PATH}:/home/dtc/humanflow/ros2_ghadron_gimbal/install/gimbal_bringup:/home/dtc/humanflow/ros2_ghadron_gimbal/install/yolo_detection:/home/dtc/humanflow/ros2_ghadron_gimbal/install/stream_publisher:/home/dtc/humanflow/ros2_ghadron_gimbal/install/rtsp_viewer:/home/dtc/humanflow/ros2_ghadron_gimbal/install/image_viewer:/home/dtc/humanflow/ros2_ghadron_gimbal/install/human_tracking:/opt/ros/humble /usr/bin/cmake --build /home/dtc/humanflow/ros2_ghadron_gimbal/build/gimbal_status -- -j4 -l4
[34.747s] Invoking command in '/home/dtc/humanflow/ros2_ghadron_gimbal/build/gimbal_status': CMAKE_PREFIX_PATH=${CMAKE_PREFIX_PATH}:/home/dtc/humanflow/ros2_ghadron_gimbal/install/gimbal_bringup:/home/dtc/humanflow/ros2_ghadron_gimbal/install/yolo_detection:/home/dtc/humanflow/ros2_ghadron_gimbal/install/stream_publisher:/home/dtc/humanflow/ros2_ghadron_gimbal/install/rtsp_viewer:/home/dtc/humanflow/ros2_ghadron_gimbal/install/image_viewer:/home/dtc/humanflow/ros2_ghadron_gimbal/install/human_tracking:/opt/ros/humble /usr/bin/cmake --install /home/dtc/humanflow/ros2_ghadron_gimbal/build/gimbal_status
[34.773s] -- Install configuration: "Debug"
[34.776s] -- Installing: /home/dtc/humanflow/ros2_ghadron_gimbal/install/gimbal_status/lib/gimbal_status/gimbal_status_node
[34.963s] -- Set runtime path of "/home/dtc/humanflow/ros2_ghadron_gimbal/install/gimbal_status/lib/gimbal_status/gimbal_status_node" to ""
[34.965s] -- Up-to-date: /home/dtc/humanflow/ros2_ghadron_gimbal/install/gimbal_status/share/ament_index/resource_index/package_run_dependencies/gimbal_status
[34.967s] -- Installing: /home/dtc/humanflow/ros2_ghadron_gimbal/install/gimbal_status/share/ament_index/resource_index/parent_prefix_path/gimbal_status
[34.971s] -- Installing: /home/dtc/humanflow/ros2_ghadron_gimbal/install/gimbal_status/share/gimbal_status/environment/ament_prefix_path.sh
[34.976s] -- Installing: /home/dtc/humanflow/ros2_ghadron_gimbal/install/gimbal_status/share/gimbal_status/environment/ament_prefix_path.dsv
[34.980s] -- Installing: /home/dtc/humanflow/ros2_ghadron_gimbal/install/gimbal_status/share/gimbal_status/environment/path.sh
[34.982s] -- Installing: /home/dtc/humanflow/ros2_ghadron_gimbal/install/gimbal_status/share/gimbal_status/environment/path.dsv
[34.986s] -- Up-to-date: /home/dtc/humanflow/ros2_ghadron_gimbal/install/gimbal_status/share/gimbal_status/local_setup.bash
[34.988s] -- Up-to-date: /home/dtc/humanflow/ros2_ghadron_gimbal/install/gimbal_status/share/gimbal_status/local_setup.sh
[34.990s] -- Up-to-date: /home/dtc/humanflow/ros2_ghadron_gimbal/install/gimbal_status/share/gimbal_status/local_setup.zsh
[34.991s] -- Installing: /home/dtc/humanflow/ros2_ghadron_gimbal/install/gimbal_status/share/gimbal_status/local_setup.dsv
[34.995s] -- Installing: /home/dtc/humanflow/ros2_ghadron_gimbal/install/gimbal_status/share/gimbal_status/package.dsv
[34.999s] -- Up-to-date: /home/dtc/humanflow/ros2_ghadron_gimbal/install/gimbal_status/share/ament_index/resource_index/packages/gimbal_status
[35.001s] -- Up-to-date: /home/dtc/humanflow/ros2_ghadron_gimbal/install/gimbal_status/share/gimbal_status/cmake/gimbal_statusConfig.cmake
[35.002s] -- Up-to-date: /home/dtc/humanflow/ros2_ghadron_gimbal/install/gimbal_status/share/gimbal_status/cmake/gimbal_statusConfig-version.cmake
[35.004s] -- Up-to-date: /home/dtc/humanflow/ros2_ghadron_gimbal/install/gimbal_status/share/gimbal_status/package.xml
[35.013s] Invoked command in '/home/dtc/humanflow/ros2_ghadron_gimbal/build/gimbal_status' returned '0': CMAKE_PREFIX_PATH=${CMAKE_PREFIX_PATH}:/home/dtc/humanflow/ros2_ghadron_gimbal/install/gimbal_bringup:/home/dtc/humanflow/ros2_ghadron_gimbal/install/yolo_detection:/home/dtc/humanflow/ros2_ghadron_gimbal/install/stream_publisher:/home/dtc/humanflow/ros2_ghadron_gimbal/install/rtsp_viewer:/home/dtc/humanflow/ros2_ghadron_gimbal/install/image_viewer:/home/dtc/humanflow/ros2_ghadron_gimbal/install/human_tracking:/opt/ros/humble /usr/bin/cmake --install /home/dtc/humanflow/ros2_ghadron_gimbal/build/gimbal_status
