[0.034s] Invoking command in '/home/dtc/humanflow/ros2_ghadron_gimbal/build/gimbal_angle_control': CMAKE_PREFIX_PATH=/opt/ros/humble /usr/bin/cmake --build /home/dtc/humanflow/ros2_ghadron_gimbal/build/gimbal_angle_control -- -j4 -l4
[0.553s] [100%] Built target gimbal_angle_control_node
[0.575s] Invoked command in '/home/dtc/humanflow/ros2_ghadron_gimbal/build/gimbal_angle_control' returned '0': CMAKE_PREFIX_PATH=/opt/ros/humble /usr/bin/cmake --build /home/dtc/humanflow/ros2_ghadron_gimbal/build/gimbal_angle_control -- -j4 -l4
[0.577s] Invoking command in '/home/dtc/humanflow/ros2_ghadron_gimbal/build/gimbal_angle_control': CMAKE_PREFIX_PATH=/opt/ros/humble /usr/bin/cmake --install /home/dtc/humanflow/ros2_ghadron_gimbal/build/gimbal_angle_control
[0.604s] -- Install configuration: "Debug"
[0.605s] -- Up-to-date: /home/dtc/humanflow/ros2_ghadron_gimbal/install/gimbal_angle_control/lib/gimbal_angle_control/gimbal_angle_control_node
[0.605s] -- Up-to-date: /home/dtc/humanflow/ros2_ghadron_gimbal/install/gimbal_angle_control/share/ament_index/resource_index/package_run_dependencies/gimbal_angle_control
[0.605s] -- Up-to-date: /home/dtc/humanflow/ros2_ghadron_gimbal/install/gimbal_angle_control/share/ament_index/resource_index/parent_prefix_path/gimbal_angle_control
[0.605s] -- Up-to-date: /home/dtc/humanflow/ros2_ghadron_gimbal/install/gimbal_angle_control/share/gimbal_angle_control/environment/ament_prefix_path.sh
[0.605s] -- Up-to-date: /home/dtc/humanflow/ros2_ghadron_gimbal/install/gimbal_angle_control/share/gimbal_angle_control/environment/ament_prefix_path.dsv
[0.605s] -- Up-to-date: /home/dtc/humanflow/ros2_ghadron_gimbal/install/gimbal_angle_control/share/gimbal_angle_control/environment/path.sh
[0.605s] -- Up-to-date: /home/dtc/humanflow/ros2_ghadron_gimbal/install/gimbal_angle_control/share/gimbal_angle_control/environment/path.dsv
[0.605s] -- Up-to-date: /home/dtc/humanflow/ros2_ghadron_gimbal/install/gimbal_angle_control/share/gimbal_angle_control/local_setup.bash
[0.606s] -- Up-to-date: /home/dtc/humanflow/ros2_ghadron_gimbal/install/gimbal_angle_control/share/gimbal_angle_control/local_setup.sh
[0.606s] -- Up-to-date: /home/dtc/humanflow/ros2_ghadron_gimbal/install/gimbal_angle_control/share/gimbal_angle_control/local_setup.zsh
[0.606s] -- Up-to-date: /home/dtc/humanflow/ros2_ghadron_gimbal/install/gimbal_angle_control/share/gimbal_angle_control/local_setup.dsv
[0.606s] -- Installing: /home/dtc/humanflow/ros2_ghadron_gimbal/install/gimbal_angle_control/share/gimbal_angle_control/package.dsv
[0.606s] -- Up-to-date: /home/dtc/humanflow/ros2_ghadron_gimbal/install/gimbal_angle_control/share/ament_index/resource_index/packages/gimbal_angle_control
[0.606s] -- Up-to-date: /home/dtc/humanflow/ros2_ghadron_gimbal/install/gimbal_angle_control/share/gimbal_angle_control/cmake/gimbal_angle_controlConfig.cmake
[0.606s] -- Up-to-date: /home/dtc/humanflow/ros2_ghadron_gimbal/install/gimbal_angle_control/share/gimbal_angle_control/cmake/gimbal_angle_controlConfig-version.cmake
[0.607s] -- Up-to-date: /home/dtc/humanflow/ros2_ghadron_gimbal/install/gimbal_angle_control/share/gimbal_angle_control/package.xml
[0.651s] Invoked command in '/home/dtc/humanflow/ros2_ghadron_gimbal/build/gimbal_angle_control' returned '0': CMAKE_PREFIX_PATH=/opt/ros/humble /usr/bin/cmake --install /home/dtc/humanflow/ros2_ghadron_gimbal/build/gimbal_angle_control
