[0.073s] Invoking command in '/home/dtc/humanflow/ros2_ghadron_gimbal/build/eo_zoom': CMAKE_PREFIX_PATH=${CMAKE_PREFIX_PATH}:/home/dtc/humanflow/ros2_ghadron_gimbal/install/gimbal_bringup:/home/dtc/humanflow/ros2_ghadron_gimbal/install/yolo_detection:/home/dtc/humanflow/ros2_ghadron_gimbal/install/stream_publisher:/home/dtc/humanflow/ros2_ghadron_gimbal/install/rtsp_viewer:/home/dtc/humanflow/ros2_ghadron_gimbal/install/image_viewer:/home/dtc/humanflow/ros2_ghadron_gimbal/install/human_tracking:/opt/ros/humble /usr/bin/cmake --build /home/dtc/humanflow/ros2_ghadron_gimbal/build/eo_zoom -- -j4 -l4
[0.163s] [0m-- GHADRON: 1[0m
[0.166s] -- Found ament_cmake: 1.3.11 (/opt/ros/humble/share/ament_cmake/cmake)
[0.559s] -- Found rclcpp: 16.0.11 (/opt/ros/humble/share/rclcpp/cmake)
[0.679s] -- Found rosidl_generator_c: 3.1.6 (/opt/ros/humble/share/rosidl_generator_c/cmake)
[0.689s] -- Found rosidl_adapter: 3.1.6 (/opt/ros/humble/share/rosidl_adapter/cmake)
[0.717s] -- Found rosidl_generator_cpp: 3.1.6 (/opt/ros/humble/share/rosidl_generator_cpp/cmake)
[0.763s] -- Using all available rosidl_typesupport_c: rosidl_typesupport_fastrtps_c;rosidl_typesupport_introspection_c
[0.801s] -- Using all available rosidl_typesupport_cpp: rosidl_typesupport_fastrtps_cpp;rosidl_typesupport_introspection_cpp
[0.900s] -- Found rmw_implementation_cmake: 6.1.2 (/opt/ros/humble/share/rmw_implementation_cmake/cmake)
[0.907s] -- Found rmw_fastrtps_cpp: 6.2.7 (/opt/ros/humble/share/rmw_fastrtps_cpp/cmake)
[1.199s] -- Using RMW implementation 'rmw_fastrtps_cpp' as default
[1.379s] [31mCMake Error at CMakeLists.txt:45 (message):
[1.384s]   Failed to build PayloadSDK: [0mCMake Error: The source directory
[1.386s]   "/home/dtc/humanflow/ros2_ghadron_gimbal/src/PayloadSdk" does not appear to
[1.390s]   contain CMakeLists.txt.
[1.392s] 
[1.395s]   Specify --help for usage, or press the help button on the CMake GUI.[0m
[1.396s] 
[1.397s] 
[1.398s] [0m
[1.401s] -- Configuring incomplete, errors occurred!
[1.401s] See also "/home/dtc/humanflow/ros2_ghadron_gimbal/build/eo_zoom/CMakeFiles/CMakeOutput.log".
[1.438s] gmake: *** [Makefile:267: cmake_check_build_system] Error 1
[1.445s] Invoked command in '/home/dtc/humanflow/ros2_ghadron_gimbal/build/eo_zoom' returned '2': CMAKE_PREFIX_PATH=${CMAKE_PREFIX_PATH}:/home/dtc/humanflow/ros2_ghadron_gimbal/install/gimbal_bringup:/home/dtc/humanflow/ros2_ghadron_gimbal/install/yolo_detection:/home/dtc/humanflow/ros2_ghadron_gimbal/install/stream_publisher:/home/dtc/humanflow/ros2_ghadron_gimbal/install/rtsp_viewer:/home/dtc/humanflow/ros2_ghadron_gimbal/install/image_viewer:/home/dtc/humanflow/ros2_ghadron_gimbal/install/human_tracking:/opt/ros/humble /usr/bin/cmake --build /home/dtc/humanflow/ros2_ghadron_gimbal/build/eo_zoom -- -j4 -l4
