[2.427s] Invoking command in '/home/dtc/humanflow/ros2_ghadron_gimbal/src/human_tracking': PYTHONPATH=/home/dtc/humanflow/ros2_ghadron_gimbal/build/human_tracking/prefix_override:/usr/lib/python3/dist-packages/colcon_core/task/python/colcon_distutils_commands:/home/dtc/humanflow/ros2_ghadron_gimbal/install/human_tracking/lib/python3.10/site-packages:${PYTHONPATH} /usr/bin/python3 -W ignore:setup.py install is deprecated -W ignore:easy_install command is deprecated setup.py egg_info --egg-base ../../build/human_tracking build --build-base /home/dtc/humanflow/ros2_ghadron_gimbal/build/human_tracking/build install --record /home/dtc/humanflow/ros2_ghadron_gimbal/build/human_tracking/install.log --single-version-externally-managed install_data
[2.981s] running egg_info
[2.984s] writing ../../build/human_tracking/human_tracking.egg-info/PKG-INFO
[2.985s] writing dependency_links to ../../build/human_tracking/human_tracking.egg-info/dependency_links.txt
[2.985s] writing entry points to ../../build/human_tracking/human_tracking.egg-info/entry_points.txt
[2.986s] writing requirements to ../../build/human_tracking/human_tracking.egg-info/requires.txt
[2.986s] writing top-level names to ../../build/human_tracking/human_tracking.egg-info/top_level.txt
[2.991s] reading manifest file '../../build/human_tracking/human_tracking.egg-info/SOURCES.txt'
[2.993s] writing manifest file '../../build/human_tracking/human_tracking.egg-info/SOURCES.txt'
[2.993s] running build
[2.993s] running build_py
[2.994s] running install
[2.995s] running install_lib
[2.999s] running install_data
[3.000s] running install_egg_info
[3.005s] removing '/home/dtc/humanflow/ros2_ghadron_gimbal/install/human_tracking/lib/python3.10/site-packages/human_tracking-0.0.1-py3.10.egg-info' (and everything under it)
[3.006s] Copying ../../build/human_tracking/human_tracking.egg-info to /home/dtc/humanflow/ros2_ghadron_gimbal/install/human_tracking/lib/python3.10/site-packages/human_tracking-0.0.1-py3.10.egg-info
[3.009s] running install_scripts
[3.065s] Installing tracking_node script to /home/dtc/humanflow/ros2_ghadron_gimbal/install/human_tracking/lib/human_tracking
[3.067s] writing list of installed files to '/home/dtc/humanflow/ros2_ghadron_gimbal/build/human_tracking/install.log'
[3.156s] Invoked command in '/home/dtc/humanflow/ros2_ghadron_gimbal/src/human_tracking' returned '0': PYTHONPATH=/home/dtc/humanflow/ros2_ghadron_gimbal/build/human_tracking/prefix_override:/usr/lib/python3/dist-packages/colcon_core/task/python/colcon_distutils_commands:/home/dtc/humanflow/ros2_ghadron_gimbal/install/human_tracking/lib/python3.10/site-packages:${PYTHONPATH} /usr/bin/python3 -W ignore:setup.py install is deprecated -W ignore:easy_install command is deprecated setup.py egg_info --egg-base ../../build/human_tracking build --build-base /home/dtc/humanflow/ros2_ghadron_gimbal/build/human_tracking/build install --record /home/dtc/humanflow/ros2_ghadron_gimbal/build/human_tracking/install.log --single-version-externally-managed install_data
