[0.053s] Invoking command in '/home/dtc-mrsd/Downloads/ros2_gimbal_ws/build/gimbal_angle_control': CMAKE_PREFIX_PATH=/opt/ros/humble /usr/bin/cmake --build /home/dtc-mrsd/Downloads/ros2_gimbal_ws/build/gimbal_angle_control -- -j12 -l12
[0.981s] [100%] Built target gimbal_angle_control_node
[1.001s] Invoked command in '/home/dtc-mrsd/Downloads/ros2_gimbal_ws/build/gimbal_angle_control' returned '0': CMAKE_PREFIX_PATH=/opt/ros/humble /usr/bin/cmake --build /home/dtc-mrsd/Downloads/ros2_gimbal_ws/build/gimbal_angle_control -- -j12 -l12
[1.003s] Invoking command in '/home/dtc-mrsd/Downloads/ros2_gimbal_ws/build/gimbal_angle_control': CMAKE_PREFIX_PATH=/opt/ros/humble /usr/bin/cmake --install /home/dtc-mrsd/Downloads/ros2_gimbal_ws/build/gimbal_angle_control
[1.042s] -- Install configuration: "Debug"
[1.042s] -- Up-to-date: /home/dtc-mrsd/Downloads/ros2_gimbal_ws/install/gimbal_angle_control/lib/gimbal_angle_control/gimbal_angle_control_node
[1.043s] -- Up-to-date: /home/dtc-mrsd/Downloads/ros2_gimbal_ws/install/gimbal_angle_control/share/ament_index/resource_index/package_run_dependencies/gimbal_angle_control
[1.043s] -- Up-to-date: /home/dtc-mrsd/Downloads/ros2_gimbal_ws/install/gimbal_angle_control/share/ament_index/resource_index/parent_prefix_path/gimbal_angle_control
[1.043s] -- Up-to-date: /home/dtc-mrsd/Downloads/ros2_gimbal_ws/install/gimbal_angle_control/share/gimbal_angle_control/environment/ament_prefix_path.sh
[1.043s] -- Up-to-date: /home/dtc-mrsd/Downloads/ros2_gimbal_ws/install/gimbal_angle_control/share/gimbal_angle_control/environment/ament_prefix_path.dsv
[1.043s] -- Up-to-date: /home/dtc-mrsd/Downloads/ros2_gimbal_ws/install/gimbal_angle_control/share/gimbal_angle_control/environment/path.sh
[1.043s] -- Up-to-date: /home/dtc-mrsd/Downloads/ros2_gimbal_ws/install/gimbal_angle_control/share/gimbal_angle_control/environment/path.dsv
[1.043s] -- Up-to-date: /home/dtc-mrsd/Downloads/ros2_gimbal_ws/install/gimbal_angle_control/share/gimbal_angle_control/local_setup.bash
[1.044s] -- Up-to-date: /home/dtc-mrsd/Downloads/ros2_gimbal_ws/install/gimbal_angle_control/share/gimbal_angle_control/local_setup.sh
[1.044s] -- Up-to-date: /home/dtc-mrsd/Downloads/ros2_gimbal_ws/install/gimbal_angle_control/share/gimbal_angle_control/local_setup.zsh
[1.044s] -- Up-to-date: /home/dtc-mrsd/Downloads/ros2_gimbal_ws/install/gimbal_angle_control/share/gimbal_angle_control/local_setup.dsv
[1.044s] -- Installing: /home/dtc-mrsd/Downloads/ros2_gimbal_ws/install/gimbal_angle_control/share/gimbal_angle_control/package.dsv
[1.044s] -- Up-to-date: /home/dtc-mrsd/Downloads/ros2_gimbal_ws/install/gimbal_angle_control/share/ament_index/resource_index/packages/gimbal_angle_control
[1.044s] -- Up-to-date: /home/dtc-mrsd/Downloads/ros2_gimbal_ws/install/gimbal_angle_control/share/gimbal_angle_control/cmake/gimbal_angle_controlConfig.cmake
[1.044s] -- Up-to-date: /home/dtc-mrsd/Downloads/ros2_gimbal_ws/install/gimbal_angle_control/share/gimbal_angle_control/cmake/gimbal_angle_controlConfig-version.cmake
[1.044s] -- Up-to-date: /home/dtc-mrsd/Downloads/ros2_gimbal_ws/install/gimbal_angle_control/share/gimbal_angle_control/package.xml
[1.083s] Invoked command in '/home/dtc-mrsd/Downloads/ros2_gimbal_ws/build/gimbal_angle_control' returned '0': CMAKE_PREFIX_PATH=/opt/ros/humble /usr/bin/cmake --install /home/dtc-mrsd/Downloads/ros2_gimbal_ws/build/gimbal_angle_control
