[0.236s] Invoking command in '/home/dtc-mrsd/Downloads/ros2_gimbal_ws/build/gimbal_angle_control': CMAKE_PREFIX_PATH=/opt/ros/humble /usr/bin/cmake --build /home/dtc-mrsd/Downloads/ros2_gimbal_ws/build/gimbal_angle_control -- -j12 -l12
[4.441s] [100%] Built target gimbal_angle_control_node
[4.997s] Invoked command in '/home/dtc-mrsd/Downloads/ros2_gimbal_ws/build/gimbal_angle_control' returned '0': CMAKE_PREFIX_PATH=/opt/ros/humble /usr/bin/cmake --build /home/dtc-mrsd/Downloads/ros2_gimbal_ws/build/gimbal_angle_control -- -j12 -l12
[4.999s] Invoking command in '/home/dtc-mrsd/Downloads/ros2_gimbal_ws/build/gimbal_angle_control': CMAKE_PREFIX_PATH=/opt/ros/humble /usr/bin/cmake --install /home/dtc-mrsd/Downloads/ros2_gimbal_ws/build/gimbal_angle_control
[5.026s] -- Install configuration: "Debug"
[5.027s] -- Up-to-date: /home/dtc-mrsd/Downloads/ros2_gimbal_ws/install/gimbal_angle_control/lib/gimbal_angle_control/gimbal_angle_control_node
[5.027s] -- Up-to-date: /home/dtc-mrsd/Downloads/ros2_gimbal_ws/install/gimbal_angle_control/share/ament_index/resource_index/package_run_dependencies/gimbal_angle_control
[5.027s] -- Up-to-date: /home/dtc-mrsd/Downloads/ros2_gimbal_ws/install/gimbal_angle_control/share/ament_index/resource_index/parent_prefix_path/gimbal_angle_control
[5.027s] -- Up-to-date: /home/dtc-mrsd/Downloads/ros2_gimbal_ws/install/gimbal_angle_control/share/gimbal_angle_control/environment/ament_prefix_path.sh
[5.027s] -- Up-to-date: /home/dtc-mrsd/Downloads/ros2_gimbal_ws/install/gimbal_angle_control/share/gimbal_angle_control/environment/ament_prefix_path.dsv
[5.027s] -- Up-to-date: /home/dtc-mrsd/Downloads/ros2_gimbal_ws/install/gimbal_angle_control/share/gimbal_angle_control/environment/path.sh
[5.027s] -- Up-to-date: /home/dtc-mrsd/Downloads/ros2_gimbal_ws/install/gimbal_angle_control/share/gimbal_angle_control/environment/path.dsv
[5.027s] -- Up-to-date: /home/dtc-mrsd/Downloads/ros2_gimbal_ws/install/gimbal_angle_control/share/gimbal_angle_control/local_setup.bash
[5.027s] -- Up-to-date: /home/dtc-mrsd/Downloads/ros2_gimbal_ws/install/gimbal_angle_control/share/gimbal_angle_control/local_setup.sh
[5.027s] -- Up-to-date: /home/dtc-mrsd/Downloads/ros2_gimbal_ws/install/gimbal_angle_control/share/gimbal_angle_control/local_setup.zsh
[5.027s] -- Up-to-date: /home/dtc-mrsd/Downloads/ros2_gimbal_ws/install/gimbal_angle_control/share/gimbal_angle_control/local_setup.dsv
[5.027s] -- Installing: /home/dtc-mrsd/Downloads/ros2_gimbal_ws/install/gimbal_angle_control/share/gimbal_angle_control/package.dsv
[5.027s] -- Up-to-date: /home/dtc-mrsd/Downloads/ros2_gimbal_ws/install/gimbal_angle_control/share/ament_index/resource_index/packages/gimbal_angle_control
[5.028s] -- Up-to-date: /home/dtc-mrsd/Downloads/ros2_gimbal_ws/install/gimbal_angle_control/share/gimbal_angle_control/cmake/gimbal_angle_controlConfig.cmake
[5.028s] -- Up-to-date: /home/dtc-mrsd/Downloads/ros2_gimbal_ws/install/gimbal_angle_control/share/gimbal_angle_control/cmake/gimbal_angle_controlConfig-version.cmake
[5.028s] -- Up-to-date: /home/dtc-mrsd/Downloads/ros2_gimbal_ws/install/gimbal_angle_control/share/gimbal_angle_control/package.xml
[5.127s] Invoked command in '/home/dtc-mrsd/Downloads/ros2_gimbal_ws/build/gimbal_angle_control' returned '0': CMAKE_PREFIX_PATH=/opt/ros/humble /usr/bin/cmake --install /home/dtc-mrsd/Downloads/ros2_gimbal_ws/build/gimbal_angle_control
