[0.034s] Invoking command in '/home/dtc-mrsd/Downloads/ros2_gimbal_ws/build/eo_zoom': /usr/bin/cmake --build /home/dtc-mrsd/Downloads/ros2_gimbal_ws/build/eo_zoom -- -j12 -l12
[0.971s] [100%] Built target eo_zoom_node
[0.978s] Invoked command in '/home/dtc-mrsd/Downloads/ros2_gimbal_ws/build/eo_zoom' returned '0': /usr/bin/cmake --build /home/dtc-mrsd/Downloads/ros2_gimbal_ws/build/eo_zoom -- -j12 -l12
[0.987s] Invoking command in '/home/dtc-mrsd/Downloads/ros2_gimbal_ws/build/eo_zoom': /usr/bin/cmake --install /home/dtc-mrsd/Downloads/ros2_gimbal_ws/build/eo_zoom
[1.021s] -- Install configuration: "Debug"
[1.022s] -- Up-to-date: /home/dtc-mrsd/Downloads/ros2_gimbal_ws/install/eo_zoom/lib/eo_zoom/eo_zoom_node
[1.022s] -- Up-to-date: /home/dtc-mrsd/Downloads/ros2_gimbal_ws/install/eo_zoom/share/ament_index/resource_index/package_run_dependencies/eo_zoom
[1.022s] -- Up-to-date: /home/dtc-mrsd/Downloads/ros2_gimbal_ws/install/eo_zoom/share/ament_index/resource_index/parent_prefix_path/eo_zoom
[1.022s] -- Up-to-date: /home/dtc-mrsd/Downloads/ros2_gimbal_ws/install/eo_zoom/share/eo_zoom/environment/ament_prefix_path.sh
[1.022s] -- Up-to-date: /home/dtc-mrsd/Downloads/ros2_gimbal_ws/install/eo_zoom/share/eo_zoom/environment/ament_prefix_path.dsv
[1.022s] -- Up-to-date: /home/dtc-mrsd/Downloads/ros2_gimbal_ws/install/eo_zoom/share/eo_zoom/environment/path.sh
[1.022s] -- Up-to-date: /home/dtc-mrsd/Downloads/ros2_gimbal_ws/install/eo_zoom/share/eo_zoom/environment/path.dsv
[1.022s] -- Up-to-date: /home/dtc-mrsd/Downloads/ros2_gimbal_ws/install/eo_zoom/share/eo_zoom/local_setup.bash
[1.022s] -- Up-to-date: /home/dtc-mrsd/Downloads/ros2_gimbal_ws/install/eo_zoom/share/eo_zoom/local_setup.sh
[1.022s] -- Up-to-date: /home/dtc-mrsd/Downloads/ros2_gimbal_ws/install/eo_zoom/share/eo_zoom/local_setup.zsh
[1.022s] -- Up-to-date: /home/dtc-mrsd/Downloads/ros2_gimbal_ws/install/eo_zoom/share/eo_zoom/local_setup.dsv
[1.022s] -- Installing: /home/dtc-mrsd/Downloads/ros2_gimbal_ws/install/eo_zoom/share/eo_zoom/package.dsv
[1.022s] -- Up-to-date: /home/dtc-mrsd/Downloads/ros2_gimbal_ws/install/eo_zoom/share/ament_index/resource_index/packages/eo_zoom
[1.023s] -- Up-to-date: /home/dtc-mrsd/Downloads/ros2_gimbal_ws/install/eo_zoom/share/eo_zoom/cmake/eo_zoomConfig.cmake
[1.023s] -- Up-to-date: /home/dtc-mrsd/Downloads/ros2_gimbal_ws/install/eo_zoom/share/eo_zoom/cmake/eo_zoomConfig-version.cmake
[1.023s] -- Up-to-date: /home/dtc-mrsd/Downloads/ros2_gimbal_ws/install/eo_zoom/share/eo_zoom/package.xml
[1.048s] Invoked command in '/home/dtc-mrsd/Downloads/ros2_gimbal_ws/build/eo_zoom' returned '0': /usr/bin/cmake --install /home/dtc-mrsd/Downloads/ros2_gimbal_ws/build/eo_zoom
