[0.058s] Invoking command in '/home/dtc-mrsd/Downloads/ros2_gimbal_ws/build/eo_zoom': CMAKE_PREFIX_PATH=/opt/ros/humble /usr/bin/cmake --build /home/dtc-mrsd/Downloads/ros2_gimbal_ws/build/eo_zoom -- -j12 -l12
[1.107s] [100%] Built target eo_zoom_node
[1.130s] Invoked command in '/home/dtc-mrsd/Downloads/ros2_gimbal_ws/build/eo_zoom' returned '0': CMAKE_PREFIX_PATH=/opt/ros/humble /usr/bin/cmake --build /home/dtc-mrsd/Downloads/ros2_gimbal_ws/build/eo_zoom -- -j12 -l12
[1.132s] Invoking command in '/home/dtc-mrsd/Downloads/ros2_gimbal_ws/build/eo_zoom': CMAKE_PREFIX_PATH=/opt/ros/humble /usr/bin/cmake --install /home/dtc-mrsd/Downloads/ros2_gimbal_ws/build/eo_zoom
[1.168s] -- Install configuration: "Debug"
[1.169s] -- Up-to-date: /home/dtc-mrsd/Downloads/ros2_gimbal_ws/install/eo_zoom/lib/eo_zoom/eo_zoom_node
[1.169s] -- Up-to-date: /home/dtc-mrsd/Downloads/ros2_gimbal_ws/install/eo_zoom/share/ament_index/resource_index/package_run_dependencies/eo_zoom
[1.169s] -- Up-to-date: /home/dtc-mrsd/Downloads/ros2_gimbal_ws/install/eo_zoom/share/ament_index/resource_index/parent_prefix_path/eo_zoom
[1.169s] -- Up-to-date: /home/dtc-mrsd/Downloads/ros2_gimbal_ws/install/eo_zoom/share/eo_zoom/environment/ament_prefix_path.sh
[1.169s] -- Up-to-date: /home/dtc-mrsd/Downloads/ros2_gimbal_ws/install/eo_zoom/share/eo_zoom/environment/ament_prefix_path.dsv
[1.169s] -- Up-to-date: /home/dtc-mrsd/Downloads/ros2_gimbal_ws/install/eo_zoom/share/eo_zoom/environment/path.sh
[1.170s] -- Up-to-date: /home/dtc-mrsd/Downloads/ros2_gimbal_ws/install/eo_zoom/share/eo_zoom/environment/path.dsv
[1.170s] -- Up-to-date: /home/dtc-mrsd/Downloads/ros2_gimbal_ws/install/eo_zoom/share/eo_zoom/local_setup.bash
[1.170s] -- Up-to-date: /home/dtc-mrsd/Downloads/ros2_gimbal_ws/install/eo_zoom/share/eo_zoom/local_setup.sh
[1.170s] -- Up-to-date: /home/dtc-mrsd/Downloads/ros2_gimbal_ws/install/eo_zoom/share/eo_zoom/local_setup.zsh
[1.170s] -- Up-to-date: /home/dtc-mrsd/Downloads/ros2_gimbal_ws/install/eo_zoom/share/eo_zoom/local_setup.dsv
[1.171s] -- Installing: /home/dtc-mrsd/Downloads/ros2_gimbal_ws/install/eo_zoom/share/eo_zoom/package.dsv
[1.171s] -- Up-to-date: /home/dtc-mrsd/Downloads/ros2_gimbal_ws/install/eo_zoom/share/ament_index/resource_index/packages/eo_zoom
[1.171s] -- Up-to-date: /home/dtc-mrsd/Downloads/ros2_gimbal_ws/install/eo_zoom/share/eo_zoom/cmake/eo_zoomConfig.cmake
[1.171s] -- Up-to-date: /home/dtc-mrsd/Downloads/ros2_gimbal_ws/install/eo_zoom/share/eo_zoom/cmake/eo_zoomConfig-version.cmake
[1.172s] -- Up-to-date: /home/dtc-mrsd/Downloads/ros2_gimbal_ws/install/eo_zoom/share/eo_zoom/package.xml
[1.228s] Invoked command in '/home/dtc-mrsd/Downloads/ros2_gimbal_ws/build/eo_zoom' returned '0': CMAKE_PREFIX_PATH=/opt/ros/humble /usr/bin/cmake --install /home/dtc-mrsd/Downloads/ros2_gimbal_ws/build/eo_zoom
