[0.138s] DEBUG:colcon:Command line arguments: ['/usr/bin/colcon', 'build', '--packages-select', 'gimbal_bringup', 'gimbal_angle_control', 'gimbal_status', 'stream_publisher', 'image_viewer', 'yolo_detection', 'human_tracking', 'PayloadSdk', '--cmake-args', '-DGHADRON=1']
[0.138s] DEBUG:colcon:Parsed command line arguments: Namespace(log_base=None, log_level=None, verb_name='build', build_base='build', install_base='install', merge_install=False, symlink_install=False, test_result_base=None, continue_on_error=False, executor='parallel', parallel_workers=12, event_handlers=None, ignore_user_meta=False, metas=['./colcon.meta'], base_paths=['.'], packages_ignore=None, packages_ignore_regex=None, paths=None, packages_up_to=None, packages_up_to_regex=None, packages_above=None, packages_above_and_dependencies=None, packages_above_depth=None, packages_select_by_dep=None, packages_skip_by_dep=None, packages_skip_up_to=None, packages_select_build_failed=False, packages_skip_build_finished=False, packages_select_test_failures=False, packages_skip_test_passed=False, packages_select=['gimbal_bringup', 'gimbal_angle_control', 'gimbal_status', 'stream_publisher', 'image_viewer', 'yolo_detection', 'human_tracking', 'PayloadSdk'], packages_skip=None, packages_select_regex=None, packages_skip_regex=None, packages_start=None, packages_end=None, allow_overriding=[], cmake_args=['-DGHADRON=1'], cmake_target=None, cmake_target_skip_unavailable=False, cmake_clean_cache=False, cmake_clean_first=False, cmake_force_configure=False, ament_cmake_args=None, catkin_cmake_args=None, catkin_skip_building_tests=False, mixin_files=None, mixin=None, verb_parser=<colcon_mixin.mixin.mixin_argument.MixinArgumentDecorator object at 0x7934c9d91180>, verb_extension=<colcon_core.verb.build.BuildVerb object at 0x7934c9d90cd0>, main=<bound method BuildVerb.main of <colcon_core.verb.build.BuildVerb object at 0x7934c9d90cd0>>, mixin_verb=('build',))
[0.328s] Level 1:colcon.colcon_core.package_discovery:discover_packages(colcon_meta) check parameters
[0.328s] Level 1:colcon.colcon_core.package_discovery:discover_packages(recursive) check parameters
[0.328s] Level 1:colcon.colcon_core.package_discovery:discover_packages(ignore) check parameters
[0.328s] Level 1:colcon.colcon_core.package_discovery:discover_packages(path) check parameters
[0.328s] Level 1:colcon.colcon_core.package_discovery:discover_packages(colcon_meta) discover
[0.328s] Level 1:colcon.colcon_core.package_discovery:discover_packages(recursive) discover
[0.328s] INFO:colcon.colcon_core.package_discovery:Crawling recursively for packages in '/home/dtc-mrsd/Downloads/ros2_ghadron_gimbal'
[0.329s] Level 1:colcon.colcon_core.package_identification:_identify(.) by extensions ['ignore', 'ignore_ament_install']
[0.329s] Level 1:colcon.colcon_core.package_identification:_identify(.) by extension 'ignore'
[0.329s] Level 1:colcon.colcon_core.package_identification:_identify(.) by extension 'ignore_ament_install'
[0.329s] Level 1:colcon.colcon_core.package_identification:_identify(.) by extensions ['colcon_pkg']
[0.329s] Level 1:colcon.colcon_core.package_identification:_identify(.) by extension 'colcon_pkg'
[0.329s] Level 1:colcon.colcon_core.package_identification:_identify(.) by extensions ['colcon_meta']
[0.329s] Level 1:colcon.colcon_core.package_identification:_identify(.) by extension 'colcon_meta'
[0.329s] Level 1:colcon.colcon_core.package_identification:_identify(.) by extensions ['ros']
[0.329s] Level 1:colcon.colcon_core.package_identification:_identify(.) by extension 'ros'
[0.346s] Level 1:colcon.colcon_core.package_identification:_identify(.) by extensions ['cmake', 'python']
[0.346s] Level 1:colcon.colcon_core.package_identification:_identify(.) by extension 'cmake'
[0.346s] Level 1:colcon.colcon_core.package_identification:_identify(.) by extension 'python'
[0.346s] Level 1:colcon.colcon_core.package_identification:_identify(.) by extensions ['python_setup_py']
[0.346s] Level 1:colcon.colcon_core.package_identification:_identify(.) by extension 'python_setup_py'
[0.346s] Level 1:colcon.colcon_core.package_identification:_identify(build) by extensions ['ignore', 'ignore_ament_install']
[0.346s] Level 1:colcon.colcon_core.package_identification:_identify(build) by extension 'ignore'
[0.346s] Level 1:colcon.colcon_core.package_identification:_identify(build) ignored
[0.346s] Level 1:colcon.colcon_core.package_identification:_identify(install) by extensions ['ignore', 'ignore_ament_install']
[0.346s] Level 1:colcon.colcon_core.package_identification:_identify(install) by extension 'ignore'
[0.346s] Level 1:colcon.colcon_core.package_identification:_identify(install) ignored
[0.347s] Level 1:colcon.colcon_core.package_identification:_identify(log) by extensions ['ignore', 'ignore_ament_install']
[0.347s] Level 1:colcon.colcon_core.package_identification:_identify(log) by extension 'ignore'
[0.347s] Level 1:colcon.colcon_core.package_identification:_identify(log) ignored
[0.347s] Level 1:colcon.colcon_core.package_identification:_identify(mcap_recording) by extensions ['ignore', 'ignore_ament_install']
[0.347s] Level 1:colcon.colcon_core.package_identification:_identify(mcap_recording) by extension 'ignore'
[0.347s] Level 1:colcon.colcon_core.package_identification:_identify(mcap_recording) by extension 'ignore_ament_install'
[0.347s] Level 1:colcon.colcon_core.package_identification:_identify(mcap_recording) by extensions ['colcon_pkg']
[0.347s] Level 1:colcon.colcon_core.package_identification:_identify(mcap_recording) by extension 'colcon_pkg'
[0.347s] Level 1:colcon.colcon_core.package_identification:_identify(mcap_recording) by extensions ['colcon_meta']
[0.347s] Level 1:colcon.colcon_core.package_identification:_identify(mcap_recording) by extension 'colcon_meta'
[0.347s] Level 1:colcon.colcon_core.package_identification:_identify(mcap_recording) by extensions ['ros']
[0.347s] Level 1:colcon.colcon_core.package_identification:_identify(mcap_recording) by extension 'ros'
[0.347s] Level 1:colcon.colcon_core.package_identification:_identify(mcap_recording) by extensions ['cmake', 'python']
[0.347s] Level 1:colcon.colcon_core.package_identification:_identify(mcap_recording) by extension 'cmake'
[0.347s] Level 1:colcon.colcon_core.package_identification:_identify(mcap_recording) by extension 'python'
[0.347s] Level 1:colcon.colcon_core.package_identification:_identify(mcap_recording) by extensions ['python_setup_py']
[0.347s] Level 1:colcon.colcon_core.package_identification:_identify(mcap_recording) by extension 'python_setup_py'
[0.348s] Level 1:colcon.colcon_core.package_identification:_identify(mcap_recording/2025-02-27) by extensions ['ignore', 'ignore_ament_install']
[0.348s] Level 1:colcon.colcon_core.package_identification:_identify(mcap_recording/2025-02-27) by extension 'ignore'
[0.348s] Level 1:colcon.colcon_core.package_identification:_identify(mcap_recording/2025-02-27) by extension 'ignore_ament_install'
[0.348s] Level 1:colcon.colcon_core.package_identification:_identify(mcap_recording/2025-02-27) by extensions ['colcon_pkg']
[0.348s] Level 1:colcon.colcon_core.package_identification:_identify(mcap_recording/2025-02-27) by extension 'colcon_pkg'
[0.348s] Level 1:colcon.colcon_core.package_identification:_identify(mcap_recording/2025-02-27) by extensions ['colcon_meta']
[0.348s] Level 1:colcon.colcon_core.package_identification:_identify(mcap_recording/2025-02-27) by extension 'colcon_meta'
[0.348s] Level 1:colcon.colcon_core.package_identification:_identify(mcap_recording/2025-02-27) by extensions ['ros']
[0.348s] Level 1:colcon.colcon_core.package_identification:_identify(mcap_recording/2025-02-27) by extension 'ros'
[0.348s] Level 1:colcon.colcon_core.package_identification:_identify(mcap_recording/2025-02-27) by extensions ['cmake', 'python']
[0.348s] Level 1:colcon.colcon_core.package_identification:_identify(mcap_recording/2025-02-27) by extension 'cmake'
[0.348s] Level 1:colcon.colcon_core.package_identification:_identify(mcap_recording/2025-02-27) by extension 'python'
[0.348s] Level 1:colcon.colcon_core.package_identification:_identify(mcap_recording/2025-02-27) by extensions ['python_setup_py']
[0.348s] Level 1:colcon.colcon_core.package_identification:_identify(mcap_recording/2025-02-27) by extension 'python_setup_py'
[0.348s] Level 1:colcon.colcon_core.package_identification:_identify(mcap_recording/2025-02-27/recording_20250227_022944) by extensions ['ignore', 'ignore_ament_install']
[0.348s] Level 1:colcon.colcon_core.package_identification:_identify(mcap_recording/2025-02-27/recording_20250227_022944) by extension 'ignore'
[0.348s] Level 1:colcon.colcon_core.package_identification:_identify(mcap_recording/2025-02-27/recording_20250227_022944) by extension 'ignore_ament_install'
[0.348s] Level 1:colcon.colcon_core.package_identification:_identify(mcap_recording/2025-02-27/recording_20250227_022944) by extensions ['colcon_pkg']
[0.348s] Level 1:colcon.colcon_core.package_identification:_identify(mcap_recording/2025-02-27/recording_20250227_022944) by extension 'colcon_pkg'
[0.349s] Level 1:colcon.colcon_core.package_identification:_identify(mcap_recording/2025-02-27/recording_20250227_022944) by extensions ['colcon_meta']
[0.349s] Level 1:colcon.colcon_core.package_identification:_identify(mcap_recording/2025-02-27/recording_20250227_022944) by extension 'colcon_meta'
[0.349s] Level 1:colcon.colcon_core.package_identification:_identify(mcap_recording/2025-02-27/recording_20250227_022944) by extensions ['ros']
[0.349s] Level 1:colcon.colcon_core.package_identification:_identify(mcap_recording/2025-02-27/recording_20250227_022944) by extension 'ros'
[0.349s] Level 1:colcon.colcon_core.package_identification:_identify(mcap_recording/2025-02-27/recording_20250227_022944) by extensions ['cmake', 'python']
[0.349s] Level 1:colcon.colcon_core.package_identification:_identify(mcap_recording/2025-02-27/recording_20250227_022944) by extension 'cmake'
[0.349s] Level 1:colcon.colcon_core.package_identification:_identify(mcap_recording/2025-02-27/recording_20250227_022944) by extension 'python'
[0.349s] Level 1:colcon.colcon_core.package_identification:_identify(mcap_recording/2025-02-27/recording_20250227_022944) by extensions ['python_setup_py']
[0.349s] Level 1:colcon.colcon_core.package_identification:_identify(mcap_recording/2025-02-27/recording_20250227_022944) by extension 'python_setup_py'
[0.349s] Level 1:colcon.colcon_core.package_identification:_identify(src) by extensions ['ignore', 'ignore_ament_install']
[0.349s] Level 1:colcon.colcon_core.package_identification:_identify(src) by extension 'ignore'
[0.349s] Level 1:colcon.colcon_core.package_identification:_identify(src) by extension 'ignore_ament_install'
[0.349s] Level 1:colcon.colcon_core.package_identification:_identify(src) by extensions ['colcon_pkg']
[0.349s] Level 1:colcon.colcon_core.package_identification:_identify(src) by extension 'colcon_pkg'
[0.349s] Level 1:colcon.colcon_core.package_identification:_identify(src) by extensions ['colcon_meta']
[0.349s] Level 1:colcon.colcon_core.package_identification:_identify(src) by extension 'colcon_meta'
[0.349s] Level 1:colcon.colcon_core.package_identification:_identify(src) by extensions ['ros']
[0.349s] Level 1:colcon.colcon_core.package_identification:_identify(src) by extension 'ros'
[0.349s] Level 1:colcon.colcon_core.package_identification:_identify(src) by extensions ['cmake', 'python']
[0.349s] Level 1:colcon.colcon_core.package_identification:_identify(src) by extension 'cmake'
[0.350s] Level 1:colcon.colcon_core.package_identification:_identify(src) by extension 'python'
[0.350s] Level 1:colcon.colcon_core.package_identification:_identify(src) by extensions ['python_setup_py']
[0.350s] Level 1:colcon.colcon_core.package_identification:_identify(src) by extension 'python_setup_py'
[0.350s] Level 1:colcon.colcon_core.package_identification:_identify(src/PayloadSdk) by extensions ['ignore', 'ignore_ament_install']
[0.350s] Level 1:colcon.colcon_core.package_identification:_identify(src/PayloadSdk) by extension 'ignore'
[0.350s] Level 1:colcon.colcon_core.package_identification:_identify(src/PayloadSdk) by extension 'ignore_ament_install'
[0.350s] Level 1:colcon.colcon_core.package_identification:_identify(src/PayloadSdk) by extensions ['colcon_pkg']
[0.350s] Level 1:colcon.colcon_core.package_identification:_identify(src/PayloadSdk) by extension 'colcon_pkg'
[0.350s] Level 1:colcon.colcon_core.package_identification:_identify(src/PayloadSdk) by extensions ['colcon_meta']
[0.350s] Level 1:colcon.colcon_core.package_identification:_identify(src/PayloadSdk) by extension 'colcon_meta'
[0.350s] Level 1:colcon.colcon_core.package_identification:_identify(src/PayloadSdk) by extensions ['ros']
[0.350s] Level 1:colcon.colcon_core.package_identification:_identify(src/PayloadSdk) by extension 'ros'
[0.350s] Level 1:colcon.colcon_core.package_identification:_identify(src/PayloadSdk) by extensions ['cmake', 'python']
[0.350s] Level 1:colcon.colcon_core.package_identification:_identify(src/PayloadSdk) by extension 'cmake'
[0.361s] Level 1:colcon.colcon_core.package_identification:_identify(src/PayloadSdk) by extension 'python'
[0.361s] DEBUG:colcon.colcon_core.package_identification:Package 'src/PayloadSdk' with type 'cmake' and name 'PayloadSDK'
[0.361s] Level 1:colcon.colcon_core.package_identification:_identify(src/eo_image) by extensions ['ignore', 'ignore_ament_install']
[0.361s] Level 1:colcon.colcon_core.package_identification:_identify(src/eo_image) by extension 'ignore'
[0.361s] Level 1:colcon.colcon_core.package_identification:_identify(src/eo_image) by extension 'ignore_ament_install'
[0.361s] Level 1:colcon.colcon_core.package_identification:_identify(src/eo_image) by extensions ['colcon_pkg']
[0.361s] Level 1:colcon.colcon_core.package_identification:_identify(src/eo_image) by extension 'colcon_pkg'
[0.361s] Level 1:colcon.colcon_core.package_identification:_identify(src/eo_image) by extensions ['colcon_meta']
[0.361s] Level 1:colcon.colcon_core.package_identification:_identify(src/eo_image) by extension 'colcon_meta'
[0.361s] Level 1:colcon.colcon_core.package_identification:_identify(src/eo_image) by extensions ['ros']
[0.361s] Level 1:colcon.colcon_core.package_identification:_identify(src/eo_image) by extension 'ros'
[0.364s] DEBUG:colcon.colcon_core.package_identification:Package 'src/eo_image' with type 'ros.ament_cmake' and name 'eo_image'
[0.364s] Level 1:colcon.colcon_core.package_identification:_identify(src/eo_zoom) by extensions ['ignore', 'ignore_ament_install']
[0.364s] Level 1:colcon.colcon_core.package_identification:_identify(src/eo_zoom) by extension 'ignore'
[0.364s] Level 1:colcon.colcon_core.package_identification:_identify(src/eo_zoom) by extension 'ignore_ament_install'
[0.364s] Level 1:colcon.colcon_core.package_identification:_identify(src/eo_zoom) by extensions ['colcon_pkg']
[0.365s] Level 1:colcon.colcon_core.package_identification:_identify(src/eo_zoom) by extension 'colcon_pkg'
[0.365s] Level 1:colcon.colcon_core.package_identification:_identify(src/eo_zoom) by extensions ['colcon_meta']
[0.365s] Level 1:colcon.colcon_core.package_identification:_identify(src/eo_zoom) by extension 'colcon_meta'
[0.365s] Level 1:colcon.colcon_core.package_identification:_identify(src/eo_zoom) by extensions ['ros']
[0.365s] Level 1:colcon.colcon_core.package_identification:_identify(src/eo_zoom) by extension 'ros'
[0.365s] DEBUG:colcon.colcon_core.package_identification:Package 'src/eo_zoom' with type 'ros.ament_cmake' and name 'eo_zoom'
[0.365s] Level 1:colcon.colcon_core.package_identification:_identify(src/gimbal_angle_control) by extensions ['ignore', 'ignore_ament_install']
[0.366s] Level 1:colcon.colcon_core.package_identification:_identify(src/gimbal_angle_control) by extension 'ignore'
[0.366s] Level 1:colcon.colcon_core.package_identification:_identify(src/gimbal_angle_control) by extension 'ignore_ament_install'
[0.366s] Level 1:colcon.colcon_core.package_identification:_identify(src/gimbal_angle_control) by extensions ['colcon_pkg']
[0.366s] Level 1:colcon.colcon_core.package_identification:_identify(src/gimbal_angle_control) by extension 'colcon_pkg'
[0.366s] Level 1:colcon.colcon_core.package_identification:_identify(src/gimbal_angle_control) by extensions ['colcon_meta']
[0.366s] Level 1:colcon.colcon_core.package_identification:_identify(src/gimbal_angle_control) by extension 'colcon_meta'
[0.366s] Level 1:colcon.colcon_core.package_identification:_identify(src/gimbal_angle_control) by extensions ['ros']
[0.366s] Level 1:colcon.colcon_core.package_identification:_identify(src/gimbal_angle_control) by extension 'ros'
[0.367s] DEBUG:colcon.colcon_core.package_identification:Package 'src/gimbal_angle_control' with type 'ros.ament_cmake' and name 'gimbal_angle_control'
[0.367s] Level 1:colcon.colcon_core.package_identification:_identify(src/gimbal_bringup) by extensions ['ignore', 'ignore_ament_install']
[0.367s] Level 1:colcon.colcon_core.package_identification:_identify(src/gimbal_bringup) by extension 'ignore'
[0.367s] Level 1:colcon.colcon_core.package_identification:_identify(src/gimbal_bringup) by extension 'ignore_ament_install'
[0.367s] Level 1:colcon.colcon_core.package_identification:_identify(src/gimbal_bringup) by extensions ['colcon_pkg']
[0.367s] Level 1:colcon.colcon_core.package_identification:_identify(src/gimbal_bringup) by extension 'colcon_pkg'
[0.367s] Level 1:colcon.colcon_core.package_identification:_identify(src/gimbal_bringup) by extensions ['colcon_meta']
[0.367s] Level 1:colcon.colcon_core.package_identification:_identify(src/gimbal_bringup) by extension 'colcon_meta'
[0.367s] Level 1:colcon.colcon_core.package_identification:_identify(src/gimbal_bringup) by extensions ['ros']
[0.367s] Level 1:colcon.colcon_core.package_identification:_identify(src/gimbal_bringup) by extension 'ros'
[0.368s] DEBUG:colcon.colcon_core.package_identification:Package 'src/gimbal_bringup' with type 'ros.ament_python' and name 'gimbal_bringup'
[0.368s] Level 1:colcon.colcon_core.package_identification:_identify(src/gimbal_status) by extensions ['ignore', 'ignore_ament_install']
[0.368s] Level 1:colcon.colcon_core.package_identification:_identify(src/gimbal_status) by extension 'ignore'
[0.368s] Level 1:colcon.colcon_core.package_identification:_identify(src/gimbal_status) by extension 'ignore_ament_install'
[0.368s] Level 1:colcon.colcon_core.package_identification:_identify(src/gimbal_status) by extensions ['colcon_pkg']
[0.368s] Level 1:colcon.colcon_core.package_identification:_identify(src/gimbal_status) by extension 'colcon_pkg'
[0.368s] Level 1:colcon.colcon_core.package_identification:_identify(src/gimbal_status) by extensions ['colcon_meta']
[0.368s] Level 1:colcon.colcon_core.package_identification:_identify(src/gimbal_status) by extension 'colcon_meta'
[0.368s] Level 1:colcon.colcon_core.package_identification:_identify(src/gimbal_status) by extensions ['ros']
[0.368s] Level 1:colcon.colcon_core.package_identification:_identify(src/gimbal_status) by extension 'ros'
[0.369s] DEBUG:colcon.colcon_core.package_identification:Package 'src/gimbal_status' with type 'ros.ament_cmake' and name 'gimbal_status'
[0.369s] Level 1:colcon.colcon_core.package_identification:_identify(src/human_tracking) by extensions ['ignore', 'ignore_ament_install']
[0.369s] Level 1:colcon.colcon_core.package_identification:_identify(src/human_tracking) by extension 'ignore'
[0.369s] Level 1:colcon.colcon_core.package_identification:_identify(src/human_tracking) by extension 'ignore_ament_install'
[0.369s] Level 1:colcon.colcon_core.package_identification:_identify(src/human_tracking) by extensions ['colcon_pkg']
[0.369s] Level 1:colcon.colcon_core.package_identification:_identify(src/human_tracking) by extension 'colcon_pkg'
[0.369s] Level 1:colcon.colcon_core.package_identification:_identify(src/human_tracking) by extensions ['colcon_meta']
[0.369s] Level 1:colcon.colcon_core.package_identification:_identify(src/human_tracking) by extension 'colcon_meta'
[0.369s] Level 1:colcon.colcon_core.package_identification:_identify(src/human_tracking) by extensions ['ros']
[0.369s] Level 1:colcon.colcon_core.package_identification:_identify(src/human_tracking) by extension 'ros'
[0.370s] DEBUG:colcon.colcon_core.package_identification:Package 'src/human_tracking' with type 'ros.ament_python' and name 'human_tracking'
[0.370s] Level 1:colcon.colcon_core.package_identification:_identify(src/image_publisher) by extensions ['ignore', 'ignore_ament_install']
[0.370s] Level 1:colcon.colcon_core.package_identification:_identify(src/image_publisher) by extension 'ignore'
[0.370s] Level 1:colcon.colcon_core.package_identification:_identify(src/image_publisher) by extension 'ignore_ament_install'
[0.370s] Level 1:colcon.colcon_core.package_identification:_identify(src/image_publisher) by extensions ['colcon_pkg']
[0.371s] Level 1:colcon.colcon_core.package_identification:_identify(src/image_publisher) by extension 'colcon_pkg'
[0.371s] Level 1:colcon.colcon_core.package_identification:_identify(src/image_publisher) by extensions ['colcon_meta']
[0.371s] Level 1:colcon.colcon_core.package_identification:_identify(src/image_publisher) by extension 'colcon_meta'
[0.371s] Level 1:colcon.colcon_core.package_identification:_identify(src/image_publisher) by extensions ['ros']
[0.371s] Level 1:colcon.colcon_core.package_identification:_identify(src/image_publisher) by extension 'ros'
[0.372s] DEBUG:colcon.colcon_core.package_identification:Package 'src/image_publisher' with type 'ros.ament_cmake' and name 'image_publisher'
[0.372s] Level 1:colcon.colcon_core.package_identification:_identify(src/image_viewer) by extensions ['ignore', 'ignore_ament_install']
[0.372s] Level 1:colcon.colcon_core.package_identification:_identify(src/image_viewer) by extension 'ignore'
[0.372s] Level 1:colcon.colcon_core.package_identification:_identify(src/image_viewer) by extension 'ignore_ament_install'
[0.372s] Level 1:colcon.colcon_core.package_identification:_identify(src/image_viewer) by extensions ['colcon_pkg']
[0.372s] Level 1:colcon.colcon_core.package_identification:_identify(src/image_viewer) by extension 'colcon_pkg'
[0.372s] Level 1:colcon.colcon_core.package_identification:_identify(src/image_viewer) by extensions ['colcon_meta']
[0.372s] Level 1:colcon.colcon_core.package_identification:_identify(src/image_viewer) by extension 'colcon_meta'
[0.372s] Level 1:colcon.colcon_core.package_identification:_identify(src/image_viewer) by extensions ['ros']
[0.372s] Level 1:colcon.colcon_core.package_identification:_identify(src/image_viewer) by extension 'ros'
[0.373s] DEBUG:colcon.colcon_core.package_identification:Package 'src/image_viewer' with type 'ros.ament_python' and name 'image_viewer'
[0.373s] Level 1:colcon.colcon_core.package_identification:_identify(src/ir_image) by extensions ['ignore', 'ignore_ament_install']
[0.373s] Level 1:colcon.colcon_core.package_identification:_identify(src/ir_image) by extension 'ignore'
[0.373s] Level 1:colcon.colcon_core.package_identification:_identify(src/ir_image) by extension 'ignore_ament_install'
[0.373s] Level 1:colcon.colcon_core.package_identification:_identify(src/ir_image) by extensions ['colcon_pkg']
[0.373s] Level 1:colcon.colcon_core.package_identification:_identify(src/ir_image) by extension 'colcon_pkg'
[0.373s] Level 1:colcon.colcon_core.package_identification:_identify(src/ir_image) by extensions ['colcon_meta']
[0.373s] Level 1:colcon.colcon_core.package_identification:_identify(src/ir_image) by extension 'colcon_meta'
[0.374s] Level 1:colcon.colcon_core.package_identification:_identify(src/ir_image) by extensions ['ros']
[0.374s] Level 1:colcon.colcon_core.package_identification:_identify(src/ir_image) by extension 'ros'
[0.374s] DEBUG:colcon.colcon_core.package_identification:Package 'src/ir_image' with type 'ros.ament_cmake' and name 'ir_image'
[0.374s] Level 1:colcon.colcon_core.package_identification:_identify(src/ir_zoom) by extensions ['ignore', 'ignore_ament_install']
[0.374s] Level 1:colcon.colcon_core.package_identification:_identify(src/ir_zoom) by extension 'ignore'
[0.374s] Level 1:colcon.colcon_core.package_identification:_identify(src/ir_zoom) by extension 'ignore_ament_install'
[0.375s] Level 1:colcon.colcon_core.package_identification:_identify(src/ir_zoom) by extensions ['colcon_pkg']
[0.375s] Level 1:colcon.colcon_core.package_identification:_identify(src/ir_zoom) by extension 'colcon_pkg'
[0.375s] Level 1:colcon.colcon_core.package_identification:_identify(src/ir_zoom) by extensions ['colcon_meta']
[0.375s] Level 1:colcon.colcon_core.package_identification:_identify(src/ir_zoom) by extension 'colcon_meta'
[0.375s] Level 1:colcon.colcon_core.package_identification:_identify(src/ir_zoom) by extensions ['ros']
[0.375s] Level 1:colcon.colcon_core.package_identification:_identify(src/ir_zoom) by extension 'ros'
[0.375s] DEBUG:colcon.colcon_core.package_identification:Package 'src/ir_zoom' with type 'ros.ament_cmake' and name 'ir_zoom'
[0.376s] Level 1:colcon.colcon_core.package_identification:_identify(src/rtsp_viewer) by extensions ['ignore', 'ignore_ament_install']
[0.376s] Level 1:colcon.colcon_core.package_identification:_identify(src/rtsp_viewer) by extension 'ignore'
[0.376s] Level 1:colcon.colcon_core.package_identification:_identify(src/rtsp_viewer) by extension 'ignore_ament_install'
[0.376s] Level 1:colcon.colcon_core.package_identification:_identify(src/rtsp_viewer) by extensions ['colcon_pkg']
[0.376s] Level 1:colcon.colcon_core.package_identification:_identify(src/rtsp_viewer) by extension 'colcon_pkg'
[0.376s] Level 1:colcon.colcon_core.package_identification:_identify(src/rtsp_viewer) by extensions ['colcon_meta']
[0.376s] Level 1:colcon.colcon_core.package_identification:_identify(src/rtsp_viewer) by extension 'colcon_meta'
[0.376s] Level 1:colcon.colcon_core.package_identification:_identify(src/rtsp_viewer) by extensions ['ros']
[0.376s] Level 1:colcon.colcon_core.package_identification:_identify(src/rtsp_viewer) by extension 'ros'
[0.377s] DEBUG:colcon.colcon_core.package_identification:Package 'src/rtsp_viewer' with type 'ros.ament_python' and name 'rtsp_viewer'
[0.377s] Level 1:colcon.colcon_core.package_identification:_identify(src/stream_publisher) by extensions ['ignore', 'ignore_ament_install']
[0.377s] Level 1:colcon.colcon_core.package_identification:_identify(src/stream_publisher) by extension 'ignore'
[0.377s] Level 1:colcon.colcon_core.package_identification:_identify(src/stream_publisher) by extension 'ignore_ament_install'
[0.377s] Level 1:colcon.colcon_core.package_identification:_identify(src/stream_publisher) by extensions ['colcon_pkg']
[0.377s] Level 1:colcon.colcon_core.package_identification:_identify(src/stream_publisher) by extension 'colcon_pkg'
[0.377s] Level 1:colcon.colcon_core.package_identification:_identify(src/stream_publisher) by extensions ['colcon_meta']
[0.377s] Level 1:colcon.colcon_core.package_identification:_identify(src/stream_publisher) by extension 'colcon_meta'
[0.377s] Level 1:colcon.colcon_core.package_identification:_identify(src/stream_publisher) by extensions ['ros']
[0.377s] Level 1:colcon.colcon_core.package_identification:_identify(src/stream_publisher) by extension 'ros'
[0.378s] DEBUG:colcon.colcon_core.package_identification:Package 'src/stream_publisher' with type 'ros.ament_python' and name 'stream_publisher'
[0.378s] Level 1:colcon.colcon_core.package_identification:_identify(src/yolo_detection) by extensions ['ignore', 'ignore_ament_install']
[0.378s] Level 1:colcon.colcon_core.package_identification:_identify(src/yolo_detection) by extension 'ignore'
[0.378s] Level 1:colcon.colcon_core.package_identification:_identify(src/yolo_detection) by extension 'ignore_ament_install'
[0.378s] Level 1:colcon.colcon_core.package_identification:_identify(src/yolo_detection) by extensions ['colcon_pkg']
[0.378s] Level 1:colcon.colcon_core.package_identification:_identify(src/yolo_detection) by extension 'colcon_pkg'
[0.378s] Level 1:colcon.colcon_core.package_identification:_identify(src/yolo_detection) by extensions ['colcon_meta']
[0.378s] Level 1:colcon.colcon_core.package_identification:_identify(src/yolo_detection) by extension 'colcon_meta'
[0.378s] Level 1:colcon.colcon_core.package_identification:_identify(src/yolo_detection) by extensions ['ros']
[0.379s] Level 1:colcon.colcon_core.package_identification:_identify(src/yolo_detection) by extension 'ros'
[0.379s] DEBUG:colcon.colcon_core.package_identification:Package 'src/yolo_detection' with type 'ros.ament_python' and name 'yolo_detection'
[0.379s] Level 1:colcon.colcon_core.package_discovery:discover_packages(recursive) using defaults
[0.380s] Level 1:colcon.colcon_core.package_discovery:discover_packages(ignore) discover
[0.380s] Level 1:colcon.colcon_core.package_discovery:discover_packages(ignore) using defaults
[0.380s] Level 1:colcon.colcon_core.package_discovery:discover_packages(path) discover
[0.380s] Level 1:colcon.colcon_core.package_discovery:discover_packages(path) using defaults
[0.380s] WARNING:colcon.colcon_core.package_selection:ignoring unknown package 'PayloadSdk' in --packages-select
[0.405s] INFO:colcon.colcon_core.package_selection:Skipping not selected package 'PayloadSDK' in 'src/PayloadSdk'
[0.405s] INFO:colcon.colcon_core.package_selection:Skipping not selected package 'eo_image' in 'src/eo_image'
[0.405s] INFO:colcon.colcon_core.package_selection:Skipping not selected package 'eo_zoom' in 'src/eo_zoom'
[0.405s] INFO:colcon.colcon_core.package_selection:Skipping not selected package 'image_publisher' in 'src/image_publisher'
[0.405s] INFO:colcon.colcon_core.package_selection:Skipping not selected package 'ir_image' in 'src/ir_image'
[0.405s] INFO:colcon.colcon_core.package_selection:Skipping not selected package 'ir_zoom' in 'src/ir_zoom'
[0.405s] INFO:colcon.colcon_core.package_selection:Skipping not selected package 'rtsp_viewer' in 'src/rtsp_viewer'
[0.406s] Level 1:colcon.colcon_core.package_discovery:discover_packages(prefix_path) check parameters
[0.406s] Level 1:colcon.colcon_core.package_discovery:discover_packages(prefix_path) discover
[0.409s] DEBUG:colcon.colcon_installed_package_information.package_discovery:Found 14 installed packages in /home/dtc-mrsd/Downloads/ros2_ghadron_gimbal/install
[0.411s] DEBUG:colcon.colcon_installed_package_information.package_discovery:Found 417 installed packages in /opt/ros/humble
[0.413s] Level 1:colcon.colcon_core.package_discovery:discover_packages(prefix_path) using defaults
[0.465s] Level 5:colcon.colcon_core.verb:set package 'gimbal_angle_control' build argument 'cmake_args' from command line to '['-DGHADRON=1']'
[0.465s] Level 5:colcon.colcon_core.verb:set package 'gimbal_angle_control' build argument 'cmake_target' from command line to 'None'
[0.465s] Level 5:colcon.colcon_core.verb:set package 'gimbal_angle_control' build argument 'cmake_target_skip_unavailable' from command line to 'False'
[0.465s] Level 5:colcon.colcon_core.verb:set package 'gimbal_angle_control' build argument 'cmake_clean_cache' from command line to 'False'
[0.465s] Level 5:colcon.colcon_core.verb:set package 'gimbal_angle_control' build argument 'cmake_clean_first' from command line to 'False'
[0.465s] Level 5:colcon.colcon_core.verb:set package 'gimbal_angle_control' build argument 'cmake_force_configure' from command line to 'False'
[0.465s] Level 5:colcon.colcon_core.verb:set package 'gimbal_angle_control' build argument 'ament_cmake_args' from command line to 'None'
[0.465s] Level 5:colcon.colcon_core.verb:set package 'gimbal_angle_control' build argument 'catkin_cmake_args' from command line to 'None'
[0.465s] Level 5:colcon.colcon_core.verb:set package 'gimbal_angle_control' build argument 'catkin_skip_building_tests' from command line to 'False'
[0.465s] DEBUG:colcon.colcon_core.verb:Building package 'gimbal_angle_control' with the following arguments: {'ament_cmake_args': None, 'build_base': '/home/dtc-mrsd/Downloads/ros2_ghadron_gimbal/build/gimbal_angle_control', 'catkin_cmake_args': None, 'catkin_skip_building_tests': False, 'cmake_args': ['-DGHADRON=1'], 'cmake_clean_cache': False, 'cmake_clean_first': False, 'cmake_force_configure': False, 'cmake_target': None, 'cmake_target_skip_unavailable': False, 'install_base': '/home/dtc-mrsd/Downloads/ros2_ghadron_gimbal/install/gimbal_angle_control', 'merge_install': False, 'path': '/home/dtc-mrsd/Downloads/ros2_ghadron_gimbal/src/gimbal_angle_control', 'symlink_install': False, 'test_result_base': None}
[0.465s] Level 5:colcon.colcon_core.verb:set package 'gimbal_status' build argument 'cmake_args' from command line to '['-DGHADRON=1']'
[0.465s] Level 5:colcon.colcon_core.verb:set package 'gimbal_status' build argument 'cmake_target' from command line to 'None'
[0.465s] Level 5:colcon.colcon_core.verb:set package 'gimbal_status' build argument 'cmake_target_skip_unavailable' from command line to 'False'
[0.465s] Level 5:colcon.colcon_core.verb:set package 'gimbal_status' build argument 'cmake_clean_cache' from command line to 'False'
[0.465s] Level 5:colcon.colcon_core.verb:set package 'gimbal_status' build argument 'cmake_clean_first' from command line to 'False'
[0.465s] Level 5:colcon.colcon_core.verb:set package 'gimbal_status' build argument 'cmake_force_configure' from command line to 'False'
[0.465s] Level 5:colcon.colcon_core.verb:set package 'gimbal_status' build argument 'ament_cmake_args' from command line to 'None'
[0.465s] Level 5:colcon.colcon_core.verb:set package 'gimbal_status' build argument 'catkin_cmake_args' from command line to 'None'
[0.465s] Level 5:colcon.colcon_core.verb:set package 'gimbal_status' build argument 'catkin_skip_building_tests' from command line to 'False'
[0.465s] DEBUG:colcon.colcon_core.verb:Building package 'gimbal_status' with the following arguments: {'ament_cmake_args': None, 'build_base': '/home/dtc-mrsd/Downloads/ros2_ghadron_gimbal/build/gimbal_status', 'catkin_cmake_args': None, 'catkin_skip_building_tests': False, 'cmake_args': ['-DGHADRON=1'], 'cmake_clean_cache': False, 'cmake_clean_first': False, 'cmake_force_configure': False, 'cmake_target': None, 'cmake_target_skip_unavailable': False, 'install_base': '/home/dtc-mrsd/Downloads/ros2_ghadron_gimbal/install/gimbal_status', 'merge_install': False, 'path': '/home/dtc-mrsd/Downloads/ros2_ghadron_gimbal/src/gimbal_status', 'symlink_install': False, 'test_result_base': None}
[0.466s] Level 5:colcon.colcon_core.verb:set package 'human_tracking' build argument 'cmake_args' from command line to '['-DGHADRON=1']'
[0.466s] Level 5:colcon.colcon_core.verb:set package 'human_tracking' build argument 'cmake_target' from command line to 'None'
[0.466s] Level 5:colcon.colcon_core.verb:set package 'human_tracking' build argument 'cmake_target_skip_unavailable' from command line to 'False'
[0.466s] Level 5:colcon.colcon_core.verb:set package 'human_tracking' build argument 'cmake_clean_cache' from command line to 'False'
[0.466s] Level 5:colcon.colcon_core.verb:set package 'human_tracking' build argument 'cmake_clean_first' from command line to 'False'
[0.466s] Level 5:colcon.colcon_core.verb:set package 'human_tracking' build argument 'cmake_force_configure' from command line to 'False'
[0.466s] Level 5:colcon.colcon_core.verb:set package 'human_tracking' build argument 'ament_cmake_args' from command line to 'None'
[0.466s] Level 5:colcon.colcon_core.verb:set package 'human_tracking' build argument 'catkin_cmake_args' from command line to 'None'
[0.466s] Level 5:colcon.colcon_core.verb:set package 'human_tracking' build argument 'catkin_skip_building_tests' from command line to 'False'
[0.466s] DEBUG:colcon.colcon_core.verb:Building package 'human_tracking' with the following arguments: {'ament_cmake_args': None, 'build_base': '/home/dtc-mrsd/Downloads/ros2_ghadron_gimbal/build/human_tracking', 'catkin_cmake_args': None, 'catkin_skip_building_tests': False, 'cmake_args': ['-DGHADRON=1'], 'cmake_clean_cache': False, 'cmake_clean_first': False, 'cmake_force_configure': False, 'cmake_target': None, 'cmake_target_skip_unavailable': False, 'install_base': '/home/dtc-mrsd/Downloads/ros2_ghadron_gimbal/install/human_tracking', 'merge_install': False, 'path': '/home/dtc-mrsd/Downloads/ros2_ghadron_gimbal/src/human_tracking', 'symlink_install': False, 'test_result_base': None}
[0.466s] Level 5:colcon.colcon_core.verb:set package 'image_viewer' build argument 'cmake_args' from command line to '['-DGHADRON=1']'
[0.466s] Level 5:colcon.colcon_core.verb:set package 'image_viewer' build argument 'cmake_target' from command line to 'None'
[0.466s] Level 5:colcon.colcon_core.verb:set package 'image_viewer' build argument 'cmake_target_skip_unavailable' from command line to 'False'
[0.466s] Level 5:colcon.colcon_core.verb:set package 'image_viewer' build argument 'cmake_clean_cache' from command line to 'False'
[0.466s] Level 5:colcon.colcon_core.verb:set package 'image_viewer' build argument 'cmake_clean_first' from command line to 'False'
[0.466s] Level 5:colcon.colcon_core.verb:set package 'image_viewer' build argument 'cmake_force_configure' from command line to 'False'
[0.467s] Level 5:colcon.colcon_core.verb:set package 'image_viewer' build argument 'ament_cmake_args' from command line to 'None'
[0.467s] Level 5:colcon.colcon_core.verb:set package 'image_viewer' build argument 'catkin_cmake_args' from command line to 'None'
[0.467s] Level 5:colcon.colcon_core.verb:set package 'image_viewer' build argument 'catkin_skip_building_tests' from command line to 'False'
[0.467s] DEBUG:colcon.colcon_core.verb:Building package 'image_viewer' with the following arguments: {'ament_cmake_args': None, 'build_base': '/home/dtc-mrsd/Downloads/ros2_ghadron_gimbal/build/image_viewer', 'catkin_cmake_args': None, 'catkin_skip_building_tests': False, 'cmake_args': ['-DGHADRON=1'], 'cmake_clean_cache': False, 'cmake_clean_first': False, 'cmake_force_configure': False, 'cmake_target': None, 'cmake_target_skip_unavailable': False, 'install_base': '/home/dtc-mrsd/Downloads/ros2_ghadron_gimbal/install/image_viewer', 'merge_install': False, 'path': '/home/dtc-mrsd/Downloads/ros2_ghadron_gimbal/src/image_viewer', 'symlink_install': False, 'test_result_base': None}
[0.467s] Level 5:colcon.colcon_core.verb:set package 'stream_publisher' build argument 'cmake_args' from command line to '['-DGHADRON=1']'
[0.467s] Level 5:colcon.colcon_core.verb:set package 'stream_publisher' build argument 'cmake_target' from command line to 'None'
[0.467s] Level 5:colcon.colcon_core.verb:set package 'stream_publisher' build argument 'cmake_target_skip_unavailable' from command line to 'False'
[0.467s] Level 5:colcon.colcon_core.verb:set package 'stream_publisher' build argument 'cmake_clean_cache' from command line to 'False'
[0.467s] Level 5:colcon.colcon_core.verb:set package 'stream_publisher' build argument 'cmake_clean_first' from command line to 'False'
[0.467s] Level 5:colcon.colcon_core.verb:set package 'stream_publisher' build argument 'cmake_force_configure' from command line to 'False'
[0.467s] Level 5:colcon.colcon_core.verb:set package 'stream_publisher' build argument 'ament_cmake_args' from command line to 'None'
[0.467s] Level 5:colcon.colcon_core.verb:set package 'stream_publisher' build argument 'catkin_cmake_args' from command line to 'None'
[0.467s] Level 5:colcon.colcon_core.verb:set package 'stream_publisher' build argument 'catkin_skip_building_tests' from command line to 'False'
[0.467s] DEBUG:colcon.colcon_core.verb:Building package 'stream_publisher' with the following arguments: {'ament_cmake_args': None, 'build_base': '/home/dtc-mrsd/Downloads/ros2_ghadron_gimbal/build/stream_publisher', 'catkin_cmake_args': None, 'catkin_skip_building_tests': False, 'cmake_args': ['-DGHADRON=1'], 'cmake_clean_cache': False, 'cmake_clean_first': False, 'cmake_force_configure': False, 'cmake_target': None, 'cmake_target_skip_unavailable': False, 'install_base': '/home/dtc-mrsd/Downloads/ros2_ghadron_gimbal/install/stream_publisher', 'merge_install': False, 'path': '/home/dtc-mrsd/Downloads/ros2_ghadron_gimbal/src/stream_publisher', 'symlink_install': False, 'test_result_base': None}
[0.467s] Level 5:colcon.colcon_core.verb:set package 'yolo_detection' build argument 'cmake_args' from command line to '['-DGHADRON=1']'
[0.468s] Level 5:colcon.colcon_core.verb:set package 'yolo_detection' build argument 'cmake_target' from command line to 'None'
[0.468s] Level 5:colcon.colcon_core.verb:set package 'yolo_detection' build argument 'cmake_target_skip_unavailable' from command line to 'False'
[0.468s] Level 5:colcon.colcon_core.verb:set package 'yolo_detection' build argument 'cmake_clean_cache' from command line to 'False'
[0.468s] Level 5:colcon.colcon_core.verb:set package 'yolo_detection' build argument 'cmake_clean_first' from command line to 'False'
[0.468s] Level 5:colcon.colcon_core.verb:set package 'yolo_detection' build argument 'cmake_force_configure' from command line to 'False'
[0.468s] Level 5:colcon.colcon_core.verb:set package 'yolo_detection' build argument 'ament_cmake_args' from command line to 'None'
[0.468s] Level 5:colcon.colcon_core.verb:set package 'yolo_detection' build argument 'catkin_cmake_args' from command line to 'None'
[0.468s] Level 5:colcon.colcon_core.verb:set package 'yolo_detection' build argument 'catkin_skip_building_tests' from command line to 'False'
[0.468s] DEBUG:colcon.colcon_core.verb:Building package 'yolo_detection' with the following arguments: {'ament_cmake_args': None, 'build_base': '/home/dtc-mrsd/Downloads/ros2_ghadron_gimbal/build/yolo_detection', 'catkin_cmake_args': None, 'catkin_skip_building_tests': False, 'cmake_args': ['-DGHADRON=1'], 'cmake_clean_cache': False, 'cmake_clean_first': False, 'cmake_force_configure': False, 'cmake_target': None, 'cmake_target_skip_unavailable': False, 'install_base': '/home/dtc-mrsd/Downloads/ros2_ghadron_gimbal/install/yolo_detection', 'merge_install': False, 'path': '/home/dtc-mrsd/Downloads/ros2_ghadron_gimbal/src/yolo_detection', 'symlink_install': False, 'test_result_base': None}
[0.468s] Level 5:colcon.colcon_core.verb:set package 'gimbal_bringup' build argument 'cmake_args' from command line to '['-DGHADRON=1']'
[0.468s] Level 5:colcon.colcon_core.verb:set package 'gimbal_bringup' build argument 'cmake_target' from command line to 'None'
[0.468s] Level 5:colcon.colcon_core.verb:set package 'gimbal_bringup' build argument 'cmake_target_skip_unavailable' from command line to 'False'
[0.468s] Level 5:colcon.colcon_core.verb:set package 'gimbal_bringup' build argument 'cmake_clean_cache' from command line to 'False'
[0.468s] Level 5:colcon.colcon_core.verb:set package 'gimbal_bringup' build argument 'cmake_clean_first' from command line to 'False'
[0.468s] Level 5:colcon.colcon_core.verb:set package 'gimbal_bringup' build argument 'cmake_force_configure' from command line to 'False'
[0.468s] Level 5:colcon.colcon_core.verb:set package 'gimbal_bringup' build argument 'ament_cmake_args' from command line to 'None'
[0.468s] Level 5:colcon.colcon_core.verb:set package 'gimbal_bringup' build argument 'catkin_cmake_args' from command line to 'None'
[0.468s] Level 5:colcon.colcon_core.verb:set package 'gimbal_bringup' build argument 'catkin_skip_building_tests' from command line to 'False'
[0.468s] DEBUG:colcon.colcon_core.verb:Building package 'gimbal_bringup' with the following arguments: {'ament_cmake_args': None, 'build_base': '/home/dtc-mrsd/Downloads/ros2_ghadron_gimbal/build/gimbal_bringup', 'catkin_cmake_args': None, 'catkin_skip_building_tests': False, 'cmake_args': ['-DGHADRON=1'], 'cmake_clean_cache': False, 'cmake_clean_first': False, 'cmake_force_configure': False, 'cmake_target': None, 'cmake_target_skip_unavailable': False, 'install_base': '/home/dtc-mrsd/Downloads/ros2_ghadron_gimbal/install/gimbal_bringup', 'merge_install': False, 'path': '/home/dtc-mrsd/Downloads/ros2_ghadron_gimbal/src/gimbal_bringup', 'symlink_install': False, 'test_result_base': None}
[0.468s] INFO:colcon.colcon_core.executor:Executing jobs using 'parallel' executor
[0.469s] DEBUG:colcon.colcon_parallel_executor.executor.parallel:run_until_complete
[0.470s] INFO:colcon.colcon_ros.task.ament_cmake.build:Building ROS package in '/home/dtc-mrsd/Downloads/ros2_ghadron_gimbal/src/gimbal_angle_control' with build type 'ament_cmake'
[0.470s] INFO:colcon.colcon_cmake.task.cmake.build:Building CMake package in '/home/dtc-mrsd/Downloads/ros2_ghadron_gimbal/src/gimbal_angle_control'
[0.473s] INFO:colcon.colcon_core.plugin_system:Skipping extension 'colcon_core.shell.bat': Not used on non-Windows systems
[0.473s] INFO:colcon.colcon_core.shell:Skip shell extension 'powershell' for command environment: Not usable outside of PowerShell
[0.473s] DEBUG:colcon.colcon_core.shell:Skip shell extension 'dsv' for command environment
[0.477s] INFO:colcon.colcon_ros.task.ament_cmake.build:Building ROS package in '/home/dtc-mrsd/Downloads/ros2_ghadron_gimbal/src/gimbal_status' with build type 'ament_cmake'
[0.477s] INFO:colcon.colcon_cmake.task.cmake.build:Building CMake package in '/home/dtc-mrsd/Downloads/ros2_ghadron_gimbal/src/gimbal_status'
[0.477s] INFO:colcon.colcon_core.shell:Skip shell extension 'powershell' for command environment: Not usable outside of PowerShell
[0.477s] DEBUG:colcon.colcon_core.shell:Skip shell extension 'dsv' for command environment
[0.481s] INFO:colcon.colcon_ros.task.ament_python.build:Building ROS package in '/home/dtc-mrsd/Downloads/ros2_ghadron_gimbal/src/human_tracking' with build type 'ament_python'
[0.481s] Level 1:colcon.colcon_core.shell:create_environment_hook('human_tracking', 'ament_prefix_path')
[0.481s] INFO:colcon.colcon_core.shell:Creating environment hook '/home/dtc-mrsd/Downloads/ros2_ghadron_gimbal/install/human_tracking/share/human_tracking/hook/ament_prefix_path.ps1'
[0.482s] INFO:colcon.colcon_core.shell:Creating environment descriptor '/home/dtc-mrsd/Downloads/ros2_ghadron_gimbal/install/human_tracking/share/human_tracking/hook/ament_prefix_path.dsv'
[0.482s] INFO:colcon.colcon_core.shell:Creating environment hook '/home/dtc-mrsd/Downloads/ros2_ghadron_gimbal/install/human_tracking/share/human_tracking/hook/ament_prefix_path.sh'
[0.483s] INFO:colcon.colcon_core.shell:Skip shell extension 'powershell' for command environment: Not usable outside of PowerShell
[0.483s] DEBUG:colcon.colcon_core.shell:Skip shell extension 'dsv' for command environment
[0.488s] INFO:colcon.colcon_ros.task.ament_python.build:Building ROS package in '/home/dtc-mrsd/Downloads/ros2_ghadron_gimbal/src/yolo_detection' with build type 'ament_python'
[0.488s] Level 1:colcon.colcon_core.shell:create_environment_hook('yolo_detection', 'ament_prefix_path')
[0.488s] INFO:colcon.colcon_core.shell:Creating environment hook '/home/dtc-mrsd/Downloads/ros2_ghadron_gimbal/install/yolo_detection/share/yolo_detection/hook/ament_prefix_path.ps1'
[0.489s] INFO:colcon.colcon_core.shell:Creating environment descriptor '/home/dtc-mrsd/Downloads/ros2_ghadron_gimbal/install/yolo_detection/share/yolo_detection/hook/ament_prefix_path.dsv'
[0.489s] INFO:colcon.colcon_core.shell:Creating environment hook '/home/dtc-mrsd/Downloads/ros2_ghadron_gimbal/install/yolo_detection/share/yolo_detection/hook/ament_prefix_path.sh'
[0.490s] INFO:colcon.colcon_core.shell:Skip shell extension 'powershell' for command environment: Not usable outside of PowerShell
[0.490s] DEBUG:colcon.colcon_core.shell:Skip shell extension 'dsv' for command environment
[0.494s] INFO:colcon.colcon_ros.task.ament_python.build:Building ROS package in '/home/dtc-mrsd/Downloads/ros2_ghadron_gimbal/src/image_viewer' with build type 'ament_python'
[0.495s] Level 1:colcon.colcon_core.shell:create_environment_hook('image_viewer', 'ament_prefix_path')
[0.495s] INFO:colcon.colcon_core.shell:Creating environment hook '/home/dtc-mrsd/Downloads/ros2_ghadron_gimbal/install/image_viewer/share/image_viewer/hook/ament_prefix_path.ps1'
[0.495s] INFO:colcon.colcon_core.shell:Creating environment descriptor '/home/dtc-mrsd/Downloads/ros2_ghadron_gimbal/install/image_viewer/share/image_viewer/hook/ament_prefix_path.dsv'
[0.496s] INFO:colcon.colcon_core.shell:Creating environment hook '/home/dtc-mrsd/Downloads/ros2_ghadron_gimbal/install/image_viewer/share/image_viewer/hook/ament_prefix_path.sh'
[0.496s] INFO:colcon.colcon_core.shell:Skip shell extension 'powershell' for command environment: Not usable outside of PowerShell
[0.496s] DEBUG:colcon.colcon_core.shell:Skip shell extension 'dsv' for command environment
[0.500s] INFO:colcon.colcon_ros.task.ament_python.build:Building ROS package in '/home/dtc-mrsd/Downloads/ros2_ghadron_gimbal/src/stream_publisher' with build type 'ament_python'
[0.501s] Level 1:colcon.colcon_core.shell:create_environment_hook('stream_publisher', 'ament_prefix_path')
[0.501s] INFO:colcon.colcon_core.shell:Creating environment hook '/home/dtc-mrsd/Downloads/ros2_ghadron_gimbal/install/stream_publisher/share/stream_publisher/hook/ament_prefix_path.ps1'
[0.501s] INFO:colcon.colcon_core.shell:Creating environment descriptor '/home/dtc-mrsd/Downloads/ros2_ghadron_gimbal/install/stream_publisher/share/stream_publisher/hook/ament_prefix_path.dsv'
[0.502s] INFO:colcon.colcon_core.shell:Creating environment hook '/home/dtc-mrsd/Downloads/ros2_ghadron_gimbal/install/stream_publisher/share/stream_publisher/hook/ament_prefix_path.sh'
[0.502s] INFO:colcon.colcon_core.shell:Skip shell extension 'powershell' for command environment: Not usable outside of PowerShell
[0.502s] DEBUG:colcon.colcon_core.shell:Skip shell extension 'dsv' for command environment
[0.512s] DEBUG:colcon.colcon_core.event_handler.log_command:Invoking command in '/home/dtc-mrsd/Downloads/ros2_ghadron_gimbal/build/gimbal_angle_control': CMAKE_PREFIX_PATH=${CMAKE_PREFIX_PATH}:/home/dtc-mrsd/Downloads/ros2_ghadron_gimbal/install/gimbal_bringup:/home/dtc-mrsd/Downloads/ros2_ghadron_gimbal/install/yolo_detection:/home/dtc-mrsd/Downloads/ros2_ghadron_gimbal/install/stream_publisher:/home/dtc-mrsd/Downloads/ros2_ghadron_gimbal/install/rtsp_viewer:/home/dtc-mrsd/Downloads/ros2_ghadron_gimbal/install/image_viewer:/home/dtc-mrsd/Downloads/ros2_ghadron_gimbal/install/human_tracking:/opt/ros/humble /usr/bin/cmake --build /home/dtc-mrsd/Downloads/ros2_ghadron_gimbal/build/gimbal_angle_control -- -j12 -l12
[0.515s] DEBUG:colcon.colcon_core.event_handler.log_command:Invoking command in '/home/dtc-mrsd/Downloads/ros2_ghadron_gimbal/build/gimbal_status': CMAKE_PREFIX_PATH=${CMAKE_PREFIX_PATH}:/home/dtc-mrsd/Downloads/ros2_ghadron_gimbal/install/gimbal_bringup:/home/dtc-mrsd/Downloads/ros2_ghadron_gimbal/install/yolo_detection:/home/dtc-mrsd/Downloads/ros2_ghadron_gimbal/install/stream_publisher:/home/dtc-mrsd/Downloads/ros2_ghadron_gimbal/install/rtsp_viewer:/home/dtc-mrsd/Downloads/ros2_ghadron_gimbal/install/image_viewer:/home/dtc-mrsd/Downloads/ros2_ghadron_gimbal/install/human_tracking:/opt/ros/humble /usr/bin/cmake --build /home/dtc-mrsd/Downloads/ros2_ghadron_gimbal/build/gimbal_status -- -j12 -l12
[0.920s] INFO:colcon.colcon_core.task.python.build:Building Python package in '/home/dtc-mrsd/Downloads/ros2_ghadron_gimbal/src/human_tracking'
[0.921s] INFO:colcon.colcon_core.shell:Skip shell extension 'powershell' for command environment: Not usable outside of PowerShell
[0.921s] DEBUG:colcon.colcon_core.shell:Skip shell extension 'dsv' for command environment
[1.367s] INFO:colcon.colcon_core.task.python.build:Building Python package in '/home/dtc-mrsd/Downloads/ros2_ghadron_gimbal/src/yolo_detection'
[1.368s] INFO:colcon.colcon_core.shell:Skip shell extension 'powershell' for command environment: Not usable outside of PowerShell
[1.368s] DEBUG:colcon.colcon_core.shell:Skip shell extension 'dsv' for command environment
[1.771s] INFO:colcon.colcon_core.task.python.build:Building Python package in '/home/dtc-mrsd/Downloads/ros2_ghadron_gimbal/src/image_viewer'
[1.771s] INFO:colcon.colcon_core.shell:Skip shell extension 'powershell' for command environment: Not usable outside of PowerShell
[1.771s] DEBUG:colcon.colcon_core.shell:Skip shell extension 'dsv' for command environment
[2.120s] INFO:colcon.colcon_core.task.python.build:Building Python package in '/home/dtc-mrsd/Downloads/ros2_ghadron_gimbal/src/stream_publisher'
[2.121s] INFO:colcon.colcon_core.shell:Skip shell extension 'powershell' for command environment: Not usable outside of PowerShell
[2.121s] DEBUG:colcon.colcon_core.shell:Skip shell extension 'dsv' for command environment
[2.133s] DEBUG:colcon.colcon_core.event_handler.log_command:Invoked command in '/home/dtc-mrsd/Downloads/ros2_ghadron_gimbal/build/gimbal_angle_control' returned '0': CMAKE_PREFIX_PATH=${CMAKE_PREFIX_PATH}:/home/dtc-mrsd/Downloads/ros2_ghadron_gimbal/install/gimbal_bringup:/home/dtc-mrsd/Downloads/ros2_ghadron_gimbal/install/yolo_detection:/home/dtc-mrsd/Downloads/ros2_ghadron_gimbal/install/stream_publisher:/home/dtc-mrsd/Downloads/ros2_ghadron_gimbal/install/rtsp_viewer:/home/dtc-mrsd/Downloads/ros2_ghadron_gimbal/install/image_viewer:/home/dtc-mrsd/Downloads/ros2_ghadron_gimbal/install/human_tracking:/opt/ros/humble /usr/bin/cmake --build /home/dtc-mrsd/Downloads/ros2_ghadron_gimbal/build/gimbal_angle_control -- -j12 -l12
[2.144s] DEBUG:colcon.colcon_core.event_handler.log_command:Invoking command in '/home/dtc-mrsd/Downloads/ros2_ghadron_gimbal/build/gimbal_angle_control': CMAKE_PREFIX_PATH=${CMAKE_PREFIX_PATH}:/home/dtc-mrsd/Downloads/ros2_ghadron_gimbal/install/gimbal_bringup:/home/dtc-mrsd/Downloads/ros2_ghadron_gimbal/install/yolo_detection:/home/dtc-mrsd/Downloads/ros2_ghadron_gimbal/install/stream_publisher:/home/dtc-mrsd/Downloads/ros2_ghadron_gimbal/install/rtsp_viewer:/home/dtc-mrsd/Downloads/ros2_ghadron_gimbal/install/image_viewer:/home/dtc-mrsd/Downloads/ros2_ghadron_gimbal/install/human_tracking:/opt/ros/humble /usr/bin/cmake --install /home/dtc-mrsd/Downloads/ros2_ghadron_gimbal/build/gimbal_angle_control
[2.144s] DEBUG:colcon.colcon_core.event_handler.log_command:Invoked command in '/home/dtc-mrsd/Downloads/ros2_ghadron_gimbal/build/gimbal_status' returned '0': CMAKE_PREFIX_PATH=${CMAKE_PREFIX_PATH}:/home/dtc-mrsd/Downloads/ros2_ghadron_gimbal/install/gimbal_bringup:/home/dtc-mrsd/Downloads/ros2_ghadron_gimbal/install/yolo_detection:/home/dtc-mrsd/Downloads/ros2_ghadron_gimbal/install/stream_publisher:/home/dtc-mrsd/Downloads/ros2_ghadron_gimbal/install/rtsp_viewer:/home/dtc-mrsd/Downloads/ros2_ghadron_gimbal/install/image_viewer:/home/dtc-mrsd/Downloads/ros2_ghadron_gimbal/install/human_tracking:/opt/ros/humble /usr/bin/cmake --build /home/dtc-mrsd/Downloads/ros2_ghadron_gimbal/build/gimbal_status -- -j12 -l12
[2.146s] DEBUG:colcon.colcon_core.event_handler.log_command:Invoking command in '/home/dtc-mrsd/Downloads/ros2_ghadron_gimbal/build/gimbal_status': CMAKE_PREFIX_PATH=${CMAKE_PREFIX_PATH}:/home/dtc-mrsd/Downloads/ros2_ghadron_gimbal/install/gimbal_bringup:/home/dtc-mrsd/Downloads/ros2_ghadron_gimbal/install/yolo_detection:/home/dtc-mrsd/Downloads/ros2_ghadron_gimbal/install/stream_publisher:/home/dtc-mrsd/Downloads/ros2_ghadron_gimbal/install/rtsp_viewer:/home/dtc-mrsd/Downloads/ros2_ghadron_gimbal/install/image_viewer:/home/dtc-mrsd/Downloads/ros2_ghadron_gimbal/install/human_tracking:/opt/ros/humble /usr/bin/cmake --install /home/dtc-mrsd/Downloads/ros2_ghadron_gimbal/build/gimbal_status
[2.157s] Level 1:colcon.colcon_core.environment:create_environment_scripts_only(gimbal_status)
[2.160s] DEBUG:colcon.colcon_core.event_handler.log_command:Invoked command in '/home/dtc-mrsd/Downloads/ros2_ghadron_gimbal/build/gimbal_status' returned '0': CMAKE_PREFIX_PATH=${CMAKE_PREFIX_PATH}:/home/dtc-mrsd/Downloads/ros2_ghadron_gimbal/install/gimbal_bringup:/home/dtc-mrsd/Downloads/ros2_ghadron_gimbal/install/yolo_detection:/home/dtc-mrsd/Downloads/ros2_ghadron_gimbal/install/stream_publisher:/home/dtc-mrsd/Downloads/ros2_ghadron_gimbal/install/rtsp_viewer:/home/dtc-mrsd/Downloads/ros2_ghadron_gimbal/install/image_viewer:/home/dtc-mrsd/Downloads/ros2_ghadron_gimbal/install/human_tracking:/opt/ros/humble /usr/bin/cmake --install /home/dtc-mrsd/Downloads/ros2_ghadron_gimbal/build/gimbal_status
[2.163s] Level 1:colcon.colcon_core.environment:checking '/home/dtc-mrsd/Downloads/ros2_ghadron_gimbal/install/gimbal_status' for CMake module files
[2.163s] Level 1:colcon.colcon_core.environment:checking '/home/dtc-mrsd/Downloads/ros2_ghadron_gimbal/install/gimbal_status' for CMake config files
[2.163s] Level 1:colcon.colcon_core.shell:create_environment_hook('gimbal_status', 'cmake_prefix_path')
[2.164s] INFO:colcon.colcon_core.shell:Creating environment hook '/home/dtc-mrsd/Downloads/ros2_ghadron_gimbal/install/gimbal_status/share/gimbal_status/hook/cmake_prefix_path.ps1'
[2.164s] INFO:colcon.colcon_core.shell:Creating environment descriptor '/home/dtc-mrsd/Downloads/ros2_ghadron_gimbal/install/gimbal_status/share/gimbal_status/hook/cmake_prefix_path.dsv'
[2.164s] INFO:colcon.colcon_core.shell:Creating environment hook '/home/dtc-mrsd/Downloads/ros2_ghadron_gimbal/install/gimbal_status/share/gimbal_status/hook/cmake_prefix_path.sh'
[2.165s] Level 1:colcon.colcon_core.environment:checking '/home/dtc-mrsd/Downloads/ros2_ghadron_gimbal/install/gimbal_status/lib'
[2.166s] Level 1:colcon.colcon_core.environment:checking '/home/dtc-mrsd/Downloads/ros2_ghadron_gimbal/install/gimbal_status/bin'
[2.166s] Level 1:colcon.colcon_core.environment:checking '/home/dtc-mrsd/Downloads/ros2_ghadron_gimbal/install/gimbal_status/lib/pkgconfig/gimbal_status.pc'
[2.166s] Level 1:colcon.colcon_core.environment:checking '/home/dtc-mrsd/Downloads/ros2_ghadron_gimbal/install/gimbal_status/lib/python3.10/site-packages'
[2.166s] Level 1:colcon.colcon_core.environment:checking '/home/dtc-mrsd/Downloads/ros2_ghadron_gimbal/install/gimbal_status/bin'
[2.166s] INFO:colcon.colcon_core.shell:Creating package script '/home/dtc-mrsd/Downloads/ros2_ghadron_gimbal/install/gimbal_status/share/gimbal_status/package.ps1'
[2.167s] INFO:colcon.colcon_core.shell:Creating package descriptor '/home/dtc-mrsd/Downloads/ros2_ghadron_gimbal/install/gimbal_status/share/gimbal_status/package.dsv'
[2.168s] INFO:colcon.colcon_core.shell:Creating package script '/home/dtc-mrsd/Downloads/ros2_ghadron_gimbal/install/gimbal_status/share/gimbal_status/package.sh'
[2.169s] INFO:colcon.colcon_core.shell:Creating package script '/home/dtc-mrsd/Downloads/ros2_ghadron_gimbal/install/gimbal_status/share/gimbal_status/package.bash'
[2.169s] INFO:colcon.colcon_core.shell:Creating package script '/home/dtc-mrsd/Downloads/ros2_ghadron_gimbal/install/gimbal_status/share/gimbal_status/package.zsh'
[2.170s] Level 1:colcon.colcon_core.environment:create_file_with_runtime_dependencies(/home/dtc-mrsd/Downloads/ros2_ghadron_gimbal/install/gimbal_status/share/colcon-core/packages/gimbal_status)
[2.171s] Level 1:colcon.colcon_core.environment:create_environment_scripts_only(gimbal_status)
[2.171s] Level 1:colcon.colcon_core.environment:checking '/home/dtc-mrsd/Downloads/ros2_ghadron_gimbal/install/gimbal_status' for CMake module files
[2.171s] Level 1:colcon.colcon_core.environment:checking '/home/dtc-mrsd/Downloads/ros2_ghadron_gimbal/install/gimbal_status' for CMake config files
[2.172s] Level 1:colcon.colcon_core.shell:create_environment_hook('gimbal_status', 'cmake_prefix_path')
[2.172s] INFO:colcon.colcon_core.shell:Creating environment hook '/home/dtc-mrsd/Downloads/ros2_ghadron_gimbal/install/gimbal_status/share/gimbal_status/hook/cmake_prefix_path.ps1'
[2.172s] INFO:colcon.colcon_core.shell:Creating environment descriptor '/home/dtc-mrsd/Downloads/ros2_ghadron_gimbal/install/gimbal_status/share/gimbal_status/hook/cmake_prefix_path.dsv'
[2.172s] INFO:colcon.colcon_core.shell:Creating environment hook '/home/dtc-mrsd/Downloads/ros2_ghadron_gimbal/install/gimbal_status/share/gimbal_status/hook/cmake_prefix_path.sh'
[2.173s] Level 1:colcon.colcon_core.environment:checking '/home/dtc-mrsd/Downloads/ros2_ghadron_gimbal/install/gimbal_status/lib'
[2.173s] Level 1:colcon.colcon_core.environment:checking '/home/dtc-mrsd/Downloads/ros2_ghadron_gimbal/install/gimbal_status/bin'
[2.173s] Level 1:colcon.colcon_core.environment:checking '/home/dtc-mrsd/Downloads/ros2_ghadron_gimbal/install/gimbal_status/lib/pkgconfig/gimbal_status.pc'
[2.173s] Level 1:colcon.colcon_core.environment:checking '/home/dtc-mrsd/Downloads/ros2_ghadron_gimbal/install/gimbal_status/lib/python3.10/site-packages'
[2.174s] Level 1:colcon.colcon_core.environment:checking '/home/dtc-mrsd/Downloads/ros2_ghadron_gimbal/install/gimbal_status/bin'
[2.174s] INFO:colcon.colcon_core.shell:Creating package script '/home/dtc-mrsd/Downloads/ros2_ghadron_gimbal/install/gimbal_status/share/gimbal_status/package.ps1'
[2.174s] INFO:colcon.colcon_core.shell:Creating package descriptor '/home/dtc-mrsd/Downloads/ros2_ghadron_gimbal/install/gimbal_status/share/gimbal_status/package.dsv'
[2.175s] INFO:colcon.colcon_core.shell:Creating package script '/home/dtc-mrsd/Downloads/ros2_ghadron_gimbal/install/gimbal_status/share/gimbal_status/package.sh'
[2.176s] INFO:colcon.colcon_core.shell:Creating package script '/home/dtc-mrsd/Downloads/ros2_ghadron_gimbal/install/gimbal_status/share/gimbal_status/package.bash'
[2.176s] INFO:colcon.colcon_core.shell:Creating package script '/home/dtc-mrsd/Downloads/ros2_ghadron_gimbal/install/gimbal_status/share/gimbal_status/package.zsh'
[2.176s] Level 1:colcon.colcon_core.environment:create_file_with_runtime_dependencies(/home/dtc-mrsd/Downloads/ros2_ghadron_gimbal/install/gimbal_status/share/colcon-core/packages/gimbal_status)
[2.177s] Level 1:colcon.colcon_core.environment:create_environment_scripts_only(gimbal_angle_control)
[2.178s] Level 1:colcon.colcon_core.environment:checking '/home/dtc-mrsd/Downloads/ros2_ghadron_gimbal/install/gimbal_angle_control' for CMake module files
[2.179s] DEBUG:colcon.colcon_core.event_handler.log_command:Invoked command in '/home/dtc-mrsd/Downloads/ros2_ghadron_gimbal/build/gimbal_angle_control' returned '0': CMAKE_PREFIX_PATH=${CMAKE_PREFIX_PATH}:/home/dtc-mrsd/Downloads/ros2_ghadron_gimbal/install/gimbal_bringup:/home/dtc-mrsd/Downloads/ros2_ghadron_gimbal/install/yolo_detection:/home/dtc-mrsd/Downloads/ros2_ghadron_gimbal/install/stream_publisher:/home/dtc-mrsd/Downloads/ros2_ghadron_gimbal/install/rtsp_viewer:/home/dtc-mrsd/Downloads/ros2_ghadron_gimbal/install/image_viewer:/home/dtc-mrsd/Downloads/ros2_ghadron_gimbal/install/human_tracking:/opt/ros/humble /usr/bin/cmake --install /home/dtc-mrsd/Downloads/ros2_ghadron_gimbal/build/gimbal_angle_control
[2.179s] Level 1:colcon.colcon_core.environment:checking '/home/dtc-mrsd/Downloads/ros2_ghadron_gimbal/install/gimbal_angle_control' for CMake config files
[2.179s] Level 1:colcon.colcon_core.shell:create_environment_hook('gimbal_angle_control', 'cmake_prefix_path')
[2.179s] INFO:colcon.colcon_core.shell:Creating environment hook '/home/dtc-mrsd/Downloads/ros2_ghadron_gimbal/install/gimbal_angle_control/share/gimbal_angle_control/hook/cmake_prefix_path.ps1'
[2.180s] INFO:colcon.colcon_core.shell:Creating environment descriptor '/home/dtc-mrsd/Downloads/ros2_ghadron_gimbal/install/gimbal_angle_control/share/gimbal_angle_control/hook/cmake_prefix_path.dsv'
[2.180s] INFO:colcon.colcon_core.shell:Creating environment hook '/home/dtc-mrsd/Downloads/ros2_ghadron_gimbal/install/gimbal_angle_control/share/gimbal_angle_control/hook/cmake_prefix_path.sh'
[2.181s] Level 1:colcon.colcon_core.environment:checking '/home/dtc-mrsd/Downloads/ros2_ghadron_gimbal/install/gimbal_angle_control/lib'
[2.181s] Level 1:colcon.colcon_core.environment:checking '/home/dtc-mrsd/Downloads/ros2_ghadron_gimbal/install/gimbal_angle_control/bin'
[2.181s] Level 1:colcon.colcon_core.environment:checking '/home/dtc-mrsd/Downloads/ros2_ghadron_gimbal/install/gimbal_angle_control/lib/pkgconfig/gimbal_angle_control.pc'
[2.181s] Level 1:colcon.colcon_core.environment:checking '/home/dtc-mrsd/Downloads/ros2_ghadron_gimbal/install/gimbal_angle_control/lib/python3.10/site-packages'
[2.181s] Level 1:colcon.colcon_core.environment:checking '/home/dtc-mrsd/Downloads/ros2_ghadron_gimbal/install/gimbal_angle_control/bin'
[2.182s] INFO:colcon.colcon_core.shell:Creating package script '/home/dtc-mrsd/Downloads/ros2_ghadron_gimbal/install/gimbal_angle_control/share/gimbal_angle_control/package.ps1'
[2.182s] INFO:colcon.colcon_core.shell:Creating package descriptor '/home/dtc-mrsd/Downloads/ros2_ghadron_gimbal/install/gimbal_angle_control/share/gimbal_angle_control/package.dsv'
[2.182s] INFO:colcon.colcon_core.shell:Creating package script '/home/dtc-mrsd/Downloads/ros2_ghadron_gimbal/install/gimbal_angle_control/share/gimbal_angle_control/package.sh'
[2.183s] INFO:colcon.colcon_core.shell:Creating package script '/home/dtc-mrsd/Downloads/ros2_ghadron_gimbal/install/gimbal_angle_control/share/gimbal_angle_control/package.bash'
[2.183s] INFO:colcon.colcon_core.shell:Creating package script '/home/dtc-mrsd/Downloads/ros2_ghadron_gimbal/install/gimbal_angle_control/share/gimbal_angle_control/package.zsh'
[2.183s] Level 1:colcon.colcon_core.environment:create_file_with_runtime_dependencies(/home/dtc-mrsd/Downloads/ros2_ghadron_gimbal/install/gimbal_angle_control/share/colcon-core/packages/gimbal_angle_control)
[2.184s] Level 1:colcon.colcon_core.environment:create_environment_scripts_only(gimbal_angle_control)
[2.184s] Level 1:colcon.colcon_core.environment:checking '/home/dtc-mrsd/Downloads/ros2_ghadron_gimbal/install/gimbal_angle_control' for CMake module files
[2.185s] Level 1:colcon.colcon_core.environment:checking '/home/dtc-mrsd/Downloads/ros2_ghadron_gimbal/install/gimbal_angle_control' for CMake config files
[2.185s] Level 1:colcon.colcon_core.shell:create_environment_hook('gimbal_angle_control', 'cmake_prefix_path')
[2.185s] INFO:colcon.colcon_core.shell:Creating environment hook '/home/dtc-mrsd/Downloads/ros2_ghadron_gimbal/install/gimbal_angle_control/share/gimbal_angle_control/hook/cmake_prefix_path.ps1'
[2.185s] INFO:colcon.colcon_core.shell:Creating environment descriptor '/home/dtc-mrsd/Downloads/ros2_ghadron_gimbal/install/gimbal_angle_control/share/gimbal_angle_control/hook/cmake_prefix_path.dsv'
[2.186s] INFO:colcon.colcon_core.shell:Creating environment hook '/home/dtc-mrsd/Downloads/ros2_ghadron_gimbal/install/gimbal_angle_control/share/gimbal_angle_control/hook/cmake_prefix_path.sh'
[2.186s] Level 1:colcon.colcon_core.environment:checking '/home/dtc-mrsd/Downloads/ros2_ghadron_gimbal/install/gimbal_angle_control/lib'
[2.187s] Level 1:colcon.colcon_core.environment:checking '/home/dtc-mrsd/Downloads/ros2_ghadron_gimbal/install/gimbal_angle_control/bin'
[2.187s] Level 1:colcon.colcon_core.environment:checking '/home/dtc-mrsd/Downloads/ros2_ghadron_gimbal/install/gimbal_angle_control/lib/pkgconfig/gimbal_angle_control.pc'
[2.187s] Level 1:colcon.colcon_core.environment:checking '/home/dtc-mrsd/Downloads/ros2_ghadron_gimbal/install/gimbal_angle_control/lib/python3.10/site-packages'
[2.187s] Level 1:colcon.colcon_core.environment:checking '/home/dtc-mrsd/Downloads/ros2_ghadron_gimbal/install/gimbal_angle_control/bin'
[2.188s] INFO:colcon.colcon_core.shell:Creating package script '/home/dtc-mrsd/Downloads/ros2_ghadron_gimbal/install/gimbal_angle_control/share/gimbal_angle_control/package.ps1'
[2.188s] INFO:colcon.colcon_core.shell:Creating package descriptor '/home/dtc-mrsd/Downloads/ros2_ghadron_gimbal/install/gimbal_angle_control/share/gimbal_angle_control/package.dsv'
[2.189s] INFO:colcon.colcon_core.shell:Creating package script '/home/dtc-mrsd/Downloads/ros2_ghadron_gimbal/install/gimbal_angle_control/share/gimbal_angle_control/package.sh'
[2.190s] INFO:colcon.colcon_core.shell:Creating package script '/home/dtc-mrsd/Downloads/ros2_ghadron_gimbal/install/gimbal_angle_control/share/gimbal_angle_control/package.bash'
[2.190s] INFO:colcon.colcon_core.shell:Creating package script '/home/dtc-mrsd/Downloads/ros2_ghadron_gimbal/install/gimbal_angle_control/share/gimbal_angle_control/package.zsh'
[2.191s] Level 1:colcon.colcon_core.environment:create_file_with_runtime_dependencies(/home/dtc-mrsd/Downloads/ros2_ghadron_gimbal/install/gimbal_angle_control/share/colcon-core/packages/gimbal_angle_control)
[2.645s] DEBUG:colcon.colcon_core.event_handler.log_command:Invoking command in '/home/dtc-mrsd/Downloads/ros2_ghadron_gimbal/src/yolo_detection': PYTHONPATH=/home/dtc-mrsd/Downloads/ros2_ghadron_gimbal/build/yolo_detection/prefix_override:/usr/lib/python3/dist-packages/colcon_core/task/python/colcon_distutils_commands:/home/dtc-mrsd/Downloads/ros2_ghadron_gimbal/install/yolo_detection/lib/python3.10/site-packages:${PYTHONPATH} /usr/bin/python3 -W ignore:setup.py install is deprecated -W ignore:easy_install command is deprecated setup.py egg_info --egg-base ../../build/yolo_detection build --build-base /home/dtc-mrsd/Downloads/ros2_ghadron_gimbal/build/yolo_detection/build install --record /home/dtc-mrsd/Downloads/ros2_ghadron_gimbal/build/yolo_detection/install.log --single-version-externally-managed install_data
[2.664s] DEBUG:colcon.colcon_core.event_handler.log_command:Invoking command in '/home/dtc-mrsd/Downloads/ros2_ghadron_gimbal/src/stream_publisher': PYTHONPATH=/home/dtc-mrsd/Downloads/ros2_ghadron_gimbal/build/stream_publisher/prefix_override:/usr/lib/python3/dist-packages/colcon_core/task/python/colcon_distutils_commands:/home/dtc-mrsd/Downloads/ros2_ghadron_gimbal/install/stream_publisher/lib/python3.10/site-packages:${PYTHONPATH} /usr/bin/python3 -W ignore:setup.py install is deprecated -W ignore:easy_install command is deprecated setup.py egg_info --egg-base ../../build/stream_publisher build --build-base /home/dtc-mrsd/Downloads/ros2_ghadron_gimbal/build/stream_publisher/build install --record /home/dtc-mrsd/Downloads/ros2_ghadron_gimbal/build/stream_publisher/install.log --single-version-externally-managed install_data
[2.678s] DEBUG:colcon.colcon_core.event_handler.log_command:Invoking command in '/home/dtc-mrsd/Downloads/ros2_ghadron_gimbal/src/image_viewer': PYTHONPATH=/home/dtc-mrsd/Downloads/ros2_ghadron_gimbal/build/image_viewer/prefix_override:/usr/lib/python3/dist-packages/colcon_core/task/python/colcon_distutils_commands:/home/dtc-mrsd/Downloads/ros2_ghadron_gimbal/install/image_viewer/lib/python3.10/site-packages:${PYTHONPATH} /usr/bin/python3 -W ignore:setup.py install is deprecated -W ignore:easy_install command is deprecated setup.py egg_info --egg-base ../../build/image_viewer build --build-base /home/dtc-mrsd/Downloads/ros2_ghadron_gimbal/build/image_viewer/build install --record /home/dtc-mrsd/Downloads/ros2_ghadron_gimbal/build/image_viewer/install.log --single-version-externally-managed install_data
[2.709s] DEBUG:colcon.colcon_core.event_handler.log_command:Invoking command in '/home/dtc-mrsd/Downloads/ros2_ghadron_gimbal/src/human_tracking': PYTHONPATH=/home/dtc-mrsd/Downloads/ros2_ghadron_gimbal/build/human_tracking/prefix_override:/usr/lib/python3/dist-packages/colcon_core/task/python/colcon_distutils_commands:/home/dtc-mrsd/Downloads/ros2_ghadron_gimbal/install/human_tracking/lib/python3.10/site-packages:${PYTHONPATH} /usr/bin/python3 -W ignore:setup.py install is deprecated -W ignore:easy_install command is deprecated setup.py egg_info --egg-base ../../build/human_tracking build --build-base /home/dtc-mrsd/Downloads/ros2_ghadron_gimbal/build/human_tracking/build install --record /home/dtc-mrsd/Downloads/ros2_ghadron_gimbal/build/human_tracking/install.log --single-version-externally-managed install_data
[3.118s] Level 1:colcon.colcon_core.environment:checking '/home/dtc-mrsd/Downloads/ros2_ghadron_gimbal/install/stream_publisher' for CMake module files
[3.119s] DEBUG:colcon.colcon_core.event_handler.log_command:Invoked command in '/home/dtc-mrsd/Downloads/ros2_ghadron_gimbal/src/stream_publisher' returned '0': PYTHONPATH=/home/dtc-mrsd/Downloads/ros2_ghadron_gimbal/build/stream_publisher/prefix_override:/usr/lib/python3/dist-packages/colcon_core/task/python/colcon_distutils_commands:/home/dtc-mrsd/Downloads/ros2_ghadron_gimbal/install/stream_publisher/lib/python3.10/site-packages:${PYTHONPATH} /usr/bin/python3 -W ignore:setup.py install is deprecated -W ignore:easy_install command is deprecated setup.py egg_info --egg-base ../../build/stream_publisher build --build-base /home/dtc-mrsd/Downloads/ros2_ghadron_gimbal/build/stream_publisher/build install --record /home/dtc-mrsd/Downloads/ros2_ghadron_gimbal/build/stream_publisher/install.log --single-version-externally-managed install_data
[3.121s] Level 1:colcon.colcon_core.environment:checking '/home/dtc-mrsd/Downloads/ros2_ghadron_gimbal/install/stream_publisher' for CMake config files
[3.121s] Level 1:colcon.colcon_core.environment:checking '/home/dtc-mrsd/Downloads/ros2_ghadron_gimbal/install/stream_publisher/lib'
[3.122s] Level 1:colcon.colcon_core.environment:checking '/home/dtc-mrsd/Downloads/ros2_ghadron_gimbal/install/stream_publisher/bin'
[3.122s] Level 1:colcon.colcon_core.environment:checking '/home/dtc-mrsd/Downloads/ros2_ghadron_gimbal/install/stream_publisher/lib/pkgconfig/stream_publisher.pc'
[3.122s] Level 1:colcon.colcon_core.environment:checking '/home/dtc-mrsd/Downloads/ros2_ghadron_gimbal/install/stream_publisher/lib/python3.10/site-packages'
[3.122s] Level 1:colcon.colcon_core.shell:create_environment_hook('stream_publisher', 'pythonpath')
[3.123s] INFO:colcon.colcon_core.shell:Creating environment hook '/home/dtc-mrsd/Downloads/ros2_ghadron_gimbal/install/stream_publisher/share/stream_publisher/hook/pythonpath.ps1'
[3.123s] INFO:colcon.colcon_core.shell:Creating environment descriptor '/home/dtc-mrsd/Downloads/ros2_ghadron_gimbal/install/stream_publisher/share/stream_publisher/hook/pythonpath.dsv'
[3.124s] INFO:colcon.colcon_core.shell:Creating environment hook '/home/dtc-mrsd/Downloads/ros2_ghadron_gimbal/install/stream_publisher/share/stream_publisher/hook/pythonpath.sh'
[3.125s] Level 1:colcon.colcon_core.environment:checking '/home/dtc-mrsd/Downloads/ros2_ghadron_gimbal/install/stream_publisher/bin'
[3.125s] Level 1:colcon.colcon_core.environment:create_environment_scripts_only(stream_publisher)
[3.125s] INFO:colcon.colcon_core.shell:Creating package script '/home/dtc-mrsd/Downloads/ros2_ghadron_gimbal/install/stream_publisher/share/stream_publisher/package.ps1'
[3.126s] INFO:colcon.colcon_core.shell:Creating package descriptor '/home/dtc-mrsd/Downloads/ros2_ghadron_gimbal/install/stream_publisher/share/stream_publisher/package.dsv'
[3.127s] INFO:colcon.colcon_core.shell:Creating package script '/home/dtc-mrsd/Downloads/ros2_ghadron_gimbal/install/stream_publisher/share/stream_publisher/package.sh'
[3.127s] INFO:colcon.colcon_core.shell:Creating package script '/home/dtc-mrsd/Downloads/ros2_ghadron_gimbal/install/stream_publisher/share/stream_publisher/package.bash'
[3.128s] INFO:colcon.colcon_core.shell:Creating package script '/home/dtc-mrsd/Downloads/ros2_ghadron_gimbal/install/stream_publisher/share/stream_publisher/package.zsh'
[3.128s] Level 1:colcon.colcon_core.environment:create_file_with_runtime_dependencies(/home/dtc-mrsd/Downloads/ros2_ghadron_gimbal/install/stream_publisher/share/colcon-core/packages/stream_publisher)
[3.138s] Level 1:colcon.colcon_core.environment:checking '/home/dtc-mrsd/Downloads/ros2_ghadron_gimbal/install/yolo_detection' for CMake module files
[3.139s] DEBUG:colcon.colcon_core.event_handler.log_command:Invoked command in '/home/dtc-mrsd/Downloads/ros2_ghadron_gimbal/src/yolo_detection' returned '0': PYTHONPATH=/home/dtc-mrsd/Downloads/ros2_ghadron_gimbal/build/yolo_detection/prefix_override:/usr/lib/python3/dist-packages/colcon_core/task/python/colcon_distutils_commands:/home/dtc-mrsd/Downloads/ros2_ghadron_gimbal/install/yolo_detection/lib/python3.10/site-packages:${PYTHONPATH} /usr/bin/python3 -W ignore:setup.py install is deprecated -W ignore:easy_install command is deprecated setup.py egg_info --egg-base ../../build/yolo_detection build --build-base /home/dtc-mrsd/Downloads/ros2_ghadron_gimbal/build/yolo_detection/build install --record /home/dtc-mrsd/Downloads/ros2_ghadron_gimbal/build/yolo_detection/install.log --single-version-externally-managed install_data
[3.140s] Level 1:colcon.colcon_core.environment:checking '/home/dtc-mrsd/Downloads/ros2_ghadron_gimbal/install/yolo_detection' for CMake config files
[3.140s] Level 1:colcon.colcon_core.environment:checking '/home/dtc-mrsd/Downloads/ros2_ghadron_gimbal/install/yolo_detection/lib'
[3.140s] Level 1:colcon.colcon_core.environment:checking '/home/dtc-mrsd/Downloads/ros2_ghadron_gimbal/install/yolo_detection/bin'
[3.140s] Level 1:colcon.colcon_core.environment:checking '/home/dtc-mrsd/Downloads/ros2_ghadron_gimbal/install/yolo_detection/lib/pkgconfig/yolo_detection.pc'
[3.141s] Level 1:colcon.colcon_core.environment:checking '/home/dtc-mrsd/Downloads/ros2_ghadron_gimbal/install/yolo_detection/lib/python3.10/site-packages'
[3.141s] Level 1:colcon.colcon_core.shell:create_environment_hook('yolo_detection', 'pythonpath')
[3.141s] INFO:colcon.colcon_core.shell:Creating environment hook '/home/dtc-mrsd/Downloads/ros2_ghadron_gimbal/install/yolo_detection/share/yolo_detection/hook/pythonpath.ps1'
[3.142s] INFO:colcon.colcon_core.shell:Creating environment descriptor '/home/dtc-mrsd/Downloads/ros2_ghadron_gimbal/install/yolo_detection/share/yolo_detection/hook/pythonpath.dsv'
[3.143s] INFO:colcon.colcon_core.shell:Creating environment hook '/home/dtc-mrsd/Downloads/ros2_ghadron_gimbal/install/yolo_detection/share/yolo_detection/hook/pythonpath.sh'
[3.144s] Level 1:colcon.colcon_core.environment:checking '/home/dtc-mrsd/Downloads/ros2_ghadron_gimbal/install/yolo_detection/bin'
[3.144s] Level 1:colcon.colcon_core.environment:create_environment_scripts_only(yolo_detection)
[3.144s] INFO:colcon.colcon_core.shell:Creating package script '/home/dtc-mrsd/Downloads/ros2_ghadron_gimbal/install/yolo_detection/share/yolo_detection/package.ps1'
[3.145s] INFO:colcon.colcon_core.shell:Creating package descriptor '/home/dtc-mrsd/Downloads/ros2_ghadron_gimbal/install/yolo_detection/share/yolo_detection/package.dsv'
[3.146s] INFO:colcon.colcon_core.shell:Creating package script '/home/dtc-mrsd/Downloads/ros2_ghadron_gimbal/install/yolo_detection/share/yolo_detection/package.sh'
[3.147s] INFO:colcon.colcon_core.shell:Creating package script '/home/dtc-mrsd/Downloads/ros2_ghadron_gimbal/install/yolo_detection/share/yolo_detection/package.bash'
[3.147s] INFO:colcon.colcon_core.shell:Creating package script '/home/dtc-mrsd/Downloads/ros2_ghadron_gimbal/install/yolo_detection/share/yolo_detection/package.zsh'
[3.148s] Level 1:colcon.colcon_core.environment:create_file_with_runtime_dependencies(/home/dtc-mrsd/Downloads/ros2_ghadron_gimbal/install/yolo_detection/share/colcon-core/packages/yolo_detection)
[3.151s] Level 1:colcon.colcon_core.environment:checking '/home/dtc-mrsd/Downloads/ros2_ghadron_gimbal/install/image_viewer' for CMake module files
[3.152s] DEBUG:colcon.colcon_core.event_handler.log_command:Invoked command in '/home/dtc-mrsd/Downloads/ros2_ghadron_gimbal/src/image_viewer' returned '0': PYTHONPATH=/home/dtc-mrsd/Downloads/ros2_ghadron_gimbal/build/image_viewer/prefix_override:/usr/lib/python3/dist-packages/colcon_core/task/python/colcon_distutils_commands:/home/dtc-mrsd/Downloads/ros2_ghadron_gimbal/install/image_viewer/lib/python3.10/site-packages:${PYTHONPATH} /usr/bin/python3 -W ignore:setup.py install is deprecated -W ignore:easy_install command is deprecated setup.py egg_info --egg-base ../../build/image_viewer build --build-base /home/dtc-mrsd/Downloads/ros2_ghadron_gimbal/build/image_viewer/build install --record /home/dtc-mrsd/Downloads/ros2_ghadron_gimbal/build/image_viewer/install.log --single-version-externally-managed install_data
[3.153s] Level 1:colcon.colcon_core.environment:checking '/home/dtc-mrsd/Downloads/ros2_ghadron_gimbal/install/image_viewer' for CMake config files
[3.153s] Level 1:colcon.colcon_core.environment:checking '/home/dtc-mrsd/Downloads/ros2_ghadron_gimbal/install/image_viewer/lib'
[3.154s] Level 1:colcon.colcon_core.environment:checking '/home/dtc-mrsd/Downloads/ros2_ghadron_gimbal/install/image_viewer/bin'
[3.154s] Level 1:colcon.colcon_core.environment:checking '/home/dtc-mrsd/Downloads/ros2_ghadron_gimbal/install/image_viewer/lib/pkgconfig/image_viewer.pc'
[3.154s] Level 1:colcon.colcon_core.environment:checking '/home/dtc-mrsd/Downloads/ros2_ghadron_gimbal/install/image_viewer/lib/python3.10/site-packages'
[3.154s] Level 1:colcon.colcon_core.shell:create_environment_hook('image_viewer', 'pythonpath')
[3.155s] INFO:colcon.colcon_core.shell:Creating environment hook '/home/dtc-mrsd/Downloads/ros2_ghadron_gimbal/install/image_viewer/share/image_viewer/hook/pythonpath.ps1'
[3.155s] INFO:colcon.colcon_core.shell:Creating environment descriptor '/home/dtc-mrsd/Downloads/ros2_ghadron_gimbal/install/image_viewer/share/image_viewer/hook/pythonpath.dsv'
[3.156s] INFO:colcon.colcon_core.shell:Creating environment hook '/home/dtc-mrsd/Downloads/ros2_ghadron_gimbal/install/image_viewer/share/image_viewer/hook/pythonpath.sh'
[3.157s] Level 1:colcon.colcon_core.environment:checking '/home/dtc-mrsd/Downloads/ros2_ghadron_gimbal/install/image_viewer/bin'
[3.157s] Level 1:colcon.colcon_core.environment:create_environment_scripts_only(image_viewer)
[3.157s] INFO:colcon.colcon_core.shell:Creating package script '/home/dtc-mrsd/Downloads/ros2_ghadron_gimbal/install/image_viewer/share/image_viewer/package.ps1'
[3.158s] INFO:colcon.colcon_core.shell:Creating package descriptor '/home/dtc-mrsd/Downloads/ros2_ghadron_gimbal/install/image_viewer/share/image_viewer/package.dsv'
[3.159s] INFO:colcon.colcon_core.shell:Creating package script '/home/dtc-mrsd/Downloads/ros2_ghadron_gimbal/install/image_viewer/share/image_viewer/package.sh'
[3.159s] INFO:colcon.colcon_core.shell:Creating package script '/home/dtc-mrsd/Downloads/ros2_ghadron_gimbal/install/image_viewer/share/image_viewer/package.bash'
[3.160s] INFO:colcon.colcon_core.shell:Creating package script '/home/dtc-mrsd/Downloads/ros2_ghadron_gimbal/install/image_viewer/share/image_viewer/package.zsh'
[3.160s] Level 1:colcon.colcon_core.environment:create_file_with_runtime_dependencies(/home/dtc-mrsd/Downloads/ros2_ghadron_gimbal/install/image_viewer/share/colcon-core/packages/image_viewer)
[3.213s] Level 1:colcon.colcon_core.environment:checking '/home/dtc-mrsd/Downloads/ros2_ghadron_gimbal/install/human_tracking' for CMake module files
[3.214s] DEBUG:colcon.colcon_core.event_handler.log_command:Invoked command in '/home/dtc-mrsd/Downloads/ros2_ghadron_gimbal/src/human_tracking' returned '0': PYTHONPATH=/home/dtc-mrsd/Downloads/ros2_ghadron_gimbal/build/human_tracking/prefix_override:/usr/lib/python3/dist-packages/colcon_core/task/python/colcon_distutils_commands:/home/dtc-mrsd/Downloads/ros2_ghadron_gimbal/install/human_tracking/lib/python3.10/site-packages:${PYTHONPATH} /usr/bin/python3 -W ignore:setup.py install is deprecated -W ignore:easy_install command is deprecated setup.py egg_info --egg-base ../../build/human_tracking build --build-base /home/dtc-mrsd/Downloads/ros2_ghadron_gimbal/build/human_tracking/build install --record /home/dtc-mrsd/Downloads/ros2_ghadron_gimbal/build/human_tracking/install.log --single-version-externally-managed install_data
[3.215s] Level 1:colcon.colcon_core.environment:checking '/home/dtc-mrsd/Downloads/ros2_ghadron_gimbal/install/human_tracking' for CMake config files
[3.215s] Level 1:colcon.colcon_core.environment:checking '/home/dtc-mrsd/Downloads/ros2_ghadron_gimbal/install/human_tracking/lib'
[3.215s] Level 1:colcon.colcon_core.environment:checking '/home/dtc-mrsd/Downloads/ros2_ghadron_gimbal/install/human_tracking/bin'
[3.215s] Level 1:colcon.colcon_core.environment:checking '/home/dtc-mrsd/Downloads/ros2_ghadron_gimbal/install/human_tracking/lib/pkgconfig/human_tracking.pc'
[3.216s] Level 1:colcon.colcon_core.environment:checking '/home/dtc-mrsd/Downloads/ros2_ghadron_gimbal/install/human_tracking/lib/python3.10/site-packages'
[3.216s] Level 1:colcon.colcon_core.shell:create_environment_hook('human_tracking', 'pythonpath')
[3.216s] INFO:colcon.colcon_core.shell:Creating environment hook '/home/dtc-mrsd/Downloads/ros2_ghadron_gimbal/install/human_tracking/share/human_tracking/hook/pythonpath.ps1'
[3.217s] INFO:colcon.colcon_core.shell:Creating environment descriptor '/home/dtc-mrsd/Downloads/ros2_ghadron_gimbal/install/human_tracking/share/human_tracking/hook/pythonpath.dsv'
[3.217s] INFO:colcon.colcon_core.shell:Creating environment hook '/home/dtc-mrsd/Downloads/ros2_ghadron_gimbal/install/human_tracking/share/human_tracking/hook/pythonpath.sh'
[3.218s] Level 1:colcon.colcon_core.environment:checking '/home/dtc-mrsd/Downloads/ros2_ghadron_gimbal/install/human_tracking/bin'
[3.218s] Level 1:colcon.colcon_core.environment:create_environment_scripts_only(human_tracking)
[3.218s] INFO:colcon.colcon_core.shell:Creating package script '/home/dtc-mrsd/Downloads/ros2_ghadron_gimbal/install/human_tracking/share/human_tracking/package.ps1'
[3.219s] INFO:colcon.colcon_core.shell:Creating package descriptor '/home/dtc-mrsd/Downloads/ros2_ghadron_gimbal/install/human_tracking/share/human_tracking/package.dsv'
[3.220s] INFO:colcon.colcon_core.shell:Creating package script '/home/dtc-mrsd/Downloads/ros2_ghadron_gimbal/install/human_tracking/share/human_tracking/package.sh'
[3.220s] INFO:colcon.colcon_core.shell:Creating package script '/home/dtc-mrsd/Downloads/ros2_ghadron_gimbal/install/human_tracking/share/human_tracking/package.bash'
[3.221s] INFO:colcon.colcon_core.shell:Creating package script '/home/dtc-mrsd/Downloads/ros2_ghadron_gimbal/install/human_tracking/share/human_tracking/package.zsh'
[3.221s] Level 1:colcon.colcon_core.environment:create_file_with_runtime_dependencies(/home/dtc-mrsd/Downloads/ros2_ghadron_gimbal/install/human_tracking/share/colcon-core/packages/human_tracking)
[3.221s] INFO:colcon.colcon_ros.task.ament_python.build:Building ROS package in '/home/dtc-mrsd/Downloads/ros2_ghadron_gimbal/src/gimbal_bringup' with build type 'ament_python'
[3.222s] Level 1:colcon.colcon_core.shell:create_environment_hook('gimbal_bringup', 'ament_prefix_path')
[3.222s] INFO:colcon.colcon_core.shell:Creating environment hook '/home/dtc-mrsd/Downloads/ros2_ghadron_gimbal/install/gimbal_bringup/share/gimbal_bringup/hook/ament_prefix_path.ps1'
[3.223s] INFO:colcon.colcon_core.shell:Creating environment descriptor '/home/dtc-mrsd/Downloads/ros2_ghadron_gimbal/install/gimbal_bringup/share/gimbal_bringup/hook/ament_prefix_path.dsv'
[3.223s] INFO:colcon.colcon_core.shell:Creating environment hook '/home/dtc-mrsd/Downloads/ros2_ghadron_gimbal/install/gimbal_bringup/share/gimbal_bringup/hook/ament_prefix_path.sh'
[3.224s] INFO:colcon.colcon_core.shell:Skip shell extension 'powershell' for command environment: Not usable outside of PowerShell
[3.224s] DEBUG:colcon.colcon_core.shell:Skip shell extension 'dsv' for command environment
[3.578s] INFO:colcon.colcon_core.task.python.build:Building Python package in '/home/dtc-mrsd/Downloads/ros2_ghadron_gimbal/src/gimbal_bringup'
[3.578s] INFO:colcon.colcon_core.shell:Skip shell extension 'powershell' for command environment: Not usable outside of PowerShell
[3.578s] DEBUG:colcon.colcon_core.shell:Skip shell extension 'dsv' for command environment
[4.143s] DEBUG:colcon.colcon_core.event_handler.log_command:Invoking command in '/home/dtc-mrsd/Downloads/ros2_ghadron_gimbal/src/gimbal_bringup': AMENT_PREFIX_PATH=/home/dtc-mrsd/Downloads/ros2_ghadron_gimbal/install/yolo_detection:/home/dtc-mrsd/Downloads/ros2_gimbal_ws/install/ir_zoom:/home/dtc-mrsd/Downloads/ros2_ghadron_gimbal/install/human_tracking:/home/dtc-mrsd/Downloads/ros2_gimbal_ws/install/gimbal_status:/home/dtc-mrsd/Downloads/ros2_gimbal_ws/install/gimbal_angle_control:/home/dtc-mrsd/Downloads/ros2_gimbal_ws/install/eo_zoom:/home/dtc-mrsd/Downloads/ros2_ghadron_gimbal/install/gimbal_bringup:/home/dtc-mrsd/Downloads/ros2_ghadron_gimbal/install/stream_publisher:/home/dtc-mrsd/Downloads/ros2_ghadron_gimbal/install/rtsp_viewer:/home/dtc-mrsd/Downloads/ros2_ghadron_gimbal/install/ir_zoom:/home/dtc-mrsd/Downloads/ros2_ghadron_gimbal/install/ir_image:/home/dtc-mrsd/Downloads/ros2_ghadron_gimbal/install/image_viewer:/home/dtc-mrsd/Downloads/ros2_ghadron_gimbal/install/image_publisher:/home/dtc-mrsd/Downloads/ros2_ghadron_gimbal/install/gimbal_status:/home/dtc-mrsd/Downloads/ros2_ghadron_gimbal/install/gimbal_angle_control:/home/dtc-mrsd/Downloads/ros2_ghadron_gimbal/install/eo_zoom:/home/dtc-mrsd/Downloads/ros2_ghadron_gimbal/install/eo_image:/opt/ros/humble CMAKE_PREFIX_PATH=/home/dtc-mrsd/Downloads/ros2_ghadron_gimbal/install/ir_zoom:/home/dtc-mrsd/Downloads/ros2_ghadron_gimbal/install/gimbal_status:/home/dtc-mrsd/Downloads/ros2_ghadron_gimbal/install/gimbal_angle_control:/home/dtc-mrsd/Downloads/ros2_ghadron_gimbal/install/eo_zoom:/home/dtc-mrsd/Downloads/ros2_ghadron_gimbal/install/ir_image:/home/dtc-mrsd/Downloads/ros2_ghadron_gimbal/install/image_publisher:/home/dtc-mrsd/Downloads/ros2_ghadron_gimbal/install/eo_image PYTHONPATH=/home/dtc-mrsd/Downloads/ros2_ghadron_gimbal/build/gimbal_bringup/prefix_override:/usr/lib/python3/dist-packages/colcon_core/task/python/colcon_distutils_commands:/home/dtc-mrsd/Downloads/ros2_ghadron_gimbal/install/gimbal_bringup/lib/python3.10/site-packages:/home/dtc-mrsd/Downloads/ros2_ghadron_gimbal/install/yolo_detection/lib/python3.10/site-packages:/home/dtc-mrsd/Downloads/ros2_ghadron_gimbal/install/human_tracking/lib/python3.10/site-packages:/home/dtc-mrsd/Downloads/ros2_ghadron_gimbal/install/gimbal_bringup/lib/python3.10/site-packages:/home/dtc-mrsd/Downloads/ros2_ghadron_gimbal/install/stream_publisher/lib/python3.10/site-packages:/home/dtc-mrsd/Downloads/ros2_ghadron_gimbal/install/rtsp_viewer/lib/python3.10/site-packages:/home/dtc-mrsd/Downloads/ros2_ghadron_gimbal/install/image_viewer/lib/python3.10/site-packages:/opt/ros/humble/lib/python3.10/site-packages:/opt/ros/humble/local/lib/python3.10/dist-packages /usr/bin/python3 -W ignore:setup.py install is deprecated -W ignore:easy_install command is deprecated setup.py egg_info --egg-base ../../build/gimbal_bringup build --build-base /home/dtc-mrsd/Downloads/ros2_ghadron_gimbal/build/gimbal_bringup/build install --record /home/dtc-mrsd/Downloads/ros2_ghadron_gimbal/build/gimbal_bringup/install.log --single-version-externally-managed install_data
[4.602s] Level 1:colcon.colcon_core.environment:checking '/home/dtc-mrsd/Downloads/ros2_ghadron_gimbal/install/gimbal_bringup' for CMake module files
[4.603s] DEBUG:colcon.colcon_core.event_handler.log_command:Invoked command in '/home/dtc-mrsd/Downloads/ros2_ghadron_gimbal/src/gimbal_bringup' returned '0': AMENT_PREFIX_PATH=/home/dtc-mrsd/Downloads/ros2_ghadron_gimbal/install/yolo_detection:/home/dtc-mrsd/Downloads/ros2_gimbal_ws/install/ir_zoom:/home/dtc-mrsd/Downloads/ros2_ghadron_gimbal/install/human_tracking:/home/dtc-mrsd/Downloads/ros2_gimbal_ws/install/gimbal_status:/home/dtc-mrsd/Downloads/ros2_gimbal_ws/install/gimbal_angle_control:/home/dtc-mrsd/Downloads/ros2_gimbal_ws/install/eo_zoom:/home/dtc-mrsd/Downloads/ros2_ghadron_gimbal/install/gimbal_bringup:/home/dtc-mrsd/Downloads/ros2_ghadron_gimbal/install/stream_publisher:/home/dtc-mrsd/Downloads/ros2_ghadron_gimbal/install/rtsp_viewer:/home/dtc-mrsd/Downloads/ros2_ghadron_gimbal/install/ir_zoom:/home/dtc-mrsd/Downloads/ros2_ghadron_gimbal/install/ir_image:/home/dtc-mrsd/Downloads/ros2_ghadron_gimbal/install/image_viewer:/home/dtc-mrsd/Downloads/ros2_ghadron_gimbal/install/image_publisher:/home/dtc-mrsd/Downloads/ros2_ghadron_gimbal/install/gimbal_status:/home/dtc-mrsd/Downloads/ros2_ghadron_gimbal/install/gimbal_angle_control:/home/dtc-mrsd/Downloads/ros2_ghadron_gimbal/install/eo_zoom:/home/dtc-mrsd/Downloads/ros2_ghadron_gimbal/install/eo_image:/opt/ros/humble CMAKE_PREFIX_PATH=/home/dtc-mrsd/Downloads/ros2_ghadron_gimbal/install/ir_zoom:/home/dtc-mrsd/Downloads/ros2_ghadron_gimbal/install/gimbal_status:/home/dtc-mrsd/Downloads/ros2_ghadron_gimbal/install/gimbal_angle_control:/home/dtc-mrsd/Downloads/ros2_ghadron_gimbal/install/eo_zoom:/home/dtc-mrsd/Downloads/ros2_ghadron_gimbal/install/ir_image:/home/dtc-mrsd/Downloads/ros2_ghadron_gimbal/install/image_publisher:/home/dtc-mrsd/Downloads/ros2_ghadron_gimbal/install/eo_image PYTHONPATH=/home/dtc-mrsd/Downloads/ros2_ghadron_gimbal/build/gimbal_bringup/prefix_override:/usr/lib/python3/dist-packages/colcon_core/task/python/colcon_distutils_commands:/home/dtc-mrsd/Downloads/ros2_ghadron_gimbal/install/gimbal_bringup/lib/python3.10/site-packages:/home/dtc-mrsd/Downloads/ros2_ghadron_gimbal/install/yolo_detection/lib/python3.10/site-packages:/home/dtc-mrsd/Downloads/ros2_ghadron_gimbal/install/human_tracking/lib/python3.10/site-packages:/home/dtc-mrsd/Downloads/ros2_ghadron_gimbal/install/gimbal_bringup/lib/python3.10/site-packages:/home/dtc-mrsd/Downloads/ros2_ghadron_gimbal/install/stream_publisher/lib/python3.10/site-packages:/home/dtc-mrsd/Downloads/ros2_ghadron_gimbal/install/rtsp_viewer/lib/python3.10/site-packages:/home/dtc-mrsd/Downloads/ros2_ghadron_gimbal/install/image_viewer/lib/python3.10/site-packages:/opt/ros/humble/lib/python3.10/site-packages:/opt/ros/humble/local/lib/python3.10/dist-packages /usr/bin/python3 -W ignore:setup.py install is deprecated -W ignore:easy_install command is deprecated setup.py egg_info --egg-base ../../build/gimbal_bringup build --build-base /home/dtc-mrsd/Downloads/ros2_ghadron_gimbal/build/gimbal_bringup/build install --record /home/dtc-mrsd/Downloads/ros2_ghadron_gimbal/build/gimbal_bringup/install.log --single-version-externally-managed install_data
[4.604s] Level 1:colcon.colcon_core.environment:checking '/home/dtc-mrsd/Downloads/ros2_ghadron_gimbal/install/gimbal_bringup' for CMake config files
[4.604s] Level 1:colcon.colcon_core.environment:checking '/home/dtc-mrsd/Downloads/ros2_ghadron_gimbal/install/gimbal_bringup/lib'
[4.605s] Level 1:colcon.colcon_core.environment:checking '/home/dtc-mrsd/Downloads/ros2_ghadron_gimbal/install/gimbal_bringup/bin'
[4.605s] Level 1:colcon.colcon_core.environment:checking '/home/dtc-mrsd/Downloads/ros2_ghadron_gimbal/install/gimbal_bringup/lib/pkgconfig/gimbal_bringup.pc'
[4.605s] Level 1:colcon.colcon_core.environment:checking '/home/dtc-mrsd/Downloads/ros2_ghadron_gimbal/install/gimbal_bringup/lib/python3.10/site-packages'
[4.605s] Level 1:colcon.colcon_core.shell:create_environment_hook('gimbal_bringup', 'pythonpath')
[4.605s] INFO:colcon.colcon_core.shell:Creating environment hook '/home/dtc-mrsd/Downloads/ros2_ghadron_gimbal/install/gimbal_bringup/share/gimbal_bringup/hook/pythonpath.ps1'
[4.606s] INFO:colcon.colcon_core.shell:Creating environment descriptor '/home/dtc-mrsd/Downloads/ros2_ghadron_gimbal/install/gimbal_bringup/share/gimbal_bringup/hook/pythonpath.dsv'
[4.606s] INFO:colcon.colcon_core.shell:Creating environment hook '/home/dtc-mrsd/Downloads/ros2_ghadron_gimbal/install/gimbal_bringup/share/gimbal_bringup/hook/pythonpath.sh'
[4.607s] Level 1:colcon.colcon_core.environment:checking '/home/dtc-mrsd/Downloads/ros2_ghadron_gimbal/install/gimbal_bringup/bin'
[4.607s] Level 1:colcon.colcon_core.environment:create_environment_scripts_only(gimbal_bringup)
[4.608s] INFO:colcon.colcon_core.shell:Creating package script '/home/dtc-mrsd/Downloads/ros2_ghadron_gimbal/install/gimbal_bringup/share/gimbal_bringup/package.ps1'
[4.608s] INFO:colcon.colcon_core.shell:Creating package descriptor '/home/dtc-mrsd/Downloads/ros2_ghadron_gimbal/install/gimbal_bringup/share/gimbal_bringup/package.dsv'
[4.609s] INFO:colcon.colcon_core.shell:Creating package script '/home/dtc-mrsd/Downloads/ros2_ghadron_gimbal/install/gimbal_bringup/share/gimbal_bringup/package.sh'
[4.610s] INFO:colcon.colcon_core.shell:Creating package script '/home/dtc-mrsd/Downloads/ros2_ghadron_gimbal/install/gimbal_bringup/share/gimbal_bringup/package.bash'
[4.610s] INFO:colcon.colcon_core.shell:Creating package script '/home/dtc-mrsd/Downloads/ros2_ghadron_gimbal/install/gimbal_bringup/share/gimbal_bringup/package.zsh'
[4.611s] Level 1:colcon.colcon_core.environment:create_file_with_runtime_dependencies(/home/dtc-mrsd/Downloads/ros2_ghadron_gimbal/install/gimbal_bringup/share/colcon-core/packages/gimbal_bringup)
[4.611s] DEBUG:colcon.colcon_parallel_executor.executor.parallel:closing loop
[4.612s] DEBUG:colcon.colcon_parallel_executor.executor.parallel:loop closed
[4.612s] DEBUG:colcon.colcon_parallel_executor.executor.parallel:run_until_complete finished with '0'
[4.612s] DEBUG:colcon.colcon_core.event_reactor:joining thread
[4.625s] INFO:colcon.colcon_core.plugin_system:Skipping extension 'colcon_notification.desktop_notification.terminal_notifier': Not used on non-Darwin systems
[4.625s] INFO:colcon.colcon_core.plugin_system:Skipping extension 'colcon_notification.desktop_notification.win32': Not used on non-Windows systems
[4.626s] INFO:colcon.colcon_notification.desktop_notification:Sending desktop notification using 'notify2'
[4.638s] DEBUG:colcon.colcon_core.event_reactor:joined thread
[4.639s] INFO:colcon.colcon_core.shell:Creating prefix script '/home/dtc-mrsd/Downloads/ros2_ghadron_gimbal/install/local_setup.ps1'
[4.641s] INFO:colcon.colcon_core.shell:Creating prefix util module '/home/dtc-mrsd/Downloads/ros2_ghadron_gimbal/install/_local_setup_util_ps1.py'
[4.644s] INFO:colcon.colcon_core.shell:Creating prefix chain script '/home/dtc-mrsd/Downloads/ros2_ghadron_gimbal/install/setup.ps1'
[4.647s] INFO:colcon.colcon_core.shell:Creating prefix script '/home/dtc-mrsd/Downloads/ros2_ghadron_gimbal/install/local_setup.sh'
[4.648s] INFO:colcon.colcon_core.shell:Creating prefix util module '/home/dtc-mrsd/Downloads/ros2_ghadron_gimbal/install/_local_setup_util_sh.py'
[4.649s] INFO:colcon.colcon_core.shell:Creating prefix chain script '/home/dtc-mrsd/Downloads/ros2_ghadron_gimbal/install/setup.sh'
[4.652s] INFO:colcon.colcon_core.shell:Creating prefix script '/home/dtc-mrsd/Downloads/ros2_ghadron_gimbal/install/local_setup.bash'
[4.653s] INFO:colcon.colcon_core.shell:Creating prefix chain script '/home/dtc-mrsd/Downloads/ros2_ghadron_gimbal/install/setup.bash'
[4.656s] INFO:colcon.colcon_core.shell:Creating prefix script '/home/dtc-mrsd/Downloads/ros2_ghadron_gimbal/install/local_setup.zsh'
[4.658s] INFO:colcon.colcon_core.shell:Creating prefix chain script '/home/dtc-mrsd/Downloads/ros2_ghadron_gimbal/install/setup.zsh'
