[1.777s] Invoking command in '/home/dtc-mrsd/Downloads/ros2_gimbal_ws/src/human_tracking': PYTHONPATH=/home/dtc-mrsd/Downloads/ros2_gimbal_ws/build/human_tracking/prefix_override:/usr/lib/python3/dist-packages/colcon_core/task/python/colcon_distutils_commands:/home/dtc-mrsd/Downloads/ros2_gimbal_ws/install/human_tracking/lib/python3.10/site-packages:${PYTHONPATH} /usr/bin/python3 -W ignore:setup.py install is deprecated -W ignore:easy_install command is deprecated setup.py egg_info --egg-base ../../build/human_tracking build --build-base /home/dtc-mrsd/Downloads/ros2_gimbal_ws/build/human_tracking/build install --record /home/dtc-mrsd/Downloads/ros2_gimbal_ws/build/human_tracking/install.log --single-version-externally-managed install_data
[2.099s] running egg_info
[2.100s] writing ../../build/human_tracking/human_tracking.egg-info/PKG-INFO
[2.100s] writing dependency_links to ../../build/human_tracking/human_tracking.egg-info/dependency_links.txt
[2.100s] writing entry points to ../../build/human_tracking/human_tracking.egg-info/entry_points.txt
[2.100s] writing requirements to ../../build/human_tracking/human_tracking.egg-info/requires.txt
[2.101s] writing top-level names to ../../build/human_tracking/human_tracking.egg-info/top_level.txt
[2.104s] reading manifest file '../../build/human_tracking/human_tracking.egg-info/SOURCES.txt'
[2.105s] writing manifest file '../../build/human_tracking/human_tracking.egg-info/SOURCES.txt'
[2.105s] running build
[2.105s] running build_py
[2.106s] running install
[2.106s] running install_lib
[2.108s] running install_data
[2.108s] running install_egg_info
[2.110s] removing '/home/dtc-mrsd/Downloads/ros2_gimbal_ws/install/human_tracking/lib/python3.10/site-packages/human_tracking-0.0.1-py3.10.egg-info' (and everything under it)
[2.110s] Copying ../../build/human_tracking/human_tracking.egg-info to /home/dtc-mrsd/Downloads/ros2_gimbal_ws/install/human_tracking/lib/python3.10/site-packages/human_tracking-0.0.1-py3.10.egg-info
[2.111s] running install_scripts
[2.137s] Installing tracking_node script to /home/dtc-mrsd/Downloads/ros2_gimbal_ws/install/human_tracking/lib/human_tracking
[2.138s] writing list of installed files to '/home/dtc-mrsd/Downloads/ros2_gimbal_ws/build/human_tracking/install.log'
[2.179s] Invoked command in '/home/dtc-mrsd/Downloads/ros2_gimbal_ws/src/human_tracking' returned '0': PYTHONPATH=/home/dtc-mrsd/Downloads/ros2_gimbal_ws/build/human_tracking/prefix_override:/usr/lib/python3/dist-packages/colcon_core/task/python/colcon_distutils_commands:/home/dtc-mrsd/Downloads/ros2_gimbal_ws/install/human_tracking/lib/python3.10/site-packages:${PYTHONPATH} /usr/bin/python3 -W ignore:setup.py install is deprecated -W ignore:easy_install command is deprecated setup.py egg_info --egg-base ../../build/human_tracking build --build-base /home/dtc-mrsd/Downloads/ros2_gimbal_ws/build/human_tracking/build install --record /home/dtc-mrsd/Downloads/ros2_gimbal_ws/build/human_tracking/install.log --single-version-externally-managed install_data
