[1.708s] Invoking command in '/home/dtc-mrsd/Downloads/ros2_gimbal_ws/src/rtsp_viewer': PYTHONPATH=/home/dtc-mrsd/Downloads/ros2_gimbal_ws/build/rtsp_viewer/prefix_override:/usr/lib/python3/dist-packages/colcon_core/task/python/colcon_distutils_commands:/home/dtc-mrsd/Downloads/ros2_gimbal_ws/install/rtsp_viewer/lib/python3.10/site-packages:${PYTHONPATH} /usr/bin/python3 -W ignore:setup.py install is deprecated -W ignore:easy_install command is deprecated setup.py egg_info --egg-base ../../build/rtsp_viewer build --build-base /home/dtc-mrsd/Downloads/ros2_gimbal_ws/build/rtsp_viewer/build install --record /home/dtc-mrsd/Downloads/ros2_gimbal_ws/build/rtsp_viewer/install.log --single-version-externally-managed install_data
[1.968s] running egg_info
[1.968s] creating ../../build/rtsp_viewer/rtsp_viewer.egg-info
[1.969s] writing ../../build/rtsp_viewer/rtsp_viewer.egg-info/PKG-INFO
[1.969s] writing dependency_links to ../../build/rtsp_viewer/rtsp_viewer.egg-info/dependency_links.txt
[1.969s] writing entry points to ../../build/rtsp_viewer/rtsp_viewer.egg-info/entry_points.txt
[1.969s] writing requirements to ../../build/rtsp_viewer/rtsp_viewer.egg-info/requires.txt
[1.969s] writing top-level names to ../../build/rtsp_viewer/rtsp_viewer.egg-info/top_level.txt
[1.971s] writing manifest file '../../build/rtsp_viewer/rtsp_viewer.egg-info/SOURCES.txt'
[1.972s] reading manifest file '../../build/rtsp_viewer/rtsp_viewer.egg-info/SOURCES.txt'
[1.973s] writing manifest file '../../build/rtsp_viewer/rtsp_viewer.egg-info/SOURCES.txt'
[1.973s] running build
[1.973s] running build_py
[1.974s] creating /home/dtc-mrsd/Downloads/ros2_gimbal_ws/build/rtsp_viewer/build
[1.974s] creating /home/dtc-mrsd/Downloads/ros2_gimbal_ws/build/rtsp_viewer/build/lib
[1.974s] creating /home/dtc-mrsd/Downloads/ros2_gimbal_ws/build/rtsp_viewer/build/lib/rtsp_viewer
[1.974s] copying rtsp_viewer/__init__.py -> /home/dtc-mrsd/Downloads/ros2_gimbal_ws/build/rtsp_viewer/build/lib/rtsp_viewer
[1.974s] copying rtsp_viewer/rtsp_viewer_node.py -> /home/dtc-mrsd/Downloads/ros2_gimbal_ws/build/rtsp_viewer/build/lib/rtsp_viewer
[1.974s] running install
[1.974s] running install_lib
[1.975s] creating /home/dtc-mrsd/Downloads/ros2_gimbal_ws/install/rtsp_viewer/lib/python3.10/site-packages/rtsp_viewer
[1.975s] copying /home/dtc-mrsd/Downloads/ros2_gimbal_ws/build/rtsp_viewer/build/lib/rtsp_viewer/__init__.py -> /home/dtc-mrsd/Downloads/ros2_gimbal_ws/install/rtsp_viewer/lib/python3.10/site-packages/rtsp_viewer
[1.975s] copying /home/dtc-mrsd/Downloads/ros2_gimbal_ws/build/rtsp_viewer/build/lib/rtsp_viewer/rtsp_viewer_node.py -> /home/dtc-mrsd/Downloads/ros2_gimbal_ws/install/rtsp_viewer/lib/python3.10/site-packages/rtsp_viewer
[1.976s] byte-compiling /home/dtc-mrsd/Downloads/ros2_gimbal_ws/install/rtsp_viewer/lib/python3.10/site-packages/rtsp_viewer/__init__.py to __init__.cpython-310.pyc
[1.976s] byte-compiling /home/dtc-mrsd/Downloads/ros2_gimbal_ws/install/rtsp_viewer/lib/python3.10/site-packages/rtsp_viewer/rtsp_viewer_node.py to rtsp_viewer_node.cpython-310.pyc
[1.976s] running install_data
[1.976s] creating /home/dtc-mrsd/Downloads/ros2_gimbal_ws/install/rtsp_viewer/share/ament_index
[1.976s] creating /home/dtc-mrsd/Downloads/ros2_gimbal_ws/install/rtsp_viewer/share/ament_index/resource_index
[1.976s] creating /home/dtc-mrsd/Downloads/ros2_gimbal_ws/install/rtsp_viewer/share/ament_index/resource_index/packages
[1.976s] copying resource/rtsp_viewer -> /home/dtc-mrsd/Downloads/ros2_gimbal_ws/install/rtsp_viewer/share/ament_index/resource_index/packages
[1.977s] copying package.xml -> /home/dtc-mrsd/Downloads/ros2_gimbal_ws/install/rtsp_viewer/share/rtsp_viewer
[1.977s] running install_egg_info
[1.978s] Copying ../../build/rtsp_viewer/rtsp_viewer.egg-info to /home/dtc-mrsd/Downloads/ros2_gimbal_ws/install/rtsp_viewer/lib/python3.10/site-packages/rtsp_viewer-0.0.0-py3.10.egg-info
[1.979s] running install_scripts
[2.002s] Installing rtsp_viewer script to /home/dtc-mrsd/Downloads/ros2_gimbal_ws/install/rtsp_viewer/lib/rtsp_viewer
[2.002s] writing list of installed files to '/home/dtc-mrsd/Downloads/ros2_gimbal_ws/build/rtsp_viewer/install.log'
[2.032s] Invoked command in '/home/dtc-mrsd/Downloads/ros2_gimbal_ws/src/rtsp_viewer' returned '0': PYTHONPATH=/home/dtc-mrsd/Downloads/ros2_gimbal_ws/build/rtsp_viewer/prefix_override:/usr/lib/python3/dist-packages/colcon_core/task/python/colcon_distutils_commands:/home/dtc-mrsd/Downloads/ros2_gimbal_ws/install/rtsp_viewer/lib/python3.10/site-packages:${PYTHONPATH} /usr/bin/python3 -W ignore:setup.py install is deprecated -W ignore:easy_install command is deprecated setup.py egg_info --egg-base ../../build/rtsp_viewer build --build-base /home/dtc-mrsd/Downloads/ros2_gimbal_ws/build/rtsp_viewer/build install --record /home/dtc-mrsd/Downloads/ros2_gimbal_ws/build/rtsp_viewer/install.log --single-version-externally-managed install_data
