[0.545s] Invoking command in '/home/dtc/humanflow/ros2_ghadron_gimbal/build/ir_zoom': CMAKE_PREFIX_PATH=${CMAKE_PREFIX_PATH}:/home/dtc/humanflow/ros2_ghadron_gimbal/install/gimbal_bringup:/home/dtc/humanflow/ros2_ghadron_gimbal/install/yolo_detection:/home/dtc/humanflow/ros2_ghadron_gimbal/install/stream_publisher:/home/dtc/humanflow/ros2_ghadron_gimbal/install/rtsp_viewer:/home/dtc/humanflow/ros2_ghadron_gimbal/install/image_viewer:/home/dtc/humanflow/ros2_ghadron_gimbal/install/human_tracking:/opt/ros/humble /usr/bin/cmake --build /home/dtc/humanflow/ros2_ghadron_gimbal/build/ir_zoom -- -j4 -l4
[0.690s] [100%] Built target ir_zoom_node
[1.257s] Invoked command in '/home/dtc/humanflow/ros2_ghadron_gimbal/build/ir_zoom' returned '0': CMAKE_PREFIX_PATH=${CMAKE_PREFIX_PATH}:/home/dtc/humanflow/ros2_ghadron_gimbal/install/gimbal_bringup:/home/dtc/humanflow/ros2_ghadron_gimbal/install/yolo_detection:/home/dtc/humanflow/ros2_ghadron_gimbal/install/stream_publisher:/home/dtc/humanflow/ros2_ghadron_gimbal/install/rtsp_viewer:/home/dtc/humanflow/ros2_ghadron_gimbal/install/image_viewer:/home/dtc/humanflow/ros2_ghadron_gimbal/install/human_tracking:/opt/ros/humble /usr/bin/cmake --build /home/dtc/humanflow/ros2_ghadron_gimbal/build/ir_zoom -- -j4 -l4
[1.260s] Invoking command in '/home/dtc/humanflow/ros2_ghadron_gimbal/build/ir_zoom': CMAKE_PREFIX_PATH=${CMAKE_PREFIX_PATH}:/home/dtc/humanflow/ros2_ghadron_gimbal/install/gimbal_bringup:/home/dtc/humanflow/ros2_ghadron_gimbal/install/yolo_detection:/home/dtc/humanflow/ros2_ghadron_gimbal/install/stream_publisher:/home/dtc/humanflow/ros2_ghadron_gimbal/install/rtsp_viewer:/home/dtc/humanflow/ros2_ghadron_gimbal/install/image_viewer:/home/dtc/humanflow/ros2_ghadron_gimbal/install/human_tracking:/opt/ros/humble /usr/bin/cmake --install /home/dtc/humanflow/ros2_ghadron_gimbal/build/ir_zoom
[1.277s] -- Install configuration: "Debug"
[1.278s] -- Up-to-date: /home/dtc/humanflow/ros2_ghadron_gimbal/install/ir_zoom/lib/ir_zoom/ir_zoom_node
[1.288s] -- Up-to-date: /home/dtc/humanflow/ros2_ghadron_gimbal/install/ir_zoom/share/ament_index/resource_index/package_run_dependencies/ir_zoom
[1.288s] -- Up-to-date: /home/dtc/humanflow/ros2_ghadron_gimbal/install/ir_zoom/share/ament_index/resource_index/parent_prefix_path/ir_zoom
[1.288s] -- Up-to-date: /home/dtc/humanflow/ros2_ghadron_gimbal/install/ir_zoom/share/ir_zoom/environment/ament_prefix_path.sh
[1.288s] -- Up-to-date: /home/dtc/humanflow/ros2_ghadron_gimbal/install/ir_zoom/share/ir_zoom/environment/ament_prefix_path.dsv
[1.289s] -- Up-to-date: /home/dtc/humanflow/ros2_ghadron_gimbal/install/ir_zoom/share/ir_zoom/environment/path.sh
[1.289s] -- Up-to-date: /home/dtc/humanflow/ros2_ghadron_gimbal/install/ir_zoom/share/ir_zoom/environment/path.dsv
[1.289s] -- Up-to-date: /home/dtc/humanflow/ros2_ghadron_gimbal/install/ir_zoom/share/ir_zoom/local_setup.bash
[1.289s] -- Up-to-date: /home/dtc/humanflow/ros2_ghadron_gimbal/install/ir_zoom/share/ir_zoom/local_setup.sh
[1.289s] -- Up-to-date: /home/dtc/humanflow/ros2_ghadron_gimbal/install/ir_zoom/share/ir_zoom/local_setup.zsh
[1.289s] -- Up-to-date: /home/dtc/humanflow/ros2_ghadron_gimbal/install/ir_zoom/share/ir_zoom/local_setup.dsv
[1.289s] -- Installing: /home/dtc/humanflow/ros2_ghadron_gimbal/install/ir_zoom/share/ir_zoom/package.dsv
[1.290s] -- Up-to-date: /home/dtc/humanflow/ros2_ghadron_gimbal/install/ir_zoom/share/ament_index/resource_index/packages/ir_zoom
[1.290s] -- Up-to-date: /home/dtc/humanflow/ros2_ghadron_gimbal/install/ir_zoom/share/ir_zoom/cmake/ir_zoomConfig.cmake
[1.290s] -- Up-to-date: /home/dtc/humanflow/ros2_ghadron_gimbal/install/ir_zoom/share/ir_zoom/cmake/ir_zoomConfig-version.cmake
[1.290s] -- Up-to-date: /home/dtc/humanflow/ros2_ghadron_gimbal/install/ir_zoom/share/ir_zoom/package.xml
[1.303s] Invoked command in '/home/dtc/humanflow/ros2_ghadron_gimbal/build/ir_zoom' returned '0': CMAKE_PREFIX_PATH=${CMAKE_PREFIX_PATH}:/home/dtc/humanflow/ros2_ghadron_gimbal/install/gimbal_bringup:/home/dtc/humanflow/ros2_ghadron_gimbal/install/yolo_detection:/home/dtc/humanflow/ros2_ghadron_gimbal/install/stream_publisher:/home/dtc/humanflow/ros2_ghadron_gimbal/install/rtsp_viewer:/home/dtc/humanflow/ros2_ghadron_gimbal/install/image_viewer:/home/dtc/humanflow/ros2_ghadron_gimbal/install/human_tracking:/opt/ros/humble /usr/bin/cmake --install /home/dtc/humanflow/ros2_ghadron_gimbal/build/ir_zoom
