[1.333s] Invoking command in '/home/dtc/humanflow/ros2_ghadron_gimbal/src/stream_publisher': PYTHONPATH=/home/dtc/humanflow/ros2_ghadron_gimbal/build/stream_publisher/prefix_override:/usr/lib/python3/dist-packages/colcon_core/task/python/colcon_distutils_commands:/home/dtc/humanflow/ros2_ghadron_gimbal/install/stream_publisher/lib/python3.10/site-packages:${PYTHONPATH} /usr/bin/python3 -W ignore:setup.py install is deprecated -W ignore:easy_install command is deprecated setup.py egg_info --egg-base ../../build/stream_publisher build --build-base /home/dtc/humanflow/ros2_ghadron_gimbal/build/stream_publisher/build install --record /home/dtc/humanflow/ros2_ghadron_gimbal/build/stream_publisher/install.log --single-version-externally-managed install_data
[1.787s] running egg_info
[1.788s] writing ../../build/stream_publisher/stream_publisher.egg-info/PKG-INFO
[1.789s] writing dependency_links to ../../build/stream_publisher/stream_publisher.egg-info/dependency_links.txt
[1.790s] writing entry points to ../../build/stream_publisher/stream_publisher.egg-info/entry_points.txt
[1.790s] writing requirements to ../../build/stream_publisher/stream_publisher.egg-info/requires.txt
[1.790s] writing top-level names to ../../build/stream_publisher/stream_publisher.egg-info/top_level.txt
[1.793s] reading manifest file '../../build/stream_publisher/stream_publisher.egg-info/SOURCES.txt'
[1.796s] writing manifest file '../../build/stream_publisher/stream_publisher.egg-info/SOURCES.txt'
[1.797s] running build
[1.797s] running build_py
[1.799s] running install
[1.799s] running install_lib
[1.800s] running install_data
[1.801s] running install_egg_info
[1.805s] removing '/home/dtc/humanflow/ros2_ghadron_gimbal/install/stream_publisher/lib/python3.10/site-packages/stream_publisher-0.0.1-py3.10.egg-info' (and everything under it)
[1.809s] Copying ../../build/stream_publisher/stream_publisher.egg-info to /home/dtc/humanflow/ros2_ghadron_gimbal/install/stream_publisher/lib/python3.10/site-packages/stream_publisher-0.0.1-py3.10.egg-info
[1.809s] running install_scripts
[1.860s] Installing stream_node script to /home/dtc/humanflow/ros2_ghadron_gimbal/install/stream_publisher/lib/stream_publisher
[1.861s] writing list of installed files to '/home/dtc/humanflow/ros2_ghadron_gimbal/build/stream_publisher/install.log'
[1.937s] Invoked command in '/home/dtc/humanflow/ros2_ghadron_gimbal/src/stream_publisher' returned '0': PYTHONPATH=/home/dtc/humanflow/ros2_ghadron_gimbal/build/stream_publisher/prefix_override:/usr/lib/python3/dist-packages/colcon_core/task/python/colcon_distutils_commands:/home/dtc/humanflow/ros2_ghadron_gimbal/install/stream_publisher/lib/python3.10/site-packages:${PYTHONPATH} /usr/bin/python3 -W ignore:setup.py install is deprecated -W ignore:easy_install command is deprecated setup.py egg_info --egg-base ../../build/stream_publisher build --build-base /home/dtc/humanflow/ros2_ghadron_gimbal/build/stream_publisher/build install --record /home/dtc/humanflow/ros2_ghadron_gimbal/build/stream_publisher/install.log --single-version-externally-managed install_data
