[2.746s] Invoking command in '/home/dtc/humanflow/ros2_ghadron_gimbal/src/rtsp_viewer': PYTHONPATH=/home/dtc/humanflow/ros2_ghadron_gimbal/build/rtsp_viewer/prefix_override:/usr/lib/python3/dist-packages/colcon_core/task/python/colcon_distutils_commands:/home/dtc/humanflow/ros2_ghadron_gimbal/install/rtsp_viewer/lib/python3.10/site-packages: /usr/bin/python3 -W ignore:setup.py install is deprecated -W ignore:easy_install command is deprecated setup.py egg_info --egg-base ../../build/rtsp_viewer build --build-base /home/dtc/humanflow/ros2_ghadron_gimbal/build/rtsp_viewer/build install --record /home/dtc/humanflow/ros2_ghadron_gimbal/build/rtsp_viewer/install.log --single-version-externally-managed install_data
[3.776s] running egg_info
[3.780s] writing ../../build/rtsp_viewer/rtsp_viewer.egg-info/PKG-INFO
[3.782s] writing dependency_links to ../../build/rtsp_viewer/rtsp_viewer.egg-info/dependency_links.txt
[3.785s] writing entry points to ../../build/rtsp_viewer/rtsp_viewer.egg-info/entry_points.txt
[3.787s] writing requirements to ../../build/rtsp_viewer/rtsp_viewer.egg-info/requires.txt
[3.791s] writing top-level names to ../../build/rtsp_viewer/rtsp_viewer.egg-info/top_level.txt
[3.810s] reading manifest file '../../build/rtsp_viewer/rtsp_viewer.egg-info/SOURCES.txt'
[3.815s] writing manifest file '../../build/rtsp_viewer/rtsp_viewer.egg-info/SOURCES.txt'
[3.818s] running build
[3.818s] running build_py
[3.820s] running install
[3.823s] running install_lib
[3.834s] running install_data
[3.835s] running install_egg_info
[3.849s] removing '/home/dtc/humanflow/ros2_ghadron_gimbal/install/rtsp_viewer/lib/python3.10/site-packages/rtsp_viewer-0.0.0-py3.10.egg-info' (and everything under it)
[3.855s] Copying ../../build/rtsp_viewer/rtsp_viewer.egg-info to /home/dtc/humanflow/ros2_ghadron_gimbal/install/rtsp_viewer/lib/python3.10/site-packages/rtsp_viewer-0.0.0-py3.10.egg-info
[3.872s] running install_scripts
[3.979s] Installing rtsp_viewer script to /home/dtc/humanflow/ros2_ghadron_gimbal/install/rtsp_viewer/lib/rtsp_viewer
[3.985s] writing list of installed files to '/home/dtc/humanflow/ros2_ghadron_gimbal/build/rtsp_viewer/install.log'
[4.082s] Invoked command in '/home/dtc/humanflow/ros2_ghadron_gimbal/src/rtsp_viewer' returned '0': PYTHONPATH=/home/dtc/humanflow/ros2_ghadron_gimbal/build/rtsp_viewer/prefix_override:/usr/lib/python3/dist-packages/colcon_core/task/python/colcon_distutils_commands:/home/dtc/humanflow/ros2_ghadron_gimbal/install/rtsp_viewer/lib/python3.10/site-packages: /usr/bin/python3 -W ignore:setup.py install is deprecated -W ignore:easy_install command is deprecated setup.py egg_info --egg-base ../../build/rtsp_viewer build --build-base /home/dtc/humanflow/ros2_ghadron_gimbal/build/rtsp_viewer/build install --record /home/dtc/humanflow/ros2_ghadron_gimbal/build/rtsp_viewer/install.log --single-version-externally-managed install_data
