[2.269s] Invoking command in '/home/dtc-mrsd/Downloads/ros2_ghadron_gimbal/src/yolo_detection': PYTHONPATH=/home/dtc-mrsd/Downloads/ros2_ghadron_gimbal/build/yolo_detection/prefix_override:/usr/lib/python3/dist-packages/colcon_core/task/python/colcon_distutils_commands:/home/dtc-mrsd/Downloads/ros2_ghadron_gimbal/install/yolo_detection/lib/python3.10/site-packages:${PYTHONPATH} /usr/bin/python3 -W ignore:setup.py install is deprecated -W ignore:easy_install command is deprecated setup.py egg_info --egg-base ../../build/yolo_detection build --build-base /home/dtc-mrsd/Downloads/ros2_ghadron_gimbal/build/yolo_detection/build install --record /home/dtc-mrsd/Downloads/ros2_ghadron_gimbal/build/yolo_detection/install.log --single-version-externally-managed install_data
[2.641s] running egg_info
[2.642s] writing ../../build/yolo_detection/yolo_detection.egg-info/PKG-INFO
[2.643s] writing dependency_links to ../../build/yolo_detection/yolo_detection.egg-info/dependency_links.txt
[2.643s] writing entry points to ../../build/yolo_detection/yolo_detection.egg-info/entry_points.txt
[2.643s] writing requirements to ../../build/yolo_detection/yolo_detection.egg-info/requires.txt
[2.643s] writing top-level names to ../../build/yolo_detection/yolo_detection.egg-info/top_level.txt
[2.648s] reading manifest file '../../build/yolo_detection/yolo_detection.egg-info/SOURCES.txt'
[2.649s] writing manifest file '../../build/yolo_detection/yolo_detection.egg-info/SOURCES.txt'
[2.649s] running build
[2.650s] running build_py
[2.650s] running install
[2.650s] running install_lib
[2.652s] running install_data
[2.652s] running install_egg_info
[2.654s] removing '/home/dtc-mrsd/Downloads/ros2_ghadron_gimbal/install/yolo_detection/lib/python3.10/site-packages/yolo_detection-0.0.1-py3.10.egg-info' (and everything under it)
[2.654s] Copying ../../build/yolo_detection/yolo_detection.egg-info to /home/dtc-mrsd/Downloads/ros2_ghadron_gimbal/install/yolo_detection/lib/python3.10/site-packages/yolo_detection-0.0.1-py3.10.egg-info
[2.655s] running install_scripts
[2.680s] Installing yolo_detection_node script to /home/dtc-mrsd/Downloads/ros2_ghadron_gimbal/install/yolo_detection/lib/yolo_detection
[2.681s] writing list of installed files to '/home/dtc-mrsd/Downloads/ros2_ghadron_gimbal/build/yolo_detection/install.log'
[2.719s] Invoked command in '/home/dtc-mrsd/Downloads/ros2_ghadron_gimbal/src/yolo_detection' returned '0': PYTHONPATH=/home/dtc-mrsd/Downloads/ros2_ghadron_gimbal/build/yolo_detection/prefix_override:/usr/lib/python3/dist-packages/colcon_core/task/python/colcon_distutils_commands:/home/dtc-mrsd/Downloads/ros2_ghadron_gimbal/install/yolo_detection/lib/python3.10/site-packages:${PYTHONPATH} /usr/bin/python3 -W ignore:setup.py install is deprecated -W ignore:easy_install command is deprecated setup.py egg_info --egg-base ../../build/yolo_detection build --build-base /home/dtc-mrsd/Downloads/ros2_ghadron_gimbal/build/yolo_detection/build install --record /home/dtc-mrsd/Downloads/ros2_ghadron_gimbal/build/yolo_detection/install.log --single-version-externally-managed install_data
