[0.728s] Invoking command in '/home/dtc-mrsd/Downloads/ros2_gimbal_ws/src/gimbal_bringup': AMENT_PREFIX_PATH=/home/dtc-mrsd/Downloads/ros2_gimbal_ws/install/yolo_detection:/home/dtc-mrsd/Downloads/ros2_gimbal_ws/install/human_tracking:/home/dtc-mrsd/Downloads/ros2_gimbal_ws/install/gimbal_bringup:/home/dtc-mrsd/Downloads/ros2_gimbal_ws/install/ir_zoom:/home/dtc-mrsd/Downloads/ros2_gimbal_ws/install/ir_image:/home/dtc-mrsd/Downloads/ros2_gimbal_ws/install/image_viewer:/home/dtc-mrsd/Downloads/ros2_gimbal_ws/install/image_publisher:/home/dtc-mrsd/Downloads/ros2_gimbal_ws/install/gimbal_status:/home/dtc-mrsd/Downloads/ros2_gimbal_ws/install/gimbal_angle_control:/home/dtc-mrsd/Downloads/ros2_gimbal_ws/install/eo_zoom:/home/dtc-mrsd/Downloads/ros2_gimbal_ws/install/eo_image:/opt/ros/humble CMAKE_PREFIX_PATH=/home/dtc-mrsd/Downloads/ros2_gimbal_ws/install/ir_zoom:/home/dtc-mrsd/Downloads/ros2_gimbal_ws/install/gimbal_status:/home/dtc-mrsd/Downloads/ros2_gimbal_ws/install/gimbal_angle_control:/home/dtc-mrsd/Downloads/ros2_gimbal_ws/install/eo_zoom:/home/dtc-mrsd/Downloads/ros2_gimbal_ws/install/ir_image:/home/dtc-mrsd/Downloads/ros2_gimbal_ws/install/image_publisher:/home/dtc-mrsd/Downloads/ros2_gimbal_ws/install/eo_image PYTHONPATH=/home/dtc-mrsd/Downloads/ros2_gimbal_ws/build/gimbal_bringup/prefix_override:/usr/lib/python3/dist-packages/colcon_core/task/python/colcon_distutils_commands:/home/dtc-mrsd/Downloads/ros2_gimbal_ws/install/gimbal_bringup/lib/python3.10/site-packages:/home/dtc-mrsd/Downloads/ros2_gimbal_ws/install/yolo_detection/lib/python3.10/site-packages:/home/dtc-mrsd/Downloads/ros2_gimbal_ws/install/human_tracking/lib/python3.10/site-packages:/home/dtc-mrsd/Downloads/ros2_gimbal_ws/install/gimbal_bringup/lib/python3.10/site-packages:/home/dtc-mrsd/Downloads/ros2_gimbal_ws/install/image_viewer/lib/python3.10/site-packages:/opt/ros/humble/lib/python3.10/site-packages:/opt/ros/humble/local/lib/python3.10/dist-packages /usr/bin/python3 -W ignore:setup.py install is deprecated -W ignore:easy_install command is deprecated setup.py egg_info --egg-base ../../build/gimbal_bringup build --build-base /home/dtc-mrsd/Downloads/ros2_gimbal_ws/build/gimbal_bringup/build install --record /home/dtc-mrsd/Downloads/ros2_gimbal_ws/build/gimbal_bringup/install.log --single-version-externally-managed install_data
[1.027s] running egg_info
[1.028s] creating ../../build/gimbal_bringup/gimbal_bringup.egg-info
[1.028s] writing ../../build/gimbal_bringup/gimbal_bringup.egg-info/PKG-INFO
[1.028s] writing dependency_links to ../../build/gimbal_bringup/gimbal_bringup.egg-info/dependency_links.txt
[1.028s] writing entry points to ../../build/gimbal_bringup/gimbal_bringup.egg-info/entry_points.txt
[1.029s] writing requirements to ../../build/gimbal_bringup/gimbal_bringup.egg-info/requires.txt
[1.029s] writing top-level names to ../../build/gimbal_bringup/gimbal_bringup.egg-info/top_level.txt
[1.030s] writing manifest file '../../build/gimbal_bringup/gimbal_bringup.egg-info/SOURCES.txt'
[1.032s] reading manifest file '../../build/gimbal_bringup/gimbal_bringup.egg-info/SOURCES.txt'
[1.033s] writing manifest file '../../build/gimbal_bringup/gimbal_bringup.egg-info/SOURCES.txt'
[1.033s] running build
[1.033s] running build_py
[1.033s] creating /home/dtc-mrsd/Downloads/ros2_gimbal_ws/build/gimbal_bringup/build
[1.033s] creating /home/dtc-mrsd/Downloads/ros2_gimbal_ws/build/gimbal_bringup/build/lib
[1.033s] creating /home/dtc-mrsd/Downloads/ros2_gimbal_ws/build/gimbal_bringup/build/lib/gimbal_bringup
[1.033s] copying gimbal_bringup/__init__.py -> /home/dtc-mrsd/Downloads/ros2_gimbal_ws/build/gimbal_bringup/build/lib/gimbal_bringup
[1.033s] running install
[1.033s] running install_lib
[1.034s] creating /home/dtc-mrsd/Downloads/ros2_gimbal_ws/install/gimbal_bringup/lib/python3.10/site-packages/gimbal_bringup
[1.034s] copying /home/dtc-mrsd/Downloads/ros2_gimbal_ws/build/gimbal_bringup/build/lib/gimbal_bringup/__init__.py -> /home/dtc-mrsd/Downloads/ros2_gimbal_ws/install/gimbal_bringup/lib/python3.10/site-packages/gimbal_bringup
[1.034s] byte-compiling /home/dtc-mrsd/Downloads/ros2_gimbal_ws/install/gimbal_bringup/lib/python3.10/site-packages/gimbal_bringup/__init__.py to __init__.cpython-310.pyc
[1.035s] running install_data
[1.035s] creating /home/dtc-mrsd/Downloads/ros2_gimbal_ws/install/gimbal_bringup/share/ament_index
[1.035s] creating /home/dtc-mrsd/Downloads/ros2_gimbal_ws/install/gimbal_bringup/share/ament_index/resource_index
[1.035s] creating /home/dtc-mrsd/Downloads/ros2_gimbal_ws/install/gimbal_bringup/share/ament_index/resource_index/packages
[1.035s] copying resource/gimbal_bringup -> /home/dtc-mrsd/Downloads/ros2_gimbal_ws/install/gimbal_bringup/share/ament_index/resource_index/packages
[1.035s] copying package.xml -> /home/dtc-mrsd/Downloads/ros2_gimbal_ws/install/gimbal_bringup/share/gimbal_bringup
[1.035s] creating /home/dtc-mrsd/Downloads/ros2_gimbal_ws/install/gimbal_bringup/share/gimbal_bringup/launch
[1.035s] copying launch/gimbal_system.launch.py -> /home/dtc-mrsd/Downloads/ros2_gimbal_ws/install/gimbal_bringup/share/gimbal_bringup/launch
[1.035s] running install_egg_info
[1.037s] Copying ../../build/gimbal_bringup/gimbal_bringup.egg-info to /home/dtc-mrsd/Downloads/ros2_gimbal_ws/install/gimbal_bringup/lib/python3.10/site-packages/gimbal_bringup-0.0.1-py3.10.egg-info
[1.038s] running install_scripts
[1.058s] writing list of installed files to '/home/dtc-mrsd/Downloads/ros2_gimbal_ws/build/gimbal_bringup/install.log'
[1.080s] Invoked command in '/home/dtc-mrsd/Downloads/ros2_gimbal_ws/src/gimbal_bringup' returned '0': AMENT_PREFIX_PATH=/home/dtc-mrsd/Downloads/ros2_gimbal_ws/install/yolo_detection:/home/dtc-mrsd/Downloads/ros2_gimbal_ws/install/human_tracking:/home/dtc-mrsd/Downloads/ros2_gimbal_ws/install/gimbal_bringup:/home/dtc-mrsd/Downloads/ros2_gimbal_ws/install/ir_zoom:/home/dtc-mrsd/Downloads/ros2_gimbal_ws/install/ir_image:/home/dtc-mrsd/Downloads/ros2_gimbal_ws/install/image_viewer:/home/dtc-mrsd/Downloads/ros2_gimbal_ws/install/image_publisher:/home/dtc-mrsd/Downloads/ros2_gimbal_ws/install/gimbal_status:/home/dtc-mrsd/Downloads/ros2_gimbal_ws/install/gimbal_angle_control:/home/dtc-mrsd/Downloads/ros2_gimbal_ws/install/eo_zoom:/home/dtc-mrsd/Downloads/ros2_gimbal_ws/install/eo_image:/opt/ros/humble CMAKE_PREFIX_PATH=/home/dtc-mrsd/Downloads/ros2_gimbal_ws/install/ir_zoom:/home/dtc-mrsd/Downloads/ros2_gimbal_ws/install/gimbal_status:/home/dtc-mrsd/Downloads/ros2_gimbal_ws/install/gimbal_angle_control:/home/dtc-mrsd/Downloads/ros2_gimbal_ws/install/eo_zoom:/home/dtc-mrsd/Downloads/ros2_gimbal_ws/install/ir_image:/home/dtc-mrsd/Downloads/ros2_gimbal_ws/install/image_publisher:/home/dtc-mrsd/Downloads/ros2_gimbal_ws/install/eo_image PYTHONPATH=/home/dtc-mrsd/Downloads/ros2_gimbal_ws/build/gimbal_bringup/prefix_override:/usr/lib/python3/dist-packages/colcon_core/task/python/colcon_distutils_commands:/home/dtc-mrsd/Downloads/ros2_gimbal_ws/install/gimbal_bringup/lib/python3.10/site-packages:/home/dtc-mrsd/Downloads/ros2_gimbal_ws/install/yolo_detection/lib/python3.10/site-packages:/home/dtc-mrsd/Downloads/ros2_gimbal_ws/install/human_tracking/lib/python3.10/site-packages:/home/dtc-mrsd/Downloads/ros2_gimbal_ws/install/gimbal_bringup/lib/python3.10/site-packages:/home/dtc-mrsd/Downloads/ros2_gimbal_ws/install/image_viewer/lib/python3.10/site-packages:/opt/ros/humble/lib/python3.10/site-packages:/opt/ros/humble/local/lib/python3.10/dist-packages /usr/bin/python3 -W ignore:setup.py install is deprecated -W ignore:easy_install command is deprecated setup.py egg_info --egg-base ../../build/gimbal_bringup build --build-base /home/dtc-mrsd/Downloads/ros2_gimbal_ws/build/gimbal_bringup/build install --record /home/dtc-mrsd/Downloads/ros2_gimbal_ws/build/gimbal_bringup/install.log --single-version-externally-managed install_data
