[0.049s] Invoking command in '/home/dtc/humanflow/ros2_ghadron_gimbal/build/eo_image': /usr/bin/cmake --build /home/dtc/humanflow/ros2_ghadron_gimbal/build/eo_image -- -j4 -l4
[0.256s] [100%] Built target eo_image_node
[0.299s] Invoked command in '/home/dtc/humanflow/ros2_ghadron_gimbal/build/eo_image' returned '0': /usr/bin/cmake --build /home/dtc/humanflow/ros2_ghadron_gimbal/build/eo_image -- -j4 -l4
[0.300s] Invoking command in '/home/dtc/humanflow/ros2_ghadron_gimbal/build/eo_image': /usr/bin/cmake --install /home/dtc/humanflow/ros2_ghadron_gimbal/build/eo_image
[0.331s] -- Install configuration: "Debug"
[0.333s] -- Up-to-date: /home/dtc/humanflow/ros2_ghadron_gimbal/install/eo_image/lib/eo_image/eo_image_node
[0.334s] -- Up-to-date: /home/dtc/humanflow/ros2_ghadron_gimbal/install/eo_image/share/ament_index/resource_index/package_run_dependencies/eo_image
[0.335s] -- Up-to-date: /home/dtc/humanflow/ros2_ghadron_gimbal/install/eo_image/share/ament_index/resource_index/parent_prefix_path/eo_image
[0.337s] -- Up-to-date: /home/dtc/humanflow/ros2_ghadron_gimbal/install/eo_image/share/eo_image/environment/ament_prefix_path.sh
[0.338s] -- Up-to-date: /home/dtc/humanflow/ros2_ghadron_gimbal/install/eo_image/share/eo_image/environment/ament_prefix_path.dsv
[0.339s] -- Up-to-date: /home/dtc/humanflow/ros2_ghadron_gimbal/install/eo_image/share/eo_image/environment/path.sh
[0.340s] -- Up-to-date: /home/dtc/humanflow/ros2_ghadron_gimbal/install/eo_image/share/eo_image/environment/path.dsv
[0.341s] -- Up-to-date: /home/dtc/humanflow/ros2_ghadron_gimbal/install/eo_image/share/eo_image/local_setup.bash
[0.343s] -- Up-to-date: /home/dtc/humanflow/ros2_ghadron_gimbal/install/eo_image/share/eo_image/local_setup.sh
[0.344s] -- Up-to-date: /home/dtc/humanflow/ros2_ghadron_gimbal/install/eo_image/share/eo_image/local_setup.zsh
[0.345s] -- Up-to-date: /home/dtc/humanflow/ros2_ghadron_gimbal/install/eo_image/share/eo_image/local_setup.dsv
[0.347s] -- Installing: /home/dtc/humanflow/ros2_ghadron_gimbal/install/eo_image/share/eo_image/package.dsv
[0.350s] -- Up-to-date: /home/dtc/humanflow/ros2_ghadron_gimbal/install/eo_image/share/ament_index/resource_index/packages/eo_image
[0.351s] -- Up-to-date: /home/dtc/humanflow/ros2_ghadron_gimbal/install/eo_image/share/eo_image/cmake/eo_imageConfig.cmake
[0.352s] -- Up-to-date: /home/dtc/humanflow/ros2_ghadron_gimbal/install/eo_image/share/eo_image/cmake/eo_imageConfig-version.cmake
[0.354s] -- Up-to-date: /home/dtc/humanflow/ros2_ghadron_gimbal/install/eo_image/share/eo_image/package.xml
[0.361s] Invoked command in '/home/dtc/humanflow/ros2_ghadron_gimbal/build/eo_image' returned '0': /usr/bin/cmake --install /home/dtc/humanflow/ros2_ghadron_gimbal/build/eo_image
