[1.315s] Invoking command in '/home/dtc/humanflow/ros2_ghadron_gimbal/src/image_viewer': PYTHONPATH=/home/dtc/humanflow/ros2_ghadron_gimbal/build/image_viewer/prefix_override:/usr/lib/python3/dist-packages/colcon_core/task/python/colcon_distutils_commands:/home/dtc/humanflow/ros2_ghadron_gimbal/install/image_viewer/lib/python3.10/site-packages:${PYTHONPATH} /usr/bin/python3 -W ignore:setup.py install is deprecated -W ignore:easy_install command is deprecated setup.py egg_info --egg-base ../../build/image_viewer build --build-base /home/dtc/humanflow/ros2_ghadron_gimbal/build/image_viewer/build install --record /home/dtc/humanflow/ros2_ghadron_gimbal/build/image_viewer/install.log --single-version-externally-managed install_data
[1.775s] running egg_info
[1.778s] creating ../../build/image_viewer/image_viewer.egg-info
[1.779s] writing ../../build/image_viewer/image_viewer.egg-info/PKG-INFO
[1.781s] writing dependency_links to ../../build/image_viewer/image_viewer.egg-info/dependency_links.txt
[1.782s] writing entry points to ../../build/image_viewer/image_viewer.egg-info/entry_points.txt
[1.790s] writing requirements to ../../build/image_viewer/image_viewer.egg-info/requires.txt
[1.790s] writing top-level names to ../../build/image_viewer/image_viewer.egg-info/top_level.txt
[1.791s] writing manifest file '../../build/image_viewer/image_viewer.egg-info/SOURCES.txt'
[1.796s] reading manifest file '../../build/image_viewer/image_viewer.egg-info/SOURCES.txt'
[1.798s] writing manifest file '../../build/image_viewer/image_viewer.egg-info/SOURCES.txt'
[1.799s] running build
[1.799s] running build_py
[1.799s] creating /home/dtc/humanflow/ros2_ghadron_gimbal/build/image_viewer/build
[1.800s] creating /home/dtc/humanflow/ros2_ghadron_gimbal/build/image_viewer/build/lib
[1.800s] creating /home/dtc/humanflow/ros2_ghadron_gimbal/build/image_viewer/build/lib/image_viewer
[1.801s] copying image_viewer/image_viewer_node.py -> /home/dtc/humanflow/ros2_ghadron_gimbal/build/image_viewer/build/lib/image_viewer
[1.802s] copying image_viewer/__init__.py -> /home/dtc/humanflow/ros2_ghadron_gimbal/build/image_viewer/build/lib/image_viewer
[1.803s] running install
[1.804s] running install_lib
[1.809s] creating /home/dtc/humanflow/ros2_ghadron_gimbal/install/image_viewer/lib/python3.10/site-packages/image_viewer
[1.810s] copying /home/dtc/humanflow/ros2_ghadron_gimbal/build/image_viewer/build/lib/image_viewer/image_viewer_node.py -> /home/dtc/humanflow/ros2_ghadron_gimbal/install/image_viewer/lib/python3.10/site-packages/image_viewer
[1.811s] copying /home/dtc/humanflow/ros2_ghadron_gimbal/build/image_viewer/build/lib/image_viewer/__init__.py -> /home/dtc/humanflow/ros2_ghadron_gimbal/install/image_viewer/lib/python3.10/site-packages/image_viewer
[1.814s] byte-compiling /home/dtc/humanflow/ros2_ghadron_gimbal/install/image_viewer/lib/python3.10/site-packages/image_viewer/image_viewer_node.py to image_viewer_node.cpython-310.pyc
[1.818s] byte-compiling /home/dtc/humanflow/ros2_ghadron_gimbal/install/image_viewer/lib/python3.10/site-packages/image_viewer/__init__.py to __init__.cpython-310.pyc
[1.820s] running install_data
[1.820s] creating /home/dtc/humanflow/ros2_ghadron_gimbal/install/image_viewer/share/ament_index
[1.820s] creating /home/dtc/humanflow/ros2_ghadron_gimbal/install/image_viewer/share/ament_index/resource_index
[1.821s] creating /home/dtc/humanflow/ros2_ghadron_gimbal/install/image_viewer/share/ament_index/resource_index/packages
[1.821s] copying resource/image_viewer -> /home/dtc/humanflow/ros2_ghadron_gimbal/install/image_viewer/share/ament_index/resource_index/packages
[1.821s] copying package.xml -> /home/dtc/humanflow/ros2_ghadron_gimbal/install/image_viewer/share/image_viewer
[1.821s] running install_egg_info
[1.826s] Copying ../../build/image_viewer/image_viewer.egg-info to /home/dtc/humanflow/ros2_ghadron_gimbal/install/image_viewer/lib/python3.10/site-packages/image_viewer-0.0.0-py3.10.egg-info
[1.839s] running install_scripts
[1.896s] Installing image_viewer_node script to /home/dtc/humanflow/ros2_ghadron_gimbal/install/image_viewer/lib/image_viewer
[1.898s] writing list of installed files to '/home/dtc/humanflow/ros2_ghadron_gimbal/build/image_viewer/install.log'
[2.006s] Invoked command in '/home/dtc/humanflow/ros2_ghadron_gimbal/src/image_viewer' returned '0': PYTHONPATH=/home/dtc/humanflow/ros2_ghadron_gimbal/build/image_viewer/prefix_override:/usr/lib/python3/dist-packages/colcon_core/task/python/colcon_distutils_commands:/home/dtc/humanflow/ros2_ghadron_gimbal/install/image_viewer/lib/python3.10/site-packages:${PYTHONPATH} /usr/bin/python3 -W ignore:setup.py install is deprecated -W ignore:easy_install command is deprecated setup.py egg_info --egg-base ../../build/image_viewer build --build-base /home/dtc/humanflow/ros2_ghadron_gimbal/build/image_viewer/build install --record /home/dtc/humanflow/ros2_ghadron_gimbal/build/image_viewer/install.log --single-version-externally-managed install_data
