-- SUBMODULE_VAR = /home/dtc/humanflow/ros2_ghadron_gimbal/src/PayloadSdk/libs
-- Configuring done
-- Generating done
-- Build files have been written to: /home/dtc/humanflow/ros2_ghadron_gimbal/build/PayloadSDK
[35m[1mConsolidate compiler generated dependencies of target eo_record_video[0m
[35m[1mConsolidate compiler generated dependencies of target connect[0m
[35m[1mConsolidate compiler generated dependencies of target eo_capture_image[0m
[35m[1mConsolidate compiler generated dependencies of target load_payload_settings[0m
[  3%] [32mBuilding CXX object examples/CMakeFiles/eo_record_video.dir/eo_record_video.cpp.o[0m
[  7%] [32mBuilding CXX object examples/CMakeFiles/eo_capture_image.dir/eo_capture_image.cpp.o[0m
[ 10%] [32mBuilding CXX object examples/CMakeFiles/connect.dir/connect.cpp.o[0m
[ 14%] [32mBuilding CXX object examples/CMakeFiles/load_payload_settings.dir/load_payload_settings.cpp.o[0m
[ 17%] [32m[1mLinking CXX executable load_payload_settings[0m
[ 21%] [32m[1mLinking CXX executable connect[0m
[ 21%] Built target connect
[ 21%] Built target load_payload_settings
[35m[1mConsolidate compiler generated dependencies of target get_video_streaming[0m
[35m[1mConsolidate compiler generated dependencies of target move_gimbal_angle_mode[0m
[ 25%] [32mBuilding CXX object examples/CMakeFiles/move_gimbal_angle_mode.dir/move_gimbal_angle_mode.cpp.o[0m
[ 28%] [32mBuilding CXX object examples/CMakeFiles/get_video_streaming.dir/get_video_streaming.cpp.o[0m
[ 32%] [32m[1mLinking CXX executable eo_record_video[0m
[ 35%] [32m[1mLinking CXX executable eo_capture_image[0m
[ 35%] Built target eo_record_video
[35m[1mConsolidate compiler generated dependencies of target move_gimbal_speed_mode[0m
[ 39%] [32mBuilding CXX object examples/CMakeFiles/move_gimbal_speed_mode.dir/move_gimbal_speed_mode.cpp.o[0m
[ 39%] Built target eo_capture_image
[35m[1mConsolidate compiler generated dependencies of target eo_set_camera_zoom_focus[0m
[ 42%] [32mBuilding CXX object examples/CMakeFiles/eo_set_camera_zoom_focus.dir/eo_set_camera_zoom_focus.cpp.o[0m
[ 46%] [32m[1mLinking CXX executable move_gimbal_angle_mode[0m
[ 50%] [32m[1mLinking CXX executable get_video_streaming[0m
[ 50%] Built target move_gimbal_angle_mode
[35m[1mConsolidate compiler generated dependencies of target gimbal_set_mode[0m
[ 53%] [32mBuilding CXX object examples/CMakeFiles/gimbal_set_mode.dir/gimbal_set_mode.cpp.o[0m
[ 57%] [32m[1mLinking CXX executable eo_set_camera_zoom_focus[0m
[ 57%] Built target get_video_streaming
[35m[1mConsolidate compiler generated dependencies of target ir_set_camera_zoom[0m
[ 60%] [32m[1mLinking CXX executable move_gimbal_speed_mode[0m
[ 64%] [32mBuilding CXX object examples/CMakeFiles/ir_set_camera_zoom.dir/ir_set_camera_zoom.cpp.o[0m
[ 64%] Built target eo_set_camera_zoom_focus
[35m[1mConsolidate compiler generated dependencies of target ir_capture_image[0m
[ 64%] Built target move_gimbal_speed_mode
[35m[1mConsolidate compiler generated dependencies of target ir_record_video[0m
[ 67%] [32mBuilding CXX object examples/CMakeFiles/ir_capture_image.dir/ir_capture_image.cpp.o[0m
[ 71%] [32mBuilding CXX object examples/CMakeFiles/ir_record_video.dir/ir_record_video.cpp.o[0m
[ 75%] [32m[1mLinking CXX executable gimbal_set_mode[0m
[ 75%] Built target gimbal_set_mode
[35m[1mConsolidate compiler generated dependencies of target ir_set_palete[0m
[ 78%] [32mBuilding CXX object examples/CMakeFiles/ir_set_palete.dir/ir_set_palete.cpp.o[0m
[ 82%] [32m[1mLinking CXX executable ir_set_camera_zoom[0m
[ 82%] Built target ir_set_camera_zoom
[35m[1mConsolidate compiler generated dependencies of target download_media_files[0m
[ 85%] [32mBuilding CXX object examples/CMakeFiles/download_media_files.dir/download_media_files.cpp.o[0m
[ 89%] [32m[1mLinking CXX executable ir_capture_image[0m
[ 92%] [32m[1mLinking CXX executable ir_record_video[0m
[ 92%] Built target ir_record_video
[ 92%] Built target ir_capture_image
[ 96%] [32m[1mLinking CXX executable ir_set_palete[0m
[ 96%] Built target ir_set_palete
[100%] [32m[1mLinking CXX executable download_media_files[0m
[100%] Built target download_media_files
