[1.128s] Invoking command in '/home/dtc-mrsd/Downloads/ros2_ghadron_gimbal/src/stream_publisher': PYTHONPATH=/home/dtc-mrsd/Downloads/ros2_ghadron_gimbal/build/stream_publisher/prefix_override:/usr/lib/python3/dist-packages/colcon_core/task/python/colcon_distutils_commands:/home/dtc-mrsd/Downloads/ros2_ghadron_gimbal/install/stream_publisher/lib/python3.10/site-packages:${PYTHONPATH} /usr/bin/python3 -W ignore:setup.py install is deprecated -W ignore:easy_install command is deprecated setup.py egg_info --egg-base ../../build/stream_publisher build --build-base /home/dtc-mrsd/Downloads/ros2_ghadron_gimbal/build/stream_publisher/build install --record /home/dtc-mrsd/Downloads/ros2_ghadron_gimbal/build/stream_publisher/install.log --single-version-externally-managed install_data
[1.433s] running egg_info
[1.433s] writing ../../build/stream_publisher/stream_publisher.egg-info/PKG-INFO
[1.433s] writing dependency_links to ../../build/stream_publisher/stream_publisher.egg-info/dependency_links.txt
[1.433s] writing entry points to ../../build/stream_publisher/stream_publisher.egg-info/entry_points.txt
[1.434s] writing requirements to ../../build/stream_publisher/stream_publisher.egg-info/requires.txt
[1.434s] writing top-level names to ../../build/stream_publisher/stream_publisher.egg-info/top_level.txt
[1.436s] reading manifest file '../../build/stream_publisher/stream_publisher.egg-info/SOURCES.txt'
[1.437s] writing manifest file '../../build/stream_publisher/stream_publisher.egg-info/SOURCES.txt'
[1.437s] running build
[1.437s] running build_py
[1.438s] copying stream_publisher/stream_node.py -> /home/dtc-mrsd/Downloads/ros2_ghadron_gimbal/build/stream_publisher/build/lib/stream_publisher
[1.438s] running install
[1.438s] running install_lib
[1.439s] copying /home/dtc-mrsd/Downloads/ros2_ghadron_gimbal/build/stream_publisher/build/lib/stream_publisher/stream_node.py -> /home/dtc-mrsd/Downloads/ros2_ghadron_gimbal/install/stream_publisher/lib/python3.10/site-packages/stream_publisher
[1.439s] byte-compiling /home/dtc-mrsd/Downloads/ros2_ghadron_gimbal/install/stream_publisher/lib/python3.10/site-packages/stream_publisher/stream_node.py to stream_node.cpython-310.pyc
[1.441s] running install_data
[1.441s] running install_egg_info
[1.443s] removing '/home/dtc-mrsd/Downloads/ros2_ghadron_gimbal/install/stream_publisher/lib/python3.10/site-packages/stream_publisher-0.0.1-py3.10.egg-info' (and everything under it)
[1.443s] Copying ../../build/stream_publisher/stream_publisher.egg-info to /home/dtc-mrsd/Downloads/ros2_ghadron_gimbal/install/stream_publisher/lib/python3.10/site-packages/stream_publisher-0.0.1-py3.10.egg-info
[1.444s] running install_scripts
[1.464s] Installing stream_node script to /home/dtc-mrsd/Downloads/ros2_ghadron_gimbal/install/stream_publisher/lib/stream_publisher
[1.464s] writing list of installed files to '/home/dtc-mrsd/Downloads/ros2_ghadron_gimbal/build/stream_publisher/install.log'
[1.500s] Invoked command in '/home/dtc-mrsd/Downloads/ros2_ghadron_gimbal/src/stream_publisher' returned '0': PYTHONPATH=/home/dtc-mrsd/Downloads/ros2_ghadron_gimbal/build/stream_publisher/prefix_override:/usr/lib/python3/dist-packages/colcon_core/task/python/colcon_distutils_commands:/home/dtc-mrsd/Downloads/ros2_ghadron_gimbal/install/stream_publisher/lib/python3.10/site-packages:${PYTHONPATH} /usr/bin/python3 -W ignore:setup.py install is deprecated -W ignore:easy_install command is deprecated setup.py egg_info --egg-base ../../build/stream_publisher build --build-base /home/dtc-mrsd/Downloads/ros2_ghadron_gimbal/build/stream_publisher/build install --record /home/dtc-mrsd/Downloads/ros2_ghadron_gimbal/build/stream_publisher/install.log --single-version-externally-managed install_data
