[0.712s] Invoking command in '/home/dtc-mrsd/Downloads/ros2_gimbal_ws/src/gimbal_bringup': AMENT_PREFIX_PATH=/home/dtc-mrsd/Downloads/ros2_gimbal_ws/install/yolo_detection:/home/dtc-mrsd/Downloads/ros2_gimbal_ws/install/ir_zoom:/home/dtc-mrsd/Downloads/ros2_gimbal_ws/install/human_tracking:/home/dtc-mrsd/Downloads/ros2_gimbal_ws/install/gimbal_status:/home/dtc-mrsd/Downloads/ros2_gimbal_ws/install/gimbal_angle_control:/home/dtc-mrsd/Downloads/ros2_gimbal_ws/install/eo_zoom:${AMENT_PREFIX_PATH} CMAKE_PREFIX_PATH=/home/dtc-mrsd/Downloads/ros2_gimbal_ws/install/ir_zoom:/home/dtc-mrsd/Downloads/ros2_gimbal_ws/install/gimbal_status:/home/dtc-mrsd/Downloads/ros2_gimbal_ws/install/gimbal_angle_control:/home/dtc-mrsd/Downloads/ros2_gimbal_ws/install/eo_zoom PYTHONPATH=/home/dtc-mrsd/Downloads/ros2_gimbal_ws/build/gimbal_bringup/prefix_override:/usr/lib/python3/dist-packages/colcon_core/task/python/colcon_distutils_commands:/home/dtc-mrsd/Downloads/ros2_gimbal_ws/install/gimbal_bringup/lib/python3.10/site-packages:/home/dtc-mrsd/Downloads/ros2_gimbal_ws/install/yolo_detection/lib/python3.10/site-packages:/home/dtc-mrsd/Downloads/ros2_gimbal_ws/install/human_tracking/lib/python3.10/site-packages:${PYTHONPATH} /usr/bin/python3 -W ignore:setup.py install is deprecated -W ignore:easy_install command is deprecated setup.py egg_info --egg-base ../../build/gimbal_bringup build --build-base /home/dtc-mrsd/Downloads/ros2_gimbal_ws/build/gimbal_bringup/build install --record /home/dtc-mrsd/Downloads/ros2_gimbal_ws/build/gimbal_bringup/install.log --single-version-externally-managed install_data
[0.970s] running egg_info
[0.971s] writing ../../build/gimbal_bringup/gimbal_bringup.egg-info/PKG-INFO
[0.971s] writing dependency_links to ../../build/gimbal_bringup/gimbal_bringup.egg-info/dependency_links.txt
[0.971s] writing entry points to ../../build/gimbal_bringup/gimbal_bringup.egg-info/entry_points.txt
[0.972s] writing requirements to ../../build/gimbal_bringup/gimbal_bringup.egg-info/requires.txt
[0.972s] writing top-level names to ../../build/gimbal_bringup/gimbal_bringup.egg-info/top_level.txt
[0.975s] reading manifest file '../../build/gimbal_bringup/gimbal_bringup.egg-info/SOURCES.txt'
[0.976s] writing manifest file '../../build/gimbal_bringup/gimbal_bringup.egg-info/SOURCES.txt'
[0.976s] running build
[0.976s] running build_py
[0.976s] running install
[0.977s] running install_lib
[0.978s] running install_data
[0.978s] running install_egg_info
[0.980s] removing '/home/dtc-mrsd/Downloads/ros2_gimbal_ws/install/gimbal_bringup/lib/python3.10/site-packages/gimbal_bringup-0.0.1-py3.10.egg-info' (and everything under it)
[0.980s] Copying ../../build/gimbal_bringup/gimbal_bringup.egg-info to /home/dtc-mrsd/Downloads/ros2_gimbal_ws/install/gimbal_bringup/lib/python3.10/site-packages/gimbal_bringup-0.0.1-py3.10.egg-info
[0.981s] running install_scripts
[1.000s] writing list of installed files to '/home/dtc-mrsd/Downloads/ros2_gimbal_ws/build/gimbal_bringup/install.log'
[1.020s] Invoked command in '/home/dtc-mrsd/Downloads/ros2_gimbal_ws/src/gimbal_bringup' returned '0': AMENT_PREFIX_PATH=/home/dtc-mrsd/Downloads/ros2_gimbal_ws/install/yolo_detection:/home/dtc-mrsd/Downloads/ros2_gimbal_ws/install/ir_zoom:/home/dtc-mrsd/Downloads/ros2_gimbal_ws/install/human_tracking:/home/dtc-mrsd/Downloads/ros2_gimbal_ws/install/gimbal_status:/home/dtc-mrsd/Downloads/ros2_gimbal_ws/install/gimbal_angle_control:/home/dtc-mrsd/Downloads/ros2_gimbal_ws/install/eo_zoom:${AMENT_PREFIX_PATH} CMAKE_PREFIX_PATH=/home/dtc-mrsd/Downloads/ros2_gimbal_ws/install/ir_zoom:/home/dtc-mrsd/Downloads/ros2_gimbal_ws/install/gimbal_status:/home/dtc-mrsd/Downloads/ros2_gimbal_ws/install/gimbal_angle_control:/home/dtc-mrsd/Downloads/ros2_gimbal_ws/install/eo_zoom PYTHONPATH=/home/dtc-mrsd/Downloads/ros2_gimbal_ws/build/gimbal_bringup/prefix_override:/usr/lib/python3/dist-packages/colcon_core/task/python/colcon_distutils_commands:/home/dtc-mrsd/Downloads/ros2_gimbal_ws/install/gimbal_bringup/lib/python3.10/site-packages:/home/dtc-mrsd/Downloads/ros2_gimbal_ws/install/yolo_detection/lib/python3.10/site-packages:/home/dtc-mrsd/Downloads/ros2_gimbal_ws/install/human_tracking/lib/python3.10/site-packages:${PYTHONPATH} /usr/bin/python3 -W ignore:setup.py install is deprecated -W ignore:easy_install command is deprecated setup.py egg_info --egg-base ../../build/gimbal_bringup build --build-base /home/dtc-mrsd/Downloads/ros2_gimbal_ws/build/gimbal_bringup/build install --record /home/dtc-mrsd/Downloads/ros2_gimbal_ws/build/gimbal_bringup/install.log --single-version-externally-managed install_data
