[0.777s] Invoking command in '/home/dtc-mrsd/Downloads/ros2_gimbal_ws/build/image_publisher': CMAKE_PREFIX_PATH=${CMAKE_PREFIX_PATH}:/home/dtc-mrsd/Downloads/ros2_gimbal_ws/install/gimbal_bringup:/home/dtc-mrsd/Downloads/ros2_gimbal_ws/install/yolo_detection:/home/dtc-mrsd/Downloads/ros2_gimbal_ws/install/rtsp_viewer:/home/dtc-mrsd/Downloads/ros2_gimbal_ws/install/image_viewer:/home/dtc-mrsd/Downloads/ros2_gimbal_ws/install/human_tracking:/opt/ros/humble /usr/bin/cmake --build /home/dtc-mrsd/Downloads/ros2_gimbal_ws/build/image_publisher -- -j12 -l12
[1.151s] [35m[1mConsolidate compiler generated dependencies of target image_publisher[0m
[1.151s] [ 25%] [32mBuilding CXX object CMakeFiles/image_publisher.dir/src/image_publisher.cpp.o[0m
[6.145s] [ 50%] [32m[1mLinking CXX shared library libimage_publisher.so[0m
[6.419s] [ 50%] Built target image_publisher
[6.449s] [ 75%] [32m[1mLinking CXX executable image_publisher_node[0m
[6.983s] [100%] Built target image_publisher_node
[6.998s] Invoked command in '/home/dtc-mrsd/Downloads/ros2_gimbal_ws/build/image_publisher' returned '0': CMAKE_PREFIX_PATH=${CMAKE_PREFIX_PATH}:/home/dtc-mrsd/Downloads/ros2_gimbal_ws/install/gimbal_bringup:/home/dtc-mrsd/Downloads/ros2_gimbal_ws/install/yolo_detection:/home/dtc-mrsd/Downloads/ros2_gimbal_ws/install/rtsp_viewer:/home/dtc-mrsd/Downloads/ros2_gimbal_ws/install/image_viewer:/home/dtc-mrsd/Downloads/ros2_gimbal_ws/install/human_tracking:/opt/ros/humble /usr/bin/cmake --build /home/dtc-mrsd/Downloads/ros2_gimbal_ws/build/image_publisher -- -j12 -l12
[7.000s] Invoking command in '/home/dtc-mrsd/Downloads/ros2_gimbal_ws/build/image_publisher': CMAKE_PREFIX_PATH=${CMAKE_PREFIX_PATH}:/home/dtc-mrsd/Downloads/ros2_gimbal_ws/install/gimbal_bringup:/home/dtc-mrsd/Downloads/ros2_gimbal_ws/install/yolo_detection:/home/dtc-mrsd/Downloads/ros2_gimbal_ws/install/rtsp_viewer:/home/dtc-mrsd/Downloads/ros2_gimbal_ws/install/image_viewer:/home/dtc-mrsd/Downloads/ros2_gimbal_ws/install/human_tracking:/opt/ros/humble /usr/bin/cmake --install /home/dtc-mrsd/Downloads/ros2_gimbal_ws/build/image_publisher
[7.012s] -- Install configuration: ""
[7.012s] -- Up-to-date: /home/dtc-mrsd/Downloads/ros2_gimbal_ws/install/image_publisher/include
[7.012s] -- Up-to-date: /home/dtc-mrsd/Downloads/ros2_gimbal_ws/install/image_publisher/include/image_publisher
[7.012s] -- Up-to-date: /home/dtc-mrsd/Downloads/ros2_gimbal_ws/install/image_publisher/include/image_publisher/visibility.h
[7.012s] -- Up-to-date: /home/dtc-mrsd/Downloads/ros2_gimbal_ws/install/image_publisher/include/image_publisher/image_publisher.hpp
[7.012s] -- Up-to-date: /home/dtc-mrsd/Downloads/ros2_gimbal_ws/install/image_publisher/share/image_publisher/environment/library_path.sh
[7.012s] -- Up-to-date: /home/dtc-mrsd/Downloads/ros2_gimbal_ws/install/image_publisher/share/image_publisher/environment/library_path.dsv
[7.012s] -- Installing: /home/dtc-mrsd/Downloads/ros2_gimbal_ws/install/image_publisher/lib/libimage_publisher.so
[7.013s] -- Set runtime path of "/home/dtc-mrsd/Downloads/ros2_gimbal_ws/install/image_publisher/lib/libimage_publisher.so" to ""
[7.013s] -- Installing: /home/dtc-mrsd/Downloads/ros2_gimbal_ws/install/image_publisher/lib/image_publisher/image_publisher_node
[7.014s] -- Set runtime path of "/home/dtc-mrsd/Downloads/ros2_gimbal_ws/install/image_publisher/lib/image_publisher/image_publisher_node" to ""
[7.014s] -- Up-to-date: /home/dtc-mrsd/Downloads/ros2_gimbal_ws/install/image_publisher/share/image_publisher/launch
[7.014s] -- Up-to-date: /home/dtc-mrsd/Downloads/ros2_gimbal_ws/install/image_publisher/share/image_publisher/launch/image_publisher_mono.launch.py
[7.014s] -- Up-to-date: /home/dtc-mrsd/Downloads/ros2_gimbal_ws/install/image_publisher/share/image_publisher/launch/image_publisher_component_file.launch.py
[7.014s] -- Up-to-date: /home/dtc-mrsd/Downloads/ros2_gimbal_ws/install/image_publisher/share/image_publisher/launch/image_publisher_stereo.launch.py
[7.014s] -- Up-to-date: /home/dtc-mrsd/Downloads/ros2_gimbal_ws/install/image_publisher/share/image_publisher/launch/splash.png
[7.014s] -- Up-to-date: /home/dtc-mrsd/Downloads/ros2_gimbal_ws/install/image_publisher/share/image_publisher/launch/image_publisher_file.launch.py
[7.014s] -- Up-to-date: /home/dtc-mrsd/Downloads/ros2_gimbal_ws/install/image_publisher/share/ament_index/resource_index/package_run_dependencies/image_publisher
[7.015s] -- Up-to-date: /home/dtc-mrsd/Downloads/ros2_gimbal_ws/install/image_publisher/share/ament_index/resource_index/parent_prefix_path/image_publisher
[7.015s] -- Up-to-date: /home/dtc-mrsd/Downloads/ros2_gimbal_ws/install/image_publisher/share/image_publisher/environment/ament_prefix_path.sh
[7.015s] -- Up-to-date: /home/dtc-mrsd/Downloads/ros2_gimbal_ws/install/image_publisher/share/image_publisher/environment/ament_prefix_path.dsv
[7.015s] -- Up-to-date: /home/dtc-mrsd/Downloads/ros2_gimbal_ws/install/image_publisher/share/image_publisher/environment/path.sh
[7.015s] -- Up-to-date: /home/dtc-mrsd/Downloads/ros2_gimbal_ws/install/image_publisher/share/image_publisher/environment/path.dsv
[7.015s] -- Up-to-date: /home/dtc-mrsd/Downloads/ros2_gimbal_ws/install/image_publisher/share/image_publisher/local_setup.bash
[7.015s] -- Up-to-date: /home/dtc-mrsd/Downloads/ros2_gimbal_ws/install/image_publisher/share/image_publisher/local_setup.sh
[7.015s] -- Up-to-date: /home/dtc-mrsd/Downloads/ros2_gimbal_ws/install/image_publisher/share/image_publisher/local_setup.zsh
[7.015s] -- Up-to-date: /home/dtc-mrsd/Downloads/ros2_gimbal_ws/install/image_publisher/share/image_publisher/local_setup.dsv
[7.015s] -- Installing: /home/dtc-mrsd/Downloads/ros2_gimbal_ws/install/image_publisher/share/image_publisher/package.dsv
[7.015s] -- Up-to-date: /home/dtc-mrsd/Downloads/ros2_gimbal_ws/install/image_publisher/share/ament_index/resource_index/packages/image_publisher
[7.016s] -- Up-to-date: /home/dtc-mrsd/Downloads/ros2_gimbal_ws/install/image_publisher/share/ament_index/resource_index/rclcpp_components/image_publisher
[7.016s] -- Up-to-date: /home/dtc-mrsd/Downloads/ros2_gimbal_ws/install/image_publisher/share/image_publisher/cmake/ament_cmake_export_dependencies-extras.cmake
[7.016s] -- Up-to-date: /home/dtc-mrsd/Downloads/ros2_gimbal_ws/install/image_publisher/share/image_publisher/cmake/ament_cmake_export_include_directories-extras.cmake
[7.016s] -- Up-to-date: /home/dtc-mrsd/Downloads/ros2_gimbal_ws/install/image_publisher/share/image_publisher/cmake/ament_cmake_export_libraries-extras.cmake
[7.016s] -- Up-to-date: /home/dtc-mrsd/Downloads/ros2_gimbal_ws/install/image_publisher/share/image_publisher/cmake/image_publisherConfig.cmake
[7.016s] -- Up-to-date: /home/dtc-mrsd/Downloads/ros2_gimbal_ws/install/image_publisher/share/image_publisher/cmake/image_publisherConfig-version.cmake
[7.016s] -- Up-to-date: /home/dtc-mrsd/Downloads/ros2_gimbal_ws/install/image_publisher/share/image_publisher/package.xml
[7.017s] Invoked command in '/home/dtc-mrsd/Downloads/ros2_gimbal_ws/build/image_publisher' returned '0': CMAKE_PREFIX_PATH=${CMAKE_PREFIX_PATH}:/home/dtc-mrsd/Downloads/ros2_gimbal_ws/install/gimbal_bringup:/home/dtc-mrsd/Downloads/ros2_gimbal_ws/install/yolo_detection:/home/dtc-mrsd/Downloads/ros2_gimbal_ws/install/rtsp_viewer:/home/dtc-mrsd/Downloads/ros2_gimbal_ws/install/image_viewer:/home/dtc-mrsd/Downloads/ros2_gimbal_ws/install/human_tracking:/opt/ros/humble /usr/bin/cmake --install /home/dtc-mrsd/Downloads/ros2_gimbal_ws/build/image_publisher
