[0.035s] Invoking command in '/home/dtc/humanflow/ros2_ghadron_gimbal/build/image_publisher': /usr/bin/cmake --build /home/dtc/humanflow/ros2_ghadron_gimbal/build/image_publisher -- -j4 -l4
[0.186s] [ 50%] Built target image_publisher
[0.246s] [100%] Built target image_publisher_node
[0.592s] Invoked command in '/home/dtc/humanflow/ros2_ghadron_gimbal/build/image_publisher' returned '0': /usr/bin/cmake --build /home/dtc/humanflow/ros2_ghadron_gimbal/build/image_publisher -- -j4 -l4
[0.596s] Invoking command in '/home/dtc/humanflow/ros2_ghadron_gimbal/build/image_publisher': /usr/bin/cmake --install /home/dtc/humanflow/ros2_ghadron_gimbal/build/image_publisher
[0.609s] -- Install configuration: ""
[0.609s] -- Up-to-date: /home/dtc/humanflow/ros2_ghadron_gimbal/install/image_publisher/include
[0.609s] -- Up-to-date: /home/dtc/humanflow/ros2_ghadron_gimbal/install/image_publisher/include/image_publisher
[0.610s] -- Up-to-date: /home/dtc/humanflow/ros2_ghadron_gimbal/install/image_publisher/include/image_publisher/visibility.h
[0.610s] -- Up-to-date: /home/dtc/humanflow/ros2_ghadron_gimbal/install/image_publisher/include/image_publisher/image_publisher.hpp
[0.610s] -- Up-to-date: /home/dtc/humanflow/ros2_ghadron_gimbal/install/image_publisher/share/image_publisher/environment/library_path.sh
[0.610s] -- Up-to-date: /home/dtc/humanflow/ros2_ghadron_gimbal/install/image_publisher/share/image_publisher/environment/library_path.dsv
[0.610s] -- Up-to-date: /home/dtc/humanflow/ros2_ghadron_gimbal/install/image_publisher/lib/libimage_publisher.so
[0.611s] -- Up-to-date: /home/dtc/humanflow/ros2_ghadron_gimbal/install/image_publisher/lib/image_publisher/image_publisher_node
[0.612s] -- Up-to-date: /home/dtc/humanflow/ros2_ghadron_gimbal/install/image_publisher/share/image_publisher/launch
[0.612s] -- Up-to-date: /home/dtc/humanflow/ros2_ghadron_gimbal/install/image_publisher/share/image_publisher/launch/splash.png
[0.612s] -- Up-to-date: /home/dtc/humanflow/ros2_ghadron_gimbal/install/image_publisher/share/image_publisher/launch/image_publisher_component_file.launch.py
[0.612s] -- Up-to-date: /home/dtc/humanflow/ros2_ghadron_gimbal/install/image_publisher/share/image_publisher/launch/image_publisher_mono.launch.py
[0.613s] -- Up-to-date: /home/dtc/humanflow/ros2_ghadron_gimbal/install/image_publisher/share/image_publisher/launch/image_publisher_file.launch.py
[0.613s] -- Up-to-date: /home/dtc/humanflow/ros2_ghadron_gimbal/install/image_publisher/share/image_publisher/launch/image_publisher_stereo.launch.py
[0.614s] -- Up-to-date: /home/dtc/humanflow/ros2_ghadron_gimbal/install/image_publisher/share/ament_index/resource_index/package_run_dependencies/image_publisher
[0.615s] -- Up-to-date: /home/dtc/humanflow/ros2_ghadron_gimbal/install/image_publisher/share/ament_index/resource_index/parent_prefix_path/image_publisher
[0.615s] -- Up-to-date: /home/dtc/humanflow/ros2_ghadron_gimbal/install/image_publisher/share/image_publisher/environment/ament_prefix_path.sh
[0.615s] -- Up-to-date: /home/dtc/humanflow/ros2_ghadron_gimbal/install/image_publisher/share/image_publisher/environment/ament_prefix_path.dsv
[0.616s] -- Up-to-date: /home/dtc/humanflow/ros2_ghadron_gimbal/install/image_publisher/share/image_publisher/environment/path.sh
[0.616s] -- Up-to-date: /home/dtc/humanflow/ros2_ghadron_gimbal/install/image_publisher/share/image_publisher/environment/path.dsv
[0.617s] -- Up-to-date: /home/dtc/humanflow/ros2_ghadron_gimbal/install/image_publisher/share/image_publisher/local_setup.bash
[0.618s] -- Up-to-date: /home/dtc/humanflow/ros2_ghadron_gimbal/install/image_publisher/share/image_publisher/local_setup.sh
[0.618s] -- Up-to-date: /home/dtc/humanflow/ros2_ghadron_gimbal/install/image_publisher/share/image_publisher/local_setup.zsh
[0.619s] -- Up-to-date: /home/dtc/humanflow/ros2_ghadron_gimbal/install/image_publisher/share/image_publisher/local_setup.dsv
[0.619s] -- Installing: /home/dtc/humanflow/ros2_ghadron_gimbal/install/image_publisher/share/image_publisher/package.dsv
[0.620s] -- Up-to-date: /home/dtc/humanflow/ros2_ghadron_gimbal/install/image_publisher/share/ament_index/resource_index/packages/image_publisher
[0.621s] -- Up-to-date: /home/dtc/humanflow/ros2_ghadron_gimbal/install/image_publisher/share/ament_index/resource_index/rclcpp_components/image_publisher
[0.621s] -- Up-to-date: /home/dtc/humanflow/ros2_ghadron_gimbal/install/image_publisher/share/image_publisher/cmake/ament_cmake_export_dependencies-extras.cmake
[0.622s] -- Up-to-date: /home/dtc/humanflow/ros2_ghadron_gimbal/install/image_publisher/share/image_publisher/cmake/ament_cmake_export_include_directories-extras.cmake
[0.622s] -- Up-to-date: /home/dtc/humanflow/ros2_ghadron_gimbal/install/image_publisher/share/image_publisher/cmake/ament_cmake_export_libraries-extras.cmake
[0.623s] -- Up-to-date: /home/dtc/humanflow/ros2_ghadron_gimbal/install/image_publisher/share/image_publisher/cmake/image_publisherConfig.cmake
[0.623s] -- Up-to-date: /home/dtc/humanflow/ros2_ghadron_gimbal/install/image_publisher/share/image_publisher/cmake/image_publisherConfig-version.cmake
[0.624s] -- Up-to-date: /home/dtc/humanflow/ros2_ghadron_gimbal/install/image_publisher/share/image_publisher/package.xml
[0.632s] Invoked command in '/home/dtc/humanflow/ros2_ghadron_gimbal/build/image_publisher' returned '0': /usr/bin/cmake --install /home/dtc/humanflow/ros2_ghadron_gimbal/build/image_publisher
