[0.687s] Invoking command in '/home/dtc-mrsd/Downloads/ros2_ghadron_gimbal/build/image_publisher': CMAKE_PREFIX_PATH=${CMAKE_PREFIX_PATH}:/home/dtc-mrsd/Downloads/ros2_ghadron_gimbal/install/gimbal_bringup:/home/dtc-mrsd/Downloads/ros2_ghadron_gimbal/install/yolo_detection:/home/dtc-mrsd/Downloads/ros2_ghadron_gimbal/install/stream_publisher:/home/dtc-mrsd/Downloads/ros2_ghadron_gimbal/install/rtsp_viewer:/home/dtc-mrsd/Downloads/ros2_ghadron_gimbal/install/image_viewer:/home/dtc-mrsd/Downloads/ros2_ghadron_gimbal/install/human_tracking:/opt/ros/humble /usr/bin/cmake --build /home/dtc-mrsd/Downloads/ros2_ghadron_gimbal/build/image_publisher -- -j12 -l12
[1.136s] -- Found cv_bridge: 3.2.1 (/opt/ros/humble/share/cv_bridge/cmake)
[1.136s] -- Found rosidl_generator_c: 3.1.6 (/opt/ros/humble/share/rosidl_generator_c/cmake)
[1.136s] -- Found rosidl_adapter: 3.1.6 (/opt/ros/humble/share/rosidl_adapter/cmake)
[1.136s] -- Found rosidl_generator_cpp: 3.1.6 (/opt/ros/humble/share/rosidl_generator_cpp/cmake)
[1.136s] -- Using all available rosidl_typesupport_c: rosidl_typesupport_fastrtps_c;rosidl_typesupport_introspection_c
[1.136s] -- Using all available rosidl_typesupport_cpp: rosidl_typesupport_fastrtps_cpp;rosidl_typesupport_introspection_cpp
[1.137s] -- Found ament_cmake_auto: 1.3.11 (/opt/ros/humble/share/ament_cmake_auto/cmake)
[1.137s] -- Found camera_info_manager: 3.1.10 (/opt/ros/humble/share/camera_info_manager/cmake)
[1.137s] -- Found rmw_implementation_cmake: 6.1.2 (/opt/ros/humble/share/rmw_implementation_cmake/cmake)
[1.137s] -- Found rmw_fastrtps_cpp: 6.2.7 (/opt/ros/humble/share/rmw_fastrtps_cpp/cmake)
[1.137s] [0mCMake Error: The current CMakeCache.txt directory /home/dtc-mrsd/Downloads/ros2_ghadron_gimbal/build/image_publisher/CMakeCache.txt is different than the directory /home/dtc-mrsd/Downloads/ros2_gimbal_ws/build/image_publisher where CMakeCache.txt was created. This may result in binaries being created in the wrong place. If you are not sure, reedit the CMakeCache.txt[0m
[1.298s] -- Using RMW implementation 'rmw_fastrtps_cpp' as default
[1.525s] -- opencv version 4.5.4
[1.536s] -- Found ament_lint_auto: 0.12.11 (/opt/ros/humble/share/ament_lint_auto/cmake)
[1.549s] -- Added test 'copyright' to check source files copyright and LICENSE
[1.551s] -- Added test 'cppcheck' to perform static code analysis on C / C++ code
[1.551s] -- Configured cppcheck include dirs: /home/dtc-mrsd/Downloads/ros2_gimbal_ws/src/image_publisher/include
[1.551s] -- Configured cppcheck exclude dirs and/or files: 
[1.552s] -- Added test 'cpplint' to check C / C++ code against the Google style
[1.553s] -- Configured cpplint exclude dirs and/or files: 
[1.553s] -- Added test 'flake8' to check Python code syntax and style conventions
[1.554s] -- Added test 'lint_cmake' to check CMake code style
[1.554s] -- Added test 'pep257' to check Python code against some of the docstring style conventions in PEP 257
[1.556s] -- Added test 'uncrustify' to check C / C++ code style
[1.556s] -- Configured uncrustify additional arguments: 
[1.556s] -- Added test 'xmllint' to check XML markup files
[1.559s] -- Configuring done
[1.589s] -- Generating done
[1.597s] -- Build files have been written to: /home/dtc-mrsd/Downloads/ros2_gimbal_ws/build/image_publisher
[1.659s] [35m[1mConsolidate compiler generated dependencies of target image_publisher[0m
[1.693s] [ 50%] Built target image_publisher
[1.735s] [35m[1mConsolidate compiler generated dependencies of target image_publisher_node[0m
[1.769s] [100%] Built target image_publisher_node
[2.223s] Invoked command in '/home/dtc-mrsd/Downloads/ros2_ghadron_gimbal/build/image_publisher' returned '0': CMAKE_PREFIX_PATH=${CMAKE_PREFIX_PATH}:/home/dtc-mrsd/Downloads/ros2_ghadron_gimbal/install/gimbal_bringup:/home/dtc-mrsd/Downloads/ros2_ghadron_gimbal/install/yolo_detection:/home/dtc-mrsd/Downloads/ros2_ghadron_gimbal/install/stream_publisher:/home/dtc-mrsd/Downloads/ros2_ghadron_gimbal/install/rtsp_viewer:/home/dtc-mrsd/Downloads/ros2_ghadron_gimbal/install/image_viewer:/home/dtc-mrsd/Downloads/ros2_ghadron_gimbal/install/human_tracking:/opt/ros/humble /usr/bin/cmake --build /home/dtc-mrsd/Downloads/ros2_ghadron_gimbal/build/image_publisher -- -j12 -l12
[2.225s] Invoking command in '/home/dtc-mrsd/Downloads/ros2_ghadron_gimbal/build/image_publisher': CMAKE_PREFIX_PATH=${CMAKE_PREFIX_PATH}:/home/dtc-mrsd/Downloads/ros2_ghadron_gimbal/install/gimbal_bringup:/home/dtc-mrsd/Downloads/ros2_ghadron_gimbal/install/yolo_detection:/home/dtc-mrsd/Downloads/ros2_ghadron_gimbal/install/stream_publisher:/home/dtc-mrsd/Downloads/ros2_ghadron_gimbal/install/rtsp_viewer:/home/dtc-mrsd/Downloads/ros2_ghadron_gimbal/install/image_viewer:/home/dtc-mrsd/Downloads/ros2_ghadron_gimbal/install/human_tracking:/opt/ros/humble /usr/bin/cmake --install /home/dtc-mrsd/Downloads/ros2_ghadron_gimbal/build/image_publisher
[2.242s] -- Install configuration: ""
[2.244s] -- Up-to-date: /home/dtc-mrsd/Downloads/ros2_gimbal_ws/install/image_publisher/include
[2.244s] -- Up-to-date: /home/dtc-mrsd/Downloads/ros2_gimbal_ws/install/image_publisher/include/image_publisher
[2.244s] -- Up-to-date: /home/dtc-mrsd/Downloads/ros2_gimbal_ws/install/image_publisher/include/image_publisher/visibility.h
[2.245s] -- Up-to-date: /home/dtc-mrsd/Downloads/ros2_gimbal_ws/install/image_publisher/include/image_publisher/image_publisher.hpp
[2.245s] -- Up-to-date: /home/dtc-mrsd/Downloads/ros2_gimbal_ws/install/image_publisher/share/image_publisher/environment/library_path.sh
[2.245s] -- Installing: /home/dtc-mrsd/Downloads/ros2_gimbal_ws/install/image_publisher/share/image_publisher/environment/library_path.dsv
[2.247s] -- Up-to-date: /home/dtc-mrsd/Downloads/ros2_gimbal_ws/install/image_publisher/lib/libimage_publisher.so
[2.247s] -- Up-to-date: /home/dtc-mrsd/Downloads/ros2_gimbal_ws/install/image_publisher/lib/image_publisher/image_publisher_node
[2.248s] -- Up-to-date: /home/dtc-mrsd/Downloads/ros2_gimbal_ws/install/image_publisher/share/image_publisher/launch
[2.249s] -- Up-to-date: /home/dtc-mrsd/Downloads/ros2_gimbal_ws/install/image_publisher/share/image_publisher/launch/image_publisher_mono.launch.py
[2.249s] -- Up-to-date: /home/dtc-mrsd/Downloads/ros2_gimbal_ws/install/image_publisher/share/image_publisher/launch/image_publisher_component_file.launch.py
[2.250s] -- Up-to-date: /home/dtc-mrsd/Downloads/ros2_gimbal_ws/install/image_publisher/share/image_publisher/launch/image_publisher_stereo.launch.py
[2.250s] -- Up-to-date: /home/dtc-mrsd/Downloads/ros2_gimbal_ws/install/image_publisher/share/image_publisher/launch/splash.png
[2.250s] -- Up-to-date: /home/dtc-mrsd/Downloads/ros2_gimbal_ws/install/image_publisher/share/image_publisher/launch/image_publisher_file.launch.py
[2.250s] -- Up-to-date: /home/dtc-mrsd/Downloads/ros2_gimbal_ws/install/image_publisher/share/ament_index/resource_index/package_run_dependencies/image_publisher
[2.250s] -- Installing: /home/dtc-mrsd/Downloads/ros2_gimbal_ws/install/image_publisher/share/ament_index/resource_index/parent_prefix_path/image_publisher
[2.250s] -- Up-to-date: /home/dtc-mrsd/Downloads/ros2_gimbal_ws/install/image_publisher/share/image_publisher/environment/ament_prefix_path.sh
[2.251s] -- Installing: /home/dtc-mrsd/Downloads/ros2_gimbal_ws/install/image_publisher/share/image_publisher/environment/ament_prefix_path.dsv
[2.251s] -- Up-to-date: /home/dtc-mrsd/Downloads/ros2_gimbal_ws/install/image_publisher/share/image_publisher/environment/path.sh
[2.251s] -- Installing: /home/dtc-mrsd/Downloads/ros2_gimbal_ws/install/image_publisher/share/image_publisher/environment/path.dsv
[2.251s] -- Up-to-date: /home/dtc-mrsd/Downloads/ros2_gimbal_ws/install/image_publisher/share/image_publisher/local_setup.bash
[2.251s] -- Up-to-date: /home/dtc-mrsd/Downloads/ros2_gimbal_ws/install/image_publisher/share/image_publisher/local_setup.sh
[2.251s] -- Up-to-date: /home/dtc-mrsd/Downloads/ros2_gimbal_ws/install/image_publisher/share/image_publisher/local_setup.zsh
[2.251s] -- Installing: /home/dtc-mrsd/Downloads/ros2_gimbal_ws/install/image_publisher/share/image_publisher/local_setup.dsv
[2.251s] -- Installing: /home/dtc-mrsd/Downloads/ros2_gimbal_ws/install/image_publisher/share/image_publisher/package.dsv
[2.251s] -- Up-to-date: /home/dtc-mrsd/Downloads/ros2_gimbal_ws/install/image_publisher/share/ament_index/resource_index/packages/image_publisher
[2.252s] -- Up-to-date: /home/dtc-mrsd/Downloads/ros2_gimbal_ws/install/image_publisher/share/ament_index/resource_index/rclcpp_components/image_publisher
[2.252s] -- Up-to-date: /home/dtc-mrsd/Downloads/ros2_gimbal_ws/install/image_publisher/share/image_publisher/cmake/ament_cmake_export_dependencies-extras.cmake
[2.252s] -- Up-to-date: /home/dtc-mrsd/Downloads/ros2_gimbal_ws/install/image_publisher/share/image_publisher/cmake/ament_cmake_export_include_directories-extras.cmake
[2.252s] -- Up-to-date: /home/dtc-mrsd/Downloads/ros2_gimbal_ws/install/image_publisher/share/image_publisher/cmake/ament_cmake_export_libraries-extras.cmake
[2.252s] -- Up-to-date: /home/dtc-mrsd/Downloads/ros2_gimbal_ws/install/image_publisher/share/image_publisher/cmake/image_publisherConfig.cmake
[2.252s] -- Up-to-date: /home/dtc-mrsd/Downloads/ros2_gimbal_ws/install/image_publisher/share/image_publisher/cmake/image_publisherConfig-version.cmake
[2.252s] -- Up-to-date: /home/dtc-mrsd/Downloads/ros2_gimbal_ws/install/image_publisher/share/image_publisher/package.xml
[2.260s] Invoked command in '/home/dtc-mrsd/Downloads/ros2_ghadron_gimbal/build/image_publisher' returned '0': CMAKE_PREFIX_PATH=${CMAKE_PREFIX_PATH}:/home/dtc-mrsd/Downloads/ros2_ghadron_gimbal/install/gimbal_bringup:/home/dtc-mrsd/Downloads/ros2_ghadron_gimbal/install/yolo_detection:/home/dtc-mrsd/Downloads/ros2_ghadron_gimbal/install/stream_publisher:/home/dtc-mrsd/Downloads/ros2_ghadron_gimbal/install/rtsp_viewer:/home/dtc-mrsd/Downloads/ros2_ghadron_gimbal/install/image_viewer:/home/dtc-mrsd/Downloads/ros2_ghadron_gimbal/install/human_tracking:/opt/ros/humble /usr/bin/cmake --install /home/dtc-mrsd/Downloads/ros2_ghadron_gimbal/build/image_publisher
