running egg_info
creating ../../build/rtsp_viewer/rtsp_viewer.egg-info
writing ../../build/rtsp_viewer/rtsp_viewer.egg-info/PKG-INFO
writing dependency_links to ../../build/rtsp_viewer/rtsp_viewer.egg-info/dependency_links.txt
writing entry points to ../../build/rtsp_viewer/rtsp_viewer.egg-info/entry_points.txt
writing requirements to ../../build/rtsp_viewer/rtsp_viewer.egg-info/requires.txt
writing top-level names to ../../build/rtsp_viewer/rtsp_viewer.egg-info/top_level.txt
writing manifest file '../../build/rtsp_viewer/rtsp_viewer.egg-info/SOURCES.txt'
reading manifest file '../../build/rtsp_viewer/rtsp_viewer.egg-info/SOURCES.txt'
writing manifest file '../../build/rtsp_viewer/rtsp_viewer.egg-info/SOURCES.txt'
running build
running build_py
creating /home/dtc/humanflow/ros2_ghadron_gimbal/build/rtsp_viewer/build
creating /home/dtc/humanflow/ros2_ghadron_gimbal/build/rtsp_viewer/build/lib
creating /home/dtc/humanflow/ros2_ghadron_gimbal/build/rtsp_viewer/build/lib/rtsp_viewer
copying rtsp_viewer/rtsp_viewer_node.py -> /home/dtc/humanflow/ros2_ghadron_gimbal/build/rtsp_viewer/build/lib/rtsp_viewer
copying rtsp_viewer/__init__.py -> /home/dtc/humanflow/ros2_ghadron_gimbal/build/rtsp_viewer/build/lib/rtsp_viewer
running install
running install_lib
creating /home/dtc/humanflow/ros2_ghadron_gimbal/install/rtsp_viewer/lib/python3.10/site-packages/rtsp_viewer
copying /home/dtc/humanflow/ros2_ghadron_gimbal/build/rtsp_viewer/build/lib/rtsp_viewer/rtsp_viewer_node.py -> /home/dtc/humanflow/ros2_ghadron_gimbal/install/rtsp_viewer/lib/python3.10/site-packages/rtsp_viewer
copying /home/dtc/humanflow/ros2_ghadron_gimbal/build/rtsp_viewer/build/lib/rtsp_viewer/__init__.py -> /home/dtc/humanflow/ros2_ghadron_gimbal/install/rtsp_viewer/lib/python3.10/site-packages/rtsp_viewer
byte-compiling /home/dtc/humanflow/ros2_ghadron_gimbal/install/rtsp_viewer/lib/python3.10/site-packages/rtsp_viewer/rtsp_viewer_node.py to rtsp_viewer_node.cpython-310.pyc
byte-compiling /home/dtc/humanflow/ros2_ghadron_gimbal/install/rtsp_viewer/lib/python3.10/site-packages/rtsp_viewer/__init__.py to __init__.cpython-310.pyc
running install_data
creating /home/dtc/humanflow/ros2_ghadron_gimbal/install/rtsp_viewer/share/ament_index
creating /home/dtc/humanflow/ros2_ghadron_gimbal/install/rtsp_viewer/share/ament_index/resource_index
creating /home/dtc/humanflow/ros2_ghadron_gimbal/install/rtsp_viewer/share/ament_index/resource_index/packages
copying resource/rtsp_viewer -> /home/dtc/humanflow/ros2_ghadron_gimbal/install/rtsp_viewer/share/ament_index/resource_index/packages
copying package.xml -> /home/dtc/humanflow/ros2_ghadron_gimbal/install/rtsp_viewer/share/rtsp_viewer
running install_egg_info
Copying ../../build/rtsp_viewer/rtsp_viewer.egg-info to /home/dtc/humanflow/ros2_ghadron_gimbal/install/rtsp_viewer/lib/python3.10/site-packages/rtsp_viewer-0.0.0-py3.10.egg-info
running install_scripts
Installing rtsp_viewer script to /home/dtc/humanflow/ros2_ghadron_gimbal/install/rtsp_viewer/lib/rtsp_viewer
writing list of installed files to '/home/dtc/humanflow/ros2_ghadron_gimbal/build/rtsp_viewer/install.log'
