[2.781s] Invoking command in '/home/dtc-mrsd/Downloads/ros2_gimbal_ws/build/eo_image': CMAKE_PREFIX_PATH=/opt/ros/humble /usr/bin/cmake --build /home/dtc-mrsd/Downloads/ros2_gimbal_ws/build/eo_image -- -j12 -l12
[4.354s] [100%] Built target eo_image_node
[4.897s] Invoked command in '/home/dtc-mrsd/Downloads/ros2_gimbal_ws/build/eo_image' returned '0': CMAKE_PREFIX_PATH=/opt/ros/humble /usr/bin/cmake --build /home/dtc-mrsd/Downloads/ros2_gimbal_ws/build/eo_image -- -j12 -l12
[4.898s] Invoking command in '/home/dtc-mrsd/Downloads/ros2_gimbal_ws/build/eo_image': CMAKE_PREFIX_PATH=/opt/ros/humble /usr/bin/cmake --install /home/dtc-mrsd/Downloads/ros2_gimbal_ws/build/eo_image
[4.925s] -- Install configuration: "Debug"
[4.925s] -- Up-to-date: /home/dtc-mrsd/Downloads/ros2_gimbal_ws/install/eo_image/lib/eo_image/eo_image_node
[4.925s] -- Up-to-date: /home/dtc-mrsd/Downloads/ros2_gimbal_ws/install/eo_image/share/ament_index/resource_index/package_run_dependencies/eo_image
[4.925s] -- Up-to-date: /home/dtc-mrsd/Downloads/ros2_gimbal_ws/install/eo_image/share/ament_index/resource_index/parent_prefix_path/eo_image
[4.925s] -- Up-to-date: /home/dtc-mrsd/Downloads/ros2_gimbal_ws/install/eo_image/share/eo_image/environment/ament_prefix_path.sh
[4.926s] -- Up-to-date: /home/dtc-mrsd/Downloads/ros2_gimbal_ws/install/eo_image/share/eo_image/environment/ament_prefix_path.dsv
[4.926s] -- Up-to-date: /home/dtc-mrsd/Downloads/ros2_gimbal_ws/install/eo_image/share/eo_image/environment/path.sh
[4.926s] -- Up-to-date: /home/dtc-mrsd/Downloads/ros2_gimbal_ws/install/eo_image/share/eo_image/environment/path.dsv
[4.926s] -- Up-to-date: /home/dtc-mrsd/Downloads/ros2_gimbal_ws/install/eo_image/share/eo_image/local_setup.bash
[4.926s] -- Up-to-date: /home/dtc-mrsd/Downloads/ros2_gimbal_ws/install/eo_image/share/eo_image/local_setup.sh
[4.926s] -- Up-to-date: /home/dtc-mrsd/Downloads/ros2_gimbal_ws/install/eo_image/share/eo_image/local_setup.zsh
[4.926s] -- Up-to-date: /home/dtc-mrsd/Downloads/ros2_gimbal_ws/install/eo_image/share/eo_image/local_setup.dsv
[4.926s] -- Installing: /home/dtc-mrsd/Downloads/ros2_gimbal_ws/install/eo_image/share/eo_image/package.dsv
[4.926s] -- Up-to-date: /home/dtc-mrsd/Downloads/ros2_gimbal_ws/install/eo_image/share/ament_index/resource_index/packages/eo_image
[4.926s] -- Up-to-date: /home/dtc-mrsd/Downloads/ros2_gimbal_ws/install/eo_image/share/eo_image/cmake/eo_imageConfig.cmake
[4.926s] -- Up-to-date: /home/dtc-mrsd/Downloads/ros2_gimbal_ws/install/eo_image/share/eo_image/cmake/eo_imageConfig-version.cmake
[4.926s] -- Up-to-date: /home/dtc-mrsd/Downloads/ros2_gimbal_ws/install/eo_image/share/eo_image/package.xml
[5.044s] Invoked command in '/home/dtc-mrsd/Downloads/ros2_gimbal_ws/build/eo_image' returned '0': CMAKE_PREFIX_PATH=/opt/ros/humble /usr/bin/cmake --install /home/dtc-mrsd/Downloads/ros2_gimbal_ws/build/eo_image
