[0.058s] Invoking command in '/home/dtc-mrsd/Downloads/ros2_gimbal_ws/build/eo_zoom': CMAKE_PREFIX_PATH=/opt/ros/humble /usr/bin/cmake --build /home/dtc-mrsd/Downloads/ros2_gimbal_ws/build/eo_zoom -- -j12 -l12
[1.328s] [100%] Built target eo_zoom_node
[1.337s] Invoked command in '/home/dtc-mrsd/Downloads/ros2_gimbal_ws/build/eo_zoom' returned '0': CMAKE_PREFIX_PATH=/opt/ros/humble /usr/bin/cmake --build /home/dtc-mrsd/Downloads/ros2_gimbal_ws/build/eo_zoom -- -j12 -l12
[1.349s] Invoking command in '/home/dtc-mrsd/Downloads/ros2_gimbal_ws/build/eo_zoom': CMAKE_PREFIX_PATH=/opt/ros/humble /usr/bin/cmake --install /home/dtc-mrsd/Downloads/ros2_gimbal_ws/build/eo_zoom
[1.381s] -- Install configuration: "Debug"
[1.381s] -- Up-to-date: /home/dtc-mrsd/Downloads/ros2_gimbal_ws/install/eo_zoom/lib/eo_zoom/eo_zoom_node
[1.381s] -- Up-to-date: /home/dtc-mrsd/Downloads/ros2_gimbal_ws/install/eo_zoom/share/ament_index/resource_index/package_run_dependencies/eo_zoom
[1.381s] -- Up-to-date: /home/dtc-mrsd/Downloads/ros2_gimbal_ws/install/eo_zoom/share/ament_index/resource_index/parent_prefix_path/eo_zoom
[1.381s] -- Up-to-date: /home/dtc-mrsd/Downloads/ros2_gimbal_ws/install/eo_zoom/share/eo_zoom/environment/ament_prefix_path.sh
[1.382s] -- Up-to-date: /home/dtc-mrsd/Downloads/ros2_gimbal_ws/install/eo_zoom/share/eo_zoom/environment/ament_prefix_path.dsv
[1.383s] -- Up-to-date: /home/dtc-mrsd/Downloads/ros2_gimbal_ws/install/eo_zoom/share/eo_zoom/environment/path.sh
[1.383s] -- Up-to-date: /home/dtc-mrsd/Downloads/ros2_gimbal_ws/install/eo_zoom/share/eo_zoom/environment/path.dsv
[1.383s] -- Up-to-date: /home/dtc-mrsd/Downloads/ros2_gimbal_ws/install/eo_zoom/share/eo_zoom/local_setup.bash
[1.383s] -- Up-to-date: /home/dtc-mrsd/Downloads/ros2_gimbal_ws/install/eo_zoom/share/eo_zoom/local_setup.sh
[1.384s] -- Up-to-date: /home/dtc-mrsd/Downloads/ros2_gimbal_ws/install/eo_zoom/share/eo_zoom/local_setup.zsh
[1.384s] -- Up-to-date: /home/dtc-mrsd/Downloads/ros2_gimbal_ws/install/eo_zoom/share/eo_zoom/local_setup.dsv
[1.384s] -- Installing: /home/dtc-mrsd/Downloads/ros2_gimbal_ws/install/eo_zoom/share/eo_zoom/package.dsv
[1.385s] -- Up-to-date: /home/dtc-mrsd/Downloads/ros2_gimbal_ws/install/eo_zoom/share/ament_index/resource_index/packages/eo_zoom
[1.385s] -- Up-to-date: /home/dtc-mrsd/Downloads/ros2_gimbal_ws/install/eo_zoom/share/eo_zoom/cmake/eo_zoomConfig.cmake
[1.385s] -- Up-to-date: /home/dtc-mrsd/Downloads/ros2_gimbal_ws/install/eo_zoom/share/eo_zoom/cmake/eo_zoomConfig-version.cmake
[1.386s] -- Up-to-date: /home/dtc-mrsd/Downloads/ros2_gimbal_ws/install/eo_zoom/share/eo_zoom/package.xml
[1.420s] Invoked command in '/home/dtc-mrsd/Downloads/ros2_gimbal_ws/build/eo_zoom' returned '0': CMAKE_PREFIX_PATH=/opt/ros/humble /usr/bin/cmake --install /home/dtc-mrsd/Downloads/ros2_gimbal_ws/build/eo_zoom
