[2.331s] Invoking command in '/home/dtc-mrsd/Downloads/ros2_ghadron_gimbal/src/rtsp_viewer': PYTHONPATH=/home/dtc-mrsd/Downloads/ros2_ghadron_gimbal/build/rtsp_viewer/prefix_override:/usr/lib/python3/dist-packages/colcon_core/task/python/colcon_distutils_commands:/home/dtc-mrsd/Downloads/ros2_ghadron_gimbal/install/rtsp_viewer/lib/python3.10/site-packages:${PYTHONPATH} /usr/bin/python3 -W ignore:setup.py install is deprecated -W ignore:easy_install command is deprecated setup.py egg_info --egg-base ../../build/rtsp_viewer build --build-base /home/dtc-mrsd/Downloads/ros2_ghadron_gimbal/build/rtsp_viewer/build install --record /home/dtc-mrsd/Downloads/ros2_ghadron_gimbal/build/rtsp_viewer/install.log --single-version-externally-managed install_data
[2.697s] running egg_info
[2.698s] writing ../../build/rtsp_viewer/rtsp_viewer.egg-info/PKG-INFO
[2.698s] writing dependency_links to ../../build/rtsp_viewer/rtsp_viewer.egg-info/dependency_links.txt
[2.698s] writing entry points to ../../build/rtsp_viewer/rtsp_viewer.egg-info/entry_points.txt
[2.699s] writing requirements to ../../build/rtsp_viewer/rtsp_viewer.egg-info/requires.txt
[2.699s] writing top-level names to ../../build/rtsp_viewer/rtsp_viewer.egg-info/top_level.txt
[2.702s] reading manifest file '../../build/rtsp_viewer/rtsp_viewer.egg-info/SOURCES.txt'
[2.703s] writing manifest file '../../build/rtsp_viewer/rtsp_viewer.egg-info/SOURCES.txt'
[2.703s] running build
[2.703s] running build_py
[2.704s] running install
[2.704s] running install_lib
[2.705s] running install_data
[2.705s] running install_egg_info
[2.707s] removing '/home/dtc-mrsd/Downloads/ros2_ghadron_gimbal/install/rtsp_viewer/lib/python3.10/site-packages/rtsp_viewer-0.0.0-py3.10.egg-info' (and everything under it)
[2.708s] Copying ../../build/rtsp_viewer/rtsp_viewer.egg-info to /home/dtc-mrsd/Downloads/ros2_ghadron_gimbal/install/rtsp_viewer/lib/python3.10/site-packages/rtsp_viewer-0.0.0-py3.10.egg-info
[2.708s] running install_scripts
[2.732s] Installing rtsp_viewer script to /home/dtc-mrsd/Downloads/ros2_ghadron_gimbal/install/rtsp_viewer/lib/rtsp_viewer
[2.733s] writing list of installed files to '/home/dtc-mrsd/Downloads/ros2_ghadron_gimbal/build/rtsp_viewer/install.log'
[2.770s] Invoked command in '/home/dtc-mrsd/Downloads/ros2_ghadron_gimbal/src/rtsp_viewer' returned '0': PYTHONPATH=/home/dtc-mrsd/Downloads/ros2_ghadron_gimbal/build/rtsp_viewer/prefix_override:/usr/lib/python3/dist-packages/colcon_core/task/python/colcon_distutils_commands:/home/dtc-mrsd/Downloads/ros2_ghadron_gimbal/install/rtsp_viewer/lib/python3.10/site-packages:${PYTHONPATH} /usr/bin/python3 -W ignore:setup.py install is deprecated -W ignore:easy_install command is deprecated setup.py egg_info --egg-base ../../build/rtsp_viewer build --build-base /home/dtc-mrsd/Downloads/ros2_ghadron_gimbal/build/rtsp_viewer/build install --record /home/dtc-mrsd/Downloads/ros2_ghadron_gimbal/build/rtsp_viewer/install.log --single-version-externally-managed install_data
