[0.041s] Invoking command in '/home/dtc-mrsd/Downloads/ros2_gimbal_ws/build/gimbal_status': CMAKE_PREFIX_PATH=/opt/ros/humble /usr/bin/cmake --build /home/dtc-mrsd/Downloads/ros2_gimbal_ws/build/gimbal_status -- -j12 -l12
[0.920s] [100%] Built target gimbal_status_node
[0.943s] Invoked command in '/home/dtc-mrsd/Downloads/ros2_gimbal_ws/build/gimbal_status' returned '0': CMAKE_PREFIX_PATH=/opt/ros/humble /usr/bin/cmake --build /home/dtc-mrsd/Downloads/ros2_gimbal_ws/build/gimbal_status -- -j12 -l12
[0.945s] Invoking command in '/home/dtc-mrsd/Downloads/ros2_gimbal_ws/build/gimbal_status': CMAKE_PREFIX_PATH=/opt/ros/humble /usr/bin/cmake --install /home/dtc-mrsd/Downloads/ros2_gimbal_ws/build/gimbal_status
[0.985s] -- Install configuration: "Debug"
[0.985s] -- Up-to-date: /home/dtc-mrsd/Downloads/ros2_gimbal_ws/install/gimbal_status/lib/gimbal_status/gimbal_status_node
[0.986s] -- Up-to-date: /home/dtc-mrsd/Downloads/ros2_gimbal_ws/install/gimbal_status/share/ament_index/resource_index/package_run_dependencies/gimbal_status
[0.986s] -- Up-to-date: /home/dtc-mrsd/Downloads/ros2_gimbal_ws/install/gimbal_status/share/ament_index/resource_index/parent_prefix_path/gimbal_status
[0.986s] -- Up-to-date: /home/dtc-mrsd/Downloads/ros2_gimbal_ws/install/gimbal_status/share/gimbal_status/environment/ament_prefix_path.sh
[0.986s] -- Up-to-date: /home/dtc-mrsd/Downloads/ros2_gimbal_ws/install/gimbal_status/share/gimbal_status/environment/ament_prefix_path.dsv
[0.986s] -- Up-to-date: /home/dtc-mrsd/Downloads/ros2_gimbal_ws/install/gimbal_status/share/gimbal_status/environment/path.sh
[0.986s] -- Up-to-date: /home/dtc-mrsd/Downloads/ros2_gimbal_ws/install/gimbal_status/share/gimbal_status/environment/path.dsv
[0.986s] -- Up-to-date: /home/dtc-mrsd/Downloads/ros2_gimbal_ws/install/gimbal_status/share/gimbal_status/local_setup.bash
[0.986s] -- Up-to-date: /home/dtc-mrsd/Downloads/ros2_gimbal_ws/install/gimbal_status/share/gimbal_status/local_setup.sh
[0.987s] -- Up-to-date: /home/dtc-mrsd/Downloads/ros2_gimbal_ws/install/gimbal_status/share/gimbal_status/local_setup.zsh
[0.987s] -- Up-to-date: /home/dtc-mrsd/Downloads/ros2_gimbal_ws/install/gimbal_status/share/gimbal_status/local_setup.dsv
[0.987s] -- Installing: /home/dtc-mrsd/Downloads/ros2_gimbal_ws/install/gimbal_status/share/gimbal_status/package.dsv
[0.987s] -- Up-to-date: /home/dtc-mrsd/Downloads/ros2_gimbal_ws/install/gimbal_status/share/ament_index/resource_index/packages/gimbal_status
[0.987s] -- Up-to-date: /home/dtc-mrsd/Downloads/ros2_gimbal_ws/install/gimbal_status/share/gimbal_status/cmake/gimbal_statusConfig.cmake
[0.987s] -- Up-to-date: /home/dtc-mrsd/Downloads/ros2_gimbal_ws/install/gimbal_status/share/gimbal_status/cmake/gimbal_statusConfig-version.cmake
[0.987s] -- Up-to-date: /home/dtc-mrsd/Downloads/ros2_gimbal_ws/install/gimbal_status/share/gimbal_status/package.xml
[1.078s] Invoked command in '/home/dtc-mrsd/Downloads/ros2_gimbal_ws/build/gimbal_status' returned '0': CMAKE_PREFIX_PATH=/opt/ros/humble /usr/bin/cmake --install /home/dtc-mrsd/Downloads/ros2_gimbal_ws/build/gimbal_status
