[0.025s] Invoking command in '/home/dtc/humanflow/ros2_ghadron_gimbal/build/image_publisher': CMAKE_PREFIX_PATH=${CMAKE_PREFIX_PATH}:/home/dtc/humanflow/ros2_ghadron_gimbal/install/gimbal_bringup:/home/dtc/humanflow/ros2_ghadron_gimbal/install/yolo_detection:/home/dtc/humanflow/ros2_ghadron_gimbal/install/stream_publisher:/home/dtc/humanflow/ros2_ghadron_gimbal/install/rtsp_viewer:/home/dtc/humanflow/ros2_ghadron_gimbal/install/image_viewer:/home/dtc/humanflow/ros2_ghadron_gimbal/install/human_tracking:/opt/ros/humble /usr/bin/cmake --build /home/dtc/humanflow/ros2_ghadron_gimbal/build/image_publisher -- -j4 -l4
[0.180s] [ 50%] Built target image_publisher
[0.247s] [100%] Built target image_publisher_node
[0.667s] Invoked command in '/home/dtc/humanflow/ros2_ghadron_gimbal/build/image_publisher' returned '0': CMAKE_PREFIX_PATH=${CMAKE_PREFIX_PATH}:/home/dtc/humanflow/ros2_ghadron_gimbal/install/gimbal_bringup:/home/dtc/humanflow/ros2_ghadron_gimbal/install/yolo_detection:/home/dtc/humanflow/ros2_ghadron_gimbal/install/stream_publisher:/home/dtc/humanflow/ros2_ghadron_gimbal/install/rtsp_viewer:/home/dtc/humanflow/ros2_ghadron_gimbal/install/image_viewer:/home/dtc/humanflow/ros2_ghadron_gimbal/install/human_tracking:/opt/ros/humble /usr/bin/cmake --build /home/dtc/humanflow/ros2_ghadron_gimbal/build/image_publisher -- -j4 -l4
[0.671s] Invoking command in '/home/dtc/humanflow/ros2_ghadron_gimbal/build/image_publisher': CMAKE_PREFIX_PATH=${CMAKE_PREFIX_PATH}:/home/dtc/humanflow/ros2_ghadron_gimbal/install/gimbal_bringup:/home/dtc/humanflow/ros2_ghadron_gimbal/install/yolo_detection:/home/dtc/humanflow/ros2_ghadron_gimbal/install/stream_publisher:/home/dtc/humanflow/ros2_ghadron_gimbal/install/rtsp_viewer:/home/dtc/humanflow/ros2_ghadron_gimbal/install/image_viewer:/home/dtc/humanflow/ros2_ghadron_gimbal/install/human_tracking:/opt/ros/humble /usr/bin/cmake --install /home/dtc/humanflow/ros2_ghadron_gimbal/build/image_publisher
[0.695s] -- Install configuration: ""
[0.696s] -- Up-to-date: /home/dtc/humanflow/ros2_ghadron_gimbal/install/image_publisher/include
[0.696s] -- Up-to-date: /home/dtc/humanflow/ros2_ghadron_gimbal/install/image_publisher/include/image_publisher
[0.696s] -- Up-to-date: /home/dtc/humanflow/ros2_ghadron_gimbal/install/image_publisher/include/image_publisher/visibility.h
[0.696s] -- Up-to-date: /home/dtc/humanflow/ros2_ghadron_gimbal/install/image_publisher/include/image_publisher/image_publisher.hpp
[0.697s] -- Up-to-date: /home/dtc/humanflow/ros2_ghadron_gimbal/install/image_publisher/share/image_publisher/environment/library_path.sh
[0.697s] -- Up-to-date: /home/dtc/humanflow/ros2_ghadron_gimbal/install/image_publisher/share/image_publisher/environment/library_path.dsv
[0.697s] -- Up-to-date: /home/dtc/humanflow/ros2_ghadron_gimbal/install/image_publisher/lib/libimage_publisher.so
[0.697s] -- Up-to-date: /home/dtc/humanflow/ros2_ghadron_gimbal/install/image_publisher/lib/image_publisher/image_publisher_node
[0.697s] -- Up-to-date: /home/dtc/humanflow/ros2_ghadron_gimbal/install/image_publisher/share/image_publisher/launch
[0.698s] -- Up-to-date: /home/dtc/humanflow/ros2_ghadron_gimbal/install/image_publisher/share/image_publisher/launch/splash.png
[0.700s] -- Up-to-date: /home/dtc/humanflow/ros2_ghadron_gimbal/install/image_publisher/share/image_publisher/launch/image_publisher_component_file.launch.py
[0.701s] -- Up-to-date: /home/dtc/humanflow/ros2_ghadron_gimbal/install/image_publisher/share/image_publisher/launch/image_publisher_mono.launch.py
[0.701s] -- Up-to-date: /home/dtc/humanflow/ros2_ghadron_gimbal/install/image_publisher/share/image_publisher/launch/image_publisher_file.launch.py
[0.701s] -- Up-to-date: /home/dtc/humanflow/ros2_ghadron_gimbal/install/image_publisher/share/image_publisher/launch/image_publisher_stereo.launch.py
[0.701s] -- Up-to-date: /home/dtc/humanflow/ros2_ghadron_gimbal/install/image_publisher/share/ament_index/resource_index/package_run_dependencies/image_publisher
[0.701s] -- Up-to-date: /home/dtc/humanflow/ros2_ghadron_gimbal/install/image_publisher/share/ament_index/resource_index/parent_prefix_path/image_publisher
[0.701s] -- Up-to-date: /home/dtc/humanflow/ros2_ghadron_gimbal/install/image_publisher/share/image_publisher/environment/ament_prefix_path.sh
[0.702s] -- Up-to-date: /home/dtc/humanflow/ros2_ghadron_gimbal/install/image_publisher/share/image_publisher/environment/ament_prefix_path.dsv
[0.702s] -- Up-to-date: /home/dtc/humanflow/ros2_ghadron_gimbal/install/image_publisher/share/image_publisher/environment/path.sh
[0.702s] -- Up-to-date: /home/dtc/humanflow/ros2_ghadron_gimbal/install/image_publisher/share/image_publisher/environment/path.dsv
[0.702s] -- Up-to-date: /home/dtc/humanflow/ros2_ghadron_gimbal/install/image_publisher/share/image_publisher/local_setup.bash
[0.702s] -- Up-to-date: /home/dtc/humanflow/ros2_ghadron_gimbal/install/image_publisher/share/image_publisher/local_setup.sh
[0.702s] -- Up-to-date: /home/dtc/humanflow/ros2_ghadron_gimbal/install/image_publisher/share/image_publisher/local_setup.zsh
[0.702s] -- Up-to-date: /home/dtc/humanflow/ros2_ghadron_gimbal/install/image_publisher/share/image_publisher/local_setup.dsv
[0.703s] -- Installing: /home/dtc/humanflow/ros2_ghadron_gimbal/install/image_publisher/share/image_publisher/package.dsv
[0.703s] -- Up-to-date: /home/dtc/humanflow/ros2_ghadron_gimbal/install/image_publisher/share/ament_index/resource_index/packages/image_publisher
[0.703s] -- Up-to-date: /home/dtc/humanflow/ros2_ghadron_gimbal/install/image_publisher/share/ament_index/resource_index/rclcpp_components/image_publisher
[0.703s] -- Up-to-date: /home/dtc/humanflow/ros2_ghadron_gimbal/install/image_publisher/share/image_publisher/cmake/ament_cmake_export_dependencies-extras.cmake
[0.703s] -- Up-to-date: /home/dtc/humanflow/ros2_ghadron_gimbal/install/image_publisher/share/image_publisher/cmake/ament_cmake_export_include_directories-extras.cmake
[0.703s] -- Up-to-date: /home/dtc/humanflow/ros2_ghadron_gimbal/install/image_publisher/share/image_publisher/cmake/ament_cmake_export_libraries-extras.cmake
[0.703s] -- Up-to-date: /home/dtc/humanflow/ros2_ghadron_gimbal/install/image_publisher/share/image_publisher/cmake/image_publisherConfig.cmake
[0.704s] -- Up-to-date: /home/dtc/humanflow/ros2_ghadron_gimbal/install/image_publisher/share/image_publisher/cmake/image_publisherConfig-version.cmake
[0.704s] -- Up-to-date: /home/dtc/humanflow/ros2_ghadron_gimbal/install/image_publisher/share/image_publisher/package.xml
[0.720s] Invoked command in '/home/dtc/humanflow/ros2_ghadron_gimbal/build/image_publisher' returned '0': CMAKE_PREFIX_PATH=${CMAKE_PREFIX_PATH}:/home/dtc/humanflow/ros2_ghadron_gimbal/install/gimbal_bringup:/home/dtc/humanflow/ros2_ghadron_gimbal/install/yolo_detection:/home/dtc/humanflow/ros2_ghadron_gimbal/install/stream_publisher:/home/dtc/humanflow/ros2_ghadron_gimbal/install/rtsp_viewer:/home/dtc/humanflow/ros2_ghadron_gimbal/install/image_viewer:/home/dtc/humanflow/ros2_ghadron_gimbal/install/human_tracking:/opt/ros/humble /usr/bin/cmake --install /home/dtc/humanflow/ros2_ghadron_gimbal/build/image_publisher
