[1.583s] Invoking command in '/home/dtc-mrsd/Downloads/ros2_gimbal_ws/build/ir_zoom': CMAKE_PREFIX_PATH=/opt/ros/humble /usr/bin/cmake --build /home/dtc-mrsd/Downloads/ros2_gimbal_ws/build/ir_zoom -- -j12 -l12
[4.390s] [100%] Built target ir_zoom_node
[4.945s] Invoked command in '/home/dtc-mrsd/Downloads/ros2_gimbal_ws/build/ir_zoom' returned '0': CMAKE_PREFIX_PATH=/opt/ros/humble /usr/bin/cmake --build /home/dtc-mrsd/Downloads/ros2_gimbal_ws/build/ir_zoom -- -j12 -l12
[4.946s] Invoking command in '/home/dtc-mrsd/Downloads/ros2_gimbal_ws/build/ir_zoom': CMAKE_PREFIX_PATH=/opt/ros/humble /usr/bin/cmake --install /home/dtc-mrsd/Downloads/ros2_gimbal_ws/build/ir_zoom
[4.974s] -- Install configuration: "Debug"
[4.974s] -- Up-to-date: /home/dtc-mrsd/Downloads/ros2_gimbal_ws/install/ir_zoom/lib/ir_zoom/ir_zoom_node
[4.974s] -- Up-to-date: /home/dtc-mrsd/Downloads/ros2_gimbal_ws/install/ir_zoom/share/ament_index/resource_index/package_run_dependencies/ir_zoom
[4.974s] -- Up-to-date: /home/dtc-mrsd/Downloads/ros2_gimbal_ws/install/ir_zoom/share/ament_index/resource_index/parent_prefix_path/ir_zoom
[4.974s] -- Up-to-date: /home/dtc-mrsd/Downloads/ros2_gimbal_ws/install/ir_zoom/share/ir_zoom/environment/ament_prefix_path.sh
[4.974s] -- Up-to-date: /home/dtc-mrsd/Downloads/ros2_gimbal_ws/install/ir_zoom/share/ir_zoom/environment/ament_prefix_path.dsv
[4.974s] -- Up-to-date: /home/dtc-mrsd/Downloads/ros2_gimbal_ws/install/ir_zoom/share/ir_zoom/environment/path.sh
[4.974s] -- Up-to-date: /home/dtc-mrsd/Downloads/ros2_gimbal_ws/install/ir_zoom/share/ir_zoom/environment/path.dsv
[4.974s] -- Up-to-date: /home/dtc-mrsd/Downloads/ros2_gimbal_ws/install/ir_zoom/share/ir_zoom/local_setup.bash
[4.974s] -- Up-to-date: /home/dtc-mrsd/Downloads/ros2_gimbal_ws/install/ir_zoom/share/ir_zoom/local_setup.sh
[4.974s] -- Up-to-date: /home/dtc-mrsd/Downloads/ros2_gimbal_ws/install/ir_zoom/share/ir_zoom/local_setup.zsh
[4.975s] -- Up-to-date: /home/dtc-mrsd/Downloads/ros2_gimbal_ws/install/ir_zoom/share/ir_zoom/local_setup.dsv
[4.975s] -- Installing: /home/dtc-mrsd/Downloads/ros2_gimbal_ws/install/ir_zoom/share/ir_zoom/package.dsv
[4.975s] -- Up-to-date: /home/dtc-mrsd/Downloads/ros2_gimbal_ws/install/ir_zoom/share/ament_index/resource_index/packages/ir_zoom
[4.975s] -- Up-to-date: /home/dtc-mrsd/Downloads/ros2_gimbal_ws/install/ir_zoom/share/ir_zoom/cmake/ir_zoomConfig.cmake
[4.975s] -- Up-to-date: /home/dtc-mrsd/Downloads/ros2_gimbal_ws/install/ir_zoom/share/ir_zoom/cmake/ir_zoomConfig-version.cmake
[4.975s] -- Up-to-date: /home/dtc-mrsd/Downloads/ros2_gimbal_ws/install/ir_zoom/share/ir_zoom/package.xml
[5.034s] Invoked command in '/home/dtc-mrsd/Downloads/ros2_gimbal_ws/build/ir_zoom' returned '0': CMAKE_PREFIX_PATH=/opt/ros/humble /usr/bin/cmake --install /home/dtc-mrsd/Downloads/ros2_gimbal_ws/build/ir_zoom
