[0.191s] Invoking command in '/home/dtc/humanflow/ros2_ghadron_gimbal/build/eo_zoom': CMAKE_PREFIX_PATH=${CMAKE_PREFIX_PATH}:/home/dtc/humanflow/ros2_ghadron_gimbal/install/gimbal_bringup:/home/dtc/humanflow/ros2_ghadron_gimbal/install/yolo_detection:/home/dtc/humanflow/ros2_ghadron_gimbal/install/stream_publisher:/home/dtc/humanflow/ros2_ghadron_gimbal/install/rtsp_viewer:/home/dtc/humanflow/ros2_ghadron_gimbal/install/image_viewer:/home/dtc/humanflow/ros2_ghadron_gimbal/install/human_tracking:/opt/ros/humble /usr/bin/cmake --build /home/dtc/humanflow/ros2_ghadron_gimbal/build/eo_zoom -- -j4 -l4
[0.555s] [100%] Built target eo_zoom_node
[1.242s] Invoked command in '/home/dtc/humanflow/ros2_ghadron_gimbal/build/eo_zoom' returned '0': CMAKE_PREFIX_PATH=${CMAKE_PREFIX_PATH}:/home/dtc/humanflow/ros2_ghadron_gimbal/install/gimbal_bringup:/home/dtc/humanflow/ros2_ghadron_gimbal/install/yolo_detection:/home/dtc/humanflow/ros2_ghadron_gimbal/install/stream_publisher:/home/dtc/humanflow/ros2_ghadron_gimbal/install/rtsp_viewer:/home/dtc/humanflow/ros2_ghadron_gimbal/install/image_viewer:/home/dtc/humanflow/ros2_ghadron_gimbal/install/human_tracking:/opt/ros/humble /usr/bin/cmake --build /home/dtc/humanflow/ros2_ghadron_gimbal/build/eo_zoom -- -j4 -l4
[1.258s] Invoking command in '/home/dtc/humanflow/ros2_ghadron_gimbal/build/eo_zoom': CMAKE_PREFIX_PATH=${CMAKE_PREFIX_PATH}:/home/dtc/humanflow/ros2_ghadron_gimbal/install/gimbal_bringup:/home/dtc/humanflow/ros2_ghadron_gimbal/install/yolo_detection:/home/dtc/humanflow/ros2_ghadron_gimbal/install/stream_publisher:/home/dtc/humanflow/ros2_ghadron_gimbal/install/rtsp_viewer:/home/dtc/humanflow/ros2_ghadron_gimbal/install/image_viewer:/home/dtc/humanflow/ros2_ghadron_gimbal/install/human_tracking:/opt/ros/humble /usr/bin/cmake --install /home/dtc/humanflow/ros2_ghadron_gimbal/build/eo_zoom
[1.334s] -- Install configuration: "Debug"
[1.334s] -- Up-to-date: /home/dtc/humanflow/ros2_ghadron_gimbal/install/eo_zoom/lib/eo_zoom/eo_zoom_node
[1.334s] -- Up-to-date: /home/dtc/humanflow/ros2_ghadron_gimbal/install/eo_zoom/share/ament_index/resource_index/package_run_dependencies/eo_zoom
[1.334s] -- Up-to-date: /home/dtc/humanflow/ros2_ghadron_gimbal/install/eo_zoom/share/ament_index/resource_index/parent_prefix_path/eo_zoom
[1.334s] -- Up-to-date: /home/dtc/humanflow/ros2_ghadron_gimbal/install/eo_zoom/share/eo_zoom/environment/ament_prefix_path.sh
[1.335s] -- Up-to-date: /home/dtc/humanflow/ros2_ghadron_gimbal/install/eo_zoom/share/eo_zoom/environment/ament_prefix_path.dsv
[1.337s] -- Up-to-date: /home/dtc/humanflow/ros2_ghadron_gimbal/install/eo_zoom/share/eo_zoom/environment/path.sh
[1.337s] -- Up-to-date: /home/dtc/humanflow/ros2_ghadron_gimbal/install/eo_zoom/share/eo_zoom/environment/path.dsv
[1.337s] -- Up-to-date: /home/dtc/humanflow/ros2_ghadron_gimbal/install/eo_zoom/share/eo_zoom/local_setup.bash
[1.337s] -- Up-to-date: /home/dtc/humanflow/ros2_ghadron_gimbal/install/eo_zoom/share/eo_zoom/local_setup.sh
[1.337s] -- Up-to-date: /home/dtc/humanflow/ros2_ghadron_gimbal/install/eo_zoom/share/eo_zoom/local_setup.zsh
[1.338s] -- Up-to-date: /home/dtc/humanflow/ros2_ghadron_gimbal/install/eo_zoom/share/eo_zoom/local_setup.dsv
[1.340s] -- Installing: /home/dtc/humanflow/ros2_ghadron_gimbal/install/eo_zoom/share/eo_zoom/package.dsv
[1.341s] -- Up-to-date: /home/dtc/humanflow/ros2_ghadron_gimbal/install/eo_zoom/share/ament_index/resource_index/packages/eo_zoom
[1.341s] -- Up-to-date: /home/dtc/humanflow/ros2_ghadron_gimbal/install/eo_zoom/share/eo_zoom/cmake/eo_zoomConfig.cmake
[1.341s] -- Up-to-date: /home/dtc/humanflow/ros2_ghadron_gimbal/install/eo_zoom/share/eo_zoom/cmake/eo_zoomConfig-version.cmake
[1.341s] -- Up-to-date: /home/dtc/humanflow/ros2_ghadron_gimbal/install/eo_zoom/share/eo_zoom/package.xml
[1.662s] Invoked command in '/home/dtc/humanflow/ros2_ghadron_gimbal/build/eo_zoom' returned '0': CMAKE_PREFIX_PATH=${CMAKE_PREFIX_PATH}:/home/dtc/humanflow/ros2_ghadron_gimbal/install/gimbal_bringup:/home/dtc/humanflow/ros2_ghadron_gimbal/install/yolo_detection:/home/dtc/humanflow/ros2_ghadron_gimbal/install/stream_publisher:/home/dtc/humanflow/ros2_ghadron_gimbal/install/rtsp_viewer:/home/dtc/humanflow/ros2_ghadron_gimbal/install/image_viewer:/home/dtc/humanflow/ros2_ghadron_gimbal/install/human_tracking:/opt/ros/humble /usr/bin/cmake --install /home/dtc/humanflow/ros2_ghadron_gimbal/build/eo_zoom
