[1.209s] Invoking command in '/home/dtc/humanflow/ros2_ghadron_gimbal/src/gimbal_bringup': AMENT_PREFIX_PATH=/home/dtc/humanflow/ros2_ghadron_gimbal/install/yolo_detection:/home/dtc/humanflow/ros2_ghadron_gimbal/install/human_tracking:/home/dtc/humanflow/ros2_ghadron_gimbal/install/gimbal_status:/home/dtc/humanflow/ros2_ghadron_gimbal/install/gimbal_angle_control:/home/dtc/humanflow/ros2_ghadron_gimbal/install/eo_zoom:${AMENT_PREFIX_PATH} CMAKE_PREFIX_PATH=/home/dtc/humanflow/ros2_ghadron_gimbal/install/gimbal_status:/home/dtc/humanflow/ros2_ghadron_gimbal/install/gimbal_angle_control:/home/dtc/humanflow/ros2_ghadron_gimbal/install/eo_zoom PYTHONPATH=/home/dtc/humanflow/ros2_ghadron_gimbal/build/gimbal_bringup/prefix_override:/usr/lib/python3/dist-packages/colcon_core/task/python/colcon_distutils_commands:/home/dtc/humanflow/ros2_ghadron_gimbal/install/gimbal_bringup/lib/python3.10/site-packages:/home/dtc/humanflow/ros2_ghadron_gimbal/install/yolo_detection/lib/python3.10/site-packages:/home/dtc/humanflow/ros2_ghadron_gimbal/install/human_tracking/lib/python3.10/site-packages:${PYTHONPATH} /usr/bin/python3 -W ignore:setup.py install is deprecated -W ignore:easy_install command is deprecated setup.py egg_info --egg-base ../../build/gimbal_bringup build --build-base /home/dtc/humanflow/ros2_ghadron_gimbal/build/gimbal_bringup/build install --record /home/dtc/humanflow/ros2_ghadron_gimbal/build/gimbal_bringup/install.log --single-version-externally-managed install_data
[1.629s] running egg_info
[1.630s] writing ../../build/gimbal_bringup/gimbal_bringup.egg-info/PKG-INFO
[1.630s] writing dependency_links to ../../build/gimbal_bringup/gimbal_bringup.egg-info/dependency_links.txt
[1.631s] writing entry points to ../../build/gimbal_bringup/gimbal_bringup.egg-info/entry_points.txt
[1.631s] writing requirements to ../../build/gimbal_bringup/gimbal_bringup.egg-info/requires.txt
[1.631s] writing top-level names to ../../build/gimbal_bringup/gimbal_bringup.egg-info/top_level.txt
[1.635s] reading manifest file '../../build/gimbal_bringup/gimbal_bringup.egg-info/SOURCES.txt'
[1.636s] writing manifest file '../../build/gimbal_bringup/gimbal_bringup.egg-info/SOURCES.txt'
[1.637s] running build
[1.637s] running build_py
[1.637s] running install
[1.641s] running install_lib
[1.644s] running install_data
[1.644s] running install_egg_info
[1.648s] removing '/home/dtc/humanflow/ros2_ghadron_gimbal/install/gimbal_bringup/lib/python3.10/site-packages/gimbal_bringup-0.0.1-py3.10.egg-info' (and everything under it)
[1.649s] Copying ../../build/gimbal_bringup/gimbal_bringup.egg-info to /home/dtc/humanflow/ros2_ghadron_gimbal/install/gimbal_bringup/lib/python3.10/site-packages/gimbal_bringup-0.0.1-py3.10.egg-info
[1.651s] running install_scripts
[1.695s] writing list of installed files to '/home/dtc/humanflow/ros2_ghadron_gimbal/build/gimbal_bringup/install.log'
[1.765s] Invoked command in '/home/dtc/humanflow/ros2_ghadron_gimbal/src/gimbal_bringup' returned '0': AMENT_PREFIX_PATH=/home/dtc/humanflow/ros2_ghadron_gimbal/install/yolo_detection:/home/dtc/humanflow/ros2_ghadron_gimbal/install/human_tracking:/home/dtc/humanflow/ros2_ghadron_gimbal/install/gimbal_status:/home/dtc/humanflow/ros2_ghadron_gimbal/install/gimbal_angle_control:/home/dtc/humanflow/ros2_ghadron_gimbal/install/eo_zoom:${AMENT_PREFIX_PATH} CMAKE_PREFIX_PATH=/home/dtc/humanflow/ros2_ghadron_gimbal/install/gimbal_status:/home/dtc/humanflow/ros2_ghadron_gimbal/install/gimbal_angle_control:/home/dtc/humanflow/ros2_ghadron_gimbal/install/eo_zoom PYTHONPATH=/home/dtc/humanflow/ros2_ghadron_gimbal/build/gimbal_bringup/prefix_override:/usr/lib/python3/dist-packages/colcon_core/task/python/colcon_distutils_commands:/home/dtc/humanflow/ros2_ghadron_gimbal/install/gimbal_bringup/lib/python3.10/site-packages:/home/dtc/humanflow/ros2_ghadron_gimbal/install/yolo_detection/lib/python3.10/site-packages:/home/dtc/humanflow/ros2_ghadron_gimbal/install/human_tracking/lib/python3.10/site-packages:${PYTHONPATH} /usr/bin/python3 -W ignore:setup.py install is deprecated -W ignore:easy_install command is deprecated setup.py egg_info --egg-base ../../build/gimbal_bringup build --build-base /home/dtc/humanflow/ros2_ghadron_gimbal/build/gimbal_bringup/build install --record /home/dtc/humanflow/ros2_ghadron_gimbal/build/gimbal_bringup/install.log --single-version-externally-managed install_data
