[1.865s] Invoking command in '/home/dtc/humanflow/ros2_ghadron_gimbal/src/stream_publisher': PYTHONPATH=/home/dtc/humanflow/ros2_ghadron_gimbal/build/stream_publisher/prefix_override:/usr/lib/python3/dist-packages/colcon_core/task/python/colcon_distutils_commands:/home/dtc/humanflow/ros2_ghadron_gimbal/install/stream_publisher/lib/python3.10/site-packages:${PYTHONPATH} /usr/bin/python3 -W ignore:setup.py install is deprecated -W ignore:easy_install command is deprecated setup.py egg_info --egg-base ../../build/stream_publisher build --build-base /home/dtc/humanflow/ros2_ghadron_gimbal/build/stream_publisher/build install --record /home/dtc/humanflow/ros2_ghadron_gimbal/build/stream_publisher/install.log --single-version-externally-managed install_data
[2.314s] running egg_info
[2.315s] writing ../../build/stream_publisher/stream_publisher.egg-info/PKG-INFO
[2.318s] writing dependency_links to ../../build/stream_publisher/stream_publisher.egg-info/dependency_links.txt
[2.318s] writing entry points to ../../build/stream_publisher/stream_publisher.egg-info/entry_points.txt
[2.318s] writing requirements to ../../build/stream_publisher/stream_publisher.egg-info/requires.txt
[2.318s] writing top-level names to ../../build/stream_publisher/stream_publisher.egg-info/top_level.txt
[2.320s] reading manifest file '../../build/stream_publisher/stream_publisher.egg-info/SOURCES.txt'
[2.322s] writing manifest file '../../build/stream_publisher/stream_publisher.egg-info/SOURCES.txt'
[2.324s] running build
[2.324s] running build_py
[2.324s] running install
[2.325s] running install_lib
[2.327s] running install_data
[2.327s] running install_egg_info
[2.331s] removing '/home/dtc/humanflow/ros2_ghadron_gimbal/install/stream_publisher/lib/python3.10/site-packages/stream_publisher-0.0.1-py3.10.egg-info' (and everything under it)
[2.332s] Copying ../../build/stream_publisher/stream_publisher.egg-info to /home/dtc/humanflow/ros2_ghadron_gimbal/install/stream_publisher/lib/python3.10/site-packages/stream_publisher-0.0.1-py3.10.egg-info
[2.334s] running install_scripts
[2.381s] Installing stream_node script to /home/dtc/humanflow/ros2_ghadron_gimbal/install/stream_publisher/lib/stream_publisher
[2.383s] writing list of installed files to '/home/dtc/humanflow/ros2_ghadron_gimbal/build/stream_publisher/install.log'
[2.490s] Invoked command in '/home/dtc/humanflow/ros2_ghadron_gimbal/src/stream_publisher' returned '0': PYTHONPATH=/home/dtc/humanflow/ros2_ghadron_gimbal/build/stream_publisher/prefix_override:/usr/lib/python3/dist-packages/colcon_core/task/python/colcon_distutils_commands:/home/dtc/humanflow/ros2_ghadron_gimbal/install/stream_publisher/lib/python3.10/site-packages:${PYTHONPATH} /usr/bin/python3 -W ignore:setup.py install is deprecated -W ignore:easy_install command is deprecated setup.py egg_info --egg-base ../../build/stream_publisher build --build-base /home/dtc/humanflow/ros2_ghadron_gimbal/build/stream_publisher/build install --record /home/dtc/humanflow/ros2_ghadron_gimbal/build/stream_publisher/install.log --single-version-externally-managed install_data
