[0.043s] Invoking command in '/home/dtc-mrsd/Downloads/ros2_ghadron_gimbal/build/gimbal_status': CMAKE_PREFIX_PATH=/opt/ros/humble /usr/bin/cmake --build /home/dtc-mrsd/Downloads/ros2_ghadron_gimbal/build/gimbal_status -- -j12 -l12
[0.930s] -- Found ament_cmake: 1.3.11 (/opt/ros/humble/share/ament_cmake/cmake)
[0.930s] -- Found rclcpp: 16.0.11 (/opt/ros/humble/share/rclcpp/cmake)
[0.930s] -- Found rosidl_generator_c: 3.1.6 (/opt/ros/humble/share/rosidl_generator_c/cmake)
[0.930s] -- Found rosidl_adapter: 3.1.6 (/opt/ros/humble/share/rosidl_adapter/cmake)
[0.930s] -- Found rosidl_generator_cpp: 3.1.6 (/opt/ros/humble/share/rosidl_generator_cpp/cmake)
[0.931s] -- Using all available rosidl_typesupport_c: rosidl_typesupport_fastrtps_c;rosidl_typesupport_introspection_c
[0.931s] -- Using all available rosidl_typesupport_cpp: rosidl_typesupport_fastrtps_cpp;rosidl_typesupport_introspection_cpp
[0.931s] -- Found rmw_implementation_cmake: 6.1.2 (/opt/ros/humble/share/rmw_implementation_cmake/cmake)
[0.931s] -- Found rmw_fastrtps_cpp: 6.2.7 (/opt/ros/humble/share/rmw_fastrtps_cpp/cmake)
[0.931s] -- Using RMW implementation 'rmw_fastrtps_cpp' as default
[0.931s] -- Found geometry_msgs: 4.2.4 (/opt/ros/humble/share/geometry_msgs/cmake)
[0.931s] -- Found ament_lint_auto: 0.12.11 (/opt/ros/humble/share/ament_lint_auto/cmake)
[0.931s] [0mCMake Error: The current CMakeCache.txt directory /home/dtc-mrsd/Downloads/ros2_ghadron_gimbal/build/gimbal_status/CMakeCache.txt is different than the directory /home/dtc-mrsd/Downloads/ros2_gimbal_ws/build/gimbal_status where CMakeCache.txt was created. This may result in binaries being created in the wrong place. If you are not sure, reedit the CMakeCache.txt[0m
[0.931s] [0m-- GHADRON: 1[0m
[0.999s] -- Added test 'cppcheck' to perform static code analysis on C / C++ code
[1.000s] -- Configured cppcheck include dirs: /home/dtc-mrsd/Downloads/ros2_gimbal_ws/src/gimbal_status/include;/home/dtc-mrsd/Downloads/ros2_gimbal_ws/src/gimbal_status/../PayloadSdk/libs;/home/dtc-mrsd/Downloads/ros2_gimbal_ws/src/gimbal_status/../PayloadSdk/libs/x86_64;/home/dtc-mrsd/Downloads/ros2_gimbal_ws/src/gimbal_status/../PayloadSdk/libs/x86_64/payload-define;/home/dtc-mrsd/Downloads/ros2_gimbal_ws/src/gimbal_status/../PayloadSdk/libs/third-party/mavlink/include;/home/dtc-mrsd/Downloads/ros2_gimbal_ws/src/gimbal_status/../PayloadSdk/libs/gSDK/src/mavlink/include/mavlink/v2.0;/home/dtc-mrsd/Downloads/ros2_gimbal_ws/src/gimbal_status/../PayloadSdk/libs/gSDK/src
[1.000s] -- Configured cppcheck exclude dirs and/or files: 
[1.000s] -- Added test 'lint_cmake' to check CMake code style
[1.001s] -- Added test 'uncrustify' to check C / C++ code style
[1.001s] -- Configured uncrustify additional arguments: 
[1.002s] -- Added test 'xmllint' to check XML markup files
[1.003s] -- Configuring done
[1.013s] -- Generating done
[1.017s] -- Build files have been written to: /home/dtc-mrsd/Downloads/ros2_gimbal_ws/build/gimbal_status
[1.050s] [35m[1mConsolidate compiler generated dependencies of target gimbal_status_node[0m
[1.068s] [100%] Built target gimbal_status_node
[1.247s] Invoked command in '/home/dtc-mrsd/Downloads/ros2_ghadron_gimbal/build/gimbal_status' returned '0': CMAKE_PREFIX_PATH=/opt/ros/humble /usr/bin/cmake --build /home/dtc-mrsd/Downloads/ros2_ghadron_gimbal/build/gimbal_status -- -j12 -l12
[1.259s] Invoking command in '/home/dtc-mrsd/Downloads/ros2_ghadron_gimbal/build/gimbal_status': CMAKE_PREFIX_PATH=/opt/ros/humble /usr/bin/cmake --install /home/dtc-mrsd/Downloads/ros2_ghadron_gimbal/build/gimbal_status
[1.272s] -- Install configuration: "Debug"
[1.272s] -- Up-to-date: /home/dtc-mrsd/Downloads/ros2_gimbal_ws/install/gimbal_status/lib/gimbal_status/gimbal_status_node
[1.272s] -- Up-to-date: /home/dtc-mrsd/Downloads/ros2_gimbal_ws/install/gimbal_status/share/ament_index/resource_index/package_run_dependencies/gimbal_status
[1.272s] -- Installing: /home/dtc-mrsd/Downloads/ros2_gimbal_ws/install/gimbal_status/share/ament_index/resource_index/parent_prefix_path/gimbal_status
[1.272s] -- Up-to-date: /home/dtc-mrsd/Downloads/ros2_gimbal_ws/install/gimbal_status/share/gimbal_status/environment/ament_prefix_path.sh
[1.272s] -- Installing: /home/dtc-mrsd/Downloads/ros2_gimbal_ws/install/gimbal_status/share/gimbal_status/environment/ament_prefix_path.dsv
[1.272s] -- Up-to-date: /home/dtc-mrsd/Downloads/ros2_gimbal_ws/install/gimbal_status/share/gimbal_status/environment/path.sh
[1.273s] -- Installing: /home/dtc-mrsd/Downloads/ros2_gimbal_ws/install/gimbal_status/share/gimbal_status/environment/path.dsv
[1.273s] -- Up-to-date: /home/dtc-mrsd/Downloads/ros2_gimbal_ws/install/gimbal_status/share/gimbal_status/local_setup.bash
[1.273s] -- Up-to-date: /home/dtc-mrsd/Downloads/ros2_gimbal_ws/install/gimbal_status/share/gimbal_status/local_setup.sh
[1.273s] -- Up-to-date: /home/dtc-mrsd/Downloads/ros2_gimbal_ws/install/gimbal_status/share/gimbal_status/local_setup.zsh
[1.273s] -- Installing: /home/dtc-mrsd/Downloads/ros2_gimbal_ws/install/gimbal_status/share/gimbal_status/local_setup.dsv
[1.273s] -- Installing: /home/dtc-mrsd/Downloads/ros2_gimbal_ws/install/gimbal_status/share/gimbal_status/package.dsv
[1.273s] -- Up-to-date: /home/dtc-mrsd/Downloads/ros2_gimbal_ws/install/gimbal_status/share/ament_index/resource_index/packages/gimbal_status
[1.274s] -- Up-to-date: /home/dtc-mrsd/Downloads/ros2_gimbal_ws/install/gimbal_status/share/gimbal_status/cmake/gimbal_statusConfig.cmake
[1.274s] -- Up-to-date: /home/dtc-mrsd/Downloads/ros2_gimbal_ws/install/gimbal_status/share/gimbal_status/cmake/gimbal_statusConfig-version.cmake
[1.274s] -- Up-to-date: /home/dtc-mrsd/Downloads/ros2_gimbal_ws/install/gimbal_status/share/gimbal_status/package.xml
[1.277s] Invoked command in '/home/dtc-mrsd/Downloads/ros2_ghadron_gimbal/build/gimbal_status' returned '0': CMAKE_PREFIX_PATH=/opt/ros/humble /usr/bin/cmake --install /home/dtc-mrsd/Downloads/ros2_ghadron_gimbal/build/gimbal_status
