-- The C compiler identification is GNU 11.4.0
-- The CXX compiler identification is GNU 11.4.0
-- Detecting C compiler ABI info
-- Detecting C compiler ABI info - done
-- Check for working C compiler: /usr/bin/cc - skipped
-- Detecting C compile features
-- Detecting C compile features - done
-- Detecting CXX compiler ABI info
-- Detecting CXX compiler ABI info - done
-- Check for working CXX compiler: /usr/bin/c++ - skipped
-- Detecting CXX compile features
-- Detecting CXX compile features - done
-- Found ament_cmake: 1.3.11 (/opt/ros/humble/share/ament_cmake/cmake)
-- Found Python3: /usr/bin/python3 (found version "3.10.12") found components: Interpreter 
-- Found rclcpp: 16.0.11 (/opt/ros/humble/share/rclcpp/cmake)
-- Found rosidl_generator_c: 3.1.6 (/opt/ros/humble/share/rosidl_generator_c/cmake)
-- Found rosidl_adapter: 3.1.6 (/opt/ros/humble/share/rosidl_adapter/cmake)
-- Found rosidl_generator_cpp: 3.1.6 (/opt/ros/humble/share/rosidl_generator_cpp/cmake)
-- Using all available rosidl_typesupport_c: rosidl_typesupport_fastrtps_c;rosidl_typesupport_introspection_c
-- Using all available rosidl_typesupport_cpp: rosidl_typesupport_fastrtps_cpp;rosidl_typesupport_introspection_cpp
-- Found rmw_implementation_cmake: 6.1.2 (/opt/ros/humble/share/rmw_implementation_cmake/cmake)
-- Found rmw_fastrtps_cpp: 6.2.7 (/opt/ros/humble/share/rmw_fastrtps_cpp/cmake)
-- Found OpenSSL: /usr/lib/aarch64-linux-gnu/libcrypto.so (found version "3.0.2")  
-- Found FastRTPS: /opt/ros/humble/include  
-- Using RMW implementation 'rmw_fastrtps_cpp' as default
-- Looking for pthread.h
-- Looking for pthread.h - found
-- Performing Test CMAKE_HAVE_LIBC_PTHREAD
-- Performing Test CMAKE_HAVE_LIBC_PTHREAD - Success
-- Found Threads: TRUE  
-- Found ament_lint_auto: 0.12.11 (/opt/ros/humble/share/ament_lint_auto/cmake)
-- Added test 'cppcheck' to perform static code analysis on C / C++ code
-- Configured cppcheck include dirs: /home/dtc/humanflow/ros2_ghadron_gimbal/src/ir_zoom/include;/home/dtc/humanflow/ros2_ghadron_gimbal/src/ir_zoom/../PayloadSdk/libs;/home/dtc/humanflow/ros2_ghadron_gimbal/src/ir_zoom/../PayloadSdk/libs/aarch64;/home/dtc/humanflow/ros2_ghadron_gimbal/src/ir_zoom/../PayloadSdk/libs/aarch64/payload-define;/home/dtc/humanflow/ros2_ghadron_gimbal/src/ir_zoom/../PayloadSdk/libs/third-party/mavlink/include;/home/dtc/humanflow/ros2_ghadron_gimbal/src/ir_zoom/../PayloadSdk/libs/gSDK/src/mavlink/include/mavlink/v2.0;/home/dtc/humanflow/ros2_ghadron_gimbal/src/ir_zoom/../PayloadSdk/libs/gSDK/src
-- Configured cppcheck exclude dirs and/or files: 
-- Added test 'lint_cmake' to check CMake code style
-- Added test 'uncrustify' to check C / C++ code style
-- Configured uncrustify additional arguments: 
-- Added test 'xmllint' to check XML markup files
-- Configuring done
-- Generating done
-- Build files have been written to: /home/dtc/humanflow/ros2_ghadron_gimbal/build/ir_zoom
[ 50%] [32mBuilding CXX object CMakeFiles/ir_zoom_node.dir/src/ir_zoom_node.cpp.o[0m
[100%] [32m[1mLinking CXX executable ir_zoom_node[0m
[100%] Built target ir_zoom_node
-- Install configuration: "Debug"
-- Installing: /home/dtc/humanflow/ros2_ghadron_gimbal/install/ir_zoom/lib/ir_zoom/ir_zoom_node
-- Set runtime path of "/home/dtc/humanflow/ros2_ghadron_gimbal/install/ir_zoom/lib/ir_zoom/ir_zoom_node" to ""
-- Installing: /home/dtc/humanflow/ros2_ghadron_gimbal/install/ir_zoom/share/ament_index/resource_index/package_run_dependencies/ir_zoom
-- Installing: /home/dtc/humanflow/ros2_ghadron_gimbal/install/ir_zoom/share/ament_index/resource_index/parent_prefix_path/ir_zoom
-- Installing: /home/dtc/humanflow/ros2_ghadron_gimbal/install/ir_zoom/share/ir_zoom/environment/ament_prefix_path.sh
-- Installing: /home/dtc/humanflow/ros2_ghadron_gimbal/install/ir_zoom/share/ir_zoom/environment/ament_prefix_path.dsv
-- Installing: /home/dtc/humanflow/ros2_ghadron_gimbal/install/ir_zoom/share/ir_zoom/environment/path.sh
-- Installing: /home/dtc/humanflow/ros2_ghadron_gimbal/install/ir_zoom/share/ir_zoom/environment/path.dsv
-- Installing: /home/dtc/humanflow/ros2_ghadron_gimbal/install/ir_zoom/share/ir_zoom/local_setup.bash
-- Installing: /home/dtc/humanflow/ros2_ghadron_gimbal/install/ir_zoom/share/ir_zoom/local_setup.sh
-- Installing: /home/dtc/humanflow/ros2_ghadron_gimbal/install/ir_zoom/share/ir_zoom/local_setup.zsh
-- Installing: /home/dtc/humanflow/ros2_ghadron_gimbal/install/ir_zoom/share/ir_zoom/local_setup.dsv
-- Installing: /home/dtc/humanflow/ros2_ghadron_gimbal/install/ir_zoom/share/ir_zoom/package.dsv
-- Installing: /home/dtc/humanflow/ros2_ghadron_gimbal/install/ir_zoom/share/ament_index/resource_index/packages/ir_zoom
-- Installing: /home/dtc/humanflow/ros2_ghadron_gimbal/install/ir_zoom/share/ir_zoom/cmake/ir_zoomConfig.cmake
-- Installing: /home/dtc/humanflow/ros2_ghadron_gimbal/install/ir_zoom/share/ir_zoom/cmake/ir_zoomConfig-version.cmake
-- Installing: /home/dtc/humanflow/ros2_ghadron_gimbal/install/ir_zoom/share/ir_zoom/package.xml
