[1.799s] Invoking command in '/home/dtc-mrsd/Downloads/ros2_ghadron_gimbal/src/stream_publisher': PYTHONPATH=/home/dtc-mrsd/Downloads/ros2_ghadron_gimbal/build/stream_publisher/prefix_override:/usr/lib/python3/dist-packages/colcon_core/task/python/colcon_distutils_commands:/home/dtc-mrsd/Downloads/ros2_ghadron_gimbal/install/stream_publisher/lib/python3.10/site-packages:${PYTHONPATH} /usr/bin/python3 -W ignore:setup.py install is deprecated -W ignore:easy_install command is deprecated setup.py egg_info --egg-base ../../build/stream_publisher build --build-base /home/dtc-mrsd/Downloads/ros2_ghadron_gimbal/build/stream_publisher/build install --record /home/dtc-mrsd/Downloads/ros2_ghadron_gimbal/build/stream_publisher/install.log --single-version-externally-managed install_data
[2.192s] running egg_info
[2.193s] writing ../../build/stream_publisher/stream_publisher.egg-info/PKG-INFO
[2.193s] writing dependency_links to ../../build/stream_publisher/stream_publisher.egg-info/dependency_links.txt
[2.193s] writing entry points to ../../build/stream_publisher/stream_publisher.egg-info/entry_points.txt
[2.193s] writing requirements to ../../build/stream_publisher/stream_publisher.egg-info/requires.txt
[2.193s] writing top-level names to ../../build/stream_publisher/stream_publisher.egg-info/top_level.txt
[2.198s] reading manifest file '../../build/stream_publisher/stream_publisher.egg-info/SOURCES.txt'
[2.199s] writing manifest file '../../build/stream_publisher/stream_publisher.egg-info/SOURCES.txt'
[2.199s] running build
[2.199s] running build_py
[2.200s] running install
[2.200s] running install_lib
[2.202s] running install_data
[2.202s] running install_egg_info
[2.205s] removing '/home/dtc-mrsd/Downloads/ros2_ghadron_gimbal/install/stream_publisher/lib/python3.10/site-packages/stream_publisher-0.0.1-py3.10.egg-info' (and everything under it)
[2.205s] Copying ../../build/stream_publisher/stream_publisher.egg-info to /home/dtc-mrsd/Downloads/ros2_ghadron_gimbal/install/stream_publisher/lib/python3.10/site-packages/stream_publisher-0.0.1-py3.10.egg-info
[2.206s] running install_scripts
[2.228s] Installing stream_node script to /home/dtc-mrsd/Downloads/ros2_ghadron_gimbal/install/stream_publisher/lib/stream_publisher
[2.229s] writing list of installed files to '/home/dtc-mrsd/Downloads/ros2_ghadron_gimbal/build/stream_publisher/install.log'
[2.250s] Invoked command in '/home/dtc-mrsd/Downloads/ros2_ghadron_gimbal/src/stream_publisher' returned '0': PYTHONPATH=/home/dtc-mrsd/Downloads/ros2_ghadron_gimbal/build/stream_publisher/prefix_override:/usr/lib/python3/dist-packages/colcon_core/task/python/colcon_distutils_commands:/home/dtc-mrsd/Downloads/ros2_ghadron_gimbal/install/stream_publisher/lib/python3.10/site-packages:${PYTHONPATH} /usr/bin/python3 -W ignore:setup.py install is deprecated -W ignore:easy_install command is deprecated setup.py egg_info --egg-base ../../build/stream_publisher build --build-base /home/dtc-mrsd/Downloads/ros2_ghadron_gimbal/build/stream_publisher/build install --record /home/dtc-mrsd/Downloads/ros2_ghadron_gimbal/build/stream_publisher/install.log --single-version-externally-managed install_data
