[1.799s] Invoking command in '/home/dtc-mrsd/Downloads/ros2_gimbal_ws/src/image_viewer': PYTHONPATH=/home/dtc-mrsd/Downloads/ros2_gimbal_ws/build/image_viewer/prefix_override:/usr/lib/python3/dist-packages/colcon_core/task/python/colcon_distutils_commands:/home/dtc-mrsd/Downloads/ros2_gimbal_ws/install/image_viewer/lib/python3.10/site-packages:${PYTHONPATH} /usr/bin/python3 -W ignore:setup.py install is deprecated -W ignore:easy_install command is deprecated setup.py egg_info --egg-base ../../build/image_viewer build --build-base /home/dtc-mrsd/Downloads/ros2_gimbal_ws/build/image_viewer/build install --record /home/dtc-mrsd/Downloads/ros2_gimbal_ws/build/image_viewer/install.log --single-version-externally-managed install_data
[2.186s] running egg_info
[2.187s] writing ../../build/image_viewer/image_viewer.egg-info/PKG-INFO
[2.187s] writing dependency_links to ../../build/image_viewer/image_viewer.egg-info/dependency_links.txt
[2.188s] writing entry points to ../../build/image_viewer/image_viewer.egg-info/entry_points.txt
[2.188s] writing requirements to ../../build/image_viewer/image_viewer.egg-info/requires.txt
[2.188s] writing top-level names to ../../build/image_viewer/image_viewer.egg-info/top_level.txt
[2.192s] reading manifest file '../../build/image_viewer/image_viewer.egg-info/SOURCES.txt'
[2.193s] writing manifest file '../../build/image_viewer/image_viewer.egg-info/SOURCES.txt'
[2.193s] running build
[2.193s] running build_py
[2.193s] running install
[2.194s] running install_lib
[2.196s] running install_data
[2.196s] running install_egg_info
[2.198s] removing '/home/dtc-mrsd/Downloads/ros2_gimbal_ws/install/image_viewer/lib/python3.10/site-packages/image_viewer-0.0.0-py3.10.egg-info' (and everything under it)
[2.198s] Copying ../../build/image_viewer/image_viewer.egg-info to /home/dtc-mrsd/Downloads/ros2_gimbal_ws/install/image_viewer/lib/python3.10/site-packages/image_viewer-0.0.0-py3.10.egg-info
[2.199s] running install_scripts
[2.223s] Installing image_viewer_node script to /home/dtc-mrsd/Downloads/ros2_gimbal_ws/install/image_viewer/lib/image_viewer
[2.224s] writing list of installed files to '/home/dtc-mrsd/Downloads/ros2_gimbal_ws/build/image_viewer/install.log'
[2.265s] Invoked command in '/home/dtc-mrsd/Downloads/ros2_gimbal_ws/src/image_viewer' returned '0': PYTHONPATH=/home/dtc-mrsd/Downloads/ros2_gimbal_ws/build/image_viewer/prefix_override:/usr/lib/python3/dist-packages/colcon_core/task/python/colcon_distutils_commands:/home/dtc-mrsd/Downloads/ros2_gimbal_ws/install/image_viewer/lib/python3.10/site-packages:${PYTHONPATH} /usr/bin/python3 -W ignore:setup.py install is deprecated -W ignore:easy_install command is deprecated setup.py egg_info --egg-base ../../build/image_viewer build --build-base /home/dtc-mrsd/Downloads/ros2_gimbal_ws/build/image_viewer/build install --record /home/dtc-mrsd/Downloads/ros2_gimbal_ws/build/image_viewer/install.log --single-version-externally-managed install_data
