[0.278s] DEBUG:colcon:Command line arguments: ['/usr/bin/colcon', 'build', '--cmake-args', '-DGHADRON=1']
[0.279s] DEBUG:colcon:Parsed command line arguments: Namespace(log_base=None, log_level=None, verb_name='build', build_base='build', install_base='install', merge_install=False, symlink_install=False, test_result_base=None, continue_on_error=False, executor='parallel', parallel_workers=4, event_handlers=None, ignore_user_meta=False, metas=['./colcon.meta'], base_paths=['.'], packages_ignore=None, packages_ignore_regex=None, paths=None, packages_up_to=None, packages_up_to_regex=None, packages_above=None, packages_above_and_dependencies=None, packages_above_depth=None, packages_select_by_dep=None, packages_skip_by_dep=None, packages_skip_up_to=None, packages_select_build_failed=False, packages_skip_build_finished=False, packages_select_test_failures=False, packages_skip_test_passed=False, packages_select=None, packages_skip=None, packages_select_regex=None, packages_skip_regex=None, packages_start=None, packages_end=None, cmake_args=['-DGHADRON=1'], cmake_target=None, cmake_target_skip_unavailable=False, cmake_clean_cache=False, cmake_clean_first=False, cmake_force_configure=False, ament_cmake_args=None, catkin_cmake_args=None, catkin_skip_building_tests=False, mixin_files=None, mixin=None, verb_parser=<colcon_mixin.mixin.mixin_argument.MixinArgumentDecorator object at 0xffff8999aad0>, verb_extension=<colcon_core.verb.build.BuildVerb object at 0xffff89b57a00>, main=<bound method BuildVerb.main of <colcon_core.verb.build.BuildVerb object at 0xffff89b57a00>>, mixin_verb=('build',))
[0.560s] Level 1:colcon.colcon_core.package_discovery:discover_packages(colcon_meta) check parameters
[0.562s] INFO:colcon.colcon_metadata.package_discovery.colcon_meta:Using configuration from '/root/.colcon/metadata/default/Gazebo.meta'
[0.563s] INFO:colcon.colcon_metadata.package_discovery.colcon_meta:Using configuration from '/root/.colcon/metadata/default/fastrtps.meta'
[0.564s] Level 1:colcon.colcon_core.package_discovery:discover_packages(recursive) check parameters
[0.564s] Level 1:colcon.colcon_core.package_discovery:discover_packages(ignore) check parameters
[0.564s] Level 1:colcon.colcon_core.package_discovery:discover_packages(path) check parameters
[0.564s] Level 1:colcon.colcon_core.package_discovery:discover_packages(colcon_meta) discover
[0.564s] Level 1:colcon.colcon_core.package_discovery:discover_packages(recursive) discover
[0.564s] INFO:colcon.colcon_core.package_discovery:Crawling recursively for packages in '/home/dtc/humanflow/ros2_ghadron_gimbal'
[0.564s] Level 1:colcon.colcon_core.package_identification:_identify(.) by extensions ['ignore', 'ignore_ament_install']
[0.565s] Level 1:colcon.colcon_core.package_identification:_identify(.) by extension 'ignore'
[0.565s] Level 1:colcon.colcon_core.package_identification:_identify(.) by extension 'ignore_ament_install'
[0.565s] Level 1:colcon.colcon_core.package_identification:_identify(.) by extensions ['colcon_pkg']
[0.565s] Level 1:colcon.colcon_core.package_identification:_identify(.) by extension 'colcon_pkg'
[0.565s] Level 1:colcon.colcon_core.package_identification:_identify(.) by extensions ['colcon_meta']
[0.565s] Level 1:colcon.colcon_core.package_identification:_identify(.) by extension 'colcon_meta'
[0.565s] Level 1:colcon.colcon_core.package_identification:_identify(.) by extensions ['ros']
[0.566s] Level 1:colcon.colcon_core.package_identification:_identify(.) by extension 'ros'
[0.589s] Level 1:colcon.colcon_core.package_identification:_identify(.) by extensions ['cmake', 'python']
[0.590s] Level 1:colcon.colcon_core.package_identification:_identify(.) by extension 'cmake'
[0.590s] Level 1:colcon.colcon_core.package_identification:_identify(.) by extension 'python'
[0.590s] Level 1:colcon.colcon_core.package_identification:_identify(.) by extensions ['python_setup_py']
[0.590s] Level 1:colcon.colcon_core.package_identification:_identify(.) by extension 'python_setup_py'
[0.590s] Level 1:colcon.colcon_core.package_identification:_identify(build) by extensions ['ignore', 'ignore_ament_install']
[0.591s] Level 1:colcon.colcon_core.package_identification:_identify(build) by extension 'ignore'
[0.591s] Level 1:colcon.colcon_core.package_identification:_identify(build) ignored
[0.591s] Level 1:colcon.colcon_core.package_identification:_identify(dockers) by extensions ['ignore', 'ignore_ament_install']
[0.591s] Level 1:colcon.colcon_core.package_identification:_identify(dockers) by extension 'ignore'
[0.591s] Level 1:colcon.colcon_core.package_identification:_identify(dockers) by extension 'ignore_ament_install'
[0.592s] Level 1:colcon.colcon_core.package_identification:_identify(dockers) by extensions ['colcon_pkg']
[0.592s] Level 1:colcon.colcon_core.package_identification:_identify(dockers) by extension 'colcon_pkg'
[0.592s] Level 1:colcon.colcon_core.package_identification:_identify(dockers) by extensions ['colcon_meta']
[0.592s] Level 1:colcon.colcon_core.package_identification:_identify(dockers) by extension 'colcon_meta'
[0.592s] Level 1:colcon.colcon_core.package_identification:_identify(dockers) by extensions ['ros']
[0.592s] Level 1:colcon.colcon_core.package_identification:_identify(dockers) by extension 'ros'
[0.592s] Level 1:colcon.colcon_core.package_identification:_identify(dockers) by extensions ['cmake', 'python']
[0.592s] Level 1:colcon.colcon_core.package_identification:_identify(dockers) by extension 'cmake'
[0.592s] Level 1:colcon.colcon_core.package_identification:_identify(dockers) by extension 'python'
[0.592s] Level 1:colcon.colcon_core.package_identification:_identify(dockers) by extensions ['python_setup_py']
[0.593s] Level 1:colcon.colcon_core.package_identification:_identify(dockers) by extension 'python_setup_py'
[0.593s] Level 1:colcon.colcon_core.package_identification:_identify(install) by extensions ['ignore', 'ignore_ament_install']
[0.593s] Level 1:colcon.colcon_core.package_identification:_identify(install) by extension 'ignore'
[0.593s] Level 1:colcon.colcon_core.package_identification:_identify(install) ignored
[0.593s] Level 1:colcon.colcon_core.package_identification:_identify(log) by extensions ['ignore', 'ignore_ament_install']
[0.594s] Level 1:colcon.colcon_core.package_identification:_identify(log) by extension 'ignore'
[0.594s] Level 1:colcon.colcon_core.package_identification:_identify(log) ignored
[0.594s] Level 1:colcon.colcon_core.package_identification:_identify(mcap_recording) by extensions ['ignore', 'ignore_ament_install']
[0.594s] Level 1:colcon.colcon_core.package_identification:_identify(mcap_recording) by extension 'ignore'
[0.594s] Level 1:colcon.colcon_core.package_identification:_identify(mcap_recording) by extension 'ignore_ament_install'
[0.594s] Level 1:colcon.colcon_core.package_identification:_identify(mcap_recording) by extensions ['colcon_pkg']
[0.594s] Level 1:colcon.colcon_core.package_identification:_identify(mcap_recording) by extension 'colcon_pkg'
[0.594s] Level 1:colcon.colcon_core.package_identification:_identify(mcap_recording) by extensions ['colcon_meta']
[0.595s] Level 1:colcon.colcon_core.package_identification:_identify(mcap_recording) by extension 'colcon_meta'
[0.595s] Level 1:colcon.colcon_core.package_identification:_identify(mcap_recording) by extensions ['ros']
[0.595s] Level 1:colcon.colcon_core.package_identification:_identify(mcap_recording) by extension 'ros'
[0.595s] Level 1:colcon.colcon_core.package_identification:_identify(mcap_recording) by extensions ['cmake', 'python']
[0.595s] Level 1:colcon.colcon_core.package_identification:_identify(mcap_recording) by extension 'cmake'
[0.595s] Level 1:colcon.colcon_core.package_identification:_identify(mcap_recording) by extension 'python'
[0.595s] Level 1:colcon.colcon_core.package_identification:_identify(mcap_recording) by extensions ['python_setup_py']
[0.595s] Level 1:colcon.colcon_core.package_identification:_identify(mcap_recording) by extension 'python_setup_py'
[0.595s] Level 1:colcon.colcon_core.package_identification:_identify(mcap_recording/2025-02-27) by extensions ['ignore', 'ignore_ament_install']
[0.596s] Level 1:colcon.colcon_core.package_identification:_identify(mcap_recording/2025-02-27) by extension 'ignore'
[0.596s] Level 1:colcon.colcon_core.package_identification:_identify(mcap_recording/2025-02-27) by extension 'ignore_ament_install'
[0.596s] Level 1:colcon.colcon_core.package_identification:_identify(mcap_recording/2025-02-27) by extensions ['colcon_pkg']
[0.596s] Level 1:colcon.colcon_core.package_identification:_identify(mcap_recording/2025-02-27) by extension 'colcon_pkg'
[0.596s] Level 1:colcon.colcon_core.package_identification:_identify(mcap_recording/2025-02-27) by extensions ['colcon_meta']
[0.596s] Level 1:colcon.colcon_core.package_identification:_identify(mcap_recording/2025-02-27) by extension 'colcon_meta'
[0.596s] Level 1:colcon.colcon_core.package_identification:_identify(mcap_recording/2025-02-27) by extensions ['ros']
[0.596s] Level 1:colcon.colcon_core.package_identification:_identify(mcap_recording/2025-02-27) by extension 'ros'
[0.597s] Level 1:colcon.colcon_core.package_identification:_identify(mcap_recording/2025-02-27) by extensions ['cmake', 'python']
[0.597s] Level 1:colcon.colcon_core.package_identification:_identify(mcap_recording/2025-02-27) by extension 'cmake'
[0.597s] Level 1:colcon.colcon_core.package_identification:_identify(mcap_recording/2025-02-27) by extension 'python'
[0.597s] Level 1:colcon.colcon_core.package_identification:_identify(mcap_recording/2025-02-27) by extensions ['python_setup_py']
[0.597s] Level 1:colcon.colcon_core.package_identification:_identify(mcap_recording/2025-02-27) by extension 'python_setup_py'
[0.597s] Level 1:colcon.colcon_core.package_identification:_identify(src) by extensions ['ignore', 'ignore_ament_install']
[0.597s] Level 1:colcon.colcon_core.package_identification:_identify(src) by extension 'ignore'
[0.597s] Level 1:colcon.colcon_core.package_identification:_identify(src) by extension 'ignore_ament_install'
[0.598s] Level 1:colcon.colcon_core.package_identification:_identify(src) by extensions ['colcon_pkg']
[0.598s] Level 1:colcon.colcon_core.package_identification:_identify(src) by extension 'colcon_pkg'
[0.598s] Level 1:colcon.colcon_core.package_identification:_identify(src) by extensions ['colcon_meta']
[0.598s] Level 1:colcon.colcon_core.package_identification:_identify(src) by extension 'colcon_meta'
[0.598s] Level 1:colcon.colcon_core.package_identification:_identify(src) by extensions ['ros']
[0.598s] Level 1:colcon.colcon_core.package_identification:_identify(src) by extension 'ros'
[0.598s] Level 1:colcon.colcon_core.package_identification:_identify(src) by extensions ['cmake', 'python']
[0.598s] Level 1:colcon.colcon_core.package_identification:_identify(src) by extension 'cmake'
[0.598s] Level 1:colcon.colcon_core.package_identification:_identify(src) by extension 'python'
[0.598s] Level 1:colcon.colcon_core.package_identification:_identify(src) by extensions ['python_setup_py']
[0.598s] Level 1:colcon.colcon_core.package_identification:_identify(src) by extension 'python_setup_py'
[0.599s] Level 1:colcon.colcon_core.package_identification:_identify(src/PayloadSdk) by extensions ['ignore', 'ignore_ament_install']
[0.599s] Level 1:colcon.colcon_core.package_identification:_identify(src/PayloadSdk) by extension 'ignore'
[0.599s] Level 1:colcon.colcon_core.package_identification:_identify(src/PayloadSdk) by extension 'ignore_ament_install'
[0.599s] Level 1:colcon.colcon_core.package_identification:_identify(src/PayloadSdk) by extensions ['colcon_pkg']
[0.599s] Level 1:colcon.colcon_core.package_identification:_identify(src/PayloadSdk) by extension 'colcon_pkg'
[0.599s] Level 1:colcon.colcon_core.package_identification:_identify(src/PayloadSdk) by extensions ['colcon_meta']
[0.599s] Level 1:colcon.colcon_core.package_identification:_identify(src/PayloadSdk) by extension 'colcon_meta'
[0.600s] Level 1:colcon.colcon_core.package_identification:_identify(src/PayloadSdk) by extensions ['ros']
[0.600s] Level 1:colcon.colcon_core.package_identification:_identify(src/PayloadSdk) by extension 'ros'
[0.600s] Level 1:colcon.colcon_core.package_identification:_identify(src/PayloadSdk) by extensions ['cmake', 'python']
[0.600s] Level 1:colcon.colcon_core.package_identification:_identify(src/PayloadSdk) by extension 'cmake'
[0.617s] Level 1:colcon.colcon_core.package_identification:_identify(src/PayloadSdk) by extension 'python'
[0.617s] DEBUG:colcon.colcon_core.package_identification:Package 'src/PayloadSdk' with type 'cmake' and name 'PayloadSDK'
[0.617s] Level 1:colcon.colcon_core.package_identification:_identify(src/eo_zoom) by extensions ['ignore', 'ignore_ament_install']
[0.618s] Level 1:colcon.colcon_core.package_identification:_identify(src/eo_zoom) by extension 'ignore'
[0.618s] Level 1:colcon.colcon_core.package_identification:_identify(src/eo_zoom) by extension 'ignore_ament_install'
[0.618s] Level 1:colcon.colcon_core.package_identification:_identify(src/eo_zoom) by extensions ['colcon_pkg']
[0.618s] Level 1:colcon.colcon_core.package_identification:_identify(src/eo_zoom) by extension 'colcon_pkg'
[0.618s] Level 1:colcon.colcon_core.package_identification:_identify(src/eo_zoom) by extensions ['colcon_meta']
[0.618s] Level 1:colcon.colcon_core.package_identification:_identify(src/eo_zoom) by extension 'colcon_meta'
[0.618s] Level 1:colcon.colcon_core.package_identification:_identify(src/eo_zoom) by extensions ['ros']
[0.618s] Level 1:colcon.colcon_core.package_identification:_identify(src/eo_zoom) by extension 'ros'
[0.623s] DEBUG:colcon.colcon_core.package_identification:Package 'src/eo_zoom' with type 'ros.ament_cmake' and name 'eo_zoom'
[0.624s] Level 1:colcon.colcon_core.package_identification:_identify(src/gimbal_angle_control) by extensions ['ignore', 'ignore_ament_install']
[0.624s] Level 1:colcon.colcon_core.package_identification:_identify(src/gimbal_angle_control) by extension 'ignore'
[0.624s] Level 1:colcon.colcon_core.package_identification:_identify(src/gimbal_angle_control) by extension 'ignore_ament_install'
[0.624s] Level 1:colcon.colcon_core.package_identification:_identify(src/gimbal_angle_control) by extensions ['colcon_pkg']
[0.624s] Level 1:colcon.colcon_core.package_identification:_identify(src/gimbal_angle_control) by extension 'colcon_pkg'
[0.625s] Level 1:colcon.colcon_core.package_identification:_identify(src/gimbal_angle_control) by extensions ['colcon_meta']
[0.625s] Level 1:colcon.colcon_core.package_identification:_identify(src/gimbal_angle_control) by extension 'colcon_meta'
[0.625s] Level 1:colcon.colcon_core.package_identification:_identify(src/gimbal_angle_control) by extensions ['ros']
[0.625s] Level 1:colcon.colcon_core.package_identification:_identify(src/gimbal_angle_control) by extension 'ros'
[0.626s] DEBUG:colcon.colcon_core.package_identification:Package 'src/gimbal_angle_control' with type 'ros.ament_cmake' and name 'gimbal_angle_control'
[0.626s] Level 1:colcon.colcon_core.package_identification:_identify(src/gimbal_bringup) by extensions ['ignore', 'ignore_ament_install']
[0.627s] Level 1:colcon.colcon_core.package_identification:_identify(src/gimbal_bringup) by extension 'ignore'
[0.627s] Level 1:colcon.colcon_core.package_identification:_identify(src/gimbal_bringup) by extension 'ignore_ament_install'
[0.627s] Level 1:colcon.colcon_core.package_identification:_identify(src/gimbal_bringup) by extensions ['colcon_pkg']
[0.627s] Level 1:colcon.colcon_core.package_identification:_identify(src/gimbal_bringup) by extension 'colcon_pkg'
[0.627s] Level 1:colcon.colcon_core.package_identification:_identify(src/gimbal_bringup) by extensions ['colcon_meta']
[0.627s] Level 1:colcon.colcon_core.package_identification:_identify(src/gimbal_bringup) by extension 'colcon_meta'
[0.627s] Level 1:colcon.colcon_core.package_identification:_identify(src/gimbal_bringup) by extensions ['ros']
[0.627s] Level 1:colcon.colcon_core.package_identification:_identify(src/gimbal_bringup) by extension 'ros'
[0.629s] DEBUG:colcon.colcon_core.package_identification:Package 'src/gimbal_bringup' with type 'ros.ament_python' and name 'gimbal_bringup'
[0.629s] Level 1:colcon.colcon_core.package_identification:_identify(src/gimbal_status) by extensions ['ignore', 'ignore_ament_install']
[0.629s] Level 1:colcon.colcon_core.package_identification:_identify(src/gimbal_status) by extension 'ignore'
[0.629s] Level 1:colcon.colcon_core.package_identification:_identify(src/gimbal_status) by extension 'ignore_ament_install'
[0.630s] Level 1:colcon.colcon_core.package_identification:_identify(src/gimbal_status) by extensions ['colcon_pkg']
[0.630s] Level 1:colcon.colcon_core.package_identification:_identify(src/gimbal_status) by extension 'colcon_pkg'
[0.630s] Level 1:colcon.colcon_core.package_identification:_identify(src/gimbal_status) by extensions ['colcon_meta']
[0.630s] Level 1:colcon.colcon_core.package_identification:_identify(src/gimbal_status) by extension 'colcon_meta'
[0.630s] Level 1:colcon.colcon_core.package_identification:_identify(src/gimbal_status) by extensions ['ros']
[0.630s] Level 1:colcon.colcon_core.package_identification:_identify(src/gimbal_status) by extension 'ros'
[0.631s] DEBUG:colcon.colcon_core.package_identification:Package 'src/gimbal_status' with type 'ros.ament_cmake' and name 'gimbal_status'
[0.631s] Level 1:colcon.colcon_core.package_identification:_identify(src/human_tracking) by extensions ['ignore', 'ignore_ament_install']
[0.632s] Level 1:colcon.colcon_core.package_identification:_identify(src/human_tracking) by extension 'ignore'
[0.632s] Level 1:colcon.colcon_core.package_identification:_identify(src/human_tracking) by extension 'ignore_ament_install'
[0.632s] Level 1:colcon.colcon_core.package_identification:_identify(src/human_tracking) by extensions ['colcon_pkg']
[0.632s] Level 1:colcon.colcon_core.package_identification:_identify(src/human_tracking) by extension 'colcon_pkg'
[0.632s] Level 1:colcon.colcon_core.package_identification:_identify(src/human_tracking) by extensions ['colcon_meta']
[0.632s] Level 1:colcon.colcon_core.package_identification:_identify(src/human_tracking) by extension 'colcon_meta'
[0.632s] Level 1:colcon.colcon_core.package_identification:_identify(src/human_tracking) by extensions ['ros']
[0.632s] Level 1:colcon.colcon_core.package_identification:_identify(src/human_tracking) by extension 'ros'
[0.634s] DEBUG:colcon.colcon_core.package_identification:Package 'src/human_tracking' with type 'ros.ament_python' and name 'human_tracking'
[0.634s] Level 1:colcon.colcon_core.package_identification:_identify(src/image_viewer) by extensions ['ignore', 'ignore_ament_install']
[0.634s] Level 1:colcon.colcon_core.package_identification:_identify(src/image_viewer) by extension 'ignore'
[0.634s] Level 1:colcon.colcon_core.package_identification:_identify(src/image_viewer) by extension 'ignore_ament_install'
[0.634s] Level 1:colcon.colcon_core.package_identification:_identify(src/image_viewer) by extensions ['colcon_pkg']
[0.634s] Level 1:colcon.colcon_core.package_identification:_identify(src/image_viewer) by extension 'colcon_pkg'
[0.634s] Level 1:colcon.colcon_core.package_identification:_identify(src/image_viewer) by extensions ['colcon_meta']
[0.635s] Level 1:colcon.colcon_core.package_identification:_identify(src/image_viewer) by extension 'colcon_meta'
[0.635s] Level 1:colcon.colcon_core.package_identification:_identify(src/image_viewer) by extensions ['ros']
[0.635s] Level 1:colcon.colcon_core.package_identification:_identify(src/image_viewer) by extension 'ros'
[0.636s] DEBUG:colcon.colcon_core.package_identification:Package 'src/image_viewer' with type 'ros.ament_python' and name 'image_viewer'
[0.637s] Level 1:colcon.colcon_core.package_identification:_identify(src/stream_publisher) by extensions ['ignore', 'ignore_ament_install']
[0.637s] Level 1:colcon.colcon_core.package_identification:_identify(src/stream_publisher) by extension 'ignore'
[0.637s] Level 1:colcon.colcon_core.package_identification:_identify(src/stream_publisher) by extension 'ignore_ament_install'
[0.637s] Level 1:colcon.colcon_core.package_identification:_identify(src/stream_publisher) by extensions ['colcon_pkg']
[0.637s] Level 1:colcon.colcon_core.package_identification:_identify(src/stream_publisher) by extension 'colcon_pkg'
[0.637s] Level 1:colcon.colcon_core.package_identification:_identify(src/stream_publisher) by extensions ['colcon_meta']
[0.638s] Level 1:colcon.colcon_core.package_identification:_identify(src/stream_publisher) by extension 'colcon_meta'
[0.638s] Level 1:colcon.colcon_core.package_identification:_identify(src/stream_publisher) by extensions ['ros']
[0.638s] Level 1:colcon.colcon_core.package_identification:_identify(src/stream_publisher) by extension 'ros'
[0.639s] DEBUG:colcon.colcon_core.package_identification:Package 'src/stream_publisher' with type 'ros.ament_python' and name 'stream_publisher'
[0.639s] Level 1:colcon.colcon_core.package_identification:_identify(src/yolo_detection) by extensions ['ignore', 'ignore_ament_install']
[0.640s] Level 1:colcon.colcon_core.package_identification:_identify(src/yolo_detection) by extension 'ignore'
[0.640s] Level 1:colcon.colcon_core.package_identification:_identify(src/yolo_detection) by extension 'ignore_ament_install'
[0.640s] Level 1:colcon.colcon_core.package_identification:_identify(src/yolo_detection) by extensions ['colcon_pkg']
[0.640s] Level 1:colcon.colcon_core.package_identification:_identify(src/yolo_detection) by extension 'colcon_pkg'
[0.640s] Level 1:colcon.colcon_core.package_identification:_identify(src/yolo_detection) by extensions ['colcon_meta']
[0.640s] Level 1:colcon.colcon_core.package_identification:_identify(src/yolo_detection) by extension 'colcon_meta'
[0.640s] Level 1:colcon.colcon_core.package_identification:_identify(src/yolo_detection) by extensions ['ros']
[0.640s] Level 1:colcon.colcon_core.package_identification:_identify(src/yolo_detection) by extension 'ros'
[0.645s] DEBUG:colcon.colcon_core.package_identification:Package 'src/yolo_detection' with type 'ros.ament_python' and name 'yolo_detection'
[0.645s] Level 1:colcon.colcon_core.package_discovery:discover_packages(recursive) using defaults
[0.645s] Level 1:colcon.colcon_core.package_discovery:discover_packages(ignore) discover
[0.645s] Level 1:colcon.colcon_core.package_discovery:discover_packages(ignore) using defaults
[0.645s] Level 1:colcon.colcon_core.package_discovery:discover_packages(path) discover
[0.645s] Level 1:colcon.colcon_core.package_discovery:discover_packages(path) using defaults
[0.692s] Level 5:colcon.colcon_core.verb:set package 'PayloadSDK' build argument 'cmake_args' from command line to '['-DGHADRON=1']'
[0.693s] Level 5:colcon.colcon_core.verb:set package 'PayloadSDK' build argument 'cmake_target' from command line to 'None'
[0.693s] Level 5:colcon.colcon_core.verb:set package 'PayloadSDK' build argument 'cmake_target_skip_unavailable' from command line to 'False'
[0.693s] Level 5:colcon.colcon_core.verb:set package 'PayloadSDK' build argument 'cmake_clean_cache' from command line to 'False'
[0.693s] Level 5:colcon.colcon_core.verb:set package 'PayloadSDK' build argument 'cmake_clean_first' from command line to 'False'
[0.693s] Level 5:colcon.colcon_core.verb:set package 'PayloadSDK' build argument 'cmake_force_configure' from command line to 'False'
[0.693s] Level 5:colcon.colcon_core.verb:set package 'PayloadSDK' build argument 'ament_cmake_args' from command line to 'None'
[0.693s] Level 5:colcon.colcon_core.verb:set package 'PayloadSDK' build argument 'catkin_cmake_args' from command line to 'None'
[0.693s] Level 5:colcon.colcon_core.verb:set package 'PayloadSDK' build argument 'catkin_skip_building_tests' from command line to 'False'
[0.693s] DEBUG:colcon.colcon_core.verb:Building package 'PayloadSDK' with the following arguments: {'ament_cmake_args': None, 'build_base': '/home/dtc/humanflow/ros2_ghadron_gimbal/build/PayloadSDK', 'catkin_cmake_args': None, 'catkin_skip_building_tests': False, 'cmake_args': ['-DGHADRON=1'], 'cmake_clean_cache': False, 'cmake_clean_first': False, 'cmake_force_configure': False, 'cmake_target': None, 'cmake_target_skip_unavailable': False, 'install_base': '/home/dtc/humanflow/ros2_ghadron_gimbal/install/PayloadSDK', 'merge_install': False, 'path': '/home/dtc/humanflow/ros2_ghadron_gimbal/src/PayloadSdk', 'symlink_install': False, 'test_result_base': None}
[0.694s] Level 5:colcon.colcon_core.verb:set package 'eo_zoom' build argument 'cmake_args' from command line to '['-DGHADRON=1']'
[0.694s] Level 5:colcon.colcon_core.verb:set package 'eo_zoom' build argument 'cmake_target' from command line to 'None'
[0.694s] Level 5:colcon.colcon_core.verb:set package 'eo_zoom' build argument 'cmake_target_skip_unavailable' from command line to 'False'
[0.694s] Level 5:colcon.colcon_core.verb:set package 'eo_zoom' build argument 'cmake_clean_cache' from command line to 'False'
[0.694s] Level 5:colcon.colcon_core.verb:set package 'eo_zoom' build argument 'cmake_clean_first' from command line to 'False'
[0.694s] Level 5:colcon.colcon_core.verb:set package 'eo_zoom' build argument 'cmake_force_configure' from command line to 'False'
[0.694s] Level 5:colcon.colcon_core.verb:set package 'eo_zoom' build argument 'ament_cmake_args' from command line to 'None'
[0.694s] Level 5:colcon.colcon_core.verb:set package 'eo_zoom' build argument 'catkin_cmake_args' from command line to 'None'
[0.695s] Level 5:colcon.colcon_core.verb:set package 'eo_zoom' build argument 'catkin_skip_building_tests' from command line to 'False'
[0.695s] DEBUG:colcon.colcon_core.verb:Building package 'eo_zoom' with the following arguments: {'ament_cmake_args': None, 'build_base': '/home/dtc/humanflow/ros2_ghadron_gimbal/build/eo_zoom', 'catkin_cmake_args': None, 'catkin_skip_building_tests': False, 'cmake_args': ['-DGHADRON=1'], 'cmake_clean_cache': False, 'cmake_clean_first': False, 'cmake_force_configure': False, 'cmake_target': None, 'cmake_target_skip_unavailable': False, 'install_base': '/home/dtc/humanflow/ros2_ghadron_gimbal/install/eo_zoom', 'merge_install': False, 'path': '/home/dtc/humanflow/ros2_ghadron_gimbal/src/eo_zoom', 'symlink_install': False, 'test_result_base': None}
[0.695s] Level 5:colcon.colcon_core.verb:set package 'gimbal_angle_control' build argument 'cmake_args' from command line to '['-DGHADRON=1']'
[0.696s] Level 5:colcon.colcon_core.verb:set package 'gimbal_angle_control' build argument 'cmake_target' from command line to 'None'
[0.696s] Level 5:colcon.colcon_core.verb:set package 'gimbal_angle_control' build argument 'cmake_target_skip_unavailable' from command line to 'False'
[0.696s] Level 5:colcon.colcon_core.verb:set package 'gimbal_angle_control' build argument 'cmake_clean_cache' from command line to 'False'
[0.696s] Level 5:colcon.colcon_core.verb:set package 'gimbal_angle_control' build argument 'cmake_clean_first' from command line to 'False'
[0.696s] Level 5:colcon.colcon_core.verb:set package 'gimbal_angle_control' build argument 'cmake_force_configure' from command line to 'False'
[0.696s] Level 5:colcon.colcon_core.verb:set package 'gimbal_angle_control' build argument 'ament_cmake_args' from command line to 'None'
[0.696s] Level 5:colcon.colcon_core.verb:set package 'gimbal_angle_control' build argument 'catkin_cmake_args' from command line to 'None'
[0.696s] Level 5:colcon.colcon_core.verb:set package 'gimbal_angle_control' build argument 'catkin_skip_building_tests' from command line to 'False'
[0.696s] DEBUG:colcon.colcon_core.verb:Building package 'gimbal_angle_control' with the following arguments: {'ament_cmake_args': None, 'build_base': '/home/dtc/humanflow/ros2_ghadron_gimbal/build/gimbal_angle_control', 'catkin_cmake_args': None, 'catkin_skip_building_tests': False, 'cmake_args': ['-DGHADRON=1'], 'cmake_clean_cache': False, 'cmake_clean_first': False, 'cmake_force_configure': False, 'cmake_target': None, 'cmake_target_skip_unavailable': False, 'install_base': '/home/dtc/humanflow/ros2_ghadron_gimbal/install/gimbal_angle_control', 'merge_install': False, 'path': '/home/dtc/humanflow/ros2_ghadron_gimbal/src/gimbal_angle_control', 'symlink_install': False, 'test_result_base': None}
[0.697s] Level 5:colcon.colcon_core.verb:set package 'gimbal_status' build argument 'cmake_args' from command line to '['-DGHADRON=1']'
[0.697s] Level 5:colcon.colcon_core.verb:set package 'gimbal_status' build argument 'cmake_target' from command line to 'None'
[0.697s] Level 5:colcon.colcon_core.verb:set package 'gimbal_status' build argument 'cmake_target_skip_unavailable' from command line to 'False'
[0.697s] Level 5:colcon.colcon_core.verb:set package 'gimbal_status' build argument 'cmake_clean_cache' from command line to 'False'
[0.697s] Level 5:colcon.colcon_core.verb:set package 'gimbal_status' build argument 'cmake_clean_first' from command line to 'False'
[0.697s] Level 5:colcon.colcon_core.verb:set package 'gimbal_status' build argument 'cmake_force_configure' from command line to 'False'
[0.697s] Level 5:colcon.colcon_core.verb:set package 'gimbal_status' build argument 'ament_cmake_args' from command line to 'None'
[0.697s] Level 5:colcon.colcon_core.verb:set package 'gimbal_status' build argument 'catkin_cmake_args' from command line to 'None'
[0.697s] Level 5:colcon.colcon_core.verb:set package 'gimbal_status' build argument 'catkin_skip_building_tests' from command line to 'False'
[0.697s] DEBUG:colcon.colcon_core.verb:Building package 'gimbal_status' with the following arguments: {'ament_cmake_args': None, 'build_base': '/home/dtc/humanflow/ros2_ghadron_gimbal/build/gimbal_status', 'catkin_cmake_args': None, 'catkin_skip_building_tests': False, 'cmake_args': ['-DGHADRON=1'], 'cmake_clean_cache': False, 'cmake_clean_first': False, 'cmake_force_configure': False, 'cmake_target': None, 'cmake_target_skip_unavailable': False, 'install_base': '/home/dtc/humanflow/ros2_ghadron_gimbal/install/gimbal_status', 'merge_install': False, 'path': '/home/dtc/humanflow/ros2_ghadron_gimbal/src/gimbal_status', 'symlink_install': False, 'test_result_base': None}
[0.698s] Level 5:colcon.colcon_core.verb:set package 'human_tracking' build argument 'cmake_args' from command line to '['-DGHADRON=1']'
[0.698s] Level 5:colcon.colcon_core.verb:set package 'human_tracking' build argument 'cmake_target' from command line to 'None'
[0.698s] Level 5:colcon.colcon_core.verb:set package 'human_tracking' build argument 'cmake_target_skip_unavailable' from command line to 'False'
[0.698s] Level 5:colcon.colcon_core.verb:set package 'human_tracking' build argument 'cmake_clean_cache' from command line to 'False'
[0.698s] Level 5:colcon.colcon_core.verb:set package 'human_tracking' build argument 'cmake_clean_first' from command line to 'False'
[0.698s] Level 5:colcon.colcon_core.verb:set package 'human_tracking' build argument 'cmake_force_configure' from command line to 'False'
[0.698s] Level 5:colcon.colcon_core.verb:set package 'human_tracking' build argument 'ament_cmake_args' from command line to 'None'
[0.698s] Level 5:colcon.colcon_core.verb:set package 'human_tracking' build argument 'catkin_cmake_args' from command line to 'None'
[0.699s] Level 5:colcon.colcon_core.verb:set package 'human_tracking' build argument 'catkin_skip_building_tests' from command line to 'False'
[0.699s] DEBUG:colcon.colcon_core.verb:Building package 'human_tracking' with the following arguments: {'ament_cmake_args': None, 'build_base': '/home/dtc/humanflow/ros2_ghadron_gimbal/build/human_tracking', 'catkin_cmake_args': None, 'catkin_skip_building_tests': False, 'cmake_args': ['-DGHADRON=1'], 'cmake_clean_cache': False, 'cmake_clean_first': False, 'cmake_force_configure': False, 'cmake_target': None, 'cmake_target_skip_unavailable': False, 'install_base': '/home/dtc/humanflow/ros2_ghadron_gimbal/install/human_tracking', 'merge_install': False, 'path': '/home/dtc/humanflow/ros2_ghadron_gimbal/src/human_tracking', 'symlink_install': False, 'test_result_base': None}
[0.699s] Level 5:colcon.colcon_core.verb:set package 'image_viewer' build argument 'cmake_args' from command line to '['-DGHADRON=1']'
[0.699s] Level 5:colcon.colcon_core.verb:set package 'image_viewer' build argument 'cmake_target' from command line to 'None'
[0.699s] Level 5:colcon.colcon_core.verb:set package 'image_viewer' build argument 'cmake_target_skip_unavailable' from command line to 'False'
[0.700s] Level 5:colcon.colcon_core.verb:set package 'image_viewer' build argument 'cmake_clean_cache' from command line to 'False'
[0.700s] Level 5:colcon.colcon_core.verb:set package 'image_viewer' build argument 'cmake_clean_first' from command line to 'False'
[0.700s] Level 5:colcon.colcon_core.verb:set package 'image_viewer' build argument 'cmake_force_configure' from command line to 'False'
[0.700s] Level 5:colcon.colcon_core.verb:set package 'image_viewer' build argument 'ament_cmake_args' from command line to 'None'
[0.700s] Level 5:colcon.colcon_core.verb:set package 'image_viewer' build argument 'catkin_cmake_args' from command line to 'None'
[0.700s] Level 5:colcon.colcon_core.verb:set package 'image_viewer' build argument 'catkin_skip_building_tests' from command line to 'False'
[0.700s] DEBUG:colcon.colcon_core.verb:Building package 'image_viewer' with the following arguments: {'ament_cmake_args': None, 'build_base': '/home/dtc/humanflow/ros2_ghadron_gimbal/build/image_viewer', 'catkin_cmake_args': None, 'catkin_skip_building_tests': False, 'cmake_args': ['-DGHADRON=1'], 'cmake_clean_cache': False, 'cmake_clean_first': False, 'cmake_force_configure': False, 'cmake_target': None, 'cmake_target_skip_unavailable': False, 'install_base': '/home/dtc/humanflow/ros2_ghadron_gimbal/install/image_viewer', 'merge_install': False, 'path': '/home/dtc/humanflow/ros2_ghadron_gimbal/src/image_viewer', 'symlink_install': False, 'test_result_base': None}
[0.701s] Level 5:colcon.colcon_core.verb:set package 'stream_publisher' build argument 'cmake_args' from command line to '['-DGHADRON=1']'
[0.701s] Level 5:colcon.colcon_core.verb:set package 'stream_publisher' build argument 'cmake_target' from command line to 'None'
[0.701s] Level 5:colcon.colcon_core.verb:set package 'stream_publisher' build argument 'cmake_target_skip_unavailable' from command line to 'False'
[0.701s] Level 5:colcon.colcon_core.verb:set package 'stream_publisher' build argument 'cmake_clean_cache' from command line to 'False'
[0.701s] Level 5:colcon.colcon_core.verb:set package 'stream_publisher' build argument 'cmake_clean_first' from command line to 'False'
[0.701s] Level 5:colcon.colcon_core.verb:set package 'stream_publisher' build argument 'cmake_force_configure' from command line to 'False'
[0.701s] Level 5:colcon.colcon_core.verb:set package 'stream_publisher' build argument 'ament_cmake_args' from command line to 'None'
[0.701s] Level 5:colcon.colcon_core.verb:set package 'stream_publisher' build argument 'catkin_cmake_args' from command line to 'None'
[0.701s] Level 5:colcon.colcon_core.verb:set package 'stream_publisher' build argument 'catkin_skip_building_tests' from command line to 'False'
[0.701s] DEBUG:colcon.colcon_core.verb:Building package 'stream_publisher' with the following arguments: {'ament_cmake_args': None, 'build_base': '/home/dtc/humanflow/ros2_ghadron_gimbal/build/stream_publisher', 'catkin_cmake_args': None, 'catkin_skip_building_tests': False, 'cmake_args': ['-DGHADRON=1'], 'cmake_clean_cache': False, 'cmake_clean_first': False, 'cmake_force_configure': False, 'cmake_target': None, 'cmake_target_skip_unavailable': False, 'install_base': '/home/dtc/humanflow/ros2_ghadron_gimbal/install/stream_publisher', 'merge_install': False, 'path': '/home/dtc/humanflow/ros2_ghadron_gimbal/src/stream_publisher', 'symlink_install': False, 'test_result_base': None}
[0.702s] Level 5:colcon.colcon_core.verb:set package 'yolo_detection' build argument 'cmake_args' from command line to '['-DGHADRON=1']'
[0.702s] Level 5:colcon.colcon_core.verb:set package 'yolo_detection' build argument 'cmake_target' from command line to 'None'
[0.702s] Level 5:colcon.colcon_core.verb:set package 'yolo_detection' build argument 'cmake_target_skip_unavailable' from command line to 'False'
[0.702s] Level 5:colcon.colcon_core.verb:set package 'yolo_detection' build argument 'cmake_clean_cache' from command line to 'False'
[0.702s] Level 5:colcon.colcon_core.verb:set package 'yolo_detection' build argument 'cmake_clean_first' from command line to 'False'
[0.702s] Level 5:colcon.colcon_core.verb:set package 'yolo_detection' build argument 'cmake_force_configure' from command line to 'False'
[0.702s] Level 5:colcon.colcon_core.verb:set package 'yolo_detection' build argument 'ament_cmake_args' from command line to 'None'
[0.702s] Level 5:colcon.colcon_core.verb:set package 'yolo_detection' build argument 'catkin_cmake_args' from command line to 'None'
[0.702s] Level 5:colcon.colcon_core.verb:set package 'yolo_detection' build argument 'catkin_skip_building_tests' from command line to 'False'
[0.702s] DEBUG:colcon.colcon_core.verb:Building package 'yolo_detection' with the following arguments: {'ament_cmake_args': None, 'build_base': '/home/dtc/humanflow/ros2_ghadron_gimbal/build/yolo_detection', 'catkin_cmake_args': None, 'catkin_skip_building_tests': False, 'cmake_args': ['-DGHADRON=1'], 'cmake_clean_cache': False, 'cmake_clean_first': False, 'cmake_force_configure': False, 'cmake_target': None, 'cmake_target_skip_unavailable': False, 'install_base': '/home/dtc/humanflow/ros2_ghadron_gimbal/install/yolo_detection', 'merge_install': False, 'path': '/home/dtc/humanflow/ros2_ghadron_gimbal/src/yolo_detection', 'symlink_install': False, 'test_result_base': None}
[0.703s] Level 5:colcon.colcon_core.verb:set package 'gimbal_bringup' build argument 'cmake_args' from command line to '['-DGHADRON=1']'
[0.703s] Level 5:colcon.colcon_core.verb:set package 'gimbal_bringup' build argument 'cmake_target' from command line to 'None'
[0.703s] Level 5:colcon.colcon_core.verb:set package 'gimbal_bringup' build argument 'cmake_target_skip_unavailable' from command line to 'False'
[0.703s] Level 5:colcon.colcon_core.verb:set package 'gimbal_bringup' build argument 'cmake_clean_cache' from command line to 'False'
[0.703s] Level 5:colcon.colcon_core.verb:set package 'gimbal_bringup' build argument 'cmake_clean_first' from command line to 'False'
[0.704s] Level 5:colcon.colcon_core.verb:set package 'gimbal_bringup' build argument 'cmake_force_configure' from command line to 'False'
[0.704s] Level 5:colcon.colcon_core.verb:set package 'gimbal_bringup' build argument 'ament_cmake_args' from command line to 'None'
[0.704s] Level 5:colcon.colcon_core.verb:set package 'gimbal_bringup' build argument 'catkin_cmake_args' from command line to 'None'
[0.704s] Level 5:colcon.colcon_core.verb:set package 'gimbal_bringup' build argument 'catkin_skip_building_tests' from command line to 'False'
[0.704s] DEBUG:colcon.colcon_core.verb:Building package 'gimbal_bringup' with the following arguments: {'ament_cmake_args': None, 'build_base': '/home/dtc/humanflow/ros2_ghadron_gimbal/build/gimbal_bringup', 'catkin_cmake_args': None, 'catkin_skip_building_tests': False, 'cmake_args': ['-DGHADRON=1'], 'cmake_clean_cache': False, 'cmake_clean_first': False, 'cmake_force_configure': False, 'cmake_target': None, 'cmake_target_skip_unavailable': False, 'install_base': '/home/dtc/humanflow/ros2_ghadron_gimbal/install/gimbal_bringup', 'merge_install': False, 'path': '/home/dtc/humanflow/ros2_ghadron_gimbal/src/gimbal_bringup', 'symlink_install': False, 'test_result_base': None}
[0.704s] INFO:colcon.colcon_core.executor:Executing jobs using 'parallel' executor
[0.706s] DEBUG:colcon.colcon_parallel_executor.executor.parallel:run_until_complete
[0.707s] INFO:colcon.colcon_ros.task.ament_cmake.build:Building ROS package in '/home/dtc/humanflow/ros2_ghadron_gimbal/src/eo_zoom' with build type 'ament_cmake'
[0.707s] INFO:colcon.colcon_cmake.task.cmake.build:Building CMake package in '/home/dtc/humanflow/ros2_ghadron_gimbal/src/eo_zoom'
[0.713s] INFO:colcon.colcon_core.plugin_system:Skipping extension 'colcon_core.shell.bat': Not used on non-Windows systems
[0.714s] INFO:colcon.colcon_core.shell:Skip shell extension 'powershell' for command environment: Not usable outside of PowerShell
[0.714s] DEBUG:colcon.colcon_core.shell:Skip shell extension 'dsv' for command environment
[0.725s] INFO:colcon.colcon_ros.task.ament_cmake.build:Building ROS package in '/home/dtc/humanflow/ros2_ghadron_gimbal/src/gimbal_angle_control' with build type 'ament_cmake'
[0.725s] INFO:colcon.colcon_cmake.task.cmake.build:Building CMake package in '/home/dtc/humanflow/ros2_ghadron_gimbal/src/gimbal_angle_control'
[0.725s] INFO:colcon.colcon_core.shell:Skip shell extension 'powershell' for command environment: Not usable outside of PowerShell
[0.726s] DEBUG:colcon.colcon_core.shell:Skip shell extension 'dsv' for command environment
[0.733s] INFO:colcon.colcon_ros.task.ament_cmake.build:Building ROS package in '/home/dtc/humanflow/ros2_ghadron_gimbal/src/gimbal_status' with build type 'ament_cmake'
[0.733s] INFO:colcon.colcon_cmake.task.cmake.build:Building CMake package in '/home/dtc/humanflow/ros2_ghadron_gimbal/src/gimbal_status'
[0.734s] INFO:colcon.colcon_core.shell:Skip shell extension 'powershell' for command environment: Not usable outside of PowerShell
[0.734s] DEBUG:colcon.colcon_core.shell:Skip shell extension 'dsv' for command environment
[0.741s] INFO:colcon.colcon_ros.task.ament_python.build:Building ROS package in '/home/dtc/humanflow/ros2_ghadron_gimbal/src/human_tracking' with build type 'ament_python'
[0.742s] Level 1:colcon.colcon_core.shell:create_environment_hook('human_tracking', 'ament_prefix_path')
[0.742s] INFO:colcon.colcon_core.shell:Creating environment hook '/home/dtc/humanflow/ros2_ghadron_gimbal/install/human_tracking/share/human_tracking/hook/ament_prefix_path.ps1'
[0.744s] INFO:colcon.colcon_core.shell:Creating environment descriptor '/home/dtc/humanflow/ros2_ghadron_gimbal/install/human_tracking/share/human_tracking/hook/ament_prefix_path.dsv'
[0.745s] INFO:colcon.colcon_core.shell:Creating environment hook '/home/dtc/humanflow/ros2_ghadron_gimbal/install/human_tracking/share/human_tracking/hook/ament_prefix_path.sh'
[0.747s] INFO:colcon.colcon_core.shell:Skip shell extension 'powershell' for command environment: Not usable outside of PowerShell
[0.747s] DEBUG:colcon.colcon_core.shell:Skip shell extension 'dsv' for command environment
[0.762s] DEBUG:colcon.colcon_core.event_handler.log_command:Invoking command in '/home/dtc/humanflow/ros2_ghadron_gimbal/build/eo_zoom': CMAKE_PREFIX_PATH=${CMAKE_PREFIX_PATH}:/home/dtc/humanflow/ros2_ghadron_gimbal/install/gimbal_bringup:/home/dtc/humanflow/ros2_ghadron_gimbal/install/yolo_detection:/home/dtc/humanflow/ros2_ghadron_gimbal/install/stream_publisher:/home/dtc/humanflow/ros2_ghadron_gimbal/install/rtsp_viewer:/home/dtc/humanflow/ros2_ghadron_gimbal/install/image_viewer:/home/dtc/humanflow/ros2_ghadron_gimbal/install/human_tracking:/opt/ros/humble /usr/bin/cmake --build /home/dtc/humanflow/ros2_ghadron_gimbal/build/eo_zoom -- -j4 -l4
[0.771s] DEBUG:colcon.colcon_core.event_handler.log_command:Invoking command in '/home/dtc/humanflow/ros2_ghadron_gimbal/build/gimbal_angle_control': CMAKE_PREFIX_PATH=${CMAKE_PREFIX_PATH}:/home/dtc/humanflow/ros2_ghadron_gimbal/install/gimbal_bringup:/home/dtc/humanflow/ros2_ghadron_gimbal/install/yolo_detection:/home/dtc/humanflow/ros2_ghadron_gimbal/install/stream_publisher:/home/dtc/humanflow/ros2_ghadron_gimbal/install/rtsp_viewer:/home/dtc/humanflow/ros2_ghadron_gimbal/install/image_viewer:/home/dtc/humanflow/ros2_ghadron_gimbal/install/human_tracking:/opt/ros/humble /usr/bin/cmake --build /home/dtc/humanflow/ros2_ghadron_gimbal/build/gimbal_angle_control -- -j4 -l4
[0.774s] DEBUG:colcon.colcon_core.event_handler.log_command:Invoking command in '/home/dtc/humanflow/ros2_ghadron_gimbal/build/gimbal_status': CMAKE_PREFIX_PATH=${CMAKE_PREFIX_PATH}:/home/dtc/humanflow/ros2_ghadron_gimbal/install/gimbal_bringup:/home/dtc/humanflow/ros2_ghadron_gimbal/install/yolo_detection:/home/dtc/humanflow/ros2_ghadron_gimbal/install/stream_publisher:/home/dtc/humanflow/ros2_ghadron_gimbal/install/rtsp_viewer:/home/dtc/humanflow/ros2_ghadron_gimbal/install/image_viewer:/home/dtc/humanflow/ros2_ghadron_gimbal/install/human_tracking:/opt/ros/humble /usr/bin/cmake --build /home/dtc/humanflow/ros2_ghadron_gimbal/build/gimbal_status -- -j4 -l4
[1.292s] INFO:colcon.colcon_core.task.python.build:Building Python package in '/home/dtc/humanflow/ros2_ghadron_gimbal/src/human_tracking'
[1.293s] INFO:colcon.colcon_core.shell:Skip shell extension 'powershell' for command environment: Not usable outside of PowerShell
[1.293s] DEBUG:colcon.colcon_core.shell:Skip shell extension 'dsv' for command environment
[1.304s] DEBUG:colcon.colcon_core.event_handler.log_command:Invoked command in '/home/dtc/humanflow/ros2_ghadron_gimbal/build/gimbal_angle_control' returned '0': CMAKE_PREFIX_PATH=${CMAKE_PREFIX_PATH}:/home/dtc/humanflow/ros2_ghadron_gimbal/install/gimbal_bringup:/home/dtc/humanflow/ros2_ghadron_gimbal/install/yolo_detection:/home/dtc/humanflow/ros2_ghadron_gimbal/install/stream_publisher:/home/dtc/humanflow/ros2_ghadron_gimbal/install/rtsp_viewer:/home/dtc/humanflow/ros2_ghadron_gimbal/install/image_viewer:/home/dtc/humanflow/ros2_ghadron_gimbal/install/human_tracking:/opt/ros/humble /usr/bin/cmake --build /home/dtc/humanflow/ros2_ghadron_gimbal/build/gimbal_angle_control -- -j4 -l4
[1.324s] DEBUG:colcon.colcon_core.event_handler.log_command:Invoking command in '/home/dtc/humanflow/ros2_ghadron_gimbal/build/gimbal_angle_control': CMAKE_PREFIX_PATH=${CMAKE_PREFIX_PATH}:/home/dtc/humanflow/ros2_ghadron_gimbal/install/gimbal_bringup:/home/dtc/humanflow/ros2_ghadron_gimbal/install/yolo_detection:/home/dtc/humanflow/ros2_ghadron_gimbal/install/stream_publisher:/home/dtc/humanflow/ros2_ghadron_gimbal/install/rtsp_viewer:/home/dtc/humanflow/ros2_ghadron_gimbal/install/image_viewer:/home/dtc/humanflow/ros2_ghadron_gimbal/install/human_tracking:/opt/ros/humble /usr/bin/cmake --install /home/dtc/humanflow/ros2_ghadron_gimbal/build/gimbal_angle_control
[1.326s] DEBUG:colcon.colcon_core.event_handler.log_command:Invoked command in '/home/dtc/humanflow/ros2_ghadron_gimbal/build/gimbal_status' returned '0': CMAKE_PREFIX_PATH=${CMAKE_PREFIX_PATH}:/home/dtc/humanflow/ros2_ghadron_gimbal/install/gimbal_bringup:/home/dtc/humanflow/ros2_ghadron_gimbal/install/yolo_detection:/home/dtc/humanflow/ros2_ghadron_gimbal/install/stream_publisher:/home/dtc/humanflow/ros2_ghadron_gimbal/install/rtsp_viewer:/home/dtc/humanflow/ros2_ghadron_gimbal/install/image_viewer:/home/dtc/humanflow/ros2_ghadron_gimbal/install/human_tracking:/opt/ros/humble /usr/bin/cmake --build /home/dtc/humanflow/ros2_ghadron_gimbal/build/gimbal_status -- -j4 -l4
[1.329s] DEBUG:colcon.colcon_core.event_handler.log_command:Invoking command in '/home/dtc/humanflow/ros2_ghadron_gimbal/build/gimbal_status': CMAKE_PREFIX_PATH=${CMAKE_PREFIX_PATH}:/home/dtc/humanflow/ros2_ghadron_gimbal/install/gimbal_bringup:/home/dtc/humanflow/ros2_ghadron_gimbal/install/yolo_detection:/home/dtc/humanflow/ros2_ghadron_gimbal/install/stream_publisher:/home/dtc/humanflow/ros2_ghadron_gimbal/install/rtsp_viewer:/home/dtc/humanflow/ros2_ghadron_gimbal/install/image_viewer:/home/dtc/humanflow/ros2_ghadron_gimbal/install/human_tracking:/opt/ros/humble /usr/bin/cmake --install /home/dtc/humanflow/ros2_ghadron_gimbal/build/gimbal_status
[1.353s] Level 1:colcon.colcon_core.environment:create_environment_scripts_only(gimbal_status)
[1.358s] DEBUG:colcon.colcon_core.event_handler.log_command:Invoked command in '/home/dtc/humanflow/ros2_ghadron_gimbal/build/gimbal_status' returned '0': CMAKE_PREFIX_PATH=${CMAKE_PREFIX_PATH}:/home/dtc/humanflow/ros2_ghadron_gimbal/install/gimbal_bringup:/home/dtc/humanflow/ros2_ghadron_gimbal/install/yolo_detection:/home/dtc/humanflow/ros2_ghadron_gimbal/install/stream_publisher:/home/dtc/humanflow/ros2_ghadron_gimbal/install/rtsp_viewer:/home/dtc/humanflow/ros2_ghadron_gimbal/install/image_viewer:/home/dtc/humanflow/ros2_ghadron_gimbal/install/human_tracking:/opt/ros/humble /usr/bin/cmake --install /home/dtc/humanflow/ros2_ghadron_gimbal/build/gimbal_status
[1.360s] Level 1:colcon.colcon_core.environment:checking '/home/dtc/humanflow/ros2_ghadron_gimbal/install/gimbal_status' for CMake module files
[1.361s] Level 1:colcon.colcon_core.environment:checking '/home/dtc/humanflow/ros2_ghadron_gimbal/install/gimbal_status' for CMake config files
[1.362s] Level 1:colcon.colcon_core.shell:create_environment_hook('gimbal_status', 'cmake_prefix_path')
[1.362s] INFO:colcon.colcon_core.shell:Creating environment hook '/home/dtc/humanflow/ros2_ghadron_gimbal/install/gimbal_status/share/gimbal_status/hook/cmake_prefix_path.ps1'
[1.364s] INFO:colcon.colcon_core.shell:Creating environment descriptor '/home/dtc/humanflow/ros2_ghadron_gimbal/install/gimbal_status/share/gimbal_status/hook/cmake_prefix_path.dsv'
[1.365s] INFO:colcon.colcon_core.shell:Creating environment hook '/home/dtc/humanflow/ros2_ghadron_gimbal/install/gimbal_status/share/gimbal_status/hook/cmake_prefix_path.sh'
[1.366s] Level 1:colcon.colcon_core.environment:checking '/home/dtc/humanflow/ros2_ghadron_gimbal/install/gimbal_status/lib'
[1.367s] Level 1:colcon.colcon_core.environment:checking '/home/dtc/humanflow/ros2_ghadron_gimbal/install/gimbal_status/bin'
[1.367s] Level 1:colcon.colcon_core.environment:checking '/home/dtc/humanflow/ros2_ghadron_gimbal/install/gimbal_status/lib/pkgconfig/gimbal_status.pc'
[1.367s] Level 1:colcon.colcon_core.environment:checking '/home/dtc/humanflow/ros2_ghadron_gimbal/install/gimbal_status/lib/python3.10/site-packages'
[1.368s] Level 1:colcon.colcon_core.environment:checking '/home/dtc/humanflow/ros2_ghadron_gimbal/install/gimbal_status/bin'
[1.369s] INFO:colcon.colcon_core.shell:Creating package script '/home/dtc/humanflow/ros2_ghadron_gimbal/install/gimbal_status/share/gimbal_status/package.ps1'
[1.371s] INFO:colcon.colcon_core.shell:Creating package descriptor '/home/dtc/humanflow/ros2_ghadron_gimbal/install/gimbal_status/share/gimbal_status/package.dsv'
[1.372s] INFO:colcon.colcon_core.shell:Creating package script '/home/dtc/humanflow/ros2_ghadron_gimbal/install/gimbal_status/share/gimbal_status/package.sh'
[1.374s] INFO:colcon.colcon_core.shell:Creating package script '/home/dtc/humanflow/ros2_ghadron_gimbal/install/gimbal_status/share/gimbal_status/package.bash'
[1.376s] INFO:colcon.colcon_core.shell:Creating package script '/home/dtc/humanflow/ros2_ghadron_gimbal/install/gimbal_status/share/gimbal_status/package.zsh'
[1.377s] Level 1:colcon.colcon_core.environment:create_file_with_runtime_dependencies(/home/dtc/humanflow/ros2_ghadron_gimbal/install/gimbal_status/share/colcon-core/packages/gimbal_status)
[1.379s] Level 1:colcon.colcon_core.environment:create_environment_scripts_only(gimbal_status)
[1.379s] Level 1:colcon.colcon_core.environment:checking '/home/dtc/humanflow/ros2_ghadron_gimbal/install/gimbal_status' for CMake module files
[1.380s] Level 1:colcon.colcon_core.environment:checking '/home/dtc/humanflow/ros2_ghadron_gimbal/install/gimbal_status' for CMake config files
[1.381s] Level 1:colcon.colcon_core.shell:create_environment_hook('gimbal_status', 'cmake_prefix_path')
[1.381s] INFO:colcon.colcon_core.shell:Creating environment hook '/home/dtc/humanflow/ros2_ghadron_gimbal/install/gimbal_status/share/gimbal_status/hook/cmake_prefix_path.ps1'
[1.382s] INFO:colcon.colcon_core.shell:Creating environment descriptor '/home/dtc/humanflow/ros2_ghadron_gimbal/install/gimbal_status/share/gimbal_status/hook/cmake_prefix_path.dsv'
[1.383s] INFO:colcon.colcon_core.shell:Creating environment hook '/home/dtc/humanflow/ros2_ghadron_gimbal/install/gimbal_status/share/gimbal_status/hook/cmake_prefix_path.sh'
[1.384s] Level 1:colcon.colcon_core.environment:checking '/home/dtc/humanflow/ros2_ghadron_gimbal/install/gimbal_status/lib'
[1.385s] Level 1:colcon.colcon_core.environment:checking '/home/dtc/humanflow/ros2_ghadron_gimbal/install/gimbal_status/bin'
[1.385s] Level 1:colcon.colcon_core.environment:checking '/home/dtc/humanflow/ros2_ghadron_gimbal/install/gimbal_status/lib/pkgconfig/gimbal_status.pc'
[1.385s] Level 1:colcon.colcon_core.environment:checking '/home/dtc/humanflow/ros2_ghadron_gimbal/install/gimbal_status/lib/python3.10/site-packages'
[1.386s] Level 1:colcon.colcon_core.environment:checking '/home/dtc/humanflow/ros2_ghadron_gimbal/install/gimbal_status/bin'
[1.386s] INFO:colcon.colcon_core.shell:Creating package script '/home/dtc/humanflow/ros2_ghadron_gimbal/install/gimbal_status/share/gimbal_status/package.ps1'
[1.388s] INFO:colcon.colcon_core.shell:Creating package descriptor '/home/dtc/humanflow/ros2_ghadron_gimbal/install/gimbal_status/share/gimbal_status/package.dsv'
[1.389s] INFO:colcon.colcon_core.shell:Creating package script '/home/dtc/humanflow/ros2_ghadron_gimbal/install/gimbal_status/share/gimbal_status/package.sh'
[1.390s] INFO:colcon.colcon_core.shell:Creating package script '/home/dtc/humanflow/ros2_ghadron_gimbal/install/gimbal_status/share/gimbal_status/package.bash'
[1.391s] INFO:colcon.colcon_core.shell:Creating package script '/home/dtc/humanflow/ros2_ghadron_gimbal/install/gimbal_status/share/gimbal_status/package.zsh'
[1.392s] Level 1:colcon.colcon_core.environment:create_file_with_runtime_dependencies(/home/dtc/humanflow/ros2_ghadron_gimbal/install/gimbal_status/share/colcon-core/packages/gimbal_status)
[1.395s] INFO:colcon.colcon_ros.task.ament_python.build:Building ROS package in '/home/dtc/humanflow/ros2_ghadron_gimbal/src/yolo_detection' with build type 'ament_python'
[1.395s] Level 1:colcon.colcon_core.shell:create_environment_hook('yolo_detection', 'ament_prefix_path')
[1.396s] INFO:colcon.colcon_core.shell:Creating environment hook '/home/dtc/humanflow/ros2_ghadron_gimbal/install/yolo_detection/share/yolo_detection/hook/ament_prefix_path.ps1'
[1.397s] INFO:colcon.colcon_core.shell:Creating environment descriptor '/home/dtc/humanflow/ros2_ghadron_gimbal/install/yolo_detection/share/yolo_detection/hook/ament_prefix_path.dsv'
[1.398s] INFO:colcon.colcon_core.shell:Creating environment hook '/home/dtc/humanflow/ros2_ghadron_gimbal/install/yolo_detection/share/yolo_detection/hook/ament_prefix_path.sh'
[1.399s] INFO:colcon.colcon_core.shell:Skip shell extension 'powershell' for command environment: Not usable outside of PowerShell
[1.400s] DEBUG:colcon.colcon_core.shell:Skip shell extension 'dsv' for command environment
[1.408s] Level 1:colcon.colcon_core.environment:create_environment_scripts_only(gimbal_angle_control)
[1.409s] Level 1:colcon.colcon_core.environment:checking '/home/dtc/humanflow/ros2_ghadron_gimbal/install/gimbal_angle_control' for CMake module files
[1.410s] Level 1:colcon.colcon_core.environment:checking '/home/dtc/humanflow/ros2_ghadron_gimbal/install/gimbal_angle_control' for CMake config files
[1.411s] Level 1:colcon.colcon_core.shell:create_environment_hook('gimbal_angle_control', 'cmake_prefix_path')
[1.412s] INFO:colcon.colcon_core.shell:Creating environment hook '/home/dtc/humanflow/ros2_ghadron_gimbal/install/gimbal_angle_control/share/gimbal_angle_control/hook/cmake_prefix_path.ps1'
[1.412s] DEBUG:colcon.colcon_core.event_handler.log_command:Invoked command in '/home/dtc/humanflow/ros2_ghadron_gimbal/build/gimbal_angle_control' returned '0': CMAKE_PREFIX_PATH=${CMAKE_PREFIX_PATH}:/home/dtc/humanflow/ros2_ghadron_gimbal/install/gimbal_bringup:/home/dtc/humanflow/ros2_ghadron_gimbal/install/yolo_detection:/home/dtc/humanflow/ros2_ghadron_gimbal/install/stream_publisher:/home/dtc/humanflow/ros2_ghadron_gimbal/install/rtsp_viewer:/home/dtc/humanflow/ros2_ghadron_gimbal/install/image_viewer:/home/dtc/humanflow/ros2_ghadron_gimbal/install/human_tracking:/opt/ros/humble /usr/bin/cmake --install /home/dtc/humanflow/ros2_ghadron_gimbal/build/gimbal_angle_control
[1.414s] INFO:colcon.colcon_core.shell:Creating environment descriptor '/home/dtc/humanflow/ros2_ghadron_gimbal/install/gimbal_angle_control/share/gimbal_angle_control/hook/cmake_prefix_path.dsv'
[1.415s] INFO:colcon.colcon_core.shell:Creating environment hook '/home/dtc/humanflow/ros2_ghadron_gimbal/install/gimbal_angle_control/share/gimbal_angle_control/hook/cmake_prefix_path.sh'
[1.416s] Level 1:colcon.colcon_core.environment:checking '/home/dtc/humanflow/ros2_ghadron_gimbal/install/gimbal_angle_control/lib'
[1.416s] Level 1:colcon.colcon_core.environment:checking '/home/dtc/humanflow/ros2_ghadron_gimbal/install/gimbal_angle_control/bin'
[1.416s] Level 1:colcon.colcon_core.environment:checking '/home/dtc/humanflow/ros2_ghadron_gimbal/install/gimbal_angle_control/lib/pkgconfig/gimbal_angle_control.pc'
[1.417s] Level 1:colcon.colcon_core.environment:checking '/home/dtc/humanflow/ros2_ghadron_gimbal/install/gimbal_angle_control/lib/python3.10/site-packages'
[1.417s] Level 1:colcon.colcon_core.environment:checking '/home/dtc/humanflow/ros2_ghadron_gimbal/install/gimbal_angle_control/bin'
[1.418s] INFO:colcon.colcon_core.shell:Creating package script '/home/dtc/humanflow/ros2_ghadron_gimbal/install/gimbal_angle_control/share/gimbal_angle_control/package.ps1'
[1.420s] INFO:colcon.colcon_core.shell:Creating package descriptor '/home/dtc/humanflow/ros2_ghadron_gimbal/install/gimbal_angle_control/share/gimbal_angle_control/package.dsv'
[1.421s] INFO:colcon.colcon_core.shell:Creating package script '/home/dtc/humanflow/ros2_ghadron_gimbal/install/gimbal_angle_control/share/gimbal_angle_control/package.sh'
[1.422s] INFO:colcon.colcon_core.shell:Creating package script '/home/dtc/humanflow/ros2_ghadron_gimbal/install/gimbal_angle_control/share/gimbal_angle_control/package.bash'
[1.422s] INFO:colcon.colcon_core.shell:Creating package script '/home/dtc/humanflow/ros2_ghadron_gimbal/install/gimbal_angle_control/share/gimbal_angle_control/package.zsh'
[1.423s] Level 1:colcon.colcon_core.environment:create_file_with_runtime_dependencies(/home/dtc/humanflow/ros2_ghadron_gimbal/install/gimbal_angle_control/share/colcon-core/packages/gimbal_angle_control)
[1.425s] Level 1:colcon.colcon_core.environment:create_environment_scripts_only(gimbal_angle_control)
[1.425s] Level 1:colcon.colcon_core.environment:checking '/home/dtc/humanflow/ros2_ghadron_gimbal/install/gimbal_angle_control' for CMake module files
[1.427s] Level 1:colcon.colcon_core.environment:checking '/home/dtc/humanflow/ros2_ghadron_gimbal/install/gimbal_angle_control' for CMake config files
[1.427s] Level 1:colcon.colcon_core.shell:create_environment_hook('gimbal_angle_control', 'cmake_prefix_path')
[1.428s] INFO:colcon.colcon_core.shell:Creating environment hook '/home/dtc/humanflow/ros2_ghadron_gimbal/install/gimbal_angle_control/share/gimbal_angle_control/hook/cmake_prefix_path.ps1'
[1.429s] INFO:colcon.colcon_core.shell:Creating environment descriptor '/home/dtc/humanflow/ros2_ghadron_gimbal/install/gimbal_angle_control/share/gimbal_angle_control/hook/cmake_prefix_path.dsv'
[1.430s] INFO:colcon.colcon_core.shell:Creating environment hook '/home/dtc/humanflow/ros2_ghadron_gimbal/install/gimbal_angle_control/share/gimbal_angle_control/hook/cmake_prefix_path.sh'
[1.431s] Level 1:colcon.colcon_core.environment:checking '/home/dtc/humanflow/ros2_ghadron_gimbal/install/gimbal_angle_control/lib'
[1.431s] Level 1:colcon.colcon_core.environment:checking '/home/dtc/humanflow/ros2_ghadron_gimbal/install/gimbal_angle_control/bin'
[1.431s] Level 1:colcon.colcon_core.environment:checking '/home/dtc/humanflow/ros2_ghadron_gimbal/install/gimbal_angle_control/lib/pkgconfig/gimbal_angle_control.pc'
[1.432s] Level 1:colcon.colcon_core.environment:checking '/home/dtc/humanflow/ros2_ghadron_gimbal/install/gimbal_angle_control/lib/python3.10/site-packages'
[1.432s] Level 1:colcon.colcon_core.environment:checking '/home/dtc/humanflow/ros2_ghadron_gimbal/install/gimbal_angle_control/bin'
[1.433s] INFO:colcon.colcon_core.shell:Creating package script '/home/dtc/humanflow/ros2_ghadron_gimbal/install/gimbal_angle_control/share/gimbal_angle_control/package.ps1'
[1.437s] INFO:colcon.colcon_core.shell:Creating package descriptor '/home/dtc/humanflow/ros2_ghadron_gimbal/install/gimbal_angle_control/share/gimbal_angle_control/package.dsv'
[1.438s] INFO:colcon.colcon_core.shell:Creating package script '/home/dtc/humanflow/ros2_ghadron_gimbal/install/gimbal_angle_control/share/gimbal_angle_control/package.sh'
[1.439s] INFO:colcon.colcon_core.shell:Creating package script '/home/dtc/humanflow/ros2_ghadron_gimbal/install/gimbal_angle_control/share/gimbal_angle_control/package.bash'
[1.440s] INFO:colcon.colcon_core.shell:Creating package script '/home/dtc/humanflow/ros2_ghadron_gimbal/install/gimbal_angle_control/share/gimbal_angle_control/package.zsh'
[1.442s] Level 1:colcon.colcon_core.environment:create_file_with_runtime_dependencies(/home/dtc/humanflow/ros2_ghadron_gimbal/install/gimbal_angle_control/share/colcon-core/packages/gimbal_angle_control)
[1.443s] INFO:colcon.colcon_cmake.task.cmake.build:Building CMake package in '/home/dtc/humanflow/ros2_ghadron_gimbal/src/PayloadSdk'
[1.445s] INFO:colcon.colcon_core.shell:Skip shell extension 'powershell' for command environment: Not usable outside of PowerShell
[1.446s] DEBUG:colcon.colcon_core.shell:Skip shell extension 'dsv' for command environment
[1.981s] INFO:colcon.colcon_core.task.python.build:Building Python package in '/home/dtc/humanflow/ros2_ghadron_gimbal/src/yolo_detection'
[1.982s] INFO:colcon.colcon_core.shell:Skip shell extension 'powershell' for command environment: Not usable outside of PowerShell
[1.982s] DEBUG:colcon.colcon_core.shell:Skip shell extension 'dsv' for command environment
[1.998s] DEBUG:colcon.colcon_core.event_handler.log_command:Invoking command in '/home/dtc/humanflow/ros2_ghadron_gimbal/build/PayloadSDK': /usr/bin/cmake --build /home/dtc/humanflow/ros2_ghadron_gimbal/build/PayloadSDK -- -j4 -l4
[2.054s] DEBUG:colcon.colcon_core.event_handler.log_command:Invoking command in '/home/dtc/humanflow/ros2_ghadron_gimbal/src/human_tracking': PYTHONPATH=/home/dtc/humanflow/ros2_ghadron_gimbal/build/human_tracking/prefix_override:/usr/lib/python3/dist-packages/colcon_core/task/python/colcon_distutils_commands:/home/dtc/humanflow/ros2_ghadron_gimbal/install/human_tracking/lib/python3.10/site-packages:${PYTHONPATH} /usr/bin/python3 -W ignore:setup.py install is deprecated -W ignore:easy_install command is deprecated setup.py egg_info --egg-base ../../build/human_tracking build --build-base /home/dtc/humanflow/ros2_ghadron_gimbal/build/human_tracking/build install --record /home/dtc/humanflow/ros2_ghadron_gimbal/build/human_tracking/install.log --single-version-externally-managed install_data
[2.563s] DEBUG:colcon.colcon_core.event_handler.log_command:Invoked command in '/home/dtc/humanflow/ros2_ghadron_gimbal/build/PayloadSDK' returned '0': /usr/bin/cmake --build /home/dtc/humanflow/ros2_ghadron_gimbal/build/PayloadSDK -- -j4 -l4
[2.562s] WARNING:colcon.colcon_cmake.task.cmake.build:Could not run installation step for package 'PayloadSDK' because it has no 'install' target
[2.564s] Level 1:colcon.colcon_core.environment:create_environment_scripts_only(PayloadSDK)
[2.565s] Level 1:colcon.colcon_core.environment:checking '/home/dtc/humanflow/ros2_ghadron_gimbal/install/PayloadSDK' for CMake module files
[2.566s] Level 1:colcon.colcon_core.environment:checking '/home/dtc/humanflow/ros2_ghadron_gimbal/install/PayloadSDK' for CMake config files
[2.567s] Level 1:colcon.colcon_core.environment:checking '/home/dtc/humanflow/ros2_ghadron_gimbal/install/PayloadSDK/bin'
[2.567s] Level 1:colcon.colcon_core.environment:checking '/home/dtc/humanflow/ros2_ghadron_gimbal/install/PayloadSDK/lib/pkgconfig/PayloadSDK.pc'
[2.569s] Level 1:colcon.colcon_core.environment:checking '/home/dtc/humanflow/ros2_ghadron_gimbal/install/PayloadSDK/lib/python3.10/site-packages'
[2.570s] Level 1:colcon.colcon_core.environment:checking '/home/dtc/humanflow/ros2_ghadron_gimbal/install/PayloadSDK/bin'
[2.571s] INFO:colcon.colcon_core.shell:Creating package script '/home/dtc/humanflow/ros2_ghadron_gimbal/install/PayloadSDK/share/PayloadSDK/package.ps1'
[2.572s] INFO:colcon.colcon_core.shell:Creating package descriptor '/home/dtc/humanflow/ros2_ghadron_gimbal/install/PayloadSDK/share/PayloadSDK/package.dsv'
[2.573s] INFO:colcon.colcon_core.shell:Creating package script '/home/dtc/humanflow/ros2_ghadron_gimbal/install/PayloadSDK/share/PayloadSDK/package.sh'
[2.574s] INFO:colcon.colcon_core.shell:Creating package script '/home/dtc/humanflow/ros2_ghadron_gimbal/install/PayloadSDK/share/PayloadSDK/package.bash'
[2.575s] INFO:colcon.colcon_core.shell:Creating package script '/home/dtc/humanflow/ros2_ghadron_gimbal/install/PayloadSDK/share/PayloadSDK/package.zsh'
[2.575s] Level 1:colcon.colcon_core.environment:create_file_with_runtime_dependencies(/home/dtc/humanflow/ros2_ghadron_gimbal/install/PayloadSDK/share/colcon-core/packages/PayloadSDK)
[2.578s] INFO:colcon.colcon_ros.task.ament_python.build:Building ROS package in '/home/dtc/humanflow/ros2_ghadron_gimbal/src/image_viewer' with build type 'ament_python'
[2.579s] Level 1:colcon.colcon_core.shell:create_environment_hook('image_viewer', 'ament_prefix_path')
[2.579s] INFO:colcon.colcon_core.shell:Creating environment hook '/home/dtc/humanflow/ros2_ghadron_gimbal/install/image_viewer/share/image_viewer/hook/ament_prefix_path.ps1'
[2.581s] INFO:colcon.colcon_core.shell:Creating environment descriptor '/home/dtc/humanflow/ros2_ghadron_gimbal/install/image_viewer/share/image_viewer/hook/ament_prefix_path.dsv'
[2.581s] INFO:colcon.colcon_core.shell:Creating environment hook '/home/dtc/humanflow/ros2_ghadron_gimbal/install/image_viewer/share/image_viewer/hook/ament_prefix_path.sh'
[2.583s] INFO:colcon.colcon_core.shell:Skip shell extension 'powershell' for command environment: Not usable outside of PowerShell
[2.583s] DEBUG:colcon.colcon_core.shell:Skip shell extension 'dsv' for command environment
[3.173s] INFO:colcon.colcon_core.task.python.build:Building Python package in '/home/dtc/humanflow/ros2_ghadron_gimbal/src/image_viewer'
[3.174s] INFO:colcon.colcon_core.shell:Skip shell extension 'powershell' for command environment: Not usable outside of PowerShell
[3.174s] DEBUG:colcon.colcon_core.shell:Skip shell extension 'dsv' for command environment
[3.189s] DEBUG:colcon.colcon_core.event_handler.log_command:Invoking command in '/home/dtc/humanflow/ros2_ghadron_gimbal/src/yolo_detection': PYTHONPATH=/home/dtc/humanflow/ros2_ghadron_gimbal/build/yolo_detection/prefix_override:/usr/lib/python3/dist-packages/colcon_core/task/python/colcon_distutils_commands:/home/dtc/humanflow/ros2_ghadron_gimbal/install/yolo_detection/lib/python3.10/site-packages:${PYTHONPATH} /usr/bin/python3 -W ignore:setup.py install is deprecated -W ignore:easy_install command is deprecated setup.py egg_info --egg-base ../../build/yolo_detection build --build-base /home/dtc/humanflow/ros2_ghadron_gimbal/build/yolo_detection/build install --record /home/dtc/humanflow/ros2_ghadron_gimbal/build/yolo_detection/install.log --single-version-externally-managed install_data
[3.191s] Level 1:colcon.colcon_core.environment:checking '/home/dtc/humanflow/ros2_ghadron_gimbal/install/human_tracking' for CMake module files
[3.193s] DEBUG:colcon.colcon_core.event_handler.log_command:Invoked command in '/home/dtc/humanflow/ros2_ghadron_gimbal/src/human_tracking' returned '0': PYTHONPATH=/home/dtc/humanflow/ros2_ghadron_gimbal/build/human_tracking/prefix_override:/usr/lib/python3/dist-packages/colcon_core/task/python/colcon_distutils_commands:/home/dtc/humanflow/ros2_ghadron_gimbal/install/human_tracking/lib/python3.10/site-packages:${PYTHONPATH} /usr/bin/python3 -W ignore:setup.py install is deprecated -W ignore:easy_install command is deprecated setup.py egg_info --egg-base ../../build/human_tracking build --build-base /home/dtc/humanflow/ros2_ghadron_gimbal/build/human_tracking/build install --record /home/dtc/humanflow/ros2_ghadron_gimbal/build/human_tracking/install.log --single-version-externally-managed install_data
[3.193s] Level 1:colcon.colcon_core.environment:checking '/home/dtc/humanflow/ros2_ghadron_gimbal/install/human_tracking' for CMake config files
[3.195s] Level 1:colcon.colcon_core.environment:checking '/home/dtc/humanflow/ros2_ghadron_gimbal/install/human_tracking/lib'
[3.195s] Level 1:colcon.colcon_core.environment:checking '/home/dtc/humanflow/ros2_ghadron_gimbal/install/human_tracking/bin'
[3.195s] Level 1:colcon.colcon_core.environment:checking '/home/dtc/humanflow/ros2_ghadron_gimbal/install/human_tracking/lib/pkgconfig/human_tracking.pc'
[3.196s] Level 1:colcon.colcon_core.environment:checking '/home/dtc/humanflow/ros2_ghadron_gimbal/install/human_tracking/lib/python3.10/site-packages'
[3.196s] Level 1:colcon.colcon_core.shell:create_environment_hook('human_tracking', 'pythonpath')
[3.197s] INFO:colcon.colcon_core.shell:Creating environment hook '/home/dtc/humanflow/ros2_ghadron_gimbal/install/human_tracking/share/human_tracking/hook/pythonpath.ps1'
[3.198s] INFO:colcon.colcon_core.shell:Creating environment descriptor '/home/dtc/humanflow/ros2_ghadron_gimbal/install/human_tracking/share/human_tracking/hook/pythonpath.dsv'
[3.199s] INFO:colcon.colcon_core.shell:Creating environment hook '/home/dtc/humanflow/ros2_ghadron_gimbal/install/human_tracking/share/human_tracking/hook/pythonpath.sh'
[3.201s] Level 1:colcon.colcon_core.environment:checking '/home/dtc/humanflow/ros2_ghadron_gimbal/install/human_tracking/bin'
[3.201s] Level 1:colcon.colcon_core.environment:create_environment_scripts_only(human_tracking)
[3.202s] INFO:colcon.colcon_core.shell:Creating package script '/home/dtc/humanflow/ros2_ghadron_gimbal/install/human_tracking/share/human_tracking/package.ps1'
[3.203s] INFO:colcon.colcon_core.shell:Creating package descriptor '/home/dtc/humanflow/ros2_ghadron_gimbal/install/human_tracking/share/human_tracking/package.dsv'
[3.204s] INFO:colcon.colcon_core.shell:Creating package script '/home/dtc/humanflow/ros2_ghadron_gimbal/install/human_tracking/share/human_tracking/package.sh'
[3.205s] INFO:colcon.colcon_core.shell:Creating package script '/home/dtc/humanflow/ros2_ghadron_gimbal/install/human_tracking/share/human_tracking/package.bash'
[3.206s] INFO:colcon.colcon_core.shell:Creating package script '/home/dtc/humanflow/ros2_ghadron_gimbal/install/human_tracking/share/human_tracking/package.zsh'
[3.207s] Level 1:colcon.colcon_core.environment:create_file_with_runtime_dependencies(/home/dtc/humanflow/ros2_ghadron_gimbal/install/human_tracking/share/colcon-core/packages/human_tracking)
[3.208s] INFO:colcon.colcon_ros.task.ament_python.build:Building ROS package in '/home/dtc/humanflow/ros2_ghadron_gimbal/src/stream_publisher' with build type 'ament_python'
[3.209s] Level 1:colcon.colcon_core.shell:create_environment_hook('stream_publisher', 'ament_prefix_path')
[3.210s] INFO:colcon.colcon_core.shell:Creating environment hook '/home/dtc/humanflow/ros2_ghadron_gimbal/install/stream_publisher/share/stream_publisher/hook/ament_prefix_path.ps1'
[3.212s] INFO:colcon.colcon_core.shell:Creating environment descriptor '/home/dtc/humanflow/ros2_ghadron_gimbal/install/stream_publisher/share/stream_publisher/hook/ament_prefix_path.dsv'
[3.214s] INFO:colcon.colcon_core.shell:Creating environment hook '/home/dtc/humanflow/ros2_ghadron_gimbal/install/stream_publisher/share/stream_publisher/hook/ament_prefix_path.sh'
[3.215s] INFO:colcon.colcon_core.shell:Skip shell extension 'powershell' for command environment: Not usable outside of PowerShell
[3.215s] DEBUG:colcon.colcon_core.shell:Skip shell extension 'dsv' for command environment
[3.761s] INFO:colcon.colcon_core.task.python.build:Building Python package in '/home/dtc/humanflow/ros2_ghadron_gimbal/src/stream_publisher'
[3.762s] INFO:colcon.colcon_core.shell:Skip shell extension 'powershell' for command environment: Not usable outside of PowerShell
[3.762s] DEBUG:colcon.colcon_core.shell:Skip shell extension 'dsv' for command environment
[3.915s] Level 1:colcon.colcon_core.environment:checking '/home/dtc/humanflow/ros2_ghadron_gimbal/install/yolo_detection' for CMake module files
[3.918s] Level 1:colcon.colcon_core.environment:checking '/home/dtc/humanflow/ros2_ghadron_gimbal/install/yolo_detection' for CMake config files
[3.920s] Level 1:colcon.colcon_core.environment:checking '/home/dtc/humanflow/ros2_ghadron_gimbal/install/yolo_detection/lib'
[3.917s] DEBUG:colcon.colcon_core.event_handler.log_command:Invoked command in '/home/dtc/humanflow/ros2_ghadron_gimbal/src/yolo_detection' returned '0': PYTHONPATH=/home/dtc/humanflow/ros2_ghadron_gimbal/build/yolo_detection/prefix_override:/usr/lib/python3/dist-packages/colcon_core/task/python/colcon_distutils_commands:/home/dtc/humanflow/ros2_ghadron_gimbal/install/yolo_detection/lib/python3.10/site-packages:${PYTHONPATH} /usr/bin/python3 -W ignore:setup.py install is deprecated -W ignore:easy_install command is deprecated setup.py egg_info --egg-base ../../build/yolo_detection build --build-base /home/dtc/humanflow/ros2_ghadron_gimbal/build/yolo_detection/build install --record /home/dtc/humanflow/ros2_ghadron_gimbal/build/yolo_detection/install.log --single-version-externally-managed install_data
[3.921s] Level 1:colcon.colcon_core.environment:checking '/home/dtc/humanflow/ros2_ghadron_gimbal/install/yolo_detection/bin'
[3.921s] Level 1:colcon.colcon_core.environment:checking '/home/dtc/humanflow/ros2_ghadron_gimbal/install/yolo_detection/lib/pkgconfig/yolo_detection.pc'
[3.924s] Level 1:colcon.colcon_core.environment:checking '/home/dtc/humanflow/ros2_ghadron_gimbal/install/yolo_detection/lib/python3.10/site-packages'
[3.925s] Level 1:colcon.colcon_core.shell:create_environment_hook('yolo_detection', 'pythonpath')
[3.925s] INFO:colcon.colcon_core.shell:Creating environment hook '/home/dtc/humanflow/ros2_ghadron_gimbal/install/yolo_detection/share/yolo_detection/hook/pythonpath.ps1'
[3.928s] INFO:colcon.colcon_core.shell:Creating environment descriptor '/home/dtc/humanflow/ros2_ghadron_gimbal/install/yolo_detection/share/yolo_detection/hook/pythonpath.dsv'
[3.930s] INFO:colcon.colcon_core.shell:Creating environment hook '/home/dtc/humanflow/ros2_ghadron_gimbal/install/yolo_detection/share/yolo_detection/hook/pythonpath.sh'
[3.932s] Level 1:colcon.colcon_core.environment:checking '/home/dtc/humanflow/ros2_ghadron_gimbal/install/yolo_detection/bin'
[3.932s] Level 1:colcon.colcon_core.environment:create_environment_scripts_only(yolo_detection)
[3.933s] INFO:colcon.colcon_core.shell:Creating package script '/home/dtc/humanflow/ros2_ghadron_gimbal/install/yolo_detection/share/yolo_detection/package.ps1'
[3.936s] INFO:colcon.colcon_core.shell:Creating package descriptor '/home/dtc/humanflow/ros2_ghadron_gimbal/install/yolo_detection/share/yolo_detection/package.dsv'
[3.938s] INFO:colcon.colcon_core.shell:Creating package script '/home/dtc/humanflow/ros2_ghadron_gimbal/install/yolo_detection/share/yolo_detection/package.sh'
[3.941s] INFO:colcon.colcon_core.shell:Creating package script '/home/dtc/humanflow/ros2_ghadron_gimbal/install/yolo_detection/share/yolo_detection/package.bash'
[3.942s] INFO:colcon.colcon_core.shell:Creating package script '/home/dtc/humanflow/ros2_ghadron_gimbal/install/yolo_detection/share/yolo_detection/package.zsh'
[3.944s] Level 1:colcon.colcon_core.environment:create_file_with_runtime_dependencies(/home/dtc/humanflow/ros2_ghadron_gimbal/install/yolo_detection/share/colcon-core/packages/yolo_detection)
[3.986s] DEBUG:colcon.colcon_core.event_handler.log_command:Invoking command in '/home/dtc/humanflow/ros2_ghadron_gimbal/src/image_viewer': PYTHONPATH=/home/dtc/humanflow/ros2_ghadron_gimbal/build/image_viewer/prefix_override:/usr/lib/python3/dist-packages/colcon_core/task/python/colcon_distutils_commands:/home/dtc/humanflow/ros2_ghadron_gimbal/install/image_viewer/lib/python3.10/site-packages:${PYTHONPATH} /usr/bin/python3 -W ignore:setup.py install is deprecated -W ignore:easy_install command is deprecated setup.py egg_info --egg-base ../../build/image_viewer build --build-base /home/dtc/humanflow/ros2_ghadron_gimbal/build/image_viewer/build install --record /home/dtc/humanflow/ros2_ghadron_gimbal/build/image_viewer/install.log --single-version-externally-managed install_data
[4.492s] DEBUG:colcon.colcon_core.event_handler.log_command:Invoking command in '/home/dtc/humanflow/ros2_ghadron_gimbal/src/stream_publisher': PYTHONPATH=/home/dtc/humanflow/ros2_ghadron_gimbal/build/stream_publisher/prefix_override:/usr/lib/python3/dist-packages/colcon_core/task/python/colcon_distutils_commands:/home/dtc/humanflow/ros2_ghadron_gimbal/install/stream_publisher/lib/python3.10/site-packages:${PYTHONPATH} /usr/bin/python3 -W ignore:setup.py install is deprecated -W ignore:easy_install command is deprecated setup.py egg_info --egg-base ../../build/stream_publisher build --build-base /home/dtc/humanflow/ros2_ghadron_gimbal/build/stream_publisher/build install --record /home/dtc/humanflow/ros2_ghadron_gimbal/build/stream_publisher/install.log --single-version-externally-managed install_data
[4.595s] Level 1:colcon.colcon_core.environment:checking '/home/dtc/humanflow/ros2_ghadron_gimbal/install/image_viewer' for CMake module files
[4.597s] DEBUG:colcon.colcon_core.event_handler.log_command:Invoked command in '/home/dtc/humanflow/ros2_ghadron_gimbal/src/image_viewer' returned '0': PYTHONPATH=/home/dtc/humanflow/ros2_ghadron_gimbal/build/image_viewer/prefix_override:/usr/lib/python3/dist-packages/colcon_core/task/python/colcon_distutils_commands:/home/dtc/humanflow/ros2_ghadron_gimbal/install/image_viewer/lib/python3.10/site-packages:${PYTHONPATH} /usr/bin/python3 -W ignore:setup.py install is deprecated -W ignore:easy_install command is deprecated setup.py egg_info --egg-base ../../build/image_viewer build --build-base /home/dtc/humanflow/ros2_ghadron_gimbal/build/image_viewer/build install --record /home/dtc/humanflow/ros2_ghadron_gimbal/build/image_viewer/install.log --single-version-externally-managed install_data
[4.597s] Level 1:colcon.colcon_core.environment:checking '/home/dtc/humanflow/ros2_ghadron_gimbal/install/image_viewer' for CMake config files
[4.599s] Level 1:colcon.colcon_core.environment:checking '/home/dtc/humanflow/ros2_ghadron_gimbal/install/image_viewer/lib'
[4.599s] Level 1:colcon.colcon_core.environment:checking '/home/dtc/humanflow/ros2_ghadron_gimbal/install/image_viewer/bin'
[4.599s] Level 1:colcon.colcon_core.environment:checking '/home/dtc/humanflow/ros2_ghadron_gimbal/install/image_viewer/lib/pkgconfig/image_viewer.pc'
[4.600s] Level 1:colcon.colcon_core.environment:checking '/home/dtc/humanflow/ros2_ghadron_gimbal/install/image_viewer/lib/python3.10/site-packages'
[4.600s] Level 1:colcon.colcon_core.shell:create_environment_hook('image_viewer', 'pythonpath')
[4.601s] INFO:colcon.colcon_core.shell:Creating environment hook '/home/dtc/humanflow/ros2_ghadron_gimbal/install/image_viewer/share/image_viewer/hook/pythonpath.ps1'
[4.602s] INFO:colcon.colcon_core.shell:Creating environment descriptor '/home/dtc/humanflow/ros2_ghadron_gimbal/install/image_viewer/share/image_viewer/hook/pythonpath.dsv'
[4.603s] INFO:colcon.colcon_core.shell:Creating environment hook '/home/dtc/humanflow/ros2_ghadron_gimbal/install/image_viewer/share/image_viewer/hook/pythonpath.sh'
[4.604s] Level 1:colcon.colcon_core.environment:checking '/home/dtc/humanflow/ros2_ghadron_gimbal/install/image_viewer/bin'
[4.604s] Level 1:colcon.colcon_core.environment:create_environment_scripts_only(image_viewer)
[4.605s] INFO:colcon.colcon_core.shell:Creating package script '/home/dtc/humanflow/ros2_ghadron_gimbal/install/image_viewer/share/image_viewer/package.ps1'
[4.606s] INFO:colcon.colcon_core.shell:Creating package descriptor '/home/dtc/humanflow/ros2_ghadron_gimbal/install/image_viewer/share/image_viewer/package.dsv'
[4.608s] INFO:colcon.colcon_core.shell:Creating package script '/home/dtc/humanflow/ros2_ghadron_gimbal/install/image_viewer/share/image_viewer/package.sh'
[4.609s] INFO:colcon.colcon_core.shell:Creating package script '/home/dtc/humanflow/ros2_ghadron_gimbal/install/image_viewer/share/image_viewer/package.bash'
[4.610s] INFO:colcon.colcon_core.shell:Creating package script '/home/dtc/humanflow/ros2_ghadron_gimbal/install/image_viewer/share/image_viewer/package.zsh'
[4.610s] Level 1:colcon.colcon_core.environment:create_file_with_runtime_dependencies(/home/dtc/humanflow/ros2_ghadron_gimbal/install/image_viewer/share/colcon-core/packages/image_viewer)
[5.095s] Level 1:colcon.colcon_core.environment:checking '/home/dtc/humanflow/ros2_ghadron_gimbal/install/stream_publisher' for CMake module files
[5.096s] DEBUG:colcon.colcon_core.event_handler.log_command:Invoked command in '/home/dtc/humanflow/ros2_ghadron_gimbal/src/stream_publisher' returned '0': PYTHONPATH=/home/dtc/humanflow/ros2_ghadron_gimbal/build/stream_publisher/prefix_override:/usr/lib/python3/dist-packages/colcon_core/task/python/colcon_distutils_commands:/home/dtc/humanflow/ros2_ghadron_gimbal/install/stream_publisher/lib/python3.10/site-packages:${PYTHONPATH} /usr/bin/python3 -W ignore:setup.py install is deprecated -W ignore:easy_install command is deprecated setup.py egg_info --egg-base ../../build/stream_publisher build --build-base /home/dtc/humanflow/ros2_ghadron_gimbal/build/stream_publisher/build install --record /home/dtc/humanflow/ros2_ghadron_gimbal/build/stream_publisher/install.log --single-version-externally-managed install_data
[5.097s] Level 1:colcon.colcon_core.environment:checking '/home/dtc/humanflow/ros2_ghadron_gimbal/install/stream_publisher' for CMake config files
[5.098s] Level 1:colcon.colcon_core.environment:checking '/home/dtc/humanflow/ros2_ghadron_gimbal/install/stream_publisher/lib'
[5.099s] Level 1:colcon.colcon_core.environment:checking '/home/dtc/humanflow/ros2_ghadron_gimbal/install/stream_publisher/bin'
[5.099s] Level 1:colcon.colcon_core.environment:checking '/home/dtc/humanflow/ros2_ghadron_gimbal/install/stream_publisher/lib/pkgconfig/stream_publisher.pc'
[5.099s] Level 1:colcon.colcon_core.environment:checking '/home/dtc/humanflow/ros2_ghadron_gimbal/install/stream_publisher/lib/python3.10/site-packages'
[5.099s] Level 1:colcon.colcon_core.shell:create_environment_hook('stream_publisher', 'pythonpath')
[5.100s] INFO:colcon.colcon_core.shell:Creating environment hook '/home/dtc/humanflow/ros2_ghadron_gimbal/install/stream_publisher/share/stream_publisher/hook/pythonpath.ps1'
[5.101s] INFO:colcon.colcon_core.shell:Creating environment descriptor '/home/dtc/humanflow/ros2_ghadron_gimbal/install/stream_publisher/share/stream_publisher/hook/pythonpath.dsv'
[5.102s] INFO:colcon.colcon_core.shell:Creating environment hook '/home/dtc/humanflow/ros2_ghadron_gimbal/install/stream_publisher/share/stream_publisher/hook/pythonpath.sh'
[5.103s] Level 1:colcon.colcon_core.environment:checking '/home/dtc/humanflow/ros2_ghadron_gimbal/install/stream_publisher/bin'
[5.104s] Level 1:colcon.colcon_core.environment:create_environment_scripts_only(stream_publisher)
[5.104s] INFO:colcon.colcon_core.shell:Creating package script '/home/dtc/humanflow/ros2_ghadron_gimbal/install/stream_publisher/share/stream_publisher/package.ps1'
[5.105s] INFO:colcon.colcon_core.shell:Creating package descriptor '/home/dtc/humanflow/ros2_ghadron_gimbal/install/stream_publisher/share/stream_publisher/package.dsv'
[5.106s] INFO:colcon.colcon_core.shell:Creating package script '/home/dtc/humanflow/ros2_ghadron_gimbal/install/stream_publisher/share/stream_publisher/package.sh'
[5.108s] INFO:colcon.colcon_core.shell:Creating package script '/home/dtc/humanflow/ros2_ghadron_gimbal/install/stream_publisher/share/stream_publisher/package.bash'
[5.108s] INFO:colcon.colcon_core.shell:Creating package script '/home/dtc/humanflow/ros2_ghadron_gimbal/install/stream_publisher/share/stream_publisher/package.zsh'
[5.109s] Level 1:colcon.colcon_core.environment:create_file_with_runtime_dependencies(/home/dtc/humanflow/ros2_ghadron_gimbal/install/stream_publisher/share/colcon-core/packages/stream_publisher)
[27.995s] DEBUG:colcon.colcon_core.event_handler.log_command:Invoked command in '/home/dtc/humanflow/ros2_ghadron_gimbal/build/eo_zoom' returned '2': CMAKE_PREFIX_PATH=${CMAKE_PREFIX_PATH}:/home/dtc/humanflow/ros2_ghadron_gimbal/install/gimbal_bringup:/home/dtc/humanflow/ros2_ghadron_gimbal/install/yolo_detection:/home/dtc/humanflow/ros2_ghadron_gimbal/install/stream_publisher:/home/dtc/humanflow/ros2_ghadron_gimbal/install/rtsp_viewer:/home/dtc/humanflow/ros2_ghadron_gimbal/install/image_viewer:/home/dtc/humanflow/ros2_ghadron_gimbal/install/human_tracking:/opt/ros/humble /usr/bin/cmake --build /home/dtc/humanflow/ros2_ghadron_gimbal/build/eo_zoom -- -j4 -l4
[27.997s] Level 1:colcon.colcon_core.environment:create_environment_scripts_only(eo_zoom)
[27.998s] Level 1:colcon.colcon_core.environment:checking '/home/dtc/humanflow/ros2_ghadron_gimbal/install/eo_zoom' for CMake module files
[28.000s] Level 1:colcon.colcon_core.environment:checking '/home/dtc/humanflow/ros2_ghadron_gimbal/install/eo_zoom' for CMake config files
[28.001s] Level 1:colcon.colcon_core.shell:create_environment_hook('eo_zoom', 'cmake_prefix_path')
[28.002s] INFO:colcon.colcon_core.shell:Creating environment hook '/home/dtc/humanflow/ros2_ghadron_gimbal/install/eo_zoom/share/eo_zoom/hook/cmake_prefix_path.ps1'
[28.004s] INFO:colcon.colcon_core.shell:Creating environment descriptor '/home/dtc/humanflow/ros2_ghadron_gimbal/install/eo_zoom/share/eo_zoom/hook/cmake_prefix_path.dsv'
[28.005s] INFO:colcon.colcon_core.shell:Creating environment hook '/home/dtc/humanflow/ros2_ghadron_gimbal/install/eo_zoom/share/eo_zoom/hook/cmake_prefix_path.sh'
[28.007s] Level 1:colcon.colcon_core.environment:checking '/home/dtc/humanflow/ros2_ghadron_gimbal/install/eo_zoom/lib'
[28.007s] Level 1:colcon.colcon_core.environment:checking '/home/dtc/humanflow/ros2_ghadron_gimbal/install/eo_zoom/bin'
[28.008s] Level 1:colcon.colcon_core.environment:checking '/home/dtc/humanflow/ros2_ghadron_gimbal/install/eo_zoom/lib/pkgconfig/eo_zoom.pc'
[28.009s] Level 1:colcon.colcon_core.environment:checking '/home/dtc/humanflow/ros2_ghadron_gimbal/install/eo_zoom/lib/python3.10/site-packages'
[28.010s] Level 1:colcon.colcon_core.environment:checking '/home/dtc/humanflow/ros2_ghadron_gimbal/install/eo_zoom/bin'
[28.011s] INFO:colcon.colcon_core.shell:Creating package script '/home/dtc/humanflow/ros2_ghadron_gimbal/install/eo_zoom/share/eo_zoom/package.ps1'
[28.013s] INFO:colcon.colcon_core.shell:Creating package descriptor '/home/dtc/humanflow/ros2_ghadron_gimbal/install/eo_zoom/share/eo_zoom/package.dsv'
[28.015s] INFO:colcon.colcon_core.shell:Creating package script '/home/dtc/humanflow/ros2_ghadron_gimbal/install/eo_zoom/share/eo_zoom/package.sh'
[28.016s] INFO:colcon.colcon_core.shell:Creating package script '/home/dtc/humanflow/ros2_ghadron_gimbal/install/eo_zoom/share/eo_zoom/package.bash'
[28.018s] INFO:colcon.colcon_core.shell:Creating package script '/home/dtc/humanflow/ros2_ghadron_gimbal/install/eo_zoom/share/eo_zoom/package.zsh'
[28.019s] Level 1:colcon.colcon_core.environment:create_file_with_runtime_dependencies(/home/dtc/humanflow/ros2_ghadron_gimbal/install/eo_zoom/share/colcon-core/packages/eo_zoom)
[28.031s] DEBUG:colcon.colcon_parallel_executor.executor.parallel:closing loop
[28.031s] DEBUG:colcon.colcon_parallel_executor.executor.parallel:loop closed
[28.031s] DEBUG:colcon.colcon_parallel_executor.executor.parallel:run_until_complete finished with '2'
[28.032s] DEBUG:colcon.colcon_core.event_reactor:joining thread
[28.056s] INFO:colcon.colcon_core.plugin_system:Skipping extension 'colcon_notification.desktop_notification.notify_send': Could not find 'notify-send'
[28.057s] INFO:colcon.colcon_core.plugin_system:Skipping extension 'colcon_notification.desktop_notification.terminal_notifier': Not used on non-Darwin systems
[28.057s] INFO:colcon.colcon_core.plugin_system:Skipping extension 'colcon_notification.desktop_notification.win32': Not used on non-Windows systems
[28.057s] INFO:colcon.colcon_notification.desktop_notification:Sending desktop notification using 'notify2'
[28.057s] DEBUG:colcon.colcon_notification.desktop_notification.notify2:Failed to initialize notify2: org.freedesktop.DBus.Error.NotSupported: Unable to autolaunch a dbus-daemon without a $DISPLAY for X11
[28.058s] DEBUG:colcon.colcon_core.event_reactor:joined thread
[28.059s] INFO:colcon.colcon_core.shell:Creating prefix script '/home/dtc/humanflow/ros2_ghadron_gimbal/install/local_setup.ps1'
[28.063s] INFO:colcon.colcon_core.shell:Creating prefix util module '/home/dtc/humanflow/ros2_ghadron_gimbal/install/_local_setup_util_ps1.py'
[28.068s] INFO:colcon.colcon_core.shell:Creating prefix chain script '/home/dtc/humanflow/ros2_ghadron_gimbal/install/setup.ps1'
[28.074s] INFO:colcon.colcon_core.shell:Creating prefix script '/home/dtc/humanflow/ros2_ghadron_gimbal/install/local_setup.sh'
[28.076s] INFO:colcon.colcon_core.shell:Creating prefix util module '/home/dtc/humanflow/ros2_ghadron_gimbal/install/_local_setup_util_sh.py'
[28.078s] INFO:colcon.colcon_core.shell:Creating prefix chain script '/home/dtc/humanflow/ros2_ghadron_gimbal/install/setup.sh'
[28.083s] INFO:colcon.colcon_core.shell:Creating prefix script '/home/dtc/humanflow/ros2_ghadron_gimbal/install/local_setup.bash'
[28.085s] INFO:colcon.colcon_core.shell:Creating prefix chain script '/home/dtc/humanflow/ros2_ghadron_gimbal/install/setup.bash'
[28.091s] INFO:colcon.colcon_core.shell:Creating prefix script '/home/dtc/humanflow/ros2_ghadron_gimbal/install/local_setup.zsh'
[28.093s] INFO:colcon.colcon_core.shell:Creating prefix chain script '/home/dtc/humanflow/ros2_ghadron_gimbal/install/setup.zsh'
