[0.026s] Invoking command in '/home/dtc/humanflow/ros2_ghadron_gimbal/build/eo_image': /usr/bin/cmake --build /home/dtc/humanflow/ros2_ghadron_gimbal/build/eo_image -- -j4 -l4
[0.161s] [100%] Built target eo_image_node
[0.202s] Invoked command in '/home/dtc/humanflow/ros2_ghadron_gimbal/build/eo_image' returned '0': /usr/bin/cmake --build /home/dtc/humanflow/ros2_ghadron_gimbal/build/eo_image -- -j4 -l4
[0.202s] Invoking command in '/home/dtc/humanflow/ros2_ghadron_gimbal/build/eo_image': /usr/bin/cmake --install /home/dtc/humanflow/ros2_ghadron_gimbal/build/eo_image
[0.221s] -- Install configuration: "Debug"
[0.223s] -- Up-to-date: /home/dtc/humanflow/ros2_ghadron_gimbal/install/eo_image/lib/eo_image/eo_image_node
[0.223s] -- Up-to-date: /home/dtc/humanflow/ros2_ghadron_gimbal/install/eo_image/share/ament_index/resource_index/package_run_dependencies/eo_image
[0.223s] -- Up-to-date: /home/dtc/humanflow/ros2_ghadron_gimbal/install/eo_image/share/ament_index/resource_index/parent_prefix_path/eo_image
[0.223s] -- Up-to-date: /home/dtc/humanflow/ros2_ghadron_gimbal/install/eo_image/share/eo_image/environment/ament_prefix_path.sh
[0.224s] -- Up-to-date: /home/dtc/humanflow/ros2_ghadron_gimbal/install/eo_image/share/eo_image/environment/ament_prefix_path.dsv
[0.226s] -- Up-to-date: /home/dtc/humanflow/ros2_ghadron_gimbal/install/eo_image/share/eo_image/environment/path.sh
[0.226s] -- Up-to-date: /home/dtc/humanflow/ros2_ghadron_gimbal/install/eo_image/share/eo_image/environment/path.dsv
[0.226s] -- Up-to-date: /home/dtc/humanflow/ros2_ghadron_gimbal/install/eo_image/share/eo_image/local_setup.bash
[0.226s] -- Up-to-date: /home/dtc/humanflow/ros2_ghadron_gimbal/install/eo_image/share/eo_image/local_setup.sh
[0.227s] -- Up-to-date: /home/dtc/humanflow/ros2_ghadron_gimbal/install/eo_image/share/eo_image/local_setup.zsh
[0.227s] -- Up-to-date: /home/dtc/humanflow/ros2_ghadron_gimbal/install/eo_image/share/eo_image/local_setup.dsv
[0.227s] -- Installing: /home/dtc/humanflow/ros2_ghadron_gimbal/install/eo_image/share/eo_image/package.dsv
[0.227s] -- Up-to-date: /home/dtc/humanflow/ros2_ghadron_gimbal/install/eo_image/share/ament_index/resource_index/packages/eo_image
[0.227s] -- Up-to-date: /home/dtc/humanflow/ros2_ghadron_gimbal/install/eo_image/share/eo_image/cmake/eo_imageConfig.cmake
[0.228s] -- Up-to-date: /home/dtc/humanflow/ros2_ghadron_gimbal/install/eo_image/share/eo_image/cmake/eo_imageConfig-version.cmake
[0.228s] -- Up-to-date: /home/dtc/humanflow/ros2_ghadron_gimbal/install/eo_image/share/eo_image/package.xml
[0.236s] Invoked command in '/home/dtc/humanflow/ros2_ghadron_gimbal/build/eo_image' returned '0': /usr/bin/cmake --install /home/dtc/humanflow/ros2_ghadron_gimbal/build/eo_image
