[2.113s] Invoking command in '/home/dtc-mrsd/Downloads/ros2_gimbal_ws/src/yolo_detection': PYTHONPATH=/home/dtc-mrsd/Downloads/ros2_gimbal_ws/build/yolo_detection/prefix_override:/usr/lib/python3/dist-packages/colcon_core/task/python/colcon_distutils_commands:/home/dtc-mrsd/Downloads/ros2_gimbal_ws/install/yolo_detection/lib/python3.10/site-packages:${PYTHONPATH} /usr/bin/python3 -W ignore:setup.py install is deprecated -W ignore:easy_install command is deprecated setup.py egg_info --egg-base ../../build/yolo_detection build --build-base /home/dtc-mrsd/Downloads/ros2_gimbal_ws/build/yolo_detection/build install --record /home/dtc-mrsd/Downloads/ros2_gimbal_ws/build/yolo_detection/install.log --single-version-externally-managed install_data
[2.454s] running egg_info
[2.455s] writing ../../build/yolo_detection/yolo_detection.egg-info/PKG-INFO
[2.456s] writing dependency_links to ../../build/yolo_detection/yolo_detection.egg-info/dependency_links.txt
[2.456s] writing entry points to ../../build/yolo_detection/yolo_detection.egg-info/entry_points.txt
[2.456s] writing requirements to ../../build/yolo_detection/yolo_detection.egg-info/requires.txt
[2.457s] writing top-level names to ../../build/yolo_detection/yolo_detection.egg-info/top_level.txt
[2.461s] reading manifest file '../../build/yolo_detection/yolo_detection.egg-info/SOURCES.txt'
[2.462s] writing manifest file '../../build/yolo_detection/yolo_detection.egg-info/SOURCES.txt'
[2.462s] running build
[2.462s] running build_py
[2.463s] running install
[2.464s] running install_lib
[2.465s] running install_data
[2.465s] running install_egg_info
[2.468s] removing '/home/dtc-mrsd/Downloads/ros2_gimbal_ws/install/yolo_detection/lib/python3.10/site-packages/yolo_detection-0.0.1-py3.10.egg-info' (and everything under it)
[2.469s] Copying ../../build/yolo_detection/yolo_detection.egg-info to /home/dtc-mrsd/Downloads/ros2_gimbal_ws/install/yolo_detection/lib/python3.10/site-packages/yolo_detection-0.0.1-py3.10.egg-info
[2.469s] running install_scripts
[2.496s] Installing yolo_detection_node script to /home/dtc-mrsd/Downloads/ros2_gimbal_ws/install/yolo_detection/lib/yolo_detection
[2.497s] writing list of installed files to '/home/dtc-mrsd/Downloads/ros2_gimbal_ws/build/yolo_detection/install.log'
[2.534s] Invoked command in '/home/dtc-mrsd/Downloads/ros2_gimbal_ws/src/yolo_detection' returned '0': PYTHONPATH=/home/dtc-mrsd/Downloads/ros2_gimbal_ws/build/yolo_detection/prefix_override:/usr/lib/python3/dist-packages/colcon_core/task/python/colcon_distutils_commands:/home/dtc-mrsd/Downloads/ros2_gimbal_ws/install/yolo_detection/lib/python3.10/site-packages:${PYTHONPATH} /usr/bin/python3 -W ignore:setup.py install is deprecated -W ignore:easy_install command is deprecated setup.py egg_info --egg-base ../../build/yolo_detection build --build-base /home/dtc-mrsd/Downloads/ros2_gimbal_ws/build/yolo_detection/build install --record /home/dtc-mrsd/Downloads/ros2_gimbal_ws/build/yolo_detection/install.log --single-version-externally-managed install_data
