[1.978s] Invoking command in '/home/dtc/humanflow/ros2_ghadron_gimbal/src/human_tracking': PYTHONPATH=/home/dtc/humanflow/ros2_ghadron_gimbal/build/human_tracking/prefix_override:/usr/lib/python3/dist-packages/colcon_core/task/python/colcon_distutils_commands:/home/dtc/humanflow/ros2_ghadron_gimbal/install/human_tracking/lib/python3.10/site-packages:${PYTHONPATH} /usr/bin/python3 -W ignore:setup.py install is deprecated -W ignore:easy_install command is deprecated setup.py egg_info --egg-base ../../build/human_tracking build --build-base /home/dtc/humanflow/ros2_ghadron_gimbal/build/human_tracking/build install --record /home/dtc/humanflow/ros2_ghadron_gimbal/build/human_tracking/install.log --single-version-externally-managed install_data
[2.536s] running egg_info
[2.537s] writing ../../build/human_tracking/human_tracking.egg-info/PKG-INFO
[2.537s] writing dependency_links to ../../build/human_tracking/human_tracking.egg-info/dependency_links.txt
[2.537s] writing entry points to ../../build/human_tracking/human_tracking.egg-info/entry_points.txt
[2.537s] writing requirements to ../../build/human_tracking/human_tracking.egg-info/requires.txt
[2.545s] writing top-level names to ../../build/human_tracking/human_tracking.egg-info/top_level.txt
[2.547s] reading manifest file '../../build/human_tracking/human_tracking.egg-info/SOURCES.txt'
[2.548s] writing manifest file '../../build/human_tracking/human_tracking.egg-info/SOURCES.txt'
[2.549s] running build
[2.550s] running build_py
[2.551s] copying human_tracking/tracking_node.py -> /home/dtc/humanflow/ros2_ghadron_gimbal/build/human_tracking/build/lib/human_tracking
[2.552s] running install
[2.554s] running install_lib
[2.555s] copying /home/dtc/humanflow/ros2_ghadron_gimbal/build/human_tracking/build/lib/human_tracking/tracking_node.py -> /home/dtc/humanflow/ros2_ghadron_gimbal/install/human_tracking/lib/python3.10/site-packages/human_tracking
[2.556s] byte-compiling /home/dtc/humanflow/ros2_ghadron_gimbal/install/human_tracking/lib/python3.10/site-packages/human_tracking/tracking_node.py to tracking_node.cpython-310.pyc
[2.559s] running install_data
[2.560s] running install_egg_info
[2.572s] removing '/home/dtc/humanflow/ros2_ghadron_gimbal/install/human_tracking/lib/python3.10/site-packages/human_tracking-0.0.1-py3.10.egg-info' (and everything under it)
[2.573s] Copying ../../build/human_tracking/human_tracking.egg-info to /home/dtc/humanflow/ros2_ghadron_gimbal/install/human_tracking/lib/python3.10/site-packages/human_tracking-0.0.1-py3.10.egg-info
[2.573s] running install_scripts
[2.640s] Installing tracking_node script to /home/dtc/humanflow/ros2_ghadron_gimbal/install/human_tracking/lib/human_tracking
[2.642s] writing list of installed files to '/home/dtc/humanflow/ros2_ghadron_gimbal/build/human_tracking/install.log'
[3.274s] Invoked command in '/home/dtc/humanflow/ros2_ghadron_gimbal/src/human_tracking' returned '0': PYTHONPATH=/home/dtc/humanflow/ros2_ghadron_gimbal/build/human_tracking/prefix_override:/usr/lib/python3/dist-packages/colcon_core/task/python/colcon_distutils_commands:/home/dtc/humanflow/ros2_ghadron_gimbal/install/human_tracking/lib/python3.10/site-packages:${PYTHONPATH} /usr/bin/python3 -W ignore:setup.py install is deprecated -W ignore:easy_install command is deprecated setup.py egg_info --egg-base ../../build/human_tracking build --build-base /home/dtc/humanflow/ros2_ghadron_gimbal/build/human_tracking/build install --record /home/dtc/humanflow/ros2_ghadron_gimbal/build/human_tracking/install.log --single-version-externally-managed install_data
