[1.772s] Invoking command in '/home/dtc-mrsd/Downloads/ros2_gimbal_ws/src/yolo_detection': PYTHONPATH=/home/dtc-mrsd/Downloads/ros2_gimbal_ws/build/yolo_detection/prefix_override:/usr/lib/python3/dist-packages/colcon_core/task/python/colcon_distutils_commands:/home/dtc-mrsd/Downloads/ros2_gimbal_ws/install/yolo_detection/lib/python3.10/site-packages:${PYTHONPATH} /usr/bin/python3 -W ignore:setup.py install is deprecated -W ignore:easy_install command is deprecated setup.py egg_info --egg-base ../../build/yolo_detection build --build-base /home/dtc-mrsd/Downloads/ros2_gimbal_ws/build/yolo_detection/build install --record /home/dtc-mrsd/Downloads/ros2_gimbal_ws/build/yolo_detection/install.log --single-version-externally-managed install_data
[2.054s] running egg_info
[2.055s] writing ../../build/yolo_detection/yolo_detection.egg-info/PKG-INFO
[2.055s] writing dependency_links to ../../build/yolo_detection/yolo_detection.egg-info/dependency_links.txt
[2.055s] writing entry points to ../../build/yolo_detection/yolo_detection.egg-info/entry_points.txt
[2.055s] writing requirements to ../../build/yolo_detection/yolo_detection.egg-info/requires.txt
[2.055s] writing top-level names to ../../build/yolo_detection/yolo_detection.egg-info/top_level.txt
[2.059s] reading manifest file '../../build/yolo_detection/yolo_detection.egg-info/SOURCES.txt'
[2.060s] writing manifest file '../../build/yolo_detection/yolo_detection.egg-info/SOURCES.txt'
[2.060s] running build
[2.060s] running build_py
[2.060s] running install
[2.060s] running install_lib
[2.062s] running install_data
[2.062s] running install_egg_info
[2.064s] removing '/home/dtc-mrsd/Downloads/ros2_gimbal_ws/install/yolo_detection/lib/python3.10/site-packages/yolo_detection-0.0.1-py3.10.egg-info' (and everything under it)
[2.065s] Copying ../../build/yolo_detection/yolo_detection.egg-info to /home/dtc-mrsd/Downloads/ros2_gimbal_ws/install/yolo_detection/lib/python3.10/site-packages/yolo_detection-0.0.1-py3.10.egg-info
[2.065s] running install_scripts
[2.092s] Installing yolo_detection_node script to /home/dtc-mrsd/Downloads/ros2_gimbal_ws/install/yolo_detection/lib/yolo_detection
[2.092s] writing list of installed files to '/home/dtc-mrsd/Downloads/ros2_gimbal_ws/build/yolo_detection/install.log'
[2.139s] Invoked command in '/home/dtc-mrsd/Downloads/ros2_gimbal_ws/src/yolo_detection' returned '0': PYTHONPATH=/home/dtc-mrsd/Downloads/ros2_gimbal_ws/build/yolo_detection/prefix_override:/usr/lib/python3/dist-packages/colcon_core/task/python/colcon_distutils_commands:/home/dtc-mrsd/Downloads/ros2_gimbal_ws/install/yolo_detection/lib/python3.10/site-packages:${PYTHONPATH} /usr/bin/python3 -W ignore:setup.py install is deprecated -W ignore:easy_install command is deprecated setup.py egg_info --egg-base ../../build/yolo_detection build --build-base /home/dtc-mrsd/Downloads/ros2_gimbal_ws/build/yolo_detection/build install --record /home/dtc-mrsd/Downloads/ros2_gimbal_ws/build/yolo_detection/install.log --single-version-externally-managed install_data
