[0.044s] Invoking command in '/home/dtc/humanflow/ros2_ghadron_gimbal/build/eo_zoom': CMAKE_PREFIX_PATH=/opt/ros/humble /usr/bin/cmake --build /home/dtc/humanflow/ros2_ghadron_gimbal/build/eo_zoom -- -j4 -l4
[0.638s] -- GHADRON: 1
[0.638s] -- Found ament_cmake: 1.3.11 (/opt/ros/humble/share/ament_cmake/cmake)
[0.638s] -- Found rclcpp: 16.0.11 (/opt/ros/humble/share/rclcpp/cmake)
[0.638s] -- Found rosidl_generator_c: 3.1.6 (/opt/ros/humble/share/rosidl_generator_c/cmake)
[0.639s] -- Found rosidl_adapter: 3.1.6 (/opt/ros/humble/share/rosidl_adapter/cmake)
[0.639s] -- Found rosidl_generator_cpp: 3.1.6 (/opt/ros/humble/share/rosidl_generator_cpp/cmake)
[0.639s] -- Using all available rosidl_typesupport_c: rosidl_typesupport_fastrtps_c;rosidl_typesupport_introspection_c
[0.690s] -- Using all available rosidl_typesupport_cpp: rosidl_typesupport_fastrtps_cpp;rosidl_typesupport_introspection_cpp
[0.788s] -- Found rmw_implementation_cmake: 6.1.2 (/opt/ros/humble/share/rmw_implementation_cmake/cmake)
[0.792s] -- Found rmw_fastrtps_cpp: 6.2.7 (/opt/ros/humble/share/rmw_fastrtps_cpp/cmake)
[1.003s] -- Using RMW implementation 'rmw_fastrtps_cpp' as default
[1.183s] CMake Error at CMakeLists.txt:45 (message):
[1.185s]   Failed to build PayloadSDK: CMake Error: The source directory
[1.186s]   "/home/dtc/humanflow/ros2_ghadron_gimbal/src/PayloadSdk" does not appear to
[1.187s]   contain CMakeLists.txt.
[1.188s] 
[1.188s]   Specify --help for usage, or press the help button on the CMake GUI.
[1.189s] 
[1.190s] 
[1.191s] 
[1.193s] -- Configuring incomplete, errors occurred!
[1.194s] See also "/home/dtc/humanflow/ros2_ghadron_gimbal/build/eo_zoom/CMakeFiles/CMakeOutput.log".
[1.199s] gmake: *** [Makefile:267: cmake_check_build_system] Error 1
