[0.287s] Invoking command in '/home/dtc-mrsd/Downloads/ros2_gimbal_ws/build/ir_zoom': /usr/bin/cmake --build /home/dtc-mrsd/Downloads/ros2_gimbal_ws/build/ir_zoom -- -j12 -l12
[0.838s] [100%] Built target ir_zoom_node
[0.859s] Invoked command in '/home/dtc-mrsd/Downloads/ros2_gimbal_ws/build/ir_zoom' returned '0': /usr/bin/cmake --build /home/dtc-mrsd/Downloads/ros2_gimbal_ws/build/ir_zoom -- -j12 -l12
[0.861s] Invoking command in '/home/dtc-mrsd/Downloads/ros2_gimbal_ws/build/ir_zoom': /usr/bin/cmake --install /home/dtc-mrsd/Downloads/ros2_gimbal_ws/build/ir_zoom
[0.904s] -- Install configuration: "Debug"
[0.905s] -- Up-to-date: /home/dtc-mrsd/Downloads/ros2_gimbal_ws/install/ir_zoom/lib/ir_zoom/ir_zoom_node
[0.905s] -- Up-to-date: /home/dtc-mrsd/Downloads/ros2_gimbal_ws/install/ir_zoom/share/ament_index/resource_index/package_run_dependencies/ir_zoom
[0.906s] -- Up-to-date: /home/dtc-mrsd/Downloads/ros2_gimbal_ws/install/ir_zoom/share/ament_index/resource_index/parent_prefix_path/ir_zoom
[0.906s] -- Up-to-date: /home/dtc-mrsd/Downloads/ros2_gimbal_ws/install/ir_zoom/share/ir_zoom/environment/ament_prefix_path.sh
[0.906s] -- Up-to-date: /home/dtc-mrsd/Downloads/ros2_gimbal_ws/install/ir_zoom/share/ir_zoom/environment/ament_prefix_path.dsv
[0.906s] -- Up-to-date: /home/dtc-mrsd/Downloads/ros2_gimbal_ws/install/ir_zoom/share/ir_zoom/environment/path.sh
[0.907s] -- Up-to-date: /home/dtc-mrsd/Downloads/ros2_gimbal_ws/install/ir_zoom/share/ir_zoom/environment/path.dsv
[0.907s] -- Up-to-date: /home/dtc-mrsd/Downloads/ros2_gimbal_ws/install/ir_zoom/share/ir_zoom/local_setup.bash
[0.907s] -- Up-to-date: /home/dtc-mrsd/Downloads/ros2_gimbal_ws/install/ir_zoom/share/ir_zoom/local_setup.sh
[0.907s] -- Up-to-date: /home/dtc-mrsd/Downloads/ros2_gimbal_ws/install/ir_zoom/share/ir_zoom/local_setup.zsh
[0.907s] -- Up-to-date: /home/dtc-mrsd/Downloads/ros2_gimbal_ws/install/ir_zoom/share/ir_zoom/local_setup.dsv
[0.908s] -- Installing: /home/dtc-mrsd/Downloads/ros2_gimbal_ws/install/ir_zoom/share/ir_zoom/package.dsv
[0.908s] -- Up-to-date: /home/dtc-mrsd/Downloads/ros2_gimbal_ws/install/ir_zoom/share/ament_index/resource_index/packages/ir_zoom
[0.908s] -- Up-to-date: /home/dtc-mrsd/Downloads/ros2_gimbal_ws/install/ir_zoom/share/ir_zoom/cmake/ir_zoomConfig.cmake
[0.908s] -- Up-to-date: /home/dtc-mrsd/Downloads/ros2_gimbal_ws/install/ir_zoom/share/ir_zoom/cmake/ir_zoomConfig-version.cmake
[0.908s] -- Up-to-date: /home/dtc-mrsd/Downloads/ros2_gimbal_ws/install/ir_zoom/share/ir_zoom/package.xml
[0.968s] Invoked command in '/home/dtc-mrsd/Downloads/ros2_gimbal_ws/build/ir_zoom' returned '0': /usr/bin/cmake --install /home/dtc-mrsd/Downloads/ros2_gimbal_ws/build/ir_zoom
