[2.015s] Invoking command in '/home/dtc-mrsd/Downloads/ros2_gimbal_ws/src/yolo_detection': PYTHONPATH=/home/dtc-mrsd/Downloads/ros2_gimbal_ws/build/yolo_detection/prefix_override:/usr/lib/python3/dist-packages/colcon_core/task/python/colcon_distutils_commands:/home/dtc-mrsd/Downloads/ros2_gimbal_ws/install/yolo_detection/lib/python3.10/site-packages:${PYTHONPATH} /usr/bin/python3 -W ignore:setup.py install is deprecated -W ignore:easy_install command is deprecated setup.py egg_info --egg-base ../../build/yolo_detection build --build-base /home/dtc-mrsd/Downloads/ros2_gimbal_ws/build/yolo_detection/build install --record /home/dtc-mrsd/Downloads/ros2_gimbal_ws/build/yolo_detection/install.log --single-version-externally-managed install_data
[2.326s] running egg_info
[2.327s] writing ../../build/yolo_detection/yolo_detection.egg-info/PKG-INFO
[2.327s] writing dependency_links to ../../build/yolo_detection/yolo_detection.egg-info/dependency_links.txt
[2.327s] writing entry points to ../../build/yolo_detection/yolo_detection.egg-info/entry_points.txt
[2.328s] writing requirements to ../../build/yolo_detection/yolo_detection.egg-info/requires.txt
[2.328s] writing top-level names to ../../build/yolo_detection/yolo_detection.egg-info/top_level.txt
[2.332s] reading manifest file '../../build/yolo_detection/yolo_detection.egg-info/SOURCES.txt'
[2.333s] writing manifest file '../../build/yolo_detection/yolo_detection.egg-info/SOURCES.txt'
[2.333s] running build
[2.333s] running build_py
[2.333s] running install
[2.334s] running install_lib
[2.335s] running install_data
[2.336s] running install_egg_info
[2.338s] removing '/home/dtc-mrsd/Downloads/ros2_gimbal_ws/install/yolo_detection/lib/python3.10/site-packages/yolo_detection-0.0.1-py3.10.egg-info' (and everything under it)
[2.338s] Copying ../../build/yolo_detection/yolo_detection.egg-info to /home/dtc-mrsd/Downloads/ros2_gimbal_ws/install/yolo_detection/lib/python3.10/site-packages/yolo_detection-0.0.1-py3.10.egg-info
[2.339s] running install_scripts
[2.368s] Installing yolo_detection_node script to /home/dtc-mrsd/Downloads/ros2_gimbal_ws/install/yolo_detection/lib/yolo_detection
[2.370s] writing list of installed files to '/home/dtc-mrsd/Downloads/ros2_gimbal_ws/build/yolo_detection/install.log'
[2.424s] Invoked command in '/home/dtc-mrsd/Downloads/ros2_gimbal_ws/src/yolo_detection' returned '0': PYTHONPATH=/home/dtc-mrsd/Downloads/ros2_gimbal_ws/build/yolo_detection/prefix_override:/usr/lib/python3/dist-packages/colcon_core/task/python/colcon_distutils_commands:/home/dtc-mrsd/Downloads/ros2_gimbal_ws/install/yolo_detection/lib/python3.10/site-packages:${PYTHONPATH} /usr/bin/python3 -W ignore:setup.py install is deprecated -W ignore:easy_install command is deprecated setup.py egg_info --egg-base ../../build/yolo_detection build --build-base /home/dtc-mrsd/Downloads/ros2_gimbal_ws/build/yolo_detection/build install --record /home/dtc-mrsd/Downloads/ros2_gimbal_ws/build/yolo_detection/install.log --single-version-externally-managed install_data
