[1.878s] Invoking command in '/home/dtc/humanflow/ros2_ghadron_gimbal/src/yolo_detection': PYTHONPATH=/home/dtc/humanflow/ros2_ghadron_gimbal/build/yolo_detection/prefix_override:/usr/lib/python3/dist-packages/colcon_core/task/python/colcon_distutils_commands:/home/dtc/humanflow/ros2_ghadron_gimbal/install/yolo_detection/lib/python3.10/site-packages:${PYTHONPATH} /usr/bin/python3 -W ignore:setup.py install is deprecated -W ignore:easy_install command is deprecated setup.py egg_info --egg-base ../../build/yolo_detection build --build-base /home/dtc/humanflow/ros2_ghadron_gimbal/build/yolo_detection/build install --record /home/dtc/humanflow/ros2_ghadron_gimbal/build/yolo_detection/install.log --single-version-externally-managed install_data
[2.339s] running egg_info
[2.341s] writing ../../build/yolo_detection/yolo_detection.egg-info/PKG-INFO
[2.342s] writing dependency_links to ../../build/yolo_detection/yolo_detection.egg-info/dependency_links.txt
[2.342s] writing entry points to ../../build/yolo_detection/yolo_detection.egg-info/entry_points.txt
[2.343s] writing requirements to ../../build/yolo_detection/yolo_detection.egg-info/requires.txt
[2.343s] writing top-level names to ../../build/yolo_detection/yolo_detection.egg-info/top_level.txt
[2.347s] reading manifest file '../../build/yolo_detection/yolo_detection.egg-info/SOURCES.txt'
[2.349s] writing manifest file '../../build/yolo_detection/yolo_detection.egg-info/SOURCES.txt'
[2.350s] running build
[2.351s] running build_py
[2.351s] running install
[2.352s] running install_lib
[2.355s] running install_data
[2.356s] running install_egg_info
[2.363s] removing '/home/dtc/humanflow/ros2_ghadron_gimbal/install/yolo_detection/lib/python3.10/site-packages/yolo_detection-0.0.1-py3.10.egg-info' (and everything under it)
[2.363s] Copying ../../build/yolo_detection/yolo_detection.egg-info to /home/dtc/humanflow/ros2_ghadron_gimbal/install/yolo_detection/lib/python3.10/site-packages/yolo_detection-0.0.1-py3.10.egg-info
[2.364s] running install_scripts
[2.412s] Installing yolo_detection_node script to /home/dtc/humanflow/ros2_ghadron_gimbal/install/yolo_detection/lib/yolo_detection
[2.413s] writing list of installed files to '/home/dtc/humanflow/ros2_ghadron_gimbal/build/yolo_detection/install.log'
[2.517s] Invoked command in '/home/dtc/humanflow/ros2_ghadron_gimbal/src/yolo_detection' returned '0': PYTHONPATH=/home/dtc/humanflow/ros2_ghadron_gimbal/build/yolo_detection/prefix_override:/usr/lib/python3/dist-packages/colcon_core/task/python/colcon_distutils_commands:/home/dtc/humanflow/ros2_ghadron_gimbal/install/yolo_detection/lib/python3.10/site-packages:${PYTHONPATH} /usr/bin/python3 -W ignore:setup.py install is deprecated -W ignore:easy_install command is deprecated setup.py egg_info --egg-base ../../build/yolo_detection build --build-base /home/dtc/humanflow/ros2_ghadron_gimbal/build/yolo_detection/build install --record /home/dtc/humanflow/ros2_ghadron_gimbal/build/yolo_detection/install.log --single-version-externally-managed install_data
