[1.109s] Invoking command in '/home/dtc-mrsd/Downloads/ros2_ghadron_gimbal/build/ir_image': CMAKE_PREFIX_PATH=${CMAKE_PREFIX_PATH}:/home/dtc-mrsd/Downloads/ros2_ghadron_gimbal/install/gimbal_bringup:/home/dtc-mrsd/Downloads/ros2_ghadron_gimbal/install/yolo_detection:/home/dtc-mrsd/Downloads/ros2_ghadron_gimbal/install/stream_publisher:/home/dtc-mrsd/Downloads/ros2_ghadron_gimbal/install/rtsp_viewer:/home/dtc-mrsd/Downloads/ros2_ghadron_gimbal/install/image_viewer:/home/dtc-mrsd/Downloads/ros2_ghadron_gimbal/install/human_tracking:/opt/ros/humble /usr/bin/cmake --build /home/dtc-mrsd/Downloads/ros2_ghadron_gimbal/build/ir_image -- -j12 -l12
[1.125s] [0mCMake Error: The current CMakeCache.txt directory /home/dtc-mrsd/Downloads/ros2_ghadron_gimbal/build/ir_image/CMakeCache.txt is different than the directory /home/dtc-mrsd/Downloads/ros2_gimbal_ws/build/ir_image where CMakeCache.txt was created. This may result in binaries being created in the wrong place. If you are not sure, reedit the CMakeCache.txt[0m
[1.151s] [0m-- GHADRON: 1[0m
[1.151s] -- Found ament_cmake: 1.3.11 (/opt/ros/humble/share/ament_cmake/cmake)
[1.328s] -- Found rclcpp: 16.0.11 (/opt/ros/humble/share/rclcpp/cmake)
[1.367s] -- Found rosidl_generator_c: 3.1.6 (/opt/ros/humble/share/rosidl_generator_c/cmake)
[1.372s] -- Found rosidl_adapter: 3.1.6 (/opt/ros/humble/share/rosidl_adapter/cmake)
[1.379s] -- Found rosidl_generator_cpp: 3.1.6 (/opt/ros/humble/share/rosidl_generator_cpp/cmake)
[1.392s] -- Using all available rosidl_typesupport_c: rosidl_typesupport_fastrtps_c;rosidl_typesupport_introspection_c
[1.409s] -- Using all available rosidl_typesupport_cpp: rosidl_typesupport_fastrtps_cpp;rosidl_typesupport_introspection_cpp
[1.455s] -- Found rmw_implementation_cmake: 6.1.2 (/opt/ros/humble/share/rmw_implementation_cmake/cmake)
[1.457s] -- Found rmw_fastrtps_cpp: 6.2.7 (/opt/ros/humble/share/rmw_fastrtps_cpp/cmake)
[1.613s] -- Using RMW implementation 'rmw_fastrtps_cpp' as default
[1.696s] -- Found sensor_msgs: 4.2.4 (/opt/ros/humble/share/sensor_msgs/cmake)
[1.749s] -- Found cv_bridge: 3.2.1 (/opt/ros/humble/share/cv_bridge/cmake)
[2.673s] -- Configuring done
[2.693s] -- Generating done
[2.700s] -- Build files have been written to: /home/dtc-mrsd/Downloads/ros2_gimbal_ws/build/ir_image
[2.744s] [35m[1mConsolidate compiler generated dependencies of target ir_image_node[0m
[2.768s] [100%] Built target ir_image_node
[2.791s] Invoked command in '/home/dtc-mrsd/Downloads/ros2_ghadron_gimbal/build/ir_image' returned '0': CMAKE_PREFIX_PATH=${CMAKE_PREFIX_PATH}:/home/dtc-mrsd/Downloads/ros2_ghadron_gimbal/install/gimbal_bringup:/home/dtc-mrsd/Downloads/ros2_ghadron_gimbal/install/yolo_detection:/home/dtc-mrsd/Downloads/ros2_ghadron_gimbal/install/stream_publisher:/home/dtc-mrsd/Downloads/ros2_ghadron_gimbal/install/rtsp_viewer:/home/dtc-mrsd/Downloads/ros2_ghadron_gimbal/install/image_viewer:/home/dtc-mrsd/Downloads/ros2_ghadron_gimbal/install/human_tracking:/opt/ros/humble /usr/bin/cmake --build /home/dtc-mrsd/Downloads/ros2_ghadron_gimbal/build/ir_image -- -j12 -l12
[2.793s] Invoking command in '/home/dtc-mrsd/Downloads/ros2_ghadron_gimbal/build/ir_image': CMAKE_PREFIX_PATH=${CMAKE_PREFIX_PATH}:/home/dtc-mrsd/Downloads/ros2_ghadron_gimbal/install/gimbal_bringup:/home/dtc-mrsd/Downloads/ros2_ghadron_gimbal/install/yolo_detection:/home/dtc-mrsd/Downloads/ros2_ghadron_gimbal/install/stream_publisher:/home/dtc-mrsd/Downloads/ros2_ghadron_gimbal/install/rtsp_viewer:/home/dtc-mrsd/Downloads/ros2_ghadron_gimbal/install/image_viewer:/home/dtc-mrsd/Downloads/ros2_ghadron_gimbal/install/human_tracking:/opt/ros/humble /usr/bin/cmake --install /home/dtc-mrsd/Downloads/ros2_ghadron_gimbal/build/ir_image
[2.802s] -- Install configuration: "Debug"
[2.803s] -- Up-to-date: /home/dtc-mrsd/Downloads/ros2_gimbal_ws/install/ir_image/lib/ir_image/ir_image_node
[2.803s] -- Up-to-date: /home/dtc-mrsd/Downloads/ros2_gimbal_ws/install/ir_image/share/ament_index/resource_index/package_run_dependencies/ir_image
[2.803s] -- Installing: /home/dtc-mrsd/Downloads/ros2_gimbal_ws/install/ir_image/share/ament_index/resource_index/parent_prefix_path/ir_image
[2.803s] -- Up-to-date: /home/dtc-mrsd/Downloads/ros2_gimbal_ws/install/ir_image/share/ir_image/environment/ament_prefix_path.sh
[2.803s] -- Installing: /home/dtc-mrsd/Downloads/ros2_gimbal_ws/install/ir_image/share/ir_image/environment/ament_prefix_path.dsv
[2.803s] -- Up-to-date: /home/dtc-mrsd/Downloads/ros2_gimbal_ws/install/ir_image/share/ir_image/environment/path.sh
[2.804s] -- Installing: /home/dtc-mrsd/Downloads/ros2_gimbal_ws/install/ir_image/share/ir_image/environment/path.dsv
[2.804s] -- Up-to-date: /home/dtc-mrsd/Downloads/ros2_gimbal_ws/install/ir_image/share/ir_image/local_setup.bash
[2.804s] -- Up-to-date: /home/dtc-mrsd/Downloads/ros2_gimbal_ws/install/ir_image/share/ir_image/local_setup.sh
[2.804s] -- Up-to-date: /home/dtc-mrsd/Downloads/ros2_gimbal_ws/install/ir_image/share/ir_image/local_setup.zsh
[2.804s] -- Installing: /home/dtc-mrsd/Downloads/ros2_gimbal_ws/install/ir_image/share/ir_image/local_setup.dsv
[2.804s] -- Installing: /home/dtc-mrsd/Downloads/ros2_gimbal_ws/install/ir_image/share/ir_image/package.dsv
[2.804s] -- Up-to-date: /home/dtc-mrsd/Downloads/ros2_gimbal_ws/install/ir_image/share/ament_index/resource_index/packages/ir_image
[2.804s] -- Up-to-date: /home/dtc-mrsd/Downloads/ros2_gimbal_ws/install/ir_image/share/ir_image/cmake/ir_imageConfig.cmake
[2.805s] -- Up-to-date: /home/dtc-mrsd/Downloads/ros2_gimbal_ws/install/ir_image/share/ir_image/cmake/ir_imageConfig-version.cmake
[2.805s] -- Up-to-date: /home/dtc-mrsd/Downloads/ros2_gimbal_ws/install/ir_image/share/ir_image/package.xml
[2.808s] Invoked command in '/home/dtc-mrsd/Downloads/ros2_ghadron_gimbal/build/ir_image' returned '0': CMAKE_PREFIX_PATH=${CMAKE_PREFIX_PATH}:/home/dtc-mrsd/Downloads/ros2_ghadron_gimbal/install/gimbal_bringup:/home/dtc-mrsd/Downloads/ros2_ghadron_gimbal/install/yolo_detection:/home/dtc-mrsd/Downloads/ros2_ghadron_gimbal/install/stream_publisher:/home/dtc-mrsd/Downloads/ros2_ghadron_gimbal/install/rtsp_viewer:/home/dtc-mrsd/Downloads/ros2_ghadron_gimbal/install/image_viewer:/home/dtc-mrsd/Downloads/ros2_ghadron_gimbal/install/human_tracking:/opt/ros/humble /usr/bin/cmake --install /home/dtc-mrsd/Downloads/ros2_ghadron_gimbal/build/ir_image
