[0.020s] Invoking command in '/home/dtc/humanflow/ros2_ghadron_gimbal/build/ir_image': /usr/bin/cmake --build /home/dtc/humanflow/ros2_ghadron_gimbal/build/ir_image -- -j4 -l4
[0.117s] [35m[1mConsolidate compiler generated dependencies of target ir_image_node[0m
[0.197s] [100%] Built target ir_image_node
[0.229s] Invoked command in '/home/dtc/humanflow/ros2_ghadron_gimbal/build/ir_image' returned '0': /usr/bin/cmake --build /home/dtc/humanflow/ros2_ghadron_gimbal/build/ir_image -- -j4 -l4
[0.231s] Invoking command in '/home/dtc/humanflow/ros2_ghadron_gimbal/build/ir_image': /usr/bin/cmake --install /home/dtc/humanflow/ros2_ghadron_gimbal/build/ir_image
[0.249s] -- Install configuration: "Debug"
[0.252s] -- Up-to-date: /home/dtc/humanflow/ros2_ghadron_gimbal/install/ir_image/lib/ir_image/ir_image_node
[0.253s] -- Up-to-date: /home/dtc/humanflow/ros2_ghadron_gimbal/install/ir_image/share/ament_index/resource_index/package_run_dependencies/ir_image
[0.255s] -- Up-to-date: /home/dtc/humanflow/ros2_ghadron_gimbal/install/ir_image/share/ament_index/resource_index/parent_prefix_path/ir_image
[0.256s] -- Up-to-date: /home/dtc/humanflow/ros2_ghadron_gimbal/install/ir_image/share/ir_image/environment/ament_prefix_path.sh
[0.258s] -- Up-to-date: /home/dtc/humanflow/ros2_ghadron_gimbal/install/ir_image/share/ir_image/environment/ament_prefix_path.dsv
[0.259s] -- Up-to-date: /home/dtc/humanflow/ros2_ghadron_gimbal/install/ir_image/share/ir_image/environment/path.sh
[0.260s] -- Up-to-date: /home/dtc/humanflow/ros2_ghadron_gimbal/install/ir_image/share/ir_image/environment/path.dsv
[0.262s] -- Up-to-date: /home/dtc/humanflow/ros2_ghadron_gimbal/install/ir_image/share/ir_image/local_setup.bash
[0.263s] -- Up-to-date: /home/dtc/humanflow/ros2_ghadron_gimbal/install/ir_image/share/ir_image/local_setup.sh
[0.265s] -- Up-to-date: /home/dtc/humanflow/ros2_ghadron_gimbal/install/ir_image/share/ir_image/local_setup.zsh
[0.266s] -- Up-to-date: /home/dtc/humanflow/ros2_ghadron_gimbal/install/ir_image/share/ir_image/local_setup.dsv
[0.268s] -- Installing: /home/dtc/humanflow/ros2_ghadron_gimbal/install/ir_image/share/ir_image/package.dsv
[0.271s] -- Up-to-date: /home/dtc/humanflow/ros2_ghadron_gimbal/install/ir_image/share/ament_index/resource_index/packages/ir_image
[0.272s] -- Up-to-date: /home/dtc/humanflow/ros2_ghadron_gimbal/install/ir_image/share/ir_image/cmake/ir_imageConfig.cmake
[0.274s] -- Up-to-date: /home/dtc/humanflow/ros2_ghadron_gimbal/install/ir_image/share/ir_image/cmake/ir_imageConfig-version.cmake
[0.275s] -- Up-to-date: /home/dtc/humanflow/ros2_ghadron_gimbal/install/ir_image/share/ir_image/package.xml
[0.282s] Invoked command in '/home/dtc/humanflow/ros2_ghadron_gimbal/build/ir_image' returned '0': /usr/bin/cmake --install /home/dtc/humanflow/ros2_ghadron_gimbal/build/ir_image
