[1.112s] Invoking command in '/home/dtc-mrsd/Downloads/ros2_ghadron_gimbal/build/ir_image': CMAKE_PREFIX_PATH=/opt/ros/humble /usr/bin/cmake --build /home/dtc-mrsd/Downloads/ros2_ghadron_gimbal/build/ir_image -- -j12 -l12
[1.125s] [0mCMake Error: The current CMakeCache.txt directory /home/dtc-mrsd/Downloads/ros2_ghadron_gimbal/build/ir_image/CMakeCache.txt is different than the directory /home/dtc-mrsd/Downloads/ros2_gimbal_ws/build/ir_image where CMakeCache.txt was created. This may result in binaries being created in the wrong place. If you are not sure, reedit the CMakeCache.txt[0m
[1.154s] [0m-- GHADRON: 1[0m
[1.154s] -- Found ament_cmake: 1.3.11 (/opt/ros/humble/share/ament_cmake/cmake)
[1.330s] -- Found rclcpp: 16.0.11 (/opt/ros/humble/share/rclcpp/cmake)
[1.376s] -- Found rosidl_generator_c: 3.1.6 (/opt/ros/humble/share/rosidl_generator_c/cmake)
[1.380s] -- Found rosidl_adapter: 3.1.6 (/opt/ros/humble/share/rosidl_adapter/cmake)
[1.389s] -- Found rosidl_generator_cpp: 3.1.6 (/opt/ros/humble/share/rosidl_generator_cpp/cmake)
[1.403s] -- Using all available rosidl_typesupport_c: rosidl_typesupport_fastrtps_c;rosidl_typesupport_introspection_c
[1.421s] -- Using all available rosidl_typesupport_cpp: rosidl_typesupport_fastrtps_cpp;rosidl_typesupport_introspection_cpp
[1.462s] -- Found rmw_implementation_cmake: 6.1.2 (/opt/ros/humble/share/rmw_implementation_cmake/cmake)
[1.463s] -- Found rmw_fastrtps_cpp: 6.2.7 (/opt/ros/humble/share/rmw_fastrtps_cpp/cmake)
[1.615s] -- Using RMW implementation 'rmw_fastrtps_cpp' as default
[1.701s] -- Found sensor_msgs: 4.2.4 (/opt/ros/humble/share/sensor_msgs/cmake)
[1.752s] -- Found cv_bridge: 3.2.1 (/opt/ros/humble/share/cv_bridge/cmake)
[2.620s] -- Configuring done
[2.635s] -- Generating done
[2.640s] -- Build files have been written to: /home/dtc-mrsd/Downloads/ros2_gimbal_ws/build/ir_image
[2.678s] [35m[1mConsolidate compiler generated dependencies of target ir_image_node[0m
[2.705s] [100%] Built target ir_image_node
[2.735s] Invoked command in '/home/dtc-mrsd/Downloads/ros2_ghadron_gimbal/build/ir_image' returned '0': CMAKE_PREFIX_PATH=/opt/ros/humble /usr/bin/cmake --build /home/dtc-mrsd/Downloads/ros2_ghadron_gimbal/build/ir_image -- -j12 -l12
[2.737s] Invoking command in '/home/dtc-mrsd/Downloads/ros2_ghadron_gimbal/build/ir_image': CMAKE_PREFIX_PATH=/opt/ros/humble /usr/bin/cmake --install /home/dtc-mrsd/Downloads/ros2_ghadron_gimbal/build/ir_image
[2.749s] -- Install configuration: "Debug"
[2.749s] -- Up-to-date: /home/dtc-mrsd/Downloads/ros2_gimbal_ws/install/ir_image/lib/ir_image/ir_image_node
[2.749s] -- Up-to-date: /home/dtc-mrsd/Downloads/ros2_gimbal_ws/install/ir_image/share/ament_index/resource_index/package_run_dependencies/ir_image
[2.749s] -- Installing: /home/dtc-mrsd/Downloads/ros2_gimbal_ws/install/ir_image/share/ament_index/resource_index/parent_prefix_path/ir_image
[2.749s] -- Up-to-date: /home/dtc-mrsd/Downloads/ros2_gimbal_ws/install/ir_image/share/ir_image/environment/ament_prefix_path.sh
[2.750s] -- Installing: /home/dtc-mrsd/Downloads/ros2_gimbal_ws/install/ir_image/share/ir_image/environment/ament_prefix_path.dsv
[2.750s] -- Up-to-date: /home/dtc-mrsd/Downloads/ros2_gimbal_ws/install/ir_image/share/ir_image/environment/path.sh
[2.750s] -- Installing: /home/dtc-mrsd/Downloads/ros2_gimbal_ws/install/ir_image/share/ir_image/environment/path.dsv
[2.750s] -- Up-to-date: /home/dtc-mrsd/Downloads/ros2_gimbal_ws/install/ir_image/share/ir_image/local_setup.bash
[2.750s] -- Up-to-date: /home/dtc-mrsd/Downloads/ros2_gimbal_ws/install/ir_image/share/ir_image/local_setup.sh
[2.751s] -- Up-to-date: /home/dtc-mrsd/Downloads/ros2_gimbal_ws/install/ir_image/share/ir_image/local_setup.zsh
[2.751s] -- Installing: /home/dtc-mrsd/Downloads/ros2_gimbal_ws/install/ir_image/share/ir_image/local_setup.dsv
[2.751s] -- Installing: /home/dtc-mrsd/Downloads/ros2_gimbal_ws/install/ir_image/share/ir_image/package.dsv
[2.751s] -- Up-to-date: /home/dtc-mrsd/Downloads/ros2_gimbal_ws/install/ir_image/share/ament_index/resource_index/packages/ir_image
[2.751s] -- Up-to-date: /home/dtc-mrsd/Downloads/ros2_gimbal_ws/install/ir_image/share/ir_image/cmake/ir_imageConfig.cmake
[2.751s] -- Up-to-date: /home/dtc-mrsd/Downloads/ros2_gimbal_ws/install/ir_image/share/ir_image/cmake/ir_imageConfig-version.cmake
[2.751s] -- Up-to-date: /home/dtc-mrsd/Downloads/ros2_gimbal_ws/install/ir_image/share/ir_image/package.xml
[3.056s] Invoked command in '/home/dtc-mrsd/Downloads/ros2_ghadron_gimbal/build/ir_image' returned '0': CMAKE_PREFIX_PATH=/opt/ros/humble /usr/bin/cmake --install /home/dtc-mrsd/Downloads/ros2_ghadron_gimbal/build/ir_image
