[1.937s] Invoking command in '/home/dtc/humanflow/ros2_ghadron_gimbal/src/yolo_detection': PYTHONPATH=/home/dtc/humanflow/ros2_ghadron_gimbal/build/yolo_detection/prefix_override:/usr/lib/python3/dist-packages/colcon_core/task/python/colcon_distutils_commands:/home/dtc/humanflow/ros2_ghadron_gimbal/install/yolo_detection/lib/python3.10/site-packages:${PYTHONPATH} /usr/bin/python3 -W ignore:setup.py install is deprecated -W ignore:easy_install command is deprecated setup.py egg_info --egg-base ../../build/yolo_detection build --build-base /home/dtc/humanflow/ros2_ghadron_gimbal/build/yolo_detection/build install --record /home/dtc/humanflow/ros2_ghadron_gimbal/build/yolo_detection/install.log --single-version-externally-managed install_data
[2.437s] running egg_info
[2.438s] writing ../../build/yolo_detection/yolo_detection.egg-info/PKG-INFO
[2.440s] writing dependency_links to ../../build/yolo_detection/yolo_detection.egg-info/dependency_links.txt
[2.444s] writing entry points to ../../build/yolo_detection/yolo_detection.egg-info/entry_points.txt
[2.447s] writing requirements to ../../build/yolo_detection/yolo_detection.egg-info/requires.txt
[2.448s] writing top-level names to ../../build/yolo_detection/yolo_detection.egg-info/top_level.txt
[2.453s] reading manifest file '../../build/yolo_detection/yolo_detection.egg-info/SOURCES.txt'
[2.453s] writing manifest file '../../build/yolo_detection/yolo_detection.egg-info/SOURCES.txt'
[2.453s] running build
[2.453s] running build_py
[2.453s] running install
[2.454s] running install_lib
[2.459s] running install_data
[2.460s] running install_egg_info
[2.469s] removing '/home/dtc/humanflow/ros2_ghadron_gimbal/install/yolo_detection/lib/python3.10/site-packages/yolo_detection-0.0.1-py3.10.egg-info' (and everything under it)
[2.493s] Copying ../../build/yolo_detection/yolo_detection.egg-info to /home/dtc/humanflow/ros2_ghadron_gimbal/install/yolo_detection/lib/python3.10/site-packages/yolo_detection-0.0.1-py3.10.egg-info
[2.493s] running install_scripts
[2.536s] Installing yolo_detection_node script to /home/dtc/humanflow/ros2_ghadron_gimbal/install/yolo_detection/lib/yolo_detection
[2.537s] writing list of installed files to '/home/dtc/humanflow/ros2_ghadron_gimbal/build/yolo_detection/install.log'
[2.627s] Invoked command in '/home/dtc/humanflow/ros2_ghadron_gimbal/src/yolo_detection' returned '0': PYTHONPATH=/home/dtc/humanflow/ros2_ghadron_gimbal/build/yolo_detection/prefix_override:/usr/lib/python3/dist-packages/colcon_core/task/python/colcon_distutils_commands:/home/dtc/humanflow/ros2_ghadron_gimbal/install/yolo_detection/lib/python3.10/site-packages:${PYTHONPATH} /usr/bin/python3 -W ignore:setup.py install is deprecated -W ignore:easy_install command is deprecated setup.py egg_info --egg-base ../../build/yolo_detection build --build-base /home/dtc/humanflow/ros2_ghadron_gimbal/build/yolo_detection/build install --record /home/dtc/humanflow/ros2_ghadron_gimbal/build/yolo_detection/install.log --single-version-externally-managed install_data
