[0.168s] DEBUG:colcon:Command line arguments: ['/usr/bin/colcon', 'build', '--packages-select', 'gimbal_bringup', 'gimbal_angle_control', 'gimbal_status', 'stream_publisher', 'image_viewer', 'yolo_detection', 'human_tracking', 'PayloadSdk', '--cmake-args', '-DGHADRON=1']
[0.168s] DEBUG:colcon:Parsed command line arguments: Namespace(log_base=None, log_level=None, verb_name='build', build_base='build', install_base='install', merge_install=False, symlink_install=False, test_result_base=None, continue_on_error=False, executor='parallel', parallel_workers=12, event_handlers=None, ignore_user_meta=False, metas=['./colcon.meta'], base_paths=['.'], packages_ignore=None, packages_ignore_regex=None, paths=None, packages_up_to=None, packages_up_to_regex=None, packages_above=None, packages_above_and_dependencies=None, packages_above_depth=None, packages_select_by_dep=None, packages_skip_by_dep=None, packages_skip_up_to=None, packages_select_build_failed=False, packages_skip_build_finished=False, packages_select_test_failures=False, packages_skip_test_passed=False, packages_select=['gimbal_bringup', 'gimbal_angle_control', 'gimbal_status', 'stream_publisher', 'image_viewer', 'yolo_detection', 'human_tracking', 'PayloadSdk'], packages_skip=None, packages_select_regex=None, packages_skip_regex=None, packages_start=None, packages_end=None, allow_overriding=[], cmake_args=['-DGHADRON=1'], cmake_target=None, cmake_target_skip_unavailable=False, cmake_clean_cache=False, cmake_clean_first=False, cmake_force_configure=False, ament_cmake_args=None, catkin_cmake_args=None, catkin_skip_building_tests=False, mixin_files=None, mixin=None, verb_parser=<colcon_mixin.mixin.mixin_argument.MixinArgumentDecorator object at 0x77d4ae135180>, verb_extension=<colcon_core.verb.build.BuildVerb object at 0x77d4ae134cd0>, main=<bound method BuildVerb.main of <colcon_core.verb.build.BuildVerb object at 0x77d4ae134cd0>>, mixin_verb=('build',))
[0.503s] Level 1:colcon.colcon_core.package_discovery:discover_packages(colcon_meta) check parameters
[0.503s] Level 1:colcon.colcon_core.package_discovery:discover_packages(recursive) check parameters
[0.503s] Level 1:colcon.colcon_core.package_discovery:discover_packages(ignore) check parameters
[0.503s] Level 1:colcon.colcon_core.package_discovery:discover_packages(path) check parameters
[0.503s] Level 1:colcon.colcon_core.package_discovery:discover_packages(colcon_meta) discover
[0.503s] Level 1:colcon.colcon_core.package_discovery:discover_packages(recursive) discover
[0.503s] INFO:colcon.colcon_core.package_discovery:Crawling recursively for packages in '/home/dtc-mrsd/Downloads/ros2_ghadron_gimbal'
[0.503s] Level 1:colcon.colcon_core.package_identification:_identify(.) by extensions ['ignore', 'ignore_ament_install']
[0.504s] Level 1:colcon.colcon_core.package_identification:_identify(.) by extension 'ignore'
[0.504s] Level 1:colcon.colcon_core.package_identification:_identify(.) by extension 'ignore_ament_install'
[0.504s] Level 1:colcon.colcon_core.package_identification:_identify(.) by extensions ['colcon_pkg']
[0.504s] Level 1:colcon.colcon_core.package_identification:_identify(.) by extension 'colcon_pkg'
[0.504s] Level 1:colcon.colcon_core.package_identification:_identify(.) by extensions ['colcon_meta']
[0.504s] Level 1:colcon.colcon_core.package_identification:_identify(.) by extension 'colcon_meta'
[0.504s] Level 1:colcon.colcon_core.package_identification:_identify(.) by extensions ['ros']
[0.504s] Level 1:colcon.colcon_core.package_identification:_identify(.) by extension 'ros'
[0.522s] Level 1:colcon.colcon_core.package_identification:_identify(.) by extensions ['cmake', 'python']
[0.523s] Level 1:colcon.colcon_core.package_identification:_identify(.) by extension 'cmake'
[0.523s] Level 1:colcon.colcon_core.package_identification:_identify(.) by extension 'python'
[0.523s] Level 1:colcon.colcon_core.package_identification:_identify(.) by extensions ['python_setup_py']
[0.523s] Level 1:colcon.colcon_core.package_identification:_identify(.) by extension 'python_setup_py'
[0.523s] Level 1:colcon.colcon_core.package_identification:_identify(build) by extensions ['ignore', 'ignore_ament_install']
[0.523s] Level 1:colcon.colcon_core.package_identification:_identify(build) by extension 'ignore'
[0.523s] Level 1:colcon.colcon_core.package_identification:_identify(build) ignored
[0.523s] Level 1:colcon.colcon_core.package_identification:_identify(install) by extensions ['ignore', 'ignore_ament_install']
[0.523s] Level 1:colcon.colcon_core.package_identification:_identify(install) by extension 'ignore'
[0.523s] Level 1:colcon.colcon_core.package_identification:_identify(install) ignored
[0.523s] Level 1:colcon.colcon_core.package_identification:_identify(log) by extensions ['ignore', 'ignore_ament_install']
[0.524s] Level 1:colcon.colcon_core.package_identification:_identify(log) by extension 'ignore'
[0.524s] Level 1:colcon.colcon_core.package_identification:_identify(log) ignored
[0.524s] Level 1:colcon.colcon_core.package_identification:_identify(mcap_recording) by extensions ['ignore', 'ignore_ament_install']
[0.524s] Level 1:colcon.colcon_core.package_identification:_identify(mcap_recording) by extension 'ignore'
[0.524s] Level 1:colcon.colcon_core.package_identification:_identify(mcap_recording) by extension 'ignore_ament_install'
[0.524s] Level 1:colcon.colcon_core.package_identification:_identify(mcap_recording) by extensions ['colcon_pkg']
[0.524s] Level 1:colcon.colcon_core.package_identification:_identify(mcap_recording) by extension 'colcon_pkg'
[0.524s] Level 1:colcon.colcon_core.package_identification:_identify(mcap_recording) by extensions ['colcon_meta']
[0.524s] Level 1:colcon.colcon_core.package_identification:_identify(mcap_recording) by extension 'colcon_meta'
[0.524s] Level 1:colcon.colcon_core.package_identification:_identify(mcap_recording) by extensions ['ros']
[0.524s] Level 1:colcon.colcon_core.package_identification:_identify(mcap_recording) by extension 'ros'
[0.524s] Level 1:colcon.colcon_core.package_identification:_identify(mcap_recording) by extensions ['cmake', 'python']
[0.524s] Level 1:colcon.colcon_core.package_identification:_identify(mcap_recording) by extension 'cmake'
[0.524s] Level 1:colcon.colcon_core.package_identification:_identify(mcap_recording) by extension 'python'
[0.524s] Level 1:colcon.colcon_core.package_identification:_identify(mcap_recording) by extensions ['python_setup_py']
[0.524s] Level 1:colcon.colcon_core.package_identification:_identify(mcap_recording) by extension 'python_setup_py'
[0.524s] Level 1:colcon.colcon_core.package_identification:_identify(mcap_recording/mcap_recording_20250227_022153) by extensions ['ignore', 'ignore_ament_install']
[0.525s] Level 1:colcon.colcon_core.package_identification:_identify(mcap_recording/mcap_recording_20250227_022153) by extension 'ignore'
[0.525s] Level 1:colcon.colcon_core.package_identification:_identify(mcap_recording/mcap_recording_20250227_022153) by extension 'ignore_ament_install'
[0.525s] Level 1:colcon.colcon_core.package_identification:_identify(mcap_recording/mcap_recording_20250227_022153) by extensions ['colcon_pkg']
[0.525s] Level 1:colcon.colcon_core.package_identification:_identify(mcap_recording/mcap_recording_20250227_022153) by extension 'colcon_pkg'
[0.525s] Level 1:colcon.colcon_core.package_identification:_identify(mcap_recording/mcap_recording_20250227_022153) by extensions ['colcon_meta']
[0.525s] Level 1:colcon.colcon_core.package_identification:_identify(mcap_recording/mcap_recording_20250227_022153) by extension 'colcon_meta'
[0.525s] Level 1:colcon.colcon_core.package_identification:_identify(mcap_recording/mcap_recording_20250227_022153) by extensions ['ros']
[0.525s] Level 1:colcon.colcon_core.package_identification:_identify(mcap_recording/mcap_recording_20250227_022153) by extension 'ros'
[0.525s] Level 1:colcon.colcon_core.package_identification:_identify(mcap_recording/mcap_recording_20250227_022153) by extensions ['cmake', 'python']
[0.525s] Level 1:colcon.colcon_core.package_identification:_identify(mcap_recording/mcap_recording_20250227_022153) by extension 'cmake'
[0.525s] Level 1:colcon.colcon_core.package_identification:_identify(mcap_recording/mcap_recording_20250227_022153) by extension 'python'
[0.525s] Level 1:colcon.colcon_core.package_identification:_identify(mcap_recording/mcap_recording_20250227_022153) by extensions ['python_setup_py']
[0.525s] Level 1:colcon.colcon_core.package_identification:_identify(mcap_recording/mcap_recording_20250227_022153) by extension 'python_setup_py'
[0.525s] Level 1:colcon.colcon_core.package_identification:_identify(src) by extensions ['ignore', 'ignore_ament_install']
[0.525s] Level 1:colcon.colcon_core.package_identification:_identify(src) by extension 'ignore'
[0.525s] Level 1:colcon.colcon_core.package_identification:_identify(src) by extension 'ignore_ament_install'
[0.525s] Level 1:colcon.colcon_core.package_identification:_identify(src) by extensions ['colcon_pkg']
[0.526s] Level 1:colcon.colcon_core.package_identification:_identify(src) by extension 'colcon_pkg'
[0.526s] Level 1:colcon.colcon_core.package_identification:_identify(src) by extensions ['colcon_meta']
[0.526s] Level 1:colcon.colcon_core.package_identification:_identify(src) by extension 'colcon_meta'
[0.526s] Level 1:colcon.colcon_core.package_identification:_identify(src) by extensions ['ros']
[0.526s] Level 1:colcon.colcon_core.package_identification:_identify(src) by extension 'ros'
[0.526s] Level 1:colcon.colcon_core.package_identification:_identify(src) by extensions ['cmake', 'python']
[0.526s] Level 1:colcon.colcon_core.package_identification:_identify(src) by extension 'cmake'
[0.526s] Level 1:colcon.colcon_core.package_identification:_identify(src) by extension 'python'
[0.526s] Level 1:colcon.colcon_core.package_identification:_identify(src) by extensions ['python_setup_py']
[0.526s] Level 1:colcon.colcon_core.package_identification:_identify(src) by extension 'python_setup_py'
[0.526s] Level 1:colcon.colcon_core.package_identification:_identify(src/PayloadSdk) by extensions ['ignore', 'ignore_ament_install']
[0.526s] Level 1:colcon.colcon_core.package_identification:_identify(src/PayloadSdk) by extension 'ignore'
[0.526s] Level 1:colcon.colcon_core.package_identification:_identify(src/PayloadSdk) by extension 'ignore_ament_install'
[0.526s] Level 1:colcon.colcon_core.package_identification:_identify(src/PayloadSdk) by extensions ['colcon_pkg']
[0.526s] Level 1:colcon.colcon_core.package_identification:_identify(src/PayloadSdk) by extension 'colcon_pkg'
[0.526s] Level 1:colcon.colcon_core.package_identification:_identify(src/PayloadSdk) by extensions ['colcon_meta']
[0.526s] Level 1:colcon.colcon_core.package_identification:_identify(src/PayloadSdk) by extension 'colcon_meta'
[0.526s] Level 1:colcon.colcon_core.package_identification:_identify(src/PayloadSdk) by extensions ['ros']
[0.526s] Level 1:colcon.colcon_core.package_identification:_identify(src/PayloadSdk) by extension 'ros'
[0.527s] Level 1:colcon.colcon_core.package_identification:_identify(src/PayloadSdk) by extensions ['cmake', 'python']
[0.527s] Level 1:colcon.colcon_core.package_identification:_identify(src/PayloadSdk) by extension 'cmake'
[0.540s] Level 1:colcon.colcon_core.package_identification:_identify(src/PayloadSdk) by extension 'python'
[0.540s] DEBUG:colcon.colcon_core.package_identification:Package 'src/PayloadSdk' with type 'cmake' and name 'PayloadSDK'
[0.540s] Level 1:colcon.colcon_core.package_identification:_identify(src/eo_image) by extensions ['ignore', 'ignore_ament_install']
[0.540s] Level 1:colcon.colcon_core.package_identification:_identify(src/eo_image) by extension 'ignore'
[0.540s] Level 1:colcon.colcon_core.package_identification:_identify(src/eo_image) by extension 'ignore_ament_install'
[0.540s] Level 1:colcon.colcon_core.package_identification:_identify(src/eo_image) by extensions ['colcon_pkg']
[0.540s] Level 1:colcon.colcon_core.package_identification:_identify(src/eo_image) by extension 'colcon_pkg'
[0.540s] Level 1:colcon.colcon_core.package_identification:_identify(src/eo_image) by extensions ['colcon_meta']
[0.540s] Level 1:colcon.colcon_core.package_identification:_identify(src/eo_image) by extension 'colcon_meta'
[0.540s] Level 1:colcon.colcon_core.package_identification:_identify(src/eo_image) by extensions ['ros']
[0.540s] Level 1:colcon.colcon_core.package_identification:_identify(src/eo_image) by extension 'ros'
[0.544s] DEBUG:colcon.colcon_core.package_identification:Package 'src/eo_image' with type 'ros.ament_cmake' and name 'eo_image'
[0.544s] Level 1:colcon.colcon_core.package_identification:_identify(src/eo_zoom) by extensions ['ignore', 'ignore_ament_install']
[0.544s] Level 1:colcon.colcon_core.package_identification:_identify(src/eo_zoom) by extension 'ignore'
[0.544s] Level 1:colcon.colcon_core.package_identification:_identify(src/eo_zoom) by extension 'ignore_ament_install'
[0.544s] Level 1:colcon.colcon_core.package_identification:_identify(src/eo_zoom) by extensions ['colcon_pkg']
[0.544s] Level 1:colcon.colcon_core.package_identification:_identify(src/eo_zoom) by extension 'colcon_pkg'
[0.544s] Level 1:colcon.colcon_core.package_identification:_identify(src/eo_zoom) by extensions ['colcon_meta']
[0.544s] Level 1:colcon.colcon_core.package_identification:_identify(src/eo_zoom) by extension 'colcon_meta'
[0.544s] Level 1:colcon.colcon_core.package_identification:_identify(src/eo_zoom) by extensions ['ros']
[0.544s] Level 1:colcon.colcon_core.package_identification:_identify(src/eo_zoom) by extension 'ros'
[0.545s] DEBUG:colcon.colcon_core.package_identification:Package 'src/eo_zoom' with type 'ros.ament_cmake' and name 'eo_zoom'
[0.545s] Level 1:colcon.colcon_core.package_identification:_identify(src/gimbal_angle_control) by extensions ['ignore', 'ignore_ament_install']
[0.545s] Level 1:colcon.colcon_core.package_identification:_identify(src/gimbal_angle_control) by extension 'ignore'
[0.545s] Level 1:colcon.colcon_core.package_identification:_identify(src/gimbal_angle_control) by extension 'ignore_ament_install'
[0.545s] Level 1:colcon.colcon_core.package_identification:_identify(src/gimbal_angle_control) by extensions ['colcon_pkg']
[0.545s] Level 1:colcon.colcon_core.package_identification:_identify(src/gimbal_angle_control) by extension 'colcon_pkg'
[0.545s] Level 1:colcon.colcon_core.package_identification:_identify(src/gimbal_angle_control) by extensions ['colcon_meta']
[0.545s] Level 1:colcon.colcon_core.package_identification:_identify(src/gimbal_angle_control) by extension 'colcon_meta'
[0.545s] Level 1:colcon.colcon_core.package_identification:_identify(src/gimbal_angle_control) by extensions ['ros']
[0.545s] Level 1:colcon.colcon_core.package_identification:_identify(src/gimbal_angle_control) by extension 'ros'
[0.546s] DEBUG:colcon.colcon_core.package_identification:Package 'src/gimbal_angle_control' with type 'ros.ament_cmake' and name 'gimbal_angle_control'
[0.546s] Level 1:colcon.colcon_core.package_identification:_identify(src/gimbal_bringup) by extensions ['ignore', 'ignore_ament_install']
[0.546s] Level 1:colcon.colcon_core.package_identification:_identify(src/gimbal_bringup) by extension 'ignore'
[0.546s] Level 1:colcon.colcon_core.package_identification:_identify(src/gimbal_bringup) by extension 'ignore_ament_install'
[0.546s] Level 1:colcon.colcon_core.package_identification:_identify(src/gimbal_bringup) by extensions ['colcon_pkg']
[0.547s] Level 1:colcon.colcon_core.package_identification:_identify(src/gimbal_bringup) by extension 'colcon_pkg'
[0.547s] Level 1:colcon.colcon_core.package_identification:_identify(src/gimbal_bringup) by extensions ['colcon_meta']
[0.547s] Level 1:colcon.colcon_core.package_identification:_identify(src/gimbal_bringup) by extension 'colcon_meta'
[0.547s] Level 1:colcon.colcon_core.package_identification:_identify(src/gimbal_bringup) by extensions ['ros']
[0.547s] Level 1:colcon.colcon_core.package_identification:_identify(src/gimbal_bringup) by extension 'ros'
[0.547s] DEBUG:colcon.colcon_core.package_identification:Package 'src/gimbal_bringup' with type 'ros.ament_python' and name 'gimbal_bringup'
[0.548s] Level 1:colcon.colcon_core.package_identification:_identify(src/gimbal_status) by extensions ['ignore', 'ignore_ament_install']
[0.548s] Level 1:colcon.colcon_core.package_identification:_identify(src/gimbal_status) by extension 'ignore'
[0.548s] Level 1:colcon.colcon_core.package_identification:_identify(src/gimbal_status) by extension 'ignore_ament_install'
[0.548s] Level 1:colcon.colcon_core.package_identification:_identify(src/gimbal_status) by extensions ['colcon_pkg']
[0.548s] Level 1:colcon.colcon_core.package_identification:_identify(src/gimbal_status) by extension 'colcon_pkg'
[0.548s] Level 1:colcon.colcon_core.package_identification:_identify(src/gimbal_status) by extensions ['colcon_meta']
[0.548s] Level 1:colcon.colcon_core.package_identification:_identify(src/gimbal_status) by extension 'colcon_meta'
[0.548s] Level 1:colcon.colcon_core.package_identification:_identify(src/gimbal_status) by extensions ['ros']
[0.548s] Level 1:colcon.colcon_core.package_identification:_identify(src/gimbal_status) by extension 'ros'
[0.549s] DEBUG:colcon.colcon_core.package_identification:Package 'src/gimbal_status' with type 'ros.ament_cmake' and name 'gimbal_status'
[0.549s] Level 1:colcon.colcon_core.package_identification:_identify(src/human_tracking) by extensions ['ignore', 'ignore_ament_install']
[0.549s] Level 1:colcon.colcon_core.package_identification:_identify(src/human_tracking) by extension 'ignore'
[0.549s] Level 1:colcon.colcon_core.package_identification:_identify(src/human_tracking) by extension 'ignore_ament_install'
[0.549s] Level 1:colcon.colcon_core.package_identification:_identify(src/human_tracking) by extensions ['colcon_pkg']
[0.549s] Level 1:colcon.colcon_core.package_identification:_identify(src/human_tracking) by extension 'colcon_pkg'
[0.549s] Level 1:colcon.colcon_core.package_identification:_identify(src/human_tracking) by extensions ['colcon_meta']
[0.549s] Level 1:colcon.colcon_core.package_identification:_identify(src/human_tracking) by extension 'colcon_meta'
[0.549s] Level 1:colcon.colcon_core.package_identification:_identify(src/human_tracking) by extensions ['ros']
[0.549s] Level 1:colcon.colcon_core.package_identification:_identify(src/human_tracking) by extension 'ros'
[0.550s] DEBUG:colcon.colcon_core.package_identification:Package 'src/human_tracking' with type 'ros.ament_python' and name 'human_tracking'
[0.550s] Level 1:colcon.colcon_core.package_identification:_identify(src/image_publisher) by extensions ['ignore', 'ignore_ament_install']
[0.550s] Level 1:colcon.colcon_core.package_identification:_identify(src/image_publisher) by extension 'ignore'
[0.550s] Level 1:colcon.colcon_core.package_identification:_identify(src/image_publisher) by extension 'ignore_ament_install'
[0.550s] Level 1:colcon.colcon_core.package_identification:_identify(src/image_publisher) by extensions ['colcon_pkg']
[0.550s] Level 1:colcon.colcon_core.package_identification:_identify(src/image_publisher) by extension 'colcon_pkg'
[0.550s] Level 1:colcon.colcon_core.package_identification:_identify(src/image_publisher) by extensions ['colcon_meta']
[0.550s] Level 1:colcon.colcon_core.package_identification:_identify(src/image_publisher) by extension 'colcon_meta'
[0.551s] Level 1:colcon.colcon_core.package_identification:_identify(src/image_publisher) by extensions ['ros']
[0.551s] Level 1:colcon.colcon_core.package_identification:_identify(src/image_publisher) by extension 'ros'
[0.552s] DEBUG:colcon.colcon_core.package_identification:Package 'src/image_publisher' with type 'ros.ament_cmake' and name 'image_publisher'
[0.552s] Level 1:colcon.colcon_core.package_identification:_identify(src/image_viewer) by extensions ['ignore', 'ignore_ament_install']
[0.552s] Level 1:colcon.colcon_core.package_identification:_identify(src/image_viewer) by extension 'ignore'
[0.552s] Level 1:colcon.colcon_core.package_identification:_identify(src/image_viewer) by extension 'ignore_ament_install'
[0.552s] Level 1:colcon.colcon_core.package_identification:_identify(src/image_viewer) by extensions ['colcon_pkg']
[0.552s] Level 1:colcon.colcon_core.package_identification:_identify(src/image_viewer) by extension 'colcon_pkg'
[0.552s] Level 1:colcon.colcon_core.package_identification:_identify(src/image_viewer) by extensions ['colcon_meta']
[0.552s] Level 1:colcon.colcon_core.package_identification:_identify(src/image_viewer) by extension 'colcon_meta'
[0.552s] Level 1:colcon.colcon_core.package_identification:_identify(src/image_viewer) by extensions ['ros']
[0.552s] Level 1:colcon.colcon_core.package_identification:_identify(src/image_viewer) by extension 'ros'
[0.553s] DEBUG:colcon.colcon_core.package_identification:Package 'src/image_viewer' with type 'ros.ament_python' and name 'image_viewer'
[0.553s] Level 1:colcon.colcon_core.package_identification:_identify(src/ir_image) by extensions ['ignore', 'ignore_ament_install']
[0.553s] Level 1:colcon.colcon_core.package_identification:_identify(src/ir_image) by extension 'ignore'
[0.553s] Level 1:colcon.colcon_core.package_identification:_identify(src/ir_image) by extension 'ignore_ament_install'
[0.553s] Level 1:colcon.colcon_core.package_identification:_identify(src/ir_image) by extensions ['colcon_pkg']
[0.553s] Level 1:colcon.colcon_core.package_identification:_identify(src/ir_image) by extension 'colcon_pkg'
[0.554s] Level 1:colcon.colcon_core.package_identification:_identify(src/ir_image) by extensions ['colcon_meta']
[0.554s] Level 1:colcon.colcon_core.package_identification:_identify(src/ir_image) by extension 'colcon_meta'
[0.554s] Level 1:colcon.colcon_core.package_identification:_identify(src/ir_image) by extensions ['ros']
[0.554s] Level 1:colcon.colcon_core.package_identification:_identify(src/ir_image) by extension 'ros'
[0.554s] DEBUG:colcon.colcon_core.package_identification:Package 'src/ir_image' with type 'ros.ament_cmake' and name 'ir_image'
[0.554s] Level 1:colcon.colcon_core.package_identification:_identify(src/ir_zoom) by extensions ['ignore', 'ignore_ament_install']
[0.555s] Level 1:colcon.colcon_core.package_identification:_identify(src/ir_zoom) by extension 'ignore'
[0.555s] Level 1:colcon.colcon_core.package_identification:_identify(src/ir_zoom) by extension 'ignore_ament_install'
[0.555s] Level 1:colcon.colcon_core.package_identification:_identify(src/ir_zoom) by extensions ['colcon_pkg']
[0.555s] Level 1:colcon.colcon_core.package_identification:_identify(src/ir_zoom) by extension 'colcon_pkg'
[0.555s] Level 1:colcon.colcon_core.package_identification:_identify(src/ir_zoom) by extensions ['colcon_meta']
[0.555s] Level 1:colcon.colcon_core.package_identification:_identify(src/ir_zoom) by extension 'colcon_meta'
[0.555s] Level 1:colcon.colcon_core.package_identification:_identify(src/ir_zoom) by extensions ['ros']
[0.555s] Level 1:colcon.colcon_core.package_identification:_identify(src/ir_zoom) by extension 'ros'
[0.556s] DEBUG:colcon.colcon_core.package_identification:Package 'src/ir_zoom' with type 'ros.ament_cmake' and name 'ir_zoom'
[0.556s] Level 1:colcon.colcon_core.package_identification:_identify(src/rtsp_viewer) by extensions ['ignore', 'ignore_ament_install']
[0.556s] Level 1:colcon.colcon_core.package_identification:_identify(src/rtsp_viewer) by extension 'ignore'
[0.556s] Level 1:colcon.colcon_core.package_identification:_identify(src/rtsp_viewer) by extension 'ignore_ament_install'
[0.556s] Level 1:colcon.colcon_core.package_identification:_identify(src/rtsp_viewer) by extensions ['colcon_pkg']
[0.556s] Level 1:colcon.colcon_core.package_identification:_identify(src/rtsp_viewer) by extension 'colcon_pkg'
[0.556s] Level 1:colcon.colcon_core.package_identification:_identify(src/rtsp_viewer) by extensions ['colcon_meta']
[0.556s] Level 1:colcon.colcon_core.package_identification:_identify(src/rtsp_viewer) by extension 'colcon_meta'
[0.556s] Level 1:colcon.colcon_core.package_identification:_identify(src/rtsp_viewer) by extensions ['ros']
[0.556s] Level 1:colcon.colcon_core.package_identification:_identify(src/rtsp_viewer) by extension 'ros'
[0.557s] DEBUG:colcon.colcon_core.package_identification:Package 'src/rtsp_viewer' with type 'ros.ament_python' and name 'rtsp_viewer'
[0.557s] Level 1:colcon.colcon_core.package_identification:_identify(src/stream_publisher) by extensions ['ignore', 'ignore_ament_install']
[0.557s] Level 1:colcon.colcon_core.package_identification:_identify(src/stream_publisher) by extension 'ignore'
[0.557s] Level 1:colcon.colcon_core.package_identification:_identify(src/stream_publisher) by extension 'ignore_ament_install'
[0.557s] Level 1:colcon.colcon_core.package_identification:_identify(src/stream_publisher) by extensions ['colcon_pkg']
[0.557s] Level 1:colcon.colcon_core.package_identification:_identify(src/stream_publisher) by extension 'colcon_pkg'
[0.557s] Level 1:colcon.colcon_core.package_identification:_identify(src/stream_publisher) by extensions ['colcon_meta']
[0.557s] Level 1:colcon.colcon_core.package_identification:_identify(src/stream_publisher) by extension 'colcon_meta'
[0.557s] Level 1:colcon.colcon_core.package_identification:_identify(src/stream_publisher) by extensions ['ros']
[0.557s] Level 1:colcon.colcon_core.package_identification:_identify(src/stream_publisher) by extension 'ros'
[0.558s] DEBUG:colcon.colcon_core.package_identification:Package 'src/stream_publisher' with type 'ros.ament_python' and name 'stream_publisher'
[0.558s] Level 1:colcon.colcon_core.package_identification:_identify(src/yolo_detection) by extensions ['ignore', 'ignore_ament_install']
[0.558s] Level 1:colcon.colcon_core.package_identification:_identify(src/yolo_detection) by extension 'ignore'
[0.559s] Level 1:colcon.colcon_core.package_identification:_identify(src/yolo_detection) by extension 'ignore_ament_install'
[0.559s] Level 1:colcon.colcon_core.package_identification:_identify(src/yolo_detection) by extensions ['colcon_pkg']
[0.559s] Level 1:colcon.colcon_core.package_identification:_identify(src/yolo_detection) by extension 'colcon_pkg'
[0.559s] Level 1:colcon.colcon_core.package_identification:_identify(src/yolo_detection) by extensions ['colcon_meta']
[0.559s] Level 1:colcon.colcon_core.package_identification:_identify(src/yolo_detection) by extension 'colcon_meta'
[0.559s] Level 1:colcon.colcon_core.package_identification:_identify(src/yolo_detection) by extensions ['ros']
[0.559s] Level 1:colcon.colcon_core.package_identification:_identify(src/yolo_detection) by extension 'ros'
[0.560s] DEBUG:colcon.colcon_core.package_identification:Package 'src/yolo_detection' with type 'ros.ament_python' and name 'yolo_detection'
[0.560s] Level 1:colcon.colcon_core.package_discovery:discover_packages(recursive) using defaults
[0.560s] Level 1:colcon.colcon_core.package_discovery:discover_packages(ignore) discover
[0.560s] Level 1:colcon.colcon_core.package_discovery:discover_packages(ignore) using defaults
[0.560s] Level 1:colcon.colcon_core.package_discovery:discover_packages(path) discover
[0.560s] Level 1:colcon.colcon_core.package_discovery:discover_packages(path) using defaults
[0.560s] WARNING:colcon.colcon_core.package_selection:ignoring unknown package 'PayloadSdk' in --packages-select
[0.590s] INFO:colcon.colcon_core.package_selection:Skipping not selected package 'PayloadSDK' in 'src/PayloadSdk'
[0.590s] INFO:colcon.colcon_core.package_selection:Skipping not selected package 'eo_image' in 'src/eo_image'
[0.590s] INFO:colcon.colcon_core.package_selection:Skipping not selected package 'eo_zoom' in 'src/eo_zoom'
[0.590s] INFO:colcon.colcon_core.package_selection:Skipping not selected package 'image_publisher' in 'src/image_publisher'
[0.590s] INFO:colcon.colcon_core.package_selection:Skipping not selected package 'ir_image' in 'src/ir_image'
[0.590s] INFO:colcon.colcon_core.package_selection:Skipping not selected package 'ir_zoom' in 'src/ir_zoom'
[0.590s] INFO:colcon.colcon_core.package_selection:Skipping not selected package 'rtsp_viewer' in 'src/rtsp_viewer'
[0.591s] Level 1:colcon.colcon_core.package_discovery:discover_packages(prefix_path) check parameters
[0.591s] Level 1:colcon.colcon_core.package_discovery:discover_packages(prefix_path) discover
[0.595s] DEBUG:colcon.colcon_installed_package_information.package_discovery:Found 14 installed packages in /home/dtc-mrsd/Downloads/ros2_ghadron_gimbal/install
[0.598s] DEBUG:colcon.colcon_installed_package_information.package_discovery:Found 417 installed packages in /opt/ros/humble
[0.600s] Level 1:colcon.colcon_core.package_discovery:discover_packages(prefix_path) using defaults
[0.728s] Level 5:colcon.colcon_core.verb:set package 'gimbal_angle_control' build argument 'cmake_args' from command line to '['-DGHADRON=1']'
[0.728s] Level 5:colcon.colcon_core.verb:set package 'gimbal_angle_control' build argument 'cmake_target' from command line to 'None'
[0.728s] Level 5:colcon.colcon_core.verb:set package 'gimbal_angle_control' build argument 'cmake_target_skip_unavailable' from command line to 'False'
[0.729s] Level 5:colcon.colcon_core.verb:set package 'gimbal_angle_control' build argument 'cmake_clean_cache' from command line to 'False'
[0.729s] Level 5:colcon.colcon_core.verb:set package 'gimbal_angle_control' build argument 'cmake_clean_first' from command line to 'False'
[0.729s] Level 5:colcon.colcon_core.verb:set package 'gimbal_angle_control' build argument 'cmake_force_configure' from command line to 'False'
[0.729s] Level 5:colcon.colcon_core.verb:set package 'gimbal_angle_control' build argument 'ament_cmake_args' from command line to 'None'
[0.729s] Level 5:colcon.colcon_core.verb:set package 'gimbal_angle_control' build argument 'catkin_cmake_args' from command line to 'None'
[0.729s] Level 5:colcon.colcon_core.verb:set package 'gimbal_angle_control' build argument 'catkin_skip_building_tests' from command line to 'False'
[0.729s] DEBUG:colcon.colcon_core.verb:Building package 'gimbal_angle_control' with the following arguments: {'ament_cmake_args': None, 'build_base': '/home/dtc-mrsd/Downloads/ros2_ghadron_gimbal/build/gimbal_angle_control', 'catkin_cmake_args': None, 'catkin_skip_building_tests': False, 'cmake_args': ['-DGHADRON=1'], 'cmake_clean_cache': False, 'cmake_clean_first': False, 'cmake_force_configure': False, 'cmake_target': None, 'cmake_target_skip_unavailable': False, 'install_base': '/home/dtc-mrsd/Downloads/ros2_ghadron_gimbal/install/gimbal_angle_control', 'merge_install': False, 'path': '/home/dtc-mrsd/Downloads/ros2_ghadron_gimbal/src/gimbal_angle_control', 'symlink_install': False, 'test_result_base': None}
[0.729s] Level 5:colcon.colcon_core.verb:set package 'gimbal_status' build argument 'cmake_args' from command line to '['-DGHADRON=1']'
[0.729s] Level 5:colcon.colcon_core.verb:set package 'gimbal_status' build argument 'cmake_target' from command line to 'None'
[0.729s] Level 5:colcon.colcon_core.verb:set package 'gimbal_status' build argument 'cmake_target_skip_unavailable' from command line to 'False'
[0.729s] Level 5:colcon.colcon_core.verb:set package 'gimbal_status' build argument 'cmake_clean_cache' from command line to 'False'
[0.729s] Level 5:colcon.colcon_core.verb:set package 'gimbal_status' build argument 'cmake_clean_first' from command line to 'False'
[0.729s] Level 5:colcon.colcon_core.verb:set package 'gimbal_status' build argument 'cmake_force_configure' from command line to 'False'
[0.729s] Level 5:colcon.colcon_core.verb:set package 'gimbal_status' build argument 'ament_cmake_args' from command line to 'None'
[0.729s] Level 5:colcon.colcon_core.verb:set package 'gimbal_status' build argument 'catkin_cmake_args' from command line to 'None'
[0.729s] Level 5:colcon.colcon_core.verb:set package 'gimbal_status' build argument 'catkin_skip_building_tests' from command line to 'False'
[0.729s] DEBUG:colcon.colcon_core.verb:Building package 'gimbal_status' with the following arguments: {'ament_cmake_args': None, 'build_base': '/home/dtc-mrsd/Downloads/ros2_ghadron_gimbal/build/gimbal_status', 'catkin_cmake_args': None, 'catkin_skip_building_tests': False, 'cmake_args': ['-DGHADRON=1'], 'cmake_clean_cache': False, 'cmake_clean_first': False, 'cmake_force_configure': False, 'cmake_target': None, 'cmake_target_skip_unavailable': False, 'install_base': '/home/dtc-mrsd/Downloads/ros2_ghadron_gimbal/install/gimbal_status', 'merge_install': False, 'path': '/home/dtc-mrsd/Downloads/ros2_ghadron_gimbal/src/gimbal_status', 'symlink_install': False, 'test_result_base': None}
[0.730s] Level 5:colcon.colcon_core.verb:set package 'human_tracking' build argument 'cmake_args' from command line to '['-DGHADRON=1']'
[0.730s] Level 5:colcon.colcon_core.verb:set package 'human_tracking' build argument 'cmake_target' from command line to 'None'
[0.730s] Level 5:colcon.colcon_core.verb:set package 'human_tracking' build argument 'cmake_target_skip_unavailable' from command line to 'False'
[0.730s] Level 5:colcon.colcon_core.verb:set package 'human_tracking' build argument 'cmake_clean_cache' from command line to 'False'
[0.730s] Level 5:colcon.colcon_core.verb:set package 'human_tracking' build argument 'cmake_clean_first' from command line to 'False'
[0.730s] Level 5:colcon.colcon_core.verb:set package 'human_tracking' build argument 'cmake_force_configure' from command line to 'False'
[0.730s] Level 5:colcon.colcon_core.verb:set package 'human_tracking' build argument 'ament_cmake_args' from command line to 'None'
[0.730s] Level 5:colcon.colcon_core.verb:set package 'human_tracking' build argument 'catkin_cmake_args' from command line to 'None'
[0.730s] Level 5:colcon.colcon_core.verb:set package 'human_tracking' build argument 'catkin_skip_building_tests' from command line to 'False'
[0.730s] DEBUG:colcon.colcon_core.verb:Building package 'human_tracking' with the following arguments: {'ament_cmake_args': None, 'build_base': '/home/dtc-mrsd/Downloads/ros2_ghadron_gimbal/build/human_tracking', 'catkin_cmake_args': None, 'catkin_skip_building_tests': False, 'cmake_args': ['-DGHADRON=1'], 'cmake_clean_cache': False, 'cmake_clean_first': False, 'cmake_force_configure': False, 'cmake_target': None, 'cmake_target_skip_unavailable': False, 'install_base': '/home/dtc-mrsd/Downloads/ros2_ghadron_gimbal/install/human_tracking', 'merge_install': False, 'path': '/home/dtc-mrsd/Downloads/ros2_ghadron_gimbal/src/human_tracking', 'symlink_install': False, 'test_result_base': None}
[0.730s] Level 5:colcon.colcon_core.verb:set package 'image_viewer' build argument 'cmake_args' from command line to '['-DGHADRON=1']'
[0.730s] Level 5:colcon.colcon_core.verb:set package 'image_viewer' build argument 'cmake_target' from command line to 'None'
[0.730s] Level 5:colcon.colcon_core.verb:set package 'image_viewer' build argument 'cmake_target_skip_unavailable' from command line to 'False'
[0.730s] Level 5:colcon.colcon_core.verb:set package 'image_viewer' build argument 'cmake_clean_cache' from command line to 'False'
[0.730s] Level 5:colcon.colcon_core.verb:set package 'image_viewer' build argument 'cmake_clean_first' from command line to 'False'
[0.730s] Level 5:colcon.colcon_core.verb:set package 'image_viewer' build argument 'cmake_force_configure' from command line to 'False'
[0.730s] Level 5:colcon.colcon_core.verb:set package 'image_viewer' build argument 'ament_cmake_args' from command line to 'None'
[0.730s] Level 5:colcon.colcon_core.verb:set package 'image_viewer' build argument 'catkin_cmake_args' from command line to 'None'
[0.730s] Level 5:colcon.colcon_core.verb:set package 'image_viewer' build argument 'catkin_skip_building_tests' from command line to 'False'
[0.731s] DEBUG:colcon.colcon_core.verb:Building package 'image_viewer' with the following arguments: {'ament_cmake_args': None, 'build_base': '/home/dtc-mrsd/Downloads/ros2_ghadron_gimbal/build/image_viewer', 'catkin_cmake_args': None, 'catkin_skip_building_tests': False, 'cmake_args': ['-DGHADRON=1'], 'cmake_clean_cache': False, 'cmake_clean_first': False, 'cmake_force_configure': False, 'cmake_target': None, 'cmake_target_skip_unavailable': False, 'install_base': '/home/dtc-mrsd/Downloads/ros2_ghadron_gimbal/install/image_viewer', 'merge_install': False, 'path': '/home/dtc-mrsd/Downloads/ros2_ghadron_gimbal/src/image_viewer', 'symlink_install': False, 'test_result_base': None}
[0.731s] Level 5:colcon.colcon_core.verb:set package 'stream_publisher' build argument 'cmake_args' from command line to '['-DGHADRON=1']'
[0.731s] Level 5:colcon.colcon_core.verb:set package 'stream_publisher' build argument 'cmake_target' from command line to 'None'
[0.731s] Level 5:colcon.colcon_core.verb:set package 'stream_publisher' build argument 'cmake_target_skip_unavailable' from command line to 'False'
[0.731s] Level 5:colcon.colcon_core.verb:set package 'stream_publisher' build argument 'cmake_clean_cache' from command line to 'False'
[0.731s] Level 5:colcon.colcon_core.verb:set package 'stream_publisher' build argument 'cmake_clean_first' from command line to 'False'
[0.731s] Level 5:colcon.colcon_core.verb:set package 'stream_publisher' build argument 'cmake_force_configure' from command line to 'False'
[0.731s] Level 5:colcon.colcon_core.verb:set package 'stream_publisher' build argument 'ament_cmake_args' from command line to 'None'
[0.731s] Level 5:colcon.colcon_core.verb:set package 'stream_publisher' build argument 'catkin_cmake_args' from command line to 'None'
[0.731s] Level 5:colcon.colcon_core.verb:set package 'stream_publisher' build argument 'catkin_skip_building_tests' from command line to 'False'
[0.731s] DEBUG:colcon.colcon_core.verb:Building package 'stream_publisher' with the following arguments: {'ament_cmake_args': None, 'build_base': '/home/dtc-mrsd/Downloads/ros2_ghadron_gimbal/build/stream_publisher', 'catkin_cmake_args': None, 'catkin_skip_building_tests': False, 'cmake_args': ['-DGHADRON=1'], 'cmake_clean_cache': False, 'cmake_clean_first': False, 'cmake_force_configure': False, 'cmake_target': None, 'cmake_target_skip_unavailable': False, 'install_base': '/home/dtc-mrsd/Downloads/ros2_ghadron_gimbal/install/stream_publisher', 'merge_install': False, 'path': '/home/dtc-mrsd/Downloads/ros2_ghadron_gimbal/src/stream_publisher', 'symlink_install': False, 'test_result_base': None}
[0.731s] Level 5:colcon.colcon_core.verb:set package 'yolo_detection' build argument 'cmake_args' from command line to '['-DGHADRON=1']'
[0.731s] Level 5:colcon.colcon_core.verb:set package 'yolo_detection' build argument 'cmake_target' from command line to 'None'
[0.731s] Level 5:colcon.colcon_core.verb:set package 'yolo_detection' build argument 'cmake_target_skip_unavailable' from command line to 'False'
[0.732s] Level 5:colcon.colcon_core.verb:set package 'yolo_detection' build argument 'cmake_clean_cache' from command line to 'False'
[0.732s] Level 5:colcon.colcon_core.verb:set package 'yolo_detection' build argument 'cmake_clean_first' from command line to 'False'
[0.732s] Level 5:colcon.colcon_core.verb:set package 'yolo_detection' build argument 'cmake_force_configure' from command line to 'False'
[0.732s] Level 5:colcon.colcon_core.verb:set package 'yolo_detection' build argument 'ament_cmake_args' from command line to 'None'
[0.732s] Level 5:colcon.colcon_core.verb:set package 'yolo_detection' build argument 'catkin_cmake_args' from command line to 'None'
[0.732s] Level 5:colcon.colcon_core.verb:set package 'yolo_detection' build argument 'catkin_skip_building_tests' from command line to 'False'
[0.732s] DEBUG:colcon.colcon_core.verb:Building package 'yolo_detection' with the following arguments: {'ament_cmake_args': None, 'build_base': '/home/dtc-mrsd/Downloads/ros2_ghadron_gimbal/build/yolo_detection', 'catkin_cmake_args': None, 'catkin_skip_building_tests': False, 'cmake_args': ['-DGHADRON=1'], 'cmake_clean_cache': False, 'cmake_clean_first': False, 'cmake_force_configure': False, 'cmake_target': None, 'cmake_target_skip_unavailable': False, 'install_base': '/home/dtc-mrsd/Downloads/ros2_ghadron_gimbal/install/yolo_detection', 'merge_install': False, 'path': '/home/dtc-mrsd/Downloads/ros2_ghadron_gimbal/src/yolo_detection', 'symlink_install': False, 'test_result_base': None}
[0.732s] Level 5:colcon.colcon_core.verb:set package 'gimbal_bringup' build argument 'cmake_args' from command line to '['-DGHADRON=1']'
[0.732s] Level 5:colcon.colcon_core.verb:set package 'gimbal_bringup' build argument 'cmake_target' from command line to 'None'
[0.732s] Level 5:colcon.colcon_core.verb:set package 'gimbal_bringup' build argument 'cmake_target_skip_unavailable' from command line to 'False'
[0.732s] Level 5:colcon.colcon_core.verb:set package 'gimbal_bringup' build argument 'cmake_clean_cache' from command line to 'False'
[0.732s] Level 5:colcon.colcon_core.verb:set package 'gimbal_bringup' build argument 'cmake_clean_first' from command line to 'False'
[0.732s] Level 5:colcon.colcon_core.verb:set package 'gimbal_bringup' build argument 'cmake_force_configure' from command line to 'False'
[0.732s] Level 5:colcon.colcon_core.verb:set package 'gimbal_bringup' build argument 'ament_cmake_args' from command line to 'None'
[0.732s] Level 5:colcon.colcon_core.verb:set package 'gimbal_bringup' build argument 'catkin_cmake_args' from command line to 'None'
[0.732s] Level 5:colcon.colcon_core.verb:set package 'gimbal_bringup' build argument 'catkin_skip_building_tests' from command line to 'False'
[0.732s] DEBUG:colcon.colcon_core.verb:Building package 'gimbal_bringup' with the following arguments: {'ament_cmake_args': None, 'build_base': '/home/dtc-mrsd/Downloads/ros2_ghadron_gimbal/build/gimbal_bringup', 'catkin_cmake_args': None, 'catkin_skip_building_tests': False, 'cmake_args': ['-DGHADRON=1'], 'cmake_clean_cache': False, 'cmake_clean_first': False, 'cmake_force_configure': False, 'cmake_target': None, 'cmake_target_skip_unavailable': False, 'install_base': '/home/dtc-mrsd/Downloads/ros2_ghadron_gimbal/install/gimbal_bringup', 'merge_install': False, 'path': '/home/dtc-mrsd/Downloads/ros2_ghadron_gimbal/src/gimbal_bringup', 'symlink_install': False, 'test_result_base': None}
[0.732s] INFO:colcon.colcon_core.executor:Executing jobs using 'parallel' executor
[0.733s] DEBUG:colcon.colcon_parallel_executor.executor.parallel:run_until_complete
[0.733s] INFO:colcon.colcon_ros.task.ament_cmake.build:Building ROS package in '/home/dtc-mrsd/Downloads/ros2_ghadron_gimbal/src/gimbal_angle_control' with build type 'ament_cmake'
[0.734s] INFO:colcon.colcon_cmake.task.cmake.build:Building CMake package in '/home/dtc-mrsd/Downloads/ros2_ghadron_gimbal/src/gimbal_angle_control'
[0.737s] INFO:colcon.colcon_core.plugin_system:Skipping extension 'colcon_core.shell.bat': Not used on non-Windows systems
[0.738s] INFO:colcon.colcon_core.shell:Skip shell extension 'powershell' for command environment: Not usable outside of PowerShell
[0.738s] DEBUG:colcon.colcon_core.shell:Skip shell extension 'dsv' for command environment
[0.742s] INFO:colcon.colcon_ros.task.ament_cmake.build:Building ROS package in '/home/dtc-mrsd/Downloads/ros2_ghadron_gimbal/src/gimbal_status' with build type 'ament_cmake'
[0.742s] INFO:colcon.colcon_cmake.task.cmake.build:Building CMake package in '/home/dtc-mrsd/Downloads/ros2_ghadron_gimbal/src/gimbal_status'
[0.742s] INFO:colcon.colcon_core.shell:Skip shell extension 'powershell' for command environment: Not usable outside of PowerShell
[0.743s] DEBUG:colcon.colcon_core.shell:Skip shell extension 'dsv' for command environment
[0.746s] INFO:colcon.colcon_ros.task.ament_python.build:Building ROS package in '/home/dtc-mrsd/Downloads/ros2_ghadron_gimbal/src/human_tracking' with build type 'ament_python'
[0.746s] Level 1:colcon.colcon_core.shell:create_environment_hook('human_tracking', 'ament_prefix_path')
[0.747s] INFO:colcon.colcon_core.shell:Creating environment hook '/home/dtc-mrsd/Downloads/ros2_ghadron_gimbal/install/human_tracking/share/human_tracking/hook/ament_prefix_path.ps1'
[0.748s] INFO:colcon.colcon_core.shell:Creating environment descriptor '/home/dtc-mrsd/Downloads/ros2_ghadron_gimbal/install/human_tracking/share/human_tracking/hook/ament_prefix_path.dsv'
[0.749s] INFO:colcon.colcon_core.shell:Creating environment hook '/home/dtc-mrsd/Downloads/ros2_ghadron_gimbal/install/human_tracking/share/human_tracking/hook/ament_prefix_path.sh'
[0.750s] INFO:colcon.colcon_core.shell:Skip shell extension 'powershell' for command environment: Not usable outside of PowerShell
[0.750s] DEBUG:colcon.colcon_core.shell:Skip shell extension 'dsv' for command environment
[0.755s] INFO:colcon.colcon_ros.task.ament_python.build:Building ROS package in '/home/dtc-mrsd/Downloads/ros2_ghadron_gimbal/src/yolo_detection' with build type 'ament_python'
[0.755s] Level 1:colcon.colcon_core.shell:create_environment_hook('yolo_detection', 'ament_prefix_path')
[0.756s] INFO:colcon.colcon_core.shell:Creating environment hook '/home/dtc-mrsd/Downloads/ros2_ghadron_gimbal/install/yolo_detection/share/yolo_detection/hook/ament_prefix_path.ps1'
[0.757s] INFO:colcon.colcon_core.shell:Creating environment descriptor '/home/dtc-mrsd/Downloads/ros2_ghadron_gimbal/install/yolo_detection/share/yolo_detection/hook/ament_prefix_path.dsv'
[0.757s] INFO:colcon.colcon_core.shell:Creating environment hook '/home/dtc-mrsd/Downloads/ros2_ghadron_gimbal/install/yolo_detection/share/yolo_detection/hook/ament_prefix_path.sh'
[0.758s] INFO:colcon.colcon_core.shell:Skip shell extension 'powershell' for command environment: Not usable outside of PowerShell
[0.758s] DEBUG:colcon.colcon_core.shell:Skip shell extension 'dsv' for command environment
[0.762s] INFO:colcon.colcon_ros.task.ament_python.build:Building ROS package in '/home/dtc-mrsd/Downloads/ros2_ghadron_gimbal/src/image_viewer' with build type 'ament_python'
[0.763s] Level 1:colcon.colcon_core.shell:create_environment_hook('image_viewer', 'ament_prefix_path')
[0.763s] INFO:colcon.colcon_core.shell:Creating environment hook '/home/dtc-mrsd/Downloads/ros2_ghadron_gimbal/install/image_viewer/share/image_viewer/hook/ament_prefix_path.ps1'
[0.764s] INFO:colcon.colcon_core.shell:Creating environment descriptor '/home/dtc-mrsd/Downloads/ros2_ghadron_gimbal/install/image_viewer/share/image_viewer/hook/ament_prefix_path.dsv'
[0.764s] INFO:colcon.colcon_core.shell:Creating environment hook '/home/dtc-mrsd/Downloads/ros2_ghadron_gimbal/install/image_viewer/share/image_viewer/hook/ament_prefix_path.sh'
[0.765s] INFO:colcon.colcon_core.shell:Skip shell extension 'powershell' for command environment: Not usable outside of PowerShell
[0.765s] DEBUG:colcon.colcon_core.shell:Skip shell extension 'dsv' for command environment
[0.769s] INFO:colcon.colcon_ros.task.ament_python.build:Building ROS package in '/home/dtc-mrsd/Downloads/ros2_ghadron_gimbal/src/stream_publisher' with build type 'ament_python'
[0.769s] Level 1:colcon.colcon_core.shell:create_environment_hook('stream_publisher', 'ament_prefix_path')
[0.769s] INFO:colcon.colcon_core.shell:Creating environment hook '/home/dtc-mrsd/Downloads/ros2_ghadron_gimbal/install/stream_publisher/share/stream_publisher/hook/ament_prefix_path.ps1'
[0.770s] INFO:colcon.colcon_core.shell:Creating environment descriptor '/home/dtc-mrsd/Downloads/ros2_ghadron_gimbal/install/stream_publisher/share/stream_publisher/hook/ament_prefix_path.dsv'
[0.770s] INFO:colcon.colcon_core.shell:Creating environment hook '/home/dtc-mrsd/Downloads/ros2_ghadron_gimbal/install/stream_publisher/share/stream_publisher/hook/ament_prefix_path.sh'
[0.771s] INFO:colcon.colcon_core.shell:Skip shell extension 'powershell' for command environment: Not usable outside of PowerShell
[0.771s] DEBUG:colcon.colcon_core.shell:Skip shell extension 'dsv' for command environment
[0.783s] DEBUG:colcon.colcon_core.event_handler.log_command:Invoking command in '/home/dtc-mrsd/Downloads/ros2_ghadron_gimbal/build/gimbal_angle_control': CMAKE_PREFIX_PATH=${CMAKE_PREFIX_PATH}:/home/dtc-mrsd/Downloads/ros2_ghadron_gimbal/install/gimbal_bringup:/home/dtc-mrsd/Downloads/ros2_ghadron_gimbal/install/yolo_detection:/home/dtc-mrsd/Downloads/ros2_ghadron_gimbal/install/stream_publisher:/home/dtc-mrsd/Downloads/ros2_ghadron_gimbal/install/rtsp_viewer:/home/dtc-mrsd/Downloads/ros2_ghadron_gimbal/install/image_viewer:/home/dtc-mrsd/Downloads/ros2_ghadron_gimbal/install/human_tracking:/opt/ros/humble /usr/bin/cmake --build /home/dtc-mrsd/Downloads/ros2_ghadron_gimbal/build/gimbal_angle_control -- -j12 -l12
[0.789s] DEBUG:colcon.colcon_core.event_handler.log_command:Invoking command in '/home/dtc-mrsd/Downloads/ros2_ghadron_gimbal/build/gimbal_status': CMAKE_PREFIX_PATH=${CMAKE_PREFIX_PATH}:/home/dtc-mrsd/Downloads/ros2_ghadron_gimbal/install/gimbal_bringup:/home/dtc-mrsd/Downloads/ros2_ghadron_gimbal/install/yolo_detection:/home/dtc-mrsd/Downloads/ros2_ghadron_gimbal/install/stream_publisher:/home/dtc-mrsd/Downloads/ros2_ghadron_gimbal/install/rtsp_viewer:/home/dtc-mrsd/Downloads/ros2_ghadron_gimbal/install/image_viewer:/home/dtc-mrsd/Downloads/ros2_ghadron_gimbal/install/human_tracking:/opt/ros/humble /usr/bin/cmake --build /home/dtc-mrsd/Downloads/ros2_ghadron_gimbal/build/gimbal_status -- -j12 -l12
[1.122s] INFO:colcon.colcon_core.task.python.build:Building Python package in '/home/dtc-mrsd/Downloads/ros2_ghadron_gimbal/src/human_tracking'
[1.122s] INFO:colcon.colcon_core.shell:Skip shell extension 'powershell' for command environment: Not usable outside of PowerShell
[1.122s] DEBUG:colcon.colcon_core.shell:Skip shell extension 'dsv' for command environment
[1.407s] INFO:colcon.colcon_core.task.python.build:Building Python package in '/home/dtc-mrsd/Downloads/ros2_ghadron_gimbal/src/yolo_detection'
[1.407s] INFO:colcon.colcon_core.shell:Skip shell extension 'powershell' for command environment: Not usable outside of PowerShell
[1.407s] DEBUG:colcon.colcon_core.shell:Skip shell extension 'dsv' for command environment
[1.702s] INFO:colcon.colcon_core.task.python.build:Building Python package in '/home/dtc-mrsd/Downloads/ros2_ghadron_gimbal/src/image_viewer'
[1.702s] INFO:colcon.colcon_core.shell:Skip shell extension 'powershell' for command environment: Not usable outside of PowerShell
[1.702s] DEBUG:colcon.colcon_core.shell:Skip shell extension 'dsv' for command environment
[1.998s] INFO:colcon.colcon_core.task.python.build:Building Python package in '/home/dtc-mrsd/Downloads/ros2_ghadron_gimbal/src/stream_publisher'
[1.999s] INFO:colcon.colcon_core.shell:Skip shell extension 'powershell' for command environment: Not usable outside of PowerShell
[1.999s] DEBUG:colcon.colcon_core.shell:Skip shell extension 'dsv' for command environment
[2.048s] DEBUG:colcon.colcon_core.event_handler.log_command:Invoked command in '/home/dtc-mrsd/Downloads/ros2_ghadron_gimbal/build/gimbal_angle_control' returned '0': CMAKE_PREFIX_PATH=${CMAKE_PREFIX_PATH}:/home/dtc-mrsd/Downloads/ros2_ghadron_gimbal/install/gimbal_bringup:/home/dtc-mrsd/Downloads/ros2_ghadron_gimbal/install/yolo_detection:/home/dtc-mrsd/Downloads/ros2_ghadron_gimbal/install/stream_publisher:/home/dtc-mrsd/Downloads/ros2_ghadron_gimbal/install/rtsp_viewer:/home/dtc-mrsd/Downloads/ros2_ghadron_gimbal/install/image_viewer:/home/dtc-mrsd/Downloads/ros2_ghadron_gimbal/install/human_tracking:/opt/ros/humble /usr/bin/cmake --build /home/dtc-mrsd/Downloads/ros2_ghadron_gimbal/build/gimbal_angle_control -- -j12 -l12
[2.064s] DEBUG:colcon.colcon_core.event_handler.log_command:Invoking command in '/home/dtc-mrsd/Downloads/ros2_ghadron_gimbal/build/gimbal_angle_control': CMAKE_PREFIX_PATH=${CMAKE_PREFIX_PATH}:/home/dtc-mrsd/Downloads/ros2_ghadron_gimbal/install/gimbal_bringup:/home/dtc-mrsd/Downloads/ros2_ghadron_gimbal/install/yolo_detection:/home/dtc-mrsd/Downloads/ros2_ghadron_gimbal/install/stream_publisher:/home/dtc-mrsd/Downloads/ros2_ghadron_gimbal/install/rtsp_viewer:/home/dtc-mrsd/Downloads/ros2_ghadron_gimbal/install/image_viewer:/home/dtc-mrsd/Downloads/ros2_ghadron_gimbal/install/human_tracking:/opt/ros/humble /usr/bin/cmake --install /home/dtc-mrsd/Downloads/ros2_ghadron_gimbal/build/gimbal_angle_control
[2.065s] DEBUG:colcon.colcon_core.event_handler.log_command:Invoked command in '/home/dtc-mrsd/Downloads/ros2_ghadron_gimbal/build/gimbal_status' returned '0': CMAKE_PREFIX_PATH=${CMAKE_PREFIX_PATH}:/home/dtc-mrsd/Downloads/ros2_ghadron_gimbal/install/gimbal_bringup:/home/dtc-mrsd/Downloads/ros2_ghadron_gimbal/install/yolo_detection:/home/dtc-mrsd/Downloads/ros2_ghadron_gimbal/install/stream_publisher:/home/dtc-mrsd/Downloads/ros2_ghadron_gimbal/install/rtsp_viewer:/home/dtc-mrsd/Downloads/ros2_ghadron_gimbal/install/image_viewer:/home/dtc-mrsd/Downloads/ros2_ghadron_gimbal/install/human_tracking:/opt/ros/humble /usr/bin/cmake --build /home/dtc-mrsd/Downloads/ros2_ghadron_gimbal/build/gimbal_status -- -j12 -l12
[2.067s] DEBUG:colcon.colcon_core.event_handler.log_command:Invoking command in '/home/dtc-mrsd/Downloads/ros2_ghadron_gimbal/build/gimbal_status': CMAKE_PREFIX_PATH=${CMAKE_PREFIX_PATH}:/home/dtc-mrsd/Downloads/ros2_ghadron_gimbal/install/gimbal_bringup:/home/dtc-mrsd/Downloads/ros2_ghadron_gimbal/install/yolo_detection:/home/dtc-mrsd/Downloads/ros2_ghadron_gimbal/install/stream_publisher:/home/dtc-mrsd/Downloads/ros2_ghadron_gimbal/install/rtsp_viewer:/home/dtc-mrsd/Downloads/ros2_ghadron_gimbal/install/image_viewer:/home/dtc-mrsd/Downloads/ros2_ghadron_gimbal/install/human_tracking:/opt/ros/humble /usr/bin/cmake --install /home/dtc-mrsd/Downloads/ros2_ghadron_gimbal/build/gimbal_status
[2.079s] Level 1:colcon.colcon_core.environment:create_environment_scripts_only(gimbal_angle_control)
[2.082s] DEBUG:colcon.colcon_core.event_handler.log_command:Invoked command in '/home/dtc-mrsd/Downloads/ros2_ghadron_gimbal/build/gimbal_angle_control' returned '0': CMAKE_PREFIX_PATH=${CMAKE_PREFIX_PATH}:/home/dtc-mrsd/Downloads/ros2_ghadron_gimbal/install/gimbal_bringup:/home/dtc-mrsd/Downloads/ros2_ghadron_gimbal/install/yolo_detection:/home/dtc-mrsd/Downloads/ros2_ghadron_gimbal/install/stream_publisher:/home/dtc-mrsd/Downloads/ros2_ghadron_gimbal/install/rtsp_viewer:/home/dtc-mrsd/Downloads/ros2_ghadron_gimbal/install/image_viewer:/home/dtc-mrsd/Downloads/ros2_ghadron_gimbal/install/human_tracking:/opt/ros/humble /usr/bin/cmake --install /home/dtc-mrsd/Downloads/ros2_ghadron_gimbal/build/gimbal_angle_control
[2.088s] Level 1:colcon.colcon_core.environment:checking '/home/dtc-mrsd/Downloads/ros2_ghadron_gimbal/install/gimbal_angle_control' for CMake module files
[2.088s] Level 1:colcon.colcon_core.environment:checking '/home/dtc-mrsd/Downloads/ros2_ghadron_gimbal/install/gimbal_angle_control' for CMake config files
[2.089s] Level 1:colcon.colcon_core.shell:create_environment_hook('gimbal_angle_control', 'cmake_prefix_path')
[2.089s] INFO:colcon.colcon_core.shell:Creating environment hook '/home/dtc-mrsd/Downloads/ros2_ghadron_gimbal/install/gimbal_angle_control/share/gimbal_angle_control/hook/cmake_prefix_path.ps1'
[2.090s] INFO:colcon.colcon_core.shell:Creating environment descriptor '/home/dtc-mrsd/Downloads/ros2_ghadron_gimbal/install/gimbal_angle_control/share/gimbal_angle_control/hook/cmake_prefix_path.dsv'
[2.091s] INFO:colcon.colcon_core.shell:Creating environment hook '/home/dtc-mrsd/Downloads/ros2_ghadron_gimbal/install/gimbal_angle_control/share/gimbal_angle_control/hook/cmake_prefix_path.sh'
[2.092s] Level 1:colcon.colcon_core.environment:checking '/home/dtc-mrsd/Downloads/ros2_ghadron_gimbal/install/gimbal_angle_control/lib'
[2.092s] Level 1:colcon.colcon_core.environment:checking '/home/dtc-mrsd/Downloads/ros2_ghadron_gimbal/install/gimbal_angle_control/bin'
[2.092s] Level 1:colcon.colcon_core.environment:checking '/home/dtc-mrsd/Downloads/ros2_ghadron_gimbal/install/gimbal_angle_control/lib/pkgconfig/gimbal_angle_control.pc'
[2.092s] Level 1:colcon.colcon_core.environment:checking '/home/dtc-mrsd/Downloads/ros2_ghadron_gimbal/install/gimbal_angle_control/lib/python3.10/site-packages'
[2.093s] Level 1:colcon.colcon_core.environment:checking '/home/dtc-mrsd/Downloads/ros2_ghadron_gimbal/install/gimbal_angle_control/bin'
[2.093s] INFO:colcon.colcon_core.shell:Creating package script '/home/dtc-mrsd/Downloads/ros2_ghadron_gimbal/install/gimbal_angle_control/share/gimbal_angle_control/package.ps1'
[2.094s] INFO:colcon.colcon_core.shell:Creating package descriptor '/home/dtc-mrsd/Downloads/ros2_ghadron_gimbal/install/gimbal_angle_control/share/gimbal_angle_control/package.dsv'
[2.095s] INFO:colcon.colcon_core.shell:Creating package script '/home/dtc-mrsd/Downloads/ros2_ghadron_gimbal/install/gimbal_angle_control/share/gimbal_angle_control/package.sh'
[2.097s] INFO:colcon.colcon_core.shell:Creating package script '/home/dtc-mrsd/Downloads/ros2_ghadron_gimbal/install/gimbal_angle_control/share/gimbal_angle_control/package.bash'
[2.098s] INFO:colcon.colcon_core.shell:Creating package script '/home/dtc-mrsd/Downloads/ros2_ghadron_gimbal/install/gimbal_angle_control/share/gimbal_angle_control/package.zsh'
[2.099s] Level 1:colcon.colcon_core.environment:create_file_with_runtime_dependencies(/home/dtc-mrsd/Downloads/ros2_ghadron_gimbal/install/gimbal_angle_control/share/colcon-core/packages/gimbal_angle_control)
[2.100s] Level 1:colcon.colcon_core.environment:create_environment_scripts_only(gimbal_angle_control)
[2.101s] Level 1:colcon.colcon_core.environment:checking '/home/dtc-mrsd/Downloads/ros2_ghadron_gimbal/install/gimbal_angle_control' for CMake module files
[2.101s] Level 1:colcon.colcon_core.environment:checking '/home/dtc-mrsd/Downloads/ros2_ghadron_gimbal/install/gimbal_angle_control' for CMake config files
[2.102s] Level 1:colcon.colcon_core.shell:create_environment_hook('gimbal_angle_control', 'cmake_prefix_path')
[2.102s] INFO:colcon.colcon_core.shell:Creating environment hook '/home/dtc-mrsd/Downloads/ros2_ghadron_gimbal/install/gimbal_angle_control/share/gimbal_angle_control/hook/cmake_prefix_path.ps1'
[2.102s] INFO:colcon.colcon_core.shell:Creating environment descriptor '/home/dtc-mrsd/Downloads/ros2_ghadron_gimbal/install/gimbal_angle_control/share/gimbal_angle_control/hook/cmake_prefix_path.dsv'
[2.103s] INFO:colcon.colcon_core.shell:Creating environment hook '/home/dtc-mrsd/Downloads/ros2_ghadron_gimbal/install/gimbal_angle_control/share/gimbal_angle_control/hook/cmake_prefix_path.sh'
[2.104s] Level 1:colcon.colcon_core.environment:checking '/home/dtc-mrsd/Downloads/ros2_ghadron_gimbal/install/gimbal_angle_control/lib'
[2.104s] Level 1:colcon.colcon_core.environment:checking '/home/dtc-mrsd/Downloads/ros2_ghadron_gimbal/install/gimbal_angle_control/bin'
[2.104s] Level 1:colcon.colcon_core.environment:checking '/home/dtc-mrsd/Downloads/ros2_ghadron_gimbal/install/gimbal_angle_control/lib/pkgconfig/gimbal_angle_control.pc'
[2.104s] Level 1:colcon.colcon_core.environment:checking '/home/dtc-mrsd/Downloads/ros2_ghadron_gimbal/install/gimbal_angle_control/lib/python3.10/site-packages'
[2.104s] Level 1:colcon.colcon_core.environment:checking '/home/dtc-mrsd/Downloads/ros2_ghadron_gimbal/install/gimbal_angle_control/bin'
[2.105s] INFO:colcon.colcon_core.shell:Creating package script '/home/dtc-mrsd/Downloads/ros2_ghadron_gimbal/install/gimbal_angle_control/share/gimbal_angle_control/package.ps1'
[2.105s] INFO:colcon.colcon_core.shell:Creating package descriptor '/home/dtc-mrsd/Downloads/ros2_ghadron_gimbal/install/gimbal_angle_control/share/gimbal_angle_control/package.dsv'
[2.106s] INFO:colcon.colcon_core.shell:Creating package script '/home/dtc-mrsd/Downloads/ros2_ghadron_gimbal/install/gimbal_angle_control/share/gimbal_angle_control/package.sh'
[2.107s] INFO:colcon.colcon_core.shell:Creating package script '/home/dtc-mrsd/Downloads/ros2_ghadron_gimbal/install/gimbal_angle_control/share/gimbal_angle_control/package.bash'
[2.107s] INFO:colcon.colcon_core.shell:Creating package script '/home/dtc-mrsd/Downloads/ros2_ghadron_gimbal/install/gimbal_angle_control/share/gimbal_angle_control/package.zsh'
[2.108s] Level 1:colcon.colcon_core.environment:create_file_with_runtime_dependencies(/home/dtc-mrsd/Downloads/ros2_ghadron_gimbal/install/gimbal_angle_control/share/colcon-core/packages/gimbal_angle_control)
[2.109s] Level 1:colcon.colcon_core.environment:create_environment_scripts_only(gimbal_status)
[2.109s] Level 1:colcon.colcon_core.environment:checking '/home/dtc-mrsd/Downloads/ros2_ghadron_gimbal/install/gimbal_status' for CMake module files
[2.110s] DEBUG:colcon.colcon_core.event_handler.log_command:Invoked command in '/home/dtc-mrsd/Downloads/ros2_ghadron_gimbal/build/gimbal_status' returned '0': CMAKE_PREFIX_PATH=${CMAKE_PREFIX_PATH}:/home/dtc-mrsd/Downloads/ros2_ghadron_gimbal/install/gimbal_bringup:/home/dtc-mrsd/Downloads/ros2_ghadron_gimbal/install/yolo_detection:/home/dtc-mrsd/Downloads/ros2_ghadron_gimbal/install/stream_publisher:/home/dtc-mrsd/Downloads/ros2_ghadron_gimbal/install/rtsp_viewer:/home/dtc-mrsd/Downloads/ros2_ghadron_gimbal/install/image_viewer:/home/dtc-mrsd/Downloads/ros2_ghadron_gimbal/install/human_tracking:/opt/ros/humble /usr/bin/cmake --install /home/dtc-mrsd/Downloads/ros2_ghadron_gimbal/build/gimbal_status
[2.111s] Level 1:colcon.colcon_core.environment:checking '/home/dtc-mrsd/Downloads/ros2_ghadron_gimbal/install/gimbal_status' for CMake config files
[2.111s] Level 1:colcon.colcon_core.shell:create_environment_hook('gimbal_status', 'cmake_prefix_path')
[2.111s] INFO:colcon.colcon_core.shell:Creating environment hook '/home/dtc-mrsd/Downloads/ros2_ghadron_gimbal/install/gimbal_status/share/gimbal_status/hook/cmake_prefix_path.ps1'
[2.112s] INFO:colcon.colcon_core.shell:Creating environment descriptor '/home/dtc-mrsd/Downloads/ros2_ghadron_gimbal/install/gimbal_status/share/gimbal_status/hook/cmake_prefix_path.dsv'
[2.112s] INFO:colcon.colcon_core.shell:Creating environment hook '/home/dtc-mrsd/Downloads/ros2_ghadron_gimbal/install/gimbal_status/share/gimbal_status/hook/cmake_prefix_path.sh'
[2.113s] Level 1:colcon.colcon_core.environment:checking '/home/dtc-mrsd/Downloads/ros2_ghadron_gimbal/install/gimbal_status/lib'
[2.113s] Level 1:colcon.colcon_core.environment:checking '/home/dtc-mrsd/Downloads/ros2_ghadron_gimbal/install/gimbal_status/bin'
[2.113s] Level 1:colcon.colcon_core.environment:checking '/home/dtc-mrsd/Downloads/ros2_ghadron_gimbal/install/gimbal_status/lib/pkgconfig/gimbal_status.pc'
[2.114s] Level 1:colcon.colcon_core.environment:checking '/home/dtc-mrsd/Downloads/ros2_ghadron_gimbal/install/gimbal_status/lib/python3.10/site-packages'
[2.114s] Level 1:colcon.colcon_core.environment:checking '/home/dtc-mrsd/Downloads/ros2_ghadron_gimbal/install/gimbal_status/bin'
[2.115s] INFO:colcon.colcon_core.shell:Creating package script '/home/dtc-mrsd/Downloads/ros2_ghadron_gimbal/install/gimbal_status/share/gimbal_status/package.ps1'
[2.115s] INFO:colcon.colcon_core.shell:Creating package descriptor '/home/dtc-mrsd/Downloads/ros2_ghadron_gimbal/install/gimbal_status/share/gimbal_status/package.dsv'
[2.116s] INFO:colcon.colcon_core.shell:Creating package script '/home/dtc-mrsd/Downloads/ros2_ghadron_gimbal/install/gimbal_status/share/gimbal_status/package.sh'
[2.116s] INFO:colcon.colcon_core.shell:Creating package script '/home/dtc-mrsd/Downloads/ros2_ghadron_gimbal/install/gimbal_status/share/gimbal_status/package.bash'
[2.117s] INFO:colcon.colcon_core.shell:Creating package script '/home/dtc-mrsd/Downloads/ros2_ghadron_gimbal/install/gimbal_status/share/gimbal_status/package.zsh'
[2.117s] Level 1:colcon.colcon_core.environment:create_file_with_runtime_dependencies(/home/dtc-mrsd/Downloads/ros2_ghadron_gimbal/install/gimbal_status/share/colcon-core/packages/gimbal_status)
[2.118s] Level 1:colcon.colcon_core.environment:create_environment_scripts_only(gimbal_status)
[2.119s] Level 1:colcon.colcon_core.environment:checking '/home/dtc-mrsd/Downloads/ros2_ghadron_gimbal/install/gimbal_status' for CMake module files
[2.120s] Level 1:colcon.colcon_core.environment:checking '/home/dtc-mrsd/Downloads/ros2_ghadron_gimbal/install/gimbal_status' for CMake config files
[2.120s] Level 1:colcon.colcon_core.shell:create_environment_hook('gimbal_status', 'cmake_prefix_path')
[2.121s] INFO:colcon.colcon_core.shell:Creating environment hook '/home/dtc-mrsd/Downloads/ros2_ghadron_gimbal/install/gimbal_status/share/gimbal_status/hook/cmake_prefix_path.ps1'
[2.121s] INFO:colcon.colcon_core.shell:Creating environment descriptor '/home/dtc-mrsd/Downloads/ros2_ghadron_gimbal/install/gimbal_status/share/gimbal_status/hook/cmake_prefix_path.dsv'
[2.122s] INFO:colcon.colcon_core.shell:Creating environment hook '/home/dtc-mrsd/Downloads/ros2_ghadron_gimbal/install/gimbal_status/share/gimbal_status/hook/cmake_prefix_path.sh'
[2.122s] Level 1:colcon.colcon_core.environment:checking '/home/dtc-mrsd/Downloads/ros2_ghadron_gimbal/install/gimbal_status/lib'
[2.123s] Level 1:colcon.colcon_core.environment:checking '/home/dtc-mrsd/Downloads/ros2_ghadron_gimbal/install/gimbal_status/bin'
[2.123s] Level 1:colcon.colcon_core.environment:checking '/home/dtc-mrsd/Downloads/ros2_ghadron_gimbal/install/gimbal_status/lib/pkgconfig/gimbal_status.pc'
[2.123s] Level 1:colcon.colcon_core.environment:checking '/home/dtc-mrsd/Downloads/ros2_ghadron_gimbal/install/gimbal_status/lib/python3.10/site-packages'
[2.124s] Level 1:colcon.colcon_core.environment:checking '/home/dtc-mrsd/Downloads/ros2_ghadron_gimbal/install/gimbal_status/bin'
[2.124s] INFO:colcon.colcon_core.shell:Creating package script '/home/dtc-mrsd/Downloads/ros2_ghadron_gimbal/install/gimbal_status/share/gimbal_status/package.ps1'
[2.125s] INFO:colcon.colcon_core.shell:Creating package descriptor '/home/dtc-mrsd/Downloads/ros2_ghadron_gimbal/install/gimbal_status/share/gimbal_status/package.dsv'
[2.126s] INFO:colcon.colcon_core.shell:Creating package script '/home/dtc-mrsd/Downloads/ros2_ghadron_gimbal/install/gimbal_status/share/gimbal_status/package.sh'
[2.127s] INFO:colcon.colcon_core.shell:Creating package script '/home/dtc-mrsd/Downloads/ros2_ghadron_gimbal/install/gimbal_status/share/gimbal_status/package.bash'
[2.127s] INFO:colcon.colcon_core.shell:Creating package script '/home/dtc-mrsd/Downloads/ros2_ghadron_gimbal/install/gimbal_status/share/gimbal_status/package.zsh'
[2.128s] Level 1:colcon.colcon_core.environment:create_file_with_runtime_dependencies(/home/dtc-mrsd/Downloads/ros2_ghadron_gimbal/install/gimbal_status/share/colcon-core/packages/gimbal_status)
[2.525s] DEBUG:colcon.colcon_core.event_handler.log_command:Invoking command in '/home/dtc-mrsd/Downloads/ros2_ghadron_gimbal/src/human_tracking': PYTHONPATH=/home/dtc-mrsd/Downloads/ros2_ghadron_gimbal/build/human_tracking/prefix_override:/usr/lib/python3/dist-packages/colcon_core/task/python/colcon_distutils_commands:/home/dtc-mrsd/Downloads/ros2_ghadron_gimbal/install/human_tracking/lib/python3.10/site-packages:${PYTHONPATH} /usr/bin/python3 -W ignore:setup.py install is deprecated -W ignore:easy_install command is deprecated setup.py egg_info --egg-base ../../build/human_tracking build --build-base /home/dtc-mrsd/Downloads/ros2_ghadron_gimbal/build/human_tracking/build install --record /home/dtc-mrsd/Downloads/ros2_ghadron_gimbal/build/human_tracking/install.log --single-version-externally-managed install_data
[2.526s] DEBUG:colcon.colcon_core.event_handler.log_command:Invoking command in '/home/dtc-mrsd/Downloads/ros2_ghadron_gimbal/src/stream_publisher': PYTHONPATH=/home/dtc-mrsd/Downloads/ros2_ghadron_gimbal/build/stream_publisher/prefix_override:/usr/lib/python3/dist-packages/colcon_core/task/python/colcon_distutils_commands:/home/dtc-mrsd/Downloads/ros2_ghadron_gimbal/install/stream_publisher/lib/python3.10/site-packages:${PYTHONPATH} /usr/bin/python3 -W ignore:setup.py install is deprecated -W ignore:easy_install command is deprecated setup.py egg_info --egg-base ../../build/stream_publisher build --build-base /home/dtc-mrsd/Downloads/ros2_ghadron_gimbal/build/stream_publisher/build install --record /home/dtc-mrsd/Downloads/ros2_ghadron_gimbal/build/stream_publisher/install.log --single-version-externally-managed install_data
[2.534s] DEBUG:colcon.colcon_core.event_handler.log_command:Invoking command in '/home/dtc-mrsd/Downloads/ros2_ghadron_gimbal/src/image_viewer': PYTHONPATH=/home/dtc-mrsd/Downloads/ros2_ghadron_gimbal/build/image_viewer/prefix_override:/usr/lib/python3/dist-packages/colcon_core/task/python/colcon_distutils_commands:/home/dtc-mrsd/Downloads/ros2_ghadron_gimbal/install/image_viewer/lib/python3.10/site-packages:${PYTHONPATH} /usr/bin/python3 -W ignore:setup.py install is deprecated -W ignore:easy_install command is deprecated setup.py egg_info --egg-base ../../build/image_viewer build --build-base /home/dtc-mrsd/Downloads/ros2_ghadron_gimbal/build/image_viewer/build install --record /home/dtc-mrsd/Downloads/ros2_ghadron_gimbal/build/image_viewer/install.log --single-version-externally-managed install_data
[2.535s] DEBUG:colcon.colcon_core.event_handler.log_command:Invoking command in '/home/dtc-mrsd/Downloads/ros2_ghadron_gimbal/src/yolo_detection': PYTHONPATH=/home/dtc-mrsd/Downloads/ros2_ghadron_gimbal/build/yolo_detection/prefix_override:/usr/lib/python3/dist-packages/colcon_core/task/python/colcon_distutils_commands:/home/dtc-mrsd/Downloads/ros2_ghadron_gimbal/install/yolo_detection/lib/python3.10/site-packages:${PYTHONPATH} /usr/bin/python3 -W ignore:setup.py install is deprecated -W ignore:easy_install command is deprecated setup.py egg_info --egg-base ../../build/yolo_detection build --build-base /home/dtc-mrsd/Downloads/ros2_ghadron_gimbal/build/yolo_detection/build install --record /home/dtc-mrsd/Downloads/ros2_ghadron_gimbal/build/yolo_detection/install.log --single-version-externally-managed install_data
[2.870s] Level 1:colcon.colcon_core.environment:checking '/home/dtc-mrsd/Downloads/ros2_ghadron_gimbal/install/image_viewer' for CMake module files
[2.871s] DEBUG:colcon.colcon_core.event_handler.log_command:Invoked command in '/home/dtc-mrsd/Downloads/ros2_ghadron_gimbal/src/image_viewer' returned '0': PYTHONPATH=/home/dtc-mrsd/Downloads/ros2_ghadron_gimbal/build/image_viewer/prefix_override:/usr/lib/python3/dist-packages/colcon_core/task/python/colcon_distutils_commands:/home/dtc-mrsd/Downloads/ros2_ghadron_gimbal/install/image_viewer/lib/python3.10/site-packages:${PYTHONPATH} /usr/bin/python3 -W ignore:setup.py install is deprecated -W ignore:easy_install command is deprecated setup.py egg_info --egg-base ../../build/image_viewer build --build-base /home/dtc-mrsd/Downloads/ros2_ghadron_gimbal/build/image_viewer/build install --record /home/dtc-mrsd/Downloads/ros2_ghadron_gimbal/build/image_viewer/install.log --single-version-externally-managed install_data
[2.871s] Level 1:colcon.colcon_core.environment:checking '/home/dtc-mrsd/Downloads/ros2_ghadron_gimbal/install/image_viewer' for CMake config files
[2.871s] Level 1:colcon.colcon_core.environment:checking '/home/dtc-mrsd/Downloads/ros2_ghadron_gimbal/install/image_viewer/lib'
[2.872s] Level 1:colcon.colcon_core.environment:checking '/home/dtc-mrsd/Downloads/ros2_ghadron_gimbal/install/image_viewer/bin'
[2.872s] Level 1:colcon.colcon_core.environment:checking '/home/dtc-mrsd/Downloads/ros2_ghadron_gimbal/install/image_viewer/lib/pkgconfig/image_viewer.pc'
[2.872s] Level 1:colcon.colcon_core.environment:checking '/home/dtc-mrsd/Downloads/ros2_ghadron_gimbal/install/image_viewer/lib/python3.10/site-packages'
[2.872s] Level 1:colcon.colcon_core.shell:create_environment_hook('image_viewer', 'pythonpath')
[2.872s] INFO:colcon.colcon_core.shell:Creating environment hook '/home/dtc-mrsd/Downloads/ros2_ghadron_gimbal/install/image_viewer/share/image_viewer/hook/pythonpath.ps1'
[2.873s] INFO:colcon.colcon_core.shell:Creating environment descriptor '/home/dtc-mrsd/Downloads/ros2_ghadron_gimbal/install/image_viewer/share/image_viewer/hook/pythonpath.dsv'
[2.873s] INFO:colcon.colcon_core.shell:Creating environment hook '/home/dtc-mrsd/Downloads/ros2_ghadron_gimbal/install/image_viewer/share/image_viewer/hook/pythonpath.sh'
[2.874s] Level 1:colcon.colcon_core.environment:checking '/home/dtc-mrsd/Downloads/ros2_ghadron_gimbal/install/image_viewer/bin'
[2.874s] Level 1:colcon.colcon_core.environment:create_environment_scripts_only(image_viewer)
[2.874s] INFO:colcon.colcon_core.shell:Creating package script '/home/dtc-mrsd/Downloads/ros2_ghadron_gimbal/install/image_viewer/share/image_viewer/package.ps1'
[2.875s] INFO:colcon.colcon_core.shell:Creating package descriptor '/home/dtc-mrsd/Downloads/ros2_ghadron_gimbal/install/image_viewer/share/image_viewer/package.dsv'
[2.875s] INFO:colcon.colcon_core.shell:Creating package script '/home/dtc-mrsd/Downloads/ros2_ghadron_gimbal/install/image_viewer/share/image_viewer/package.sh'
[2.876s] INFO:colcon.colcon_core.shell:Creating package script '/home/dtc-mrsd/Downloads/ros2_ghadron_gimbal/install/image_viewer/share/image_viewer/package.bash'
[2.876s] INFO:colcon.colcon_core.shell:Creating package script '/home/dtc-mrsd/Downloads/ros2_ghadron_gimbal/install/image_viewer/share/image_viewer/package.zsh'
[2.876s] Level 1:colcon.colcon_core.environment:create_file_with_runtime_dependencies(/home/dtc-mrsd/Downloads/ros2_ghadron_gimbal/install/image_viewer/share/colcon-core/packages/image_viewer)
[2.877s] Level 1:colcon.colcon_core.environment:checking '/home/dtc-mrsd/Downloads/ros2_ghadron_gimbal/install/stream_publisher' for CMake module files
[2.878s] DEBUG:colcon.colcon_core.event_handler.log_command:Invoked command in '/home/dtc-mrsd/Downloads/ros2_ghadron_gimbal/src/stream_publisher' returned '0': PYTHONPATH=/home/dtc-mrsd/Downloads/ros2_ghadron_gimbal/build/stream_publisher/prefix_override:/usr/lib/python3/dist-packages/colcon_core/task/python/colcon_distutils_commands:/home/dtc-mrsd/Downloads/ros2_ghadron_gimbal/install/stream_publisher/lib/python3.10/site-packages:${PYTHONPATH} /usr/bin/python3 -W ignore:setup.py install is deprecated -W ignore:easy_install command is deprecated setup.py egg_info --egg-base ../../build/stream_publisher build --build-base /home/dtc-mrsd/Downloads/ros2_ghadron_gimbal/build/stream_publisher/build install --record /home/dtc-mrsd/Downloads/ros2_ghadron_gimbal/build/stream_publisher/install.log --single-version-externally-managed install_data
[2.878s] Level 1:colcon.colcon_core.environment:checking '/home/dtc-mrsd/Downloads/ros2_ghadron_gimbal/install/stream_publisher' for CMake config files
[2.879s] Level 1:colcon.colcon_core.environment:checking '/home/dtc-mrsd/Downloads/ros2_ghadron_gimbal/install/stream_publisher/lib'
[2.879s] Level 1:colcon.colcon_core.environment:checking '/home/dtc-mrsd/Downloads/ros2_ghadron_gimbal/install/stream_publisher/bin'
[2.879s] Level 1:colcon.colcon_core.environment:checking '/home/dtc-mrsd/Downloads/ros2_ghadron_gimbal/install/stream_publisher/lib/pkgconfig/stream_publisher.pc'
[2.879s] Level 1:colcon.colcon_core.environment:checking '/home/dtc-mrsd/Downloads/ros2_ghadron_gimbal/install/stream_publisher/lib/python3.10/site-packages'
[2.879s] Level 1:colcon.colcon_core.shell:create_environment_hook('stream_publisher', 'pythonpath')
[2.879s] INFO:colcon.colcon_core.shell:Creating environment hook '/home/dtc-mrsd/Downloads/ros2_ghadron_gimbal/install/stream_publisher/share/stream_publisher/hook/pythonpath.ps1'
[2.880s] INFO:colcon.colcon_core.shell:Creating environment descriptor '/home/dtc-mrsd/Downloads/ros2_ghadron_gimbal/install/stream_publisher/share/stream_publisher/hook/pythonpath.dsv'
[2.880s] INFO:colcon.colcon_core.shell:Creating environment hook '/home/dtc-mrsd/Downloads/ros2_ghadron_gimbal/install/stream_publisher/share/stream_publisher/hook/pythonpath.sh'
[2.881s] Level 1:colcon.colcon_core.environment:checking '/home/dtc-mrsd/Downloads/ros2_ghadron_gimbal/install/stream_publisher/bin'
[2.881s] Level 1:colcon.colcon_core.environment:create_environment_scripts_only(stream_publisher)
[2.881s] INFO:colcon.colcon_core.shell:Creating package script '/home/dtc-mrsd/Downloads/ros2_ghadron_gimbal/install/stream_publisher/share/stream_publisher/package.ps1'
[2.882s] INFO:colcon.colcon_core.shell:Creating package descriptor '/home/dtc-mrsd/Downloads/ros2_ghadron_gimbal/install/stream_publisher/share/stream_publisher/package.dsv'
[2.882s] INFO:colcon.colcon_core.shell:Creating package script '/home/dtc-mrsd/Downloads/ros2_ghadron_gimbal/install/stream_publisher/share/stream_publisher/package.sh'
[2.882s] INFO:colcon.colcon_core.shell:Creating package script '/home/dtc-mrsd/Downloads/ros2_ghadron_gimbal/install/stream_publisher/share/stream_publisher/package.bash'
[2.883s] INFO:colcon.colcon_core.shell:Creating package script '/home/dtc-mrsd/Downloads/ros2_ghadron_gimbal/install/stream_publisher/share/stream_publisher/package.zsh'
[2.883s] Level 1:colcon.colcon_core.environment:create_file_with_runtime_dependencies(/home/dtc-mrsd/Downloads/ros2_ghadron_gimbal/install/stream_publisher/share/colcon-core/packages/stream_publisher)
[2.924s] Level 1:colcon.colcon_core.environment:checking '/home/dtc-mrsd/Downloads/ros2_ghadron_gimbal/install/human_tracking' for CMake module files
[2.925s] DEBUG:colcon.colcon_core.event_handler.log_command:Invoked command in '/home/dtc-mrsd/Downloads/ros2_ghadron_gimbal/src/human_tracking' returned '0': PYTHONPATH=/home/dtc-mrsd/Downloads/ros2_ghadron_gimbal/build/human_tracking/prefix_override:/usr/lib/python3/dist-packages/colcon_core/task/python/colcon_distutils_commands:/home/dtc-mrsd/Downloads/ros2_ghadron_gimbal/install/human_tracking/lib/python3.10/site-packages:${PYTHONPATH} /usr/bin/python3 -W ignore:setup.py install is deprecated -W ignore:easy_install command is deprecated setup.py egg_info --egg-base ../../build/human_tracking build --build-base /home/dtc-mrsd/Downloads/ros2_ghadron_gimbal/build/human_tracking/build install --record /home/dtc-mrsd/Downloads/ros2_ghadron_gimbal/build/human_tracking/install.log --single-version-externally-managed install_data
[2.925s] Level 1:colcon.colcon_core.environment:checking '/home/dtc-mrsd/Downloads/ros2_ghadron_gimbal/install/human_tracking' for CMake config files
[2.926s] Level 1:colcon.colcon_core.environment:checking '/home/dtc-mrsd/Downloads/ros2_ghadron_gimbal/install/human_tracking/lib'
[2.926s] Level 1:colcon.colcon_core.environment:checking '/home/dtc-mrsd/Downloads/ros2_ghadron_gimbal/install/human_tracking/bin'
[2.926s] Level 1:colcon.colcon_core.environment:checking '/home/dtc-mrsd/Downloads/ros2_ghadron_gimbal/install/human_tracking/lib/pkgconfig/human_tracking.pc'
[2.926s] Level 1:colcon.colcon_core.environment:checking '/home/dtc-mrsd/Downloads/ros2_ghadron_gimbal/install/human_tracking/lib/python3.10/site-packages'
[2.926s] Level 1:colcon.colcon_core.shell:create_environment_hook('human_tracking', 'pythonpath')
[2.926s] INFO:colcon.colcon_core.shell:Creating environment hook '/home/dtc-mrsd/Downloads/ros2_ghadron_gimbal/install/human_tracking/share/human_tracking/hook/pythonpath.ps1'
[2.927s] INFO:colcon.colcon_core.shell:Creating environment descriptor '/home/dtc-mrsd/Downloads/ros2_ghadron_gimbal/install/human_tracking/share/human_tracking/hook/pythonpath.dsv'
[2.928s] INFO:colcon.colcon_core.shell:Creating environment hook '/home/dtc-mrsd/Downloads/ros2_ghadron_gimbal/install/human_tracking/share/human_tracking/hook/pythonpath.sh'
[2.928s] Level 1:colcon.colcon_core.environment:checking '/home/dtc-mrsd/Downloads/ros2_ghadron_gimbal/install/human_tracking/bin'
[2.928s] Level 1:colcon.colcon_core.environment:create_environment_scripts_only(human_tracking)
[2.929s] INFO:colcon.colcon_core.shell:Creating package script '/home/dtc-mrsd/Downloads/ros2_ghadron_gimbal/install/human_tracking/share/human_tracking/package.ps1'
[2.929s] INFO:colcon.colcon_core.shell:Creating package descriptor '/home/dtc-mrsd/Downloads/ros2_ghadron_gimbal/install/human_tracking/share/human_tracking/package.dsv'
[2.930s] INFO:colcon.colcon_core.shell:Creating package script '/home/dtc-mrsd/Downloads/ros2_ghadron_gimbal/install/human_tracking/share/human_tracking/package.sh'
[2.930s] INFO:colcon.colcon_core.shell:Creating package script '/home/dtc-mrsd/Downloads/ros2_ghadron_gimbal/install/human_tracking/share/human_tracking/package.bash'
[2.931s] INFO:colcon.colcon_core.shell:Creating package script '/home/dtc-mrsd/Downloads/ros2_ghadron_gimbal/install/human_tracking/share/human_tracking/package.zsh'
[2.931s] Level 1:colcon.colcon_core.environment:create_file_with_runtime_dependencies(/home/dtc-mrsd/Downloads/ros2_ghadron_gimbal/install/human_tracking/share/colcon-core/packages/human_tracking)
[2.932s] Level 1:colcon.colcon_core.environment:checking '/home/dtc-mrsd/Downloads/ros2_ghadron_gimbal/install/yolo_detection' for CMake module files
[2.933s] DEBUG:colcon.colcon_core.event_handler.log_command:Invoked command in '/home/dtc-mrsd/Downloads/ros2_ghadron_gimbal/src/yolo_detection' returned '0': PYTHONPATH=/home/dtc-mrsd/Downloads/ros2_ghadron_gimbal/build/yolo_detection/prefix_override:/usr/lib/python3/dist-packages/colcon_core/task/python/colcon_distutils_commands:/home/dtc-mrsd/Downloads/ros2_ghadron_gimbal/install/yolo_detection/lib/python3.10/site-packages:${PYTHONPATH} /usr/bin/python3 -W ignore:setup.py install is deprecated -W ignore:easy_install command is deprecated setup.py egg_info --egg-base ../../build/yolo_detection build --build-base /home/dtc-mrsd/Downloads/ros2_ghadron_gimbal/build/yolo_detection/build install --record /home/dtc-mrsd/Downloads/ros2_ghadron_gimbal/build/yolo_detection/install.log --single-version-externally-managed install_data
[2.933s] Level 1:colcon.colcon_core.environment:checking '/home/dtc-mrsd/Downloads/ros2_ghadron_gimbal/install/yolo_detection' for CMake config files
[2.934s] Level 1:colcon.colcon_core.environment:checking '/home/dtc-mrsd/Downloads/ros2_ghadron_gimbal/install/yolo_detection/lib'
[2.934s] Level 1:colcon.colcon_core.environment:checking '/home/dtc-mrsd/Downloads/ros2_ghadron_gimbal/install/yolo_detection/bin'
[2.934s] Level 1:colcon.colcon_core.environment:checking '/home/dtc-mrsd/Downloads/ros2_ghadron_gimbal/install/yolo_detection/lib/pkgconfig/yolo_detection.pc'
[2.934s] Level 1:colcon.colcon_core.environment:checking '/home/dtc-mrsd/Downloads/ros2_ghadron_gimbal/install/yolo_detection/lib/python3.10/site-packages'
[2.935s] Level 1:colcon.colcon_core.shell:create_environment_hook('yolo_detection', 'pythonpath')
[2.935s] INFO:colcon.colcon_core.shell:Creating environment hook '/home/dtc-mrsd/Downloads/ros2_ghadron_gimbal/install/yolo_detection/share/yolo_detection/hook/pythonpath.ps1'
[2.935s] INFO:colcon.colcon_core.shell:Creating environment descriptor '/home/dtc-mrsd/Downloads/ros2_ghadron_gimbal/install/yolo_detection/share/yolo_detection/hook/pythonpath.dsv'
[2.936s] INFO:colcon.colcon_core.shell:Creating environment hook '/home/dtc-mrsd/Downloads/ros2_ghadron_gimbal/install/yolo_detection/share/yolo_detection/hook/pythonpath.sh'
[2.936s] Level 1:colcon.colcon_core.environment:checking '/home/dtc-mrsd/Downloads/ros2_ghadron_gimbal/install/yolo_detection/bin'
[2.936s] Level 1:colcon.colcon_core.environment:create_environment_scripts_only(yolo_detection)
[2.937s] INFO:colcon.colcon_core.shell:Creating package script '/home/dtc-mrsd/Downloads/ros2_ghadron_gimbal/install/yolo_detection/share/yolo_detection/package.ps1'
[2.937s] INFO:colcon.colcon_core.shell:Creating package descriptor '/home/dtc-mrsd/Downloads/ros2_ghadron_gimbal/install/yolo_detection/share/yolo_detection/package.dsv'
[2.938s] INFO:colcon.colcon_core.shell:Creating package script '/home/dtc-mrsd/Downloads/ros2_ghadron_gimbal/install/yolo_detection/share/yolo_detection/package.sh'
[2.938s] INFO:colcon.colcon_core.shell:Creating package script '/home/dtc-mrsd/Downloads/ros2_ghadron_gimbal/install/yolo_detection/share/yolo_detection/package.bash'
[2.939s] INFO:colcon.colcon_core.shell:Creating package script '/home/dtc-mrsd/Downloads/ros2_ghadron_gimbal/install/yolo_detection/share/yolo_detection/package.zsh'
[2.939s] Level 1:colcon.colcon_core.environment:create_file_with_runtime_dependencies(/home/dtc-mrsd/Downloads/ros2_ghadron_gimbal/install/yolo_detection/share/colcon-core/packages/yolo_detection)
[2.939s] INFO:colcon.colcon_ros.task.ament_python.build:Building ROS package in '/home/dtc-mrsd/Downloads/ros2_ghadron_gimbal/src/gimbal_bringup' with build type 'ament_python'
[2.940s] Level 1:colcon.colcon_core.shell:create_environment_hook('gimbal_bringup', 'ament_prefix_path')
[2.940s] INFO:colcon.colcon_core.shell:Creating environment hook '/home/dtc-mrsd/Downloads/ros2_ghadron_gimbal/install/gimbal_bringup/share/gimbal_bringup/hook/ament_prefix_path.ps1'
[2.940s] INFO:colcon.colcon_core.shell:Creating environment descriptor '/home/dtc-mrsd/Downloads/ros2_ghadron_gimbal/install/gimbal_bringup/share/gimbal_bringup/hook/ament_prefix_path.dsv'
[2.941s] INFO:colcon.colcon_core.shell:Creating environment hook '/home/dtc-mrsd/Downloads/ros2_ghadron_gimbal/install/gimbal_bringup/share/gimbal_bringup/hook/ament_prefix_path.sh'
[2.942s] INFO:colcon.colcon_core.shell:Skip shell extension 'powershell' for command environment: Not usable outside of PowerShell
[2.942s] DEBUG:colcon.colcon_core.shell:Skip shell extension 'dsv' for command environment
[3.238s] INFO:colcon.colcon_core.task.python.build:Building Python package in '/home/dtc-mrsd/Downloads/ros2_ghadron_gimbal/src/gimbal_bringup'
[3.239s] INFO:colcon.colcon_core.shell:Skip shell extension 'powershell' for command environment: Not usable outside of PowerShell
[3.239s] DEBUG:colcon.colcon_core.shell:Skip shell extension 'dsv' for command environment
[3.622s] DEBUG:colcon.colcon_core.event_handler.log_command:Invoking command in '/home/dtc-mrsd/Downloads/ros2_ghadron_gimbal/src/gimbal_bringup': AMENT_PREFIX_PATH=/home/dtc-mrsd/Downloads/ros2_ghadron_gimbal/install/yolo_detection:/home/dtc-mrsd/Downloads/ros2_gimbal_ws/install/ir_zoom:/home/dtc-mrsd/Downloads/ros2_ghadron_gimbal/install/human_tracking:/home/dtc-mrsd/Downloads/ros2_gimbal_ws/install/gimbal_status:/home/dtc-mrsd/Downloads/ros2_gimbal_ws/install/gimbal_angle_control:/home/dtc-mrsd/Downloads/ros2_gimbal_ws/install/eo_zoom:/home/dtc-mrsd/Downloads/ros2_ghadron_gimbal/install/gimbal_bringup:/home/dtc-mrsd/Downloads/ros2_ghadron_gimbal/install/stream_publisher:/home/dtc-mrsd/Downloads/ros2_ghadron_gimbal/install/rtsp_viewer:/home/dtc-mrsd/Downloads/ros2_ghadron_gimbal/install/ir_zoom:/home/dtc-mrsd/Downloads/ros2_ghadron_gimbal/install/ir_image:/home/dtc-mrsd/Downloads/ros2_ghadron_gimbal/install/image_viewer:/home/dtc-mrsd/Downloads/ros2_ghadron_gimbal/install/image_publisher:/home/dtc-mrsd/Downloads/ros2_ghadron_gimbal/install/gimbal_status:/home/dtc-mrsd/Downloads/ros2_ghadron_gimbal/install/gimbal_angle_control:/home/dtc-mrsd/Downloads/ros2_ghadron_gimbal/install/eo_zoom:/home/dtc-mrsd/Downloads/ros2_ghadron_gimbal/install/eo_image:/opt/ros/humble CMAKE_PREFIX_PATH=/home/dtc-mrsd/Downloads/ros2_ghadron_gimbal/install/ir_zoom:/home/dtc-mrsd/Downloads/ros2_ghadron_gimbal/install/gimbal_status:/home/dtc-mrsd/Downloads/ros2_ghadron_gimbal/install/gimbal_angle_control:/home/dtc-mrsd/Downloads/ros2_ghadron_gimbal/install/eo_zoom:/home/dtc-mrsd/Downloads/ros2_ghadron_gimbal/install/ir_image:/home/dtc-mrsd/Downloads/ros2_ghadron_gimbal/install/image_publisher:/home/dtc-mrsd/Downloads/ros2_ghadron_gimbal/install/eo_image PYTHONPATH=/home/dtc-mrsd/Downloads/ros2_ghadron_gimbal/build/gimbal_bringup/prefix_override:/usr/lib/python3/dist-packages/colcon_core/task/python/colcon_distutils_commands:/home/dtc-mrsd/Downloads/ros2_ghadron_gimbal/install/gimbal_bringup/lib/python3.10/site-packages:/home/dtc-mrsd/Downloads/ros2_ghadron_gimbal/install/yolo_detection/lib/python3.10/site-packages:/home/dtc-mrsd/Downloads/ros2_ghadron_gimbal/install/human_tracking/lib/python3.10/site-packages:/home/dtc-mrsd/Downloads/ros2_ghadron_gimbal/install/gimbal_bringup/lib/python3.10/site-packages:/home/dtc-mrsd/Downloads/ros2_ghadron_gimbal/install/stream_publisher/lib/python3.10/site-packages:/home/dtc-mrsd/Downloads/ros2_ghadron_gimbal/install/rtsp_viewer/lib/python3.10/site-packages:/home/dtc-mrsd/Downloads/ros2_ghadron_gimbal/install/image_viewer/lib/python3.10/site-packages:/opt/ros/humble/lib/python3.10/site-packages:/opt/ros/humble/local/lib/python3.10/dist-packages /usr/bin/python3 -W ignore:setup.py install is deprecated -W ignore:easy_install command is deprecated setup.py egg_info --egg-base ../../build/gimbal_bringup build --build-base /home/dtc-mrsd/Downloads/ros2_ghadron_gimbal/build/gimbal_bringup/build install --record /home/dtc-mrsd/Downloads/ros2_ghadron_gimbal/build/gimbal_bringup/install.log --single-version-externally-managed install_data
[3.929s] Level 1:colcon.colcon_core.environment:checking '/home/dtc-mrsd/Downloads/ros2_ghadron_gimbal/install/gimbal_bringup' for CMake module files
[3.930s] DEBUG:colcon.colcon_core.event_handler.log_command:Invoked command in '/home/dtc-mrsd/Downloads/ros2_ghadron_gimbal/src/gimbal_bringup' returned '0': AMENT_PREFIX_PATH=/home/dtc-mrsd/Downloads/ros2_ghadron_gimbal/install/yolo_detection:/home/dtc-mrsd/Downloads/ros2_gimbal_ws/install/ir_zoom:/home/dtc-mrsd/Downloads/ros2_ghadron_gimbal/install/human_tracking:/home/dtc-mrsd/Downloads/ros2_gimbal_ws/install/gimbal_status:/home/dtc-mrsd/Downloads/ros2_gimbal_ws/install/gimbal_angle_control:/home/dtc-mrsd/Downloads/ros2_gimbal_ws/install/eo_zoom:/home/dtc-mrsd/Downloads/ros2_ghadron_gimbal/install/gimbal_bringup:/home/dtc-mrsd/Downloads/ros2_ghadron_gimbal/install/stream_publisher:/home/dtc-mrsd/Downloads/ros2_ghadron_gimbal/install/rtsp_viewer:/home/dtc-mrsd/Downloads/ros2_ghadron_gimbal/install/ir_zoom:/home/dtc-mrsd/Downloads/ros2_ghadron_gimbal/install/ir_image:/home/dtc-mrsd/Downloads/ros2_ghadron_gimbal/install/image_viewer:/home/dtc-mrsd/Downloads/ros2_ghadron_gimbal/install/image_publisher:/home/dtc-mrsd/Downloads/ros2_ghadron_gimbal/install/gimbal_status:/home/dtc-mrsd/Downloads/ros2_ghadron_gimbal/install/gimbal_angle_control:/home/dtc-mrsd/Downloads/ros2_ghadron_gimbal/install/eo_zoom:/home/dtc-mrsd/Downloads/ros2_ghadron_gimbal/install/eo_image:/opt/ros/humble CMAKE_PREFIX_PATH=/home/dtc-mrsd/Downloads/ros2_ghadron_gimbal/install/ir_zoom:/home/dtc-mrsd/Downloads/ros2_ghadron_gimbal/install/gimbal_status:/home/dtc-mrsd/Downloads/ros2_ghadron_gimbal/install/gimbal_angle_control:/home/dtc-mrsd/Downloads/ros2_ghadron_gimbal/install/eo_zoom:/home/dtc-mrsd/Downloads/ros2_ghadron_gimbal/install/ir_image:/home/dtc-mrsd/Downloads/ros2_ghadron_gimbal/install/image_publisher:/home/dtc-mrsd/Downloads/ros2_ghadron_gimbal/install/eo_image PYTHONPATH=/home/dtc-mrsd/Downloads/ros2_ghadron_gimbal/build/gimbal_bringup/prefix_override:/usr/lib/python3/dist-packages/colcon_core/task/python/colcon_distutils_commands:/home/dtc-mrsd/Downloads/ros2_ghadron_gimbal/install/gimbal_bringup/lib/python3.10/site-packages:/home/dtc-mrsd/Downloads/ros2_ghadron_gimbal/install/yolo_detection/lib/python3.10/site-packages:/home/dtc-mrsd/Downloads/ros2_ghadron_gimbal/install/human_tracking/lib/python3.10/site-packages:/home/dtc-mrsd/Downloads/ros2_ghadron_gimbal/install/gimbal_bringup/lib/python3.10/site-packages:/home/dtc-mrsd/Downloads/ros2_ghadron_gimbal/install/stream_publisher/lib/python3.10/site-packages:/home/dtc-mrsd/Downloads/ros2_ghadron_gimbal/install/rtsp_viewer/lib/python3.10/site-packages:/home/dtc-mrsd/Downloads/ros2_ghadron_gimbal/install/image_viewer/lib/python3.10/site-packages:/opt/ros/humble/lib/python3.10/site-packages:/opt/ros/humble/local/lib/python3.10/dist-packages /usr/bin/python3 -W ignore:setup.py install is deprecated -W ignore:easy_install command is deprecated setup.py egg_info --egg-base ../../build/gimbal_bringup build --build-base /home/dtc-mrsd/Downloads/ros2_ghadron_gimbal/build/gimbal_bringup/build install --record /home/dtc-mrsd/Downloads/ros2_ghadron_gimbal/build/gimbal_bringup/install.log --single-version-externally-managed install_data
[3.930s] Level 1:colcon.colcon_core.environment:checking '/home/dtc-mrsd/Downloads/ros2_ghadron_gimbal/install/gimbal_bringup' for CMake config files
[3.930s] Level 1:colcon.colcon_core.environment:checking '/home/dtc-mrsd/Downloads/ros2_ghadron_gimbal/install/gimbal_bringup/lib'
[3.930s] Level 1:colcon.colcon_core.environment:checking '/home/dtc-mrsd/Downloads/ros2_ghadron_gimbal/install/gimbal_bringup/bin'
[3.930s] Level 1:colcon.colcon_core.environment:checking '/home/dtc-mrsd/Downloads/ros2_ghadron_gimbal/install/gimbal_bringup/lib/pkgconfig/gimbal_bringup.pc'
[3.931s] Level 1:colcon.colcon_core.environment:checking '/home/dtc-mrsd/Downloads/ros2_ghadron_gimbal/install/gimbal_bringup/lib/python3.10/site-packages'
[3.931s] Level 1:colcon.colcon_core.shell:create_environment_hook('gimbal_bringup', 'pythonpath')
[3.931s] INFO:colcon.colcon_core.shell:Creating environment hook '/home/dtc-mrsd/Downloads/ros2_ghadron_gimbal/install/gimbal_bringup/share/gimbal_bringup/hook/pythonpath.ps1'
[3.931s] INFO:colcon.colcon_core.shell:Creating environment descriptor '/home/dtc-mrsd/Downloads/ros2_ghadron_gimbal/install/gimbal_bringup/share/gimbal_bringup/hook/pythonpath.dsv'
[3.932s] INFO:colcon.colcon_core.shell:Creating environment hook '/home/dtc-mrsd/Downloads/ros2_ghadron_gimbal/install/gimbal_bringup/share/gimbal_bringup/hook/pythonpath.sh'
[3.932s] Level 1:colcon.colcon_core.environment:checking '/home/dtc-mrsd/Downloads/ros2_ghadron_gimbal/install/gimbal_bringup/bin'
[3.932s] Level 1:colcon.colcon_core.environment:create_environment_scripts_only(gimbal_bringup)
[3.933s] INFO:colcon.colcon_core.shell:Creating package script '/home/dtc-mrsd/Downloads/ros2_ghadron_gimbal/install/gimbal_bringup/share/gimbal_bringup/package.ps1'
[3.933s] INFO:colcon.colcon_core.shell:Creating package descriptor '/home/dtc-mrsd/Downloads/ros2_ghadron_gimbal/install/gimbal_bringup/share/gimbal_bringup/package.dsv'
[3.933s] INFO:colcon.colcon_core.shell:Creating package script '/home/dtc-mrsd/Downloads/ros2_ghadron_gimbal/install/gimbal_bringup/share/gimbal_bringup/package.sh'
[3.934s] INFO:colcon.colcon_core.shell:Creating package script '/home/dtc-mrsd/Downloads/ros2_ghadron_gimbal/install/gimbal_bringup/share/gimbal_bringup/package.bash'
[3.934s] INFO:colcon.colcon_core.shell:Creating package script '/home/dtc-mrsd/Downloads/ros2_ghadron_gimbal/install/gimbal_bringup/share/gimbal_bringup/package.zsh'
[3.934s] Level 1:colcon.colcon_core.environment:create_file_with_runtime_dependencies(/home/dtc-mrsd/Downloads/ros2_ghadron_gimbal/install/gimbal_bringup/share/colcon-core/packages/gimbal_bringup)
[3.935s] DEBUG:colcon.colcon_parallel_executor.executor.parallel:closing loop
[3.935s] DEBUG:colcon.colcon_parallel_executor.executor.parallel:loop closed
[3.935s] DEBUG:colcon.colcon_parallel_executor.executor.parallel:run_until_complete finished with '0'
[3.935s] DEBUG:colcon.colcon_core.event_reactor:joining thread
[3.942s] INFO:colcon.colcon_core.plugin_system:Skipping extension 'colcon_notification.desktop_notification.terminal_notifier': Not used on non-Darwin systems
[3.942s] INFO:colcon.colcon_core.plugin_system:Skipping extension 'colcon_notification.desktop_notification.win32': Not used on non-Windows systems
[3.942s] INFO:colcon.colcon_notification.desktop_notification:Sending desktop notification using 'notify2'
[3.953s] DEBUG:colcon.colcon_core.event_reactor:joined thread
[3.953s] INFO:colcon.colcon_core.shell:Creating prefix script '/home/dtc-mrsd/Downloads/ros2_ghadron_gimbal/install/local_setup.ps1'
[3.954s] INFO:colcon.colcon_core.shell:Creating prefix util module '/home/dtc-mrsd/Downloads/ros2_ghadron_gimbal/install/_local_setup_util_ps1.py'
[3.956s] INFO:colcon.colcon_core.shell:Creating prefix chain script '/home/dtc-mrsd/Downloads/ros2_ghadron_gimbal/install/setup.ps1'
[3.958s] INFO:colcon.colcon_core.shell:Creating prefix script '/home/dtc-mrsd/Downloads/ros2_ghadron_gimbal/install/local_setup.sh'
[3.959s] INFO:colcon.colcon_core.shell:Creating prefix util module '/home/dtc-mrsd/Downloads/ros2_ghadron_gimbal/install/_local_setup_util_sh.py'
[3.959s] INFO:colcon.colcon_core.shell:Creating prefix chain script '/home/dtc-mrsd/Downloads/ros2_ghadron_gimbal/install/setup.sh'
[3.961s] INFO:colcon.colcon_core.shell:Creating prefix script '/home/dtc-mrsd/Downloads/ros2_ghadron_gimbal/install/local_setup.bash'
[3.962s] INFO:colcon.colcon_core.shell:Creating prefix chain script '/home/dtc-mrsd/Downloads/ros2_ghadron_gimbal/install/setup.bash'
[3.964s] INFO:colcon.colcon_core.shell:Creating prefix script '/home/dtc-mrsd/Downloads/ros2_ghadron_gimbal/install/local_setup.zsh'
[3.965s] INFO:colcon.colcon_core.shell:Creating prefix chain script '/home/dtc-mrsd/Downloads/ros2_ghadron_gimbal/install/setup.zsh'
