[0.689s] Invoking command in '/home/dtc-mrsd/Downloads/ros2_ghadron_gimbal/build/eo_image': CMAKE_PREFIX_PATH=${CMAKE_PREFIX_PATH}:/home/dtc-mrsd/Downloads/ros2_ghadron_gimbal/install/gimbal_bringup:/home/dtc-mrsd/Downloads/ros2_ghadron_gimbal/install/yolo_detection:/home/dtc-mrsd/Downloads/ros2_ghadron_gimbal/install/stream_publisher:/home/dtc-mrsd/Downloads/ros2_ghadron_gimbal/install/rtsp_viewer:/home/dtc-mrsd/Downloads/ros2_ghadron_gimbal/install/image_viewer:/home/dtc-mrsd/Downloads/ros2_ghadron_gimbal/install/human_tracking:/opt/ros/humble /usr/bin/cmake --build /home/dtc-mrsd/Downloads/ros2_ghadron_gimbal/build/eo_image -- -j12 -l12
[1.139s] -- Found ament_cmake: 1.3.11 (/opt/ros/humble/share/ament_cmake/cmake)
[1.140s] -- Found rclcpp: 16.0.11 (/opt/ros/humble/share/rclcpp/cmake)
[1.140s] -- Found rosidl_generator_c: 3.1.6 (/opt/ros/humble/share/rosidl_generator_c/cmake)
[1.140s] -- Found rosidl_adapter: 3.1.6 (/opt/ros/humble/share/rosidl_adapter/cmake)
[1.140s] -- Found rosidl_generator_cpp: 3.1.6 (/opt/ros/humble/share/rosidl_generator_cpp/cmake)
[1.140s] -- Using all available rosidl_typesupport_c: rosidl_typesupport_fastrtps_c;rosidl_typesupport_introspection_c
[1.140s] -- Using all available rosidl_typesupport_cpp: rosidl_typesupport_fastrtps_cpp;rosidl_typesupport_introspection_cpp
[1.140s] -- Found rmw_implementation_cmake: 6.1.2 (/opt/ros/humble/share/rmw_implementation_cmake/cmake)
[1.140s] -- Found rmw_fastrtps_cpp: 6.2.7 (/opt/ros/humble/share/rmw_fastrtps_cpp/cmake)
[1.140s] [0mCMake Error: The current CMakeCache.txt directory /home/dtc-mrsd/Downloads/ros2_ghadron_gimbal/build/eo_image/CMakeCache.txt is different than the directory /home/dtc-mrsd/Downloads/ros2_gimbal_ws/build/eo_image where CMakeCache.txt was created. This may result in binaries being created in the wrong place. If you are not sure, reedit the CMakeCache.txt[0m
[1.141s] [0m-- GHADRON: 1[0m
[1.256s] -- Using RMW implementation 'rmw_fastrtps_cpp' as default
[1.345s] -- Found sensor_msgs: 4.2.4 (/opt/ros/humble/share/sensor_msgs/cmake)
[1.395s] -- Found cv_bridge: 3.2.1 (/opt/ros/humble/share/cv_bridge/cmake)
[2.491s] -- Configuring done
[2.503s] -- Generating done
[2.508s] -- Build files have been written to: /home/dtc-mrsd/Downloads/ros2_gimbal_ws/build/eo_image
[2.541s] [35m[1mConsolidate compiler generated dependencies of target eo_image_node[0m
[2.559s] [100%] Built target eo_image_node
[2.573s] Invoked command in '/home/dtc-mrsd/Downloads/ros2_ghadron_gimbal/build/eo_image' returned '0': CMAKE_PREFIX_PATH=${CMAKE_PREFIX_PATH}:/home/dtc-mrsd/Downloads/ros2_ghadron_gimbal/install/gimbal_bringup:/home/dtc-mrsd/Downloads/ros2_ghadron_gimbal/install/yolo_detection:/home/dtc-mrsd/Downloads/ros2_ghadron_gimbal/install/stream_publisher:/home/dtc-mrsd/Downloads/ros2_ghadron_gimbal/install/rtsp_viewer:/home/dtc-mrsd/Downloads/ros2_ghadron_gimbal/install/image_viewer:/home/dtc-mrsd/Downloads/ros2_ghadron_gimbal/install/human_tracking:/opt/ros/humble /usr/bin/cmake --build /home/dtc-mrsd/Downloads/ros2_ghadron_gimbal/build/eo_image -- -j12 -l12
[2.576s] Invoking command in '/home/dtc-mrsd/Downloads/ros2_ghadron_gimbal/build/eo_image': CMAKE_PREFIX_PATH=${CMAKE_PREFIX_PATH}:/home/dtc-mrsd/Downloads/ros2_ghadron_gimbal/install/gimbal_bringup:/home/dtc-mrsd/Downloads/ros2_ghadron_gimbal/install/yolo_detection:/home/dtc-mrsd/Downloads/ros2_ghadron_gimbal/install/stream_publisher:/home/dtc-mrsd/Downloads/ros2_ghadron_gimbal/install/rtsp_viewer:/home/dtc-mrsd/Downloads/ros2_ghadron_gimbal/install/image_viewer:/home/dtc-mrsd/Downloads/ros2_ghadron_gimbal/install/human_tracking:/opt/ros/humble /usr/bin/cmake --install /home/dtc-mrsd/Downloads/ros2_ghadron_gimbal/build/eo_image
[2.584s] -- Install configuration: "Debug"
[2.584s] -- Up-to-date: /home/dtc-mrsd/Downloads/ros2_gimbal_ws/install/eo_image/lib/eo_image/eo_image_node
[2.584s] -- Up-to-date: /home/dtc-mrsd/Downloads/ros2_gimbal_ws/install/eo_image/share/ament_index/resource_index/package_run_dependencies/eo_image
[2.585s] -- Installing: /home/dtc-mrsd/Downloads/ros2_gimbal_ws/install/eo_image/share/ament_index/resource_index/parent_prefix_path/eo_image
[2.585s] -- Up-to-date: /home/dtc-mrsd/Downloads/ros2_gimbal_ws/install/eo_image/share/eo_image/environment/ament_prefix_path.sh
[2.585s] -- Installing: /home/dtc-mrsd/Downloads/ros2_gimbal_ws/install/eo_image/share/eo_image/environment/ament_prefix_path.dsv
[2.585s] -- Up-to-date: /home/dtc-mrsd/Downloads/ros2_gimbal_ws/install/eo_image/share/eo_image/environment/path.sh
[2.585s] -- Installing: /home/dtc-mrsd/Downloads/ros2_gimbal_ws/install/eo_image/share/eo_image/environment/path.dsv
[2.585s] -- Up-to-date: /home/dtc-mrsd/Downloads/ros2_gimbal_ws/install/eo_image/share/eo_image/local_setup.bash
[2.586s] -- Up-to-date: /home/dtc-mrsd/Downloads/ros2_gimbal_ws/install/eo_image/share/eo_image/local_setup.sh
[2.586s] -- Up-to-date: /home/dtc-mrsd/Downloads/ros2_gimbal_ws/install/eo_image/share/eo_image/local_setup.zsh
[2.586s] -- Installing: /home/dtc-mrsd/Downloads/ros2_gimbal_ws/install/eo_image/share/eo_image/local_setup.dsv
[2.586s] -- Installing: /home/dtc-mrsd/Downloads/ros2_gimbal_ws/install/eo_image/share/eo_image/package.dsv
[2.586s] -- Up-to-date: /home/dtc-mrsd/Downloads/ros2_gimbal_ws/install/eo_image/share/ament_index/resource_index/packages/eo_image
[2.586s] -- Up-to-date: /home/dtc-mrsd/Downloads/ros2_gimbal_ws/install/eo_image/share/eo_image/cmake/eo_imageConfig.cmake
[2.586s] -- Up-to-date: /home/dtc-mrsd/Downloads/ros2_gimbal_ws/install/eo_image/share/eo_image/cmake/eo_imageConfig-version.cmake
[2.588s] -- Up-to-date: /home/dtc-mrsd/Downloads/ros2_gimbal_ws/install/eo_image/share/eo_image/package.xml
[2.588s] Invoked command in '/home/dtc-mrsd/Downloads/ros2_ghadron_gimbal/build/eo_image' returned '0': CMAKE_PREFIX_PATH=${CMAKE_PREFIX_PATH}:/home/dtc-mrsd/Downloads/ros2_ghadron_gimbal/install/gimbal_bringup:/home/dtc-mrsd/Downloads/ros2_ghadron_gimbal/install/yolo_detection:/home/dtc-mrsd/Downloads/ros2_ghadron_gimbal/install/stream_publisher:/home/dtc-mrsd/Downloads/ros2_ghadron_gimbal/install/rtsp_viewer:/home/dtc-mrsd/Downloads/ros2_ghadron_gimbal/install/image_viewer:/home/dtc-mrsd/Downloads/ros2_ghadron_gimbal/install/human_tracking:/opt/ros/humble /usr/bin/cmake --install /home/dtc-mrsd/Downloads/ros2_ghadron_gimbal/build/eo_image
