[0.048s] Invoking command in '/home/dtc/humanflow/ros2_ghadron_gimbal/build/gimbal_status': CMAKE_PREFIX_PATH=${CMAKE_PREFIX_PATH}:/home/dtc/humanflow/ros2_ghadron_gimbal/install/gimbal_bringup:/home/dtc/humanflow/ros2_ghadron_gimbal/install/yolo_detection:/home/dtc/humanflow/ros2_ghadron_gimbal/install/stream_publisher:/home/dtc/humanflow/ros2_ghadron_gimbal/install/rtsp_viewer:/home/dtc/humanflow/ros2_ghadron_gimbal/install/image_viewer:/home/dtc/humanflow/ros2_ghadron_gimbal/install/human_tracking:/opt/ros/humble /usr/bin/cmake --build /home/dtc/humanflow/ros2_ghadron_gimbal/build/gimbal_status -- -j4 -l4
[0.563s] [100%] Built target gimbal_status_node
[1.052s] Invoked command in '/home/dtc/humanflow/ros2_ghadron_gimbal/build/gimbal_status' returned '0': CMAKE_PREFIX_PATH=${CMAKE_PREFIX_PATH}:/home/dtc/humanflow/ros2_ghadron_gimbal/install/gimbal_bringup:/home/dtc/humanflow/ros2_ghadron_gimbal/install/yolo_detection:/home/dtc/humanflow/ros2_ghadron_gimbal/install/stream_publisher:/home/dtc/humanflow/ros2_ghadron_gimbal/install/rtsp_viewer:/home/dtc/humanflow/ros2_ghadron_gimbal/install/image_viewer:/home/dtc/humanflow/ros2_ghadron_gimbal/install/human_tracking:/opt/ros/humble /usr/bin/cmake --build /home/dtc/humanflow/ros2_ghadron_gimbal/build/gimbal_status -- -j4 -l4
[1.072s] Invoking command in '/home/dtc/humanflow/ros2_ghadron_gimbal/build/gimbal_status': CMAKE_PREFIX_PATH=${CMAKE_PREFIX_PATH}:/home/dtc/humanflow/ros2_ghadron_gimbal/install/gimbal_bringup:/home/dtc/humanflow/ros2_ghadron_gimbal/install/yolo_detection:/home/dtc/humanflow/ros2_ghadron_gimbal/install/stream_publisher:/home/dtc/humanflow/ros2_ghadron_gimbal/install/rtsp_viewer:/home/dtc/humanflow/ros2_ghadron_gimbal/install/image_viewer:/home/dtc/humanflow/ros2_ghadron_gimbal/install/human_tracking:/opt/ros/humble /usr/bin/cmake --install /home/dtc/humanflow/ros2_ghadron_gimbal/build/gimbal_status
[1.088s] -- Install configuration: "Debug"
[1.088s] -- Up-to-date: /home/dtc/humanflow/ros2_ghadron_gimbal/install/gimbal_status/lib/gimbal_status/gimbal_status_node
[1.088s] -- Up-to-date: /home/dtc/humanflow/ros2_ghadron_gimbal/install/gimbal_status/share/ament_index/resource_index/package_run_dependencies/gimbal_status
[1.089s] -- Up-to-date: /home/dtc/humanflow/ros2_ghadron_gimbal/install/gimbal_status/share/ament_index/resource_index/parent_prefix_path/gimbal_status
[1.090s] -- Up-to-date: /home/dtc/humanflow/ros2_ghadron_gimbal/install/gimbal_status/share/gimbal_status/environment/ament_prefix_path.sh
[1.090s] -- Up-to-date: /home/dtc/humanflow/ros2_ghadron_gimbal/install/gimbal_status/share/gimbal_status/environment/ament_prefix_path.dsv
[1.091s] -- Up-to-date: /home/dtc/humanflow/ros2_ghadron_gimbal/install/gimbal_status/share/gimbal_status/environment/path.sh
[1.091s] -- Up-to-date: /home/dtc/humanflow/ros2_ghadron_gimbal/install/gimbal_status/share/gimbal_status/environment/path.dsv
[1.091s] -- Up-to-date: /home/dtc/humanflow/ros2_ghadron_gimbal/install/gimbal_status/share/gimbal_status/local_setup.bash
[1.091s] -- Up-to-date: /home/dtc/humanflow/ros2_ghadron_gimbal/install/gimbal_status/share/gimbal_status/local_setup.sh
[1.091s] -- Up-to-date: /home/dtc/humanflow/ros2_ghadron_gimbal/install/gimbal_status/share/gimbal_status/local_setup.zsh
[1.091s] -- Up-to-date: /home/dtc/humanflow/ros2_ghadron_gimbal/install/gimbal_status/share/gimbal_status/local_setup.dsv
[1.092s] -- Installing: /home/dtc/humanflow/ros2_ghadron_gimbal/install/gimbal_status/share/gimbal_status/package.dsv
[1.093s] -- Up-to-date: /home/dtc/humanflow/ros2_ghadron_gimbal/install/gimbal_status/share/ament_index/resource_index/packages/gimbal_status
[1.094s] -- Up-to-date: /home/dtc/humanflow/ros2_ghadron_gimbal/install/gimbal_status/share/gimbal_status/cmake/gimbal_statusConfig.cmake
[1.094s] -- Up-to-date: /home/dtc/humanflow/ros2_ghadron_gimbal/install/gimbal_status/share/gimbal_status/cmake/gimbal_statusConfig-version.cmake
[1.094s] -- Up-to-date: /home/dtc/humanflow/ros2_ghadron_gimbal/install/gimbal_status/share/gimbal_status/package.xml
[1.103s] Invoked command in '/home/dtc/humanflow/ros2_ghadron_gimbal/build/gimbal_status' returned '0': CMAKE_PREFIX_PATH=${CMAKE_PREFIX_PATH}:/home/dtc/humanflow/ros2_ghadron_gimbal/install/gimbal_bringup:/home/dtc/humanflow/ros2_ghadron_gimbal/install/yolo_detection:/home/dtc/humanflow/ros2_ghadron_gimbal/install/stream_publisher:/home/dtc/humanflow/ros2_ghadron_gimbal/install/rtsp_viewer:/home/dtc/humanflow/ros2_ghadron_gimbal/install/image_viewer:/home/dtc/humanflow/ros2_ghadron_gimbal/install/human_tracking:/opt/ros/humble /usr/bin/cmake --install /home/dtc/humanflow/ros2_ghadron_gimbal/build/gimbal_status
