[2.295s] Invoking command in '/home/dtc-mrsd/Downloads/ros2_ghadron_gimbal/src/image_viewer': PYTHONPATH=/home/dtc-mrsd/Downloads/ros2_ghadron_gimbal/build/image_viewer/prefix_override:/usr/lib/python3/dist-packages/colcon_core/task/python/colcon_distutils_commands:/home/dtc-mrsd/Downloads/ros2_ghadron_gimbal/install/image_viewer/lib/python3.10/site-packages:${PYTHONPATH} /usr/bin/python3 -W ignore:setup.py install is deprecated -W ignore:easy_install command is deprecated setup.py egg_info --egg-base ../../build/image_viewer build --build-base /home/dtc-mrsd/Downloads/ros2_ghadron_gimbal/build/image_viewer/build install --record /home/dtc-mrsd/Downloads/ros2_ghadron_gimbal/build/image_viewer/install.log --single-version-externally-managed install_data
[2.716s] running egg_info
[2.717s] writing ../../build/image_viewer/image_viewer.egg-info/PKG-INFO
[2.718s] writing dependency_links to ../../build/image_viewer/image_viewer.egg-info/dependency_links.txt
[2.718s] writing entry points to ../../build/image_viewer/image_viewer.egg-info/entry_points.txt
[2.718s] writing requirements to ../../build/image_viewer/image_viewer.egg-info/requires.txt
[2.718s] writing top-level names to ../../build/image_viewer/image_viewer.egg-info/top_level.txt
[2.725s] reading manifest file '../../build/image_viewer/image_viewer.egg-info/SOURCES.txt'
[2.726s] writing manifest file '../../build/image_viewer/image_viewer.egg-info/SOURCES.txt'
[2.726s] running build
[2.726s] running build_py
[2.727s] running install
[2.728s] running install_lib
[2.730s] running install_data
[2.731s] running install_egg_info
[2.735s] removing '/home/dtc-mrsd/Downloads/ros2_ghadron_gimbal/install/image_viewer/lib/python3.10/site-packages/image_viewer-0.0.0-py3.10.egg-info' (and everything under it)
[2.735s] Copying ../../build/image_viewer/image_viewer.egg-info to /home/dtc-mrsd/Downloads/ros2_ghadron_gimbal/install/image_viewer/lib/python3.10/site-packages/image_viewer-0.0.0-py3.10.egg-info
[2.735s] running install_scripts
[2.766s] Installing image_viewer_node script to /home/dtc-mrsd/Downloads/ros2_ghadron_gimbal/install/image_viewer/lib/image_viewer
[2.766s] writing list of installed files to '/home/dtc-mrsd/Downloads/ros2_ghadron_gimbal/build/image_viewer/install.log'
[3.123s] Invoked command in '/home/dtc-mrsd/Downloads/ros2_ghadron_gimbal/src/image_viewer' returned '0': PYTHONPATH=/home/dtc-mrsd/Downloads/ros2_ghadron_gimbal/build/image_viewer/prefix_override:/usr/lib/python3/dist-packages/colcon_core/task/python/colcon_distutils_commands:/home/dtc-mrsd/Downloads/ros2_ghadron_gimbal/install/image_viewer/lib/python3.10/site-packages:${PYTHONPATH} /usr/bin/python3 -W ignore:setup.py install is deprecated -W ignore:easy_install command is deprecated setup.py egg_info --egg-base ../../build/image_viewer build --build-base /home/dtc-mrsd/Downloads/ros2_ghadron_gimbal/build/image_viewer/build install --record /home/dtc-mrsd/Downloads/ros2_ghadron_gimbal/build/image_viewer/install.log --single-version-externally-managed install_data
