[1.287s] Invoking command in '/home/dtc/humanflow/ros2_ghadron_gimbal/src/stream_publisher': PYTHONPATH=/home/dtc/humanflow/ros2_ghadron_gimbal/build/stream_publisher/prefix_override:/usr/lib/python3/dist-packages/colcon_core/task/python/colcon_distutils_commands:/home/dtc/humanflow/ros2_ghadron_gimbal/install/stream_publisher/lib/python3.10/site-packages:${PYTHONPATH} /usr/bin/python3 -W ignore:setup.py install is deprecated -W ignore:easy_install command is deprecated setup.py egg_info --egg-base ../../build/stream_publisher build --build-base /home/dtc/humanflow/ros2_ghadron_gimbal/build/stream_publisher/build install --record /home/dtc/humanflow/ros2_ghadron_gimbal/build/stream_publisher/install.log --single-version-externally-managed install_data
[1.762s] running egg_info
[1.766s] creating ../../build/stream_publisher/stream_publisher.egg-info
[1.768s] writing ../../build/stream_publisher/stream_publisher.egg-info/PKG-INFO
[1.770s] writing dependency_links to ../../build/stream_publisher/stream_publisher.egg-info/dependency_links.txt
[1.771s] writing entry points to ../../build/stream_publisher/stream_publisher.egg-info/entry_points.txt
[1.773s] writing requirements to ../../build/stream_publisher/stream_publisher.egg-info/requires.txt
[1.774s] writing top-level names to ../../build/stream_publisher/stream_publisher.egg-info/top_level.txt
[1.775s] writing manifest file '../../build/stream_publisher/stream_publisher.egg-info/SOURCES.txt'
[1.780s] reading manifest file '../../build/stream_publisher/stream_publisher.egg-info/SOURCES.txt'
[1.783s] writing manifest file '../../build/stream_publisher/stream_publisher.egg-info/SOURCES.txt'
[1.784s] running build
[1.785s] running build_py
[1.786s] creating /home/dtc/humanflow/ros2_ghadron_gimbal/build/stream_publisher/build
[1.786s] creating /home/dtc/humanflow/ros2_ghadron_gimbal/build/stream_publisher/build/lib
[1.787s] creating /home/dtc/humanflow/ros2_ghadron_gimbal/build/stream_publisher/build/lib/stream_publisher
[1.788s] copying stream_publisher/__init__.py -> /home/dtc/humanflow/ros2_ghadron_gimbal/build/stream_publisher/build/lib/stream_publisher
[1.789s] copying stream_publisher/stream_node.py -> /home/dtc/humanflow/ros2_ghadron_gimbal/build/stream_publisher/build/lib/stream_publisher
[1.791s] running install
[1.792s] running install_lib
[1.798s] creating /home/dtc/humanflow/ros2_ghadron_gimbal/install/stream_publisher/lib/python3.10/site-packages/stream_publisher
[1.799s] copying /home/dtc/humanflow/ros2_ghadron_gimbal/build/stream_publisher/build/lib/stream_publisher/__init__.py -> /home/dtc/humanflow/ros2_ghadron_gimbal/install/stream_publisher/lib/python3.10/site-packages/stream_publisher
[1.801s] copying /home/dtc/humanflow/ros2_ghadron_gimbal/build/stream_publisher/build/lib/stream_publisher/stream_node.py -> /home/dtc/humanflow/ros2_ghadron_gimbal/install/stream_publisher/lib/python3.10/site-packages/stream_publisher
[1.804s] byte-compiling /home/dtc/humanflow/ros2_ghadron_gimbal/install/stream_publisher/lib/python3.10/site-packages/stream_publisher/__init__.py to __init__.cpython-310.pyc
[1.806s] byte-compiling /home/dtc/humanflow/ros2_ghadron_gimbal/install/stream_publisher/lib/python3.10/site-packages/stream_publisher/stream_node.py to stream_node.cpython-310.pyc
[1.810s] running install_data
[1.811s] creating /home/dtc/humanflow/ros2_ghadron_gimbal/install/stream_publisher/share/ament_index
[1.811s] creating /home/dtc/humanflow/ros2_ghadron_gimbal/install/stream_publisher/share/ament_index/resource_index
[1.812s] creating /home/dtc/humanflow/ros2_ghadron_gimbal/install/stream_publisher/share/ament_index/resource_index/packages
[1.813s] copying resource/stream_publisher -> /home/dtc/humanflow/ros2_ghadron_gimbal/install/stream_publisher/share/ament_index/resource_index/packages
[1.814s] copying package.xml -> /home/dtc/humanflow/ros2_ghadron_gimbal/install/stream_publisher/share/stream_publisher
[1.816s] running install_egg_info
[1.821s] Copying ../../build/stream_publisher/stream_publisher.egg-info to /home/dtc/humanflow/ros2_ghadron_gimbal/install/stream_publisher/lib/python3.10/site-packages/stream_publisher-0.0.1-py3.10.egg-info
[1.833s] running install_scripts
[1.884s] Installing stream_node script to /home/dtc/humanflow/ros2_ghadron_gimbal/install/stream_publisher/lib/stream_publisher
[1.886s] writing list of installed files to '/home/dtc/humanflow/ros2_ghadron_gimbal/build/stream_publisher/install.log'
[1.974s] Invoked command in '/home/dtc/humanflow/ros2_ghadron_gimbal/src/stream_publisher' returned '0': PYTHONPATH=/home/dtc/humanflow/ros2_ghadron_gimbal/build/stream_publisher/prefix_override:/usr/lib/python3/dist-packages/colcon_core/task/python/colcon_distutils_commands:/home/dtc/humanflow/ros2_ghadron_gimbal/install/stream_publisher/lib/python3.10/site-packages:${PYTHONPATH} /usr/bin/python3 -W ignore:setup.py install is deprecated -W ignore:easy_install command is deprecated setup.py egg_info --egg-base ../../build/stream_publisher build --build-base /home/dtc/humanflow/ros2_ghadron_gimbal/build/stream_publisher/build install --record /home/dtc/humanflow/ros2_ghadron_gimbal/build/stream_publisher/install.log --single-version-externally-managed install_data
