[0.115s] DEBUG:colcon:Command line arguments: ['/usr/bin/colcon', 'build', '--packages-select', 'gimbal_bringup', 'gimbal_angle_control', 'gimbal_status', 'stream_publisher', 'image_viewer', 'yolo_detection', 'human_tracking', 'PayloadSdk', '--cmake-args', '-DGHADRON=1']
[0.115s] DEBUG:colcon:Parsed command line arguments: Namespace(log_base=None, log_level=None, verb_name='build', build_base='build', install_base='install', merge_install=False, symlink_install=False, test_result_base=None, continue_on_error=False, executor='parallel', parallel_workers=12, event_handlers=None, ignore_user_meta=False, metas=['./colcon.meta'], base_paths=['.'], packages_ignore=None, packages_ignore_regex=None, paths=None, packages_up_to=None, packages_up_to_regex=None, packages_above=None, packages_above_and_dependencies=None, packages_above_depth=None, packages_select_by_dep=None, packages_skip_by_dep=None, packages_skip_up_to=None, packages_select_build_failed=False, packages_skip_build_finished=False, packages_select_test_failures=False, packages_skip_test_passed=False, packages_select=['gimbal_bringup', 'gimbal_angle_control', 'gimbal_status', 'stream_publisher', 'image_viewer', 'yolo_detection', 'human_tracking', 'PayloadSdk'], packages_skip=None, packages_select_regex=None, packages_skip_regex=None, packages_start=None, packages_end=None, allow_overriding=[], cmake_args=['-DGHADRON=1'], cmake_target=None, cmake_target_skip_unavailable=False, cmake_clean_cache=False, cmake_clean_first=False, cmake_force_configure=False, ament_cmake_args=None, catkin_cmake_args=None, catkin_skip_building_tests=False, mixin_files=None, mixin=None, verb_parser=<colcon_mixin.mixin.mixin_argument.MixinArgumentDecorator object at 0x72cc44179180>, verb_extension=<colcon_core.verb.build.BuildVerb object at 0x72cc44178cd0>, main=<bound method BuildVerb.main of <colcon_core.verb.build.BuildVerb object at 0x72cc44178cd0>>, mixin_verb=('build',))
[0.300s] Level 1:colcon.colcon_core.package_discovery:discover_packages(colcon_meta) check parameters
[0.300s] Level 1:colcon.colcon_core.package_discovery:discover_packages(recursive) check parameters
[0.300s] Level 1:colcon.colcon_core.package_discovery:discover_packages(ignore) check parameters
[0.300s] Level 1:colcon.colcon_core.package_discovery:discover_packages(path) check parameters
[0.300s] Level 1:colcon.colcon_core.package_discovery:discover_packages(colcon_meta) discover
[0.300s] Level 1:colcon.colcon_core.package_discovery:discover_packages(recursive) discover
[0.300s] INFO:colcon.colcon_core.package_discovery:Crawling recursively for packages in '/home/dtc-mrsd/Downloads/ros2_ghadron_gimbal'
[0.300s] Level 1:colcon.colcon_core.package_identification:_identify(.) by extensions ['ignore', 'ignore_ament_install']
[0.300s] Level 1:colcon.colcon_core.package_identification:_identify(.) by extension 'ignore'
[0.300s] Level 1:colcon.colcon_core.package_identification:_identify(.) by extension 'ignore_ament_install'
[0.300s] Level 1:colcon.colcon_core.package_identification:_identify(.) by extensions ['colcon_pkg']
[0.300s] Level 1:colcon.colcon_core.package_identification:_identify(.) by extension 'colcon_pkg'
[0.300s] Level 1:colcon.colcon_core.package_identification:_identify(.) by extensions ['colcon_meta']
[0.300s] Level 1:colcon.colcon_core.package_identification:_identify(.) by extension 'colcon_meta'
[0.300s] Level 1:colcon.colcon_core.package_identification:_identify(.) by extensions ['ros']
[0.300s] Level 1:colcon.colcon_core.package_identification:_identify(.) by extension 'ros'
[0.317s] Level 1:colcon.colcon_core.package_identification:_identify(.) by extensions ['cmake', 'python']
[0.318s] Level 1:colcon.colcon_core.package_identification:_identify(.) by extension 'cmake'
[0.318s] Level 1:colcon.colcon_core.package_identification:_identify(.) by extension 'python'
[0.318s] Level 1:colcon.colcon_core.package_identification:_identify(.) by extensions ['python_setup_py']
[0.318s] Level 1:colcon.colcon_core.package_identification:_identify(.) by extension 'python_setup_py'
[0.318s] Level 1:colcon.colcon_core.package_identification:_identify(build) by extensions ['ignore', 'ignore_ament_install']
[0.318s] Level 1:colcon.colcon_core.package_identification:_identify(build) by extension 'ignore'
[0.318s] Level 1:colcon.colcon_core.package_identification:_identify(build) ignored
[0.318s] Level 1:colcon.colcon_core.package_identification:_identify(install) by extensions ['ignore', 'ignore_ament_install']
[0.318s] Level 1:colcon.colcon_core.package_identification:_identify(install) by extension 'ignore'
[0.318s] Level 1:colcon.colcon_core.package_identification:_identify(install) ignored
[0.318s] Level 1:colcon.colcon_core.package_identification:_identify(log) by extensions ['ignore', 'ignore_ament_install']
[0.318s] Level 1:colcon.colcon_core.package_identification:_identify(log) by extension 'ignore'
[0.318s] Level 1:colcon.colcon_core.package_identification:_identify(log) ignored
[0.319s] Level 1:colcon.colcon_core.package_identification:_identify(src) by extensions ['ignore', 'ignore_ament_install']
[0.319s] Level 1:colcon.colcon_core.package_identification:_identify(src) by extension 'ignore'
[0.319s] Level 1:colcon.colcon_core.package_identification:_identify(src) by extension 'ignore_ament_install'
[0.319s] Level 1:colcon.colcon_core.package_identification:_identify(src) by extensions ['colcon_pkg']
[0.319s] Level 1:colcon.colcon_core.package_identification:_identify(src) by extension 'colcon_pkg'
[0.319s] Level 1:colcon.colcon_core.package_identification:_identify(src) by extensions ['colcon_meta']
[0.319s] Level 1:colcon.colcon_core.package_identification:_identify(src) by extension 'colcon_meta'
[0.319s] Level 1:colcon.colcon_core.package_identification:_identify(src) by extensions ['ros']
[0.319s] Level 1:colcon.colcon_core.package_identification:_identify(src) by extension 'ros'
[0.319s] Level 1:colcon.colcon_core.package_identification:_identify(src) by extensions ['cmake', 'python']
[0.319s] Level 1:colcon.colcon_core.package_identification:_identify(src) by extension 'cmake'
[0.319s] Level 1:colcon.colcon_core.package_identification:_identify(src) by extension 'python'
[0.319s] Level 1:colcon.colcon_core.package_identification:_identify(src) by extensions ['python_setup_py']
[0.319s] Level 1:colcon.colcon_core.package_identification:_identify(src) by extension 'python_setup_py'
[0.319s] Level 1:colcon.colcon_core.package_identification:_identify(src/PayloadSdk) by extensions ['ignore', 'ignore_ament_install']
[0.319s] Level 1:colcon.colcon_core.package_identification:_identify(src/PayloadSdk) by extension 'ignore'
[0.319s] Level 1:colcon.colcon_core.package_identification:_identify(src/PayloadSdk) by extension 'ignore_ament_install'
[0.319s] Level 1:colcon.colcon_core.package_identification:_identify(src/PayloadSdk) by extensions ['colcon_pkg']
[0.320s] Level 1:colcon.colcon_core.package_identification:_identify(src/PayloadSdk) by extension 'colcon_pkg'
[0.320s] Level 1:colcon.colcon_core.package_identification:_identify(src/PayloadSdk) by extensions ['colcon_meta']
[0.320s] Level 1:colcon.colcon_core.package_identification:_identify(src/PayloadSdk) by extension 'colcon_meta'
[0.320s] Level 1:colcon.colcon_core.package_identification:_identify(src/PayloadSdk) by extensions ['ros']
[0.320s] Level 1:colcon.colcon_core.package_identification:_identify(src/PayloadSdk) by extension 'ros'
[0.320s] Level 1:colcon.colcon_core.package_identification:_identify(src/PayloadSdk) by extensions ['cmake', 'python']
[0.320s] Level 1:colcon.colcon_core.package_identification:_identify(src/PayloadSdk) by extension 'cmake'
[0.327s] Level 1:colcon.colcon_core.package_identification:_identify(src/PayloadSdk) by extension 'python'
[0.327s] DEBUG:colcon.colcon_core.package_identification:Package 'src/PayloadSdk' with type 'cmake' and name 'PayloadSDK'
[0.327s] Level 1:colcon.colcon_core.package_identification:_identify(src/eo_image) by extensions ['ignore', 'ignore_ament_install']
[0.327s] Level 1:colcon.colcon_core.package_identification:_identify(src/eo_image) by extension 'ignore'
[0.327s] Level 1:colcon.colcon_core.package_identification:_identify(src/eo_image) by extension 'ignore_ament_install'
[0.327s] Level 1:colcon.colcon_core.package_identification:_identify(src/eo_image) by extensions ['colcon_pkg']
[0.327s] Level 1:colcon.colcon_core.package_identification:_identify(src/eo_image) by extension 'colcon_pkg'
[0.327s] Level 1:colcon.colcon_core.package_identification:_identify(src/eo_image) by extensions ['colcon_meta']
[0.327s] Level 1:colcon.colcon_core.package_identification:_identify(src/eo_image) by extension 'colcon_meta'
[0.327s] Level 1:colcon.colcon_core.package_identification:_identify(src/eo_image) by extensions ['ros']
[0.327s] Level 1:colcon.colcon_core.package_identification:_identify(src/eo_image) by extension 'ros'
[0.330s] DEBUG:colcon.colcon_core.package_identification:Package 'src/eo_image' with type 'ros.ament_cmake' and name 'eo_image'
[0.330s] Level 1:colcon.colcon_core.package_identification:_identify(src/eo_zoom) by extensions ['ignore', 'ignore_ament_install']
[0.331s] Level 1:colcon.colcon_core.package_identification:_identify(src/eo_zoom) by extension 'ignore'
[0.331s] Level 1:colcon.colcon_core.package_identification:_identify(src/eo_zoom) by extension 'ignore_ament_install'
[0.331s] Level 1:colcon.colcon_core.package_identification:_identify(src/eo_zoom) by extensions ['colcon_pkg']
[0.331s] Level 1:colcon.colcon_core.package_identification:_identify(src/eo_zoom) by extension 'colcon_pkg'
[0.331s] Level 1:colcon.colcon_core.package_identification:_identify(src/eo_zoom) by extensions ['colcon_meta']
[0.331s] Level 1:colcon.colcon_core.package_identification:_identify(src/eo_zoom) by extension 'colcon_meta'
[0.331s] Level 1:colcon.colcon_core.package_identification:_identify(src/eo_zoom) by extensions ['ros']
[0.331s] Level 1:colcon.colcon_core.package_identification:_identify(src/eo_zoom) by extension 'ros'
[0.331s] DEBUG:colcon.colcon_core.package_identification:Package 'src/eo_zoom' with type 'ros.ament_cmake' and name 'eo_zoom'
[0.332s] Level 1:colcon.colcon_core.package_identification:_identify(src/gimbal_angle_control) by extensions ['ignore', 'ignore_ament_install']
[0.332s] Level 1:colcon.colcon_core.package_identification:_identify(src/gimbal_angle_control) by extension 'ignore'
[0.332s] Level 1:colcon.colcon_core.package_identification:_identify(src/gimbal_angle_control) by extension 'ignore_ament_install'
[0.332s] Level 1:colcon.colcon_core.package_identification:_identify(src/gimbal_angle_control) by extensions ['colcon_pkg']
[0.332s] Level 1:colcon.colcon_core.package_identification:_identify(src/gimbal_angle_control) by extension 'colcon_pkg'
[0.332s] Level 1:colcon.colcon_core.package_identification:_identify(src/gimbal_angle_control) by extensions ['colcon_meta']
[0.332s] Level 1:colcon.colcon_core.package_identification:_identify(src/gimbal_angle_control) by extension 'colcon_meta'
[0.332s] Level 1:colcon.colcon_core.package_identification:_identify(src/gimbal_angle_control) by extensions ['ros']
[0.332s] Level 1:colcon.colcon_core.package_identification:_identify(src/gimbal_angle_control) by extension 'ros'
[0.333s] DEBUG:colcon.colcon_core.package_identification:Package 'src/gimbal_angle_control' with type 'ros.ament_cmake' and name 'gimbal_angle_control'
[0.333s] Level 1:colcon.colcon_core.package_identification:_identify(src/gimbal_bringup) by extensions ['ignore', 'ignore_ament_install']
[0.333s] Level 1:colcon.colcon_core.package_identification:_identify(src/gimbal_bringup) by extension 'ignore'
[0.333s] Level 1:colcon.colcon_core.package_identification:_identify(src/gimbal_bringup) by extension 'ignore_ament_install'
[0.333s] Level 1:colcon.colcon_core.package_identification:_identify(src/gimbal_bringup) by extensions ['colcon_pkg']
[0.333s] Level 1:colcon.colcon_core.package_identification:_identify(src/gimbal_bringup) by extension 'colcon_pkg'
[0.333s] Level 1:colcon.colcon_core.package_identification:_identify(src/gimbal_bringup) by extensions ['colcon_meta']
[0.333s] Level 1:colcon.colcon_core.package_identification:_identify(src/gimbal_bringup) by extension 'colcon_meta'
[0.333s] Level 1:colcon.colcon_core.package_identification:_identify(src/gimbal_bringup) by extensions ['ros']
[0.333s] Level 1:colcon.colcon_core.package_identification:_identify(src/gimbal_bringup) by extension 'ros'
[0.334s] DEBUG:colcon.colcon_core.package_identification:Package 'src/gimbal_bringup' with type 'ros.ament_python' and name 'gimbal_bringup'
[0.334s] Level 1:colcon.colcon_core.package_identification:_identify(src/gimbal_status) by extensions ['ignore', 'ignore_ament_install']
[0.334s] Level 1:colcon.colcon_core.package_identification:_identify(src/gimbal_status) by extension 'ignore'
[0.334s] Level 1:colcon.colcon_core.package_identification:_identify(src/gimbal_status) by extension 'ignore_ament_install'
[0.334s] Level 1:colcon.colcon_core.package_identification:_identify(src/gimbal_status) by extensions ['colcon_pkg']
[0.334s] Level 1:colcon.colcon_core.package_identification:_identify(src/gimbal_status) by extension 'colcon_pkg'
[0.334s] Level 1:colcon.colcon_core.package_identification:_identify(src/gimbal_status) by extensions ['colcon_meta']
[0.334s] Level 1:colcon.colcon_core.package_identification:_identify(src/gimbal_status) by extension 'colcon_meta'
[0.334s] Level 1:colcon.colcon_core.package_identification:_identify(src/gimbal_status) by extensions ['ros']
[0.334s] Level 1:colcon.colcon_core.package_identification:_identify(src/gimbal_status) by extension 'ros'
[0.335s] DEBUG:colcon.colcon_core.package_identification:Package 'src/gimbal_status' with type 'ros.ament_cmake' and name 'gimbal_status'
[0.335s] Level 1:colcon.colcon_core.package_identification:_identify(src/human_tracking) by extensions ['ignore', 'ignore_ament_install']
[0.335s] Level 1:colcon.colcon_core.package_identification:_identify(src/human_tracking) by extension 'ignore'
[0.335s] Level 1:colcon.colcon_core.package_identification:_identify(src/human_tracking) by extension 'ignore_ament_install'
[0.335s] Level 1:colcon.colcon_core.package_identification:_identify(src/human_tracking) by extensions ['colcon_pkg']
[0.335s] Level 1:colcon.colcon_core.package_identification:_identify(src/human_tracking) by extension 'colcon_pkg'
[0.335s] Level 1:colcon.colcon_core.package_identification:_identify(src/human_tracking) by extensions ['colcon_meta']
[0.335s] Level 1:colcon.colcon_core.package_identification:_identify(src/human_tracking) by extension 'colcon_meta'
[0.335s] Level 1:colcon.colcon_core.package_identification:_identify(src/human_tracking) by extensions ['ros']
[0.335s] Level 1:colcon.colcon_core.package_identification:_identify(src/human_tracking) by extension 'ros'
[0.336s] DEBUG:colcon.colcon_core.package_identification:Package 'src/human_tracking' with type 'ros.ament_python' and name 'human_tracking'
[0.336s] Level 1:colcon.colcon_core.package_identification:_identify(src/image_publisher) by extensions ['ignore', 'ignore_ament_install']
[0.336s] Level 1:colcon.colcon_core.package_identification:_identify(src/image_publisher) by extension 'ignore'
[0.336s] Level 1:colcon.colcon_core.package_identification:_identify(src/image_publisher) by extension 'ignore_ament_install'
[0.336s] Level 1:colcon.colcon_core.package_identification:_identify(src/image_publisher) by extensions ['colcon_pkg']
[0.337s] Level 1:colcon.colcon_core.package_identification:_identify(src/image_publisher) by extension 'colcon_pkg'
[0.337s] Level 1:colcon.colcon_core.package_identification:_identify(src/image_publisher) by extensions ['colcon_meta']
[0.337s] Level 1:colcon.colcon_core.package_identification:_identify(src/image_publisher) by extension 'colcon_meta'
[0.337s] Level 1:colcon.colcon_core.package_identification:_identify(src/image_publisher) by extensions ['ros']
[0.337s] Level 1:colcon.colcon_core.package_identification:_identify(src/image_publisher) by extension 'ros'
[0.338s] DEBUG:colcon.colcon_core.package_identification:Package 'src/image_publisher' with type 'ros.ament_cmake' and name 'image_publisher'
[0.338s] Level 1:colcon.colcon_core.package_identification:_identify(src/image_viewer) by extensions ['ignore', 'ignore_ament_install']
[0.338s] Level 1:colcon.colcon_core.package_identification:_identify(src/image_viewer) by extension 'ignore'
[0.338s] Level 1:colcon.colcon_core.package_identification:_identify(src/image_viewer) by extension 'ignore_ament_install'
[0.338s] Level 1:colcon.colcon_core.package_identification:_identify(src/image_viewer) by extensions ['colcon_pkg']
[0.338s] Level 1:colcon.colcon_core.package_identification:_identify(src/image_viewer) by extension 'colcon_pkg'
[0.338s] Level 1:colcon.colcon_core.package_identification:_identify(src/image_viewer) by extensions ['colcon_meta']
[0.338s] Level 1:colcon.colcon_core.package_identification:_identify(src/image_viewer) by extension 'colcon_meta'
[0.338s] Level 1:colcon.colcon_core.package_identification:_identify(src/image_viewer) by extensions ['ros']
[0.338s] Level 1:colcon.colcon_core.package_identification:_identify(src/image_viewer) by extension 'ros'
[0.339s] DEBUG:colcon.colcon_core.package_identification:Package 'src/image_viewer' with type 'ros.ament_python' and name 'image_viewer'
[0.339s] Level 1:colcon.colcon_core.package_identification:_identify(src/ir_image) by extensions ['ignore', 'ignore_ament_install']
[0.339s] Level 1:colcon.colcon_core.package_identification:_identify(src/ir_image) by extension 'ignore'
[0.339s] Level 1:colcon.colcon_core.package_identification:_identify(src/ir_image) by extension 'ignore_ament_install'
[0.339s] Level 1:colcon.colcon_core.package_identification:_identify(src/ir_image) by extensions ['colcon_pkg']
[0.339s] Level 1:colcon.colcon_core.package_identification:_identify(src/ir_image) by extension 'colcon_pkg'
[0.339s] Level 1:colcon.colcon_core.package_identification:_identify(src/ir_image) by extensions ['colcon_meta']
[0.339s] Level 1:colcon.colcon_core.package_identification:_identify(src/ir_image) by extension 'colcon_meta'
[0.339s] Level 1:colcon.colcon_core.package_identification:_identify(src/ir_image) by extensions ['ros']
[0.340s] Level 1:colcon.colcon_core.package_identification:_identify(src/ir_image) by extension 'ros'
[0.340s] DEBUG:colcon.colcon_core.package_identification:Package 'src/ir_image' with type 'ros.ament_cmake' and name 'ir_image'
[0.340s] Level 1:colcon.colcon_core.package_identification:_identify(src/ir_zoom) by extensions ['ignore', 'ignore_ament_install']
[0.340s] Level 1:colcon.colcon_core.package_identification:_identify(src/ir_zoom) by extension 'ignore'
[0.340s] Level 1:colcon.colcon_core.package_identification:_identify(src/ir_zoom) by extension 'ignore_ament_install'
[0.340s] Level 1:colcon.colcon_core.package_identification:_identify(src/ir_zoom) by extensions ['colcon_pkg']
[0.341s] Level 1:colcon.colcon_core.package_identification:_identify(src/ir_zoom) by extension 'colcon_pkg'
[0.341s] Level 1:colcon.colcon_core.package_identification:_identify(src/ir_zoom) by extensions ['colcon_meta']
[0.341s] Level 1:colcon.colcon_core.package_identification:_identify(src/ir_zoom) by extension 'colcon_meta'
[0.341s] Level 1:colcon.colcon_core.package_identification:_identify(src/ir_zoom) by extensions ['ros']
[0.341s] Level 1:colcon.colcon_core.package_identification:_identify(src/ir_zoom) by extension 'ros'
[0.341s] DEBUG:colcon.colcon_core.package_identification:Package 'src/ir_zoom' with type 'ros.ament_cmake' and name 'ir_zoom'
[0.341s] Level 1:colcon.colcon_core.package_identification:_identify(src/rtsp_viewer) by extensions ['ignore', 'ignore_ament_install']
[0.342s] Level 1:colcon.colcon_core.package_identification:_identify(src/rtsp_viewer) by extension 'ignore'
[0.342s] Level 1:colcon.colcon_core.package_identification:_identify(src/rtsp_viewer) by extension 'ignore_ament_install'
[0.342s] Level 1:colcon.colcon_core.package_identification:_identify(src/rtsp_viewer) by extensions ['colcon_pkg']
[0.342s] Level 1:colcon.colcon_core.package_identification:_identify(src/rtsp_viewer) by extension 'colcon_pkg'
[0.342s] Level 1:colcon.colcon_core.package_identification:_identify(src/rtsp_viewer) by extensions ['colcon_meta']
[0.342s] Level 1:colcon.colcon_core.package_identification:_identify(src/rtsp_viewer) by extension 'colcon_meta'
[0.342s] Level 1:colcon.colcon_core.package_identification:_identify(src/rtsp_viewer) by extensions ['ros']
[0.342s] Level 1:colcon.colcon_core.package_identification:_identify(src/rtsp_viewer) by extension 'ros'
[0.343s] DEBUG:colcon.colcon_core.package_identification:Package 'src/rtsp_viewer' with type 'ros.ament_python' and name 'rtsp_viewer'
[0.343s] Level 1:colcon.colcon_core.package_identification:_identify(src/stream_publisher) by extensions ['ignore', 'ignore_ament_install']
[0.343s] Level 1:colcon.colcon_core.package_identification:_identify(src/stream_publisher) by extension 'ignore'
[0.343s] Level 1:colcon.colcon_core.package_identification:_identify(src/stream_publisher) by extension 'ignore_ament_install'
[0.343s] Level 1:colcon.colcon_core.package_identification:_identify(src/stream_publisher) by extensions ['colcon_pkg']
[0.343s] Level 1:colcon.colcon_core.package_identification:_identify(src/stream_publisher) by extension 'colcon_pkg'
[0.343s] Level 1:colcon.colcon_core.package_identification:_identify(src/stream_publisher) by extensions ['colcon_meta']
[0.343s] Level 1:colcon.colcon_core.package_identification:_identify(src/stream_publisher) by extension 'colcon_meta'
[0.343s] Level 1:colcon.colcon_core.package_identification:_identify(src/stream_publisher) by extensions ['ros']
[0.343s] Level 1:colcon.colcon_core.package_identification:_identify(src/stream_publisher) by extension 'ros'
[0.344s] DEBUG:colcon.colcon_core.package_identification:Package 'src/stream_publisher' with type 'ros.ament_python' and name 'stream_publisher'
[0.344s] Level 1:colcon.colcon_core.package_identification:_identify(src/yolo_detection) by extensions ['ignore', 'ignore_ament_install']
[0.344s] Level 1:colcon.colcon_core.package_identification:_identify(src/yolo_detection) by extension 'ignore'
[0.344s] Level 1:colcon.colcon_core.package_identification:_identify(src/yolo_detection) by extension 'ignore_ament_install'
[0.344s] Level 1:colcon.colcon_core.package_identification:_identify(src/yolo_detection) by extensions ['colcon_pkg']
[0.344s] Level 1:colcon.colcon_core.package_identification:_identify(src/yolo_detection) by extension 'colcon_pkg'
[0.344s] Level 1:colcon.colcon_core.package_identification:_identify(src/yolo_detection) by extensions ['colcon_meta']
[0.344s] Level 1:colcon.colcon_core.package_identification:_identify(src/yolo_detection) by extension 'colcon_meta'
[0.344s] Level 1:colcon.colcon_core.package_identification:_identify(src/yolo_detection) by extensions ['ros']
[0.344s] Level 1:colcon.colcon_core.package_identification:_identify(src/yolo_detection) by extension 'ros'
[0.345s] DEBUG:colcon.colcon_core.package_identification:Package 'src/yolo_detection' with type 'ros.ament_python' and name 'yolo_detection'
[0.345s] Level 1:colcon.colcon_core.package_discovery:discover_packages(recursive) using defaults
[0.345s] Level 1:colcon.colcon_core.package_discovery:discover_packages(ignore) discover
[0.345s] Level 1:colcon.colcon_core.package_discovery:discover_packages(ignore) using defaults
[0.345s] Level 1:colcon.colcon_core.package_discovery:discover_packages(path) discover
[0.345s] Level 1:colcon.colcon_core.package_discovery:discover_packages(path) using defaults
[0.346s] WARNING:colcon.colcon_core.package_selection:ignoring unknown package 'PayloadSdk' in --packages-select
[0.368s] INFO:colcon.colcon_core.package_selection:Skipping not selected package 'PayloadSDK' in 'src/PayloadSdk'
[0.368s] INFO:colcon.colcon_core.package_selection:Skipping not selected package 'eo_image' in 'src/eo_image'
[0.368s] INFO:colcon.colcon_core.package_selection:Skipping not selected package 'eo_zoom' in 'src/eo_zoom'
[0.368s] INFO:colcon.colcon_core.package_selection:Skipping not selected package 'image_publisher' in 'src/image_publisher'
[0.368s] INFO:colcon.colcon_core.package_selection:Skipping not selected package 'ir_image' in 'src/ir_image'
[0.368s] INFO:colcon.colcon_core.package_selection:Skipping not selected package 'ir_zoom' in 'src/ir_zoom'
[0.368s] INFO:colcon.colcon_core.package_selection:Skipping not selected package 'rtsp_viewer' in 'src/rtsp_viewer'
[0.369s] Level 1:colcon.colcon_core.package_discovery:discover_packages(prefix_path) check parameters
[0.369s] Level 1:colcon.colcon_core.package_discovery:discover_packages(prefix_path) discover
[0.371s] DEBUG:colcon.colcon_installed_package_information.package_discovery:Found 14 installed packages in /home/dtc-mrsd/Downloads/ros2_ghadron_gimbal/install
[0.373s] DEBUG:colcon.colcon_installed_package_information.package_discovery:Found 417 installed packages in /opt/ros/humble
[0.375s] Level 1:colcon.colcon_core.package_discovery:discover_packages(prefix_path) using defaults
[0.424s] Level 5:colcon.colcon_core.verb:set package 'gimbal_angle_control' build argument 'cmake_args' from command line to '['-DGHADRON=1']'
[0.424s] Level 5:colcon.colcon_core.verb:set package 'gimbal_angle_control' build argument 'cmake_target' from command line to 'None'
[0.424s] Level 5:colcon.colcon_core.verb:set package 'gimbal_angle_control' build argument 'cmake_target_skip_unavailable' from command line to 'False'
[0.424s] Level 5:colcon.colcon_core.verb:set package 'gimbal_angle_control' build argument 'cmake_clean_cache' from command line to 'False'
[0.424s] Level 5:colcon.colcon_core.verb:set package 'gimbal_angle_control' build argument 'cmake_clean_first' from command line to 'False'
[0.424s] Level 5:colcon.colcon_core.verb:set package 'gimbal_angle_control' build argument 'cmake_force_configure' from command line to 'False'
[0.424s] Level 5:colcon.colcon_core.verb:set package 'gimbal_angle_control' build argument 'ament_cmake_args' from command line to 'None'
[0.424s] Level 5:colcon.colcon_core.verb:set package 'gimbal_angle_control' build argument 'catkin_cmake_args' from command line to 'None'
[0.424s] Level 5:colcon.colcon_core.verb:set package 'gimbal_angle_control' build argument 'catkin_skip_building_tests' from command line to 'False'
[0.424s] DEBUG:colcon.colcon_core.verb:Building package 'gimbal_angle_control' with the following arguments: {'ament_cmake_args': None, 'build_base': '/home/dtc-mrsd/Downloads/ros2_ghadron_gimbal/build/gimbal_angle_control', 'catkin_cmake_args': None, 'catkin_skip_building_tests': False, 'cmake_args': ['-DGHADRON=1'], 'cmake_clean_cache': False, 'cmake_clean_first': False, 'cmake_force_configure': False, 'cmake_target': None, 'cmake_target_skip_unavailable': False, 'install_base': '/home/dtc-mrsd/Downloads/ros2_ghadron_gimbal/install/gimbal_angle_control', 'merge_install': False, 'path': '/home/dtc-mrsd/Downloads/ros2_ghadron_gimbal/src/gimbal_angle_control', 'symlink_install': False, 'test_result_base': None}
[0.424s] Level 5:colcon.colcon_core.verb:set package 'gimbal_status' build argument 'cmake_args' from command line to '['-DGHADRON=1']'
[0.424s] Level 5:colcon.colcon_core.verb:set package 'gimbal_status' build argument 'cmake_target' from command line to 'None'
[0.424s] Level 5:colcon.colcon_core.verb:set package 'gimbal_status' build argument 'cmake_target_skip_unavailable' from command line to 'False'
[0.424s] Level 5:colcon.colcon_core.verb:set package 'gimbal_status' build argument 'cmake_clean_cache' from command line to 'False'
[0.424s] Level 5:colcon.colcon_core.verb:set package 'gimbal_status' build argument 'cmake_clean_first' from command line to 'False'
[0.424s] Level 5:colcon.colcon_core.verb:set package 'gimbal_status' build argument 'cmake_force_configure' from command line to 'False'
[0.424s] Level 5:colcon.colcon_core.verb:set package 'gimbal_status' build argument 'ament_cmake_args' from command line to 'None'
[0.424s] Level 5:colcon.colcon_core.verb:set package 'gimbal_status' build argument 'catkin_cmake_args' from command line to 'None'
[0.424s] Level 5:colcon.colcon_core.verb:set package 'gimbal_status' build argument 'catkin_skip_building_tests' from command line to 'False'
[0.425s] DEBUG:colcon.colcon_core.verb:Building package 'gimbal_status' with the following arguments: {'ament_cmake_args': None, 'build_base': '/home/dtc-mrsd/Downloads/ros2_ghadron_gimbal/build/gimbal_status', 'catkin_cmake_args': None, 'catkin_skip_building_tests': False, 'cmake_args': ['-DGHADRON=1'], 'cmake_clean_cache': False, 'cmake_clean_first': False, 'cmake_force_configure': False, 'cmake_target': None, 'cmake_target_skip_unavailable': False, 'install_base': '/home/dtc-mrsd/Downloads/ros2_ghadron_gimbal/install/gimbal_status', 'merge_install': False, 'path': '/home/dtc-mrsd/Downloads/ros2_ghadron_gimbal/src/gimbal_status', 'symlink_install': False, 'test_result_base': None}
[0.425s] Level 5:colcon.colcon_core.verb:set package 'human_tracking' build argument 'cmake_args' from command line to '['-DGHADRON=1']'
[0.425s] Level 5:colcon.colcon_core.verb:set package 'human_tracking' build argument 'cmake_target' from command line to 'None'
[0.425s] Level 5:colcon.colcon_core.verb:set package 'human_tracking' build argument 'cmake_target_skip_unavailable' from command line to 'False'
[0.425s] Level 5:colcon.colcon_core.verb:set package 'human_tracking' build argument 'cmake_clean_cache' from command line to 'False'
[0.425s] Level 5:colcon.colcon_core.verb:set package 'human_tracking' build argument 'cmake_clean_first' from command line to 'False'
[0.425s] Level 5:colcon.colcon_core.verb:set package 'human_tracking' build argument 'cmake_force_configure' from command line to 'False'
[0.425s] Level 5:colcon.colcon_core.verb:set package 'human_tracking' build argument 'ament_cmake_args' from command line to 'None'
[0.425s] Level 5:colcon.colcon_core.verb:set package 'human_tracking' build argument 'catkin_cmake_args' from command line to 'None'
[0.425s] Level 5:colcon.colcon_core.verb:set package 'human_tracking' build argument 'catkin_skip_building_tests' from command line to 'False'
[0.425s] DEBUG:colcon.colcon_core.verb:Building package 'human_tracking' with the following arguments: {'ament_cmake_args': None, 'build_base': '/home/dtc-mrsd/Downloads/ros2_ghadron_gimbal/build/human_tracking', 'catkin_cmake_args': None, 'catkin_skip_building_tests': False, 'cmake_args': ['-DGHADRON=1'], 'cmake_clean_cache': False, 'cmake_clean_first': False, 'cmake_force_configure': False, 'cmake_target': None, 'cmake_target_skip_unavailable': False, 'install_base': '/home/dtc-mrsd/Downloads/ros2_ghadron_gimbal/install/human_tracking', 'merge_install': False, 'path': '/home/dtc-mrsd/Downloads/ros2_ghadron_gimbal/src/human_tracking', 'symlink_install': False, 'test_result_base': None}
[0.425s] Level 5:colcon.colcon_core.verb:set package 'image_viewer' build argument 'cmake_args' from command line to '['-DGHADRON=1']'
[0.425s] Level 5:colcon.colcon_core.verb:set package 'image_viewer' build argument 'cmake_target' from command line to 'None'
[0.426s] Level 5:colcon.colcon_core.verb:set package 'image_viewer' build argument 'cmake_target_skip_unavailable' from command line to 'False'
[0.426s] Level 5:colcon.colcon_core.verb:set package 'image_viewer' build argument 'cmake_clean_cache' from command line to 'False'
[0.426s] Level 5:colcon.colcon_core.verb:set package 'image_viewer' build argument 'cmake_clean_first' from command line to 'False'
[0.426s] Level 5:colcon.colcon_core.verb:set package 'image_viewer' build argument 'cmake_force_configure' from command line to 'False'
[0.426s] Level 5:colcon.colcon_core.verb:set package 'image_viewer' build argument 'ament_cmake_args' from command line to 'None'
[0.426s] Level 5:colcon.colcon_core.verb:set package 'image_viewer' build argument 'catkin_cmake_args' from command line to 'None'
[0.426s] Level 5:colcon.colcon_core.verb:set package 'image_viewer' build argument 'catkin_skip_building_tests' from command line to 'False'
[0.426s] DEBUG:colcon.colcon_core.verb:Building package 'image_viewer' with the following arguments: {'ament_cmake_args': None, 'build_base': '/home/dtc-mrsd/Downloads/ros2_ghadron_gimbal/build/image_viewer', 'catkin_cmake_args': None, 'catkin_skip_building_tests': False, 'cmake_args': ['-DGHADRON=1'], 'cmake_clean_cache': False, 'cmake_clean_first': False, 'cmake_force_configure': False, 'cmake_target': None, 'cmake_target_skip_unavailable': False, 'install_base': '/home/dtc-mrsd/Downloads/ros2_ghadron_gimbal/install/image_viewer', 'merge_install': False, 'path': '/home/dtc-mrsd/Downloads/ros2_ghadron_gimbal/src/image_viewer', 'symlink_install': False, 'test_result_base': None}
[0.426s] Level 5:colcon.colcon_core.verb:set package 'stream_publisher' build argument 'cmake_args' from command line to '['-DGHADRON=1']'
[0.426s] Level 5:colcon.colcon_core.verb:set package 'stream_publisher' build argument 'cmake_target' from command line to 'None'
[0.426s] Level 5:colcon.colcon_core.verb:set package 'stream_publisher' build argument 'cmake_target_skip_unavailable' from command line to 'False'
[0.426s] Level 5:colcon.colcon_core.verb:set package 'stream_publisher' build argument 'cmake_clean_cache' from command line to 'False'
[0.426s] Level 5:colcon.colcon_core.verb:set package 'stream_publisher' build argument 'cmake_clean_first' from command line to 'False'
[0.426s] Level 5:colcon.colcon_core.verb:set package 'stream_publisher' build argument 'cmake_force_configure' from command line to 'False'
[0.426s] Level 5:colcon.colcon_core.verb:set package 'stream_publisher' build argument 'ament_cmake_args' from command line to 'None'
[0.426s] Level 5:colcon.colcon_core.verb:set package 'stream_publisher' build argument 'catkin_cmake_args' from command line to 'None'
[0.426s] Level 5:colcon.colcon_core.verb:set package 'stream_publisher' build argument 'catkin_skip_building_tests' from command line to 'False'
[0.426s] DEBUG:colcon.colcon_core.verb:Building package 'stream_publisher' with the following arguments: {'ament_cmake_args': None, 'build_base': '/home/dtc-mrsd/Downloads/ros2_ghadron_gimbal/build/stream_publisher', 'catkin_cmake_args': None, 'catkin_skip_building_tests': False, 'cmake_args': ['-DGHADRON=1'], 'cmake_clean_cache': False, 'cmake_clean_first': False, 'cmake_force_configure': False, 'cmake_target': None, 'cmake_target_skip_unavailable': False, 'install_base': '/home/dtc-mrsd/Downloads/ros2_ghadron_gimbal/install/stream_publisher', 'merge_install': False, 'path': '/home/dtc-mrsd/Downloads/ros2_ghadron_gimbal/src/stream_publisher', 'symlink_install': False, 'test_result_base': None}
[0.427s] Level 5:colcon.colcon_core.verb:set package 'yolo_detection' build argument 'cmake_args' from command line to '['-DGHADRON=1']'
[0.427s] Level 5:colcon.colcon_core.verb:set package 'yolo_detection' build argument 'cmake_target' from command line to 'None'
[0.427s] Level 5:colcon.colcon_core.verb:set package 'yolo_detection' build argument 'cmake_target_skip_unavailable' from command line to 'False'
[0.427s] Level 5:colcon.colcon_core.verb:set package 'yolo_detection' build argument 'cmake_clean_cache' from command line to 'False'
[0.427s] Level 5:colcon.colcon_core.verb:set package 'yolo_detection' build argument 'cmake_clean_first' from command line to 'False'
[0.427s] Level 5:colcon.colcon_core.verb:set package 'yolo_detection' build argument 'cmake_force_configure' from command line to 'False'
[0.427s] Level 5:colcon.colcon_core.verb:set package 'yolo_detection' build argument 'ament_cmake_args' from command line to 'None'
[0.427s] Level 5:colcon.colcon_core.verb:set package 'yolo_detection' build argument 'catkin_cmake_args' from command line to 'None'
[0.427s] Level 5:colcon.colcon_core.verb:set package 'yolo_detection' build argument 'catkin_skip_building_tests' from command line to 'False'
[0.427s] DEBUG:colcon.colcon_core.verb:Building package 'yolo_detection' with the following arguments: {'ament_cmake_args': None, 'build_base': '/home/dtc-mrsd/Downloads/ros2_ghadron_gimbal/build/yolo_detection', 'catkin_cmake_args': None, 'catkin_skip_building_tests': False, 'cmake_args': ['-DGHADRON=1'], 'cmake_clean_cache': False, 'cmake_clean_first': False, 'cmake_force_configure': False, 'cmake_target': None, 'cmake_target_skip_unavailable': False, 'install_base': '/home/dtc-mrsd/Downloads/ros2_ghadron_gimbal/install/yolo_detection', 'merge_install': False, 'path': '/home/dtc-mrsd/Downloads/ros2_ghadron_gimbal/src/yolo_detection', 'symlink_install': False, 'test_result_base': None}
[0.427s] Level 5:colcon.colcon_core.verb:set package 'gimbal_bringup' build argument 'cmake_args' from command line to '['-DGHADRON=1']'
[0.427s] Level 5:colcon.colcon_core.verb:set package 'gimbal_bringup' build argument 'cmake_target' from command line to 'None'
[0.427s] Level 5:colcon.colcon_core.verb:set package 'gimbal_bringup' build argument 'cmake_target_skip_unavailable' from command line to 'False'
[0.427s] Level 5:colcon.colcon_core.verb:set package 'gimbal_bringup' build argument 'cmake_clean_cache' from command line to 'False'
[0.427s] Level 5:colcon.colcon_core.verb:set package 'gimbal_bringup' build argument 'cmake_clean_first' from command line to 'False'
[0.427s] Level 5:colcon.colcon_core.verb:set package 'gimbal_bringup' build argument 'cmake_force_configure' from command line to 'False'
[0.427s] Level 5:colcon.colcon_core.verb:set package 'gimbal_bringup' build argument 'ament_cmake_args' from command line to 'None'
[0.427s] Level 5:colcon.colcon_core.verb:set package 'gimbal_bringup' build argument 'catkin_cmake_args' from command line to 'None'
[0.427s] Level 5:colcon.colcon_core.verb:set package 'gimbal_bringup' build argument 'catkin_skip_building_tests' from command line to 'False'
[0.427s] DEBUG:colcon.colcon_core.verb:Building package 'gimbal_bringup' with the following arguments: {'ament_cmake_args': None, 'build_base': '/home/dtc-mrsd/Downloads/ros2_ghadron_gimbal/build/gimbal_bringup', 'catkin_cmake_args': None, 'catkin_skip_building_tests': False, 'cmake_args': ['-DGHADRON=1'], 'cmake_clean_cache': False, 'cmake_clean_first': False, 'cmake_force_configure': False, 'cmake_target': None, 'cmake_target_skip_unavailable': False, 'install_base': '/home/dtc-mrsd/Downloads/ros2_ghadron_gimbal/install/gimbal_bringup', 'merge_install': False, 'path': '/home/dtc-mrsd/Downloads/ros2_ghadron_gimbal/src/gimbal_bringup', 'symlink_install': False, 'test_result_base': None}
[0.428s] INFO:colcon.colcon_core.executor:Executing jobs using 'parallel' executor
[0.428s] DEBUG:colcon.colcon_parallel_executor.executor.parallel:run_until_complete
[0.429s] INFO:colcon.colcon_ros.task.ament_cmake.build:Building ROS package in '/home/dtc-mrsd/Downloads/ros2_ghadron_gimbal/src/gimbal_angle_control' with build type 'ament_cmake'
[0.429s] INFO:colcon.colcon_cmake.task.cmake.build:Building CMake package in '/home/dtc-mrsd/Downloads/ros2_ghadron_gimbal/src/gimbal_angle_control'
[0.431s] INFO:colcon.colcon_core.plugin_system:Skipping extension 'colcon_core.shell.bat': Not used on non-Windows systems
[0.431s] INFO:colcon.colcon_core.shell:Skip shell extension 'powershell' for command environment: Not usable outside of PowerShell
[0.431s] DEBUG:colcon.colcon_core.shell:Skip shell extension 'dsv' for command environment
[0.435s] INFO:colcon.colcon_ros.task.ament_cmake.build:Building ROS package in '/home/dtc-mrsd/Downloads/ros2_ghadron_gimbal/src/gimbal_status' with build type 'ament_cmake'
[0.435s] INFO:colcon.colcon_cmake.task.cmake.build:Building CMake package in '/home/dtc-mrsd/Downloads/ros2_ghadron_gimbal/src/gimbal_status'
[0.435s] INFO:colcon.colcon_core.shell:Skip shell extension 'powershell' for command environment: Not usable outside of PowerShell
[0.435s] DEBUG:colcon.colcon_core.shell:Skip shell extension 'dsv' for command environment
[0.439s] INFO:colcon.colcon_ros.task.ament_python.build:Building ROS package in '/home/dtc-mrsd/Downloads/ros2_ghadron_gimbal/src/human_tracking' with build type 'ament_python'
[0.439s] Level 1:colcon.colcon_core.shell:create_environment_hook('human_tracking', 'ament_prefix_path')
[0.439s] INFO:colcon.colcon_core.shell:Creating environment hook '/home/dtc-mrsd/Downloads/ros2_ghadron_gimbal/install/human_tracking/share/human_tracking/hook/ament_prefix_path.ps1'
[0.440s] INFO:colcon.colcon_core.shell:Creating environment descriptor '/home/dtc-mrsd/Downloads/ros2_ghadron_gimbal/install/human_tracking/share/human_tracking/hook/ament_prefix_path.dsv'
[0.440s] INFO:colcon.colcon_core.shell:Creating environment hook '/home/dtc-mrsd/Downloads/ros2_ghadron_gimbal/install/human_tracking/share/human_tracking/hook/ament_prefix_path.sh'
[0.441s] INFO:colcon.colcon_core.shell:Skip shell extension 'powershell' for command environment: Not usable outside of PowerShell
[0.441s] DEBUG:colcon.colcon_core.shell:Skip shell extension 'dsv' for command environment
[0.446s] INFO:colcon.colcon_ros.task.ament_python.build:Building ROS package in '/home/dtc-mrsd/Downloads/ros2_ghadron_gimbal/src/yolo_detection' with build type 'ament_python'
[0.446s] Level 1:colcon.colcon_core.shell:create_environment_hook('yolo_detection', 'ament_prefix_path')
[0.447s] INFO:colcon.colcon_core.shell:Creating environment hook '/home/dtc-mrsd/Downloads/ros2_ghadron_gimbal/install/yolo_detection/share/yolo_detection/hook/ament_prefix_path.ps1'
[0.448s] INFO:colcon.colcon_core.shell:Creating environment descriptor '/home/dtc-mrsd/Downloads/ros2_ghadron_gimbal/install/yolo_detection/share/yolo_detection/hook/ament_prefix_path.dsv'
[0.448s] INFO:colcon.colcon_core.shell:Creating environment hook '/home/dtc-mrsd/Downloads/ros2_ghadron_gimbal/install/yolo_detection/share/yolo_detection/hook/ament_prefix_path.sh'
[0.449s] INFO:colcon.colcon_core.shell:Skip shell extension 'powershell' for command environment: Not usable outside of PowerShell
[0.449s] DEBUG:colcon.colcon_core.shell:Skip shell extension 'dsv' for command environment
[0.453s] INFO:colcon.colcon_ros.task.ament_python.build:Building ROS package in '/home/dtc-mrsd/Downloads/ros2_ghadron_gimbal/src/image_viewer' with build type 'ament_python'
[0.453s] Level 1:colcon.colcon_core.shell:create_environment_hook('image_viewer', 'ament_prefix_path')
[0.454s] INFO:colcon.colcon_core.shell:Creating environment hook '/home/dtc-mrsd/Downloads/ros2_ghadron_gimbal/install/image_viewer/share/image_viewer/hook/ament_prefix_path.ps1'
[0.454s] INFO:colcon.colcon_core.shell:Creating environment descriptor '/home/dtc-mrsd/Downloads/ros2_ghadron_gimbal/install/image_viewer/share/image_viewer/hook/ament_prefix_path.dsv'
[0.455s] INFO:colcon.colcon_core.shell:Creating environment hook '/home/dtc-mrsd/Downloads/ros2_ghadron_gimbal/install/image_viewer/share/image_viewer/hook/ament_prefix_path.sh'
[0.455s] INFO:colcon.colcon_core.shell:Skip shell extension 'powershell' for command environment: Not usable outside of PowerShell
[0.455s] DEBUG:colcon.colcon_core.shell:Skip shell extension 'dsv' for command environment
[0.459s] INFO:colcon.colcon_ros.task.ament_python.build:Building ROS package in '/home/dtc-mrsd/Downloads/ros2_ghadron_gimbal/src/stream_publisher' with build type 'ament_python'
[0.460s] Level 1:colcon.colcon_core.shell:create_environment_hook('stream_publisher', 'ament_prefix_path')
[0.460s] INFO:colcon.colcon_core.shell:Creating environment hook '/home/dtc-mrsd/Downloads/ros2_ghadron_gimbal/install/stream_publisher/share/stream_publisher/hook/ament_prefix_path.ps1'
[0.461s] INFO:colcon.colcon_core.shell:Creating environment descriptor '/home/dtc-mrsd/Downloads/ros2_ghadron_gimbal/install/stream_publisher/share/stream_publisher/hook/ament_prefix_path.dsv'
[0.461s] INFO:colcon.colcon_core.shell:Creating environment hook '/home/dtc-mrsd/Downloads/ros2_ghadron_gimbal/install/stream_publisher/share/stream_publisher/hook/ament_prefix_path.sh'
[0.462s] INFO:colcon.colcon_core.shell:Skip shell extension 'powershell' for command environment: Not usable outside of PowerShell
[0.462s] DEBUG:colcon.colcon_core.shell:Skip shell extension 'dsv' for command environment
[0.474s] DEBUG:colcon.colcon_core.event_handler.log_command:Invoking command in '/home/dtc-mrsd/Downloads/ros2_ghadron_gimbal/build/gimbal_angle_control': CMAKE_PREFIX_PATH=${CMAKE_PREFIX_PATH}:/home/dtc-mrsd/Downloads/ros2_ghadron_gimbal/install/gimbal_bringup:/home/dtc-mrsd/Downloads/ros2_ghadron_gimbal/install/yolo_detection:/home/dtc-mrsd/Downloads/ros2_ghadron_gimbal/install/stream_publisher:/home/dtc-mrsd/Downloads/ros2_ghadron_gimbal/install/rtsp_viewer:/home/dtc-mrsd/Downloads/ros2_ghadron_gimbal/install/image_viewer:/home/dtc-mrsd/Downloads/ros2_ghadron_gimbal/install/human_tracking:/opt/ros/humble /usr/bin/cmake --build /home/dtc-mrsd/Downloads/ros2_ghadron_gimbal/build/gimbal_angle_control -- -j12 -l12
[0.477s] DEBUG:colcon.colcon_core.event_handler.log_command:Invoking command in '/home/dtc-mrsd/Downloads/ros2_ghadron_gimbal/build/gimbal_status': CMAKE_PREFIX_PATH=${CMAKE_PREFIX_PATH}:/home/dtc-mrsd/Downloads/ros2_ghadron_gimbal/install/gimbal_bringup:/home/dtc-mrsd/Downloads/ros2_ghadron_gimbal/install/yolo_detection:/home/dtc-mrsd/Downloads/ros2_ghadron_gimbal/install/stream_publisher:/home/dtc-mrsd/Downloads/ros2_ghadron_gimbal/install/rtsp_viewer:/home/dtc-mrsd/Downloads/ros2_ghadron_gimbal/install/image_viewer:/home/dtc-mrsd/Downloads/ros2_ghadron_gimbal/install/human_tracking:/opt/ros/humble /usr/bin/cmake --build /home/dtc-mrsd/Downloads/ros2_ghadron_gimbal/build/gimbal_status -- -j12 -l12
[0.774s] INFO:colcon.colcon_core.task.python.build:Building Python package in '/home/dtc-mrsd/Downloads/ros2_ghadron_gimbal/src/human_tracking'
[0.775s] INFO:colcon.colcon_core.shell:Skip shell extension 'powershell' for command environment: Not usable outside of PowerShell
[0.775s] DEBUG:colcon.colcon_core.shell:Skip shell extension 'dsv' for command environment
[1.063s] INFO:colcon.colcon_core.task.python.build:Building Python package in '/home/dtc-mrsd/Downloads/ros2_ghadron_gimbal/src/yolo_detection'
[1.063s] INFO:colcon.colcon_core.shell:Skip shell extension 'powershell' for command environment: Not usable outside of PowerShell
[1.063s] DEBUG:colcon.colcon_core.shell:Skip shell extension 'dsv' for command environment
[1.353s] INFO:colcon.colcon_core.task.python.build:Building Python package in '/home/dtc-mrsd/Downloads/ros2_ghadron_gimbal/src/image_viewer'
[1.354s] INFO:colcon.colcon_core.shell:Skip shell extension 'powershell' for command environment: Not usable outside of PowerShell
[1.354s] DEBUG:colcon.colcon_core.shell:Skip shell extension 'dsv' for command environment
[1.640s] INFO:colcon.colcon_core.task.python.build:Building Python package in '/home/dtc-mrsd/Downloads/ros2_ghadron_gimbal/src/stream_publisher'
[1.641s] INFO:colcon.colcon_core.shell:Skip shell extension 'powershell' for command environment: Not usable outside of PowerShell
[1.641s] DEBUG:colcon.colcon_core.shell:Skip shell extension 'dsv' for command environment
[1.652s] DEBUG:colcon.colcon_core.event_handler.log_command:Invoked command in '/home/dtc-mrsd/Downloads/ros2_ghadron_gimbal/build/gimbal_status' returned '0': CMAKE_PREFIX_PATH=${CMAKE_PREFIX_PATH}:/home/dtc-mrsd/Downloads/ros2_ghadron_gimbal/install/gimbal_bringup:/home/dtc-mrsd/Downloads/ros2_ghadron_gimbal/install/yolo_detection:/home/dtc-mrsd/Downloads/ros2_ghadron_gimbal/install/stream_publisher:/home/dtc-mrsd/Downloads/ros2_ghadron_gimbal/install/rtsp_viewer:/home/dtc-mrsd/Downloads/ros2_ghadron_gimbal/install/image_viewer:/home/dtc-mrsd/Downloads/ros2_ghadron_gimbal/install/human_tracking:/opt/ros/humble /usr/bin/cmake --build /home/dtc-mrsd/Downloads/ros2_ghadron_gimbal/build/gimbal_status -- -j12 -l12
[1.662s] DEBUG:colcon.colcon_core.event_handler.log_command:Invoking command in '/home/dtc-mrsd/Downloads/ros2_ghadron_gimbal/build/gimbal_status': CMAKE_PREFIX_PATH=${CMAKE_PREFIX_PATH}:/home/dtc-mrsd/Downloads/ros2_ghadron_gimbal/install/gimbal_bringup:/home/dtc-mrsd/Downloads/ros2_ghadron_gimbal/install/yolo_detection:/home/dtc-mrsd/Downloads/ros2_ghadron_gimbal/install/stream_publisher:/home/dtc-mrsd/Downloads/ros2_ghadron_gimbal/install/rtsp_viewer:/home/dtc-mrsd/Downloads/ros2_ghadron_gimbal/install/image_viewer:/home/dtc-mrsd/Downloads/ros2_ghadron_gimbal/install/human_tracking:/opt/ros/humble /usr/bin/cmake --install /home/dtc-mrsd/Downloads/ros2_ghadron_gimbal/build/gimbal_status
[1.663s] DEBUG:colcon.colcon_core.event_handler.log_command:Invoked command in '/home/dtc-mrsd/Downloads/ros2_ghadron_gimbal/build/gimbal_angle_control' returned '0': CMAKE_PREFIX_PATH=${CMAKE_PREFIX_PATH}:/home/dtc-mrsd/Downloads/ros2_ghadron_gimbal/install/gimbal_bringup:/home/dtc-mrsd/Downloads/ros2_ghadron_gimbal/install/yolo_detection:/home/dtc-mrsd/Downloads/ros2_ghadron_gimbal/install/stream_publisher:/home/dtc-mrsd/Downloads/ros2_ghadron_gimbal/install/rtsp_viewer:/home/dtc-mrsd/Downloads/ros2_ghadron_gimbal/install/image_viewer:/home/dtc-mrsd/Downloads/ros2_ghadron_gimbal/install/human_tracking:/opt/ros/humble /usr/bin/cmake --build /home/dtc-mrsd/Downloads/ros2_ghadron_gimbal/build/gimbal_angle_control -- -j12 -l12
[1.664s] DEBUG:colcon.colcon_core.event_handler.log_command:Invoking command in '/home/dtc-mrsd/Downloads/ros2_ghadron_gimbal/build/gimbal_angle_control': CMAKE_PREFIX_PATH=${CMAKE_PREFIX_PATH}:/home/dtc-mrsd/Downloads/ros2_ghadron_gimbal/install/gimbal_bringup:/home/dtc-mrsd/Downloads/ros2_ghadron_gimbal/install/yolo_detection:/home/dtc-mrsd/Downloads/ros2_ghadron_gimbal/install/stream_publisher:/home/dtc-mrsd/Downloads/ros2_ghadron_gimbal/install/rtsp_viewer:/home/dtc-mrsd/Downloads/ros2_ghadron_gimbal/install/image_viewer:/home/dtc-mrsd/Downloads/ros2_ghadron_gimbal/install/human_tracking:/opt/ros/humble /usr/bin/cmake --install /home/dtc-mrsd/Downloads/ros2_ghadron_gimbal/build/gimbal_angle_control
[1.677s] Level 1:colcon.colcon_core.environment:create_environment_scripts_only(gimbal_status)
[1.680s] DEBUG:colcon.colcon_core.event_handler.log_command:Invoked command in '/home/dtc-mrsd/Downloads/ros2_ghadron_gimbal/build/gimbal_status' returned '0': CMAKE_PREFIX_PATH=${CMAKE_PREFIX_PATH}:/home/dtc-mrsd/Downloads/ros2_ghadron_gimbal/install/gimbal_bringup:/home/dtc-mrsd/Downloads/ros2_ghadron_gimbal/install/yolo_detection:/home/dtc-mrsd/Downloads/ros2_ghadron_gimbal/install/stream_publisher:/home/dtc-mrsd/Downloads/ros2_ghadron_gimbal/install/rtsp_viewer:/home/dtc-mrsd/Downloads/ros2_ghadron_gimbal/install/image_viewer:/home/dtc-mrsd/Downloads/ros2_ghadron_gimbal/install/human_tracking:/opt/ros/humble /usr/bin/cmake --install /home/dtc-mrsd/Downloads/ros2_ghadron_gimbal/build/gimbal_status
[1.683s] Level 1:colcon.colcon_core.environment:checking '/home/dtc-mrsd/Downloads/ros2_ghadron_gimbal/install/gimbal_status' for CMake module files
[1.683s] Level 1:colcon.colcon_core.environment:checking '/home/dtc-mrsd/Downloads/ros2_ghadron_gimbal/install/gimbal_status' for CMake config files
[1.684s] Level 1:colcon.colcon_core.shell:create_environment_hook('gimbal_status', 'cmake_prefix_path')
[1.684s] INFO:colcon.colcon_core.shell:Creating environment hook '/home/dtc-mrsd/Downloads/ros2_ghadron_gimbal/install/gimbal_status/share/gimbal_status/hook/cmake_prefix_path.ps1'
[1.685s] INFO:colcon.colcon_core.shell:Creating environment descriptor '/home/dtc-mrsd/Downloads/ros2_ghadron_gimbal/install/gimbal_status/share/gimbal_status/hook/cmake_prefix_path.dsv'
[1.686s] INFO:colcon.colcon_core.shell:Creating environment hook '/home/dtc-mrsd/Downloads/ros2_ghadron_gimbal/install/gimbal_status/share/gimbal_status/hook/cmake_prefix_path.sh'
[1.687s] Level 1:colcon.colcon_core.environment:checking '/home/dtc-mrsd/Downloads/ros2_ghadron_gimbal/install/gimbal_status/lib'
[1.687s] Level 1:colcon.colcon_core.environment:checking '/home/dtc-mrsd/Downloads/ros2_ghadron_gimbal/install/gimbal_status/bin'
[1.687s] Level 1:colcon.colcon_core.environment:checking '/home/dtc-mrsd/Downloads/ros2_ghadron_gimbal/install/gimbal_status/lib/pkgconfig/gimbal_status.pc'
[1.687s] Level 1:colcon.colcon_core.environment:checking '/home/dtc-mrsd/Downloads/ros2_ghadron_gimbal/install/gimbal_status/lib/python3.10/site-packages'
[1.688s] Level 1:colcon.colcon_core.environment:checking '/home/dtc-mrsd/Downloads/ros2_ghadron_gimbal/install/gimbal_status/bin'
[1.688s] INFO:colcon.colcon_core.shell:Creating package script '/home/dtc-mrsd/Downloads/ros2_ghadron_gimbal/install/gimbal_status/share/gimbal_status/package.ps1'
[1.689s] INFO:colcon.colcon_core.shell:Creating package descriptor '/home/dtc-mrsd/Downloads/ros2_ghadron_gimbal/install/gimbal_status/share/gimbal_status/package.dsv'
[1.690s] INFO:colcon.colcon_core.shell:Creating package script '/home/dtc-mrsd/Downloads/ros2_ghadron_gimbal/install/gimbal_status/share/gimbal_status/package.sh'
[1.691s] INFO:colcon.colcon_core.shell:Creating package script '/home/dtc-mrsd/Downloads/ros2_ghadron_gimbal/install/gimbal_status/share/gimbal_status/package.bash'
[1.692s] INFO:colcon.colcon_core.shell:Creating package script '/home/dtc-mrsd/Downloads/ros2_ghadron_gimbal/install/gimbal_status/share/gimbal_status/package.zsh'
[1.693s] Level 1:colcon.colcon_core.environment:create_file_with_runtime_dependencies(/home/dtc-mrsd/Downloads/ros2_ghadron_gimbal/install/gimbal_status/share/colcon-core/packages/gimbal_status)
[1.694s] Level 1:colcon.colcon_core.environment:create_environment_scripts_only(gimbal_status)
[1.695s] Level 1:colcon.colcon_core.environment:checking '/home/dtc-mrsd/Downloads/ros2_ghadron_gimbal/install/gimbal_status' for CMake module files
[1.695s] Level 1:colcon.colcon_core.environment:checking '/home/dtc-mrsd/Downloads/ros2_ghadron_gimbal/install/gimbal_status' for CMake config files
[1.696s] Level 1:colcon.colcon_core.shell:create_environment_hook('gimbal_status', 'cmake_prefix_path')
[1.696s] INFO:colcon.colcon_core.shell:Creating environment hook '/home/dtc-mrsd/Downloads/ros2_ghadron_gimbal/install/gimbal_status/share/gimbal_status/hook/cmake_prefix_path.ps1'
[1.696s] INFO:colcon.colcon_core.shell:Creating environment descriptor '/home/dtc-mrsd/Downloads/ros2_ghadron_gimbal/install/gimbal_status/share/gimbal_status/hook/cmake_prefix_path.dsv'
[1.697s] INFO:colcon.colcon_core.shell:Creating environment hook '/home/dtc-mrsd/Downloads/ros2_ghadron_gimbal/install/gimbal_status/share/gimbal_status/hook/cmake_prefix_path.sh'
[1.698s] Level 1:colcon.colcon_core.environment:checking '/home/dtc-mrsd/Downloads/ros2_ghadron_gimbal/install/gimbal_status/lib'
[1.698s] Level 1:colcon.colcon_core.environment:checking '/home/dtc-mrsd/Downloads/ros2_ghadron_gimbal/install/gimbal_status/bin'
[1.698s] Level 1:colcon.colcon_core.environment:checking '/home/dtc-mrsd/Downloads/ros2_ghadron_gimbal/install/gimbal_status/lib/pkgconfig/gimbal_status.pc'
[1.698s] Level 1:colcon.colcon_core.environment:checking '/home/dtc-mrsd/Downloads/ros2_ghadron_gimbal/install/gimbal_status/lib/python3.10/site-packages'
[1.699s] Level 1:colcon.colcon_core.environment:checking '/home/dtc-mrsd/Downloads/ros2_ghadron_gimbal/install/gimbal_status/bin'
[1.699s] INFO:colcon.colcon_core.shell:Creating package script '/home/dtc-mrsd/Downloads/ros2_ghadron_gimbal/install/gimbal_status/share/gimbal_status/package.ps1'
[1.700s] INFO:colcon.colcon_core.shell:Creating package descriptor '/home/dtc-mrsd/Downloads/ros2_ghadron_gimbal/install/gimbal_status/share/gimbal_status/package.dsv'
[1.700s] INFO:colcon.colcon_core.shell:Creating package script '/home/dtc-mrsd/Downloads/ros2_ghadron_gimbal/install/gimbal_status/share/gimbal_status/package.sh'
[1.701s] INFO:colcon.colcon_core.shell:Creating package script '/home/dtc-mrsd/Downloads/ros2_ghadron_gimbal/install/gimbal_status/share/gimbal_status/package.bash'
[1.702s] INFO:colcon.colcon_core.shell:Creating package script '/home/dtc-mrsd/Downloads/ros2_ghadron_gimbal/install/gimbal_status/share/gimbal_status/package.zsh'
[1.702s] Level 1:colcon.colcon_core.environment:create_file_with_runtime_dependencies(/home/dtc-mrsd/Downloads/ros2_ghadron_gimbal/install/gimbal_status/share/colcon-core/packages/gimbal_status)
[1.703s] Level 1:colcon.colcon_core.environment:create_environment_scripts_only(gimbal_angle_control)
[1.703s] Level 1:colcon.colcon_core.environment:checking '/home/dtc-mrsd/Downloads/ros2_ghadron_gimbal/install/gimbal_angle_control' for CMake module files
[1.704s] DEBUG:colcon.colcon_core.event_handler.log_command:Invoked command in '/home/dtc-mrsd/Downloads/ros2_ghadron_gimbal/build/gimbal_angle_control' returned '0': CMAKE_PREFIX_PATH=${CMAKE_PREFIX_PATH}:/home/dtc-mrsd/Downloads/ros2_ghadron_gimbal/install/gimbal_bringup:/home/dtc-mrsd/Downloads/ros2_ghadron_gimbal/install/yolo_detection:/home/dtc-mrsd/Downloads/ros2_ghadron_gimbal/install/stream_publisher:/home/dtc-mrsd/Downloads/ros2_ghadron_gimbal/install/rtsp_viewer:/home/dtc-mrsd/Downloads/ros2_ghadron_gimbal/install/image_viewer:/home/dtc-mrsd/Downloads/ros2_ghadron_gimbal/install/human_tracking:/opt/ros/humble /usr/bin/cmake --install /home/dtc-mrsd/Downloads/ros2_ghadron_gimbal/build/gimbal_angle_control
[1.704s] Level 1:colcon.colcon_core.environment:checking '/home/dtc-mrsd/Downloads/ros2_ghadron_gimbal/install/gimbal_angle_control' for CMake config files
[1.705s] Level 1:colcon.colcon_core.shell:create_environment_hook('gimbal_angle_control', 'cmake_prefix_path')
[1.705s] INFO:colcon.colcon_core.shell:Creating environment hook '/home/dtc-mrsd/Downloads/ros2_ghadron_gimbal/install/gimbal_angle_control/share/gimbal_angle_control/hook/cmake_prefix_path.ps1'
[1.705s] INFO:colcon.colcon_core.shell:Creating environment descriptor '/home/dtc-mrsd/Downloads/ros2_ghadron_gimbal/install/gimbal_angle_control/share/gimbal_angle_control/hook/cmake_prefix_path.dsv'
[1.705s] INFO:colcon.colcon_core.shell:Creating environment hook '/home/dtc-mrsd/Downloads/ros2_ghadron_gimbal/install/gimbal_angle_control/share/gimbal_angle_control/hook/cmake_prefix_path.sh'
[1.706s] Level 1:colcon.colcon_core.environment:checking '/home/dtc-mrsd/Downloads/ros2_ghadron_gimbal/install/gimbal_angle_control/lib'
[1.706s] Level 1:colcon.colcon_core.environment:checking '/home/dtc-mrsd/Downloads/ros2_ghadron_gimbal/install/gimbal_angle_control/bin'
[1.706s] Level 1:colcon.colcon_core.environment:checking '/home/dtc-mrsd/Downloads/ros2_ghadron_gimbal/install/gimbal_angle_control/lib/pkgconfig/gimbal_angle_control.pc'
[1.706s] Level 1:colcon.colcon_core.environment:checking '/home/dtc-mrsd/Downloads/ros2_ghadron_gimbal/install/gimbal_angle_control/lib/python3.10/site-packages'
[1.707s] Level 1:colcon.colcon_core.environment:checking '/home/dtc-mrsd/Downloads/ros2_ghadron_gimbal/install/gimbal_angle_control/bin'
[1.707s] INFO:colcon.colcon_core.shell:Creating package script '/home/dtc-mrsd/Downloads/ros2_ghadron_gimbal/install/gimbal_angle_control/share/gimbal_angle_control/package.ps1'
[1.707s] INFO:colcon.colcon_core.shell:Creating package descriptor '/home/dtc-mrsd/Downloads/ros2_ghadron_gimbal/install/gimbal_angle_control/share/gimbal_angle_control/package.dsv'
[1.708s] INFO:colcon.colcon_core.shell:Creating package script '/home/dtc-mrsd/Downloads/ros2_ghadron_gimbal/install/gimbal_angle_control/share/gimbal_angle_control/package.sh'
[1.708s] INFO:colcon.colcon_core.shell:Creating package script '/home/dtc-mrsd/Downloads/ros2_ghadron_gimbal/install/gimbal_angle_control/share/gimbal_angle_control/package.bash'
[1.708s] INFO:colcon.colcon_core.shell:Creating package script '/home/dtc-mrsd/Downloads/ros2_ghadron_gimbal/install/gimbal_angle_control/share/gimbal_angle_control/package.zsh'
[1.709s] Level 1:colcon.colcon_core.environment:create_file_with_runtime_dependencies(/home/dtc-mrsd/Downloads/ros2_ghadron_gimbal/install/gimbal_angle_control/share/colcon-core/packages/gimbal_angle_control)
[1.709s] Level 1:colcon.colcon_core.environment:create_environment_scripts_only(gimbal_angle_control)
[1.709s] Level 1:colcon.colcon_core.environment:checking '/home/dtc-mrsd/Downloads/ros2_ghadron_gimbal/install/gimbal_angle_control' for CMake module files
[1.710s] Level 1:colcon.colcon_core.environment:checking '/home/dtc-mrsd/Downloads/ros2_ghadron_gimbal/install/gimbal_angle_control' for CMake config files
[1.710s] Level 1:colcon.colcon_core.shell:create_environment_hook('gimbal_angle_control', 'cmake_prefix_path')
[1.710s] INFO:colcon.colcon_core.shell:Creating environment hook '/home/dtc-mrsd/Downloads/ros2_ghadron_gimbal/install/gimbal_angle_control/share/gimbal_angle_control/hook/cmake_prefix_path.ps1'
[1.711s] INFO:colcon.colcon_core.shell:Creating environment descriptor '/home/dtc-mrsd/Downloads/ros2_ghadron_gimbal/install/gimbal_angle_control/share/gimbal_angle_control/hook/cmake_prefix_path.dsv'
[1.711s] INFO:colcon.colcon_core.shell:Creating environment hook '/home/dtc-mrsd/Downloads/ros2_ghadron_gimbal/install/gimbal_angle_control/share/gimbal_angle_control/hook/cmake_prefix_path.sh'
[1.712s] Level 1:colcon.colcon_core.environment:checking '/home/dtc-mrsd/Downloads/ros2_ghadron_gimbal/install/gimbal_angle_control/lib'
[1.712s] Level 1:colcon.colcon_core.environment:checking '/home/dtc-mrsd/Downloads/ros2_ghadron_gimbal/install/gimbal_angle_control/bin'
[1.712s] Level 1:colcon.colcon_core.environment:checking '/home/dtc-mrsd/Downloads/ros2_ghadron_gimbal/install/gimbal_angle_control/lib/pkgconfig/gimbal_angle_control.pc'
[1.712s] Level 1:colcon.colcon_core.environment:checking '/home/dtc-mrsd/Downloads/ros2_ghadron_gimbal/install/gimbal_angle_control/lib/python3.10/site-packages'
[1.712s] Level 1:colcon.colcon_core.environment:checking '/home/dtc-mrsd/Downloads/ros2_ghadron_gimbal/install/gimbal_angle_control/bin'
[1.713s] INFO:colcon.colcon_core.shell:Creating package script '/home/dtc-mrsd/Downloads/ros2_ghadron_gimbal/install/gimbal_angle_control/share/gimbal_angle_control/package.ps1'
[1.713s] INFO:colcon.colcon_core.shell:Creating package descriptor '/home/dtc-mrsd/Downloads/ros2_ghadron_gimbal/install/gimbal_angle_control/share/gimbal_angle_control/package.dsv'
[1.714s] INFO:colcon.colcon_core.shell:Creating package script '/home/dtc-mrsd/Downloads/ros2_ghadron_gimbal/install/gimbal_angle_control/share/gimbal_angle_control/package.sh'
[1.714s] INFO:colcon.colcon_core.shell:Creating package script '/home/dtc-mrsd/Downloads/ros2_ghadron_gimbal/install/gimbal_angle_control/share/gimbal_angle_control/package.bash'
[1.714s] INFO:colcon.colcon_core.shell:Creating package script '/home/dtc-mrsd/Downloads/ros2_ghadron_gimbal/install/gimbal_angle_control/share/gimbal_angle_control/package.zsh'
[1.715s] Level 1:colcon.colcon_core.environment:create_file_with_runtime_dependencies(/home/dtc-mrsd/Downloads/ros2_ghadron_gimbal/install/gimbal_angle_control/share/colcon-core/packages/gimbal_angle_control)
[2.048s] DEBUG:colcon.colcon_core.event_handler.log_command:Invoking command in '/home/dtc-mrsd/Downloads/ros2_ghadron_gimbal/src/human_tracking': PYTHONPATH=/home/dtc-mrsd/Downloads/ros2_ghadron_gimbal/build/human_tracking/prefix_override:/usr/lib/python3/dist-packages/colcon_core/task/python/colcon_distutils_commands:/home/dtc-mrsd/Downloads/ros2_ghadron_gimbal/install/human_tracking/lib/python3.10/site-packages:${PYTHONPATH} /usr/bin/python3 -W ignore:setup.py install is deprecated -W ignore:easy_install command is deprecated setup.py egg_info --egg-base ../../build/human_tracking build --build-base /home/dtc-mrsd/Downloads/ros2_ghadron_gimbal/build/human_tracking/build install --record /home/dtc-mrsd/Downloads/ros2_ghadron_gimbal/build/human_tracking/install.log --single-version-externally-managed install_data
[2.080s] DEBUG:colcon.colcon_core.event_handler.log_command:Invoking command in '/home/dtc-mrsd/Downloads/ros2_ghadron_gimbal/src/yolo_detection': PYTHONPATH=/home/dtc-mrsd/Downloads/ros2_ghadron_gimbal/build/yolo_detection/prefix_override:/usr/lib/python3/dist-packages/colcon_core/task/python/colcon_distutils_commands:/home/dtc-mrsd/Downloads/ros2_ghadron_gimbal/install/yolo_detection/lib/python3.10/site-packages:${PYTHONPATH} /usr/bin/python3 -W ignore:setup.py install is deprecated -W ignore:easy_install command is deprecated setup.py egg_info --egg-base ../../build/yolo_detection build --build-base /home/dtc-mrsd/Downloads/ros2_ghadron_gimbal/build/yolo_detection/build install --record /home/dtc-mrsd/Downloads/ros2_ghadron_gimbal/build/yolo_detection/install.log --single-version-externally-managed install_data
[2.090s] DEBUG:colcon.colcon_core.event_handler.log_command:Invoking command in '/home/dtc-mrsd/Downloads/ros2_ghadron_gimbal/src/image_viewer': PYTHONPATH=/home/dtc-mrsd/Downloads/ros2_ghadron_gimbal/build/image_viewer/prefix_override:/usr/lib/python3/dist-packages/colcon_core/task/python/colcon_distutils_commands:/home/dtc-mrsd/Downloads/ros2_ghadron_gimbal/install/image_viewer/lib/python3.10/site-packages:${PYTHONPATH} /usr/bin/python3 -W ignore:setup.py install is deprecated -W ignore:easy_install command is deprecated setup.py egg_info --egg-base ../../build/image_viewer build --build-base /home/dtc-mrsd/Downloads/ros2_ghadron_gimbal/build/image_viewer/build install --record /home/dtc-mrsd/Downloads/ros2_ghadron_gimbal/build/image_viewer/install.log --single-version-externally-managed install_data
[2.094s] DEBUG:colcon.colcon_core.event_handler.log_command:Invoking command in '/home/dtc-mrsd/Downloads/ros2_ghadron_gimbal/src/stream_publisher': PYTHONPATH=/home/dtc-mrsd/Downloads/ros2_ghadron_gimbal/build/stream_publisher/prefix_override:/usr/lib/python3/dist-packages/colcon_core/task/python/colcon_distutils_commands:/home/dtc-mrsd/Downloads/ros2_ghadron_gimbal/install/stream_publisher/lib/python3.10/site-packages:${PYTHONPATH} /usr/bin/python3 -W ignore:setup.py install is deprecated -W ignore:easy_install command is deprecated setup.py egg_info --egg-base ../../build/stream_publisher build --build-base /home/dtc-mrsd/Downloads/ros2_ghadron_gimbal/build/stream_publisher/build install --record /home/dtc-mrsd/Downloads/ros2_ghadron_gimbal/build/stream_publisher/install.log --single-version-externally-managed install_data
[2.383s] Level 1:colcon.colcon_core.environment:checking '/home/dtc-mrsd/Downloads/ros2_ghadron_gimbal/install/human_tracking' for CMake module files
[2.383s] DEBUG:colcon.colcon_core.event_handler.log_command:Invoked command in '/home/dtc-mrsd/Downloads/ros2_ghadron_gimbal/src/human_tracking' returned '0': PYTHONPATH=/home/dtc-mrsd/Downloads/ros2_ghadron_gimbal/build/human_tracking/prefix_override:/usr/lib/python3/dist-packages/colcon_core/task/python/colcon_distutils_commands:/home/dtc-mrsd/Downloads/ros2_ghadron_gimbal/install/human_tracking/lib/python3.10/site-packages:${PYTHONPATH} /usr/bin/python3 -W ignore:setup.py install is deprecated -W ignore:easy_install command is deprecated setup.py egg_info --egg-base ../../build/human_tracking build --build-base /home/dtc-mrsd/Downloads/ros2_ghadron_gimbal/build/human_tracking/build install --record /home/dtc-mrsd/Downloads/ros2_ghadron_gimbal/build/human_tracking/install.log --single-version-externally-managed install_data
[2.384s] Level 1:colcon.colcon_core.environment:checking '/home/dtc-mrsd/Downloads/ros2_ghadron_gimbal/install/human_tracking' for CMake config files
[2.384s] Level 1:colcon.colcon_core.environment:checking '/home/dtc-mrsd/Downloads/ros2_ghadron_gimbal/install/human_tracking/lib'
[2.385s] Level 1:colcon.colcon_core.environment:checking '/home/dtc-mrsd/Downloads/ros2_ghadron_gimbal/install/human_tracking/bin'
[2.385s] Level 1:colcon.colcon_core.environment:checking '/home/dtc-mrsd/Downloads/ros2_ghadron_gimbal/install/human_tracking/lib/pkgconfig/human_tracking.pc'
[2.385s] Level 1:colcon.colcon_core.environment:checking '/home/dtc-mrsd/Downloads/ros2_ghadron_gimbal/install/human_tracking/lib/python3.10/site-packages'
[2.385s] Level 1:colcon.colcon_core.shell:create_environment_hook('human_tracking', 'pythonpath')
[2.385s] INFO:colcon.colcon_core.shell:Creating environment hook '/home/dtc-mrsd/Downloads/ros2_ghadron_gimbal/install/human_tracking/share/human_tracking/hook/pythonpath.ps1'
[2.386s] INFO:colcon.colcon_core.shell:Creating environment descriptor '/home/dtc-mrsd/Downloads/ros2_ghadron_gimbal/install/human_tracking/share/human_tracking/hook/pythonpath.dsv'
[2.386s] INFO:colcon.colcon_core.shell:Creating environment hook '/home/dtc-mrsd/Downloads/ros2_ghadron_gimbal/install/human_tracking/share/human_tracking/hook/pythonpath.sh'
[2.387s] Level 1:colcon.colcon_core.environment:checking '/home/dtc-mrsd/Downloads/ros2_ghadron_gimbal/install/human_tracking/bin'
[2.387s] Level 1:colcon.colcon_core.environment:create_environment_scripts_only(human_tracking)
[2.387s] INFO:colcon.colcon_core.shell:Creating package script '/home/dtc-mrsd/Downloads/ros2_ghadron_gimbal/install/human_tracking/share/human_tracking/package.ps1'
[2.388s] INFO:colcon.colcon_core.shell:Creating package descriptor '/home/dtc-mrsd/Downloads/ros2_ghadron_gimbal/install/human_tracking/share/human_tracking/package.dsv'
[2.388s] INFO:colcon.colcon_core.shell:Creating package script '/home/dtc-mrsd/Downloads/ros2_ghadron_gimbal/install/human_tracking/share/human_tracking/package.sh'
[2.389s] INFO:colcon.colcon_core.shell:Creating package script '/home/dtc-mrsd/Downloads/ros2_ghadron_gimbal/install/human_tracking/share/human_tracking/package.bash'
[2.389s] INFO:colcon.colcon_core.shell:Creating package script '/home/dtc-mrsd/Downloads/ros2_ghadron_gimbal/install/human_tracking/share/human_tracking/package.zsh'
[2.389s] Level 1:colcon.colcon_core.environment:create_file_with_runtime_dependencies(/home/dtc-mrsd/Downloads/ros2_ghadron_gimbal/install/human_tracking/share/colcon-core/packages/human_tracking)
[2.416s] Level 1:colcon.colcon_core.environment:checking '/home/dtc-mrsd/Downloads/ros2_ghadron_gimbal/install/yolo_detection' for CMake module files
[2.416s] DEBUG:colcon.colcon_core.event_handler.log_command:Invoked command in '/home/dtc-mrsd/Downloads/ros2_ghadron_gimbal/src/yolo_detection' returned '0': PYTHONPATH=/home/dtc-mrsd/Downloads/ros2_ghadron_gimbal/build/yolo_detection/prefix_override:/usr/lib/python3/dist-packages/colcon_core/task/python/colcon_distutils_commands:/home/dtc-mrsd/Downloads/ros2_ghadron_gimbal/install/yolo_detection/lib/python3.10/site-packages:${PYTHONPATH} /usr/bin/python3 -W ignore:setup.py install is deprecated -W ignore:easy_install command is deprecated setup.py egg_info --egg-base ../../build/yolo_detection build --build-base /home/dtc-mrsd/Downloads/ros2_ghadron_gimbal/build/yolo_detection/build install --record /home/dtc-mrsd/Downloads/ros2_ghadron_gimbal/build/yolo_detection/install.log --single-version-externally-managed install_data
[2.417s] Level 1:colcon.colcon_core.environment:checking '/home/dtc-mrsd/Downloads/ros2_ghadron_gimbal/install/yolo_detection' for CMake config files
[2.417s] Level 1:colcon.colcon_core.environment:checking '/home/dtc-mrsd/Downloads/ros2_ghadron_gimbal/install/yolo_detection/lib'
[2.418s] Level 1:colcon.colcon_core.environment:checking '/home/dtc-mrsd/Downloads/ros2_ghadron_gimbal/install/yolo_detection/bin'
[2.418s] Level 1:colcon.colcon_core.environment:checking '/home/dtc-mrsd/Downloads/ros2_ghadron_gimbal/install/yolo_detection/lib/pkgconfig/yolo_detection.pc'
[2.418s] Level 1:colcon.colcon_core.environment:checking '/home/dtc-mrsd/Downloads/ros2_ghadron_gimbal/install/yolo_detection/lib/python3.10/site-packages'
[2.418s] Level 1:colcon.colcon_core.shell:create_environment_hook('yolo_detection', 'pythonpath')
[2.418s] INFO:colcon.colcon_core.shell:Creating environment hook '/home/dtc-mrsd/Downloads/ros2_ghadron_gimbal/install/yolo_detection/share/yolo_detection/hook/pythonpath.ps1'
[2.419s] INFO:colcon.colcon_core.shell:Creating environment descriptor '/home/dtc-mrsd/Downloads/ros2_ghadron_gimbal/install/yolo_detection/share/yolo_detection/hook/pythonpath.dsv'
[2.419s] INFO:colcon.colcon_core.shell:Creating environment hook '/home/dtc-mrsd/Downloads/ros2_ghadron_gimbal/install/yolo_detection/share/yolo_detection/hook/pythonpath.sh'
[2.420s] Level 1:colcon.colcon_core.environment:checking '/home/dtc-mrsd/Downloads/ros2_ghadron_gimbal/install/yolo_detection/bin'
[2.420s] Level 1:colcon.colcon_core.environment:create_environment_scripts_only(yolo_detection)
[2.421s] INFO:colcon.colcon_core.shell:Creating package script '/home/dtc-mrsd/Downloads/ros2_ghadron_gimbal/install/yolo_detection/share/yolo_detection/package.ps1'
[2.421s] INFO:colcon.colcon_core.shell:Creating package descriptor '/home/dtc-mrsd/Downloads/ros2_ghadron_gimbal/install/yolo_detection/share/yolo_detection/package.dsv'
[2.422s] INFO:colcon.colcon_core.shell:Creating package script '/home/dtc-mrsd/Downloads/ros2_ghadron_gimbal/install/yolo_detection/share/yolo_detection/package.sh'
[2.422s] INFO:colcon.colcon_core.shell:Creating package script '/home/dtc-mrsd/Downloads/ros2_ghadron_gimbal/install/yolo_detection/share/yolo_detection/package.bash'
[2.423s] INFO:colcon.colcon_core.shell:Creating package script '/home/dtc-mrsd/Downloads/ros2_ghadron_gimbal/install/yolo_detection/share/yolo_detection/package.zsh'
[2.423s] Level 1:colcon.colcon_core.environment:create_file_with_runtime_dependencies(/home/dtc-mrsd/Downloads/ros2_ghadron_gimbal/install/yolo_detection/share/colcon-core/packages/yolo_detection)
[2.423s] INFO:colcon.colcon_ros.task.ament_python.build:Building ROS package in '/home/dtc-mrsd/Downloads/ros2_ghadron_gimbal/src/gimbal_bringup' with build type 'ament_python'
[2.424s] Level 1:colcon.colcon_core.shell:create_environment_hook('gimbal_bringup', 'ament_prefix_path')
[2.424s] INFO:colcon.colcon_core.shell:Creating environment hook '/home/dtc-mrsd/Downloads/ros2_ghadron_gimbal/install/gimbal_bringup/share/gimbal_bringup/hook/ament_prefix_path.ps1'
[2.425s] INFO:colcon.colcon_core.shell:Creating environment descriptor '/home/dtc-mrsd/Downloads/ros2_ghadron_gimbal/install/gimbal_bringup/share/gimbal_bringup/hook/ament_prefix_path.dsv'
[2.425s] INFO:colcon.colcon_core.shell:Creating environment hook '/home/dtc-mrsd/Downloads/ros2_ghadron_gimbal/install/gimbal_bringup/share/gimbal_bringup/hook/ament_prefix_path.sh'
[2.426s] INFO:colcon.colcon_core.shell:Skip shell extension 'powershell' for command environment: Not usable outside of PowerShell
[2.426s] DEBUG:colcon.colcon_core.shell:Skip shell extension 'dsv' for command environment
[2.432s] Level 1:colcon.colcon_core.environment:checking '/home/dtc-mrsd/Downloads/ros2_ghadron_gimbal/install/stream_publisher' for CMake module files
[2.433s] DEBUG:colcon.colcon_core.event_handler.log_command:Invoked command in '/home/dtc-mrsd/Downloads/ros2_ghadron_gimbal/src/stream_publisher' returned '0': PYTHONPATH=/home/dtc-mrsd/Downloads/ros2_ghadron_gimbal/build/stream_publisher/prefix_override:/usr/lib/python3/dist-packages/colcon_core/task/python/colcon_distutils_commands:/home/dtc-mrsd/Downloads/ros2_ghadron_gimbal/install/stream_publisher/lib/python3.10/site-packages:${PYTHONPATH} /usr/bin/python3 -W ignore:setup.py install is deprecated -W ignore:easy_install command is deprecated setup.py egg_info --egg-base ../../build/stream_publisher build --build-base /home/dtc-mrsd/Downloads/ros2_ghadron_gimbal/build/stream_publisher/build install --record /home/dtc-mrsd/Downloads/ros2_ghadron_gimbal/build/stream_publisher/install.log --single-version-externally-managed install_data
[2.434s] Level 1:colcon.colcon_core.environment:checking '/home/dtc-mrsd/Downloads/ros2_ghadron_gimbal/install/stream_publisher' for CMake config files
[2.434s] Level 1:colcon.colcon_core.environment:checking '/home/dtc-mrsd/Downloads/ros2_ghadron_gimbal/install/stream_publisher/lib'
[2.434s] Level 1:colcon.colcon_core.environment:checking '/home/dtc-mrsd/Downloads/ros2_ghadron_gimbal/install/stream_publisher/bin'
[2.434s] Level 1:colcon.colcon_core.environment:checking '/home/dtc-mrsd/Downloads/ros2_ghadron_gimbal/install/stream_publisher/lib/pkgconfig/stream_publisher.pc'
[2.435s] Level 1:colcon.colcon_core.environment:checking '/home/dtc-mrsd/Downloads/ros2_ghadron_gimbal/install/stream_publisher/lib/python3.10/site-packages'
[2.435s] Level 1:colcon.colcon_core.shell:create_environment_hook('stream_publisher', 'pythonpath')
[2.435s] INFO:colcon.colcon_core.shell:Creating environment hook '/home/dtc-mrsd/Downloads/ros2_ghadron_gimbal/install/stream_publisher/share/stream_publisher/hook/pythonpath.ps1'
[2.436s] INFO:colcon.colcon_core.shell:Creating environment descriptor '/home/dtc-mrsd/Downloads/ros2_ghadron_gimbal/install/stream_publisher/share/stream_publisher/hook/pythonpath.dsv'
[2.436s] INFO:colcon.colcon_core.shell:Creating environment hook '/home/dtc-mrsd/Downloads/ros2_ghadron_gimbal/install/stream_publisher/share/stream_publisher/hook/pythonpath.sh'
[2.437s] Level 1:colcon.colcon_core.environment:checking '/home/dtc-mrsd/Downloads/ros2_ghadron_gimbal/install/stream_publisher/bin'
[2.437s] Level 1:colcon.colcon_core.environment:create_environment_scripts_only(stream_publisher)
[2.438s] INFO:colcon.colcon_core.shell:Creating package script '/home/dtc-mrsd/Downloads/ros2_ghadron_gimbal/install/stream_publisher/share/stream_publisher/package.ps1'
[2.438s] INFO:colcon.colcon_core.shell:Creating package descriptor '/home/dtc-mrsd/Downloads/ros2_ghadron_gimbal/install/stream_publisher/share/stream_publisher/package.dsv'
[2.439s] INFO:colcon.colcon_core.shell:Creating package script '/home/dtc-mrsd/Downloads/ros2_ghadron_gimbal/install/stream_publisher/share/stream_publisher/package.sh'
[2.440s] INFO:colcon.colcon_core.shell:Creating package script '/home/dtc-mrsd/Downloads/ros2_ghadron_gimbal/install/stream_publisher/share/stream_publisher/package.bash'
[2.440s] INFO:colcon.colcon_core.shell:Creating package script '/home/dtc-mrsd/Downloads/ros2_ghadron_gimbal/install/stream_publisher/share/stream_publisher/package.zsh'
[2.441s] Level 1:colcon.colcon_core.environment:create_file_with_runtime_dependencies(/home/dtc-mrsd/Downloads/ros2_ghadron_gimbal/install/stream_publisher/share/colcon-core/packages/stream_publisher)
[2.719s] INFO:colcon.colcon_core.task.python.build:Building Python package in '/home/dtc-mrsd/Downloads/ros2_ghadron_gimbal/src/gimbal_bringup'
[2.719s] INFO:colcon.colcon_core.shell:Skip shell extension 'powershell' for command environment: Not usable outside of PowerShell
[2.719s] DEBUG:colcon.colcon_core.shell:Skip shell extension 'dsv' for command environment
[2.723s] Level 1:colcon.colcon_core.environment:checking '/home/dtc-mrsd/Downloads/ros2_ghadron_gimbal/install/image_viewer' for CMake module files
[2.724s] DEBUG:colcon.colcon_core.event_handler.log_command:Invoked command in '/home/dtc-mrsd/Downloads/ros2_ghadron_gimbal/src/image_viewer' returned '0': PYTHONPATH=/home/dtc-mrsd/Downloads/ros2_ghadron_gimbal/build/image_viewer/prefix_override:/usr/lib/python3/dist-packages/colcon_core/task/python/colcon_distutils_commands:/home/dtc-mrsd/Downloads/ros2_ghadron_gimbal/install/image_viewer/lib/python3.10/site-packages:${PYTHONPATH} /usr/bin/python3 -W ignore:setup.py install is deprecated -W ignore:easy_install command is deprecated setup.py egg_info --egg-base ../../build/image_viewer build --build-base /home/dtc-mrsd/Downloads/ros2_ghadron_gimbal/build/image_viewer/build install --record /home/dtc-mrsd/Downloads/ros2_ghadron_gimbal/build/image_viewer/install.log --single-version-externally-managed install_data
[2.724s] Level 1:colcon.colcon_core.environment:checking '/home/dtc-mrsd/Downloads/ros2_ghadron_gimbal/install/image_viewer' for CMake config files
[2.725s] Level 1:colcon.colcon_core.environment:checking '/home/dtc-mrsd/Downloads/ros2_ghadron_gimbal/install/image_viewer/lib'
[2.725s] Level 1:colcon.colcon_core.environment:checking '/home/dtc-mrsd/Downloads/ros2_ghadron_gimbal/install/image_viewer/bin'
[2.725s] Level 1:colcon.colcon_core.environment:checking '/home/dtc-mrsd/Downloads/ros2_ghadron_gimbal/install/image_viewer/lib/pkgconfig/image_viewer.pc'
[2.725s] Level 1:colcon.colcon_core.environment:checking '/home/dtc-mrsd/Downloads/ros2_ghadron_gimbal/install/image_viewer/lib/python3.10/site-packages'
[2.725s] Level 1:colcon.colcon_core.shell:create_environment_hook('image_viewer', 'pythonpath')
[2.725s] INFO:colcon.colcon_core.shell:Creating environment hook '/home/dtc-mrsd/Downloads/ros2_ghadron_gimbal/install/image_viewer/share/image_viewer/hook/pythonpath.ps1'
[2.726s] INFO:colcon.colcon_core.shell:Creating environment descriptor '/home/dtc-mrsd/Downloads/ros2_ghadron_gimbal/install/image_viewer/share/image_viewer/hook/pythonpath.dsv'
[2.726s] INFO:colcon.colcon_core.shell:Creating environment hook '/home/dtc-mrsd/Downloads/ros2_ghadron_gimbal/install/image_viewer/share/image_viewer/hook/pythonpath.sh'
[2.727s] Level 1:colcon.colcon_core.environment:checking '/home/dtc-mrsd/Downloads/ros2_ghadron_gimbal/install/image_viewer/bin'
[2.727s] Level 1:colcon.colcon_core.environment:create_environment_scripts_only(image_viewer)
[2.727s] INFO:colcon.colcon_core.shell:Creating package script '/home/dtc-mrsd/Downloads/ros2_ghadron_gimbal/install/image_viewer/share/image_viewer/package.ps1'
[2.728s] INFO:colcon.colcon_core.shell:Creating package descriptor '/home/dtc-mrsd/Downloads/ros2_ghadron_gimbal/install/image_viewer/share/image_viewer/package.dsv'
[2.728s] INFO:colcon.colcon_core.shell:Creating package script '/home/dtc-mrsd/Downloads/ros2_ghadron_gimbal/install/image_viewer/share/image_viewer/package.sh'
[2.729s] INFO:colcon.colcon_core.shell:Creating package script '/home/dtc-mrsd/Downloads/ros2_ghadron_gimbal/install/image_viewer/share/image_viewer/package.bash'
[2.729s] INFO:colcon.colcon_core.shell:Creating package script '/home/dtc-mrsd/Downloads/ros2_ghadron_gimbal/install/image_viewer/share/image_viewer/package.zsh'
[2.729s] Level 1:colcon.colcon_core.environment:create_file_with_runtime_dependencies(/home/dtc-mrsd/Downloads/ros2_ghadron_gimbal/install/image_viewer/share/colcon-core/packages/image_viewer)
[3.102s] DEBUG:colcon.colcon_core.event_handler.log_command:Invoking command in '/home/dtc-mrsd/Downloads/ros2_ghadron_gimbal/src/gimbal_bringup': AMENT_PREFIX_PATH=/home/dtc-mrsd/Downloads/ros2_ghadron_gimbal/install/yolo_detection:/home/dtc-mrsd/Downloads/ros2_gimbal_ws/install/ir_zoom:/home/dtc-mrsd/Downloads/ros2_ghadron_gimbal/install/human_tracking:/home/dtc-mrsd/Downloads/ros2_gimbal_ws/install/gimbal_status:/home/dtc-mrsd/Downloads/ros2_gimbal_ws/install/gimbal_angle_control:/home/dtc-mrsd/Downloads/ros2_gimbal_ws/install/eo_zoom:/home/dtc-mrsd/Downloads/ros2_ghadron_gimbal/install/gimbal_bringup:/home/dtc-mrsd/Downloads/ros2_ghadron_gimbal/install/stream_publisher:/home/dtc-mrsd/Downloads/ros2_ghadron_gimbal/install/rtsp_viewer:/home/dtc-mrsd/Downloads/ros2_ghadron_gimbal/install/ir_zoom:/home/dtc-mrsd/Downloads/ros2_ghadron_gimbal/install/ir_image:/home/dtc-mrsd/Downloads/ros2_ghadron_gimbal/install/image_viewer:/home/dtc-mrsd/Downloads/ros2_ghadron_gimbal/install/image_publisher:/home/dtc-mrsd/Downloads/ros2_ghadron_gimbal/install/gimbal_status:/home/dtc-mrsd/Downloads/ros2_ghadron_gimbal/install/gimbal_angle_control:/home/dtc-mrsd/Downloads/ros2_ghadron_gimbal/install/eo_zoom:/home/dtc-mrsd/Downloads/ros2_ghadron_gimbal/install/eo_image:/opt/ros/humble CMAKE_PREFIX_PATH=/home/dtc-mrsd/Downloads/ros2_ghadron_gimbal/install/ir_zoom:/home/dtc-mrsd/Downloads/ros2_ghadron_gimbal/install/gimbal_status:/home/dtc-mrsd/Downloads/ros2_ghadron_gimbal/install/gimbal_angle_control:/home/dtc-mrsd/Downloads/ros2_ghadron_gimbal/install/eo_zoom:/home/dtc-mrsd/Downloads/ros2_ghadron_gimbal/install/ir_image:/home/dtc-mrsd/Downloads/ros2_ghadron_gimbal/install/image_publisher:/home/dtc-mrsd/Downloads/ros2_ghadron_gimbal/install/eo_image PYTHONPATH=/home/dtc-mrsd/Downloads/ros2_ghadron_gimbal/build/gimbal_bringup/prefix_override:/usr/lib/python3/dist-packages/colcon_core/task/python/colcon_distutils_commands:/home/dtc-mrsd/Downloads/ros2_ghadron_gimbal/install/gimbal_bringup/lib/python3.10/site-packages:/home/dtc-mrsd/Downloads/ros2_ghadron_gimbal/install/yolo_detection/lib/python3.10/site-packages:/home/dtc-mrsd/Downloads/ros2_ghadron_gimbal/install/human_tracking/lib/python3.10/site-packages:/home/dtc-mrsd/Downloads/ros2_ghadron_gimbal/install/gimbal_bringup/lib/python3.10/site-packages:/home/dtc-mrsd/Downloads/ros2_ghadron_gimbal/install/stream_publisher/lib/python3.10/site-packages:/home/dtc-mrsd/Downloads/ros2_ghadron_gimbal/install/rtsp_viewer/lib/python3.10/site-packages:/home/dtc-mrsd/Downloads/ros2_ghadron_gimbal/install/image_viewer/lib/python3.10/site-packages:/opt/ros/humble/lib/python3.10/site-packages:/opt/ros/humble/local/lib/python3.10/dist-packages /usr/bin/python3 -W ignore:setup.py install is deprecated -W ignore:easy_install command is deprecated setup.py egg_info --egg-base ../../build/gimbal_bringup build --build-base /home/dtc-mrsd/Downloads/ros2_ghadron_gimbal/build/gimbal_bringup/build install --record /home/dtc-mrsd/Downloads/ros2_ghadron_gimbal/build/gimbal_bringup/install.log --single-version-externally-managed install_data
[3.408s] Level 1:colcon.colcon_core.environment:checking '/home/dtc-mrsd/Downloads/ros2_ghadron_gimbal/install/gimbal_bringup' for CMake module files
[3.409s] DEBUG:colcon.colcon_core.event_handler.log_command:Invoked command in '/home/dtc-mrsd/Downloads/ros2_ghadron_gimbal/src/gimbal_bringup' returned '0': AMENT_PREFIX_PATH=/home/dtc-mrsd/Downloads/ros2_ghadron_gimbal/install/yolo_detection:/home/dtc-mrsd/Downloads/ros2_gimbal_ws/install/ir_zoom:/home/dtc-mrsd/Downloads/ros2_ghadron_gimbal/install/human_tracking:/home/dtc-mrsd/Downloads/ros2_gimbal_ws/install/gimbal_status:/home/dtc-mrsd/Downloads/ros2_gimbal_ws/install/gimbal_angle_control:/home/dtc-mrsd/Downloads/ros2_gimbal_ws/install/eo_zoom:/home/dtc-mrsd/Downloads/ros2_ghadron_gimbal/install/gimbal_bringup:/home/dtc-mrsd/Downloads/ros2_ghadron_gimbal/install/stream_publisher:/home/dtc-mrsd/Downloads/ros2_ghadron_gimbal/install/rtsp_viewer:/home/dtc-mrsd/Downloads/ros2_ghadron_gimbal/install/ir_zoom:/home/dtc-mrsd/Downloads/ros2_ghadron_gimbal/install/ir_image:/home/dtc-mrsd/Downloads/ros2_ghadron_gimbal/install/image_viewer:/home/dtc-mrsd/Downloads/ros2_ghadron_gimbal/install/image_publisher:/home/dtc-mrsd/Downloads/ros2_ghadron_gimbal/install/gimbal_status:/home/dtc-mrsd/Downloads/ros2_ghadron_gimbal/install/gimbal_angle_control:/home/dtc-mrsd/Downloads/ros2_ghadron_gimbal/install/eo_zoom:/home/dtc-mrsd/Downloads/ros2_ghadron_gimbal/install/eo_image:/opt/ros/humble CMAKE_PREFIX_PATH=/home/dtc-mrsd/Downloads/ros2_ghadron_gimbal/install/ir_zoom:/home/dtc-mrsd/Downloads/ros2_ghadron_gimbal/install/gimbal_status:/home/dtc-mrsd/Downloads/ros2_ghadron_gimbal/install/gimbal_angle_control:/home/dtc-mrsd/Downloads/ros2_ghadron_gimbal/install/eo_zoom:/home/dtc-mrsd/Downloads/ros2_ghadron_gimbal/install/ir_image:/home/dtc-mrsd/Downloads/ros2_ghadron_gimbal/install/image_publisher:/home/dtc-mrsd/Downloads/ros2_ghadron_gimbal/install/eo_image PYTHONPATH=/home/dtc-mrsd/Downloads/ros2_ghadron_gimbal/build/gimbal_bringup/prefix_override:/usr/lib/python3/dist-packages/colcon_core/task/python/colcon_distutils_commands:/home/dtc-mrsd/Downloads/ros2_ghadron_gimbal/install/gimbal_bringup/lib/python3.10/site-packages:/home/dtc-mrsd/Downloads/ros2_ghadron_gimbal/install/yolo_detection/lib/python3.10/site-packages:/home/dtc-mrsd/Downloads/ros2_ghadron_gimbal/install/human_tracking/lib/python3.10/site-packages:/home/dtc-mrsd/Downloads/ros2_ghadron_gimbal/install/gimbal_bringup/lib/python3.10/site-packages:/home/dtc-mrsd/Downloads/ros2_ghadron_gimbal/install/stream_publisher/lib/python3.10/site-packages:/home/dtc-mrsd/Downloads/ros2_ghadron_gimbal/install/rtsp_viewer/lib/python3.10/site-packages:/home/dtc-mrsd/Downloads/ros2_ghadron_gimbal/install/image_viewer/lib/python3.10/site-packages:/opt/ros/humble/lib/python3.10/site-packages:/opt/ros/humble/local/lib/python3.10/dist-packages /usr/bin/python3 -W ignore:setup.py install is deprecated -W ignore:easy_install command is deprecated setup.py egg_info --egg-base ../../build/gimbal_bringup build --build-base /home/dtc-mrsd/Downloads/ros2_ghadron_gimbal/build/gimbal_bringup/build install --record /home/dtc-mrsd/Downloads/ros2_ghadron_gimbal/build/gimbal_bringup/install.log --single-version-externally-managed install_data
[3.409s] Level 1:colcon.colcon_core.environment:checking '/home/dtc-mrsd/Downloads/ros2_ghadron_gimbal/install/gimbal_bringup' for CMake config files
[3.410s] Level 1:colcon.colcon_core.environment:checking '/home/dtc-mrsd/Downloads/ros2_ghadron_gimbal/install/gimbal_bringup/lib'
[3.410s] Level 1:colcon.colcon_core.environment:checking '/home/dtc-mrsd/Downloads/ros2_ghadron_gimbal/install/gimbal_bringup/bin'
[3.410s] Level 1:colcon.colcon_core.environment:checking '/home/dtc-mrsd/Downloads/ros2_ghadron_gimbal/install/gimbal_bringup/lib/pkgconfig/gimbal_bringup.pc'
[3.410s] Level 1:colcon.colcon_core.environment:checking '/home/dtc-mrsd/Downloads/ros2_ghadron_gimbal/install/gimbal_bringup/lib/python3.10/site-packages'
[3.410s] Level 1:colcon.colcon_core.shell:create_environment_hook('gimbal_bringup', 'pythonpath')
[3.410s] INFO:colcon.colcon_core.shell:Creating environment hook '/home/dtc-mrsd/Downloads/ros2_ghadron_gimbal/install/gimbal_bringup/share/gimbal_bringup/hook/pythonpath.ps1'
[3.411s] INFO:colcon.colcon_core.shell:Creating environment descriptor '/home/dtc-mrsd/Downloads/ros2_ghadron_gimbal/install/gimbal_bringup/share/gimbal_bringup/hook/pythonpath.dsv'
[3.411s] INFO:colcon.colcon_core.shell:Creating environment hook '/home/dtc-mrsd/Downloads/ros2_ghadron_gimbal/install/gimbal_bringup/share/gimbal_bringup/hook/pythonpath.sh'
[3.411s] Level 1:colcon.colcon_core.environment:checking '/home/dtc-mrsd/Downloads/ros2_ghadron_gimbal/install/gimbal_bringup/bin'
[3.411s] Level 1:colcon.colcon_core.environment:create_environment_scripts_only(gimbal_bringup)
[3.412s] INFO:colcon.colcon_core.shell:Creating package script '/home/dtc-mrsd/Downloads/ros2_ghadron_gimbal/install/gimbal_bringup/share/gimbal_bringup/package.ps1'
[3.412s] INFO:colcon.colcon_core.shell:Creating package descriptor '/home/dtc-mrsd/Downloads/ros2_ghadron_gimbal/install/gimbal_bringup/share/gimbal_bringup/package.dsv'
[3.413s] INFO:colcon.colcon_core.shell:Creating package script '/home/dtc-mrsd/Downloads/ros2_ghadron_gimbal/install/gimbal_bringup/share/gimbal_bringup/package.sh'
[3.413s] INFO:colcon.colcon_core.shell:Creating package script '/home/dtc-mrsd/Downloads/ros2_ghadron_gimbal/install/gimbal_bringup/share/gimbal_bringup/package.bash'
[3.413s] INFO:colcon.colcon_core.shell:Creating package script '/home/dtc-mrsd/Downloads/ros2_ghadron_gimbal/install/gimbal_bringup/share/gimbal_bringup/package.zsh'
[3.414s] Level 1:colcon.colcon_core.environment:create_file_with_runtime_dependencies(/home/dtc-mrsd/Downloads/ros2_ghadron_gimbal/install/gimbal_bringup/share/colcon-core/packages/gimbal_bringup)
[3.414s] DEBUG:colcon.colcon_parallel_executor.executor.parallel:closing loop
[3.414s] DEBUG:colcon.colcon_parallel_executor.executor.parallel:loop closed
[3.414s] DEBUG:colcon.colcon_parallel_executor.executor.parallel:run_until_complete finished with '0'
[3.414s] DEBUG:colcon.colcon_core.event_reactor:joining thread
[3.421s] INFO:colcon.colcon_core.plugin_system:Skipping extension 'colcon_notification.desktop_notification.terminal_notifier': Not used on non-Darwin systems
[3.421s] INFO:colcon.colcon_core.plugin_system:Skipping extension 'colcon_notification.desktop_notification.win32': Not used on non-Windows systems
[3.421s] INFO:colcon.colcon_notification.desktop_notification:Sending desktop notification using 'notify2'
[3.432s] DEBUG:colcon.colcon_core.event_reactor:joined thread
[3.432s] INFO:colcon.colcon_core.shell:Creating prefix script '/home/dtc-mrsd/Downloads/ros2_ghadron_gimbal/install/local_setup.ps1'
[3.433s] INFO:colcon.colcon_core.shell:Creating prefix util module '/home/dtc-mrsd/Downloads/ros2_ghadron_gimbal/install/_local_setup_util_ps1.py'
[3.435s] INFO:colcon.colcon_core.shell:Creating prefix chain script '/home/dtc-mrsd/Downloads/ros2_ghadron_gimbal/install/setup.ps1'
[3.436s] INFO:colcon.colcon_core.shell:Creating prefix script '/home/dtc-mrsd/Downloads/ros2_ghadron_gimbal/install/local_setup.sh'
[3.437s] INFO:colcon.colcon_core.shell:Creating prefix util module '/home/dtc-mrsd/Downloads/ros2_ghadron_gimbal/install/_local_setup_util_sh.py'
[3.437s] INFO:colcon.colcon_core.shell:Creating prefix chain script '/home/dtc-mrsd/Downloads/ros2_ghadron_gimbal/install/setup.sh'
[3.439s] INFO:colcon.colcon_core.shell:Creating prefix script '/home/dtc-mrsd/Downloads/ros2_ghadron_gimbal/install/local_setup.bash'
[3.440s] INFO:colcon.colcon_core.shell:Creating prefix chain script '/home/dtc-mrsd/Downloads/ros2_ghadron_gimbal/install/setup.bash'
[3.441s] INFO:colcon.colcon_core.shell:Creating prefix script '/home/dtc-mrsd/Downloads/ros2_ghadron_gimbal/install/local_setup.zsh'
[3.441s] INFO:colcon.colcon_core.shell:Creating prefix chain script '/home/dtc-mrsd/Downloads/ros2_ghadron_gimbal/install/setup.zsh'
