[1.591s] Invoking command in '/home/dtc/humanflow/ros2_ghadron_gimbal/src/yolo_detection': PYTHONPATH=/home/dtc/humanflow/ros2_ghadron_gimbal/build/yolo_detection/prefix_override:/usr/lib/python3/dist-packages/colcon_core/task/python/colcon_distutils_commands:/home/dtc/humanflow/ros2_ghadron_gimbal/install/yolo_detection/lib/python3.10/site-packages: /usr/bin/python3 -W ignore:setup.py install is deprecated -W ignore:easy_install command is deprecated setup.py egg_info --egg-base ../../build/yolo_detection build --build-base /home/dtc/humanflow/ros2_ghadron_gimbal/build/yolo_detection/build install --record /home/dtc/humanflow/ros2_ghadron_gimbal/build/yolo_detection/install.log --single-version-externally-managed install_data
[1.999s] running egg_info
[2.002s] writing ../../build/yolo_detection/yolo_detection.egg-info/PKG-INFO
[2.003s] writing dependency_links to ../../build/yolo_detection/yolo_detection.egg-info/dependency_links.txt
[2.004s] writing entry points to ../../build/yolo_detection/yolo_detection.egg-info/entry_points.txt
[2.005s] writing requirements to ../../build/yolo_detection/yolo_detection.egg-info/requires.txt
[2.006s] writing top-level names to ../../build/yolo_detection/yolo_detection.egg-info/top_level.txt
[2.009s] reading manifest file '../../build/yolo_detection/yolo_detection.egg-info/SOURCES.txt'
[2.012s] writing manifest file '../../build/yolo_detection/yolo_detection.egg-info/SOURCES.txt'
[2.013s] running build
[2.014s] running build_py
[2.015s] running install
[2.016s] running install_lib
[2.018s] running install_data
[2.019s] running install_egg_info
[2.038s] removing '/home/dtc/humanflow/ros2_ghadron_gimbal/install/yolo_detection/lib/python3.10/site-packages/yolo_detection-0.0.1-py3.10.egg-info' (and everything under it)
[2.040s] Copying ../../build/yolo_detection/yolo_detection.egg-info to /home/dtc/humanflow/ros2_ghadron_gimbal/install/yolo_detection/lib/python3.10/site-packages/yolo_detection-0.0.1-py3.10.egg-info
[2.042s] running install_scripts
[2.075s] Installing yolo_detection_node script to /home/dtc/humanflow/ros2_ghadron_gimbal/install/yolo_detection/lib/yolo_detection
[2.077s] writing list of installed files to '/home/dtc/humanflow/ros2_ghadron_gimbal/build/yolo_detection/install.log'
[2.562s] Invoked command in '/home/dtc/humanflow/ros2_ghadron_gimbal/src/yolo_detection' returned '0': PYTHONPATH=/home/dtc/humanflow/ros2_ghadron_gimbal/build/yolo_detection/prefix_override:/usr/lib/python3/dist-packages/colcon_core/task/python/colcon_distutils_commands:/home/dtc/humanflow/ros2_ghadron_gimbal/install/yolo_detection/lib/python3.10/site-packages: /usr/bin/python3 -W ignore:setup.py install is deprecated -W ignore:easy_install command is deprecated setup.py egg_info --egg-base ../../build/yolo_detection build --build-base /home/dtc/humanflow/ros2_ghadron_gimbal/build/yolo_detection/build install --record /home/dtc/humanflow/ros2_ghadron_gimbal/build/yolo_detection/install.log --single-version-externally-managed install_data
