[0.235s] Invoking command in '/home/dtc-mrsd/Downloads/ros2_gimbal_ws/build/gimbal_status': CMAKE_PREFIX_PATH=/opt/ros/humble /usr/bin/cmake --build /home/dtc-mrsd/Downloads/ros2_gimbal_ws/build/gimbal_status -- -j12 -l12
[4.428s] [100%] Built target gimbal_status_node
[4.970s] Invoked command in '/home/dtc-mrsd/Downloads/ros2_gimbal_ws/build/gimbal_status' returned '0': CMAKE_PREFIX_PATH=/opt/ros/humble /usr/bin/cmake --build /home/dtc-mrsd/Downloads/ros2_gimbal_ws/build/gimbal_status -- -j12 -l12
[4.980s] Invoking command in '/home/dtc-mrsd/Downloads/ros2_gimbal_ws/build/gimbal_status': CMAKE_PREFIX_PATH=/opt/ros/humble /usr/bin/cmake --install /home/dtc-mrsd/Downloads/ros2_gimbal_ws/build/gimbal_status
[5.008s] -- Install configuration: "Debug"
[5.008s] -- Up-to-date: /home/dtc-mrsd/Downloads/ros2_gimbal_ws/install/gimbal_status/lib/gimbal_status/gimbal_status_node
[5.008s] -- Up-to-date: /home/dtc-mrsd/Downloads/ros2_gimbal_ws/install/gimbal_status/share/ament_index/resource_index/package_run_dependencies/gimbal_status
[5.008s] -- Up-to-date: /home/dtc-mrsd/Downloads/ros2_gimbal_ws/install/gimbal_status/share/ament_index/resource_index/parent_prefix_path/gimbal_status
[5.008s] -- Up-to-date: /home/dtc-mrsd/Downloads/ros2_gimbal_ws/install/gimbal_status/share/gimbal_status/environment/ament_prefix_path.sh
[5.008s] -- Up-to-date: /home/dtc-mrsd/Downloads/ros2_gimbal_ws/install/gimbal_status/share/gimbal_status/environment/ament_prefix_path.dsv
[5.008s] -- Up-to-date: /home/dtc-mrsd/Downloads/ros2_gimbal_ws/install/gimbal_status/share/gimbal_status/environment/path.sh
[5.008s] -- Up-to-date: /home/dtc-mrsd/Downloads/ros2_gimbal_ws/install/gimbal_status/share/gimbal_status/environment/path.dsv
[5.008s] -- Up-to-date: /home/dtc-mrsd/Downloads/ros2_gimbal_ws/install/gimbal_status/share/gimbal_status/local_setup.bash
[5.009s] -- Up-to-date: /home/dtc-mrsd/Downloads/ros2_gimbal_ws/install/gimbal_status/share/gimbal_status/local_setup.sh
[5.009s] -- Up-to-date: /home/dtc-mrsd/Downloads/ros2_gimbal_ws/install/gimbal_status/share/gimbal_status/local_setup.zsh
[5.009s] -- Up-to-date: /home/dtc-mrsd/Downloads/ros2_gimbal_ws/install/gimbal_status/share/gimbal_status/local_setup.dsv
[5.009s] -- Installing: /home/dtc-mrsd/Downloads/ros2_gimbal_ws/install/gimbal_status/share/gimbal_status/package.dsv
[5.009s] -- Up-to-date: /home/dtc-mrsd/Downloads/ros2_gimbal_ws/install/gimbal_status/share/ament_index/resource_index/packages/gimbal_status
[5.009s] -- Up-to-date: /home/dtc-mrsd/Downloads/ros2_gimbal_ws/install/gimbal_status/share/gimbal_status/cmake/gimbal_statusConfig.cmake
[5.009s] -- Up-to-date: /home/dtc-mrsd/Downloads/ros2_gimbal_ws/install/gimbal_status/share/gimbal_status/cmake/gimbal_statusConfig-version.cmake
[5.009s] -- Up-to-date: /home/dtc-mrsd/Downloads/ros2_gimbal_ws/install/gimbal_status/share/gimbal_status/package.xml
[5.034s] Invoked command in '/home/dtc-mrsd/Downloads/ros2_gimbal_ws/build/gimbal_status' returned '0': CMAKE_PREFIX_PATH=/opt/ros/humble /usr/bin/cmake --install /home/dtc-mrsd/Downloads/ros2_gimbal_ws/build/gimbal_status
