[2.182s] Invoking command in '/home/dtc-mrsd/Downloads/ros2_gimbal_ws/src/rtsp_viewer': PYTHONPATH=/home/dtc-mrsd/Downloads/ros2_gimbal_ws/build/rtsp_viewer/prefix_override:/usr/lib/python3/dist-packages/colcon_core/task/python/colcon_distutils_commands:/home/dtc-mrsd/Downloads/ros2_gimbal_ws/install/rtsp_viewer/lib/python3.10/site-packages:${PYTHONPATH} /usr/bin/python3 -W ignore:setup.py install is deprecated -W ignore:easy_install command is deprecated setup.py egg_info --egg-base ../../build/rtsp_viewer build --build-base /home/dtc-mrsd/Downloads/ros2_gimbal_ws/build/rtsp_viewer/build install --record /home/dtc-mrsd/Downloads/ros2_gimbal_ws/build/rtsp_viewer/install.log --single-version-externally-managed install_data
[2.628s] running egg_info
[2.629s] writing ../../build/rtsp_viewer/rtsp_viewer.egg-info/PKG-INFO
[2.629s] writing dependency_links to ../../build/rtsp_viewer/rtsp_viewer.egg-info/dependency_links.txt
[2.629s] writing entry points to ../../build/rtsp_viewer/rtsp_viewer.egg-info/entry_points.txt
[2.629s] writing requirements to ../../build/rtsp_viewer/rtsp_viewer.egg-info/requires.txt
[2.629s] writing top-level names to ../../build/rtsp_viewer/rtsp_viewer.egg-info/top_level.txt
[2.633s] reading manifest file '../../build/rtsp_viewer/rtsp_viewer.egg-info/SOURCES.txt'
[2.634s] writing manifest file '../../build/rtsp_viewer/rtsp_viewer.egg-info/SOURCES.txt'
[2.634s] running build
[2.634s] running build_py
[2.634s] running install
[2.635s] running install_lib
[2.636s] running install_data
[2.636s] running install_egg_info
[2.638s] removing '/home/dtc-mrsd/Downloads/ros2_gimbal_ws/install/rtsp_viewer/lib/python3.10/site-packages/rtsp_viewer-0.0.0-py3.10.egg-info' (and everything under it)
[2.639s] Copying ../../build/rtsp_viewer/rtsp_viewer.egg-info to /home/dtc-mrsd/Downloads/ros2_gimbal_ws/install/rtsp_viewer/lib/python3.10/site-packages/rtsp_viewer-0.0.0-py3.10.egg-info
[2.639s] running install_scripts
[2.664s] Installing rtsp_viewer script to /home/dtc-mrsd/Downloads/ros2_gimbal_ws/install/rtsp_viewer/lib/rtsp_viewer
[2.665s] writing list of installed files to '/home/dtc-mrsd/Downloads/ros2_gimbal_ws/build/rtsp_viewer/install.log'
[2.893s] Invoked command in '/home/dtc-mrsd/Downloads/ros2_gimbal_ws/src/rtsp_viewer' returned '0': PYTHONPATH=/home/dtc-mrsd/Downloads/ros2_gimbal_ws/build/rtsp_viewer/prefix_override:/usr/lib/python3/dist-packages/colcon_core/task/python/colcon_distutils_commands:/home/dtc-mrsd/Downloads/ros2_gimbal_ws/install/rtsp_viewer/lib/python3.10/site-packages:${PYTHONPATH} /usr/bin/python3 -W ignore:setup.py install is deprecated -W ignore:easy_install command is deprecated setup.py egg_info --egg-base ../../build/rtsp_viewer build --build-base /home/dtc-mrsd/Downloads/ros2_gimbal_ws/build/rtsp_viewer/build install --record /home/dtc-mrsd/Downloads/ros2_gimbal_ws/build/rtsp_viewer/install.log --single-version-externally-managed install_data
