[0.000000] (-) TimerEvent: {}
[0.000294] (PayloadSDK) JobQueued: {'identifier': 'PayloadSDK', 'dependencies': OrderedDict()}
[0.000678] (eo_zoom) JobQueued: {'identifier': 'eo_zoom', 'dependencies': OrderedDict()}
[0.001270] (gimbal_angle_control) JobQueued: {'identifier': 'gimbal_angle_control', 'dependencies': OrderedDict()}
[0.001524] (gimbal_status) JobQueued: {'identifier': 'gimbal_status', 'dependencies': OrderedDict()}
[0.001734] (human_tracking) JobQueued: {'identifier': 'human_tracking', 'dependencies': OrderedDict()}
[0.001829] (image_viewer) JobQueued: {'identifier': 'image_viewer', 'dependencies': OrderedDict()}
[0.001978] (stream_publisher) JobQueued: {'identifier': 'stream_publisher', 'dependencies': OrderedDict()}
[0.002051] (yolo_detection) JobQueued: {'identifier': 'yolo_detection', 'dependencies': OrderedDict()}
[0.002092] (gimbal_bringup) JobQueued: {'identifier': 'gimbal_bringup', 'dependencies': OrderedDict([('eo_zoom', '/home/dtc/humanflow/ros2_ghadron_gimbal/install/eo_zoom'), ('gimbal_angle_control', '/home/dtc/humanflow/ros2_ghadron_gimbal/install/gimbal_angle_control'), ('gimbal_status', '/home/dtc/humanflow/ros2_ghadron_gimbal/install/gimbal_status'), ('human_tracking', '/home/dtc/humanflow/ros2_ghadron_gimbal/install/human_tracking'), ('yolo_detection', '/home/dtc/humanflow/ros2_ghadron_gimbal/install/yolo_detection')])}
[0.002152] (eo_zoom) JobStarted: {'identifier': 'eo_zoom'}
[0.016077] (gimbal_angle_control) JobStarted: {'identifier': 'gimbal_angle_control'}
[0.022348] (gimbal_status) JobStarted: {'identifier': 'gimbal_status'}
[0.028209] (human_tracking) JobStarted: {'identifier': 'human_tracking'}
[0.041575] (eo_zoom) JobProgress: {'identifier': 'eo_zoom', 'progress': 'cmake'}
[0.043075] (eo_zoom) JobProgress: {'identifier': 'eo_zoom', 'progress': 'build'}
[0.044529] (eo_zoom) Command: {'cmd': ['/usr/bin/cmake', '--build', '/home/dtc/humanflow/ros2_ghadron_gimbal/build/eo_zoom', '--', '-j4', '-l4'], 'cwd': '/home/dtc/humanflow/ros2_ghadron_gimbal/build/eo_zoom', 'env': OrderedDict([('RCUTILS_LOGGING_BUFFERED_STREAM', '1'), ('HOSTNAME', 'dtc-desktop'), ('SHLVL', '1'), ('RCUTILS_CONSOLE_OUTPUT_FORMAT', '[{severity}] [{name}]: {message}'), ('LD_LIBRARY_PATH', '/opt/ros/humble/lib/aarch64-linux-gnu:/opt/ros/humble/lib'), ('HOME', '/root'), ('OLDPWD', '/home/dtc/humanflow/ros2_ghadron_gimbal'), ('ROS_PYTHON_VERSION', '3'), ('ROS_DISTRO', 'humble'), ('_', '/usr/bin/colcon'), ('ROS_VERSION', '2'), ('NVIDIA_DRIVER_CAPABILITIES', 'all'), ('ROS_LOCALHOST_ONLY', '0'), ('QT_X11_NO_MITSHM', '1'), ('PATH', '/opt/ros/humble/bin:/usr/local/sbin:/usr/local/bin:/usr/sbin:/usr/bin:/sbin:/bin'), ('DISPLAY', ''), ('LANG', 'C.UTF-8'), ('ROS_DOMAIN_ID', '70'), ('AMENT_PREFIX_PATH', '/opt/ros/humble'), ('RCUTILS_LOGGING_USE_STDOUT', '1'), ('PWD', '/home/dtc/humanflow/ros2_ghadron_gimbal/build/eo_zoom'), ('LC_ALL', 'C.UTF-8'), ('RCUTILS_COLORIZED_OUTPUT', '1'), ('PYTHONPATH', '/opt/ros/humble/lib/python3.10/site-packages:/opt/ros/humble/local/lib/python3.10/dist-packages'), ('NVIDIA_VISIBLE_DEVICES', 'void'), ('COLCON', '1'), ('CMAKE_PREFIX_PATH', '/opt/ros/humble')]), 'shell': False}
[0.047482] (gimbal_angle_control) JobProgress: {'identifier': 'gimbal_angle_control', 'progress': 'cmake'}
[0.048779] (gimbal_angle_control) JobProgress: {'identifier': 'gimbal_angle_control', 'progress': 'build'}
[0.049340] (gimbal_angle_control) Command: {'cmd': ['/usr/bin/cmake', '--build', '/home/dtc/humanflow/ros2_ghadron_gimbal/build/gimbal_angle_control', '--', '-j4', '-l4'], 'cwd': '/home/dtc/humanflow/ros2_ghadron_gimbal/build/gimbal_angle_control', 'env': OrderedDict([('RCUTILS_LOGGING_BUFFERED_STREAM', '1'), ('HOSTNAME', 'dtc-desktop'), ('SHLVL', '1'), ('RCUTILS_CONSOLE_OUTPUT_FORMAT', '[{severity}] [{name}]: {message}'), ('LD_LIBRARY_PATH', '/opt/ros/humble/lib/aarch64-linux-gnu:/opt/ros/humble/lib'), ('HOME', '/root'), ('OLDPWD', '/home/dtc/humanflow/ros2_ghadron_gimbal'), ('ROS_PYTHON_VERSION', '3'), ('ROS_DISTRO', 'humble'), ('_', '/usr/bin/colcon'), ('ROS_VERSION', '2'), ('NVIDIA_DRIVER_CAPABILITIES', 'all'), ('ROS_LOCALHOST_ONLY', '0'), ('QT_X11_NO_MITSHM', '1'), ('PATH', '/opt/ros/humble/bin:/usr/local/sbin:/usr/local/bin:/usr/sbin:/usr/bin:/sbin:/bin'), ('DISPLAY', ''), ('LANG', 'C.UTF-8'), ('ROS_DOMAIN_ID', '70'), ('AMENT_PREFIX_PATH', '/opt/ros/humble'), ('RCUTILS_LOGGING_USE_STDOUT', '1'), ('PWD', '/home/dtc/humanflow/ros2_ghadron_gimbal/build/gimbal_angle_control'), ('LC_ALL', 'C.UTF-8'), ('RCUTILS_COLORIZED_OUTPUT', '1'), ('PYTHONPATH', '/opt/ros/humble/lib/python3.10/site-packages:/opt/ros/humble/local/lib/python3.10/dist-packages'), ('NVIDIA_VISIBLE_DEVICES', 'void'), ('COLCON', '1'), ('CMAKE_PREFIX_PATH', '/opt/ros/humble')]), 'shell': False}
[0.052422] (gimbal_status) JobProgress: {'identifier': 'gimbal_status', 'progress': 'cmake'}
[0.053665] (gimbal_status) JobProgress: {'identifier': 'gimbal_status', 'progress': 'build'}
[0.054219] (gimbal_status) Command: {'cmd': ['/usr/bin/cmake', '--build', '/home/dtc/humanflow/ros2_ghadron_gimbal/build/gimbal_status', '--', '-j4', '-l4'], 'cwd': '/home/dtc/humanflow/ros2_ghadron_gimbal/build/gimbal_status', 'env': OrderedDict([('RCUTILS_LOGGING_BUFFERED_STREAM', '1'), ('HOSTNAME', 'dtc-desktop'), ('SHLVL', '1'), ('RCUTILS_CONSOLE_OUTPUT_FORMAT', '[{severity}] [{name}]: {message}'), ('LD_LIBRARY_PATH', '/opt/ros/humble/lib/aarch64-linux-gnu:/opt/ros/humble/lib'), ('HOME', '/root'), ('OLDPWD', '/home/dtc/humanflow/ros2_ghadron_gimbal'), ('ROS_PYTHON_VERSION', '3'), ('ROS_DISTRO', 'humble'), ('_', '/usr/bin/colcon'), ('ROS_VERSION', '2'), ('NVIDIA_DRIVER_CAPABILITIES', 'all'), ('ROS_LOCALHOST_ONLY', '0'), ('QT_X11_NO_MITSHM', '1'), ('PATH', '/opt/ros/humble/bin:/usr/local/sbin:/usr/local/bin:/usr/sbin:/usr/bin:/sbin:/bin'), ('DISPLAY', ''), ('LANG', 'C.UTF-8'), ('ROS_DOMAIN_ID', '70'), ('AMENT_PREFIX_PATH', '/opt/ros/humble'), ('RCUTILS_LOGGING_USE_STDOUT', '1'), ('PWD', '/home/dtc/humanflow/ros2_ghadron_gimbal/build/gimbal_status'), ('LC_ALL', 'C.UTF-8'), ('RCUTILS_COLORIZED_OUTPUT', '1'), ('PYTHONPATH', '/opt/ros/humble/lib/python3.10/site-packages:/opt/ros/humble/local/lib/python3.10/dist-packages'), ('NVIDIA_VISIBLE_DEVICES', 'void'), ('COLCON', '1'), ('CMAKE_PREFIX_PATH', '/opt/ros/humble')]), 'shell': False}
[0.099436] (-) TimerEvent: {}
[0.200371] (-) TimerEvent: {}
[0.300713] (-) TimerEvent: {}
[0.401073] (-) TimerEvent: {}
[0.501448] (-) TimerEvent: {}
[0.567135] (eo_zoom) StdoutLine: {'line': b'[100%] Built target eo_zoom_node\n'}
[0.568860] (gimbal_angle_control) StdoutLine: {'line': b'[100%] Built target gimbal_angle_control_node\n'}
[0.569356] (gimbal_status) StdoutLine: {'line': b'[100%] Built target gimbal_status_node\n'}
[0.569921] (eo_zoom) CommandEnded: {'returncode': 0}
[0.571181] (eo_zoom) JobProgress: {'identifier': 'eo_zoom', 'progress': 'install'}
[0.587728] (eo_zoom) Command: {'cmd': ['/usr/bin/cmake', '--install', '/home/dtc/humanflow/ros2_ghadron_gimbal/build/eo_zoom'], 'cwd': '/home/dtc/humanflow/ros2_ghadron_gimbal/build/eo_zoom', 'env': OrderedDict([('RCUTILS_LOGGING_BUFFERED_STREAM', '1'), ('HOSTNAME', 'dtc-desktop'), ('SHLVL', '1'), ('RCUTILS_CONSOLE_OUTPUT_FORMAT', '[{severity}] [{name}]: {message}'), ('LD_LIBRARY_PATH', '/opt/ros/humble/lib/aarch64-linux-gnu:/opt/ros/humble/lib'), ('HOME', '/root'), ('OLDPWD', '/home/dtc/humanflow/ros2_ghadron_gimbal'), ('ROS_PYTHON_VERSION', '3'), ('ROS_DISTRO', 'humble'), ('_', '/usr/bin/colcon'), ('ROS_VERSION', '2'), ('NVIDIA_DRIVER_CAPABILITIES', 'all'), ('ROS_LOCALHOST_ONLY', '0'), ('QT_X11_NO_MITSHM', '1'), ('PATH', '/opt/ros/humble/bin:/usr/local/sbin:/usr/local/bin:/usr/sbin:/usr/bin:/sbin:/bin'), ('DISPLAY', ''), ('LANG', 'C.UTF-8'), ('ROS_DOMAIN_ID', '70'), ('AMENT_PREFIX_PATH', '/opt/ros/humble'), ('RCUTILS_LOGGING_USE_STDOUT', '1'), ('PWD', '/home/dtc/humanflow/ros2_ghadron_gimbal/build/eo_zoom'), ('LC_ALL', 'C.UTF-8'), ('RCUTILS_COLORIZED_OUTPUT', '1'), ('PYTHONPATH', '/opt/ros/humble/lib/python3.10/site-packages:/opt/ros/humble/local/lib/python3.10/dist-packages'), ('NVIDIA_VISIBLE_DEVICES', 'void'), ('COLCON', '1'), ('CMAKE_PREFIX_PATH', '/opt/ros/humble')]), 'shell': False}
[0.590592] (gimbal_angle_control) CommandEnded: {'returncode': 0}
[0.591746] (gimbal_angle_control) JobProgress: {'identifier': 'gimbal_angle_control', 'progress': 'install'}
[0.592332] (gimbal_angle_control) Command: {'cmd': ['/usr/bin/cmake', '--install', '/home/dtc/humanflow/ros2_ghadron_gimbal/build/gimbal_angle_control'], 'cwd': '/home/dtc/humanflow/ros2_ghadron_gimbal/build/gimbal_angle_control', 'env': OrderedDict([('RCUTILS_LOGGING_BUFFERED_STREAM', '1'), ('HOSTNAME', 'dtc-desktop'), ('SHLVL', '1'), ('RCUTILS_CONSOLE_OUTPUT_FORMAT', '[{severity}] [{name}]: {message}'), ('LD_LIBRARY_PATH', '/opt/ros/humble/lib/aarch64-linux-gnu:/opt/ros/humble/lib'), ('HOME', '/root'), ('OLDPWD', '/home/dtc/humanflow/ros2_ghadron_gimbal'), ('ROS_PYTHON_VERSION', '3'), ('ROS_DISTRO', 'humble'), ('_', '/usr/bin/colcon'), ('ROS_VERSION', '2'), ('NVIDIA_DRIVER_CAPABILITIES', 'all'), ('ROS_LOCALHOST_ONLY', '0'), ('QT_X11_NO_MITSHM', '1'), ('PATH', '/opt/ros/humble/bin:/usr/local/sbin:/usr/local/bin:/usr/sbin:/usr/bin:/sbin:/bin'), ('DISPLAY', ''), ('LANG', 'C.UTF-8'), ('ROS_DOMAIN_ID', '70'), ('AMENT_PREFIX_PATH', '/opt/ros/humble'), ('RCUTILS_LOGGING_USE_STDOUT', '1'), ('PWD', '/home/dtc/humanflow/ros2_ghadron_gimbal/build/gimbal_angle_control'), ('LC_ALL', 'C.UTF-8'), ('RCUTILS_COLORIZED_OUTPUT', '1'), ('PYTHONPATH', '/opt/ros/humble/lib/python3.10/site-packages:/opt/ros/humble/local/lib/python3.10/dist-packages'), ('NVIDIA_VISIBLE_DEVICES', 'void'), ('COLCON', '1'), ('CMAKE_PREFIX_PATH', '/opt/ros/humble')]), 'shell': False}
[0.596116] (gimbal_status) CommandEnded: {'returncode': 0}
[0.597367] (gimbal_status) JobProgress: {'identifier': 'gimbal_status', 'progress': 'install'}
[0.597439] (gimbal_status) Command: {'cmd': ['/usr/bin/cmake', '--install', '/home/dtc/humanflow/ros2_ghadron_gimbal/build/gimbal_status'], 'cwd': '/home/dtc/humanflow/ros2_ghadron_gimbal/build/gimbal_status', 'env': OrderedDict([('RCUTILS_LOGGING_BUFFERED_STREAM', '1'), ('HOSTNAME', 'dtc-desktop'), ('SHLVL', '1'), ('RCUTILS_CONSOLE_OUTPUT_FORMAT', '[{severity}] [{name}]: {message}'), ('LD_LIBRARY_PATH', '/opt/ros/humble/lib/aarch64-linux-gnu:/opt/ros/humble/lib'), ('HOME', '/root'), ('OLDPWD', '/home/dtc/humanflow/ros2_ghadron_gimbal'), ('ROS_PYTHON_VERSION', '3'), ('ROS_DISTRO', 'humble'), ('_', '/usr/bin/colcon'), ('ROS_VERSION', '2'), ('NVIDIA_DRIVER_CAPABILITIES', 'all'), ('ROS_LOCALHOST_ONLY', '0'), ('QT_X11_NO_MITSHM', '1'), ('PATH', '/opt/ros/humble/bin:/usr/local/sbin:/usr/local/bin:/usr/sbin:/usr/bin:/sbin:/bin'), ('DISPLAY', ''), ('LANG', 'C.UTF-8'), ('ROS_DOMAIN_ID', '70'), ('AMENT_PREFIX_PATH', '/opt/ros/humble'), ('RCUTILS_LOGGING_USE_STDOUT', '1'), ('PWD', '/home/dtc/humanflow/ros2_ghadron_gimbal/build/gimbal_status'), ('LC_ALL', 'C.UTF-8'), ('RCUTILS_COLORIZED_OUTPUT', '1'), ('PYTHONPATH', '/opt/ros/humble/lib/python3.10/site-packages:/opt/ros/humble/local/lib/python3.10/dist-packages'), ('NVIDIA_VISIBLE_DEVICES', 'void'), ('COLCON', '1'), ('CMAKE_PREFIX_PATH', '/opt/ros/humble')]), 'shell': False}
[0.601578] (-) TimerEvent: {}
[0.615269] (eo_zoom) StdoutLine: {'line': b'-- Install configuration: "Debug"\n'}
[0.617700] (eo_zoom) StdoutLine: {'line': b'-- Up-to-date: /home/dtc/humanflow/ros2_ghadron_gimbal/install/eo_zoom/lib/eo_zoom/eo_zoom_node\n'}
[0.618376] (eo_zoom) StdoutLine: {'line': b'-- Up-to-date: /home/dtc/humanflow/ros2_ghadron_gimbal/install/eo_zoom/share/ament_index/resource_index/package_run_dependencies/eo_zoom\n'}
[0.618549] (eo_zoom) StdoutLine: {'line': b'-- Up-to-date: /home/dtc/humanflow/ros2_ghadron_gimbal/install/eo_zoom/share/ament_index/resource_index/parent_prefix_path/eo_zoom\n'}
[0.618698] (eo_zoom) StdoutLine: {'line': b'-- Up-to-date: /home/dtc/humanflow/ros2_ghadron_gimbal/install/eo_zoom/share/eo_zoom/environment/ament_prefix_path.sh\n'}
[0.618836] (eo_zoom) StdoutLine: {'line': b'-- Up-to-date: /home/dtc/humanflow/ros2_ghadron_gimbal/install/eo_zoom/share/eo_zoom/environment/ament_prefix_path.dsv\n'}
[0.618966] (eo_zoom) StdoutLine: {'line': b'-- Up-to-date: /home/dtc/humanflow/ros2_ghadron_gimbal/install/eo_zoom/share/eo_zoom/environment/path.sh\n'}
[0.619135] (eo_zoom) StdoutLine: {'line': b'-- Up-to-date: /home/dtc/humanflow/ros2_ghadron_gimbal/install/eo_zoom/share/eo_zoom/environment/path.dsv\n'}
[0.619261] (eo_zoom) StdoutLine: {'line': b'-- Up-to-date: /home/dtc/humanflow/ros2_ghadron_gimbal/install/eo_zoom/share/eo_zoom/local_setup.bash\n'}
[0.619387] (eo_zoom) StdoutLine: {'line': b'-- Up-to-date: /home/dtc/humanflow/ros2_ghadron_gimbal/install/eo_zoom/share/eo_zoom/local_setup.sh\n'}
[0.619512] (eo_zoom) StdoutLine: {'line': b'-- Up-to-date: /home/dtc/humanflow/ros2_ghadron_gimbal/install/eo_zoom/share/eo_zoom/local_setup.zsh\n'}
[0.619633] (eo_zoom) StdoutLine: {'line': b'-- Up-to-date: /home/dtc/humanflow/ros2_ghadron_gimbal/install/eo_zoom/share/eo_zoom/local_setup.dsv\n'}
[0.619752] (eo_zoom) StdoutLine: {'line': b'-- Installing: /home/dtc/humanflow/ros2_ghadron_gimbal/install/eo_zoom/share/eo_zoom/package.dsv\n'}
[0.619876] (eo_zoom) StdoutLine: {'line': b'-- Up-to-date: /home/dtc/humanflow/ros2_ghadron_gimbal/install/eo_zoom/share/ament_index/resource_index/packages/eo_zoom\n'}
[0.619997] (eo_zoom) StdoutLine: {'line': b'-- Up-to-date: /home/dtc/humanflow/ros2_ghadron_gimbal/install/eo_zoom/share/eo_zoom/cmake/eo_zoomConfig.cmake\n'}
[0.620207] (eo_zoom) StdoutLine: {'line': b'-- Up-to-date: /home/dtc/humanflow/ros2_ghadron_gimbal/install/eo_zoom/share/eo_zoom/cmake/eo_zoomConfig-version.cmake\n'}
[0.620343] (eo_zoom) StdoutLine: {'line': b'-- Up-to-date: /home/dtc/humanflow/ros2_ghadron_gimbal/install/eo_zoom/share/eo_zoom/package.xml\n'}
[0.620473] (gimbal_angle_control) StdoutLine: {'line': b'-- Install configuration: "Debug"\n'}
[0.620667] (gimbal_angle_control) StdoutLine: {'line': b'-- Up-to-date: /home/dtc/humanflow/ros2_ghadron_gimbal/install/gimbal_angle_control/lib/gimbal_angle_control/gimbal_angle_control_node\n'}
[0.620799] (gimbal_angle_control) StdoutLine: {'line': b'-- Up-to-date: /home/dtc/humanflow/ros2_ghadron_gimbal/install/gimbal_angle_control/share/ament_index/resource_index/package_run_dependencies/gimbal_angle_control\n'}
[0.620928] (gimbal_angle_control) StdoutLine: {'line': b'-- Up-to-date: /home/dtc/humanflow/ros2_ghadron_gimbal/install/gimbal_angle_control/share/ament_index/resource_index/parent_prefix_path/gimbal_angle_control\n'}
[0.621058] (gimbal_angle_control) StdoutLine: {'line': b'-- Up-to-date: /home/dtc/humanflow/ros2_ghadron_gimbal/install/gimbal_angle_control/share/gimbal_angle_control/environment/ament_prefix_path.sh\n'}
[0.621185] (gimbal_angle_control) StdoutLine: {'line': b'-- Up-to-date: /home/dtc/humanflow/ros2_ghadron_gimbal/install/gimbal_angle_control/share/gimbal_angle_control/environment/ament_prefix_path.dsv\n'}
[0.621306] (gimbal_angle_control) StdoutLine: {'line': b'-- Up-to-date: /home/dtc/humanflow/ros2_ghadron_gimbal/install/gimbal_angle_control/share/gimbal_angle_control/environment/path.sh\n'}
[0.621430] (gimbal_angle_control) StdoutLine: {'line': b'-- Up-to-date: /home/dtc/humanflow/ros2_ghadron_gimbal/install/gimbal_angle_control/share/gimbal_angle_control/environment/path.dsv\n'}
[0.621552] (gimbal_angle_control) StdoutLine: {'line': b'-- Up-to-date: /home/dtc/humanflow/ros2_ghadron_gimbal/install/gimbal_angle_control/share/gimbal_angle_control/local_setup.bash\n'}
[0.621674] (gimbal_angle_control) StdoutLine: {'line': b'-- Up-to-date: /home/dtc/humanflow/ros2_ghadron_gimbal/install/gimbal_angle_control/share/gimbal_angle_control/local_setup.sh\n'}
[0.621797] (gimbal_angle_control) StdoutLine: {'line': b'-- Up-to-date: /home/dtc/humanflow/ros2_ghadron_gimbal/install/gimbal_angle_control/share/gimbal_angle_control/local_setup.zsh\n'}
[0.621918] (gimbal_angle_control) StdoutLine: {'line': b'-- Up-to-date: /home/dtc/humanflow/ros2_ghadron_gimbal/install/gimbal_angle_control/share/gimbal_angle_control/local_setup.dsv\n'}
[0.622041] (gimbal_angle_control) StdoutLine: {'line': b'-- Installing: /home/dtc/humanflow/ros2_ghadron_gimbal/install/gimbal_angle_control/share/gimbal_angle_control/package.dsv\n'}
[0.622160] (gimbal_angle_control) StdoutLine: {'line': b'-- Up-to-date: /home/dtc/humanflow/ros2_ghadron_gimbal/install/gimbal_angle_control/share/ament_index/resource_index/packages/gimbal_angle_control\n'}
[0.622310] (gimbal_angle_control) StdoutLine: {'line': b'-- Up-to-date: /home/dtc/humanflow/ros2_ghadron_gimbal/install/gimbal_angle_control/share/gimbal_angle_control/cmake/gimbal_angle_controlConfig.cmake\n'}
[0.622440] (gimbal_angle_control) StdoutLine: {'line': b'-- Up-to-date: /home/dtc/humanflow/ros2_ghadron_gimbal/install/gimbal_angle_control/share/gimbal_angle_control/cmake/gimbal_angle_controlConfig-version.cmake\n'}
[0.622564] (gimbal_angle_control) StdoutLine: {'line': b'-- Up-to-date: /home/dtc/humanflow/ros2_ghadron_gimbal/install/gimbal_angle_control/share/gimbal_angle_control/package.xml\n'}
[0.622683] (eo_zoom) CommandEnded: {'returncode': 0}
[0.665043] (eo_zoom) JobEnded: {'identifier': 'eo_zoom', 'rc': 0}
[0.667042] (gimbal_angle_control) CommandEnded: {'returncode': 0}
[0.694583] (gimbal_angle_control) JobEnded: {'identifier': 'gimbal_angle_control', 'rc': 0}
[0.696652] (yolo_detection) JobStarted: {'identifier': 'yolo_detection'}
[0.701766] (-) TimerEvent: {}
[0.705696] (PayloadSDK) JobStarted: {'identifier': 'PayloadSDK'}
[0.711430] (gimbal_status) StdoutLine: {'line': b'-- Install configuration: "Debug"\n'}
[0.712506] (gimbal_status) StdoutLine: {'line': b'-- Up-to-date: /home/dtc/humanflow/ros2_ghadron_gimbal/install/gimbal_status/lib/gimbal_status/gimbal_status_node\n'}
[0.712701] (gimbal_status) StdoutLine: {'line': b'-- Up-to-date: /home/dtc/humanflow/ros2_ghadron_gimbal/install/gimbal_status/share/ament_index/resource_index/package_run_dependencies/gimbal_status\n'}
[0.712850] (gimbal_status) StdoutLine: {'line': b'-- Up-to-date: /home/dtc/humanflow/ros2_ghadron_gimbal/install/gimbal_status/share/ament_index/resource_index/parent_prefix_path/gimbal_status\n'}
[0.712988] (gimbal_status) StdoutLine: {'line': b'-- Up-to-date: /home/dtc/humanflow/ros2_ghadron_gimbal/install/gimbal_status/share/gimbal_status/environment/ament_prefix_path.sh\n'}
[0.713121] (gimbal_status) StdoutLine: {'line': b'-- Up-to-date: /home/dtc/humanflow/ros2_ghadron_gimbal/install/gimbal_status/share/gimbal_status/environment/ament_prefix_path.dsv\n'}
[0.713249] (gimbal_status) StdoutLine: {'line': b'-- Up-to-date: /home/dtc/humanflow/ros2_ghadron_gimbal/install/gimbal_status/share/gimbal_status/environment/path.sh\n'}
[0.713373] (gimbal_status) StdoutLine: {'line': b'-- Up-to-date: /home/dtc/humanflow/ros2_ghadron_gimbal/install/gimbal_status/share/gimbal_status/environment/path.dsv\n'}
[0.713498] (gimbal_status) StdoutLine: {'line': b'-- Up-to-date: /home/dtc/humanflow/ros2_ghadron_gimbal/install/gimbal_status/share/gimbal_status/local_setup.bash\n'}
[0.713617] (gimbal_status) StdoutLine: {'line': b'-- Up-to-date: /home/dtc/humanflow/ros2_ghadron_gimbal/install/gimbal_status/share/gimbal_status/local_setup.sh\n'}
[0.713738] (gimbal_status) StdoutLine: {'line': b'-- Up-to-date: /home/dtc/humanflow/ros2_ghadron_gimbal/install/gimbal_status/share/gimbal_status/local_setup.zsh\n'}
[0.713863] (gimbal_status) StdoutLine: {'line': b'-- Up-to-date: /home/dtc/humanflow/ros2_ghadron_gimbal/install/gimbal_status/share/gimbal_status/local_setup.dsv\n'}
[0.713985] (gimbal_status) StdoutLine: {'line': b'-- Installing: /home/dtc/humanflow/ros2_ghadron_gimbal/install/gimbal_status/share/gimbal_status/package.dsv\n'}
[0.714106] (gimbal_status) StdoutLine: {'line': b'-- Up-to-date: /home/dtc/humanflow/ros2_ghadron_gimbal/install/gimbal_status/share/ament_index/resource_index/packages/gimbal_status\n'}
[0.714232] (gimbal_status) StdoutLine: {'line': b'-- Up-to-date: /home/dtc/humanflow/ros2_ghadron_gimbal/install/gimbal_status/share/gimbal_status/cmake/gimbal_statusConfig.cmake\n'}
[0.714354] (gimbal_status) StdoutLine: {'line': b'-- Up-to-date: /home/dtc/humanflow/ros2_ghadron_gimbal/install/gimbal_status/share/gimbal_status/cmake/gimbal_statusConfig-version.cmake\n'}
[0.714475] (gimbal_status) StdoutLine: {'line': b'-- Up-to-date: /home/dtc/humanflow/ros2_ghadron_gimbal/install/gimbal_status/share/gimbal_status/package.xml\n'}
[0.722323] (gimbal_status) CommandEnded: {'returncode': 0}
[0.746615] (gimbal_status) JobEnded: {'identifier': 'gimbal_status', 'rc': 0}
[0.749794] (image_viewer) JobStarted: {'identifier': 'image_viewer'}
[0.801937] (-) TimerEvent: {}
[0.902310] (-) TimerEvent: {}
[1.002672] (-) TimerEvent: {}
[1.103328] (-) TimerEvent: {}
[1.203768] (-) TimerEvent: {}
[1.280710] (PayloadSDK) JobProgress: {'identifier': 'PayloadSDK', 'progress': 'cmake'}
[1.283229] (PayloadSDK) JobProgress: {'identifier': 'PayloadSDK', 'progress': 'build'}
[1.283583] (PayloadSDK) Command: {'cmd': ['/usr/bin/cmake', '--build', '/home/dtc/humanflow/ros2_ghadron_gimbal/build/PayloadSDK', '--', '-j4', '-l4'], 'cwd': '/home/dtc/humanflow/ros2_ghadron_gimbal/build/PayloadSDK', 'env': OrderedDict([('RCUTILS_LOGGING_BUFFERED_STREAM', '1'), ('HOSTNAME', 'dtc-desktop'), ('SHLVL', '1'), ('RCUTILS_CONSOLE_OUTPUT_FORMAT', '[{severity}] [{name}]: {message}'), ('LD_LIBRARY_PATH', '/opt/ros/humble/lib/aarch64-linux-gnu:/opt/ros/humble/lib'), ('HOME', '/root'), ('OLDPWD', '/home/dtc/humanflow/ros2_ghadron_gimbal'), ('ROS_PYTHON_VERSION', '3'), ('ROS_DISTRO', 'humble'), ('_', '/usr/bin/colcon'), ('ROS_VERSION', '2'), ('NVIDIA_DRIVER_CAPABILITIES', 'all'), ('ROS_LOCALHOST_ONLY', '0'), ('QT_X11_NO_MITSHM', '1'), ('PATH', '/opt/ros/humble/bin:/usr/local/sbin:/usr/local/bin:/usr/sbin:/usr/bin:/sbin:/bin'), ('DISPLAY', ''), ('LANG', 'C.UTF-8'), ('ROS_DOMAIN_ID', '70'), ('AMENT_PREFIX_PATH', '/opt/ros/humble'), ('RCUTILS_LOGGING_USE_STDOUT', '1'), ('PWD', '/home/dtc/humanflow/ros2_ghadron_gimbal/build/PayloadSDK'), ('LC_ALL', 'C.UTF-8'), ('RCUTILS_COLORIZED_OUTPUT', '1'), ('PYTHONPATH', '/opt/ros/humble/lib/python3.10/site-packages:/opt/ros/humble/local/lib/python3.10/dist-packages'), ('NVIDIA_VISIBLE_DEVICES', 'void'), ('COLCON', '1')]), 'shell': False}
[1.305944] (-) TimerEvent: {}
[1.406582] (-) TimerEvent: {}
[1.507284] (-) TimerEvent: {}
[1.607893] (-) TimerEvent: {}
[1.708300] (-) TimerEvent: {}
[1.808684] (-) TimerEvent: {}
[1.863959] (PayloadSDK) StdoutLine: {'line': b'[  7%] Built target eo_record_video\n'}
[1.864933] (PayloadSDK) StdoutLine: {'line': b'[ 14%] Built target connect\n'}
[1.865122] (PayloadSDK) StdoutLine: {'line': b'[ 21%] Built target eo_capture_image\n'}
[1.865263] (PayloadSDK) StdoutLine: {'line': b'[ 28%] Built target load_payload_settings\n'}
[1.865395] (PayloadSDK) StdoutLine: {'line': b'[ 35%] Built target move_gimbal_angle_mode\n'}
[1.865522] (PayloadSDK) StdoutLine: {'line': b'[ 42%] Built target get_video_streaming\n'}
[1.865642] (PayloadSDK) StdoutLine: {'line': b'[ 50%] Built target move_gimbal_speed_mode\n'}
[1.865765] (PayloadSDK) StdoutLine: {'line': b'[ 57%] Built target eo_set_camera_zoom_focus\n'}
[1.865884] (PayloadSDK) StdoutLine: {'line': b'[ 64%] Built target ir_set_camera_zoom\n'}
[1.866004] (PayloadSDK) StdoutLine: {'line': b'[ 71%] Built target gimbal_set_mode\n'}
[1.866121] (PayloadSDK) StdoutLine: {'line': b'[ 78%] Built target ir_capture_image\n'}
[1.866233] (PayloadSDK) StdoutLine: {'line': b'[ 85%] Built target ir_record_video\n'}
[1.866345] (PayloadSDK) StdoutLine: {'line': b'[ 92%] Built target ir_set_palete\n'}
[1.866454] (PayloadSDK) StdoutLine: {'line': b'[100%] Built target download_media_files\n'}
[1.867826] (PayloadSDK) CommandEnded: {'returncode': 0}
[1.879691] (PayloadSDK) JobEnded: {'identifier': 'PayloadSDK', 'rc': 0}
[1.882369] (human_tracking) Command: {'cmd': ['/usr/bin/python3', '-W', 'ignore:setup.py install is deprecated', '-W', 'ignore:easy_install command is deprecated', 'setup.py', 'egg_info', '--egg-base', '../../build/human_tracking', 'build', '--build-base', '/home/dtc/humanflow/ros2_ghadron_gimbal/build/human_tracking/build', 'install', '--record', '/home/dtc/humanflow/ros2_ghadron_gimbal/build/human_tracking/install.log', '--single-version-externally-managed', 'install_data'], 'cwd': '/home/dtc/humanflow/ros2_ghadron_gimbal/src/human_tracking', 'env': {'RCUTILS_LOGGING_BUFFERED_STREAM': '1', 'HOSTNAME': 'dtc-desktop', 'SHLVL': '1', 'RCUTILS_CONSOLE_OUTPUT_FORMAT': '[{severity}] [{name}]: {message}', 'LD_LIBRARY_PATH': '/opt/ros/humble/lib/aarch64-linux-gnu:/opt/ros/humble/lib', 'HOME': '/root', 'OLDPWD': '/home/dtc/humanflow/ros2_ghadron_gimbal', 'ROS_PYTHON_VERSION': '3', 'ROS_DISTRO': 'humble', '_': '/usr/bin/colcon', 'ROS_VERSION': '2', 'NVIDIA_DRIVER_CAPABILITIES': 'all', 'ROS_LOCALHOST_ONLY': '0', 'QT_X11_NO_MITSHM': '1', 'PATH': '/opt/ros/humble/bin:/usr/local/sbin:/usr/local/bin:/usr/sbin:/usr/bin:/sbin:/bin', 'DISPLAY': '', 'LANG': 'C.UTF-8', 'ROS_DOMAIN_ID': '70', 'AMENT_PREFIX_PATH': '/opt/ros/humble', 'RCUTILS_LOGGING_USE_STDOUT': '1', 'PWD': '/home/dtc/humanflow/ros2_ghadron_gimbal/build/human_tracking', 'LC_ALL': 'C.UTF-8', 'RCUTILS_COLORIZED_OUTPUT': '1', 'PYTHONPATH': '/home/dtc/humanflow/ros2_ghadron_gimbal/build/human_tracking/prefix_override:/usr/lib/python3/dist-packages/colcon_core/task/python/colcon_distutils_commands:/home/dtc/humanflow/ros2_ghadron_gimbal/install/human_tracking/lib/python3.10/site-packages:/opt/ros/humble/lib/python3.10/site-packages:/opt/ros/humble/local/lib/python3.10/dist-packages', 'NVIDIA_VISIBLE_DEVICES': 'void', 'COLCON': '1'}, 'shell': False}
[1.894410] (stream_publisher) JobStarted: {'identifier': 'stream_publisher'}
[1.908811] (-) TimerEvent: {}
[2.009404] (-) TimerEvent: {}
[2.110345] (-) TimerEvent: {}
[2.211024] (-) TimerEvent: {}
[2.311388] (-) TimerEvent: {}
[2.412052] (-) TimerEvent: {}
[2.512691] (-) TimerEvent: {}
[2.613361] (-) TimerEvent: {}
[2.705209] (human_tracking) StdoutLine: {'line': b'running egg_info\n'}
[2.706901] (human_tracking) StdoutLine: {'line': b'writing ../../build/human_tracking/human_tracking.egg-info/PKG-INFO\n'}
[2.708879] (human_tracking) StdoutLine: {'line': b'writing dependency_links to ../../build/human_tracking/human_tracking.egg-info/dependency_links.txt\n'}
[2.710000] (human_tracking) StdoutLine: {'line': b'writing entry points to ../../build/human_tracking/human_tracking.egg-info/entry_points.txt\n'}
[2.711066] (human_tracking) StdoutLine: {'line': b'writing requirements to ../../build/human_tracking/human_tracking.egg-info/requires.txt\n'}
[2.712144] (human_tracking) StdoutLine: {'line': b'writing top-level names to ../../build/human_tracking/human_tracking.egg-info/top_level.txt\n'}
[2.715273] (-) TimerEvent: {}
[2.715532] (human_tracking) StdoutLine: {'line': b"reading manifest file '../../build/human_tracking/human_tracking.egg-info/SOURCES.txt'\n"}
[2.717265] (human_tracking) StdoutLine: {'line': b"writing manifest file '../../build/human_tracking/human_tracking.egg-info/SOURCES.txt'\n"}
[2.720063] (human_tracking) StdoutLine: {'line': b'running build\n'}
[2.721114] (human_tracking) StdoutLine: {'line': b'running build_py\n'}
[2.722125] (human_tracking) StdoutLine: {'line': b'running install\n'}
[2.723124] (human_tracking) StdoutLine: {'line': b'running install_lib\n'}
[2.726599] (human_tracking) StdoutLine: {'line': b'running install_data\n'}
[2.727768] (human_tracking) StdoutLine: {'line': b'running install_egg_info\n'}
[2.728831] (human_tracking) StdoutLine: {'line': b"removing '/home/dtc/humanflow/ros2_ghadron_gimbal/install/human_tracking/lib/python3.10/site-packages/human_tracking-0.0.1-py3.10.egg-info' (and everything under it)\n"}
[2.729874] (human_tracking) StdoutLine: {'line': b'Copying ../../build/human_tracking/human_tracking.egg-info to /home/dtc/humanflow/ros2_ghadron_gimbal/install/human_tracking/lib/python3.10/site-packages/human_tracking-0.0.1-py3.10.egg-info\n'}
[2.730888] (human_tracking) StdoutLine: {'line': b'running install_scripts\n'}
[2.731873] (human_tracking) StdoutLine: {'line': b'Installing tracking_node script to /home/dtc/humanflow/ros2_ghadron_gimbal/install/human_tracking/lib/human_tracking\n'}
[2.732973] (human_tracking) StdoutLine: {'line': b"writing list of installed files to '/home/dtc/humanflow/ros2_ghadron_gimbal/build/human_tracking/install.log'\n"}
[2.770423] (image_viewer) Command: {'cmd': ['/usr/bin/python3', '-W', 'ignore:setup.py install is deprecated', '-W', 'ignore:easy_install command is deprecated', 'setup.py', 'egg_info', '--egg-base', '../../build/image_viewer', 'build', '--build-base', '/home/dtc/humanflow/ros2_ghadron_gimbal/build/image_viewer/build', 'install', '--record', '/home/dtc/humanflow/ros2_ghadron_gimbal/build/image_viewer/install.log', '--single-version-externally-managed', 'install_data'], 'cwd': '/home/dtc/humanflow/ros2_ghadron_gimbal/src/image_viewer', 'env': {'RCUTILS_LOGGING_BUFFERED_STREAM': '1', 'HOSTNAME': 'dtc-desktop', 'SHLVL': '1', 'RCUTILS_CONSOLE_OUTPUT_FORMAT': '[{severity}] [{name}]: {message}', 'LD_LIBRARY_PATH': '/opt/ros/humble/lib/aarch64-linux-gnu:/opt/ros/humble/lib', 'HOME': '/root', 'OLDPWD': '/home/dtc/humanflow/ros2_ghadron_gimbal', 'ROS_PYTHON_VERSION': '3', 'ROS_DISTRO': 'humble', '_': '/usr/bin/colcon', 'ROS_VERSION': '2', 'NVIDIA_DRIVER_CAPABILITIES': 'all', 'ROS_LOCALHOST_ONLY': '0', 'QT_X11_NO_MITSHM': '1', 'PATH': '/opt/ros/humble/bin:/usr/local/sbin:/usr/local/bin:/usr/sbin:/usr/bin:/sbin:/bin', 'DISPLAY': '', 'LANG': 'C.UTF-8', 'ROS_DOMAIN_ID': '70', 'AMENT_PREFIX_PATH': '/opt/ros/humble', 'RCUTILS_LOGGING_USE_STDOUT': '1', 'PWD': '/home/dtc/humanflow/ros2_ghadron_gimbal/build/image_viewer', 'LC_ALL': 'C.UTF-8', 'RCUTILS_COLORIZED_OUTPUT': '1', 'PYTHONPATH': '/home/dtc/humanflow/ros2_ghadron_gimbal/build/image_viewer/prefix_override:/usr/lib/python3/dist-packages/colcon_core/task/python/colcon_distutils_commands:/home/dtc/humanflow/ros2_ghadron_gimbal/install/image_viewer/lib/python3.10/site-packages:/opt/ros/humble/lib/python3.10/site-packages:/opt/ros/humble/local/lib/python3.10/dist-packages', 'NVIDIA_VISIBLE_DEVICES': 'void', 'COLCON': '1'}, 'shell': False}
[2.791437] (yolo_detection) Command: {'cmd': ['/usr/bin/python3', '-W', 'ignore:setup.py install is deprecated', '-W', 'ignore:easy_install command is deprecated', 'setup.py', 'egg_info', '--egg-base', '../../build/yolo_detection', 'build', '--build-base', '/home/dtc/humanflow/ros2_ghadron_gimbal/build/yolo_detection/build', 'install', '--record', '/home/dtc/humanflow/ros2_ghadron_gimbal/build/yolo_detection/install.log', '--single-version-externally-managed', 'install_data'], 'cwd': '/home/dtc/humanflow/ros2_ghadron_gimbal/src/yolo_detection', 'env': {'RCUTILS_LOGGING_BUFFERED_STREAM': '1', 'HOSTNAME': 'dtc-desktop', 'SHLVL': '1', 'RCUTILS_CONSOLE_OUTPUT_FORMAT': '[{severity}] [{name}]: {message}', 'LD_LIBRARY_PATH': '/opt/ros/humble/lib/aarch64-linux-gnu:/opt/ros/humble/lib', 'HOME': '/root', 'OLDPWD': '/home/dtc/humanflow/ros2_ghadron_gimbal', 'ROS_PYTHON_VERSION': '3', 'ROS_DISTRO': 'humble', '_': '/usr/bin/colcon', 'ROS_VERSION': '2', 'NVIDIA_DRIVER_CAPABILITIES': 'all', 'ROS_LOCALHOST_ONLY': '0', 'QT_X11_NO_MITSHM': '1', 'PATH': '/opt/ros/humble/bin:/usr/local/sbin:/usr/local/bin:/usr/sbin:/usr/bin:/sbin:/bin', 'DISPLAY': '', 'LANG': 'C.UTF-8', 'ROS_DOMAIN_ID': '70', 'AMENT_PREFIX_PATH': '/opt/ros/humble', 'RCUTILS_LOGGING_USE_STDOUT': '1', 'PWD': '/home/dtc/humanflow/ros2_ghadron_gimbal/build/yolo_detection', 'LC_ALL': 'C.UTF-8', 'RCUTILS_COLORIZED_OUTPUT': '1', 'PYTHONPATH': '/home/dtc/humanflow/ros2_ghadron_gimbal/build/yolo_detection/prefix_override:/usr/lib/python3/dist-packages/colcon_core/task/python/colcon_distutils_commands:/home/dtc/humanflow/ros2_ghadron_gimbal/install/yolo_detection/lib/python3.10/site-packages:/opt/ros/humble/lib/python3.10/site-packages:/opt/ros/humble/local/lib/python3.10/dist-packages', 'NVIDIA_VISIBLE_DEVICES': 'void', 'COLCON': '1'}, 'shell': False}
[2.807630] (human_tracking) CommandEnded: {'returncode': 0}
[2.815508] (-) TimerEvent: {}
[2.836112] (human_tracking) JobEnded: {'identifier': 'human_tracking', 'rc': 0}
[2.915734] (-) TimerEvent: {}
[3.016146] (-) TimerEvent: {}
[3.116504] (-) TimerEvent: {}
[3.216870] (-) TimerEvent: {}
[3.230989] (image_viewer) StdoutLine: {'line': b'running egg_info\n'}
[3.233133] (image_viewer) StdoutLine: {'line': b'writing ../../build/image_viewer/image_viewer.egg-info/PKG-INFO\n'}
[3.236160] (image_viewer) StdoutLine: {'line': b'writing dependency_links to ../../build/image_viewer/image_viewer.egg-info/dependency_links.txt\n'}
[3.237279] (image_viewer) StdoutLine: {'line': b'writing entry points to ../../build/image_viewer/image_viewer.egg-info/entry_points.txt\n'}
[3.238278] (image_viewer) StdoutLine: {'line': b'writing requirements to ../../build/image_viewer/image_viewer.egg-info/requires.txt\n'}
[3.240154] (image_viewer) StdoutLine: {'line': b'writing top-level names to ../../build/image_viewer/image_viewer.egg-info/top_level.txt\n'}
[3.241836] (image_viewer) StdoutLine: {'line': b"reading manifest file '../../build/image_viewer/image_viewer.egg-info/SOURCES.txt'\n"}
[3.244498] (image_viewer) StdoutLine: {'line': b"writing manifest file '../../build/image_viewer/image_viewer.egg-info/SOURCES.txt'\n"}
[3.246119] (image_viewer) StdoutLine: {'line': b'running build\n'}
[3.247283] (image_viewer) StdoutLine: {'line': b'running build_py\n'}
[3.248267] (image_viewer) StdoutLine: {'line': b'running install\n'}
[3.250078] (image_viewer) StdoutLine: {'line': b'running install_lib\n'}
[3.251635] (image_viewer) StdoutLine: {'line': b'running install_data\n'}
[3.252851] (image_viewer) StdoutLine: {'line': b'running install_egg_info\n'}
[3.276826] (image_viewer) StdoutLine: {'line': b"removing '/home/dtc/humanflow/ros2_ghadron_gimbal/install/image_viewer/lib/python3.10/site-packages/image_viewer-0.0.0-py3.10.egg-info' (and everything under it)\n"}
[3.277273] (image_viewer) StdoutLine: {'line': b'Copying ../../build/image_viewer/image_viewer.egg-info to /home/dtc/humanflow/ros2_ghadron_gimbal/install/image_viewer/lib/python3.10/site-packages/image_viewer-0.0.0-py3.10.egg-info\n'}
[3.277446] (image_viewer) StdoutLine: {'line': b'running install_scripts\n'}
[3.291121] (yolo_detection) StdoutLine: {'line': b'running egg_info\n'}
[3.292797] (yolo_detection) StdoutLine: {'line': b'writing ../../build/yolo_detection/yolo_detection.egg-info/PKG-INFO\n'}
[3.296268] (yolo_detection) StdoutLine: {'line': b'writing dependency_links to ../../build/yolo_detection/yolo_detection.egg-info/dependency_links.txt\n'}
[3.296666] (yolo_detection) StdoutLine: {'line': b'writing entry points to ../../build/yolo_detection/yolo_detection.egg-info/entry_points.txt\n'}
[3.297832] (yolo_detection) StdoutLine: {'line': b'writing requirements to ../../build/yolo_detection/yolo_detection.egg-info/requires.txt\n'}
[3.299149] (yolo_detection) StdoutLine: {'line': b'writing top-level names to ../../build/yolo_detection/yolo_detection.egg-info/top_level.txt\n'}
[3.306827] (image_viewer) StdoutLine: {'line': b'Installing image_viewer_node script to /home/dtc/humanflow/ros2_ghadron_gimbal/install/image_viewer/lib/image_viewer\n'}
[3.308673] (image_viewer) StdoutLine: {'line': b"writing list of installed files to '/home/dtc/humanflow/ros2_ghadron_gimbal/build/image_viewer/install.log'\n"}
[3.315549] (yolo_detection) StdoutLine: {'line': b"reading manifest file '../../build/yolo_detection/yolo_detection.egg-info/SOURCES.txt'\n"}
[3.317200] (-) TimerEvent: {}
[3.317480] (yolo_detection) StdoutLine: {'line': b"writing manifest file '../../build/yolo_detection/yolo_detection.egg-info/SOURCES.txt'\n"}
[3.318498] (yolo_detection) StdoutLine: {'line': b'running build\n'}
[3.319432] (yolo_detection) StdoutLine: {'line': b'running build_py\n'}
[3.320739] (yolo_detection) StdoutLine: {'line': b'running install\n'}
[3.321723] (yolo_detection) StdoutLine: {'line': b'running install_lib\n'}
[3.322662] (yolo_detection) StdoutLine: {'line': b'running install_data\n'}
[3.328848] (yolo_detection) StdoutLine: {'line': b'running install_egg_info\n'}
[3.354160] (yolo_detection) StdoutLine: {'line': b"removing '/home/dtc/humanflow/ros2_ghadron_gimbal/install/yolo_detection/lib/python3.10/site-packages/yolo_detection-0.0.1-py3.10.egg-info' (and everything under it)\n"}
[3.354427] (yolo_detection) StdoutLine: {'line': b'Copying ../../build/yolo_detection/yolo_detection.egg-info to /home/dtc/humanflow/ros2_ghadron_gimbal/install/yolo_detection/lib/python3.10/site-packages/yolo_detection-0.0.1-py3.10.egg-info\n'}
[3.354588] (yolo_detection) StdoutLine: {'line': b'running install_scripts\n'}
[3.416414] (image_viewer) CommandEnded: {'returncode': 0}
[3.418019] (-) TimerEvent: {}
[3.428413] (image_viewer) JobEnded: {'identifier': 'image_viewer', 'rc': 0}
[3.430533] (yolo_detection) StdoutLine: {'line': b'Installing yolo_detection_node script to /home/dtc/humanflow/ros2_ghadron_gimbal/install/yolo_detection/lib/yolo_detection\n'}
[3.431624] (yolo_detection) StdoutLine: {'line': b"writing list of installed files to '/home/dtc/humanflow/ros2_ghadron_gimbal/build/yolo_detection/install.log'\n"}
[3.439702] (stream_publisher) Command: {'cmd': ['/usr/bin/python3', '-W', 'ignore:setup.py install is deprecated', '-W', 'ignore:easy_install command is deprecated', 'setup.py', 'egg_info', '--egg-base', '../../build/stream_publisher', 'build', '--build-base', '/home/dtc/humanflow/ros2_ghadron_gimbal/build/stream_publisher/build', 'install', '--record', '/home/dtc/humanflow/ros2_ghadron_gimbal/build/stream_publisher/install.log', '--single-version-externally-managed', 'install_data'], 'cwd': '/home/dtc/humanflow/ros2_ghadron_gimbal/src/stream_publisher', 'env': {'RCUTILS_LOGGING_BUFFERED_STREAM': '1', 'HOSTNAME': 'dtc-desktop', 'SHLVL': '1', 'RCUTILS_CONSOLE_OUTPUT_FORMAT': '[{severity}] [{name}]: {message}', 'LD_LIBRARY_PATH': '/opt/ros/humble/lib/aarch64-linux-gnu:/opt/ros/humble/lib', 'HOME': '/root', 'OLDPWD': '/home/dtc/humanflow/ros2_ghadron_gimbal', 'ROS_PYTHON_VERSION': '3', 'ROS_DISTRO': 'humble', '_': '/usr/bin/colcon', 'ROS_VERSION': '2', 'NVIDIA_DRIVER_CAPABILITIES': 'all', 'ROS_LOCALHOST_ONLY': '0', 'QT_X11_NO_MITSHM': '1', 'PATH': '/opt/ros/humble/bin:/usr/local/sbin:/usr/local/bin:/usr/sbin:/usr/bin:/sbin:/bin', 'DISPLAY': '', 'LANG': 'C.UTF-8', 'ROS_DOMAIN_ID': '70', 'AMENT_PREFIX_PATH': '/opt/ros/humble', 'RCUTILS_LOGGING_USE_STDOUT': '1', 'PWD': '/home/dtc/humanflow/ros2_ghadron_gimbal/build/stream_publisher', 'LC_ALL': 'C.UTF-8', 'RCUTILS_COLORIZED_OUTPUT': '1', 'PYTHONPATH': '/home/dtc/humanflow/ros2_ghadron_gimbal/build/stream_publisher/prefix_override:/usr/lib/python3/dist-packages/colcon_core/task/python/colcon_distutils_commands:/home/dtc/humanflow/ros2_ghadron_gimbal/install/stream_publisher/lib/python3.10/site-packages:/opt/ros/humble/lib/python3.10/site-packages:/opt/ros/humble/local/lib/python3.10/dist-packages', 'NVIDIA_VISIBLE_DEVICES': 'void', 'COLCON': '1'}, 'shell': False}
[3.496460] (yolo_detection) CommandEnded: {'returncode': 0}
[3.511416] (yolo_detection) JobEnded: {'identifier': 'yolo_detection', 'rc': 0}
[3.512292] (gimbal_bringup) JobStarted: {'identifier': 'gimbal_bringup'}
[3.518141] (-) TimerEvent: {}
[3.618439] (-) TimerEvent: {}
[3.719119] (-) TimerEvent: {}
[3.819785] (-) TimerEvent: {}
[3.920347] (-) TimerEvent: {}
[4.020773] (-) TimerEvent: {}
[4.041053] (stream_publisher) StdoutLine: {'line': b'running egg_info\n'}
[4.041905] (stream_publisher) StdoutLine: {'line': b'writing ../../build/stream_publisher/stream_publisher.egg-info/PKG-INFO\n'}
[4.042140] (stream_publisher) StdoutLine: {'line': b'writing dependency_links to ../../build/stream_publisher/stream_publisher.egg-info/dependency_links.txt\n'}
[4.042398] (stream_publisher) StdoutLine: {'line': b'writing entry points to ../../build/stream_publisher/stream_publisher.egg-info/entry_points.txt\n'}
[4.042593] (stream_publisher) StdoutLine: {'line': b'writing requirements to ../../build/stream_publisher/stream_publisher.egg-info/requires.txt\n'}
[4.042732] (stream_publisher) StdoutLine: {'line': b'writing top-level names to ../../build/stream_publisher/stream_publisher.egg-info/top_level.txt\n'}
[4.042860] (stream_publisher) StdoutLine: {'line': b"reading manifest file '../../build/stream_publisher/stream_publisher.egg-info/SOURCES.txt'\n"}
[4.042983] (stream_publisher) StdoutLine: {'line': b"writing manifest file '../../build/stream_publisher/stream_publisher.egg-info/SOURCES.txt'\n"}
[4.043103] (stream_publisher) StdoutLine: {'line': b'running build\n'}
[4.043226] (stream_publisher) StdoutLine: {'line': b'running build_py\n'}
[4.043349] (stream_publisher) StdoutLine: {'line': b'running install\n'}
[4.043465] (stream_publisher) StdoutLine: {'line': b'running install_lib\n'}
[4.043584] (stream_publisher) StdoutLine: {'line': b'running install_data\n'}
[4.043732] (stream_publisher) StdoutLine: {'line': b'running install_egg_info\n'}
[4.043855] (stream_publisher) StdoutLine: {'line': b"removing '/home/dtc/humanflow/ros2_ghadron_gimbal/install/stream_publisher/lib/python3.10/site-packages/stream_publisher-0.0.1-py3.10.egg-info' (and everything under it)\n"}
[4.043980] (stream_publisher) StdoutLine: {'line': b'Copying ../../build/stream_publisher/stream_publisher.egg-info to /home/dtc/humanflow/ros2_ghadron_gimbal/install/stream_publisher/lib/python3.10/site-packages/stream_publisher-0.0.1-py3.10.egg-info\n'}
[4.044144] (stream_publisher) StdoutLine: {'line': b'running install_scripts\n'}
[4.044273] (stream_publisher) StdoutLine: {'line': b'Installing stream_node script to /home/dtc/humanflow/ros2_ghadron_gimbal/install/stream_publisher/lib/stream_publisher\n'}
[4.044395] (stream_publisher) StdoutLine: {'line': b"writing list of installed files to '/home/dtc/humanflow/ros2_ghadron_gimbal/build/stream_publisher/install.log'\n"}
[4.045925] (stream_publisher) CommandEnded: {'returncode': 0}
[4.060268] (stream_publisher) JobEnded: {'identifier': 'stream_publisher', 'rc': 0}
[4.120919] (-) TimerEvent: {}
[4.221278] (-) TimerEvent: {}
[4.321643] (-) TimerEvent: {}
[4.421995] (-) TimerEvent: {}
[4.522360] (-) TimerEvent: {}
[4.623022] (-) TimerEvent: {}
[4.717320] (gimbal_bringup) Command: {'cmd': ['/usr/bin/python3', '-W', 'ignore:setup.py install is deprecated', '-W', 'ignore:easy_install command is deprecated', 'setup.py', 'egg_info', '--egg-base', '../../build/gimbal_bringup', 'build', '--build-base', '/home/dtc/humanflow/ros2_ghadron_gimbal/build/gimbal_bringup/build', 'install', '--record', '/home/dtc/humanflow/ros2_ghadron_gimbal/build/gimbal_bringup/install.log', '--single-version-externally-managed', 'install_data'], 'cwd': '/home/dtc/humanflow/ros2_ghadron_gimbal/src/gimbal_bringup', 'env': {'RCUTILS_LOGGING_BUFFERED_STREAM': '1', 'HOSTNAME': 'dtc-desktop', 'SHLVL': '1', 'RCUTILS_CONSOLE_OUTPUT_FORMAT': '[{severity}] [{name}]: {message}', 'LD_LIBRARY_PATH': '/opt/ros/humble/lib/aarch64-linux-gnu:/opt/ros/humble/lib', 'HOME': '/root', 'OLDPWD': '/home/dtc/humanflow/ros2_ghadron_gimbal', 'ROS_PYTHON_VERSION': '3', 'ROS_DISTRO': 'humble', '_': '/usr/bin/colcon', 'ROS_VERSION': '2', 'NVIDIA_DRIVER_CAPABILITIES': 'all', 'ROS_LOCALHOST_ONLY': '0', 'QT_X11_NO_MITSHM': '1', 'PATH': '/opt/ros/humble/bin:/usr/local/sbin:/usr/local/bin:/usr/sbin:/usr/bin:/sbin:/bin', 'DISPLAY': '', 'LANG': 'C.UTF-8', 'ROS_DOMAIN_ID': '70', 'AMENT_PREFIX_PATH': '/home/dtc/humanflow/ros2_ghadron_gimbal/install/yolo_detection:/home/dtc/humanflow/ros2_ghadron_gimbal/install/human_tracking:/home/dtc/humanflow/ros2_ghadron_gimbal/install/gimbal_status:/home/dtc/humanflow/ros2_ghadron_gimbal/install/gimbal_angle_control:/home/dtc/humanflow/ros2_ghadron_gimbal/install/eo_zoom:/opt/ros/humble', 'RCUTILS_LOGGING_USE_STDOUT': '1', 'PWD': '/home/dtc/humanflow/ros2_ghadron_gimbal/build/gimbal_bringup', 'LC_ALL': 'C.UTF-8', 'RCUTILS_COLORIZED_OUTPUT': '1', 'PYTHONPATH': '/home/dtc/humanflow/ros2_ghadron_gimbal/build/gimbal_bringup/prefix_override:/usr/lib/python3/dist-packages/colcon_core/task/python/colcon_distutils_commands:/home/dtc/humanflow/ros2_ghadron_gimbal/install/gimbal_bringup/lib/python3.10/site-packages:/home/dtc/humanflow/ros2_ghadron_gimbal/install/yolo_detection/lib/python3.10/site-packages:/home/dtc/humanflow/ros2_ghadron_gimbal/install/human_tracking/lib/python3.10/site-packages:/opt/ros/humble/lib/python3.10/site-packages:/opt/ros/humble/local/lib/python3.10/dist-packages', 'NVIDIA_VISIBLE_DEVICES': 'void', 'COLCON': '1', 'CMAKE_PREFIX_PATH': '/home/dtc/humanflow/ros2_ghadron_gimbal/install/gimbal_status:/home/dtc/humanflow/ros2_ghadron_gimbal/install/gimbal_angle_control:/home/dtc/humanflow/ros2_ghadron_gimbal/install/eo_zoom'}, 'shell': False}
[4.723097] (-) TimerEvent: {}
[4.823356] (-) TimerEvent: {}
[4.923717] (-) TimerEvent: {}
[5.024469] (-) TimerEvent: {}
[5.124839] (-) TimerEvent: {}
[5.140307] (gimbal_bringup) StdoutLine: {'line': b'running egg_info\n'}
[5.141676] (gimbal_bringup) StdoutLine: {'line': b'writing ../../build/gimbal_bringup/gimbal_bringup.egg-info/PKG-INFO\n'}
[5.142258] (gimbal_bringup) StdoutLine: {'line': b'writing dependency_links to ../../build/gimbal_bringup/gimbal_bringup.egg-info/dependency_links.txt\n'}
[5.142642] (gimbal_bringup) StdoutLine: {'line': b'writing entry points to ../../build/gimbal_bringup/gimbal_bringup.egg-info/entry_points.txt\n'}
[5.143093] (gimbal_bringup) StdoutLine: {'line': b'writing requirements to ../../build/gimbal_bringup/gimbal_bringup.egg-info/requires.txt\n'}
[5.143279] (gimbal_bringup) StdoutLine: {'line': b'writing top-level names to ../../build/gimbal_bringup/gimbal_bringup.egg-info/top_level.txt\n'}
[5.146753] (gimbal_bringup) StdoutLine: {'line': b"reading manifest file '../../build/gimbal_bringup/gimbal_bringup.egg-info/SOURCES.txt'\n"}
[5.148494] (gimbal_bringup) StdoutLine: {'line': b"writing manifest file '../../build/gimbal_bringup/gimbal_bringup.egg-info/SOURCES.txt'\n"}
[5.148884] (gimbal_bringup) StdoutLine: {'line': b'running build\n'}
[5.149057] (gimbal_bringup) StdoutLine: {'line': b'running build_py\n'}
[5.149303] (gimbal_bringup) StdoutLine: {'line': b'running install\n'}
[5.152750] (gimbal_bringup) StdoutLine: {'line': b'running install_lib\n'}
[5.155486] (gimbal_bringup) StdoutLine: {'line': b'running install_data\n'}
[5.156204] (gimbal_bringup) StdoutLine: {'line': b'running install_egg_info\n'}
[5.159944] (gimbal_bringup) StdoutLine: {'line': b"removing '/home/dtc/humanflow/ros2_ghadron_gimbal/install/gimbal_bringup/lib/python3.10/site-packages/gimbal_bringup-0.0.1-py3.10.egg-info' (and everything under it)\n"}
[5.160737] (gimbal_bringup) StdoutLine: {'line': b'Copying ../../build/gimbal_bringup/gimbal_bringup.egg-info to /home/dtc/humanflow/ros2_ghadron_gimbal/install/gimbal_bringup/lib/python3.10/site-packages/gimbal_bringup-0.0.1-py3.10.egg-info\n'}
[5.162957] (gimbal_bringup) StdoutLine: {'line': b'running install_scripts\n'}
[5.207144] (gimbal_bringup) StdoutLine: {'line': b"writing list of installed files to '/home/dtc/humanflow/ros2_ghadron_gimbal/build/gimbal_bringup/install.log'\n"}
[5.225010] (-) TimerEvent: {}
[5.276091] (gimbal_bringup) CommandEnded: {'returncode': 0}
[5.300332] (gimbal_bringup) JobEnded: {'identifier': 'gimbal_bringup', 'rc': 0}
[5.302329] (-) EventReactorShutdown: {}
