running egg_info
creating ../../build/yolo_detection/yolo_detection.egg-info
writing ../../build/yolo_detection/yolo_detection.egg-info/PKG-INFO
writing dependency_links to ../../build/yolo_detection/yolo_detection.egg-info/dependency_links.txt
writing entry points to ../../build/yolo_detection/yolo_detection.egg-info/entry_points.txt
writing requirements to ../../build/yolo_detection/yolo_detection.egg-info/requires.txt
writing top-level names to ../../build/yolo_detection/yolo_detection.egg-info/top_level.txt
writing manifest file '../../build/yolo_detection/yolo_detection.egg-info/SOURCES.txt'
reading manifest file '../../build/yolo_detection/yolo_detection.egg-info/SOURCES.txt'
writing manifest file '../../build/yolo_detection/yolo_detection.egg-info/SOURCES.txt'
running build
running build_py
creating /home/dtc/humanflow/ros2_ghadron_gimbal/build/yolo_detection/build
creating /home/dtc/humanflow/ros2_ghadron_gimbal/build/yolo_detection/build/lib
creating /home/dtc/humanflow/ros2_ghadron_gimbal/build/yolo_detection/build/lib/yolo_detection
copying yolo_detection/__init__.py -> /home/dtc/humanflow/ros2_ghadron_gimbal/build/yolo_detection/build/lib/yolo_detection
copying yolo_detection/yolo_detection_node.py -> /home/dtc/humanflow/ros2_ghadron_gimbal/build/yolo_detection/build/lib/yolo_detection
running install
running install_lib
creating /home/dtc/humanflow/ros2_ghadron_gimbal/install/yolo_detection/lib/python3.10/site-packages/yolo_detection
copying /home/dtc/humanflow/ros2_ghadron_gimbal/build/yolo_detection/build/lib/yolo_detection/__init__.py -> /home/dtc/humanflow/ros2_ghadron_gimbal/install/yolo_detection/lib/python3.10/site-packages/yolo_detection
copying /home/dtc/humanflow/ros2_ghadron_gimbal/build/yolo_detection/build/lib/yolo_detection/yolo_detection_node.py -> /home/dtc/humanflow/ros2_ghadron_gimbal/install/yolo_detection/lib/python3.10/site-packages/yolo_detection
byte-compiling /home/dtc/humanflow/ros2_ghadron_gimbal/install/yolo_detection/lib/python3.10/site-packages/yolo_detection/__init__.py to __init__.cpython-310.pyc
byte-compiling /home/dtc/humanflow/ros2_ghadron_gimbal/install/yolo_detection/lib/python3.10/site-packages/yolo_detection/yolo_detection_node.py to yolo_detection_node.cpython-310.pyc
running install_data
creating /home/dtc/humanflow/ros2_ghadron_gimbal/install/yolo_detection/share/ament_index
creating /home/dtc/humanflow/ros2_ghadron_gimbal/install/yolo_detection/share/ament_index/resource_index
creating /home/dtc/humanflow/ros2_ghadron_gimbal/install/yolo_detection/share/ament_index/resource_index/packages
copying resource/yolo_detection -> /home/dtc/humanflow/ros2_ghadron_gimbal/install/yolo_detection/share/ament_index/resource_index/packages
copying package.xml -> /home/dtc/humanflow/ros2_ghadron_gimbal/install/yolo_detection/share/yolo_detection
running install_egg_info
Copying ../../build/yolo_detection/yolo_detection.egg-info to /home/dtc/humanflow/ros2_ghadron_gimbal/install/yolo_detection/lib/python3.10/site-packages/yolo_detection-0.0.1-py3.10.egg-info
running install_scripts
Installing yolo_detection_node script to /home/dtc/humanflow/ros2_ghadron_gimbal/install/yolo_detection/lib/yolo_detection
writing list of installed files to '/home/dtc/humanflow/ros2_ghadron_gimbal/build/yolo_detection/install.log'
