[0.031s] Invoking command in '/home/dtc/humanflow/ros2_ghadron_gimbal/build/eo_zoom': /usr/bin/cmake --build /home/dtc/humanflow/ros2_ghadron_gimbal/build/eo_zoom -- -j4 -l4
[0.125s] [35m[1mConsolidate compiler generated dependencies of target eo_zoom_node[0m
[0.185s] [100%] Built target eo_zoom_node
[0.470s] Invoked command in '/home/dtc/humanflow/ros2_ghadron_gimbal/build/eo_zoom' returned '0': /usr/bin/cmake --build /home/dtc/humanflow/ros2_ghadron_gimbal/build/eo_zoom -- -j4 -l4
[0.489s] Invoking command in '/home/dtc/humanflow/ros2_ghadron_gimbal/build/eo_zoom': /usr/bin/cmake --install /home/dtc/humanflow/ros2_ghadron_gimbal/build/eo_zoom
[0.505s] -- Install configuration: "Debug"
[0.506s] -- Up-to-date: /home/dtc/humanflow/ros2_ghadron_gimbal/install/eo_zoom/lib/eo_zoom/eo_zoom_node
[0.506s] -- Up-to-date: /home/dtc/humanflow/ros2_ghadron_gimbal/install/eo_zoom/share/ament_index/resource_index/package_run_dependencies/eo_zoom
[0.507s] -- Up-to-date: /home/dtc/humanflow/ros2_ghadron_gimbal/install/eo_zoom/share/ament_index/resource_index/parent_prefix_path/eo_zoom
[0.507s] -- Up-to-date: /home/dtc/humanflow/ros2_ghadron_gimbal/install/eo_zoom/share/eo_zoom/environment/ament_prefix_path.sh
[0.507s] -- Up-to-date: /home/dtc/humanflow/ros2_ghadron_gimbal/install/eo_zoom/share/eo_zoom/environment/ament_prefix_path.dsv
[0.507s] -- Up-to-date: /home/dtc/humanflow/ros2_ghadron_gimbal/install/eo_zoom/share/eo_zoom/environment/path.sh
[0.507s] -- Up-to-date: /home/dtc/humanflow/ros2_ghadron_gimbal/install/eo_zoom/share/eo_zoom/environment/path.dsv
[0.507s] -- Up-to-date: /home/dtc/humanflow/ros2_ghadron_gimbal/install/eo_zoom/share/eo_zoom/local_setup.bash
[0.508s] -- Up-to-date: /home/dtc/humanflow/ros2_ghadron_gimbal/install/eo_zoom/share/eo_zoom/local_setup.sh
[0.508s] -- Up-to-date: /home/dtc/humanflow/ros2_ghadron_gimbal/install/eo_zoom/share/eo_zoom/local_setup.zsh
[0.508s] -- Up-to-date: /home/dtc/humanflow/ros2_ghadron_gimbal/install/eo_zoom/share/eo_zoom/local_setup.dsv
[0.508s] -- Installing: /home/dtc/humanflow/ros2_ghadron_gimbal/install/eo_zoom/share/eo_zoom/package.dsv
[0.509s] -- Up-to-date: /home/dtc/humanflow/ros2_ghadron_gimbal/install/eo_zoom/share/ament_index/resource_index/packages/eo_zoom
[0.509s] -- Up-to-date: /home/dtc/humanflow/ros2_ghadron_gimbal/install/eo_zoom/share/eo_zoom/cmake/eo_zoomConfig.cmake
[0.509s] -- Up-to-date: /home/dtc/humanflow/ros2_ghadron_gimbal/install/eo_zoom/share/eo_zoom/cmake/eo_zoomConfig-version.cmake
[0.509s] -- Up-to-date: /home/dtc/humanflow/ros2_ghadron_gimbal/install/eo_zoom/share/eo_zoom/package.xml
[0.529s] Invoked command in '/home/dtc/humanflow/ros2_ghadron_gimbal/build/eo_zoom' returned '0': /usr/bin/cmake --install /home/dtc/humanflow/ros2_ghadron_gimbal/build/eo_zoom
