[0.037s] Invoking command in '/home/dtc/humanflow/ros2_ghadron_gimbal/build/ir_image': CMAKE_PREFIX_PATH=/opt/ros/humble /usr/bin/cmake /home/dtc/humanflow/ros2_ghadron_gimbal/src/ir_image -DGHADRON=1 -DCMAKE_INSTALL_PREFIX=/home/dtc/humanflow/ros2_ghadron_gimbal/install/ir_image
[0.173s] -- The C compiler identification is GNU 11.4.0
[0.373s] -- The CXX compiler identification is GNU 11.4.0
[0.406s] -- Detecting C compiler ABI info
[0.637s] -- Detecting C compiler ABI info - done
[0.667s] -- Check for working C compiler: /usr/bin/cc - skipped
[0.669s] -- Detecting C compile features
[0.671s] -- Detecting C compile features - done
[0.680s] -- Detecting CXX compiler ABI info
[0.882s] -- Detecting CXX compiler ABI info - done
[0.897s] -- Check for working CXX compiler: /usr/bin/c++ - skipped
[0.897s] -- Detecting CXX compile features
[0.898s] -- Detecting CXX compile features - done
[0.903s] [0m-- GHADRON: 1[0m
[0.907s] -- Found ament_cmake: 1.3.11 (/opt/ros/humble/share/ament_cmake/cmake)
[1.209s] -- Found Python3: /usr/bin/python3 (found version "3.10.12") found components: Interpreter 
[1.405s] -- Found rclcpp: 16.0.11 (/opt/ros/humble/share/rclcpp/cmake)
[1.479s] -- Found rosidl_generator_c: 3.1.6 (/opt/ros/humble/share/rosidl_generator_c/cmake)
[1.489s] -- Found rosidl_adapter: 3.1.6 (/opt/ros/humble/share/rosidl_adapter/cmake)
[1.509s] -- Found rosidl_generator_cpp: 3.1.6 (/opt/ros/humble/share/rosidl_generator_cpp/cmake)
[1.535s] -- Using all available rosidl_typesupport_c: rosidl_typesupport_fastrtps_c;rosidl_typesupport_introspection_c
[1.568s] -- Using all available rosidl_typesupport_cpp: rosidl_typesupport_fastrtps_cpp;rosidl_typesupport_introspection_cpp
[1.659s] -- Found rmw_implementation_cmake: 6.1.2 (/opt/ros/humble/share/rmw_implementation_cmake/cmake)
[1.665s] -- Found rmw_fastrtps_cpp: 6.2.7 (/opt/ros/humble/share/rmw_fastrtps_cpp/cmake)
[1.851s] -- Found OpenSSL: /usr/lib/aarch64-linux-gnu/libcrypto.so (found version "3.0.2")  
[1.902s] -- Found FastRTPS: /opt/ros/humble/include  
[1.996s] -- Using RMW implementation 'rmw_fastrtps_cpp' as default
[2.017s] -- Looking for pthread.h
[2.214s] -- Looking for pthread.h - found
[2.215s] -- Performing Test CMAKE_HAVE_LIBC_PTHREAD
[2.397s] -- Performing Test CMAKE_HAVE_LIBC_PTHREAD - Success
[2.399s] -- Found Threads: TRUE  
[2.508s] -- Found sensor_msgs: 4.2.4 (/opt/ros/humble/share/sensor_msgs/cmake)
[2.584s] -- Found cv_bridge: 3.2.1 (/opt/ros/humble/share/cv_bridge/cmake)
[2.762s] -- Found OpenCV: /usr (found version "4.5.4") 
[2.858s] -- Found CURL: /usr/lib/aarch64-linux-gnu/libcurl.so (found version "7.81.0")  
[4.302s] -- Configuring done
[4.364s] -- Generating done
[4.384s] -- Build files have been written to: /home/dtc/humanflow/ros2_ghadron_gimbal/build/ir_image
[4.413s] Invoked command in '/home/dtc/humanflow/ros2_ghadron_gimbal/build/ir_image' returned '0': CMAKE_PREFIX_PATH=/opt/ros/humble /usr/bin/cmake /home/dtc/humanflow/ros2_ghadron_gimbal/src/ir_image -DGHADRON=1 -DCMAKE_INSTALL_PREFIX=/home/dtc/humanflow/ros2_ghadron_gimbal/install/ir_image
[4.413s] Invoking command in '/home/dtc/humanflow/ros2_ghadron_gimbal/build/ir_image': CMAKE_PREFIX_PATH=/opt/ros/humble /usr/bin/cmake --build /home/dtc/humanflow/ros2_ghadron_gimbal/build/ir_image -- -j4 -l4
[4.525s] [ 50%] [32mBuilding CXX object CMakeFiles/ir_image_node.dir/src/ir_image_node.cpp.o[0m
[13.635s] In file included from [01m[K/home/dtc/humanflow/ros2_ghadron_gimbal/src/ir_image/../PayloadSdk/libs/gSDK/src/mavlink/include/mavlink/v2.0/common/../protocol.h:4[m[K,
[13.635s]                  from [01m[K/home/dtc/humanflow/ros2_ghadron_gimbal/src/ir_image/../PayloadSdk/libs/gSDK/src/mavlink/include/mavlink/v2.0/common/common.h:30[m[K,
[13.635s]                  from [01m[K/home/dtc/humanflow/ros2_ghadron_gimbal/src/ir_image/../PayloadSdk/libs/gSDK/src/mavlink/include/mavlink/v2.0/common/mavlink.h:32[m[K,
[13.636s]                  from [01m[K/home/dtc/humanflow/ros2_ghadron_gimbal/src/ir_image/../PayloadSdk/libs/aarch64/payloadsdk.h:5[m[K,
[13.636s]                  from [01m[K/home/dtc/humanflow/ros2_ghadron_gimbal/src/ir_image/../PayloadSdk/libs/aarch64/payloadSdkInterface.h:5[m[K,
[13.636s]                  from [01m[K/home/dtc/humanflow/ros2_ghadron_gimbal/src/ir_image/src/ir_image_node.cpp:4[m[K:
[13.636s] [01m[K/home/dtc/humanflow/ros2_ghadron_gimbal/src/ir_image/../PayloadSdk/libs/gSDK/src/mavlink/include/mavlink/v2.0/common/../mavlink_types.h:78:12:[m[K [01;35m[Kwarning: [m[KISO C++ prohibits anonymous structs [[01;35m[K-Wpedantic[m[K]
[13.636s]    78 |     struct [01;35m[K{[m[K
[13.636s]       |            [01;35m[K^[m[K
[13.636s] [01m[K/home/dtc/humanflow/ros2_ghadron_gimbal/src/ir_image/../PayloadSdk/libs/gSDK/src/mavlink/include/mavlink/v2.0/common/../mavlink_types.h:17:40:[m[K [01;36m[Knote: [m[Kin definition of macro ‘[01m[KMAVPACKED[m[K’
[13.636s]    17 |   #define MAVPACKED( __Declaration__ ) [01;36m[K__Declaration__[m[K __attribute__((packed))
[13.637s]       |                                        [01;36m[K^~~~~~~~~~~~~~~[m[K
[13.790s] In file included from [01m[K/home/dtc/humanflow/ros2_ghadron_gimbal/src/ir_image/../PayloadSdk/libs/gSDK/src/mavlink/include/mavlink/v2.0/common/common.h:2567[m[K,
[13.790s]                  from [01m[K/home/dtc/humanflow/ros2_ghadron_gimbal/src/ir_image/../PayloadSdk/libs/gSDK/src/mavlink/include/mavlink/v2.0/common/mavlink.h:32[m[K,
[13.790s]                  from [01m[K/home/dtc/humanflow/ros2_ghadron_gimbal/src/ir_image/../PayloadSdk/libs/aarch64/payloadsdk.h:5[m[K,
[13.791s]                  from [01m[K/home/dtc/humanflow/ros2_ghadron_gimbal/src/ir_image/../PayloadSdk/libs/aarch64/payloadSdkInterface.h:5[m[K,
[13.791s]                  from [01m[K/home/dtc/humanflow/ros2_ghadron_gimbal/src/ir_image/src/ir_image_node.cpp:4[m[K:
[13.791s] [01m[K/home/dtc/humanflow/ros2_ghadron_gimbal/src/ir_image/../PayloadSdk/libs/gSDK/src/mavlink/include/mavlink/v2.0/common/./mavlink_msg_set_attitude_target.h:[m[K In function ‘[01m[Kuint16_t mavlink_msg_set_attitude_target_encode(uint8_t, uint8_t, mavlink_message_t*, const mavlink_set_attitude_target_t*)[m[K’:
[13.791s] [01m[K/home/dtc/humanflow/ros2_ghadron_gimbal/src/ir_image/../PayloadSdk/libs/gSDK/src/mavlink/include/mavlink/v2.0/common/./mavlink_msg_set_attitude_target.h:183:242:[m[K [01;35m[Kwarning: [m[Ktaking address of packed member of ‘[01m[K__mavlink_set_attitude_target_t[m[K’ may result in an unaligned pointer value [[01;35m[K-Waddress-of-packed-member[m[K]
[13.791s]   183 | tude_target->target_component, set_attitude_target->type_mask, [01;35m[Kset_attitude_target->q[m[K, set_attitude_target->body_roll_rate, set_attitude_target->body_pitch_rate, set_attitude_target->body_yaw_rate, set_attitude_target->thrust, set_attitude_target->thrust_body);
[13.791s]       |                                                                [01;35m[K~~~~~~~~~~~~~~~~~~~~~^[m[K
[13.791s] 
[13.791s] In file included from [01m[K/home/dtc/humanflow/ros2_ghadron_gimbal/src/ir_image/../PayloadSdk/libs/gSDK/src/mavlink/include/mavlink/v2.0/common/common.h:2567[m[K,
[13.792s]                  from [01m[K/home/dtc/humanflow/ros2_ghadron_gimbal/src/ir_image/../PayloadSdk/libs/gSDK/src/mavlink/include/mavlink/v2.0/common/mavlink.h:32[m[K,
[13.792s]                  from [01m[K/home/dtc/humanflow/ros2_ghadron_gimbal/src/ir_image/../PayloadSdk/libs/aarch64/payloadsdk.h:5[m[K,
[13.792s]                  from [01m[K/home/dtc/humanflow/ros2_ghadron_gimbal/src/ir_image/../PayloadSdk/libs/aarch64/payloadSdkInterface.h:5[m[K,
[13.792s]                  from [01m[K/home/dtc/humanflow/ros2_ghadron_gimbal/src/ir_image/src/ir_image_node.cpp:4[m[K:
[13.792s] [01m[K/home/dtc/humanflow/ros2_ghadron_gimbal/src/ir_image/../PayloadSdk/libs/gSDK/src/mavlink/include/mavlink/v2.0/common/./mavlink_msg_set_attitude_target.h:183:406:[m[K [01;35m[Kwarning: [m[Ktaking address of packed member of ‘[01m[K__mavlink_set_attitude_target_t[m[K’ may result in an unaligned pointer value [[01;35m[K-Waddress-of-packed-member[m[K]
[13.792s]   183 | t_attitude_target->body_yaw_rate, set_attitude_target->thrust, [01;35m[Kset_attitude_target->thrust_body[m[K);
[13.792s]       |                                                                [01;35m[K~~~~~~~~~~~~~~~~~~~~~^~~~~~~~~~~[m[K
[13.792s] 
[13.792s] [01m[K/home/dtc/humanflow/ros2_ghadron_gimbal/src/ir_image/../PayloadSdk/libs/gSDK/src/mavlink/include/mavlink/v2.0/common/./mavlink_msg_set_attitude_target.h:[m[K In function ‘[01m[Kuint16_t mavlink_msg_set_attitude_target_encode_chan(uint8_t, uint8_t, uint8_t, mavlink_message_t*, const mavlink_set_attitude_target_t*)[m[K’:
[13.793s] [01m[K/home/dtc/humanflow/ros2_ghadron_gimbal/src/ir_image/../PayloadSdk/libs/gSDK/src/mavlink/include/mavlink/v2.0/common/./mavlink_msg_set_attitude_target.h:197:253:[m[K [01;35m[Kwarning: [m[Ktaking address of packed member of ‘[01m[K__mavlink_set_attitude_target_t[m[K’ may result in an unaligned pointer value [[01;35m[K-Waddress-of-packed-member[m[K]
[13.793s]   197 | tude_target->target_component, set_attitude_target->type_mask, [01;35m[Kset_attitude_target->q[m[K, set_attitude_target->body_roll_rate, set_attitude_target->body_pitch_rate, set_attitude_target->body_yaw_rate, set_attitude_target->thrust, set_attitude_target->thrust_body);
[13.793s]       |                                                                [01;35m[K~~~~~~~~~~~~~~~~~~~~~^[m[K
[13.793s] 
[13.793s] [01m[K/home/dtc/humanflow/ros2_ghadron_gimbal/src/ir_image/../PayloadSdk/libs/gSDK/src/mavlink/include/mavlink/v2.0/common/./mavlink_msg_set_attitude_target.h:197:417:[m[K [01;35m[Kwarning: [m[Ktaking address of packed member of ‘[01m[K__mavlink_set_attitude_target_t[m[K’ may result in an unaligned pointer value [[01;35m[K-Waddress-of-packed-member[m[K]
[13.793s]   197 | t_attitude_target->body_yaw_rate, set_attitude_target->thrust, [01;35m[Kset_attitude_target->thrust_body[m[K);
[13.793s]       |                                                                [01;35m[K~~~~~~~~~~~~~~~~~~~~~^~~~~~~~~~~[m[K
[13.793s] 
[13.890s] In file included from [01m[K/home/dtc/humanflow/ros2_ghadron_gimbal/src/ir_image/../PayloadSdk/libs/gSDK/src/mavlink/include/mavlink/v2.0/common/common.h:2610[m[K,
[13.890s]                  from [01m[K/home/dtc/humanflow/ros2_ghadron_gimbal/src/ir_image/../PayloadSdk/libs/gSDK/src/mavlink/include/mavlink/v2.0/common/mavlink.h:32[m[K,
[13.891s]                  from [01m[K/home/dtc/humanflow/ros2_ghadron_gimbal/src/ir_image/../PayloadSdk/libs/aarch64/payloadsdk.h:5[m[K,
[13.891s]                  from [01m[K/home/dtc/humanflow/ros2_ghadron_gimbal/src/ir_image/../PayloadSdk/libs/aarch64/payloadSdkInterface.h:5[m[K,
[13.891s]                  from [01m[K/home/dtc/humanflow/ros2_ghadron_gimbal/src/ir_image/src/ir_image_node.cpp:4[m[K:
[13.891s] [01m[K/home/dtc/humanflow/ros2_ghadron_gimbal/src/ir_image/../PayloadSdk/libs/gSDK/src/mavlink/include/mavlink/v2.0/common/./mavlink_msg_distance_sensor.h:[m[K In function ‘[01m[Kuint16_t mavlink_msg_distance_sensor_encode(uint8_t, uint8_t, mavlink_message_t*, const mavlink_distance_sensor_t*)[m[K’:
[13.891s] [01m[K/home/dtc/humanflow/ros2_ghadron_gimbal/src/ir_image/../PayloadSdk/libs/gSDK/src/mavlink/include/mavlink/v2.0/common/./mavlink_msg_distance_sensor.h:200:387:[m[K [01;35m[Kwarning: [m[Ktaking address of packed member of ‘[01m[K__mavlink_distance_sensor_t[m[K’ may result in an unaligned pointer value [[01;35m[K-Waddress-of-packed-member[m[K]
[13.891s]   200 | e, distance_sensor->horizontal_fov, distance_sensor->vertical_fov, [01;35m[Kdistance_sensor->quaternion[m[K, distance_sensor->signal_quality);
[13.891s]       |                                                                    [01;35m[K~~~~~~~~~~~~~~~~~^~~~~~~~~~[m[K
[13.892s] 
[13.892s] [01m[K/home/dtc/humanflow/ros2_ghadron_gimbal/src/ir_image/../PayloadSdk/libs/gSDK/src/mavlink/include/mavlink/v2.0/common/./mavlink_msg_distance_sensor.h:[m[K In function ‘[01m[Kuint16_t mavlink_msg_distance_sensor_encode_chan(uint8_t, uint8_t, uint8_t, mavlink_message_t*, const mavlink_distance_sensor_t*)[m[K’:
[13.892s] [01m[K/home/dtc/humanflow/ros2_ghadron_gimbal/src/ir_image/../PayloadSdk/libs/gSDK/src/mavlink/include/mavlink/v2.0/common/./mavlink_msg_distance_sensor.h:214:398:[m[K [01;35m[Kwarning: [m[Ktaking address of packed member of ‘[01m[K__mavlink_distance_sensor_t[m[K’ may result in an unaligned pointer value [[01;35m[K-Waddress-of-packed-member[m[K]
[13.892s]   214 | e, distance_sensor->horizontal_fov, distance_sensor->vertical_fov, [01;35m[Kdistance_sensor->quaternion[m[K, distance_sensor->signal_quality);
[13.892s]       |                                                                    [01;35m[K~~~~~~~~~~~~~~~~~^~~~~~~~~~[m[K
[13.892s] 
[13.920s] In file included from [01m[K/home/dtc/humanflow/ros2_ghadron_gimbal/src/ir_image/../PayloadSdk/libs/gSDK/src/mavlink/include/mavlink/v2.0/common/common.h:2624[m[K,
[13.920s]                  from [01m[K/home/dtc/humanflow/ros2_ghadron_gimbal/src/ir_image/../PayloadSdk/libs/gSDK/src/mavlink/include/mavlink/v2.0/common/mavlink.h:32[m[K,
[13.920s]                  from [01m[K/home/dtc/humanflow/ros2_ghadron_gimbal/src/ir_image/../PayloadSdk/libs/aarch64/payloadsdk.h:5[m[K,
[13.920s]                  from [01m[K/home/dtc/humanflow/ros2_ghadron_gimbal/src/ir_image/../PayloadSdk/libs/aarch64/payloadSdkInterface.h:5[m[K,
[13.920s]                  from [01m[K/home/dtc/humanflow/ros2_ghadron_gimbal/src/ir_image/src/ir_image_node.cpp:4[m[K:
[13.920s] [01m[K/home/dtc/humanflow/ros2_ghadron_gimbal/src/ir_image/../PayloadSdk/libs/gSDK/src/mavlink/include/mavlink/v2.0/common/./mavlink_msg_battery_status.h:[m[K In function ‘[01m[Kuint16_t mavlink_msg_battery_status_encode(uint8_t, uint8_t, mavlink_message_t*, const mavlink_battery_status_t*)[m[K’:
[13.920s] [01m[K/home/dtc/humanflow/ros2_ghadron_gimbal/src/ir_image/../PayloadSdk/libs/gSDK/src/mavlink/include/mavlink/v2.0/common/./mavlink_msg_battery_status.h:219:195:[m[K [01;35m[Kwarning: [m[Ktaking address of packed member of ‘[01m[K__mavlink_battery_status_t[m[K’ may result in an unaligned pointer value [[01;35m[K-Waddress-of-packed-member[m[K]
[13.921s]   219 | attery_function, battery_status->type, battery_status->temperature, [01;35m[Kbattery_status->voltages[m[K, battery_status->current_battery, battery_status->current_consumed, battery_status->energy_consumed, battery_status->battery_remaining, battery_status->time_remaining, battery_status->charge_state, battery_status->voltages_ext, battery_status->mode, battery_status->fault_bitmask);
[13.921s]       |                                                                     [01;35m[K~~~~~~~~~~~~~~~~^~~~~~~~[m[K
[13.921s] 
[13.921s] [01m[K/home/dtc/humanflow/ros2_ghadron_gimbal/src/ir_image/../PayloadSdk/libs/gSDK/src/mavlink/include/mavlink/v2.0/common/./mavlink_msg_battery_status.h:219:418:[m[K [01;35m[Kwarning: [m[Ktaking address of packed member of ‘[01m[K__mavlink_battery_status_t[m[K’ may result in an unaligned pointer value [[01;35m[K-Waddress-of-packed-member[m[K]
[13.921s]   219 | ning, battery_status->time_remaining, battery_status->charge_state, [01;35m[Kbattery_status->voltages_ext[m[K, battery_status->mode, battery_status->fault_bitmask);
[13.921s]       |                                                                     [01;35m[K~~~~~~~~~~~~~~~~^~~~~~~~~~~~[m[K
[13.921s] 
[13.922s] [01m[K/home/dtc/humanflow/ros2_ghadron_gimbal/src/ir_image/../PayloadSdk/libs/gSDK/src/mavlink/include/mavlink/v2.0/common/./mavlink_msg_battery_status.h:[m[K In function ‘[01m[Kuint16_t mavlink_msg_battery_status_encode_chan(uint8_t, uint8_t, uint8_t, mavlink_message_t*, const mavlink_battery_status_t*)[m[K’:
[13.923s] [01m[K/home/dtc/humanflow/ros2_ghadron_gimbal/src/ir_image/../PayloadSdk/libs/gSDK/src/mavlink/include/mavlink/v2.0/common/./mavlink_msg_battery_status.h:233:206:[m[K [01;35m[Kwarning: [m[Ktaking address of packed member of ‘[01m[K__mavlink_battery_status_t[m[K’ may result in an unaligned pointer value [[01;35m[K-Waddress-of-packed-member[m[K]
[13.923s]   233 | attery_function, battery_status->type, battery_status->temperature, [01;35m[Kbattery_status->voltages[m[K, battery_status->current_battery, battery_status->current_consumed, battery_status->energy_consumed, battery_status->battery_remaining, battery_status->time_remaining, battery_status->charge_state, battery_status->voltages_ext, battery_status->mode, battery_status->fault_bitmask);
[13.923s]       |                                                                     [01;35m[K~~~~~~~~~~~~~~~~^~~~~~~~[m[K
[13.924s] 
[13.924s] [01m[K/home/dtc/humanflow/ros2_ghadron_gimbal/src/ir_image/../PayloadSdk/libs/gSDK/src/mavlink/include/mavlink/v2.0/common/./mavlink_msg_battery_status.h:233:429:[m[K [01;35m[Kwarning: [m[Ktaking address of packed member of ‘[01m[K__mavlink_battery_status_t[m[K’ may result in an unaligned pointer value [[01;35m[K-Waddress-of-packed-member[m[K]
[13.924s]   233 | ning, battery_status->time_remaining, battery_status->charge_state, [01;35m[Kbattery_status->voltages_ext[m[K, battery_status->mode, battery_status->fault_bitmask);
[13.925s]       |                                                                     [01;35m[K~~~~~~~~~~~~~~~~^~~~~~~~~~~~[m[K
[13.925s] 
[13.926s] In file included from [01m[K/home/dtc/humanflow/ros2_ghadron_gimbal/src/ir_image/../PayloadSdk/libs/gSDK/src/mavlink/include/mavlink/v2.0/common/common.h:2626[m[K,
[13.926s]                  from [01m[K/home/dtc/humanflow/ros2_ghadron_gimbal/src/ir_image/../PayloadSdk/libs/gSDK/src/mavlink/include/mavlink/v2.0/common/mavlink.h:32[m[K,
[13.926s]                  from [01m[K/home/dtc/humanflow/ros2_ghadron_gimbal/src/ir_image/../PayloadSdk/libs/aarch64/payloadsdk.h:5[m[K,
[13.927s]                  from [01m[K/home/dtc/humanflow/ros2_ghadron_gimbal/src/ir_image/../PayloadSdk/libs/aarch64/payloadSdkInterface.h:5[m[K,
[13.927s]                  from [01m[K/home/dtc/humanflow/ros2_ghadron_gimbal/src/ir_image/src/ir_image_node.cpp:4[m[K:
[13.927s] [01m[K/home/dtc/humanflow/ros2_ghadron_gimbal/src/ir_image/../PayloadSdk/libs/gSDK/src/mavlink/include/mavlink/v2.0/common/./mavlink_msg_landing_target.h:[m[K In function ‘[01m[Kuint16_t mavlink_msg_landing_target_encode(uint8_t, uint8_t, mavlink_message_t*, const mavlink_landing_target_t*)[m[K’:
[13.927s] [01m[K/home/dtc/humanflow/ros2_ghadron_gimbal/src/ir_image/../PayloadSdk/libs/gSDK/src/mavlink/include/mavlink/v2.0/common/./mavlink_msg_landing_target.h:218:349:[m[K [01;35m[Kwarning: [m[Ktaking address of packed member of ‘[01m[K__mavlink_landing_target_t[m[K’ may result in an unaligned pointer value [[01;35m[K-Waddress-of-packed-member[m[K]
[13.927s]   218 | t->size_y, landing_target->x, landing_target->y, landing_target->z, [01;35m[Klanding_target->q[m[K, landing_target->type, landing_target->position_valid);
[13.927s]       |                                                                     [01;35m[K~~~~~~~~~~~~~~~~^[m[K
[13.927s] 
[13.927s] [01m[K/home/dtc/humanflow/ros2_ghadron_gimbal/src/ir_image/../PayloadSdk/libs/gSDK/src/mavlink/include/mavlink/v2.0/common/./mavlink_msg_landing_target.h:[m[K In function ‘[01m[Kuint16_t mavlink_msg_landing_target_encode_chan(uint8_t, uint8_t, uint8_t, mavlink_message_t*, const mavlink_landing_target_t*)[m[K’:
[13.928s] [01m[K/home/dtc/humanflow/ros2_ghadron_gimbal/src/ir_image/../PayloadSdk/libs/gSDK/src/mavlink/include/mavlink/v2.0/common/./mavlink_msg_landing_target.h:232:360:[m[K [01;35m[Kwarning: [m[Ktaking address of packed member of ‘[01m[K__mavlink_landing_target_t[m[K’ may result in an unaligned pointer value [[01;35m[K-Waddress-of-packed-member[m[K]
[13.928s]   232 | t->size_y, landing_target->x, landing_target->y, landing_target->z, [01;35m[Klanding_target->q[m[K, landing_target->type, landing_target->position_valid);
[13.928s]       |                                                                     [01;35m[K~~~~~~~~~~~~~~~~^[m[K
[13.928s] 
[13.958s] In file included from [01m[K/home/dtc/humanflow/ros2_ghadron_gimbal/src/ir_image/../PayloadSdk/libs/gSDK/src/mavlink/include/mavlink/v2.0/common/common.h:2637[m[K,
[13.958s]                  from [01m[K/home/dtc/humanflow/ros2_ghadron_gimbal/src/ir_image/../PayloadSdk/libs/gSDK/src/mavlink/include/mavlink/v2.0/common/mavlink.h:32[m[K,
[13.958s]                  from [01m[K/home/dtc/humanflow/ros2_ghadron_gimbal/src/ir_image/../PayloadSdk/libs/aarch64/payloadsdk.h:5[m[K,
[13.959s]                  from [01m[K/home/dtc/humanflow/ros2_ghadron_gimbal/src/ir_image/../PayloadSdk/libs/aarch64/payloadSdkInterface.h:5[m[K,
[13.959s]                  from [01m[K/home/dtc/humanflow/ros2_ghadron_gimbal/src/ir_image/src/ir_image_node.cpp:4[m[K:
[13.959s] [01m[K/home/dtc/humanflow/ros2_ghadron_gimbal/src/ir_image/../PayloadSdk/libs/gSDK/src/mavlink/include/mavlink/v2.0/common/./mavlink_msg_home_position.h:[m[K In function ‘[01m[Kuint16_t mavlink_msg_home_position_encode(uint8_t, uint8_t, mavlink_message_t*, const mavlink_home_position_t*)[m[K’:
[13.959s] [01m[K/home/dtc/humanflow/ros2_ghadron_gimbal/src/ir_image/../PayloadSdk/libs/gSDK/src/mavlink/include/mavlink/v2.0/common/./mavlink_msg_home_position.h:191:218:[m[K [01;35m[Kwarning: [m[Ktaking address of packed member of ‘[01m[K__mavlink_home_position_t[m[K’ may result in an unaligned pointer value [[01;35m[K-Waddress-of-packed-member[m[K]
[13.959s]   191 | ion->altitude, home_position->x, home_position->y, home_position->z, [01;35m[Khome_position->q[m[K, home_position->approach_x, home_position->approach_y, home_position->approach_z, home_position->time_usec);
[13.959s]       |                                                                      [01;35m[K~~~~~~~~~~~~~~~^[m[K
[13.959s] 
[13.959s] [01m[K/home/dtc/humanflow/ros2_ghadron_gimbal/src/ir_image/../PayloadSdk/libs/gSDK/src/mavlink/include/mavlink/v2.0/common/./mavlink_msg_home_position.h:[m[K In function ‘[01m[Kuint16_t mavlink_msg_home_position_encode_chan(uint8_t, uint8_t, uint8_t, mavlink_message_t*, const mavlink_home_position_t*)[m[K’:
[13.960s] [01m[K/home/dtc/humanflow/ros2_ghadron_gimbal/src/ir_image/../PayloadSdk/libs/gSDK/src/mavlink/include/mavlink/v2.0/common/./mavlink_msg_home_position.h:205:229:[m[K [01;35m[Kwarning: [m[Ktaking address of packed member of ‘[01m[K__mavlink_home_position_t[m[K’ may result in an unaligned pointer value [[01;35m[K-Waddress-of-packed-member[m[K]
[13.960s]   205 | ion->altitude, home_position->x, home_position->y, home_position->z, [01;35m[Khome_position->q[m[K, home_position->approach_x, home_position->approach_y, home_position->approach_z, home_position->time_usec);
[13.960s]       |                                                                      [01;35m[K~~~~~~~~~~~~~~~^[m[K
[13.960s] 
[13.961s] In file included from [01m[K/home/dtc/humanflow/ros2_ghadron_gimbal/src/ir_image/../PayloadSdk/libs/gSDK/src/mavlink/include/mavlink/v2.0/common/common.h:2638[m[K,
[13.961s]                  from [01m[K/home/dtc/humanflow/ros2_ghadron_gimbal/src/ir_image/../PayloadSdk/libs/gSDK/src/mavlink/include/mavlink/v2.0/common/mavlink.h:32[m[K,
[13.961s]                  from [01m[K/home/dtc/humanflow/ros2_ghadron_gimbal/src/ir_image/../PayloadSdk/libs/aarch64/payloadsdk.h:5[m[K,
[13.961s]                  from [01m[K/home/dtc/humanflow/ros2_ghadron_gimbal/src/ir_image/../PayloadSdk/libs/aarch64/payloadSdkInterface.h:5[m[K,
[13.961s]                  from [01m[K/home/dtc/humanflow/ros2_ghadron_gimbal/src/ir_image/src/ir_image_node.cpp:4[m[K:
[13.961s] [01m[K/home/dtc/humanflow/ros2_ghadron_gimbal/src/ir_image/../PayloadSdk/libs/gSDK/src/mavlink/include/mavlink/v2.0/common/./mavlink_msg_set_home_position.h:[m[K In function ‘[01m[Kuint16_t mavlink_msg_set_home_position_encode(uint8_t, uint8_t, mavlink_message_t*, const mavlink_set_home_position_t*)[m[K’:
[13.962s] [01m[K/home/dtc/humanflow/ros2_ghadron_gimbal/src/ir_image/../PayloadSdk/libs/gSDK/src/mavlink/include/mavlink/v2.0/common/./mavlink_msg_set_home_position.h:200:284:[m[K [01;35m[Kwarning: [m[Ktaking address of packed member of ‘[01m[K__mavlink_set_home_position_t[m[K’ may result in an unaligned pointer value [[01;35m[K-Waddress-of-packed-member[m[K]
[13.962s]   200 | et_home_position->x, set_home_position->y, set_home_position->z, [01;35m[Kset_home_position->q[m[K, set_home_position->approach_x, set_home_position->approach_y, set_home_position->approach_z, set_home_position->time_usec);
[13.962s]       |                                                                  [01;35m[K~~~~~~~~~~~~~~~~~~~^[m[K
[13.962s] 
[13.962s] [01m[K/home/dtc/humanflow/ros2_ghadron_gimbal/src/ir_image/../PayloadSdk/libs/gSDK/src/mavlink/include/mavlink/v2.0/common/./mavlink_msg_set_home_position.h:[m[K In function ‘[01m[Kuint16_t mavlink_msg_set_home_position_encode_chan(uint8_t, uint8_t, uint8_t, mavlink_message_t*, const mavlink_set_home_position_t*)[m[K’:
[13.962s] [01m[K/home/dtc/humanflow/ros2_ghadron_gimbal/src/ir_image/../PayloadSdk/libs/gSDK/src/mavlink/include/mavlink/v2.0/common/./mavlink_msg_set_home_position.h:214:295:[m[K [01;35m[Kwarning: [m[Ktaking address of packed member of ‘[01m[K__mavlink_set_home_position_t[m[K’ may result in an unaligned pointer value [[01;35m[K-Waddress-of-packed-member[m[K]
[13.962s]   214 | et_home_position->x, set_home_position->y, set_home_position->z, [01;35m[Kset_home_position->q[m[K, set_home_position->approach_x, set_home_position->approach_y, set_home_position->approach_z, set_home_position->time_usec);
[13.962s]       |                                                                  [01;35m[K~~~~~~~~~~~~~~~~~~~^[m[K
[13.963s] 
[14.070s] In file included from [01m[K/home/dtc/humanflow/ros2_ghadron_gimbal/src/ir_image/../PayloadSdk/libs/gSDK/src/mavlink/include/mavlink/v2.0/common/common.h:2688[m[K,
[14.071s]                  from [01m[K/home/dtc/humanflow/ros2_ghadron_gimbal/src/ir_image/../PayloadSdk/libs/gSDK/src/mavlink/include/mavlink/v2.0/common/mavlink.h:32[m[K,
[14.071s]                  from [01m[K/home/dtc/humanflow/ros2_ghadron_gimbal/src/ir_image/../PayloadSdk/libs/aarch64/payloadsdk.h:5[m[K,
[14.071s]                  from [01m[K/home/dtc/humanflow/ros2_ghadron_gimbal/src/ir_image/../PayloadSdk/libs/aarch64/payloadSdkInterface.h:5[m[K,
[14.071s]                  from [01m[K/home/dtc/humanflow/ros2_ghadron_gimbal/src/ir_image/src/ir_image_node.cpp:4[m[K:
[14.071s] [01m[K/home/dtc/humanflow/ros2_ghadron_gimbal/src/ir_image/../PayloadSdk/libs/gSDK/src/mavlink/include/mavlink/v2.0/common/./mavlink_msg_obstacle_distance.h:[m[K In function ‘[01m[Kuint16_t mavlink_msg_obstacle_distance_encode(uint8_t, uint8_t, mavlink_message_t*, const mavlink_obstacle_distance_t*)[m[K’:
[14.072s] [01m[K/home/dtc/humanflow/ros2_ghadron_gimbal/src/ir_image/../PayloadSdk/libs/gSDK/src/mavlink/include/mavlink/v2.0/common/./mavlink_msg_obstacle_distance.h:173:158:[m[K [01;35m[Kwarning: [m[Ktaking address of packed member of ‘[01m[K__mavlink_obstacle_distance_t[m[K’ may result in an unaligned pointer value [[01;35m[K-Waddress-of-packed-member[m[K]
[14.072s]   173 | g, obstacle_distance->time_usec, obstacle_distance->sensor_type, [01;35m[Kobstacle_distance->distances[m[K, obstacle_distance->increment, obstacle_distance->min_distance, obstacle_distance->max_distance, obstacle_distance->increment_f, obstacle_distance->angle_offset, obstacle_distance->frame);
[14.072s]       |                                                                  [01;35m[K~~~~~~~~~~~~~~~~~~~^~~~~~~~~[m[K
[14.072s] 
[14.072s] [01m[K/home/dtc/humanflow/ros2_ghadron_gimbal/src/ir_image/../PayloadSdk/libs/gSDK/src/mavlink/include/mavlink/v2.0/common/./mavlink_msg_obstacle_distance.h:[m[K In function ‘[01m[Kuint16_t mavlink_msg_obstacle_distance_encode_chan(uint8_t, uint8_t, uint8_t, mavlink_message_t*, const mavlink_obstacle_distance_t*)[m[K’:
[14.072s] [01m[K/home/dtc/humanflow/ros2_ghadron_gimbal/src/ir_image/../PayloadSdk/libs/gSDK/src/mavlink/include/mavlink/v2.0/common/./mavlink_msg_obstacle_distance.h:187:169:[m[K [01;35m[Kwarning: [m[Ktaking address of packed member of ‘[01m[K__mavlink_obstacle_distance_t[m[K’ may result in an unaligned pointer value [[01;35m[K-Waddress-of-packed-member[m[K]
[14.072s]   187 | g, obstacle_distance->time_usec, obstacle_distance->sensor_type, [01;35m[Kobstacle_distance->distances[m[K, obstacle_distance->increment, obstacle_distance->min_distance, obstacle_distance->max_distance, obstacle_distance->increment_f, obstacle_distance->angle_offset, obstacle_distance->frame);
[14.072s]       |                                                                  [01;35m[K~~~~~~~~~~~~~~~~~~~^~~~~~~~~[m[K
[14.072s] 
[14.239s] In file included from [01m[K/home/dtc/humanflow/ros2_ghadron_gimbal/src/ir_image/../PayloadSdk/libs/gSDK/src/gimbal_protocol_v2.h:37[m[K,
[14.239s]                  from [01m[K/home/dtc/humanflow/ros2_ghadron_gimbal/src/ir_image/../PayloadSdk/libs/aarch64/payloadSdkInterface.h:6[m[K,
[14.239s]                  from [01m[K/home/dtc/humanflow/ros2_ghadron_gimbal/src/ir_image/src/ir_image_node.cpp:4[m[K:
[14.239s] [01m[K/home/dtc/humanflow/ros2_ghadron_gimbal/src/ir_image/../PayloadSdk/libs/gSDK/src/gimbal_protocol.h:[m[K At global scope:
[14.239s] [01m[K/home/dtc/humanflow/ros2_ghadron_gimbal/src/ir_image/../PayloadSdk/libs/gSDK/src/gimbal_protocol.h:255:36:[m[K [01;35m[Kwarning: [m[Kmissing initializer for member ‘[01m[K__mavlink_system::compid[m[K’ [[01;35m[K-Wmissing-field-initializers[m[K]
[14.240s]   255 |     mavlink_system_t _gimbal = { 0 [01;35m[K}[m[K;
[14.240s]       |                                    [01;35m[K^[m[K
[14.240s] [01m[K/home/dtc/humanflow/ros2_ghadron_gimbal/src/ir_image/../PayloadSdk/libs/gSDK/src/gimbal_protocol.h:258:38:[m[K [01;35m[Kwarning: [m[Kmissing initializer for member ‘[01m[K__mavlink_command_ack_t::result[m[K’ [[01;35m[K-Wmissing-field-initializers[m[K]
[14.240s]   258 |     mavlink_command_ack_t _ack = { 0 [01;35m[K}[m[K;
[14.240s]       |                                      [01;35m[K^[m[K
[14.240s] [01m[K/home/dtc/humanflow/ros2_ghadron_gimbal/src/ir_image/../PayloadSdk/libs/gSDK/src/gimbal_protocol.h:258:38:[m[K [01;35m[Kwarning: [m[Kmissing initializer for member ‘[01m[K__mavlink_command_ack_t::progress[m[K’ [[01;35m[K-Wmissing-field-initializers[m[K]
[14.240s] [01m[K/home/dtc/humanflow/ros2_ghadron_gimbal/src/ir_image/../PayloadSdk/libs/gSDK/src/gimbal_protocol.h:258:38:[m[K [01;35m[Kwarning: [m[Kmissing initializer for member ‘[01m[K__mavlink_command_ack_t::result_param2[m[K’ [[01;35m[K-Wmissing-field-initializers[m[K]
[14.240s] [01m[K/home/dtc/humanflow/ros2_ghadron_gimbal/src/ir_image/../PayloadSdk/libs/gSDK/src/gimbal_protocol.h:258:38:[m[K [01;35m[Kwarning: [m[Kmissing initializer for member ‘[01m[K__mavlink_command_ack_t::target_system[m[K’ [[01;35m[K-Wmissing-field-initializers[m[K]
[14.241s] [01m[K/home/dtc/humanflow/ros2_ghadron_gimbal/src/ir_image/../PayloadSdk/libs/gSDK/src/gimbal_protocol.h:258:38:[m[K [01;35m[Kwarning: [m[Kmissing initializer for member ‘[01m[K__mavlink_command_ack_t::target_component[m[K’ [[01;35m[K-Wmissing-field-initializers[m[K]
[15.789s] In file included from [01m[K/home/dtc/humanflow/ros2_ghadron_gimbal/src/ir_image/../PayloadSdk/libs/aarch64/payloadsdk.h:12[m[K,
[15.790s]                  from [01m[K/home/dtc/humanflow/ros2_ghadron_gimbal/src/ir_image/../PayloadSdk/libs/aarch64/payloadSdkInterface.h:5[m[K,
[15.790s]                  from [01m[K/home/dtc/humanflow/ros2_ghadron_gimbal/src/ir_image/src/ir_image_node.cpp:4[m[K:
[15.790s] [01m[K/home/dtc/humanflow/ros2_ghadron_gimbal/src/ir_image/src/ir_image_node.cpp:[m[K In member function ‘[01m[Kvoid IRImageNode::initializePayloadSDK()[m[K’:
[15.790s] [01m[K/home/dtc/humanflow/ros2_ghadron_gimbal/src/ir_image/../PayloadSdk/libs/aarch64/payload-define/ghadron_sdk.h:38:47:[m[K [01;35m[Kwarning: [m[KISO C++ forbids converting a string constant to ‘[01m[Kchar*[m[K’ [[01;35m[K-Wwrite-strings[m[K]
[15.790s]    38 | #define PAYLOAD_CAMERA_RECORD_SRC             [01;35m[K"C_V_REC"[m[K
[15.791s]       |                                               [01;35m[K^~~~~~~~~[m[K
[15.791s] [01m[K/home/dtc/humanflow/ros2_ghadron_gimbal/src/ir_image/../PayloadSdk/libs/aarch64/payload-define/ghadron_sdk.h:38:47:[m[K [01;36m[Knote: [m[Kin definition of macro ‘[01m[KPAYLOAD_CAMERA_RECORD_SRC[m[K’
[15.791s]    38 | #define PAYLOAD_CAMERA_RECORD_SRC             [01;36m[K"C_V_REC"[m[K
[15.791s]       |                                               [01;36m[K^~~~~~~~~[m[K
[15.871s] [01m[K/home/dtc/humanflow/ros2_ghadron_gimbal/src/ir_image/src/ir_image_node.cpp:[m[K In member function ‘[01m[Kvoid IRImageNode::timer_callback()[m[K’:
[15.872s] [01m[K/home/dtc/humanflow/ros2_ghadron_gimbal/src/ir_image/../PayloadSdk/libs/aarch64/payload-define/ghadron_sdk.h:38:47:[m[K [01;35m[Kwarning: [m[KISO C++ forbids converting a string constant to ‘[01m[Kchar*[m[K’ [[01;35m[K-Wwrite-strings[m[K]
[15.872s]    38 | #define PAYLOAD_CAMERA_RECORD_SRC             [01;35m[K"C_V_REC"[m[K
[15.872s]       |                                               [01;35m[K^~~~~~~~~[m[K
[15.872s] [01m[K/home/dtc/humanflow/ros2_ghadron_gimbal/src/ir_image/../PayloadSdk/libs/aarch64/payload-define/ghadron_sdk.h:38:47:[m[K [01;36m[Knote: [m[Kin definition of macro ‘[01m[KPAYLOAD_CAMERA_RECORD_SRC[m[K’
[15.872s]    38 | #define PAYLOAD_CAMERA_RECORD_SRC             [01;36m[K"C_V_REC"[m[K
[15.872s]       |                                               [01;36m[K^~~~~~~~~[m[K
[22.075s] In file included from [01m[K/home/dtc/humanflow/ros2_ghadron_gimbal/src/ir_image/../PayloadSdk/libs/aarch64/payloadSdkInterface.h:5[m[K,
[22.076s]                  from [01m[K/home/dtc/humanflow/ros2_ghadron_gimbal/src/ir_image/src/ir_image_node.cpp:4[m[K:
[22.076s] [01m[K/home/dtc/humanflow/ros2_ghadron_gimbal/src/ir_image/../PayloadSdk/libs/aarch64/payloadsdk.h:[m[K At global scope:
[22.076s] [01m[K/home/dtc/humanflow/ros2_ghadron_gimbal/src/ir_image/../PayloadSdk/libs/aarch64/payloadsdk.h:27:12:[m[K [01;35m[Kwarning: [m[K‘[01m[Kpayload_uart_baud[m[K’ defined but not used [[01;35m[K-Wunused-variable[m[K]
[22.076s]    27 | static int [01;35m[Kpayload_uart_baud[m[K = 115200;
[22.076s]       |            [01;35m[K^~~~~~~~~~~~~~~~~[m[K
[22.076s] [01m[K/home/dtc/humanflow/ros2_ghadron_gimbal/src/ir_image/../PayloadSdk/libs/aarch64/payloadsdk.h:26:14:[m[K [01;35m[Kwarning: [m[K‘[01m[Kpayload_uart_port[m[K’ defined but not used [[01;35m[K-Wunused-variable[m[K]
[22.076s]    26 | static char *[01;35m[Kpayload_uart_port[m[K = (char*)"/dev/ttyUSB0";
[22.076s]       |              [01;35m[K^~~~~~~~~~~~~~~~~[m[K
[29.387s] [100%] [32m[1mLinking CXX executable ir_image_node[0m
[30.706s] [100%] Built target ir_image_node
[30.728s] Invoked command in '/home/dtc/humanflow/ros2_ghadron_gimbal/build/ir_image' returned '0': CMAKE_PREFIX_PATH=/opt/ros/humble /usr/bin/cmake --build /home/dtc/humanflow/ros2_ghadron_gimbal/build/ir_image -- -j4 -l4
[30.733s] Invoking command in '/home/dtc/humanflow/ros2_ghadron_gimbal/build/ir_image': CMAKE_PREFIX_PATH=/opt/ros/humble /usr/bin/cmake --install /home/dtc/humanflow/ros2_ghadron_gimbal/build/ir_image
[30.746s] -- Install configuration: "Debug"
[30.747s] -- Installing: /home/dtc/humanflow/ros2_ghadron_gimbal/install/ir_image/lib/ir_image/ir_image_node
[30.759s] -- Set runtime path of "/home/dtc/humanflow/ros2_ghadron_gimbal/install/ir_image/lib/ir_image/ir_image_node" to ""
[30.759s] -- Installing: /home/dtc/humanflow/ros2_ghadron_gimbal/install/ir_image/share/ament_index/resource_index/package_run_dependencies/ir_image
[30.760s] -- Installing: /home/dtc/humanflow/ros2_ghadron_gimbal/install/ir_image/share/ament_index/resource_index/parent_prefix_path/ir_image
[30.760s] -- Installing: /home/dtc/humanflow/ros2_ghadron_gimbal/install/ir_image/share/ir_image/environment/ament_prefix_path.sh
[30.760s] -- Installing: /home/dtc/humanflow/ros2_ghadron_gimbal/install/ir_image/share/ir_image/environment/ament_prefix_path.dsv
[30.761s] -- Installing: /home/dtc/humanflow/ros2_ghadron_gimbal/install/ir_image/share/ir_image/environment/path.sh
[30.761s] -- Installing: /home/dtc/humanflow/ros2_ghadron_gimbal/install/ir_image/share/ir_image/environment/path.dsv
[30.761s] -- Installing: /home/dtc/humanflow/ros2_ghadron_gimbal/install/ir_image/share/ir_image/local_setup.bash
[30.762s] -- Installing: /home/dtc/humanflow/ros2_ghadron_gimbal/install/ir_image/share/ir_image/local_setup.sh
[30.762s] -- Installing: /home/dtc/humanflow/ros2_ghadron_gimbal/install/ir_image/share/ir_image/local_setup.zsh
[30.762s] -- Installing: /home/dtc/humanflow/ros2_ghadron_gimbal/install/ir_image/share/ir_image/local_setup.dsv
[30.763s] -- Installing: /home/dtc/humanflow/ros2_ghadron_gimbal/install/ir_image/share/ir_image/package.dsv
[30.763s] -- Installing: /home/dtc/humanflow/ros2_ghadron_gimbal/install/ir_image/share/ament_index/resource_index/packages/ir_image
[30.763s] -- Installing: /home/dtc/humanflow/ros2_ghadron_gimbal/install/ir_image/share/ir_image/cmake/ir_imageConfig.cmake
[30.764s] -- Installing: /home/dtc/humanflow/ros2_ghadron_gimbal/install/ir_image/share/ir_image/cmake/ir_imageConfig-version.cmake
[30.764s] -- Installing: /home/dtc/humanflow/ros2_ghadron_gimbal/install/ir_image/share/ir_image/package.xml
[30.769s] Invoked command in '/home/dtc/humanflow/ros2_ghadron_gimbal/build/ir_image' returned '0': CMAKE_PREFIX_PATH=/opt/ros/humble /usr/bin/cmake --install /home/dtc/humanflow/ros2_ghadron_gimbal/build/ir_image
