[2.055s] Invoking command in '/home/dtc/humanflow/ros2_ghadron_gimbal/src/human_tracking': PYTHONPATH=/home/dtc/humanflow/ros2_ghadron_gimbal/build/human_tracking/prefix_override:/usr/lib/python3/dist-packages/colcon_core/task/python/colcon_distutils_commands:/home/dtc/humanflow/ros2_ghadron_gimbal/install/human_tracking/lib/python3.10/site-packages:${PYTHONPATH} /usr/bin/python3 -W ignore:setup.py install is deprecated -W ignore:easy_install command is deprecated setup.py egg_info --egg-base ../../build/human_tracking build --build-base /home/dtc/humanflow/ros2_ghadron_gimbal/build/human_tracking/build install --record /home/dtc/humanflow/ros2_ghadron_gimbal/build/human_tracking/install.log --single-version-externally-managed install_data
[2.558s] running egg_info
[2.559s] writing ../../build/human_tracking/human_tracking.egg-info/PKG-INFO
[2.561s] writing dependency_links to ../../build/human_tracking/human_tracking.egg-info/dependency_links.txt
[2.562s] writing entry points to ../../build/human_tracking/human_tracking.egg-info/entry_points.txt
[2.563s] writing requirements to ../../build/human_tracking/human_tracking.egg-info/requires.txt
[2.565s] writing top-level names to ../../build/human_tracking/human_tracking.egg-info/top_level.txt
[2.570s] reading manifest file '../../build/human_tracking/human_tracking.egg-info/SOURCES.txt'
[2.572s] writing manifest file '../../build/human_tracking/human_tracking.egg-info/SOURCES.txt'
[2.574s] running build
[2.574s] running build_py
[2.576s] copying human_tracking/tracking_node.py -> /home/dtc/humanflow/ros2_ghadron_gimbal/build/human_tracking/build/lib/human_tracking
[2.579s] running install
[2.580s] running install_lib
[2.583s] copying /home/dtc/humanflow/ros2_ghadron_gimbal/build/human_tracking/build/lib/human_tracking/tracking_node.py -> /home/dtc/humanflow/ros2_ghadron_gimbal/install/human_tracking/lib/python3.10/site-packages/human_tracking
[2.587s] byte-compiling /home/dtc/humanflow/ros2_ghadron_gimbal/install/human_tracking/lib/python3.10/site-packages/human_tracking/tracking_node.py to tracking_node.cpython-310.pyc
[2.598s] running install_data
[2.598s] running install_egg_info
[2.605s] removing '/home/dtc/humanflow/ros2_ghadron_gimbal/install/human_tracking/lib/python3.10/site-packages/human_tracking-0.0.1-py3.10.egg-info' (and everything under it)
[2.619s] Copying ../../build/human_tracking/human_tracking.egg-info to /home/dtc/humanflow/ros2_ghadron_gimbal/install/human_tracking/lib/python3.10/site-packages/human_tracking-0.0.1-py3.10.egg-info
[2.621s] running install_scripts
[2.692s] Installing tracking_node script to /home/dtc/humanflow/ros2_ghadron_gimbal/install/human_tracking/lib/human_tracking
[2.695s] writing list of installed files to '/home/dtc/humanflow/ros2_ghadron_gimbal/build/human_tracking/install.log'
[2.786s] Invoked command in '/home/dtc/humanflow/ros2_ghadron_gimbal/src/human_tracking' returned '0': PYTHONPATH=/home/dtc/humanflow/ros2_ghadron_gimbal/build/human_tracking/prefix_override:/usr/lib/python3/dist-packages/colcon_core/task/python/colcon_distutils_commands:/home/dtc/humanflow/ros2_ghadron_gimbal/install/human_tracking/lib/python3.10/site-packages:${PYTHONPATH} /usr/bin/python3 -W ignore:setup.py install is deprecated -W ignore:easy_install command is deprecated setup.py egg_info --egg-base ../../build/human_tracking build --build-base /home/dtc/humanflow/ros2_ghadron_gimbal/build/human_tracking/build install --record /home/dtc/humanflow/ros2_ghadron_gimbal/build/human_tracking/install.log --single-version-externally-managed install_data
