[2.003s] Invoking command in '/home/dtc/humanflow/ros2_ghadron_gimbal/src/image_viewer': PYTHONPATH=/home/dtc/humanflow/ros2_ghadron_gimbal/build/image_viewer/prefix_override:/usr/lib/python3/dist-packages/colcon_core/task/python/colcon_distutils_commands:/home/dtc/humanflow/ros2_ghadron_gimbal/install/image_viewer/lib/python3.10/site-packages:${PYTHONPATH} /usr/bin/python3 -W ignore:setup.py install is deprecated -W ignore:easy_install command is deprecated setup.py egg_info --egg-base ../../build/image_viewer build --build-base /home/dtc/humanflow/ros2_ghadron_gimbal/build/image_viewer/build install --record /home/dtc/humanflow/ros2_ghadron_gimbal/build/image_viewer/install.log --single-version-externally-managed install_data
[2.524s] running egg_info
[2.525s] writing ../../build/image_viewer/image_viewer.egg-info/PKG-INFO
[2.525s] writing dependency_links to ../../build/image_viewer/image_viewer.egg-info/dependency_links.txt
[2.525s] writing entry points to ../../build/image_viewer/image_viewer.egg-info/entry_points.txt
[2.525s] writing requirements to ../../build/image_viewer/image_viewer.egg-info/requires.txt
[2.525s] writing top-level names to ../../build/image_viewer/image_viewer.egg-info/top_level.txt
[2.526s] reading manifest file '../../build/image_viewer/image_viewer.egg-info/SOURCES.txt'
[2.526s] writing manifest file '../../build/image_viewer/image_viewer.egg-info/SOURCES.txt'
[2.526s] running build
[2.526s] running build_py
[2.527s] copying image_viewer/image_viewer_node.py -> /home/dtc/humanflow/ros2_ghadron_gimbal/build/image_viewer/build/lib/image_viewer
[2.527s] running install
[2.527s] running install_lib
[2.527s] copying /home/dtc/humanflow/ros2_ghadron_gimbal/build/image_viewer/build/lib/image_viewer/image_viewer_node.py -> /home/dtc/humanflow/ros2_ghadron_gimbal/install/image_viewer/lib/python3.10/site-packages/image_viewer
[2.527s] byte-compiling /home/dtc/humanflow/ros2_ghadron_gimbal/install/image_viewer/lib/python3.10/site-packages/image_viewer/image_viewer_node.py to image_viewer_node.cpython-310.pyc
[2.527s] running install_data
[2.527s] running install_egg_info
[2.527s] removing '/home/dtc/humanflow/ros2_ghadron_gimbal/install/image_viewer/lib/python3.10/site-packages/image_viewer-0.0.0-py3.10.egg-info' (and everything under it)
[2.528s] Copying ../../build/image_viewer/image_viewer.egg-info to /home/dtc/humanflow/ros2_ghadron_gimbal/install/image_viewer/lib/python3.10/site-packages/image_viewer-0.0.0-py3.10.egg-info
[2.528s] running install_scripts
[2.531s] Installing image_viewer_node script to /home/dtc/humanflow/ros2_ghadron_gimbal/install/image_viewer/lib/image_viewer
[2.532s] writing list of installed files to '/home/dtc/humanflow/ros2_ghadron_gimbal/build/image_viewer/install.log'
[2.619s] Invoked command in '/home/dtc/humanflow/ros2_ghadron_gimbal/src/image_viewer' returned '0': PYTHONPATH=/home/dtc/humanflow/ros2_ghadron_gimbal/build/image_viewer/prefix_override:/usr/lib/python3/dist-packages/colcon_core/task/python/colcon_distutils_commands:/home/dtc/humanflow/ros2_ghadron_gimbal/install/image_viewer/lib/python3.10/site-packages:${PYTHONPATH} /usr/bin/python3 -W ignore:setup.py install is deprecated -W ignore:easy_install command is deprecated setup.py egg_info --egg-base ../../build/image_viewer build --build-base /home/dtc/humanflow/ros2_ghadron_gimbal/build/image_viewer/build install --record /home/dtc/humanflow/ros2_ghadron_gimbal/build/image_viewer/install.log --single-version-externally-managed install_data
