[0.436s] Invoking command in '/home/dtc/humanflow/ros2_ghadron_gimbal/build/PayloadSDK': /usr/bin/cmake --build /home/dtc/humanflow/ros2_ghadron_gimbal/build/PayloadSDK -- -j4 -l4
[0.588s] [  7%] Built target connect
[0.610s] [ 14%] Built target load_payload_settings
[0.627s] [ 21%] Built target eo_capture_image
[0.635s] [ 28%] Built target eo_record_video
[0.699s] [ 35%] Built target get_video_streaming
[0.725s] [ 42%] Built target move_gimbal_angle_mode
[0.738s] [ 50%] Built target move_gimbal_speed_mode
[0.749s] [ 57%] Built target eo_set_camera_zoom_focus
[0.841s] [ 64%] Built target gimbal_set_mode
[0.847s] [ 71%] Built target ir_capture_image
[0.857s] [ 78%] Built target ir_set_camera_zoom
[0.863s] [ 85%] Built target ir_record_video
[0.936s] [ 89%] [32mBuilding CXX object examples/CMakeFiles/ir_set_palete.dir/ir_set_palete.cpp.o[0m
[0.936s] [ 96%] Built target download_media_files
[2.003s] In file included from [01m[K/home/dtc/humanflow/ros2_ghadron_gimbal/src/PayloadSdk/libs/gSDK/src/mavlink/include/mavlink/v2.0/common/common.h:2567[m[K,
[2.004s]                  from [01m[K/home/dtc/humanflow/ros2_ghadron_gimbal/src/PayloadSdk/libs/gSDK/src/mavlink/include/mavlink/v2.0/common/mavlink.h:32[m[K,
[2.005s]                  from [01m[K/home/dtc/humanflow/ros2_ghadron_gimbal/src/PayloadSdk/libs/aarch64/payloadsdk.h:5[m[K,
[2.006s]                  from [01m[K/home/dtc/humanflow/ros2_ghadron_gimbal/src/PayloadSdk/libs/aarch64/payloadSdkInterface.h:5[m[K,
[2.007s]                  from [01m[K/home/dtc/humanflow/ros2_ghadron_gimbal/src/PayloadSdk/examples/ir_set_palete.cpp:5[m[K:
[2.008s] [01m[K/home/dtc/humanflow/ros2_ghadron_gimbal/src/PayloadSdk/libs/gSDK/src/mavlink/include/mavlink/v2.0/common/./mavlink_msg_set_attitude_target.h:[m[K In function ‘[01m[Kuint16_t mavlink_msg_set_attitude_target_encode(uint8_t, uint8_t, mavlink_message_t*, const mavlink_set_attitude_target_t*)[m[K’:
[2.008s] [01m[K/home/dtc/humanflow/ros2_ghadron_gimbal/src/PayloadSdk/libs/gSDK/src/mavlink/include/mavlink/v2.0/common/./mavlink_msg_set_attitude_target.h:183:242:[m[K [01;35m[Kwarning: [m[Ktaking address of packed member of ‘[01m[K__mavlink_set_attitude_target_t[m[K’ may result in an unaligned pointer value [[01;35m[K-Waddress-of-packed-member[m[K]
[2.010s]   183 |     return mavlink_msg_set_attitude_target_pack(system_id, component_id, msg, set_attitude_target->time_boot_ms, set_attitude_target->target_system, set_attitude_target->target_component, set_attitude_target->type_mask, [01;35m[Kset_attitude_target->q[m[K, set_attitude_target->body_roll_rate, set_attitude_target->body_pitch_rate, set_attitude_target->body_yaw_rate, set_attitude_target->thrust, set_attitude_target->thrust_body);
[2.011s]       |                                                                                                                                                                                                                             [01;35m[K~~~~~~~~~~~~~~~~~~~~~^[m[K
[2.014s] In file included from [01m[K/home/dtc/humanflow/ros2_ghadron_gimbal/src/PayloadSdk/libs/gSDK/src/mavlink/include/mavlink/v2.0/common/common.h:2567[m[K,
[2.015s]                  from [01m[K/home/dtc/humanflow/ros2_ghadron_gimbal/src/PayloadSdk/libs/gSDK/src/mavlink/include/mavlink/v2.0/common/mavlink.h:32[m[K,
[2.016s]                  from [01m[K/home/dtc/humanflow/ros2_ghadron_gimbal/src/PayloadSdk/libs/aarch64/payloadsdk.h:5[m[K,
[2.018s]                  from [01m[K/home/dtc/humanflow/ros2_ghadron_gimbal/src/PayloadSdk/libs/aarch64/payloadSdkInterface.h:5[m[K,
[2.019s]                  from [01m[K/home/dtc/humanflow/ros2_ghadron_gimbal/src/PayloadSdk/examples/ir_set_palete.cpp:5[m[K:
[2.021s] [01m[K/home/dtc/humanflow/ros2_ghadron_gimbal/src/PayloadSdk/libs/gSDK/src/mavlink/include/mavlink/v2.0/common/./mavlink_msg_set_attitude_target.h:183:406:[m[K [01;35m[Kwarning: [m[Ktaking address of packed member of ‘[01m[K__mavlink_set_attitude_target_t[m[K’ may result in an unaligned pointer value [[01;35m[K-Waddress-of-packed-member[m[K]
[2.022s]   183 |     return mavlink_msg_set_attitude_target_pack(system_id, component_id, msg, set_attitude_target->time_boot_ms, set_attitude_target->target_system, set_attitude_target->target_component, set_attitude_target->type_mask, set_attitude_target->q, set_attitude_target->body_roll_rate, set_attitude_target->body_pitch_rate, set_attitude_target->body_yaw_rate, set_attitude_target->thrust, [01;35m[Kset_attitude_target->thrust_body[m[K);
[2.024s]       |                                                                                                                                                                                                                                                                                                                                                                                                 [01;35m[K~~~~~~~~~~~~~~~~~~~~~^~~~~~~~~~~[m[K
[2.027s] [01m[K/home/dtc/humanflow/ros2_ghadron_gimbal/src/PayloadSdk/libs/gSDK/src/mavlink/include/mavlink/v2.0/common/./mavlink_msg_set_attitude_target.h:[m[K In function ‘[01m[Kuint16_t mavlink_msg_set_attitude_target_encode_chan(uint8_t, uint8_t, uint8_t, mavlink_message_t*, const mavlink_set_attitude_target_t*)[m[K’:
[2.028s] [01m[K/home/dtc/humanflow/ros2_ghadron_gimbal/src/PayloadSdk/libs/gSDK/src/mavlink/include/mavlink/v2.0/common/./mavlink_msg_set_attitude_target.h:197:253:[m[K [01;35m[Kwarning: [m[Ktaking address of packed member of ‘[01m[K__mavlink_set_attitude_target_t[m[K’ may result in an unaligned pointer value [[01;35m[K-Waddress-of-packed-member[m[K]
[2.028s]   197 |     return mavlink_msg_set_attitude_target_pack_chan(system_id, component_id, chan, msg, set_attitude_target->time_boot_ms, set_attitude_target->target_system, set_attitude_target->target_component, set_attitude_target->type_mask, [01;35m[Kset_attitude_target->q[m[K, set_attitude_target->body_roll_rate, set_attitude_target->body_pitch_rate, set_attitude_target->body_yaw_rate, set_attitude_target->thrust, set_attitude_target->thrust_body);
[2.029s]       |                                                                                                                                                                                                                                        [01;35m[K~~~~~~~~~~~~~~~~~~~~~^[m[K
[2.030s] [01m[K/home/dtc/humanflow/ros2_ghadron_gimbal/src/PayloadSdk/libs/gSDK/src/mavlink/include/mavlink/v2.0/common/./mavlink_msg_set_attitude_target.h:197:417:[m[K [01;35m[Kwarning: [m[Ktaking address of packed member of ‘[01m[K__mavlink_set_attitude_target_t[m[K’ may result in an unaligned pointer value [[01;35m[K-Waddress-of-packed-member[m[K]
[2.031s]   197 |     return mavlink_msg_set_attitude_target_pack_chan(system_id, component_id, chan, msg, set_attitude_target->time_boot_ms, set_attitude_target->target_system, set_attitude_target->target_component, set_attitude_target->type_mask, set_attitude_target->q, set_attitude_target->body_roll_rate, set_attitude_target->body_pitch_rate, set_attitude_target->body_yaw_rate, set_attitude_target->thrust, [01;35m[Kset_attitude_target->thrust_body[m[K);
[2.034s]       |                                                                                                                                                                                                                                                                                                                                                                                                            [01;35m[K~~~~~~~~~~~~~~~~~~~~~^~~~~~~~~~~[m[K
[2.101s] In file included from [01m[K/home/dtc/humanflow/ros2_ghadron_gimbal/src/PayloadSdk/libs/gSDK/src/mavlink/include/mavlink/v2.0/common/common.h:2610[m[K,
[2.102s]                  from [01m[K/home/dtc/humanflow/ros2_ghadron_gimbal/src/PayloadSdk/libs/gSDK/src/mavlink/include/mavlink/v2.0/common/mavlink.h:32[m[K,
[2.103s]                  from [01m[K/home/dtc/humanflow/ros2_ghadron_gimbal/src/PayloadSdk/libs/aarch64/payloadsdk.h:5[m[K,
[2.104s]                  from [01m[K/home/dtc/humanflow/ros2_ghadron_gimbal/src/PayloadSdk/libs/aarch64/payloadSdkInterface.h:5[m[K,
[2.104s]                  from [01m[K/home/dtc/humanflow/ros2_ghadron_gimbal/src/PayloadSdk/examples/ir_set_palete.cpp:5[m[K:
[2.106s] [01m[K/home/dtc/humanflow/ros2_ghadron_gimbal/src/PayloadSdk/libs/gSDK/src/mavlink/include/mavlink/v2.0/common/./mavlink_msg_distance_sensor.h:[m[K In function ‘[01m[Kuint16_t mavlink_msg_distance_sensor_encode(uint8_t, uint8_t, mavlink_message_t*, const mavlink_distance_sensor_t*)[m[K’:
[2.107s] [01m[K/home/dtc/humanflow/ros2_ghadron_gimbal/src/PayloadSdk/libs/gSDK/src/mavlink/include/mavlink/v2.0/common/./mavlink_msg_distance_sensor.h:200:387:[m[K [01;35m[Kwarning: [m[Ktaking address of packed member of ‘[01m[K__mavlink_distance_sensor_t[m[K’ may result in an unaligned pointer value [[01;35m[K-Waddress-of-packed-member[m[K]
[2.107s]   200 |     return mavlink_msg_distance_sensor_pack(system_id, component_id, msg, distance_sensor->time_boot_ms, distance_sensor->min_distance, distance_sensor->max_distance, distance_sensor->current_distance, distance_sensor->type, distance_sensor->id, distance_sensor->orientation, distance_sensor->covariance, distance_sensor->horizontal_fov, distance_sensor->vertical_fov, [01;35m[Kdistance_sensor->quaternion[m[K, distance_sensor->signal_quality);
[2.108s]       |                                                                                                                                                                                                                                                                                                                                                                                  [01;35m[K~~~~~~~~~~~~~~~~~^~~~~~~~~~[m[K
[2.109s] [01m[K/home/dtc/humanflow/ros2_ghadron_gimbal/src/PayloadSdk/libs/gSDK/src/mavlink/include/mavlink/v2.0/common/./mavlink_msg_distance_sensor.h:[m[K In function ‘[01m[Kuint16_t mavlink_msg_distance_sensor_encode_chan(uint8_t, uint8_t, uint8_t, mavlink_message_t*, const mavlink_distance_sensor_t*)[m[K’:
[2.110s] [01m[K/home/dtc/humanflow/ros2_ghadron_gimbal/src/PayloadSdk/libs/gSDK/src/mavlink/include/mavlink/v2.0/common/./mavlink_msg_distance_sensor.h:214:398:[m[K [01;35m[Kwarning: [m[Ktaking address of packed member of ‘[01m[K__mavlink_distance_sensor_t[m[K’ may result in an unaligned pointer value [[01;35m[K-Waddress-of-packed-member[m[K]
[2.111s]   214 |     return mavlink_msg_distance_sensor_pack_chan(system_id, component_id, chan, msg, distance_sensor->time_boot_ms, distance_sensor->min_distance, distance_sensor->max_distance, distance_sensor->current_distance, distance_sensor->type, distance_sensor->id, distance_sensor->orientation, distance_sensor->covariance, distance_sensor->horizontal_fov, distance_sensor->vertical_fov, [01;35m[Kdistance_sensor->quaternion[m[K, distance_sensor->signal_quality);
[2.112s]       |                                                                                                                                                                                                                                                                                                                                                                                             [01;35m[K~~~~~~~~~~~~~~~~~^~~~~~~~~~[m[K
[2.130s] In file included from [01m[K/home/dtc/humanflow/ros2_ghadron_gimbal/src/PayloadSdk/libs/gSDK/src/mavlink/include/mavlink/v2.0/common/common.h:2624[m[K,
[2.131s]                  from [01m[K/home/dtc/humanflow/ros2_ghadron_gimbal/src/PayloadSdk/libs/gSDK/src/mavlink/include/mavlink/v2.0/common/mavlink.h:32[m[K,
[2.131s]                  from [01m[K/home/dtc/humanflow/ros2_ghadron_gimbal/src/PayloadSdk/libs/aarch64/payloadsdk.h:5[m[K,
[2.132s]                  from [01m[K/home/dtc/humanflow/ros2_ghadron_gimbal/src/PayloadSdk/libs/aarch64/payloadSdkInterface.h:5[m[K,
[2.133s]                  from [01m[K/home/dtc/humanflow/ros2_ghadron_gimbal/src/PayloadSdk/examples/ir_set_palete.cpp:5[m[K:
[2.134s] [01m[K/home/dtc/humanflow/ros2_ghadron_gimbal/src/PayloadSdk/libs/gSDK/src/mavlink/include/mavlink/v2.0/common/./mavlink_msg_battery_status.h:[m[K In function ‘[01m[Kuint16_t mavlink_msg_battery_status_encode(uint8_t, uint8_t, mavlink_message_t*, const mavlink_battery_status_t*)[m[K’:
[2.135s] [01m[K/home/dtc/humanflow/ros2_ghadron_gimbal/src/PayloadSdk/libs/gSDK/src/mavlink/include/mavlink/v2.0/common/./mavlink_msg_battery_status.h:219:195:[m[K [01;35m[Kwarning: [m[Ktaking address of packed member of ‘[01m[K__mavlink_battery_status_t[m[K’ may result in an unaligned pointer value [[01;35m[K-Waddress-of-packed-member[m[K]
[2.136s]   219 |     return mavlink_msg_battery_status_pack(system_id, component_id, msg, battery_status->id, battery_status->battery_function, battery_status->type, battery_status->temperature, [01;35m[Kbattery_status->voltages[m[K, battery_status->current_battery, battery_status->current_consumed, battery_status->energy_consumed, battery_status->battery_remaining, battery_status->time_remaining, battery_status->charge_state, battery_status->voltages_ext, battery_status->mode, battery_status->fault_bitmask);
[2.137s]       |                                                                                                                                                                                   [01;35m[K~~~~~~~~~~~~~~~~^~~~~~~~[m[K
[2.138s] [01m[K/home/dtc/humanflow/ros2_ghadron_gimbal/src/PayloadSdk/libs/gSDK/src/mavlink/include/mavlink/v2.0/common/./mavlink_msg_battery_status.h:219:418:[m[K [01;35m[Kwarning: [m[Ktaking address of packed member of ‘[01m[K__mavlink_battery_status_t[m[K’ may result in an unaligned pointer value [[01;35m[K-Waddress-of-packed-member[m[K]
[2.140s]   219 |     return mavlink_msg_battery_status_pack(system_id, component_id, msg, battery_status->id, battery_status->battery_function, battery_status->type, battery_status->temperature, battery_status->voltages, battery_status->current_battery, battery_status->current_consumed, battery_status->energy_consumed, battery_status->battery_remaining, battery_status->time_remaining, battery_status->charge_state, [01;35m[Kbattery_status->voltages_ext[m[K, battery_status->mode, battery_status->fault_bitmask);
[2.142s]       |                                                                                                                                                                                                                                                                                                                                                                                                                  [01;35m[K~~~~~~~~~~~~~~~~^~~~~~~~~~~~[m[K
[2.143s] [01m[K/home/dtc/humanflow/ros2_ghadron_gimbal/src/PayloadSdk/libs/gSDK/src/mavlink/include/mavlink/v2.0/common/./mavlink_msg_battery_status.h:[m[K In function ‘[01m[Kuint16_t mavlink_msg_battery_status_encode_chan(uint8_t, uint8_t, uint8_t, mavlink_message_t*, const mavlink_battery_status_t*)[m[K’:
[2.144s] [01m[K/home/dtc/humanflow/ros2_ghadron_gimbal/src/PayloadSdk/libs/gSDK/src/mavlink/include/mavlink/v2.0/common/./mavlink_msg_battery_status.h:233:206:[m[K [01;35m[Kwarning: [m[Ktaking address of packed member of ‘[01m[K__mavlink_battery_status_t[m[K’ may result in an unaligned pointer value [[01;35m[K-Waddress-of-packed-member[m[K]
[2.145s]   233 |     return mavlink_msg_battery_status_pack_chan(system_id, component_id, chan, msg, battery_status->id, battery_status->battery_function, battery_status->type, battery_status->temperature, [01;35m[Kbattery_status->voltages[m[K, battery_status->current_battery, battery_status->current_consumed, battery_status->energy_consumed, battery_status->battery_remaining, battery_status->time_remaining, battery_status->charge_state, battery_status->voltages_ext, battery_status->mode, battery_status->fault_bitmask);
[2.146s]       |                                                                                                                                                                                              [01;35m[K~~~~~~~~~~~~~~~~^~~~~~~~[m[K
[2.148s] [01m[K/home/dtc/humanflow/ros2_ghadron_gimbal/src/PayloadSdk/libs/gSDK/src/mavlink/include/mavlink/v2.0/common/./mavlink_msg_battery_status.h:233:429:[m[K [01;35m[Kwarning: [m[Ktaking address of packed member of ‘[01m[K__mavlink_battery_status_t[m[K’ may result in an unaligned pointer value [[01;35m[K-Waddress-of-packed-member[m[K]
[2.149s]   233 |     return mavlink_msg_battery_status_pack_chan(system_id, component_id, chan, msg, battery_status->id, battery_status->battery_function, battery_status->type, battery_status->temperature, battery_status->voltages, battery_status->current_battery, battery_status->current_consumed, battery_status->energy_consumed, battery_status->battery_remaining, battery_status->time_remaining, battery_status->charge_state, [01;35m[Kbattery_status->voltages_ext[m[K, battery_status->mode, battery_status->fault_bitmask);
[2.150s]       |                                                                                                                                                                                                                                                                                                                                                                                                                             [01;35m[K~~~~~~~~~~~~~~~~^~~~~~~~~~~~[m[K
[2.151s] In file included from [01m[K/home/dtc/humanflow/ros2_ghadron_gimbal/src/PayloadSdk/libs/gSDK/src/mavlink/include/mavlink/v2.0/common/common.h:2626[m[K,
[2.152s]                  from [01m[K/home/dtc/humanflow/ros2_ghadron_gimbal/src/PayloadSdk/libs/gSDK/src/mavlink/include/mavlink/v2.0/common/mavlink.h:32[m[K,
[2.153s]                  from [01m[K/home/dtc/humanflow/ros2_ghadron_gimbal/src/PayloadSdk/libs/aarch64/payloadsdk.h:5[m[K,
[2.154s]                  from [01m[K/home/dtc/humanflow/ros2_ghadron_gimbal/src/PayloadSdk/libs/aarch64/payloadSdkInterface.h:5[m[K,
[2.155s]                  from [01m[K/home/dtc/humanflow/ros2_ghadron_gimbal/src/PayloadSdk/examples/ir_set_palete.cpp:5[m[K:
[2.156s] [01m[K/home/dtc/humanflow/ros2_ghadron_gimbal/src/PayloadSdk/libs/gSDK/src/mavlink/include/mavlink/v2.0/common/./mavlink_msg_landing_target.h:[m[K In function ‘[01m[Kuint16_t mavlink_msg_landing_target_encode(uint8_t, uint8_t, mavlink_message_t*, const mavlink_landing_target_t*)[m[K’:
[2.157s] [01m[K/home/dtc/humanflow/ros2_ghadron_gimbal/src/PayloadSdk/libs/gSDK/src/mavlink/include/mavlink/v2.0/common/./mavlink_msg_landing_target.h:218:349:[m[K [01;35m[Kwarning: [m[Ktaking address of packed member of ‘[01m[K__mavlink_landing_target_t[m[K’ may result in an unaligned pointer value [[01;35m[K-Waddress-of-packed-member[m[K]
[2.158s]   218 |     return mavlink_msg_landing_target_pack(system_id, component_id, msg, landing_target->time_usec, landing_target->target_num, landing_target->frame, landing_target->angle_x, landing_target->angle_y, landing_target->distance, landing_target->size_x, landing_target->size_y, landing_target->x, landing_target->y, landing_target->z, [01;35m[Klanding_target->q[m[K, landing_target->type, landing_target->position_valid);
[2.158s]       |                                                                                                                                                                                                                                                                                                                                             [01;35m[K~~~~~~~~~~~~~~~~^[m[K
[2.159s] [01m[K/home/dtc/humanflow/ros2_ghadron_gimbal/src/PayloadSdk/libs/gSDK/src/mavlink/include/mavlink/v2.0/common/./mavlink_msg_landing_target.h:[m[K In function ‘[01m[Kuint16_t mavlink_msg_landing_target_encode_chan(uint8_t, uint8_t, uint8_t, mavlink_message_t*, const mavlink_landing_target_t*)[m[K’:
[2.160s] [01m[K/home/dtc/humanflow/ros2_ghadron_gimbal/src/PayloadSdk/libs/gSDK/src/mavlink/include/mavlink/v2.0/common/./mavlink_msg_landing_target.h:232:360:[m[K [01;35m[Kwarning: [m[Ktaking address of packed member of ‘[01m[K__mavlink_landing_target_t[m[K’ may result in an unaligned pointer value [[01;35m[K-Waddress-of-packed-member[m[K]
[2.161s]   232 |     return mavlink_msg_landing_target_pack_chan(system_id, component_id, chan, msg, landing_target->time_usec, landing_target->target_num, landing_target->frame, landing_target->angle_x, landing_target->angle_y, landing_target->distance, landing_target->size_x, landing_target->size_y, landing_target->x, landing_target->y, landing_target->z, [01;35m[Klanding_target->q[m[K, landing_target->type, landing_target->position_valid);
[2.162s]       |                                                                                                                                                                                                                                                                                                                                                        [01;35m[K~~~~~~~~~~~~~~~~^[m[K
[2.170s] In file included from [01m[K/home/dtc/humanflow/ros2_ghadron_gimbal/src/PayloadSdk/libs/gSDK/src/mavlink/include/mavlink/v2.0/common/common.h:2637[m[K,
[2.172s]                  from [01m[K/home/dtc/humanflow/ros2_ghadron_gimbal/src/PayloadSdk/libs/gSDK/src/mavlink/include/mavlink/v2.0/common/mavlink.h:32[m[K,
[2.173s]                  from [01m[K/home/dtc/humanflow/ros2_ghadron_gimbal/src/PayloadSdk/libs/aarch64/payloadsdk.h:5[m[K,
[2.174s]                  from [01m[K/home/dtc/humanflow/ros2_ghadron_gimbal/src/PayloadSdk/libs/aarch64/payloadSdkInterface.h:5[m[K,
[2.175s]                  from [01m[K/home/dtc/humanflow/ros2_ghadron_gimbal/src/PayloadSdk/examples/ir_set_palete.cpp:5[m[K:
[2.176s] [01m[K/home/dtc/humanflow/ros2_ghadron_gimbal/src/PayloadSdk/libs/gSDK/src/mavlink/include/mavlink/v2.0/common/./mavlink_msg_home_position.h:[m[K In function ‘[01m[Kuint16_t mavlink_msg_home_position_encode(uint8_t, uint8_t, mavlink_message_t*, const mavlink_home_position_t*)[m[K’:
[2.177s] [01m[K/home/dtc/humanflow/ros2_ghadron_gimbal/src/PayloadSdk/libs/gSDK/src/mavlink/include/mavlink/v2.0/common/./mavlink_msg_home_position.h:191:218:[m[K [01;35m[Kwarning: [m[Ktaking address of packed member of ‘[01m[K__mavlink_home_position_t[m[K’ may result in an unaligned pointer value [[01;35m[K-Waddress-of-packed-member[m[K]
[2.178s]   191 |     return mavlink_msg_home_position_pack(system_id, component_id, msg, home_position->latitude, home_position->longitude, home_position->altitude, home_position->x, home_position->y, home_position->z, [01;35m[Khome_position->q[m[K, home_position->approach_x, home_position->approach_y, home_position->approach_z, home_position->time_usec);
[2.179s]       |                                                                                                                                                                                                           [01;35m[K~~~~~~~~~~~~~~~^[m[K
[2.179s] [01m[K/home/dtc/humanflow/ros2_ghadron_gimbal/src/PayloadSdk/libs/gSDK/src/mavlink/include/mavlink/v2.0/common/./mavlink_msg_home_position.h:[m[K In function ‘[01m[Kuint16_t mavlink_msg_home_position_encode_chan(uint8_t, uint8_t, uint8_t, mavlink_message_t*, const mavlink_home_position_t*)[m[K’:
[2.180s] [01m[K/home/dtc/humanflow/ros2_ghadron_gimbal/src/PayloadSdk/libs/gSDK/src/mavlink/include/mavlink/v2.0/common/./mavlink_msg_home_position.h:205:229:[m[K [01;35m[Kwarning: [m[Ktaking address of packed member of ‘[01m[K__mavlink_home_position_t[m[K’ may result in an unaligned pointer value [[01;35m[K-Waddress-of-packed-member[m[K]
[2.181s]   205 |     return mavlink_msg_home_position_pack_chan(system_id, component_id, chan, msg, home_position->latitude, home_position->longitude, home_position->altitude, home_position->x, home_position->y, home_position->z, [01;35m[Khome_position->q[m[K, home_position->approach_x, home_position->approach_y, home_position->approach_z, home_position->time_usec);
[2.182s]       |                                                                                                                                                                                                                      [01;35m[K~~~~~~~~~~~~~~~^[m[K
[2.183s] In file included from [01m[K/home/dtc/humanflow/ros2_ghadron_gimbal/src/PayloadSdk/libs/gSDK/src/mavlink/include/mavlink/v2.0/common/common.h:2638[m[K,
[2.184s]                  from [01m[K/home/dtc/humanflow/ros2_ghadron_gimbal/src/PayloadSdk/libs/gSDK/src/mavlink/include/mavlink/v2.0/common/mavlink.h:32[m[K,
[2.185s]                  from [01m[K/home/dtc/humanflow/ros2_ghadron_gimbal/src/PayloadSdk/libs/aarch64/payloadsdk.h:5[m[K,
[2.186s]                  from [01m[K/home/dtc/humanflow/ros2_ghadron_gimbal/src/PayloadSdk/libs/aarch64/payloadSdkInterface.h:5[m[K,
[2.187s]                  from [01m[K/home/dtc/humanflow/ros2_ghadron_gimbal/src/PayloadSdk/examples/ir_set_palete.cpp:5[m[K:
[2.187s] [01m[K/home/dtc/humanflow/ros2_ghadron_gimbal/src/PayloadSdk/libs/gSDK/src/mavlink/include/mavlink/v2.0/common/./mavlink_msg_set_home_position.h:[m[K In function ‘[01m[Kuint16_t mavlink_msg_set_home_position_encode(uint8_t, uint8_t, mavlink_message_t*, const mavlink_set_home_position_t*)[m[K’:
[2.188s] [01m[K/home/dtc/humanflow/ros2_ghadron_gimbal/src/PayloadSdk/libs/gSDK/src/mavlink/include/mavlink/v2.0/common/./mavlink_msg_set_home_position.h:200:284:[m[K [01;35m[Kwarning: [m[Ktaking address of packed member of ‘[01m[K__mavlink_set_home_position_t[m[K’ may result in an unaligned pointer value [[01;35m[K-Waddress-of-packed-member[m[K]
[2.189s]   200 |     return mavlink_msg_set_home_position_pack(system_id, component_id, msg, set_home_position->target_system, set_home_position->latitude, set_home_position->longitude, set_home_position->altitude, set_home_position->x, set_home_position->y, set_home_position->z, [01;35m[Kset_home_position->q[m[K, set_home_position->approach_x, set_home_position->approach_y, set_home_position->approach_z, set_home_position->time_usec);
[2.191s]       |                                                                                                                                                                                                                                                                         [01;35m[K~~~~~~~~~~~~~~~~~~~^[m[K
[2.191s] [01m[K/home/dtc/humanflow/ros2_ghadron_gimbal/src/PayloadSdk/libs/gSDK/src/mavlink/include/mavlink/v2.0/common/./mavlink_msg_set_home_position.h:[m[K In function ‘[01m[Kuint16_t mavlink_msg_set_home_position_encode_chan(uint8_t, uint8_t, uint8_t, mavlink_message_t*, const mavlink_set_home_position_t*)[m[K’:
[2.192s] [01m[K/home/dtc/humanflow/ros2_ghadron_gimbal/src/PayloadSdk/libs/gSDK/src/mavlink/include/mavlink/v2.0/common/./mavlink_msg_set_home_position.h:214:295:[m[K [01;35m[Kwarning: [m[Ktaking address of packed member of ‘[01m[K__mavlink_set_home_position_t[m[K’ may result in an unaligned pointer value [[01;35m[K-Waddress-of-packed-member[m[K]
[2.193s]   214 |     return mavlink_msg_set_home_position_pack_chan(system_id, component_id, chan, msg, set_home_position->target_system, set_home_position->latitude, set_home_position->longitude, set_home_position->altitude, set_home_position->x, set_home_position->y, set_home_position->z, [01;35m[Kset_home_position->q[m[K, set_home_position->approach_x, set_home_position->approach_y, set_home_position->approach_z, set_home_position->time_usec);
[2.194s]       |                                                                                                                                                                                                                                                                                    [01;35m[K~~~~~~~~~~~~~~~~~~~^[m[K
[2.297s] In file included from [01m[K/home/dtc/humanflow/ros2_ghadron_gimbal/src/PayloadSdk/libs/gSDK/src/mavlink/include/mavlink/v2.0/common/common.h:2688[m[K,
[2.298s]                  from [01m[K/home/dtc/humanflow/ros2_ghadron_gimbal/src/PayloadSdk/libs/gSDK/src/mavlink/include/mavlink/v2.0/common/mavlink.h:32[m[K,
[2.298s]                  from [01m[K/home/dtc/humanflow/ros2_ghadron_gimbal/src/PayloadSdk/libs/aarch64/payloadsdk.h:5[m[K,
[2.298s]                  from [01m[K/home/dtc/humanflow/ros2_ghadron_gimbal/src/PayloadSdk/libs/aarch64/payloadSdkInterface.h:5[m[K,
[2.298s]                  from [01m[K/home/dtc/humanflow/ros2_ghadron_gimbal/src/PayloadSdk/examples/ir_set_palete.cpp:5[m[K:
[2.298s] [01m[K/home/dtc/humanflow/ros2_ghadron_gimbal/src/PayloadSdk/libs/gSDK/src/mavlink/include/mavlink/v2.0/common/./mavlink_msg_obstacle_distance.h:[m[K In function ‘[01m[Kuint16_t mavlink_msg_obstacle_distance_encode(uint8_t, uint8_t, mavlink_message_t*, const mavlink_obstacle_distance_t*)[m[K’:
[2.298s] [01m[K/home/dtc/humanflow/ros2_ghadron_gimbal/src/PayloadSdk/libs/gSDK/src/mavlink/include/mavlink/v2.0/common/./mavlink_msg_obstacle_distance.h:173:158:[m[K [01;35m[Kwarning: [m[Ktaking address of packed member of ‘[01m[K__mavlink_obstacle_distance_t[m[K’ may result in an unaligned pointer value [[01;35m[K-Waddress-of-packed-member[m[K]
[2.299s]   173 |     return mavlink_msg_obstacle_distance_pack(system_id, component_id, msg, obstacle_distance->time_usec, obstacle_distance->sensor_type, [01;35m[Kobstacle_distance->distances[m[K, obstacle_distance->increment, obstacle_distance->min_distance, obstacle_distance->max_distance, obstacle_distance->increment_f, obstacle_distance->angle_offset, obstacle_distance->frame);
[2.299s]       |                                                                                                                                           [01;35m[K~~~~~~~~~~~~~~~~~~~^~~~~~~~~[m[K
[2.299s] [01m[K/home/dtc/humanflow/ros2_ghadron_gimbal/src/PayloadSdk/libs/gSDK/src/mavlink/include/mavlink/v2.0/common/./mavlink_msg_obstacle_distance.h:[m[K In function ‘[01m[Kuint16_t mavlink_msg_obstacle_distance_encode_chan(uint8_t, uint8_t, uint8_t, mavlink_message_t*, const mavlink_obstacle_distance_t*)[m[K’:
[2.299s] [01m[K/home/dtc/humanflow/ros2_ghadron_gimbal/src/PayloadSdk/libs/gSDK/src/mavlink/include/mavlink/v2.0/common/./mavlink_msg_obstacle_distance.h:187:169:[m[K [01;35m[Kwarning: [m[Ktaking address of packed member of ‘[01m[K__mavlink_obstacle_distance_t[m[K’ may result in an unaligned pointer value [[01;35m[K-Waddress-of-packed-member[m[K]
[2.299s]   187 |     return mavlink_msg_obstacle_distance_pack_chan(system_id, component_id, chan, msg, obstacle_distance->time_usec, obstacle_distance->sensor_type, [01;35m[Kobstacle_distance->distances[m[K, obstacle_distance->increment, obstacle_distance->min_distance, obstacle_distance->max_distance, obstacle_distance->increment_f, obstacle_distance->angle_offset, obstacle_distance->frame);
[2.299s]       |                                                                                                                                                      [01;35m[K~~~~~~~~~~~~~~~~~~~^~~~~~~~~[m[K
[2.845s] In file included from [01m[K/home/dtc/humanflow/ros2_ghadron_gimbal/src/PayloadSdk/libs/aarch64/payloadsdk.h:12[m[K,
[2.845s]                  from [01m[K/home/dtc/humanflow/ros2_ghadron_gimbal/src/PayloadSdk/libs/aarch64/payloadSdkInterface.h:5[m[K,
[2.846s]                  from [01m[K/home/dtc/humanflow/ros2_ghadron_gimbal/src/PayloadSdk/examples/ir_set_palete.cpp:5[m[K:
[2.846s] [01m[K/home/dtc/humanflow/ros2_ghadron_gimbal/src/PayloadSdk/examples/ir_set_palete.cpp:[m[K In function ‘[01m[Kint main(int, char**)[m[K’:
[2.846s] [01m[K/home/dtc/humanflow/ros2_ghadron_gimbal/src/PayloadSdk/libs/aarch64/payload-define/ghadron_sdk.h:44:47:[m[K [01;35m[Kwarning: [m[KISO C++ forbids converting a string constant to ‘[01m[Kchar*[m[K’ [[01;35m[K-Wwrite-strings[m[K]
[2.847s]    44 | #define PAYLOAD_CAMERA_IR_PALETTE             [01;35m[K"C_T_PALETTE"[m[K
[2.847s]       |                                               [01;35m[K^~~~~~~~~~~~~[m[K
[2.847s] [01m[K/home/dtc/humanflow/ros2_ghadron_gimbal/src/PayloadSdk/libs/aarch64/payload-define/ghadron_sdk.h:44:47:[m[K [01;36m[Knote: [m[Kin definition of macro ‘[01m[KPAYLOAD_CAMERA_IR_PALETTE[m[K’
[2.847s]    44 | #define PAYLOAD_CAMERA_IR_PALETTE             [01;36m[K"C_T_PALETTE"[m[K
[2.848s]       |                                               [01;36m[K^~~~~~~~~~~~~[m[K
[2.848s] [01m[K/home/dtc/humanflow/ros2_ghadron_gimbal/src/PayloadSdk/libs/aarch64/payload-define/ghadron_sdk.h:44:47:[m[K [01;35m[Kwarning: [m[KISO C++ forbids converting a string constant to ‘[01m[Kchar*[m[K’ [[01;35m[K-Wwrite-strings[m[K]
[2.848s]    44 | #define PAYLOAD_CAMERA_IR_PALETTE             [01;35m[K"C_T_PALETTE"[m[K
[2.849s]       |                                               [01;35m[K^~~~~~~~~~~~~[m[K
[2.849s] [01m[K/home/dtc/humanflow/ros2_ghadron_gimbal/src/PayloadSdk/libs/aarch64/payload-define/ghadron_sdk.h:44:47:[m[K [01;36m[Knote: [m[Kin definition of macro ‘[01m[KPAYLOAD_CAMERA_IR_PALETTE[m[K’
[2.849s]    44 | #define PAYLOAD_CAMERA_IR_PALETTE             [01;36m[K"C_T_PALETTE"[m[K
[2.849s]       |                                               [01;36m[K^~~~~~~~~~~~~[m[K
[2.860s] [01m[K/home/dtc/humanflow/ros2_ghadron_gimbal/src/PayloadSdk/libs/aarch64/payload-define/ghadron_sdk.h:44:47:[m[K [01;35m[Kwarning: [m[KISO C++ forbids converting a string constant to ‘[01m[Kchar*[m[K’ [[01;35m[K-Wwrite-strings[m[K]
[2.860s]    44 | #define PAYLOAD_CAMERA_IR_PALETTE             [01;35m[K"C_T_PALETTE"[m[K
[2.861s]       |                                               [01;35m[K^~~~~~~~~~~~~[m[K
[2.861s] [01m[K/home/dtc/humanflow/ros2_ghadron_gimbal/src/PayloadSdk/libs/aarch64/payload-define/ghadron_sdk.h:44:47:[m[K [01;36m[Knote: [m[Kin definition of macro ‘[01m[KPAYLOAD_CAMERA_IR_PALETTE[m[K’
[2.861s]    44 | #define PAYLOAD_CAMERA_IR_PALETTE             [01;36m[K"C_T_PALETTE"[m[K
[2.861s]       |                                               [01;36m[K^~~~~~~~~~~~~[m[K
[2.861s] [01m[K/home/dtc/humanflow/ros2_ghadron_gimbal/src/PayloadSdk/libs/aarch64/payload-define/ghadron_sdk.h:44:47:[m[K [01;35m[Kwarning: [m[KISO C++ forbids converting a string constant to ‘[01m[Kchar*[m[K’ [[01;35m[K-Wwrite-strings[m[K]
[2.861s]    44 | #define PAYLOAD_CAMERA_IR_PALETTE             [01;35m[K"C_T_PALETTE"[m[K
[2.861s]       |                                               [01;35m[K^~~~~~~~~~~~~[m[K
[2.862s] [01m[K/home/dtc/humanflow/ros2_ghadron_gimbal/src/PayloadSdk/libs/aarch64/payload-define/ghadron_sdk.h:44:47:[m[K [01;36m[Knote: [m[Kin definition of macro ‘[01m[KPAYLOAD_CAMERA_IR_PALETTE[m[K’
[2.862s]    44 | #define PAYLOAD_CAMERA_IR_PALETTE             [01;36m[K"C_T_PALETTE"[m[K
[2.862s]       |                                               [01;36m[K^~~~~~~~~~~~~[m[K
[2.862s] [01m[K/home/dtc/humanflow/ros2_ghadron_gimbal/src/PayloadSdk/libs/aarch64/payload-define/ghadron_sdk.h:44:47:[m[K [01;35m[Kwarning: [m[KISO C++ forbids converting a string constant to ‘[01m[Kchar*[m[K’ [[01;35m[K-Wwrite-strings[m[K]
[2.862s]    44 | #define PAYLOAD_CAMERA_IR_PALETTE             [01;35m[K"C_T_PALETTE"[m[K
[2.862s]       |                                               [01;35m[K^~~~~~~~~~~~~[m[K
[2.862s] [01m[K/home/dtc/humanflow/ros2_ghadron_gimbal/src/PayloadSdk/libs/aarch64/payload-define/ghadron_sdk.h:44:47:[m[K [01;36m[Knote: [m[Kin definition of macro ‘[01m[KPAYLOAD_CAMERA_IR_PALETTE[m[K’
[2.862s]    44 | #define PAYLOAD_CAMERA_IR_PALETTE             [01;36m[K"C_T_PALETTE"[m[K
[2.863s]       |                                               [01;36m[K^~~~~~~~~~~~~[m[K
[2.863s] [01m[K/home/dtc/humanflow/ros2_ghadron_gimbal/src/PayloadSdk/libs/aarch64/payload-define/ghadron_sdk.h:44:47:[m[K [01;35m[Kwarning: [m[KISO C++ forbids converting a string constant to ‘[01m[Kchar*[m[K’ [[01;35m[K-Wwrite-strings[m[K]
[2.863s]    44 | #define PAYLOAD_CAMERA_IR_PALETTE             [01;35m[K"C_T_PALETTE"[m[K
[2.863s]       |                                               [01;35m[K^~~~~~~~~~~~~[m[K
[2.863s] [01m[K/home/dtc/humanflow/ros2_ghadron_gimbal/src/PayloadSdk/libs/aarch64/payload-define/ghadron_sdk.h:44:47:[m[K [01;36m[Knote: [m[Kin definition of macro ‘[01m[KPAYLOAD_CAMERA_IR_PALETTE[m[K’
[2.863s]    44 | #define PAYLOAD_CAMERA_IR_PALETTE             [01;36m[K"C_T_PALETTE"[m[K
[2.863s]       |                                               [01;36m[K^~~~~~~~~~~~~[m[K
[2.864s] [01m[K/home/dtc/humanflow/ros2_ghadron_gimbal/src/PayloadSdk/libs/aarch64/payload-define/ghadron_sdk.h:44:47:[m[K [01;35m[Kwarning: [m[KISO C++ forbids converting a string constant to ‘[01m[Kchar*[m[K’ [[01;35m[K-Wwrite-strings[m[K]
[2.864s]    44 | #define PAYLOAD_CAMERA_IR_PALETTE             [01;35m[K"C_T_PALETTE"[m[K
[2.864s]       |                                               [01;35m[K^~~~~~~~~~~~~[m[K
[2.864s] [01m[K/home/dtc/humanflow/ros2_ghadron_gimbal/src/PayloadSdk/libs/aarch64/payload-define/ghadron_sdk.h:44:47:[m[K [01;36m[Knote: [m[Kin definition of macro ‘[01m[KPAYLOAD_CAMERA_IR_PALETTE[m[K’
[2.864s]    44 | #define PAYLOAD_CAMERA_IR_PALETTE             [01;36m[K"C_T_PALETTE"[m[K
[2.864s]       |                                               [01;36m[K^~~~~~~~~~~~~[m[K
[2.864s] [01m[K/home/dtc/humanflow/ros2_ghadron_gimbal/src/PayloadSdk/libs/aarch64/payload-define/ghadron_sdk.h:44:47:[m[K [01;35m[Kwarning: [m[KISO C++ forbids converting a string constant to ‘[01m[Kchar*[m[K’ [[01;35m[K-Wwrite-strings[m[K]
[2.865s]    44 | #define PAYLOAD_CAMERA_IR_PALETTE             [01;35m[K"C_T_PALETTE"[m[K
[2.865s]       |                                               [01;35m[K^~~~~~~~~~~~~[m[K
[2.865s] [01m[K/home/dtc/humanflow/ros2_ghadron_gimbal/src/PayloadSdk/libs/aarch64/payload-define/ghadron_sdk.h:44:47:[m[K [01;36m[Knote: [m[Kin definition of macro ‘[01m[KPAYLOAD_CAMERA_IR_PALETTE[m[K’
[2.865s]    44 | #define PAYLOAD_CAMERA_IR_PALETTE             [01;36m[K"C_T_PALETTE"[m[K
[2.865s]       |                                               [01;36m[K^~~~~~~~~~~~~[m[K
[2.865s] [01m[K/home/dtc/humanflow/ros2_ghadron_gimbal/src/PayloadSdk/libs/aarch64/payload-define/ghadron_sdk.h:44:47:[m[K [01;35m[Kwarning: [m[KISO C++ forbids converting a string constant to ‘[01m[Kchar*[m[K’ [[01;35m[K-Wwrite-strings[m[K]
[2.890s]    44 | #define PAYLOAD_CAMERA_IR_PALETTE             [01;35m[K"C_T_PALETTE"[m[K
[2.891s]       |                                               [01;35m[K^~~~~~~~~~~~~[m[K
[2.892s] [01m[K/home/dtc/humanflow/ros2_ghadron_gimbal/src/PayloadSdk/libs/aarch64/payload-define/ghadron_sdk.h:44:47:[m[K [01;36m[Knote: [m[Kin definition of macro ‘[01m[KPAYLOAD_CAMERA_IR_PALETTE[m[K’
[2.893s]    44 | #define PAYLOAD_CAMERA_IR_PALETTE             [01;36m[K"C_T_PALETTE"[m[K
[2.894s]       |                                               [01;36m[K^~~~~~~~~~~~~[m[K
[2.895s] [01m[K/home/dtc/humanflow/ros2_ghadron_gimbal/src/PayloadSdk/libs/aarch64/payload-define/ghadron_sdk.h:44:47:[m[K [01;35m[Kwarning: [m[KISO C++ forbids converting a string constant to ‘[01m[Kchar*[m[K’ [[01;35m[K-Wwrite-strings[m[K]
[2.896s]    44 | #define PAYLOAD_CAMERA_IR_PALETTE             [01;35m[K"C_T_PALETTE"[m[K
[2.897s]       |                                               [01;35m[K^~~~~~~~~~~~~[m[K
[2.897s] [01m[K/home/dtc/humanflow/ros2_ghadron_gimbal/src/PayloadSdk/libs/aarch64/payload-define/ghadron_sdk.h:44:47:[m[K [01;36m[Knote: [m[Kin definition of macro ‘[01m[KPAYLOAD_CAMERA_IR_PALETTE[m[K’
[2.898s]    44 | #define PAYLOAD_CAMERA_IR_PALETTE             [01;36m[K"C_T_PALETTE"[m[K
[2.899s]       |                                               [01;36m[K^~~~~~~~~~~~~[m[K
[3.175s] [100%] [32m[1mLinking CXX executable ir_set_palete[0m
[3.380s] [100%] Built target ir_set_palete
[3.638s] Invoked command in '/home/dtc/humanflow/ros2_ghadron_gimbal/build/PayloadSDK' returned '0': /usr/bin/cmake --build /home/dtc/humanflow/ros2_ghadron_gimbal/build/PayloadSDK -- -j4 -l4
