[1.884s] Invoking command in '/home/dtc/humanflow/ros2_ghadron_gimbal/src/stream_publisher': PYTHONPATH=/home/dtc/humanflow/ros2_ghadron_gimbal/build/stream_publisher/prefix_override:/usr/lib/python3/dist-packages/colcon_core/task/python/colcon_distutils_commands:/home/dtc/humanflow/ros2_ghadron_gimbal/install/stream_publisher/lib/python3.10/site-packages:${PYTHONPATH} /usr/bin/python3 -W ignore:setup.py install is deprecated -W ignore:easy_install command is deprecated setup.py egg_info --egg-base ../../build/stream_publisher build --build-base /home/dtc/humanflow/ros2_ghadron_gimbal/build/stream_publisher/build install --record /home/dtc/humanflow/ros2_ghadron_gimbal/build/stream_publisher/install.log --single-version-externally-managed install_data
[2.418s] running egg_info
[2.421s] writing ../../build/stream_publisher/stream_publisher.egg-info/PKG-INFO
[2.422s] writing dependency_links to ../../build/stream_publisher/stream_publisher.egg-info/dependency_links.txt
[2.423s] writing entry points to ../../build/stream_publisher/stream_publisher.egg-info/entry_points.txt
[2.424s] writing requirements to ../../build/stream_publisher/stream_publisher.egg-info/requires.txt
[2.425s] writing top-level names to ../../build/stream_publisher/stream_publisher.egg-info/top_level.txt
[2.426s] reading manifest file '../../build/stream_publisher/stream_publisher.egg-info/SOURCES.txt'
[2.432s] writing manifest file '../../build/stream_publisher/stream_publisher.egg-info/SOURCES.txt'
[2.433s] running build
[2.434s] running build_py
[2.435s] running install
[2.438s] running install_lib
[2.442s] running install_data
[2.444s] running install_egg_info
[2.453s] removing '/home/dtc/humanflow/ros2_ghadron_gimbal/install/stream_publisher/lib/python3.10/site-packages/stream_publisher-0.0.1-py3.10.egg-info' (and everything under it)
[2.480s] Copying ../../build/stream_publisher/stream_publisher.egg-info to /home/dtc/humanflow/ros2_ghadron_gimbal/install/stream_publisher/lib/python3.10/site-packages/stream_publisher-0.0.1-py3.10.egg-info
[2.481s] running install_scripts
[2.534s] Installing stream_node script to /home/dtc/humanflow/ros2_ghadron_gimbal/install/stream_publisher/lib/stream_publisher
[2.541s] writing list of installed files to '/home/dtc/humanflow/ros2_ghadron_gimbal/build/stream_publisher/install.log'
[2.629s] Invoked command in '/home/dtc/humanflow/ros2_ghadron_gimbal/src/stream_publisher' returned '0': PYTHONPATH=/home/dtc/humanflow/ros2_ghadron_gimbal/build/stream_publisher/prefix_override:/usr/lib/python3/dist-packages/colcon_core/task/python/colcon_distutils_commands:/home/dtc/humanflow/ros2_ghadron_gimbal/install/stream_publisher/lib/python3.10/site-packages:${PYTHONPATH} /usr/bin/python3 -W ignore:setup.py install is deprecated -W ignore:easy_install command is deprecated setup.py egg_info --egg-base ../../build/stream_publisher build --build-base /home/dtc/humanflow/ros2_ghadron_gimbal/build/stream_publisher/build install --record /home/dtc/humanflow/ros2_ghadron_gimbal/build/stream_publisher/install.log --single-version-externally-managed install_data
