[0.053s] Invoking command in '/home/dtc/humanflow/ros2_ghadron_gimbal/build/eo_zoom': CMAKE_PREFIX_PATH=${CMAKE_PREFIX_PATH}:/home/dtc/humanflow/ros2_ghadron_gimbal/install/gimbal_bringup:/home/dtc/humanflow/ros2_ghadron_gimbal/install/yolo_detection:/home/dtc/humanflow/ros2_ghadron_gimbal/install/stream_publisher:/home/dtc/humanflow/ros2_ghadron_gimbal/install/rtsp_viewer:/home/dtc/humanflow/ros2_ghadron_gimbal/install/image_viewer:/home/dtc/humanflow/ros2_ghadron_gimbal/install/human_tracking:/opt/ros/humble /usr/bin/cmake --build /home/dtc/humanflow/ros2_ghadron_gimbal/build/eo_zoom -- -j4 -l4
[0.109s] [0m-- GHADRON: 1[0m
[0.111s] -- Found ament_cmake: 1.3.11 (/opt/ros/humble/share/ament_cmake/cmake)
[0.417s] -- Found rclcpp: 16.0.11 (/opt/ros/humble/share/rclcpp/cmake)
[0.470s] -- Found rosidl_generator_c: 3.1.6 (/opt/ros/humble/share/rosidl_generator_c/cmake)
[0.476s] -- Found rosidl_adapter: 3.1.6 (/opt/ros/humble/share/rosidl_adapter/cmake)
[0.488s] -- Found rosidl_generator_cpp: 3.1.6 (/opt/ros/humble/share/rosidl_generator_cpp/cmake)
[0.509s] -- Using all available rosidl_typesupport_c: rosidl_typesupport_fastrtps_c;rosidl_typesupport_introspection_c
[0.535s] -- Using all available rosidl_typesupport_cpp: rosidl_typesupport_fastrtps_cpp;rosidl_typesupport_introspection_cpp
[0.607s] -- Found rmw_implementation_cmake: 6.1.2 (/opt/ros/humble/share/rmw_implementation_cmake/cmake)
[0.610s] -- Found rmw_fastrtps_cpp: 6.2.7 (/opt/ros/humble/share/rmw_fastrtps_cpp/cmake)
[0.822s] -- Using RMW implementation 'rmw_fastrtps_cpp' as default
[2.280s] -- Found ament_lint_auto: 0.12.11 (/opt/ros/humble/share/ament_lint_auto/cmake)
[2.438s] -- Added test 'cppcheck' to perform static code analysis on C / C++ code
[2.439s] -- Configured cppcheck include dirs: /home/dtc/humanflow/ros2_ghadron_gimbal/src/eo_zoom/include;/home/dtc/humanflow/ros2_ghadron_gimbal/src/eo_zoom/../PayloadSdk/libs;/home/dtc/humanflow/ros2_ghadron_gimbal/src/eo_zoom/../PayloadSdk/libs/aarch64;/home/dtc/humanflow/ros2_ghadron_gimbal/src/eo_zoom/../PayloadSdk/libs/aarch64/payload-define;/home/dtc/humanflow/ros2_ghadron_gimbal/src/eo_zoom/../PayloadSdk/libs/third-party/mavlink/include;/home/dtc/humanflow/ros2_ghadron_gimbal/src/eo_zoom/../PayloadSdk/libs/gSDK/src/mavlink/include/mavlink/v2.0;/home/dtc/humanflow/ros2_ghadron_gimbal/src/eo_zoom/../PayloadSdk/libs/gSDK/src
[2.439s] -- Configured cppcheck exclude dirs and/or files: 
[2.440s] -- Added test 'lint_cmake' to check CMake code style
[2.441s] -- Added test 'uncrustify' to check C / C++ code style
[2.441s] -- Configured uncrustify additional arguments: 
[2.442s] -- Added test 'xmllint' to check XML markup files
[2.444s] -- Configuring done
[2.469s] -- Generating done
[2.478s] -- Build files have been written to: /home/dtc/humanflow/ros2_ghadron_gimbal/build/eo_zoom
[2.536s] [35m[1mConsolidate compiler generated dependencies of target eo_zoom_node[0m
[2.585s] [ 50%] [32mBuilding CXX object CMakeFiles/eo_zoom_node.dir/src/eo_zoom_node.cpp.o[0m
[8.880s] In file included from [01m[K/home/dtc/humanflow/ros2_ghadron_gimbal/src/eo_zoom/../PayloadSdk/libs/gSDK/src/mavlink/include/mavlink/v2.0/common/../protocol.h:4[m[K,
[8.880s]                  from [01m[K/home/dtc/humanflow/ros2_ghadron_gimbal/src/eo_zoom/../PayloadSdk/libs/gSDK/src/mavlink/include/mavlink/v2.0/common/common.h:30[m[K,
[8.880s]                  from [01m[K/home/dtc/humanflow/ros2_ghadron_gimbal/src/eo_zoom/../PayloadSdk/libs/gSDK/src/mavlink/include/mavlink/v2.0/common/mavlink.h:32[m[K,
[8.881s]                  from [01m[K/home/dtc/humanflow/ros2_ghadron_gimbal/src/eo_zoom/../PayloadSdk/libs/aarch64/payloadsdk.h:5[m[K,
[8.881s]                  from [01m[K/home/dtc/humanflow/ros2_ghadron_gimbal/src/eo_zoom/../PayloadSdk/libs/aarch64/payloadSdkInterface.h:5[m[K,
[8.881s]                  from [01m[K/home/dtc/humanflow/ros2_ghadron_gimbal/src/eo_zoom/src/eo_zoom_node.cpp:4[m[K:
[8.881s] [01m[K/home/dtc/humanflow/ros2_ghadron_gimbal/src/eo_zoom/../PayloadSdk/libs/gSDK/src/mavlink/include/mavlink/v2.0/common/../mavlink_types.h:78:12:[m[K [01;35m[Kwarning: [m[KISO C++ prohibits anonymous structs [[01;35m[K-Wpedantic[m[K]
[8.881s]    78 |     struct [01;35m[K{[m[K
[8.881s]       |            [01;35m[K^[m[K
[8.881s] [01m[K/home/dtc/humanflow/ros2_ghadron_gimbal/src/eo_zoom/../PayloadSdk/libs/gSDK/src/mavlink/include/mavlink/v2.0/common/../mavlink_types.h:17:40:[m[K [01;36m[Knote: [m[Kin definition of macro ‘[01m[KMAVPACKED[m[K’
[8.882s]    17 |   #define MAVPACKED( __Declaration__ ) [01;36m[K__Declaration__[m[K __attribute__((packed))
[8.882s]       |                                        [01;36m[K^~~~~~~~~~~~~~~[m[K
[9.059s] In file included from [01m[K/home/dtc/humanflow/ros2_ghadron_gimbal/src/eo_zoom/../PayloadSdk/libs/gSDK/src/mavlink/include/mavlink/v2.0/common/common.h:2567[m[K,
[9.060s]                  from [01m[K/home/dtc/humanflow/ros2_ghadron_gimbal/src/eo_zoom/../PayloadSdk/libs/gSDK/src/mavlink/include/mavlink/v2.0/common/mavlink.h:32[m[K,
[9.060s]                  from [01m[K/home/dtc/humanflow/ros2_ghadron_gimbal/src/eo_zoom/../PayloadSdk/libs/aarch64/payloadsdk.h:5[m[K,
[9.060s]                  from [01m[K/home/dtc/humanflow/ros2_ghadron_gimbal/src/eo_zoom/../PayloadSdk/libs/aarch64/payloadSdkInterface.h:5[m[K,
[9.060s]                  from [01m[K/home/dtc/humanflow/ros2_ghadron_gimbal/src/eo_zoom/src/eo_zoom_node.cpp:4[m[K:
[9.060s] [01m[K/home/dtc/humanflow/ros2_ghadron_gimbal/src/eo_zoom/../PayloadSdk/libs/gSDK/src/mavlink/include/mavlink/v2.0/common/./mavlink_msg_set_attitude_target.h:[m[K In function ‘[01m[Kuint16_t mavlink_msg_set_attitude_target_encode(uint8_t, uint8_t, mavlink_message_t*, const mavlink_set_attitude_target_t*)[m[K’:
[9.061s] [01m[K/home/dtc/humanflow/ros2_ghadron_gimbal/src/eo_zoom/../PayloadSdk/libs/gSDK/src/mavlink/include/mavlink/v2.0/common/./mavlink_msg_set_attitude_target.h:183:242:[m[K [01;35m[Kwarning: [m[Ktaking address of packed member of ‘[01m[K__mavlink_set_attitude_target_t[m[K’ may result in an unaligned pointer value [[01;35m[K-Waddress-of-packed-member[m[K]
[9.061s]   183 | >target_system, set_attitude_target->target_component, set_attitude_target->type_mask, [01;35m[Kset_attitude_target->q[m[K, set_attitude_target->body_roll_rate, set_attitude_target->body_pitch_rate, set_attitude_target->body_yaw_rate, set_attitude_target->thrust, set_attitude_target->thrust_body);
[9.061s]       |                                                                                        [01;35m[K~~~~~~~~~~~~~~~~~~~~~^[m[K
[9.061s] 
[9.061s] In file included from [01m[K/home/dtc/humanflow/ros2_ghadron_gimbal/src/eo_zoom/../PayloadSdk/libs/gSDK/src/mavlink/include/mavlink/v2.0/common/common.h:2567[m[K,
[9.061s]                  from [01m[K/home/dtc/humanflow/ros2_ghadron_gimbal/src/eo_zoom/../PayloadSdk/libs/gSDK/src/mavlink/include/mavlink/v2.0/common/mavlink.h:32[m[K,
[9.061s]                  from [01m[K/home/dtc/humanflow/ros2_ghadron_gimbal/src/eo_zoom/../PayloadSdk/libs/aarch64/payloadsdk.h:5[m[K,
[9.061s]                  from [01m[K/home/dtc/humanflow/ros2_ghadron_gimbal/src/eo_zoom/../PayloadSdk/libs/aarch64/payloadSdkInterface.h:5[m[K,
[9.062s]                  from [01m[K/home/dtc/humanflow/ros2_ghadron_gimbal/src/eo_zoom/src/eo_zoom_node.cpp:4[m[K:
[9.062s] [01m[K/home/dtc/humanflow/ros2_ghadron_gimbal/src/eo_zoom/../PayloadSdk/libs/gSDK/src/mavlink/include/mavlink/v2.0/common/./mavlink_msg_set_attitude_target.h:183:406:[m[K [01;35m[Kwarning: [m[Ktaking address of packed member of ‘[01m[K__mavlink_set_attitude_target_t[m[K’ may result in an unaligned pointer value [[01;35m[K-Waddress-of-packed-member[m[K]
[9.062s]   183 | get->body_pitch_rate, set_attitude_target->body_yaw_rate, set_attitude_target->thrust, [01;35m[Kset_attitude_target->thrust_body[m[K);
[9.062s]       |                                                                                        [01;35m[K~~~~~~~~~~~~~~~~~~~~~^~~~~~~~~~~[m[K
[9.062s] 
[9.062s] [01m[K/home/dtc/humanflow/ros2_ghadron_gimbal/src/eo_zoom/../PayloadSdk/libs/gSDK/src/mavlink/include/mavlink/v2.0/common/./mavlink_msg_set_attitude_target.h:[m[K In function ‘[01m[Kuint16_t mavlink_msg_set_attitude_target_encode_chan(uint8_t, uint8_t, uint8_t, mavlink_message_t*, const mavlink_set_attitude_target_t*)[m[K’:
[9.062s] [01m[K/home/dtc/humanflow/ros2_ghadron_gimbal/src/eo_zoom/../PayloadSdk/libs/gSDK/src/mavlink/include/mavlink/v2.0/common/./mavlink_msg_set_attitude_target.h:197:253:[m[K [01;35m[Kwarning: [m[Ktaking address of packed member of ‘[01m[K__mavlink_set_attitude_target_t[m[K’ may result in an unaligned pointer value [[01;35m[K-Waddress-of-packed-member[m[K]
[9.062s]   197 | >target_system, set_attitude_target->target_component, set_attitude_target->type_mask, [01;35m[Kset_attitude_target->q[m[K, set_attitude_target->body_roll_rate, set_attitude_target->body_pitch_rate, set_attitude_target->body_yaw_rate, set_attitude_target->thrust, set_attitude_target->thrust_body);
[9.063s]       |                                                                                        [01;35m[K~~~~~~~~~~~~~~~~~~~~~^[m[K
[9.063s] 
[9.063s] [01m[K/home/dtc/humanflow/ros2_ghadron_gimbal/src/eo_zoom/../PayloadSdk/libs/gSDK/src/mavlink/include/mavlink/v2.0/common/./mavlink_msg_set_attitude_target.h:197:417:[m[K [01;35m[Kwarning: [m[Ktaking address of packed member of ‘[01m[K__mavlink_set_attitude_target_t[m[K’ may result in an unaligned pointer value [[01;35m[K-Waddress-of-packed-member[m[K]
[9.063s]   197 | get->body_pitch_rate, set_attitude_target->body_yaw_rate, set_attitude_target->thrust, [01;35m[Kset_attitude_target->thrust_body[m[K);
[9.063s]       |                                                                                        [01;35m[K~~~~~~~~~~~~~~~~~~~~~^~~~~~~~~~~[m[K
[9.063s] 
[9.822s] In file included from [01m[K/home/dtc/humanflow/ros2_ghadron_gimbal/src/eo_zoom/../PayloadSdk/libs/gSDK/src/mavlink/include/mavlink/v2.0/common/common.h:2610[m[K,
[9.822s]                  from [01m[K/home/dtc/humanflow/ros2_ghadron_gimbal/src/eo_zoom/../PayloadSdk/libs/gSDK/src/mavlink/include/mavlink/v2.0/common/mavlink.h:32[m[K,
[9.822s]                  from [01m[K/home/dtc/humanflow/ros2_ghadron_gimbal/src/eo_zoom/../PayloadSdk/libs/aarch64/payloadsdk.h:5[m[K,
[9.822s]                  from [01m[K/home/dtc/humanflow/ros2_ghadron_gimbal/src/eo_zoom/../PayloadSdk/libs/aarch64/payloadSdkInterface.h:5[m[K,
[9.822s]                  from [01m[K/home/dtc/humanflow/ros2_ghadron_gimbal/src/eo_zoom/src/eo_zoom_node.cpp:4[m[K:
[9.822s] [01m[K/home/dtc/humanflow/ros2_ghadron_gimbal/src/eo_zoom/../PayloadSdk/libs/gSDK/src/mavlink/include/mavlink/v2.0/common/./mavlink_msg_distance_sensor.h:[m[K In function ‘[01m[Kuint16_t mavlink_msg_distance_sensor_encode(uint8_t, uint8_t, mavlink_message_t*, const mavlink_distance_sensor_t*)[m[K’:
[9.823s] [01m[K/home/dtc/humanflow/ros2_ghadron_gimbal/src/eo_zoom/../PayloadSdk/libs/gSDK/src/mavlink/include/mavlink/v2.0/common/./mavlink_msg_distance_sensor.h:200:387:[m[K [01;35m[Kwarning: [m[Ktaking address of packed member of ‘[01m[K__mavlink_distance_sensor_t[m[K’ may result in an unaligned pointer value [[01;35m[K-Waddress-of-packed-member[m[K]
[9.823s]   200 | stance_sensor->covariance, distance_sensor->horizontal_fov, distance_sensor->vertical_fov, [01;35m[Kdistance_sensor->quaternion[m[K, distance_sensor->signal_quality);
[9.823s]       |                                                                                            [01;35m[K~~~~~~~~~~~~~~~~~^~~~~~~~~~[m[K
[9.823s] 
[9.823s] [01m[K/home/dtc/humanflow/ros2_ghadron_gimbal/src/eo_zoom/../PayloadSdk/libs/gSDK/src/mavlink/include/mavlink/v2.0/common/./mavlink_msg_distance_sensor.h:[m[K In function ‘[01m[Kuint16_t mavlink_msg_distance_sensor_encode_chan(uint8_t, uint8_t, uint8_t, mavlink_message_t*, const mavlink_distance_sensor_t*)[m[K’:
[9.823s] [01m[K/home/dtc/humanflow/ros2_ghadron_gimbal/src/eo_zoom/../PayloadSdk/libs/gSDK/src/mavlink/include/mavlink/v2.0/common/./mavlink_msg_distance_sensor.h:214:398:[m[K [01;35m[Kwarning: [m[Ktaking address of packed member of ‘[01m[K__mavlink_distance_sensor_t[m[K’ may result in an unaligned pointer value [[01;35m[K-Waddress-of-packed-member[m[K]
[9.824s]   214 | stance_sensor->covariance, distance_sensor->horizontal_fov, distance_sensor->vertical_fov, [01;35m[Kdistance_sensor->quaternion[m[K, distance_sensor->signal_quality);
[9.824s]       |                                                                                            [01;35m[K~~~~~~~~~~~~~~~~~^~~~~~~~~~[m[K
[9.824s] 
[9.850s] In file included from [01m[K/home/dtc/humanflow/ros2_ghadron_gimbal/src/eo_zoom/../PayloadSdk/libs/gSDK/src/mavlink/include/mavlink/v2.0/common/common.h:2624[m[K,
[9.850s]                  from [01m[K/home/dtc/humanflow/ros2_ghadron_gimbal/src/eo_zoom/../PayloadSdk/libs/gSDK/src/mavlink/include/mavlink/v2.0/common/mavlink.h:32[m[K,
[9.850s]                  from [01m[K/home/dtc/humanflow/ros2_ghadron_gimbal/src/eo_zoom/../PayloadSdk/libs/aarch64/payloadsdk.h:5[m[K,
[9.851s]                  from [01m[K/home/dtc/humanflow/ros2_ghadron_gimbal/src/eo_zoom/../PayloadSdk/libs/aarch64/payloadSdkInterface.h:5[m[K,
[9.851s]                  from [01m[K/home/dtc/humanflow/ros2_ghadron_gimbal/src/eo_zoom/src/eo_zoom_node.cpp:4[m[K:
[9.851s] [01m[K/home/dtc/humanflow/ros2_ghadron_gimbal/src/eo_zoom/../PayloadSdk/libs/gSDK/src/mavlink/include/mavlink/v2.0/common/./mavlink_msg_battery_status.h:[m[K In function ‘[01m[Kuint16_t mavlink_msg_battery_status_encode(uint8_t, uint8_t, mavlink_message_t*, const mavlink_battery_status_t*)[m[K’:
[9.851s] [01m[K/home/dtc/humanflow/ros2_ghadron_gimbal/src/eo_zoom/../PayloadSdk/libs/gSDK/src/mavlink/include/mavlink/v2.0/common/./mavlink_msg_battery_status.h:219:195:[m[K [01;35m[Kwarning: [m[Ktaking address of packed member of ‘[01m[K__mavlink_battery_status_t[m[K’ may result in an unaligned pointer value [[01;35m[K-Waddress-of-packed-member[m[K]
[9.851s]   219 | s->id, battery_status->battery_function, battery_status->type, battery_status->temperature, [01;35m[Kbattery_status->voltages[m[K, battery_status->current_battery, battery_status->current_consumed, battery_status->energy_consumed, battery_status->battery_remaining, battery_status->time_remaining, battery_status->charge_state, battery_status->voltages_ext, battery_status->mode, battery_status->fault_bitmask);
[9.851s]       |                                                                                             [01;35m[K~~~~~~~~~~~~~~~~^~~~~~~~[m[K
[9.851s] 
[9.852s] [01m[K/home/dtc/humanflow/ros2_ghadron_gimbal/src/eo_zoom/../PayloadSdk/libs/gSDK/src/mavlink/include/mavlink/v2.0/common/./mavlink_msg_battery_status.h:219:418:[m[K [01;35m[Kwarning: [m[Ktaking address of packed member of ‘[01m[K__mavlink_battery_status_t[m[K’ may result in an unaligned pointer value [[01;35m[K-Waddress-of-packed-member[m[K]
[9.852s]   219 | ry_status->battery_remaining, battery_status->time_remaining, battery_status->charge_state, [01;35m[Kbattery_status->voltages_ext[m[K, battery_status->mode, battery_status->fault_bitmask);
[9.852s]       |                                                                                             [01;35m[K~~~~~~~~~~~~~~~~^~~~~~~~~~~~[m[K
[9.852s] 
[9.852s] [01m[K/home/dtc/humanflow/ros2_ghadron_gimbal/src/eo_zoom/../PayloadSdk/libs/gSDK/src/mavlink/include/mavlink/v2.0/common/./mavlink_msg_battery_status.h:[m[K In function ‘[01m[Kuint16_t mavlink_msg_battery_status_encode_chan(uint8_t, uint8_t, uint8_t, mavlink_message_t*, const mavlink_battery_status_t*)[m[K’:
[9.852s] [01m[K/home/dtc/humanflow/ros2_ghadron_gimbal/src/eo_zoom/../PayloadSdk/libs/gSDK/src/mavlink/include/mavlink/v2.0/common/./mavlink_msg_battery_status.h:233:206:[m[K [01;35m[Kwarning: [m[Ktaking address of packed member of ‘[01m[K__mavlink_battery_status_t[m[K’ may result in an unaligned pointer value [[01;35m[K-Waddress-of-packed-member[m[K]
[9.852s]   233 | s->id, battery_status->battery_function, battery_status->type, battery_status->temperature, [01;35m[Kbattery_status->voltages[m[K, battery_status->current_battery, battery_status->current_consumed, battery_status->energy_consumed, battery_status->battery_remaining, battery_status->time_remaining, battery_status->charge_state, battery_status->voltages_ext, battery_status->mode, battery_status->fault_bitmask);
[9.853s]       |                                                                                             [01;35m[K~~~~~~~~~~~~~~~~^~~~~~~~[m[K
[9.853s] 
[9.853s] [01m[K/home/dtc/humanflow/ros2_ghadron_gimbal/src/eo_zoom/../PayloadSdk/libs/gSDK/src/mavlink/include/mavlink/v2.0/common/./mavlink_msg_battery_status.h:233:429:[m[K [01;35m[Kwarning: [m[Ktaking address of packed member of ‘[01m[K__mavlink_battery_status_t[m[K’ may result in an unaligned pointer value [[01;35m[K-Waddress-of-packed-member[m[K]
[9.853s]   233 | ry_status->battery_remaining, battery_status->time_remaining, battery_status->charge_state, [01;35m[Kbattery_status->voltages_ext[m[K, battery_status->mode, battery_status->fault_bitmask);
[9.853s]       |                                                                                             [01;35m[K~~~~~~~~~~~~~~~~^~~~~~~~~~~~[m[K
[9.853s] 
[9.855s] In file included from [01m[K/home/dtc/humanflow/ros2_ghadron_gimbal/src/eo_zoom/../PayloadSdk/libs/gSDK/src/mavlink/include/mavlink/v2.0/common/common.h:2626[m[K,
[9.856s]                  from [01m[K/home/dtc/humanflow/ros2_ghadron_gimbal/src/eo_zoom/../PayloadSdk/libs/gSDK/src/mavlink/include/mavlink/v2.0/common/mavlink.h:32[m[K,
[9.856s]                  from [01m[K/home/dtc/humanflow/ros2_ghadron_gimbal/src/eo_zoom/../PayloadSdk/libs/aarch64/payloadsdk.h:5[m[K,
[9.856s]                  from [01m[K/home/dtc/humanflow/ros2_ghadron_gimbal/src/eo_zoom/../PayloadSdk/libs/aarch64/payloadSdkInterface.h:5[m[K,
[9.856s]                  from [01m[K/home/dtc/humanflow/ros2_ghadron_gimbal/src/eo_zoom/src/eo_zoom_node.cpp:4[m[K:
[9.856s] [01m[K/home/dtc/humanflow/ros2_ghadron_gimbal/src/eo_zoom/../PayloadSdk/libs/gSDK/src/mavlink/include/mavlink/v2.0/common/./mavlink_msg_landing_target.h:[m[K In function ‘[01m[Kuint16_t mavlink_msg_landing_target_encode(uint8_t, uint8_t, mavlink_message_t*, const mavlink_landing_target_t*)[m[K’:
[9.856s] [01m[K/home/dtc/humanflow/ros2_ghadron_gimbal/src/eo_zoom/../PayloadSdk/libs/gSDK/src/mavlink/include/mavlink/v2.0/common/./mavlink_msg_landing_target.h:218:349:[m[K [01;35m[Kwarning: [m[Ktaking address of packed member of ‘[01m[K__mavlink_landing_target_t[m[K’ may result in an unaligned pointer value [[01;35m[K-Waddress-of-packed-member[m[K]
[9.856s]   218 | t->size_x, landing_target->size_y, landing_target->x, landing_target->y, landing_target->z, [01;35m[Klanding_target->q[m[K, landing_target->type, landing_target->position_valid);
[9.857s]       |                                                                                             [01;35m[K~~~~~~~~~~~~~~~~^[m[K
[9.857s] 
[9.857s] [01m[K/home/dtc/humanflow/ros2_ghadron_gimbal/src/eo_zoom/../PayloadSdk/libs/gSDK/src/mavlink/include/mavlink/v2.0/common/./mavlink_msg_landing_target.h:[m[K In function ‘[01m[Kuint16_t mavlink_msg_landing_target_encode_chan(uint8_t, uint8_t, uint8_t, mavlink_message_t*, const mavlink_landing_target_t*)[m[K’:
[9.857s] [01m[K/home/dtc/humanflow/ros2_ghadron_gimbal/src/eo_zoom/../PayloadSdk/libs/gSDK/src/mavlink/include/mavlink/v2.0/common/./mavlink_msg_landing_target.h:232:360:[m[K [01;35m[Kwarning: [m[Ktaking address of packed member of ‘[01m[K__mavlink_landing_target_t[m[K’ may result in an unaligned pointer value [[01;35m[K-Waddress-of-packed-member[m[K]
[9.857s]   232 | t->size_x, landing_target->size_y, landing_target->x, landing_target->y, landing_target->z, [01;35m[Klanding_target->q[m[K, landing_target->type, landing_target->position_valid);
[9.857s]       |                                                                                             [01;35m[K~~~~~~~~~~~~~~~~^[m[K
[9.857s] 
[9.885s] In file included from [01m[K/home/dtc/humanflow/ros2_ghadron_gimbal/src/eo_zoom/../PayloadSdk/libs/gSDK/src/mavlink/include/mavlink/v2.0/common/common.h:2637[m[K,
[9.885s]                  from [01m[K/home/dtc/humanflow/ros2_ghadron_gimbal/src/eo_zoom/../PayloadSdk/libs/gSDK/src/mavlink/include/mavlink/v2.0/common/mavlink.h:32[m[K,
[9.885s]                  from [01m[K/home/dtc/humanflow/ros2_ghadron_gimbal/src/eo_zoom/../PayloadSdk/libs/aarch64/payloadsdk.h:5[m[K,
[9.886s]                  from [01m[K/home/dtc/humanflow/ros2_ghadron_gimbal/src/eo_zoom/../PayloadSdk/libs/aarch64/payloadSdkInterface.h:5[m[K,
[9.886s]                  from [01m[K/home/dtc/humanflow/ros2_ghadron_gimbal/src/eo_zoom/src/eo_zoom_node.cpp:4[m[K:
[9.886s] [01m[K/home/dtc/humanflow/ros2_ghadron_gimbal/src/eo_zoom/../PayloadSdk/libs/gSDK/src/mavlink/include/mavlink/v2.0/common/./mavlink_msg_home_position.h:[m[K In function ‘[01m[Kuint16_t mavlink_msg_home_position_encode(uint8_t, uint8_t, mavlink_message_t*, const mavlink_home_position_t*)[m[K’:
[9.886s] [01m[K/home/dtc/humanflow/ros2_ghadron_gimbal/src/eo_zoom/../PayloadSdk/libs/gSDK/src/mavlink/include/mavlink/v2.0/common/./mavlink_msg_home_position.h:191:218:[m[K [01;35m[Kwarning: [m[Ktaking address of packed member of ‘[01m[K__mavlink_home_position_t[m[K’ may result in an unaligned pointer value [[01;35m[K-Waddress-of-packed-member[m[K]
[9.886s]   191 | n->longitude, home_position->altitude, home_position->x, home_position->y, home_position->z, [01;35m[Khome_position->q[m[K, home_position->approach_x, home_position->approach_y, home_position->approach_z, home_position->time_usec);
[9.886s]       |                                                                                              [01;35m[K~~~~~~~~~~~~~~~^[m[K
[9.886s] 
[9.887s] [01m[K/home/dtc/humanflow/ros2_ghadron_gimbal/src/eo_zoom/../PayloadSdk/libs/gSDK/src/mavlink/include/mavlink/v2.0/common/./mavlink_msg_home_position.h:[m[K In function ‘[01m[Kuint16_t mavlink_msg_home_position_encode_chan(uint8_t, uint8_t, uint8_t, mavlink_message_t*, const mavlink_home_position_t*)[m[K’:
[9.887s] [01m[K/home/dtc/humanflow/ros2_ghadron_gimbal/src/eo_zoom/../PayloadSdk/libs/gSDK/src/mavlink/include/mavlink/v2.0/common/./mavlink_msg_home_position.h:205:229:[m[K [01;35m[Kwarning: [m[Ktaking address of packed member of ‘[01m[K__mavlink_home_position_t[m[K’ may result in an unaligned pointer value [[01;35m[K-Waddress-of-packed-member[m[K]
[9.887s]   205 | n->longitude, home_position->altitude, home_position->x, home_position->y, home_position->z, [01;35m[Khome_position->q[m[K, home_position->approach_x, home_position->approach_y, home_position->approach_z, home_position->time_usec);
[9.887s]       |                                                                                              [01;35m[K~~~~~~~~~~~~~~~^[m[K
[9.887s] 
[9.887s] In file included from [01m[K/home/dtc/humanflow/ros2_ghadron_gimbal/src/eo_zoom/../PayloadSdk/libs/gSDK/src/mavlink/include/mavlink/v2.0/common/common.h:2638[m[K,
[9.888s]                  from [01m[K/home/dtc/humanflow/ros2_ghadron_gimbal/src/eo_zoom/../PayloadSdk/libs/gSDK/src/mavlink/include/mavlink/v2.0/common/mavlink.h:32[m[K,
[9.888s]                  from [01m[K/home/dtc/humanflow/ros2_ghadron_gimbal/src/eo_zoom/../PayloadSdk/libs/aarch64/payloadsdk.h:5[m[K,
[9.888s]                  from [01m[K/home/dtc/humanflow/ros2_ghadron_gimbal/src/eo_zoom/../PayloadSdk/libs/aarch64/payloadSdkInterface.h:5[m[K,
[9.888s]                  from [01m[K/home/dtc/humanflow/ros2_ghadron_gimbal/src/eo_zoom/src/eo_zoom_node.cpp:4[m[K:
[9.888s] [01m[K/home/dtc/humanflow/ros2_ghadron_gimbal/src/eo_zoom/../PayloadSdk/libs/gSDK/src/mavlink/include/mavlink/v2.0/common/./mavlink_msg_set_home_position.h:[m[K In function ‘[01m[Kuint16_t mavlink_msg_set_home_position_encode(uint8_t, uint8_t, mavlink_message_t*, const mavlink_set_home_position_t*)[m[K’:
[9.888s] [01m[K/home/dtc/humanflow/ros2_ghadron_gimbal/src/eo_zoom/../PayloadSdk/libs/gSDK/src/mavlink/include/mavlink/v2.0/common/./mavlink_msg_set_home_position.h:200:284:[m[K [01;35m[Kwarning: [m[Ktaking address of packed member of ‘[01m[K__mavlink_set_home_position_t[m[K’ may result in an unaligned pointer value [[01;35m[K-Waddress-of-packed-member[m[K]
[9.889s]   200 | me_position->altitude, set_home_position->x, set_home_position->y, set_home_position->z, [01;35m[Kset_home_position->q[m[K, set_home_position->approach_x, set_home_position->approach_y, set_home_position->approach_z, set_home_position->time_usec);
[9.889s]       |                                                                                          [01;35m[K~~~~~~~~~~~~~~~~~~~^[m[K
[9.889s] 
[9.889s] [01m[K/home/dtc/humanflow/ros2_ghadron_gimbal/src/eo_zoom/../PayloadSdk/libs/gSDK/src/mavlink/include/mavlink/v2.0/common/./mavlink_msg_set_home_position.h:[m[K In function ‘[01m[Kuint16_t mavlink_msg_set_home_position_encode_chan(uint8_t, uint8_t, uint8_t, mavlink_message_t*, const mavlink_set_home_position_t*)[m[K’:
[9.889s] [01m[K/home/dtc/humanflow/ros2_ghadron_gimbal/src/eo_zoom/../PayloadSdk/libs/gSDK/src/mavlink/include/mavlink/v2.0/common/./mavlink_msg_set_home_position.h:214:295:[m[K [01;35m[Kwarning: [m[Ktaking address of packed member of ‘[01m[K__mavlink_set_home_position_t[m[K’ may result in an unaligned pointer value [[01;35m[K-Waddress-of-packed-member[m[K]
[9.889s]   214 | me_position->altitude, set_home_position->x, set_home_position->y, set_home_position->z, [01;35m[Kset_home_position->q[m[K, set_home_position->approach_x, set_home_position->approach_y, set_home_position->approach_z, set_home_position->time_usec);
[9.889s]       |                                                                                          [01;35m[K~~~~~~~~~~~~~~~~~~~^[m[K
[9.889s] 
[9.992s] In file included from [01m[K/home/dtc/humanflow/ros2_ghadron_gimbal/src/eo_zoom/../PayloadSdk/libs/gSDK/src/mavlink/include/mavlink/v2.0/common/common.h:2688[m[K,
[9.993s]                  from [01m[K/home/dtc/humanflow/ros2_ghadron_gimbal/src/eo_zoom/../PayloadSdk/libs/gSDK/src/mavlink/include/mavlink/v2.0/common/mavlink.h:32[m[K,
[9.993s]                  from [01m[K/home/dtc/humanflow/ros2_ghadron_gimbal/src/eo_zoom/../PayloadSdk/libs/aarch64/payloadsdk.h:5[m[K,
[9.993s]                  from [01m[K/home/dtc/humanflow/ros2_ghadron_gimbal/src/eo_zoom/../PayloadSdk/libs/aarch64/payloadSdkInterface.h:5[m[K,
[9.993s]                  from [01m[K/home/dtc/humanflow/ros2_ghadron_gimbal/src/eo_zoom/src/eo_zoom_node.cpp:4[m[K:
[9.993s] [01m[K/home/dtc/humanflow/ros2_ghadron_gimbal/src/eo_zoom/../PayloadSdk/libs/gSDK/src/mavlink/include/mavlink/v2.0/common/./mavlink_msg_obstacle_distance.h:[m[K In function ‘[01m[Kuint16_t mavlink_msg_obstacle_distance_encode(uint8_t, uint8_t, mavlink_message_t*, const mavlink_obstacle_distance_t*)[m[K’:
[9.993s] [01m[K/home/dtc/humanflow/ros2_ghadron_gimbal/src/eo_zoom/../PayloadSdk/libs/gSDK/src/mavlink/include/mavlink/v2.0/common/./mavlink_msg_obstacle_distance.h:173:158:[m[K [01;35m[Kwarning: [m[Ktaking address of packed member of ‘[01m[K__mavlink_obstacle_distance_t[m[K’ may result in an unaligned pointer value [[01;35m[K-Waddress-of-packed-member[m[K]
[9.993s]   173 | tem_id, component_id, msg, obstacle_distance->time_usec, obstacle_distance->sensor_type, [01;35m[Kobstacle_distance->distances[m[K, obstacle_distance->increment, obstacle_distance->min_distance, obstacle_distance->max_distance, obstacle_distance->increment_f, obstacle_distance->angle_offset, obstacle_distance->frame);
[9.994s]       |                                                                                          [01;35m[K~~~~~~~~~~~~~~~~~~~^~~~~~~~~[m[K
[9.994s] 
[9.994s] [01m[K/home/dtc/humanflow/ros2_ghadron_gimbal/src/eo_zoom/../PayloadSdk/libs/gSDK/src/mavlink/include/mavlink/v2.0/common/./mavlink_msg_obstacle_distance.h:[m[K In function ‘[01m[Kuint16_t mavlink_msg_obstacle_distance_encode_chan(uint8_t, uint8_t, uint8_t, mavlink_message_t*, const mavlink_obstacle_distance_t*)[m[K’:
[9.994s] [01m[K/home/dtc/humanflow/ros2_ghadron_gimbal/src/eo_zoom/../PayloadSdk/libs/gSDK/src/mavlink/include/mavlink/v2.0/common/./mavlink_msg_obstacle_distance.h:187:169:[m[K [01;35m[Kwarning: [m[Ktaking address of packed member of ‘[01m[K__mavlink_obstacle_distance_t[m[K’ may result in an unaligned pointer value [[01;35m[K-Waddress-of-packed-member[m[K]
[9.994s]   187 | , component_id, chan, msg, obstacle_distance->time_usec, obstacle_distance->sensor_type, [01;35m[Kobstacle_distance->distances[m[K, obstacle_distance->increment, obstacle_distance->min_distance, obstacle_distance->max_distance, obstacle_distance->increment_f, obstacle_distance->angle_offset, obstacle_distance->frame);
[9.994s]       |                                                                                          [01;35m[K~~~~~~~~~~~~~~~~~~~^~~~~~~~~[m[K
[9.994s] 
[10.150s] In file included from [01m[K/home/dtc/humanflow/ros2_ghadron_gimbal/src/eo_zoom/../PayloadSdk/libs/gSDK/src/gimbal_protocol_v2.h:37[m[K,
[10.150s]                  from [01m[K/home/dtc/humanflow/ros2_ghadron_gimbal/src/eo_zoom/../PayloadSdk/libs/aarch64/payloadSdkInterface.h:6[m[K,
[10.151s]                  from [01m[K/home/dtc/humanflow/ros2_ghadron_gimbal/src/eo_zoom/src/eo_zoom_node.cpp:4[m[K:
[10.151s] [01m[K/home/dtc/humanflow/ros2_ghadron_gimbal/src/eo_zoom/../PayloadSdk/libs/gSDK/src/gimbal_protocol.h:[m[K At global scope:
[10.151s] [01m[K/home/dtc/humanflow/ros2_ghadron_gimbal/src/eo_zoom/../PayloadSdk/libs/gSDK/src/gimbal_protocol.h:255:36:[m[K [01;35m[Kwarning: [m[Kmissing initializer for member ‘[01m[K__mavlink_system::compid[m[K’ [[01;35m[K-Wmissing-field-initializers[m[K]
[10.151s]   255 |     mavlink_system_t _gimbal = { 0 [01;35m[K}[m[K;
[10.151s]       |                                    [01;35m[K^[m[K
[10.151s] [01m[K/home/dtc/humanflow/ros2_ghadron_gimbal/src/eo_zoom/../PayloadSdk/libs/gSDK/src/gimbal_protocol.h:258:38:[m[K [01;35m[Kwarning: [m[Kmissing initializer for member ‘[01m[K__mavlink_command_ack_t::result[m[K’ [[01;35m[K-Wmissing-field-initializers[m[K]
[10.152s]   258 |     mavlink_command_ack_t _ack = { 0 [01;35m[K}[m[K;
[10.152s]       |                                      [01;35m[K^[m[K
[10.152s] [01m[K/home/dtc/humanflow/ros2_ghadron_gimbal/src/eo_zoom/../PayloadSdk/libs/gSDK/src/gimbal_protocol.h:258:38:[m[K [01;35m[Kwarning: [m[Kmissing initializer for member ‘[01m[K__mavlink_command_ack_t::progress[m[K’ [[01;35m[K-Wmissing-field-initializers[m[K]
[10.152s] [01m[K/home/dtc/humanflow/ros2_ghadron_gimbal/src/eo_zoom/../PayloadSdk/libs/gSDK/src/gimbal_protocol.h:258:38:[m[K [01;35m[Kwarning: [m[Kmissing initializer for member ‘[01m[K__mavlink_command_ack_t::result_param2[m[K’ [[01;35m[K-Wmissing-field-initializers[m[K]
[10.152s] [01m[K/home/dtc/humanflow/ros2_ghadron_gimbal/src/eo_zoom/../PayloadSdk/libs/gSDK/src/gimbal_protocol.h:258:38:[m[K [01;35m[Kwarning: [m[Kmissing initializer for member ‘[01m[K__mavlink_command_ack_t::target_system[m[K’ [[01;35m[K-Wmissing-field-initializers[m[K]
[10.152s] [01m[K/home/dtc/humanflow/ros2_ghadron_gimbal/src/eo_zoom/../PayloadSdk/libs/gSDK/src/gimbal_protocol.h:258:38:[m[K [01;35m[Kwarning: [m[Kmissing initializer for member ‘[01m[K__mavlink_command_ack_t::target_component[m[K’ [[01;35m[K-Wmissing-field-initializers[m[K]
[10.277s] In file included from [01m[K/home/dtc/humanflow/ros2_ghadron_gimbal/src/eo_zoom/../PayloadSdk/libs/aarch64/payloadsdk.h:12[m[K,
[10.277s]                  from [01m[K/home/dtc/humanflow/ros2_ghadron_gimbal/src/eo_zoom/../PayloadSdk/libs/aarch64/payloadSdkInterface.h:5[m[K,
[10.278s]                  from [01m[K/home/dtc/humanflow/ros2_ghadron_gimbal/src/eo_zoom/src/eo_zoom_node.cpp:4[m[K:
[10.278s] [01m[K/home/dtc/humanflow/ros2_ghadron_gimbal/src/eo_zoom/src/eo_zoom_node.cpp:[m[K In constructor ‘[01m[KEoZoomNode::EoZoomNode()[m[K’:
[10.278s] [01m[K/home/dtc/humanflow/ros2_ghadron_gimbal/src/eo_zoom/../PayloadSdk/libs/aarch64/payload-define/ghadron_sdk.h:31:45:[m[K [01;35m[Kwarning: [m[KISO C++ forbids converting a string constant to ‘[01m[Kchar*[m[K’ [[01;35m[K-Wwrite-strings[m[K]
[10.278s]    31 | #define PAYLOAD_CAMERA_VIEW_SRC             [01;35m[K"C_SOURCE"[m[K
[10.279s]       |                                             [01;35m[K^~~~~~~~~~[m[K
[10.279s] [01m[K/home/dtc/humanflow/ros2_ghadron_gimbal/src/eo_zoom/../PayloadSdk/libs/aarch64/payload-define/ghadron_sdk.h:31:45:[m[K [01;36m[Knote: [m[Kin definition of macro ‘[01m[KPAYLOAD_CAMERA_VIEW_SRC[m[K’
[10.279s]    31 | #define PAYLOAD_CAMERA_VIEW_SRC             [01;36m[K"C_SOURCE"[m[K
[10.279s]       |                                             [01;36m[K^~~~~~~~~~[m[K
[10.279s] [01m[K/home/dtc/humanflow/ros2_ghadron_gimbal/src/eo_zoom/../PayloadSdk/libs/aarch64/payload-define/ghadron_sdk.h:9:55:[m[K [01;35m[Kwarning: [m[KISO C++ forbids converting a string constant to ‘[01m[Kchar*[m[K’ [[01;35m[K-Wwrite-strings[m[K]
[10.279s]     9 | #define PAYLOAD_CAMERA_VIDEO_ZOOM_FACTOR              [01;35m[K"C_V_ZOOM"[m[K
[10.279s]       |                                                       [01;35m[K^~~~~~~~~~[m[K
[10.280s] [01m[K/home/dtc/humanflow/ros2_ghadron_gimbal/src/eo_zoom/../PayloadSdk/libs/aarch64/payload-define/ghadron_sdk.h:9:55:[m[K [01;36m[Knote: [m[Kin definition of macro ‘[01m[KPAYLOAD_CAMERA_VIDEO_ZOOM_FACTOR[m[K’
[10.280s]     9 | #define PAYLOAD_CAMERA_VIDEO_ZOOM_FACTOR              [01;36m[K"C_V_ZOOM"[m[K
[10.280s]       |                                                       [01;36m[K^~~~~~~~~~[m[K
[17.043s] In file included from [01m[K/home/dtc/humanflow/ros2_ghadron_gimbal/src/eo_zoom/../PayloadSdk/libs/aarch64/payloadSdkInterface.h:5[m[K,
[17.043s]                  from [01m[K/home/dtc/humanflow/ros2_ghadron_gimbal/src/eo_zoom/src/eo_zoom_node.cpp:4[m[K:
[17.044s] [01m[K/home/dtc/humanflow/ros2_ghadron_gimbal/src/eo_zoom/../PayloadSdk/libs/aarch64/payloadsdk.h:[m[K At global scope:
[17.044s] [01m[K/home/dtc/humanflow/ros2_ghadron_gimbal/src/eo_zoom/../PayloadSdk/libs/aarch64/payloadsdk.h:27:12:[m[K [01;35m[Kwarning: [m[K‘[01m[Kpayload_uart_baud[m[K’ defined but not used [[01;35m[K-Wunused-variable[m[K]
[17.044s]    27 | static int [01;35m[Kpayload_uart_baud[m[K = 115200;
[17.044s]       |            [01;35m[K^~~~~~~~~~~~~~~~~[m[K
[17.044s] [01m[K/home/dtc/humanflow/ros2_ghadron_gimbal/src/eo_zoom/../PayloadSdk/libs/aarch64/payloadsdk.h:26:14:[m[K [01;35m[Kwarning: [m[K‘[01m[Kpayload_uart_port[m[K’ defined but not used [[01;35m[K-Wunused-variable[m[K]
[17.044s]    26 | static char *[01;35m[Kpayload_uart_port[m[K = (char*)"/dev/ttyUSB0";
[17.044s]       |              [01;35m[K^~~~~~~~~~~~~~~~~[m[K
[26.684s] [100%] [32m[1mLinking CXX executable eo_zoom_node[0m
[27.664s] [100%] Built target eo_zoom_node
[27.686s] Invoked command in '/home/dtc/humanflow/ros2_ghadron_gimbal/build/eo_zoom' returned '0': CMAKE_PREFIX_PATH=${CMAKE_PREFIX_PATH}:/home/dtc/humanflow/ros2_ghadron_gimbal/install/gimbal_bringup:/home/dtc/humanflow/ros2_ghadron_gimbal/install/yolo_detection:/home/dtc/humanflow/ros2_ghadron_gimbal/install/stream_publisher:/home/dtc/humanflow/ros2_ghadron_gimbal/install/rtsp_viewer:/home/dtc/humanflow/ros2_ghadron_gimbal/install/image_viewer:/home/dtc/humanflow/ros2_ghadron_gimbal/install/human_tracking:/opt/ros/humble /usr/bin/cmake --build /home/dtc/humanflow/ros2_ghadron_gimbal/build/eo_zoom -- -j4 -l4
[27.691s] Invoking command in '/home/dtc/humanflow/ros2_ghadron_gimbal/build/eo_zoom': CMAKE_PREFIX_PATH=${CMAKE_PREFIX_PATH}:/home/dtc/humanflow/ros2_ghadron_gimbal/install/gimbal_bringup:/home/dtc/humanflow/ros2_ghadron_gimbal/install/yolo_detection:/home/dtc/humanflow/ros2_ghadron_gimbal/install/stream_publisher:/home/dtc/humanflow/ros2_ghadron_gimbal/install/rtsp_viewer:/home/dtc/humanflow/ros2_ghadron_gimbal/install/image_viewer:/home/dtc/humanflow/ros2_ghadron_gimbal/install/human_tracking:/opt/ros/humble /usr/bin/cmake --install /home/dtc/humanflow/ros2_ghadron_gimbal/build/eo_zoom
[27.704s] -- Install configuration: "Debug"
[27.705s] -- Installing: /home/dtc/humanflow/ros2_ghadron_gimbal/install/eo_zoom/lib/eo_zoom/eo_zoom_node
[27.740s] -- Set runtime path of "/home/dtc/humanflow/ros2_ghadron_gimbal/install/eo_zoom/lib/eo_zoom/eo_zoom_node" to ""
[27.741s] -- Up-to-date: /home/dtc/humanflow/ros2_ghadron_gimbal/install/eo_zoom/share/ament_index/resource_index/package_run_dependencies/eo_zoom
[27.741s] -- Installing: /home/dtc/humanflow/ros2_ghadron_gimbal/install/eo_zoom/share/ament_index/resource_index/parent_prefix_path/eo_zoom
[27.741s] -- Up-to-date: /home/dtc/humanflow/ros2_ghadron_gimbal/install/eo_zoom/share/eo_zoom/environment/ament_prefix_path.sh
[27.741s] -- Installing: /home/dtc/humanflow/ros2_ghadron_gimbal/install/eo_zoom/share/eo_zoom/environment/ament_prefix_path.dsv
[27.741s] -- Up-to-date: /home/dtc/humanflow/ros2_ghadron_gimbal/install/eo_zoom/share/eo_zoom/environment/path.sh
[27.741s] -- Installing: /home/dtc/humanflow/ros2_ghadron_gimbal/install/eo_zoom/share/eo_zoom/environment/path.dsv
[27.742s] -- Up-to-date: /home/dtc/humanflow/ros2_ghadron_gimbal/install/eo_zoom/share/eo_zoom/local_setup.bash
[27.742s] -- Up-to-date: /home/dtc/humanflow/ros2_ghadron_gimbal/install/eo_zoom/share/eo_zoom/local_setup.sh
[27.742s] -- Up-to-date: /home/dtc/humanflow/ros2_ghadron_gimbal/install/eo_zoom/share/eo_zoom/local_setup.zsh
[27.742s] -- Installing: /home/dtc/humanflow/ros2_ghadron_gimbal/install/eo_zoom/share/eo_zoom/local_setup.dsv
[27.742s] -- Installing: /home/dtc/humanflow/ros2_ghadron_gimbal/install/eo_zoom/share/eo_zoom/package.dsv
[27.743s] -- Up-to-date: /home/dtc/humanflow/ros2_ghadron_gimbal/install/eo_zoom/share/ament_index/resource_index/packages/eo_zoom
[27.743s] -- Up-to-date: /home/dtc/humanflow/ros2_ghadron_gimbal/install/eo_zoom/share/eo_zoom/cmake/eo_zoomConfig.cmake
[27.743s] -- Up-to-date: /home/dtc/humanflow/ros2_ghadron_gimbal/install/eo_zoom/share/eo_zoom/cmake/eo_zoomConfig-version.cmake
[27.743s] -- Installing: /home/dtc/humanflow/ros2_ghadron_gimbal/install/eo_zoom/share/eo_zoom/package.xml
[27.749s] Invoked command in '/home/dtc/humanflow/ros2_ghadron_gimbal/build/eo_zoom' returned '0': CMAKE_PREFIX_PATH=${CMAKE_PREFIX_PATH}:/home/dtc/humanflow/ros2_ghadron_gimbal/install/gimbal_bringup:/home/dtc/humanflow/ros2_ghadron_gimbal/install/yolo_detection:/home/dtc/humanflow/ros2_ghadron_gimbal/install/stream_publisher:/home/dtc/humanflow/ros2_ghadron_gimbal/install/rtsp_viewer:/home/dtc/humanflow/ros2_ghadron_gimbal/install/image_viewer:/home/dtc/humanflow/ros2_ghadron_gimbal/install/human_tracking:/opt/ros/humble /usr/bin/cmake --install /home/dtc/humanflow/ros2_ghadron_gimbal/build/eo_zoom
