[0.056s] Invoking command in '/home/dtc/humanflow/ros2_ghadron_gimbal/build/eo_zoom': CMAKE_PREFIX_PATH=${CMAKE_PREFIX_PATH}:/home/dtc/humanflow/ros2_ghadron_gimbal/install/gimbal_bringup:/home/dtc/humanflow/ros2_ghadron_gimbal/install/yolo_detection:/home/dtc/humanflow/ros2_ghadron_gimbal/install/stream_publisher:/home/dtc/humanflow/ros2_ghadron_gimbal/install/rtsp_viewer:/home/dtc/humanflow/ros2_ghadron_gimbal/install/image_viewer:/home/dtc/humanflow/ros2_ghadron_gimbal/install/human_tracking:/opt/ros/humble /usr/bin/cmake --build /home/dtc/humanflow/ros2_ghadron_gimbal/build/eo_zoom -- -j4 -l4
[0.137s] [0m-- GHADRON: 1[0m
[0.138s] -- Found ament_cmake: 1.3.11 (/opt/ros/humble/share/ament_cmake/cmake)
[0.661s] -- Found rclcpp: 16.0.11 (/opt/ros/humble/share/rclcpp/cmake)
[0.743s] -- Found rosidl_generator_c: 3.1.6 (/opt/ros/humble/share/rosidl_generator_c/cmake)
[0.751s] -- Found rosidl_adapter: 3.1.6 (/opt/ros/humble/share/rosidl_adapter/cmake)
[0.769s] -- Found rosidl_generator_cpp: 3.1.6 (/opt/ros/humble/share/rosidl_generator_cpp/cmake)
[0.800s] -- Using all available rosidl_typesupport_c: rosidl_typesupport_fastrtps_c;rosidl_typesupport_introspection_c
[0.839s] -- Using all available rosidl_typesupport_cpp: rosidl_typesupport_fastrtps_cpp;rosidl_typesupport_introspection_cpp
[0.950s] -- Found rmw_implementation_cmake: 6.1.2 (/opt/ros/humble/share/rmw_implementation_cmake/cmake)
[0.953s] -- Found rmw_fastrtps_cpp: 6.2.7 (/opt/ros/humble/share/rmw_fastrtps_cpp/cmake)
[1.259s] -- Using RMW implementation 'rmw_fastrtps_cpp' as default
[2.729s] -- Found ament_lint_auto: 0.12.11 (/opt/ros/humble/share/ament_lint_auto/cmake)
[2.908s] -- Added test 'cppcheck' to perform static code analysis on C / C++ code
[2.909s] -- Configured cppcheck include dirs: /home/dtc/humanflow/ros2_ghadron_gimbal/src/eo_zoom/include;/home/dtc/humanflow/ros2_ghadron_gimbal/src/eo_zoom/../PayloadSdk/libs;/home/dtc/humanflow/ros2_ghadron_gimbal/src/eo_zoom/../PayloadSdk/libs/aarch64;/home/dtc/humanflow/ros2_ghadron_gimbal/src/eo_zoom/../PayloadSdk/libs/aarch64/payload-define;/home/dtc/humanflow/ros2_ghadron_gimbal/src/eo_zoom/../PayloadSdk/libs/third-party/mavlink/include;/home/dtc/humanflow/ros2_ghadron_gimbal/src/eo_zoom/../PayloadSdk/libs/gSDK/src/mavlink/include/mavlink/v2.0;/home/dtc/humanflow/ros2_ghadron_gimbal/src/eo_zoom/../PayloadSdk/libs/gSDK/src
[2.910s] -- Configured cppcheck exclude dirs and/or files: 
[2.920s] -- Added test 'lint_cmake' to check CMake code style
[2.927s] -- Added test 'uncrustify' to check C / C++ code style
[2.931s] -- Configured uncrustify additional arguments: 
[2.935s] -- Added test 'xmllint' to check XML markup files
[2.936s] -- Configuring done
[2.969s] -- Generating done
[2.981s] -- Build files have been written to: /home/dtc/humanflow/ros2_ghadron_gimbal/build/eo_zoom
[3.051s] [35m[1mConsolidate compiler generated dependencies of target eo_zoom_node[0m
[3.276s] [ 50%] [32mBuilding CXX object CMakeFiles/eo_zoom_node.dir/src/eo_zoom_node.cpp.o[0m
[17.250s] In file included from [01m[K/home/dtc/humanflow/ros2_ghadron_gimbal/src/eo_zoom/../PayloadSdk/libs/gSDK/src/mavlink/include/mavlink/v2.0/common/../protocol.h:4[m[K,
[17.251s]                  from [01m[K/home/dtc/humanflow/ros2_ghadron_gimbal/src/eo_zoom/../PayloadSdk/libs/gSDK/src/mavlink/include/mavlink/v2.0/common/common.h:30[m[K,
[17.253s]                  from [01m[K/home/dtc/humanflow/ros2_ghadron_gimbal/src/eo_zoom/../PayloadSdk/libs/gSDK/src/mavlink/include/mavlink/v2.0/common/mavlink.h:32[m[K,
[17.254s]                  from [01m[K/home/dtc/humanflow/ros2_ghadron_gimbal/src/eo_zoom/../PayloadSdk/libs/aarch64/payloadsdk.h:5[m[K,
[17.255s]                  from [01m[K/home/dtc/humanflow/ros2_ghadron_gimbal/src/eo_zoom/../PayloadSdk/libs/aarch64/payloadSdkInterface.h:5[m[K,
[17.256s]                  from [01m[K/home/dtc/humanflow/ros2_ghadron_gimbal/src/eo_zoom/src/eo_zoom_node.cpp:4[m[K:
[17.257s] [01m[K/home/dtc/humanflow/ros2_ghadron_gimbal/src/eo_zoom/../PayloadSdk/libs/gSDK/src/mavlink/include/mavlink/v2.0/common/../mavlink_types.h:78:12:[m[K [01;35m[Kwarning: [m[KISO C++ prohibits anonymous structs [[01;35m[K-Wpedantic[m[K]
[17.258s]    78 |     struct [01;35m[K{[m[K
[17.259s]       |            [01;35m[K^[m[K
[17.261s] [01m[K/home/dtc/humanflow/ros2_ghadron_gimbal/src/eo_zoom/../PayloadSdk/libs/gSDK/src/mavlink/include/mavlink/v2.0/common/../mavlink_types.h:17:40:[m[K [01;36m[Knote: [m[Kin definition of macro ‘[01m[KMAVPACKED[m[K’
[17.262s]    17 |   #define MAVPACKED( __Declaration__ ) [01;36m[K__Declaration__[m[K __attribute__((packed))
[17.264s]       |                                        [01;36m[K^~~~~~~~~~~~~~~[m[K
[17.857s] In file included from [01m[K/home/dtc/humanflow/ros2_ghadron_gimbal/src/eo_zoom/../PayloadSdk/libs/gSDK/src/mavlink/include/mavlink/v2.0/common/common.h:2567[m[K,
[17.859s]                  from [01m[K/home/dtc/humanflow/ros2_ghadron_gimbal/src/eo_zoom/../PayloadSdk/libs/gSDK/src/mavlink/include/mavlink/v2.0/common/mavlink.h:32[m[K,
[17.860s]                  from [01m[K/home/dtc/humanflow/ros2_ghadron_gimbal/src/eo_zoom/../PayloadSdk/libs/aarch64/payloadsdk.h:5[m[K,
[17.861s]                  from [01m[K/home/dtc/humanflow/ros2_ghadron_gimbal/src/eo_zoom/../PayloadSdk/libs/aarch64/payloadSdkInterface.h:5[m[K,
[17.862s]                  from [01m[K/home/dtc/humanflow/ros2_ghadron_gimbal/src/eo_zoom/src/eo_zoom_node.cpp:4[m[K:
[17.862s] [01m[K/home/dtc/humanflow/ros2_ghadron_gimbal/src/eo_zoom/../PayloadSdk/libs/gSDK/src/mavlink/include/mavlink/v2.0/common/./mavlink_msg_set_attitude_target.h:[m[K In function ‘[01m[Kuint16_t mavlink_msg_set_attitude_target_encode(uint8_t, uint8_t, mavlink_message_t*, const mavlink_set_attitude_target_t*)[m[K’:
[17.863s] [01m[K/home/dtc/humanflow/ros2_ghadron_gimbal/src/eo_zoom/../PayloadSdk/libs/gSDK/src/mavlink/include/mavlink/v2.0/common/./mavlink_msg_set_attitude_target.h:183:242:[m[K [01;35m[Kwarning: [m[Ktaking address of packed member of ‘[01m[K__mavlink_set_attitude_target_t[m[K’ may result in an unaligned pointer value [[01;35m[K-Waddress-of-packed-member[m[K]
[17.864s]   183 | rget->target_component, set_attitude_target->type_mask, [01;35m[Kset_attitude_target->q[m[K, set_attitude_target->body_roll_rate, set_attitude_target->body_pitch_rate, set_attitude_target->body_yaw_rate, set_attitude_target->thrust, set_attitude_target->thrust_body);
[17.865s]       |                                                         [01;35m[K~~~~~~~~~~~~~~~~~~~~~^[m[K
[17.866s] 
[17.867s] In file included from [01m[K/home/dtc/humanflow/ros2_ghadron_gimbal/src/eo_zoom/../PayloadSdk/libs/gSDK/src/mavlink/include/mavlink/v2.0/common/common.h:2567[m[K,
[17.868s]                  from [01m[K/home/dtc/humanflow/ros2_ghadron_gimbal/src/eo_zoom/../PayloadSdk/libs/gSDK/src/mavlink/include/mavlink/v2.0/common/mavlink.h:32[m[K,
[17.869s]                  from [01m[K/home/dtc/humanflow/ros2_ghadron_gimbal/src/eo_zoom/../PayloadSdk/libs/aarch64/payloadsdk.h:5[m[K,
[17.870s]                  from [01m[K/home/dtc/humanflow/ros2_ghadron_gimbal/src/eo_zoom/../PayloadSdk/libs/aarch64/payloadSdkInterface.h:5[m[K,
[17.871s]                  from [01m[K/home/dtc/humanflow/ros2_ghadron_gimbal/src/eo_zoom/src/eo_zoom_node.cpp:4[m[K:
[17.872s] [01m[K/home/dtc/humanflow/ros2_ghadron_gimbal/src/eo_zoom/../PayloadSdk/libs/gSDK/src/mavlink/include/mavlink/v2.0/common/./mavlink_msg_set_attitude_target.h:183:406:[m[K [01;35m[Kwarning: [m[Ktaking address of packed member of ‘[01m[K__mavlink_set_attitude_target_t[m[K’ may result in an unaligned pointer value [[01;35m[K-Waddress-of-packed-member[m[K]
[17.873s]   183 | ude_target->body_yaw_rate, set_attitude_target->thrust, [01;35m[Kset_attitude_target->thrust_body[m[K);
[17.874s]       |                                                         [01;35m[K~~~~~~~~~~~~~~~~~~~~~^~~~~~~~~~~[m[K
[17.875s] 
[17.876s] [01m[K/home/dtc/humanflow/ros2_ghadron_gimbal/src/eo_zoom/../PayloadSdk/libs/gSDK/src/mavlink/include/mavlink/v2.0/common/./mavlink_msg_set_attitude_target.h:[m[K In function ‘[01m[Kuint16_t mavlink_msg_set_attitude_target_encode_chan(uint8_t, uint8_t, uint8_t, mavlink_message_t*, const mavlink_set_attitude_target_t*)[m[K’:
[17.877s] [01m[K/home/dtc/humanflow/ros2_ghadron_gimbal/src/eo_zoom/../PayloadSdk/libs/gSDK/src/mavlink/include/mavlink/v2.0/common/./mavlink_msg_set_attitude_target.h:197:253:[m[K [01;35m[Kwarning: [m[Ktaking address of packed member of ‘[01m[K__mavlink_set_attitude_target_t[m[K’ may result in an unaligned pointer value [[01;35m[K-Waddress-of-packed-member[m[K]
[17.877s]   197 | rget->target_component, set_attitude_target->type_mask, [01;35m[Kset_attitude_target->q[m[K, set_attitude_target->body_roll_rate, set_attitude_target->body_pitch_rate, set_attitude_target->body_yaw_rate, set_attitude_target->thrust, set_attitude_target->thrust_body);
[17.878s]       |                                                         [01;35m[K~~~~~~~~~~~~~~~~~~~~~^[m[K
[17.879s] 
[17.880s] [01m[K/home/dtc/humanflow/ros2_ghadron_gimbal/src/eo_zoom/../PayloadSdk/libs/gSDK/src/mavlink/include/mavlink/v2.0/common/./mavlink_msg_set_attitude_target.h:197:417:[m[K [01;35m[Kwarning: [m[Ktaking address of packed member of ‘[01m[K__mavlink_set_attitude_target_t[m[K’ may result in an unaligned pointer value [[01;35m[K-Waddress-of-packed-member[m[K]
[17.885s]   197 | ude_target->body_yaw_rate, set_attitude_target->thrust, [01;35m[Kset_attitude_target->thrust_body[m[K);
[17.886s]       |                                                         [01;35m[K~~~~~~~~~~~~~~~~~~~~~^~~~~~~~~~~[m[K
[17.887s] 
[19.837s] In file included from [01m[K/home/dtc/humanflow/ros2_ghadron_gimbal/src/eo_zoom/../PayloadSdk/libs/gSDK/src/mavlink/include/mavlink/v2.0/common/common.h:2610[m[K,
[19.841s]                  from [01m[K/home/dtc/humanflow/ros2_ghadron_gimbal/src/eo_zoom/../PayloadSdk/libs/gSDK/src/mavlink/include/mavlink/v2.0/common/mavlink.h:32[m[K,
[19.841s]                  from [01m[K/home/dtc/humanflow/ros2_ghadron_gimbal/src/eo_zoom/../PayloadSdk/libs/aarch64/payloadsdk.h:5[m[K,
[19.842s]                  from [01m[K/home/dtc/humanflow/ros2_ghadron_gimbal/src/eo_zoom/../PayloadSdk/libs/aarch64/payloadSdkInterface.h:5[m[K,
[19.842s]                  from [01m[K/home/dtc/humanflow/ros2_ghadron_gimbal/src/eo_zoom/src/eo_zoom_node.cpp:4[m[K:
[19.842s] [01m[K/home/dtc/humanflow/ros2_ghadron_gimbal/src/eo_zoom/../PayloadSdk/libs/gSDK/src/mavlink/include/mavlink/v2.0/common/./mavlink_msg_distance_sensor.h:[m[K In function ‘[01m[Kuint16_t mavlink_msg_distance_sensor_encode(uint8_t, uint8_t, mavlink_message_t*, const mavlink_distance_sensor_t*)[m[K’:
[19.843s] [01m[K/home/dtc/humanflow/ros2_ghadron_gimbal/src/eo_zoom/../PayloadSdk/libs/gSDK/src/mavlink/include/mavlink/v2.0/common/./mavlink_msg_distance_sensor.h:200:387:[m[K [01;35m[Kwarning: [m[Ktaking address of packed member of ‘[01m[K__mavlink_distance_sensor_t[m[K’ may result in an unaligned pointer value [[01;35m[K-Waddress-of-packed-member[m[K]
[19.843s]   200 | ance_sensor->horizontal_fov, distance_sensor->vertical_fov, [01;35m[Kdistance_sensor->quaternion[m[K, distance_sensor->signal_quality);
[19.843s]       |                                                             [01;35m[K~~~~~~~~~~~~~~~~~^~~~~~~~~~[m[K
[19.843s] 
[19.844s] [01m[K/home/dtc/humanflow/ros2_ghadron_gimbal/src/eo_zoom/../PayloadSdk/libs/gSDK/src/mavlink/include/mavlink/v2.0/common/./mavlink_msg_distance_sensor.h:[m[K In function ‘[01m[Kuint16_t mavlink_msg_distance_sensor_encode_chan(uint8_t, uint8_t, uint8_t, mavlink_message_t*, const mavlink_distance_sensor_t*)[m[K’:
[19.845s] [01m[K/home/dtc/humanflow/ros2_ghadron_gimbal/src/eo_zoom/../PayloadSdk/libs/gSDK/src/mavlink/include/mavlink/v2.0/common/./mavlink_msg_distance_sensor.h:214:398:[m[K [01;35m[Kwarning: [m[Ktaking address of packed member of ‘[01m[K__mavlink_distance_sensor_t[m[K’ may result in an unaligned pointer value [[01;35m[K-Waddress-of-packed-member[m[K]
[19.845s]   214 | ance_sensor->horizontal_fov, distance_sensor->vertical_fov, [01;35m[Kdistance_sensor->quaternion[m[K, distance_sensor->signal_quality);
[19.845s]       |                                                             [01;35m[K~~~~~~~~~~~~~~~~~^~~~~~~~~~[m[K
[19.845s] 
[19.933s] In file included from [01m[K/home/dtc/humanflow/ros2_ghadron_gimbal/src/eo_zoom/../PayloadSdk/libs/gSDK/src/mavlink/include/mavlink/v2.0/common/common.h:2624[m[K,
[19.937s]                  from [01m[K/home/dtc/humanflow/ros2_ghadron_gimbal/src/eo_zoom/../PayloadSdk/libs/gSDK/src/mavlink/include/mavlink/v2.0/common/mavlink.h:32[m[K,
[19.938s]                  from [01m[K/home/dtc/humanflow/ros2_ghadron_gimbal/src/eo_zoom/../PayloadSdk/libs/aarch64/payloadsdk.h:5[m[K,
[19.938s]                  from [01m[K/home/dtc/humanflow/ros2_ghadron_gimbal/src/eo_zoom/../PayloadSdk/libs/aarch64/payloadSdkInterface.h:5[m[K,
[19.938s]                  from [01m[K/home/dtc/humanflow/ros2_ghadron_gimbal/src/eo_zoom/src/eo_zoom_node.cpp:4[m[K:
[19.939s] [01m[K/home/dtc/humanflow/ros2_ghadron_gimbal/src/eo_zoom/../PayloadSdk/libs/gSDK/src/mavlink/include/mavlink/v2.0/common/./mavlink_msg_battery_status.h:[m[K In function ‘[01m[Kuint16_t mavlink_msg_battery_status_encode(uint8_t, uint8_t, mavlink_message_t*, const mavlink_battery_status_t*)[m[K’:
[19.939s] [01m[K/home/dtc/humanflow/ros2_ghadron_gimbal/src/eo_zoom/../PayloadSdk/libs/gSDK/src/mavlink/include/mavlink/v2.0/common/./mavlink_msg_battery_status.h:219:195:[m[K [01;35m[Kwarning: [m[Ktaking address of packed member of ‘[01m[K__mavlink_battery_status_t[m[K’ may result in an unaligned pointer value [[01;35m[K-Waddress-of-packed-member[m[K]
[19.939s]   219 | function, battery_status->type, battery_status->temperature, [01;35m[Kbattery_status->voltages[m[K, battery_status->current_battery, battery_status->current_consumed, battery_status->energy_consumed, battery_status->battery_remaining, battery_status->time_remaining, battery_status->charge_state, battery_status->voltages_ext, battery_status->mode, battery_status->fault_bitmask);
[19.939s]       |                                                              [01;35m[K~~~~~~~~~~~~~~~~^~~~~~~~[m[K
[19.940s] 
[19.940s] [01m[K/home/dtc/humanflow/ros2_ghadron_gimbal/src/eo_zoom/../PayloadSdk/libs/gSDK/src/mavlink/include/mavlink/v2.0/common/./mavlink_msg_battery_status.h:219:418:[m[K [01;35m[Kwarning: [m[Ktaking address of packed member of ‘[01m[K__mavlink_battery_status_t[m[K’ may result in an unaligned pointer value [[01;35m[K-Waddress-of-packed-member[m[K]
[19.941s]   219 | attery_status->time_remaining, battery_status->charge_state, [01;35m[Kbattery_status->voltages_ext[m[K, battery_status->mode, battery_status->fault_bitmask);
[19.942s]       |                                                              [01;35m[K~~~~~~~~~~~~~~~~^~~~~~~~~~~~[m[K
[19.942s] 
[19.943s] [01m[K/home/dtc/humanflow/ros2_ghadron_gimbal/src/eo_zoom/../PayloadSdk/libs/gSDK/src/mavlink/include/mavlink/v2.0/common/./mavlink_msg_battery_status.h:[m[K In function ‘[01m[Kuint16_t mavlink_msg_battery_status_encode_chan(uint8_t, uint8_t, uint8_t, mavlink_message_t*, const mavlink_battery_status_t*)[m[K’:
[19.947s] [01m[K/home/dtc/humanflow/ros2_ghadron_gimbal/src/eo_zoom/../PayloadSdk/libs/gSDK/src/mavlink/include/mavlink/v2.0/common/./mavlink_msg_battery_status.h:233:206:[m[K [01;35m[Kwarning: [m[Ktaking address of packed member of ‘[01m[K__mavlink_battery_status_t[m[K’ may result in an unaligned pointer value [[01;35m[K-Waddress-of-packed-member[m[K]
[19.948s]   233 | function, battery_status->type, battery_status->temperature, [01;35m[Kbattery_status->voltages[m[K, battery_status->current_battery, battery_status->current_consumed, battery_status->energy_consumed, battery_status->battery_remaining, battery_status->time_remaining, battery_status->charge_state, battery_status->voltages_ext, battery_status->mode, battery_status->fault_bitmask);
[19.948s]       |                                                              [01;35m[K~~~~~~~~~~~~~~~~^~~~~~~~[m[K
[19.948s] 
[19.949s] [01m[K/home/dtc/humanflow/ros2_ghadron_gimbal/src/eo_zoom/../PayloadSdk/libs/gSDK/src/mavlink/include/mavlink/v2.0/common/./mavlink_msg_battery_status.h:233:429:[m[K [01;35m[Kwarning: [m[Ktaking address of packed member of ‘[01m[K__mavlink_battery_status_t[m[K’ may result in an unaligned pointer value [[01;35m[K-Waddress-of-packed-member[m[K]
[19.949s]   233 | attery_status->time_remaining, battery_status->charge_state, [01;35m[Kbattery_status->voltages_ext[m[K, battery_status->mode, battery_status->fault_bitmask);
[19.949s]       |                                                              [01;35m[K~~~~~~~~~~~~~~~~^~~~~~~~~~~~[m[K
[19.949s] 
[19.964s] In file included from [01m[K/home/dtc/humanflow/ros2_ghadron_gimbal/src/eo_zoom/../PayloadSdk/libs/gSDK/src/mavlink/include/mavlink/v2.0/common/common.h:2626[m[K,
[19.970s]                  from [01m[K/home/dtc/humanflow/ros2_ghadron_gimbal/src/eo_zoom/../PayloadSdk/libs/gSDK/src/mavlink/include/mavlink/v2.0/common/mavlink.h:32[m[K,
[19.970s]                  from [01m[K/home/dtc/humanflow/ros2_ghadron_gimbal/src/eo_zoom/../PayloadSdk/libs/aarch64/payloadsdk.h:5[m[K,
[19.970s]                  from [01m[K/home/dtc/humanflow/ros2_ghadron_gimbal/src/eo_zoom/../PayloadSdk/libs/aarch64/payloadSdkInterface.h:5[m[K,
[19.971s]                  from [01m[K/home/dtc/humanflow/ros2_ghadron_gimbal/src/eo_zoom/src/eo_zoom_node.cpp:4[m[K:
[19.971s] [01m[K/home/dtc/humanflow/ros2_ghadron_gimbal/src/eo_zoom/../PayloadSdk/libs/gSDK/src/mavlink/include/mavlink/v2.0/common/./mavlink_msg_landing_target.h:[m[K In function ‘[01m[Kuint16_t mavlink_msg_landing_target_encode(uint8_t, uint8_t, mavlink_message_t*, const mavlink_landing_target_t*)[m[K’:
[19.971s] [01m[K/home/dtc/humanflow/ros2_ghadron_gimbal/src/eo_zoom/../PayloadSdk/libs/gSDK/src/mavlink/include/mavlink/v2.0/common/./mavlink_msg_landing_target.h:218:349:[m[K [01;35m[Kwarning: [m[Ktaking address of packed member of ‘[01m[K__mavlink_landing_target_t[m[K’ may result in an unaligned pointer value [[01;35m[K-Waddress-of-packed-member[m[K]
[19.972s]   218 | _y, landing_target->x, landing_target->y, landing_target->z, [01;35m[Klanding_target->q[m[K, landing_target->type, landing_target->position_valid);
[19.973s]       |                                                              [01;35m[K~~~~~~~~~~~~~~~~^[m[K
[19.973s] 
[19.974s] [01m[K/home/dtc/humanflow/ros2_ghadron_gimbal/src/eo_zoom/../PayloadSdk/libs/gSDK/src/mavlink/include/mavlink/v2.0/common/./mavlink_msg_landing_target.h:[m[K In function ‘[01m[Kuint16_t mavlink_msg_landing_target_encode_chan(uint8_t, uint8_t, uint8_t, mavlink_message_t*, const mavlink_landing_target_t*)[m[K’:
[19.974s] [01m[K/home/dtc/humanflow/ros2_ghadron_gimbal/src/eo_zoom/../PayloadSdk/libs/gSDK/src/mavlink/include/mavlink/v2.0/common/./mavlink_msg_landing_target.h:232:360:[m[K [01;35m[Kwarning: [m[Ktaking address of packed member of ‘[01m[K__mavlink_landing_target_t[m[K’ may result in an unaligned pointer value [[01;35m[K-Waddress-of-packed-member[m[K]
[19.974s]   232 | _y, landing_target->x, landing_target->y, landing_target->z, [01;35m[Klanding_target->q[m[K, landing_target->type, landing_target->position_valid);
[19.975s]       |                                                              [01;35m[K~~~~~~~~~~~~~~~~^[m[K
[19.975s] 
[20.102s] In file included from [01m[K/home/dtc/humanflow/ros2_ghadron_gimbal/src/eo_zoom/../PayloadSdk/libs/gSDK/src/mavlink/include/mavlink/v2.0/common/common.h:2637[m[K,
[20.109s]                  from [01m[K/home/dtc/humanflow/ros2_ghadron_gimbal/src/eo_zoom/../PayloadSdk/libs/gSDK/src/mavlink/include/mavlink/v2.0/common/mavlink.h:32[m[K,
[20.109s]                  from [01m[K/home/dtc/humanflow/ros2_ghadron_gimbal/src/eo_zoom/../PayloadSdk/libs/aarch64/payloadsdk.h:5[m[K,
[20.110s]                  from [01m[K/home/dtc/humanflow/ros2_ghadron_gimbal/src/eo_zoom/../PayloadSdk/libs/aarch64/payloadSdkInterface.h:5[m[K,
[20.110s]                  from [01m[K/home/dtc/humanflow/ros2_ghadron_gimbal/src/eo_zoom/src/eo_zoom_node.cpp:4[m[K:
[20.111s] [01m[K/home/dtc/humanflow/ros2_ghadron_gimbal/src/eo_zoom/../PayloadSdk/libs/gSDK/src/mavlink/include/mavlink/v2.0/common/./mavlink_msg_home_position.h:[m[K In function ‘[01m[Kuint16_t mavlink_msg_home_position_encode(uint8_t, uint8_t, mavlink_message_t*, const mavlink_home_position_t*)[m[K’:
[20.111s] [01m[K/home/dtc/humanflow/ros2_ghadron_gimbal/src/eo_zoom/../PayloadSdk/libs/gSDK/src/mavlink/include/mavlink/v2.0/common/./mavlink_msg_home_position.h:191:218:[m[K [01;35m[Kwarning: [m[Ktaking address of packed member of ‘[01m[K__mavlink_home_position_t[m[K’ may result in an unaligned pointer value [[01;35m[K-Waddress-of-packed-member[m[K]
[20.111s]   191 | titude, home_position->x, home_position->y, home_position->z, [01;35m[Khome_position->q[m[K, home_position->approach_x, home_position->approach_y, home_position->approach_z, home_position->time_usec);
[20.111s]       |                                                               [01;35m[K~~~~~~~~~~~~~~~^[m[K
[20.111s] 
[20.117s] [01m[K/home/dtc/humanflow/ros2_ghadron_gimbal/src/eo_zoom/../PayloadSdk/libs/gSDK/src/mavlink/include/mavlink/v2.0/common/./mavlink_msg_home_position.h:[m[K In function ‘[01m[Kuint16_t mavlink_msg_home_position_encode_chan(uint8_t, uint8_t, uint8_t, mavlink_message_t*, const mavlink_home_position_t*)[m[K’:
[20.117s] [01m[K/home/dtc/humanflow/ros2_ghadron_gimbal/src/eo_zoom/../PayloadSdk/libs/gSDK/src/mavlink/include/mavlink/v2.0/common/./mavlink_msg_home_position.h:205:229:[m[K [01;35m[Kwarning: [m[Ktaking address of packed member of ‘[01m[K__mavlink_home_position_t[m[K’ may result in an unaligned pointer value [[01;35m[K-Waddress-of-packed-member[m[K]
[20.132s]   205 | titude, home_position->x, home_position->y, home_position->z, [01;35m[Khome_position->q[m[K, home_position->approach_x, home_position->approach_y, home_position->approach_z, home_position->time_usec);
[20.132s]       |                                                               [01;35m[K~~~~~~~~~~~~~~~^[m[K
[20.133s] 
[20.133s] In file included from [01m[K/home/dtc/humanflow/ros2_ghadron_gimbal/src/eo_zoom/../PayloadSdk/libs/gSDK/src/mavlink/include/mavlink/v2.0/common/common.h:2638[m[K,
[20.133s]                  from [01m[K/home/dtc/humanflow/ros2_ghadron_gimbal/src/eo_zoom/../PayloadSdk/libs/gSDK/src/mavlink/include/mavlink/v2.0/common/mavlink.h:32[m[K,
[20.133s]                  from [01m[K/home/dtc/humanflow/ros2_ghadron_gimbal/src/eo_zoom/../PayloadSdk/libs/aarch64/payloadsdk.h:5[m[K,
[20.133s]                  from [01m[K/home/dtc/humanflow/ros2_ghadron_gimbal/src/eo_zoom/../PayloadSdk/libs/aarch64/payloadSdkInterface.h:5[m[K,
[20.134s]                  from [01m[K/home/dtc/humanflow/ros2_ghadron_gimbal/src/eo_zoom/src/eo_zoom_node.cpp:4[m[K:
[20.134s] [01m[K/home/dtc/humanflow/ros2_ghadron_gimbal/src/eo_zoom/../PayloadSdk/libs/gSDK/src/mavlink/include/mavlink/v2.0/common/./mavlink_msg_set_home_position.h:[m[K In function ‘[01m[Kuint16_t mavlink_msg_set_home_position_encode(uint8_t, uint8_t, mavlink_message_t*, const mavlink_set_home_position_t*)[m[K’:
[20.134s] [01m[K/home/dtc/humanflow/ros2_ghadron_gimbal/src/eo_zoom/../PayloadSdk/libs/gSDK/src/mavlink/include/mavlink/v2.0/common/./mavlink_msg_set_home_position.h:200:284:[m[K [01;35m[Kwarning: [m[Ktaking address of packed member of ‘[01m[K__mavlink_set_home_position_t[m[K’ may result in an unaligned pointer value [[01;35m[K-Waddress-of-packed-member[m[K]
[20.134s]   200 | _position->x, set_home_position->y, set_home_position->z, [01;35m[Kset_home_position->q[m[K, set_home_position->approach_x, set_home_position->approach_y, set_home_position->approach_z, set_home_position->time_usec);
[20.134s]       |                                                           [01;35m[K~~~~~~~~~~~~~~~~~~~^[m[K
[20.142s] 
[20.142s] [01m[K/home/dtc/humanflow/ros2_ghadron_gimbal/src/eo_zoom/../PayloadSdk/libs/gSDK/src/mavlink/include/mavlink/v2.0/common/./mavlink_msg_set_home_position.h:[m[K In function ‘[01m[Kuint16_t mavlink_msg_set_home_position_encode_chan(uint8_t, uint8_t, uint8_t, mavlink_message_t*, const mavlink_set_home_position_t*)[m[K’:
[20.142s] [01m[K/home/dtc/humanflow/ros2_ghadron_gimbal/src/eo_zoom/../PayloadSdk/libs/gSDK/src/mavlink/include/mavlink/v2.0/common/./mavlink_msg_set_home_position.h:214:295:[m[K [01;35m[Kwarning: [m[Ktaking address of packed member of ‘[01m[K__mavlink_set_home_position_t[m[K’ may result in an unaligned pointer value [[01;35m[K-Waddress-of-packed-member[m[K]
[20.143s]   214 | _position->x, set_home_position->y, set_home_position->z, [01;35m[Kset_home_position->q[m[K, set_home_position->approach_x, set_home_position->approach_y, set_home_position->approach_z, set_home_position->time_usec);
[20.143s]       |                                                           [01;35m[K~~~~~~~~~~~~~~~~~~~^[m[K
[20.143s] 
[20.284s] In file included from [01m[K/home/dtc/humanflow/ros2_ghadron_gimbal/src/eo_zoom/../PayloadSdk/libs/gSDK/src/mavlink/include/mavlink/v2.0/common/common.h:2688[m[K,
[20.286s]                  from [01m[K/home/dtc/humanflow/ros2_ghadron_gimbal/src/eo_zoom/../PayloadSdk/libs/gSDK/src/mavlink/include/mavlink/v2.0/common/mavlink.h:32[m[K,
[20.287s]                  from [01m[K/home/dtc/humanflow/ros2_ghadron_gimbal/src/eo_zoom/../PayloadSdk/libs/aarch64/payloadsdk.h:5[m[K,
[20.288s]                  from [01m[K/home/dtc/humanflow/ros2_ghadron_gimbal/src/eo_zoom/../PayloadSdk/libs/aarch64/payloadSdkInterface.h:5[m[K,
[20.289s]                  from [01m[K/home/dtc/humanflow/ros2_ghadron_gimbal/src/eo_zoom/src/eo_zoom_node.cpp:4[m[K:
[20.290s] [01m[K/home/dtc/humanflow/ros2_ghadron_gimbal/src/eo_zoom/../PayloadSdk/libs/gSDK/src/mavlink/include/mavlink/v2.0/common/./mavlink_msg_obstacle_distance.h:[m[K In function ‘[01m[Kuint16_t mavlink_msg_obstacle_distance_encode(uint8_t, uint8_t, mavlink_message_t*, const mavlink_obstacle_distance_t*)[m[K’:
[20.292s] [01m[K/home/dtc/humanflow/ros2_ghadron_gimbal/src/eo_zoom/../PayloadSdk/libs/gSDK/src/mavlink/include/mavlink/v2.0/common/./mavlink_msg_obstacle_distance.h:173:158:[m[K [01;35m[Kwarning: [m[Ktaking address of packed member of ‘[01m[K__mavlink_obstacle_distance_t[m[K’ may result in an unaligned pointer value [[01;35m[K-Waddress-of-packed-member[m[K]
[20.293s]   173 | acle_distance->time_usec, obstacle_distance->sensor_type, [01;35m[Kobstacle_distance->distances[m[K, obstacle_distance->increment, obstacle_distance->min_distance, obstacle_distance->max_distance, obstacle_distance->increment_f, obstacle_distance->angle_offset, obstacle_distance->frame);
[20.294s]       |                                                           [01;35m[K~~~~~~~~~~~~~~~~~~~^~~~~~~~~[m[K
[20.295s] 
[20.296s] [01m[K/home/dtc/humanflow/ros2_ghadron_gimbal/src/eo_zoom/../PayloadSdk/libs/gSDK/src/mavlink/include/mavlink/v2.0/common/./mavlink_msg_obstacle_distance.h:[m[K In function ‘[01m[Kuint16_t mavlink_msg_obstacle_distance_encode_chan(uint8_t, uint8_t, uint8_t, mavlink_message_t*, const mavlink_obstacle_distance_t*)[m[K’:
[20.297s] [01m[K/home/dtc/humanflow/ros2_ghadron_gimbal/src/eo_zoom/../PayloadSdk/libs/gSDK/src/mavlink/include/mavlink/v2.0/common/./mavlink_msg_obstacle_distance.h:187:169:[m[K [01;35m[Kwarning: [m[Ktaking address of packed member of ‘[01m[K__mavlink_obstacle_distance_t[m[K’ may result in an unaligned pointer value [[01;35m[K-Waddress-of-packed-member[m[K]
[20.299s]   187 | acle_distance->time_usec, obstacle_distance->sensor_type, [01;35m[Kobstacle_distance->distances[m[K, obstacle_distance->increment, obstacle_distance->min_distance, obstacle_distance->max_distance, obstacle_distance->increment_f, obstacle_distance->angle_offset, obstacle_distance->frame);
[20.300s]       |                                                           [01;35m[K~~~~~~~~~~~~~~~~~~~^~~~~~~~~[m[K
[20.301s] 
[20.539s] In file included from [01m[K/home/dtc/humanflow/ros2_ghadron_gimbal/src/eo_zoom/../PayloadSdk/libs/gSDK/src/gimbal_protocol_v2.h:37[m[K,
[20.540s]                  from [01m[K/home/dtc/humanflow/ros2_ghadron_gimbal/src/eo_zoom/../PayloadSdk/libs/aarch64/payloadSdkInterface.h:6[m[K,
[20.541s]                  from [01m[K/home/dtc/humanflow/ros2_ghadron_gimbal/src/eo_zoom/src/eo_zoom_node.cpp:4[m[K:
[20.543s] [01m[K/home/dtc/humanflow/ros2_ghadron_gimbal/src/eo_zoom/../PayloadSdk/libs/gSDK/src/gimbal_protocol.h:[m[K At global scope:
[20.544s] [01m[K/home/dtc/humanflow/ros2_ghadron_gimbal/src/eo_zoom/../PayloadSdk/libs/gSDK/src/gimbal_protocol.h:255:36:[m[K [01;35m[Kwarning: [m[Kmissing initializer for member ‘[01m[K__mavlink_system::compid[m[K’ [[01;35m[K-Wmissing-field-initializers[m[K]
[20.545s]   255 |     mavlink_system_t _gimbal = { 0 [01;35m[K}[m[K;
[20.546s]       |                                    [01;35m[K^[m[K
[20.547s] [01m[K/home/dtc/humanflow/ros2_ghadron_gimbal/src/eo_zoom/../PayloadSdk/libs/gSDK/src/gimbal_protocol.h:258:38:[m[K [01;35m[Kwarning: [m[Kmissing initializer for member ‘[01m[K__mavlink_command_ack_t::result[m[K’ [[01;35m[K-Wmissing-field-initializers[m[K]
[20.548s]   258 |     mavlink_command_ack_t _ack = { 0 [01;35m[K}[m[K;
[20.549s]       |                                      [01;35m[K^[m[K
[20.550s] [01m[K/home/dtc/humanflow/ros2_ghadron_gimbal/src/eo_zoom/../PayloadSdk/libs/gSDK/src/gimbal_protocol.h:258:38:[m[K [01;35m[Kwarning: [m[Kmissing initializer for member ‘[01m[K__mavlink_command_ack_t::progress[m[K’ [[01;35m[K-Wmissing-field-initializers[m[K]
[20.556s] [01m[K/home/dtc/humanflow/ros2_ghadron_gimbal/src/eo_zoom/../PayloadSdk/libs/gSDK/src/gimbal_protocol.h:258:38:[m[K [01;35m[Kwarning: [m[Kmissing initializer for member ‘[01m[K__mavlink_command_ack_t::result_param2[m[K’ [[01;35m[K-Wmissing-field-initializers[m[K]
[20.557s] [01m[K/home/dtc/humanflow/ros2_ghadron_gimbal/src/eo_zoom/../PayloadSdk/libs/gSDK/src/gimbal_protocol.h:258:38:[m[K [01;35m[Kwarning: [m[Kmissing initializer for member ‘[01m[K__mavlink_command_ack_t::target_system[m[K’ [[01;35m[K-Wmissing-field-initializers[m[K]
[20.560s] [01m[K/home/dtc/humanflow/ros2_ghadron_gimbal/src/eo_zoom/../PayloadSdk/libs/gSDK/src/gimbal_protocol.h:258:38:[m[K [01;35m[Kwarning: [m[Kmissing initializer for member ‘[01m[K__mavlink_command_ack_t::target_component[m[K’ [[01;35m[K-Wmissing-field-initializers[m[K]
[20.776s] In file included from [01m[K/home/dtc/humanflow/ros2_ghadron_gimbal/src/eo_zoom/../PayloadSdk/libs/aarch64/payloadsdk.h:12[m[K,
[20.778s]                  from [01m[K/home/dtc/humanflow/ros2_ghadron_gimbal/src/eo_zoom/../PayloadSdk/libs/aarch64/payloadSdkInterface.h:5[m[K,
[20.779s]                  from [01m[K/home/dtc/humanflow/ros2_ghadron_gimbal/src/eo_zoom/src/eo_zoom_node.cpp:4[m[K:
[20.780s] [01m[K/home/dtc/humanflow/ros2_ghadron_gimbal/src/eo_zoom/src/eo_zoom_node.cpp:[m[K In constructor ‘[01m[KEoZoomNode::EoZoomNode()[m[K’:
[20.781s] [01m[K/home/dtc/humanflow/ros2_ghadron_gimbal/src/eo_zoom/../PayloadSdk/libs/aarch64/payload-define/ghadron_sdk.h:31:45:[m[K [01;35m[Kwarning: [m[KISO C++ forbids converting a string constant to ‘[01m[Kchar*[m[K’ [[01;35m[K-Wwrite-strings[m[K]
[20.782s]    31 | #define PAYLOAD_CAMERA_VIEW_SRC             [01;35m[K"C_SOURCE"[m[K
[20.783s]       |                                             [01;35m[K^~~~~~~~~~[m[K
[20.784s] [01m[K/home/dtc/humanflow/ros2_ghadron_gimbal/src/eo_zoom/../PayloadSdk/libs/aarch64/payload-define/ghadron_sdk.h:31:45:[m[K [01;36m[Knote: [m[Kin definition of macro ‘[01m[KPAYLOAD_CAMERA_VIEW_SRC[m[K’
[20.785s]    31 | #define PAYLOAD_CAMERA_VIEW_SRC             [01;36m[K"C_SOURCE"[m[K
[20.786s]       |                                             [01;36m[K^~~~~~~~~~[m[K
[20.787s] [01m[K/home/dtc/humanflow/ros2_ghadron_gimbal/src/eo_zoom/../PayloadSdk/libs/aarch64/payload-define/ghadron_sdk.h:9:55:[m[K [01;35m[Kwarning: [m[KISO C++ forbids converting a string constant to ‘[01m[Kchar*[m[K’ [[01;35m[K-Wwrite-strings[m[K]
[20.788s]     9 | #define PAYLOAD_CAMERA_VIDEO_ZOOM_FACTOR              [01;35m[K"C_V_ZOOM"[m[K
[20.789s]       |                                                       [01;35m[K^~~~~~~~~~[m[K
[20.790s] [01m[K/home/dtc/humanflow/ros2_ghadron_gimbal/src/eo_zoom/../PayloadSdk/libs/aarch64/payload-define/ghadron_sdk.h:9:55:[m[K [01;36m[Knote: [m[Kin definition of macro ‘[01m[KPAYLOAD_CAMERA_VIDEO_ZOOM_FACTOR[m[K’
[20.791s]     9 | #define PAYLOAD_CAMERA_VIDEO_ZOOM_FACTOR              [01;36m[K"C_V_ZOOM"[m[K
[20.793s]       |                                                       [01;36m[K^~~~~~~~~~[m[K
[33.223s] In file included from [01m[K/home/dtc/humanflow/ros2_ghadron_gimbal/src/eo_zoom/../PayloadSdk/libs/aarch64/payloadSdkInterface.h:5[m[K,
[33.223s]                  from [01m[K/home/dtc/humanflow/ros2_ghadron_gimbal/src/eo_zoom/src/eo_zoom_node.cpp:4[m[K:
[33.224s] [01m[K/home/dtc/humanflow/ros2_ghadron_gimbal/src/eo_zoom/../PayloadSdk/libs/aarch64/payloadsdk.h:[m[K At global scope:
[33.224s] [01m[K/home/dtc/humanflow/ros2_ghadron_gimbal/src/eo_zoom/../PayloadSdk/libs/aarch64/payloadsdk.h:27:12:[m[K [01;35m[Kwarning: [m[K‘[01m[Kpayload_uart_baud[m[K’ defined but not used [[01;35m[K-Wunused-variable[m[K]
[33.224s]    27 | static int [01;35m[Kpayload_uart_baud[m[K = 115200;
[33.224s]       |            [01;35m[K^~~~~~~~~~~~~~~~~[m[K
[33.224s] [01m[K/home/dtc/humanflow/ros2_ghadron_gimbal/src/eo_zoom/../PayloadSdk/libs/aarch64/payloadsdk.h:26:14:[m[K [01;35m[Kwarning: [m[K‘[01m[Kpayload_uart_port[m[K’ defined but not used [[01;35m[K-Wunused-variable[m[K]
[33.224s]    26 | static char *[01;35m[Kpayload_uart_port[m[K = (char*)"/dev/ttyUSB0";
[33.224s]       |              [01;35m[K^~~~~~~~~~~~~~~~~[m[K
[45.091s] [100%] [32m[1mLinking CXX executable eo_zoom_node[0m
[46.169s] [100%] Built target eo_zoom_node
[46.197s] Invoked command in '/home/dtc/humanflow/ros2_ghadron_gimbal/build/eo_zoom' returned '0': CMAKE_PREFIX_PATH=${CMAKE_PREFIX_PATH}:/home/dtc/humanflow/ros2_ghadron_gimbal/install/gimbal_bringup:/home/dtc/humanflow/ros2_ghadron_gimbal/install/yolo_detection:/home/dtc/humanflow/ros2_ghadron_gimbal/install/stream_publisher:/home/dtc/humanflow/ros2_ghadron_gimbal/install/rtsp_viewer:/home/dtc/humanflow/ros2_ghadron_gimbal/install/image_viewer:/home/dtc/humanflow/ros2_ghadron_gimbal/install/human_tracking:/opt/ros/humble /usr/bin/cmake --build /home/dtc/humanflow/ros2_ghadron_gimbal/build/eo_zoom -- -j4 -l4
[46.198s] Invoking command in '/home/dtc/humanflow/ros2_ghadron_gimbal/build/eo_zoom': CMAKE_PREFIX_PATH=${CMAKE_PREFIX_PATH}:/home/dtc/humanflow/ros2_ghadron_gimbal/install/gimbal_bringup:/home/dtc/humanflow/ros2_ghadron_gimbal/install/yolo_detection:/home/dtc/humanflow/ros2_ghadron_gimbal/install/stream_publisher:/home/dtc/humanflow/ros2_ghadron_gimbal/install/rtsp_viewer:/home/dtc/humanflow/ros2_ghadron_gimbal/install/image_viewer:/home/dtc/humanflow/ros2_ghadron_gimbal/install/human_tracking:/opt/ros/humble /usr/bin/cmake --install /home/dtc/humanflow/ros2_ghadron_gimbal/build/eo_zoom
[46.214s] -- Install configuration: "Debug"
[46.218s] -- Installing: /home/dtc/humanflow/ros2_ghadron_gimbal/install/eo_zoom/lib/eo_zoom/eo_zoom_node
[46.254s] -- Set runtime path of "/home/dtc/humanflow/ros2_ghadron_gimbal/install/eo_zoom/lib/eo_zoom/eo_zoom_node" to ""
[46.254s] -- Up-to-date: /home/dtc/humanflow/ros2_ghadron_gimbal/install/eo_zoom/share/ament_index/resource_index/package_run_dependencies/eo_zoom
[46.261s] -- Up-to-date: /home/dtc/humanflow/ros2_ghadron_gimbal/install/eo_zoom/share/ament_index/resource_index/parent_prefix_path/eo_zoom
[46.261s] -- Installing: /home/dtc/humanflow/ros2_ghadron_gimbal/install/eo_zoom/share/eo_zoom/environment/ament_prefix_path.sh
[46.261s] -- Installing: /home/dtc/humanflow/ros2_ghadron_gimbal/install/eo_zoom/share/eo_zoom/environment/ament_prefix_path.dsv
[46.262s] -- Installing: /home/dtc/humanflow/ros2_ghadron_gimbal/install/eo_zoom/share/eo_zoom/environment/path.sh
[46.262s] -- Installing: /home/dtc/humanflow/ros2_ghadron_gimbal/install/eo_zoom/share/eo_zoom/environment/path.dsv
[46.262s] -- Up-to-date: /home/dtc/humanflow/ros2_ghadron_gimbal/install/eo_zoom/share/eo_zoom/local_setup.bash
[46.262s] -- Up-to-date: /home/dtc/humanflow/ros2_ghadron_gimbal/install/eo_zoom/share/eo_zoom/local_setup.sh
[46.262s] -- Up-to-date: /home/dtc/humanflow/ros2_ghadron_gimbal/install/eo_zoom/share/eo_zoom/local_setup.zsh
[46.262s] -- Installing: /home/dtc/humanflow/ros2_ghadron_gimbal/install/eo_zoom/share/eo_zoom/local_setup.dsv
[46.262s] -- Installing: /home/dtc/humanflow/ros2_ghadron_gimbal/install/eo_zoom/share/eo_zoom/package.dsv
[46.263s] -- Up-to-date: /home/dtc/humanflow/ros2_ghadron_gimbal/install/eo_zoom/share/ament_index/resource_index/packages/eo_zoom
[46.263s] -- Up-to-date: /home/dtc/humanflow/ros2_ghadron_gimbal/install/eo_zoom/share/eo_zoom/cmake/eo_zoomConfig.cmake
[46.263s] -- Up-to-date: /home/dtc/humanflow/ros2_ghadron_gimbal/install/eo_zoom/share/eo_zoom/cmake/eo_zoomConfig-version.cmake
[46.263s] -- Up-to-date: /home/dtc/humanflow/ros2_ghadron_gimbal/install/eo_zoom/share/eo_zoom/package.xml
[46.273s] Invoked command in '/home/dtc/humanflow/ros2_ghadron_gimbal/build/eo_zoom' returned '0': CMAKE_PREFIX_PATH=${CMAKE_PREFIX_PATH}:/home/dtc/humanflow/ros2_ghadron_gimbal/install/gimbal_bringup:/home/dtc/humanflow/ros2_ghadron_gimbal/install/yolo_detection:/home/dtc/humanflow/ros2_ghadron_gimbal/install/stream_publisher:/home/dtc/humanflow/ros2_ghadron_gimbal/install/rtsp_viewer:/home/dtc/humanflow/ros2_ghadron_gimbal/install/image_viewer:/home/dtc/humanflow/ros2_ghadron_gimbal/install/human_tracking:/opt/ros/humble /usr/bin/cmake --install /home/dtc/humanflow/ros2_ghadron_gimbal/build/eo_zoom
