[0.029s] Invoking command in '/home/dtc/humanflow/ros2_ghadron_gimbal/build/gimbal_angle_control': /usr/bin/cmake --build /home/dtc/humanflow/ros2_ghadron_gimbal/build/gimbal_angle_control -- -j4 -l4
[0.147s] [100%] Built target gimbal_angle_control_node
[0.473s] Invoked command in '/home/dtc/humanflow/ros2_ghadron_gimbal/build/gimbal_angle_control' returned '0': /usr/bin/cmake --build /home/dtc/humanflow/ros2_ghadron_gimbal/build/gimbal_angle_control -- -j4 -l4
[0.492s] Invoking command in '/home/dtc/humanflow/ros2_ghadron_gimbal/build/gimbal_angle_control': /usr/bin/cmake --install /home/dtc/humanflow/ros2_ghadron_gimbal/build/gimbal_angle_control
[0.510s] -- Install configuration: "Debug"
[0.510s] -- Up-to-date: /home/dtc/humanflow/ros2_ghadron_gimbal/install/gimbal_angle_control/lib/gimbal_angle_control/gimbal_angle_control_node
[0.510s] -- Up-to-date: /home/dtc/humanflow/ros2_ghadron_gimbal/install/gimbal_angle_control/share/ament_index/resource_index/package_run_dependencies/gimbal_angle_control
[0.510s] -- Up-to-date: /home/dtc/humanflow/ros2_ghadron_gimbal/install/gimbal_angle_control/share/ament_index/resource_index/parent_prefix_path/gimbal_angle_control
[0.510s] -- Up-to-date: /home/dtc/humanflow/ros2_ghadron_gimbal/install/gimbal_angle_control/share/gimbal_angle_control/environment/ament_prefix_path.sh
[0.529s] -- Up-to-date: /home/dtc/humanflow/ros2_ghadron_gimbal/install/gimbal_angle_control/share/gimbal_angle_control/environment/ament_prefix_path.dsv
[0.529s] -- Up-to-date: /home/dtc/humanflow/ros2_ghadron_gimbal/install/gimbal_angle_control/share/gimbal_angle_control/environment/path.sh
[0.529s] -- Up-to-date: /home/dtc/humanflow/ros2_ghadron_gimbal/install/gimbal_angle_control/share/gimbal_angle_control/environment/path.dsv
[0.530s] -- Up-to-date: /home/dtc/humanflow/ros2_ghadron_gimbal/install/gimbal_angle_control/share/gimbal_angle_control/local_setup.bash
[0.530s] -- Up-to-date: /home/dtc/humanflow/ros2_ghadron_gimbal/install/gimbal_angle_control/share/gimbal_angle_control/local_setup.sh
[0.530s] -- Up-to-date: /home/dtc/humanflow/ros2_ghadron_gimbal/install/gimbal_angle_control/share/gimbal_angle_control/local_setup.zsh
[0.530s] -- Up-to-date: /home/dtc/humanflow/ros2_ghadron_gimbal/install/gimbal_angle_control/share/gimbal_angle_control/local_setup.dsv
[0.530s] -- Installing: /home/dtc/humanflow/ros2_ghadron_gimbal/install/gimbal_angle_control/share/gimbal_angle_control/package.dsv
[0.530s] -- Up-to-date: /home/dtc/humanflow/ros2_ghadron_gimbal/install/gimbal_angle_control/share/ament_index/resource_index/packages/gimbal_angle_control
[0.530s] -- Up-to-date: /home/dtc/humanflow/ros2_ghadron_gimbal/install/gimbal_angle_control/share/gimbal_angle_control/cmake/gimbal_angle_controlConfig.cmake
[0.530s] -- Up-to-date: /home/dtc/humanflow/ros2_ghadron_gimbal/install/gimbal_angle_control/share/gimbal_angle_control/cmake/gimbal_angle_controlConfig-version.cmake
[0.531s] -- Up-to-date: /home/dtc/humanflow/ros2_ghadron_gimbal/install/gimbal_angle_control/share/gimbal_angle_control/package.xml
[0.615s] Invoked command in '/home/dtc/humanflow/ros2_ghadron_gimbal/build/gimbal_angle_control' returned '0': /usr/bin/cmake --install /home/dtc/humanflow/ros2_ghadron_gimbal/build/gimbal_angle_control
