[01m[K/home/dtc-mrsd/Downloads/ros2_gimbal_ws/src/image_publisher/src/image_publisher.cpp:[m[K In constructor ‘[01m[Kimage_publisher::ImagePublisher::ImagePublisher(const rclcpp::NodeOptions&, const string&)[m[K’:
[01m[K/home/dtc-mrsd/Downloads/ros2_gimbal_ws/src/image_publisher/src/image_publisher.cpp:71:3:[m[K [01;31m[Kerror: [m[K‘[01m[Kbuffer_size_[m[K’ was not declared in this scope
   71 |   [01;31m[Kbuffer_size_[m[K = this->declare_parameter("buffer_size", 1);
      |   [01;31m[K^~~~~~~~~~~~[m[K
[01m[K/home/dtc-mrsd/Downloads/ros2_gimbal_ws/src/image_publisher/src/image_publisher.cpp:[m[K In member function ‘[01m[Kvoid image_publisher::ImagePublisher::doWork()[m[K’:
[01m[K/home/dtc-mrsd/Downloads/ros2_gimbal_ws/src/image_publisher/src/image_publisher.cpp:189:19:[m[K [01;31m[Kerror: [m[Kno matching function for call to ‘[01m[Kimage_transport::CameraPublisher::publish(std::remove_reference<std::unique_ptr<sensor_msgs::msg::Image_<std::allocator<void> >, std::default_delete<sensor_msgs::msg::Image_<std::allocator<void> > > >&>::type, std::remove_reference<sensor_msgs::msg::CameraInfo_<std::allocator<void> >&>::type)[m[K’
  189 |       [01;31m[Kpub_.publish(std::move(out_img), std::move(camera_info_))[m[K;
      |       [01;31m[K~~~~~~~~~~~~^~~~~~~~~~~~~~~~~~~~~~~~~~~~~~~~~~~~~~~~~~~~~[m[K
In file included from [01m[K/opt/ros/humble/include/image_transport/image_transport/image_transport.hpp:39[m[K,
                 from [01m[K/home/dtc-mrsd/Downloads/ros2_gimbal_ws/src/image_publisher/include/image_publisher/image_publisher.hpp:38[m[K,
                 from [01m[K/home/dtc-mrsd/Downloads/ros2_gimbal_ws/src/image_publisher/src/image_publisher.cpp:48[m[K:
[01m[K/opt/ros/humble/include/image_transport/image_transport/camera_publisher.hpp:103:8:[m[K [01;36m[Knote: [m[Kcandidate: ‘[01m[Kvoid image_transport::CameraPublisher::publish(const Image&, const CameraInfo&) const[m[K’
  103 |   void [01;36m[Kpublish[m[K(
      |        [01;36m[K^~~~~~~[m[K
[01m[K/opt/ros/humble/include/image_transport/image_transport/camera_publisher.hpp:104:37:[m[K [01;36m[Knote: [m[K  no known conversion for argument 1 from ‘[01m[Kstd::remove_reference<std::unique_ptr<sensor_msgs::msg::Image_<std::allocator<void> >, std::default_delete<sensor_msgs::msg::Image_<std::allocator<void> > > >&>::type[m[K’ {aka ‘[01m[Kstd::unique_ptr<sensor_msgs::msg::Image_<std::allocator<void> >, std::default_delete<sensor_msgs::msg::Image_<std::allocator<void> > > >[m[K’} to ‘[01m[Kconst Image&[m[K’ {aka ‘[01m[Kconst sensor_msgs::msg::Image_<std::allocator<void> >&[m[K’}
  104 |     [01;36m[Kconst sensor_msgs::msg::Image & image[m[K,
      |     [01;36m[K~~~~~~~~~~~~~~~~~~~~~~~~~~~~~~~~^~~~~[m[K
[01m[K/opt/ros/humble/include/image_transport/image_transport/camera_publisher.hpp:111:8:[m[K [01;36m[Knote: [m[Kcandidate: ‘[01m[Kvoid image_transport::CameraPublisher::publish(const ConstSharedPtr&, const ConstSharedPtr&) const[m[K’
  111 |   void [01;36m[Kpublish[m[K(
      |        [01;36m[K^~~~~~~[m[K
[01m[K/opt/ros/humble/include/image_transport/image_transport/camera_publisher.hpp:113:58:[m[K [01;36m[Knote: [m[K  no known conversion for argument 2 from ‘[01m[Kstd::remove_reference<sensor_msgs::msg::CameraInfo_<std::allocator<void> >&>::type[m[K’ {aka ‘[01m[Ksensor_msgs::msg::CameraInfo_<std::allocator<void> >[m[K’} to ‘[01m[Kconst ConstSharedPtr&[m[K’ {aka ‘[01m[Kconst std::shared_ptr<const sensor_msgs::msg::CameraInfo_<std::allocator<void> > >&[m[K’}
  113 |     [01;36m[Kconst sensor_msgs::msg::CameraInfo::ConstSharedPtr & info[m[K) const;
      |     [01;36m[K~~~~~~~~~~~~~~~~~~~~~~~~~~~~~~~~~~~~~~~~~~~~~~~~~~~~~^~~~[m[K
[01m[K/opt/ros/humble/include/image_transport/image_transport/camera_publisher.hpp:123:8:[m[K [01;36m[Knote: [m[Kcandidate: ‘[01m[Kvoid image_transport::CameraPublisher::publish(sensor_msgs::msg::Image&, sensor_msgs::msg::CameraInfo&, rclcpp::Time) const[m[K’
  123 |   void [01;36m[Kpublish[m[K(
      |        [01;36m[K^~~~~~~[m[K
[01m[K/opt/ros/humble/include/image_transport/image_transport/camera_publisher.hpp:123:8:[m[K [01;36m[Knote: [m[K  candidate expects 3 arguments, 2 provided
[01m[K/home/dtc-mrsd/Downloads/ros2_gimbal_ws/src/image_publisher/src/image_publisher.cpp:[m[K In member function ‘[01m[Kvoid image_publisher::ImagePublisher::onInit()[m[K’:
[01m[K/home/dtc-mrsd/Downloads/ros2_gimbal_ws/src/image_publisher/src/image_publisher.cpp:205:41:[m[K [01;31m[Kerror: [m[K‘[01m[Kbuffer_size_[m[K’ was not declared in this scope
  205 |       cap_.set(cv::CAP_PROP_BUFFERSIZE, [01;31m[Kbuffer_size_[m[K);
      |                                         [01;31m[K^~~~~~~~~~~~[m[K
[01m[K/home/dtc-mrsd/Downloads/ros2_gimbal_ws/src/image_publisher/src/image_publisher.cpp:209:20:[m[K [01;31m[Kerror: [m[K‘[01m[KCAP_PROP_RTSP_TRANSPORT[m[K’ is not a member of ‘[01m[Kcv[m[K’
  209 |       cap_.set(cv::[01;31m[KCAP_PROP_RTSP_TRANSPORT[m[K, cv::CAP_RTSP_UDP);
      |                    [01;31m[K^~~~~~~~~~~~~~~~~~~~~~~[m[K
[01m[K/home/dtc-mrsd/Downloads/ros2_gimbal_ws/src/image_publisher/src/image_publisher.cpp:209:49:[m[K [01;31m[Kerror: [m[K‘[01m[KCAP_RTSP_UDP[m[K’ is not a member of ‘[01m[Kcv[m[K’
  209 |       cap_.set(cv::CAP_PROP_RTSP_TRANSPORT, cv::[01;31m[KCAP_RTSP_UDP[m[K);
      |                                                 [01;31m[K^~~~~~~~~~~~[m[K
gmake[2]: *** [CMakeFiles/image_publisher.dir/build.make:76: CMakeFiles/image_publisher.dir/src/image_publisher.cpp.o] Error 1
gmake[1]: *** [CMakeFiles/Makefile2:139: CMakeFiles/image_publisher.dir/all] Error 2
gmake: *** [Makefile:146: all] Error 2
