[4.277s] Invoking command in '/home/dtc-mrsd/Downloads/ros2_gimbal_ws/build/ir_image': CMAKE_PREFIX_PATH=/opt/ros/humble /usr/bin/cmake --build /home/dtc-mrsd/Downloads/ros2_gimbal_ws/build/ir_image -- -j12 -l12
[4.529s] [100%] Built target ir_image_node
[4.865s] Invoked command in '/home/dtc-mrsd/Downloads/ros2_gimbal_ws/build/ir_image' returned '0': CMAKE_PREFIX_PATH=/opt/ros/humble /usr/bin/cmake --build /home/dtc-mrsd/Downloads/ros2_gimbal_ws/build/ir_image -- -j12 -l12
[4.874s] Invoking command in '/home/dtc-mrsd/Downloads/ros2_gimbal_ws/build/ir_image': CMAKE_PREFIX_PATH=/opt/ros/humble /usr/bin/cmake --install /home/dtc-mrsd/Downloads/ros2_gimbal_ws/build/ir_image
[4.889s] -- Install configuration: "Debug"
[4.889s] -- Up-to-date: /home/dtc-mrsd/Downloads/ros2_gimbal_ws/install/ir_image/lib/ir_image/ir_image_node
[4.889s] -- Up-to-date: /home/dtc-mrsd/Downloads/ros2_gimbal_ws/install/ir_image/share/ament_index/resource_index/package_run_dependencies/ir_image
[4.890s] -- Up-to-date: /home/dtc-mrsd/Downloads/ros2_gimbal_ws/install/ir_image/share/ament_index/resource_index/parent_prefix_path/ir_image
[4.890s] -- Up-to-date: /home/dtc-mrsd/Downloads/ros2_gimbal_ws/install/ir_image/share/ir_image/environment/ament_prefix_path.sh
[4.890s] -- Up-to-date: /home/dtc-mrsd/Downloads/ros2_gimbal_ws/install/ir_image/share/ir_image/environment/ament_prefix_path.dsv
[4.890s] -- Up-to-date: /home/dtc-mrsd/Downloads/ros2_gimbal_ws/install/ir_image/share/ir_image/environment/path.sh
[4.890s] -- Up-to-date: /home/dtc-mrsd/Downloads/ros2_gimbal_ws/install/ir_image/share/ir_image/environment/path.dsv
[4.890s] -- Up-to-date: /home/dtc-mrsd/Downloads/ros2_gimbal_ws/install/ir_image/share/ir_image/local_setup.bash
[4.891s] -- Up-to-date: /home/dtc-mrsd/Downloads/ros2_gimbal_ws/install/ir_image/share/ir_image/local_setup.sh
[4.891s] -- Up-to-date: /home/dtc-mrsd/Downloads/ros2_gimbal_ws/install/ir_image/share/ir_image/local_setup.zsh
[4.891s] -- Up-to-date: /home/dtc-mrsd/Downloads/ros2_gimbal_ws/install/ir_image/share/ir_image/local_setup.dsv
[4.891s] -- Installing: /home/dtc-mrsd/Downloads/ros2_gimbal_ws/install/ir_image/share/ir_image/package.dsv
[4.891s] -- Up-to-date: /home/dtc-mrsd/Downloads/ros2_gimbal_ws/install/ir_image/share/ament_index/resource_index/packages/ir_image
[4.892s] -- Up-to-date: /home/dtc-mrsd/Downloads/ros2_gimbal_ws/install/ir_image/share/ir_image/cmake/ir_imageConfig.cmake
[4.892s] -- Up-to-date: /home/dtc-mrsd/Downloads/ros2_gimbal_ws/install/ir_image/share/ir_image/cmake/ir_imageConfig-version.cmake
[4.892s] -- Up-to-date: /home/dtc-mrsd/Downloads/ros2_gimbal_ws/install/ir_image/share/ir_image/package.xml
[5.040s] Invoked command in '/home/dtc-mrsd/Downloads/ros2_gimbal_ws/build/ir_image' returned '0': CMAKE_PREFIX_PATH=/opt/ros/humble /usr/bin/cmake --install /home/dtc-mrsd/Downloads/ros2_gimbal_ws/build/ir_image
