[2.040s] Invoking command in '/home/dtc/humanflow/ros2_ghadron_gimbal/src/rtsp_viewer': PYTHONPATH=/home/dtc/humanflow/ros2_ghadron_gimbal/build/rtsp_viewer/prefix_override:/usr/lib/python3/dist-packages/colcon_core/task/python/colcon_distutils_commands:/home/dtc/humanflow/ros2_ghadron_gimbal/install/rtsp_viewer/lib/python3.10/site-packages:${PYTHONPATH} /usr/bin/python3 -W ignore:setup.py install is deprecated -W ignore:easy_install command is deprecated setup.py egg_info --egg-base ../../build/rtsp_viewer build --build-base /home/dtc/humanflow/ros2_ghadron_gimbal/build/rtsp_viewer/build install --record /home/dtc/humanflow/ros2_ghadron_gimbal/build/rtsp_viewer/install.log --single-version-externally-managed install_data
[2.512s] running egg_info
[2.513s] writing ../../build/rtsp_viewer/rtsp_viewer.egg-info/PKG-INFO
[2.514s] writing dependency_links to ../../build/rtsp_viewer/rtsp_viewer.egg-info/dependency_links.txt
[2.514s] writing entry points to ../../build/rtsp_viewer/rtsp_viewer.egg-info/entry_points.txt
[2.514s] writing requirements to ../../build/rtsp_viewer/rtsp_viewer.egg-info/requires.txt
[2.515s] writing top-level names to ../../build/rtsp_viewer/rtsp_viewer.egg-info/top_level.txt
[2.518s] reading manifest file '../../build/rtsp_viewer/rtsp_viewer.egg-info/SOURCES.txt'
[2.520s] writing manifest file '../../build/rtsp_viewer/rtsp_viewer.egg-info/SOURCES.txt'
[2.520s] running build
[2.520s] running build_py
[2.521s] running install
[2.522s] running install_lib
[2.525s] running install_data
[2.525s] running install_egg_info
[2.530s] removing '/home/dtc/humanflow/ros2_ghadron_gimbal/install/rtsp_viewer/lib/python3.10/site-packages/rtsp_viewer-0.0.0-py3.10.egg-info' (and everything under it)
[2.530s] Copying ../../build/rtsp_viewer/rtsp_viewer.egg-info to /home/dtc/humanflow/ros2_ghadron_gimbal/install/rtsp_viewer/lib/python3.10/site-packages/rtsp_viewer-0.0.0-py3.10.egg-info
[2.533s] running install_scripts
[2.581s] Installing rtsp_viewer script to /home/dtc/humanflow/ros2_ghadron_gimbal/install/rtsp_viewer/lib/rtsp_viewer
[2.581s] writing list of installed files to '/home/dtc/humanflow/ros2_ghadron_gimbal/build/rtsp_viewer/install.log'
[2.664s] Invoked command in '/home/dtc/humanflow/ros2_ghadron_gimbal/src/rtsp_viewer' returned '0': PYTHONPATH=/home/dtc/humanflow/ros2_ghadron_gimbal/build/rtsp_viewer/prefix_override:/usr/lib/python3/dist-packages/colcon_core/task/python/colcon_distutils_commands:/home/dtc/humanflow/ros2_ghadron_gimbal/install/rtsp_viewer/lib/python3.10/site-packages:${PYTHONPATH} /usr/bin/python3 -W ignore:setup.py install is deprecated -W ignore:easy_install command is deprecated setup.py egg_info --egg-base ../../build/rtsp_viewer build --build-base /home/dtc/humanflow/ros2_ghadron_gimbal/build/rtsp_viewer/build install --record /home/dtc/humanflow/ros2_ghadron_gimbal/build/rtsp_viewer/install.log --single-version-externally-managed install_data
