[1.996s] Invoking command in '/home/dtc/humanflow/ros2_ghadron_gimbal/src/yolo_detection': PYTHONPATH=/home/dtc/humanflow/ros2_ghadron_gimbal/build/yolo_detection/prefix_override:/usr/lib/python3/dist-packages/colcon_core/task/python/colcon_distutils_commands:/home/dtc/humanflow/ros2_ghadron_gimbal/install/yolo_detection/lib/python3.10/site-packages:${PYTHONPATH} /usr/bin/python3 -W ignore:setup.py install is deprecated -W ignore:easy_install command is deprecated setup.py egg_info --egg-base ../../build/yolo_detection build --build-base /home/dtc/humanflow/ros2_ghadron_gimbal/build/yolo_detection/build install --record /home/dtc/humanflow/ros2_ghadron_gimbal/build/yolo_detection/install.log --single-version-externally-managed install_data
[2.506s] running egg_info
[2.508s] writing ../../build/yolo_detection/yolo_detection.egg-info/PKG-INFO
[2.510s] writing dependency_links to ../../build/yolo_detection/yolo_detection.egg-info/dependency_links.txt
[2.511s] writing entry points to ../../build/yolo_detection/yolo_detection.egg-info/entry_points.txt
[2.515s] writing requirements to ../../build/yolo_detection/yolo_detection.egg-info/requires.txt
[2.515s] writing top-level names to ../../build/yolo_detection/yolo_detection.egg-info/top_level.txt
[2.521s] reading manifest file '../../build/yolo_detection/yolo_detection.egg-info/SOURCES.txt'
[2.523s] writing manifest file '../../build/yolo_detection/yolo_detection.egg-info/SOURCES.txt'
[2.524s] running build
[2.524s] running build_py
[2.525s] copying yolo_detection/yolo_detection_node.py -> /home/dtc/humanflow/ros2_ghadron_gimbal/build/yolo_detection/build/lib/yolo_detection
[2.527s] running install
[2.528s] running install_lib
[2.531s] copying /home/dtc/humanflow/ros2_ghadron_gimbal/build/yolo_detection/build/lib/yolo_detection/yolo_detection_node.py -> /home/dtc/humanflow/ros2_ghadron_gimbal/install/yolo_detection/lib/python3.10/site-packages/yolo_detection
[2.535s] byte-compiling /home/dtc/humanflow/ros2_ghadron_gimbal/install/yolo_detection/lib/python3.10/site-packages/yolo_detection/yolo_detection_node.py to yolo_detection_node.cpython-310.pyc
[2.538s] running install_data
[2.539s] running install_egg_info
[2.544s] removing '/home/dtc/humanflow/ros2_ghadron_gimbal/install/yolo_detection/lib/python3.10/site-packages/yolo_detection-0.0.1-py3.10.egg-info' (and everything under it)
[2.549s] Copying ../../build/yolo_detection/yolo_detection.egg-info to /home/dtc/humanflow/ros2_ghadron_gimbal/install/yolo_detection/lib/python3.10/site-packages/yolo_detection-0.0.1-py3.10.egg-info
[2.560s] running install_scripts
[2.627s] Installing yolo_detection_node script to /home/dtc/humanflow/ros2_ghadron_gimbal/install/yolo_detection/lib/yolo_detection
[2.629s] writing list of installed files to '/home/dtc/humanflow/ros2_ghadron_gimbal/build/yolo_detection/install.log'
[2.746s] Invoked command in '/home/dtc/humanflow/ros2_ghadron_gimbal/src/yolo_detection' returned '0': PYTHONPATH=/home/dtc/humanflow/ros2_ghadron_gimbal/build/yolo_detection/prefix_override:/usr/lib/python3/dist-packages/colcon_core/task/python/colcon_distutils_commands:/home/dtc/humanflow/ros2_ghadron_gimbal/install/yolo_detection/lib/python3.10/site-packages:${PYTHONPATH} /usr/bin/python3 -W ignore:setup.py install is deprecated -W ignore:easy_install command is deprecated setup.py egg_info --egg-base ../../build/yolo_detection build --build-base /home/dtc/humanflow/ros2_ghadron_gimbal/build/yolo_detection/build install --record /home/dtc/humanflow/ros2_ghadron_gimbal/build/yolo_detection/install.log --single-version-externally-managed install_data
