[1.139s] Invoking command in '/home/dtc/humanflow/ros2_ghadron_gimbal/src/gimbal_bringup': AMENT_PREFIX_PATH=/home/dtc/humanflow/ros2_ghadron_gimbal/install/yolo_detection:/home/dtc/humanflow/ros2_ghadron_gimbal/install/ir_zoom:/home/dtc/humanflow/ros2_ghadron_gimbal/install/human_tracking:/home/dtc/humanflow/ros2_ghadron_gimbal/install/gimbal_status:/home/dtc/humanflow/ros2_ghadron_gimbal/install/gimbal_angle_control:/home/dtc/humanflow/ros2_ghadron_gimbal/install/eo_zoom CMAKE_PREFIX_PATH=/home/dtc/humanflow/ros2_ghadron_gimbal/install/ir_zoom:/home/dtc/humanflow/ros2_ghadron_gimbal/install/gimbal_status:/home/dtc/humanflow/ros2_ghadron_gimbal/install/gimbal_angle_control:/home/dtc/humanflow/ros2_ghadron_gimbal/install/eo_zoom PYTHONPATH=/home/dtc/humanflow/ros2_ghadron_gimbal/build/gimbal_bringup/prefix_override:/usr/lib/python3/dist-packages/colcon_core/task/python/colcon_distutils_commands:/home/dtc/humanflow/ros2_ghadron_gimbal/install/gimbal_bringup/lib/python3.10/site-packages:/home/dtc/humanflow/ros2_ghadron_gimbal/install/yolo_detection/lib/python3.10/site-packages:/home/dtc/humanflow/ros2_ghadron_gimbal/install/human_tracking/lib/python3.10/site-packages /usr/bin/python3 -W ignore:setup.py install is deprecated -W ignore:easy_install command is deprecated setup.py egg_info --egg-base ../../build/gimbal_bringup build --build-base /home/dtc/humanflow/ros2_ghadron_gimbal/build/gimbal_bringup/build install --record /home/dtc/humanflow/ros2_ghadron_gimbal/build/gimbal_bringup/install.log --single-version-externally-managed install_data
[1.479s] running egg_info
[1.480s] writing ../../build/gimbal_bringup/gimbal_bringup.egg-info/PKG-INFO
[1.481s] writing dependency_links to ../../build/gimbal_bringup/gimbal_bringup.egg-info/dependency_links.txt
[1.481s] writing entry points to ../../build/gimbal_bringup/gimbal_bringup.egg-info/entry_points.txt
[1.481s] writing requirements to ../../build/gimbal_bringup/gimbal_bringup.egg-info/requires.txt
[1.482s] writing top-level names to ../../build/gimbal_bringup/gimbal_bringup.egg-info/top_level.txt
[1.485s] reading manifest file '../../build/gimbal_bringup/gimbal_bringup.egg-info/SOURCES.txt'
[1.486s] writing manifest file '../../build/gimbal_bringup/gimbal_bringup.egg-info/SOURCES.txt'
[1.487s] running build
[1.488s] running build_py
[1.488s] running install
[1.488s] running install_lib
[1.491s] running install_data
[1.491s] running install_egg_info
[1.495s] removing '/home/dtc/humanflow/ros2_ghadron_gimbal/install/gimbal_bringup/lib/python3.10/site-packages/gimbal_bringup-0.0.1-py3.10.egg-info' (and everything under it)
[1.496s] Copying ../../build/gimbal_bringup/gimbal_bringup.egg-info to /home/dtc/humanflow/ros2_ghadron_gimbal/install/gimbal_bringup/lib/python3.10/site-packages/gimbal_bringup-0.0.1-py3.10.egg-info
[1.498s] running install_scripts
[1.542s] writing list of installed files to '/home/dtc/humanflow/ros2_ghadron_gimbal/build/gimbal_bringup/install.log'
[1.606s] Invoked command in '/home/dtc/humanflow/ros2_ghadron_gimbal/src/gimbal_bringup' returned '0': AMENT_PREFIX_PATH=/home/dtc/humanflow/ros2_ghadron_gimbal/install/yolo_detection:/home/dtc/humanflow/ros2_ghadron_gimbal/install/ir_zoom:/home/dtc/humanflow/ros2_ghadron_gimbal/install/human_tracking:/home/dtc/humanflow/ros2_ghadron_gimbal/install/gimbal_status:/home/dtc/humanflow/ros2_ghadron_gimbal/install/gimbal_angle_control:/home/dtc/humanflow/ros2_ghadron_gimbal/install/eo_zoom CMAKE_PREFIX_PATH=/home/dtc/humanflow/ros2_ghadron_gimbal/install/ir_zoom:/home/dtc/humanflow/ros2_ghadron_gimbal/install/gimbal_status:/home/dtc/humanflow/ros2_ghadron_gimbal/install/gimbal_angle_control:/home/dtc/humanflow/ros2_ghadron_gimbal/install/eo_zoom PYTHONPATH=/home/dtc/humanflow/ros2_ghadron_gimbal/build/gimbal_bringup/prefix_override:/usr/lib/python3/dist-packages/colcon_core/task/python/colcon_distutils_commands:/home/dtc/humanflow/ros2_ghadron_gimbal/install/gimbal_bringup/lib/python3.10/site-packages:/home/dtc/humanflow/ros2_ghadron_gimbal/install/yolo_detection/lib/python3.10/site-packages:/home/dtc/humanflow/ros2_ghadron_gimbal/install/human_tracking/lib/python3.10/site-packages /usr/bin/python3 -W ignore:setup.py install is deprecated -W ignore:easy_install command is deprecated setup.py egg_info --egg-base ../../build/gimbal_bringup build --build-base /home/dtc/humanflow/ros2_ghadron_gimbal/build/gimbal_bringup/build install --record /home/dtc/humanflow/ros2_ghadron_gimbal/build/gimbal_bringup/install.log --single-version-externally-managed install_data
