[1.773s] Invoking command in '/home/dtc-mrsd/Downloads/ros2_gimbal_ws/src/human_tracking': PYTHONPATH=/home/dtc-mrsd/Downloads/ros2_gimbal_ws/build/human_tracking/prefix_override:/usr/lib/python3/dist-packages/colcon_core/task/python/colcon_distutils_commands:/home/dtc-mrsd/Downloads/ros2_gimbal_ws/install/human_tracking/lib/python3.10/site-packages:${PYTHONPATH} /usr/bin/python3 -W ignore:setup.py install is deprecated -W ignore:easy_install command is deprecated setup.py egg_info --egg-base ../../build/human_tracking build --build-base /home/dtc-mrsd/Downloads/ros2_gimbal_ws/build/human_tracking/build install --record /home/dtc-mrsd/Downloads/ros2_gimbal_ws/build/human_tracking/install.log --single-version-externally-managed install_data
[2.043s] running egg_info
[2.044s] writing ../../build/human_tracking/human_tracking.egg-info/PKG-INFO
[2.044s] writing dependency_links to ../../build/human_tracking/human_tracking.egg-info/dependency_links.txt
[2.044s] writing entry points to ../../build/human_tracking/human_tracking.egg-info/entry_points.txt
[2.044s] writing requirements to ../../build/human_tracking/human_tracking.egg-info/requires.txt
[2.044s] writing top-level names to ../../build/human_tracking/human_tracking.egg-info/top_level.txt
[2.047s] reading manifest file '../../build/human_tracking/human_tracking.egg-info/SOURCES.txt'
[2.048s] writing manifest file '../../build/human_tracking/human_tracking.egg-info/SOURCES.txt'
[2.048s] running build
[2.048s] running build_py
[2.048s] copying human_tracking/tracking_node.py -> /home/dtc-mrsd/Downloads/ros2_gimbal_ws/build/human_tracking/build/lib/human_tracking
[2.048s] running install
[2.049s] running install_lib
[2.049s] copying /home/dtc-mrsd/Downloads/ros2_gimbal_ws/build/human_tracking/build/lib/human_tracking/tracking_node.py -> /home/dtc-mrsd/Downloads/ros2_gimbal_ws/install/human_tracking/lib/python3.10/site-packages/human_tracking
[2.050s] byte-compiling /home/dtc-mrsd/Downloads/ros2_gimbal_ws/install/human_tracking/lib/python3.10/site-packages/human_tracking/tracking_node.py to tracking_node.cpython-310.pyc
[2.051s] running install_data
[2.051s] running install_egg_info
[2.053s] removing '/home/dtc-mrsd/Downloads/ros2_gimbal_ws/install/human_tracking/lib/python3.10/site-packages/human_tracking-0.0.1-py3.10.egg-info' (and everything under it)
[2.053s] Copying ../../build/human_tracking/human_tracking.egg-info to /home/dtc-mrsd/Downloads/ros2_gimbal_ws/install/human_tracking/lib/python3.10/site-packages/human_tracking-0.0.1-py3.10.egg-info
[2.054s] running install_scripts
[2.078s] Installing tracking_node script to /home/dtc-mrsd/Downloads/ros2_gimbal_ws/install/human_tracking/lib/human_tracking
[2.078s] writing list of installed files to '/home/dtc-mrsd/Downloads/ros2_gimbal_ws/build/human_tracking/install.log'
[2.111s] Invoked command in '/home/dtc-mrsd/Downloads/ros2_gimbal_ws/src/human_tracking' returned '0': PYTHONPATH=/home/dtc-mrsd/Downloads/ros2_gimbal_ws/build/human_tracking/prefix_override:/usr/lib/python3/dist-packages/colcon_core/task/python/colcon_distutils_commands:/home/dtc-mrsd/Downloads/ros2_gimbal_ws/install/human_tracking/lib/python3.10/site-packages:${PYTHONPATH} /usr/bin/python3 -W ignore:setup.py install is deprecated -W ignore:easy_install command is deprecated setup.py egg_info --egg-base ../../build/human_tracking build --build-base /home/dtc-mrsd/Downloads/ros2_gimbal_ws/build/human_tracking/build install --record /home/dtc-mrsd/Downloads/ros2_gimbal_ws/build/human_tracking/install.log --single-version-externally-managed install_data
