running egg_info
creating ../../build/human_tracking/human_tracking.egg-info
writing ../../build/human_tracking/human_tracking.egg-info/PKG-INFO
writing dependency_links to ../../build/human_tracking/human_tracking.egg-info/dependency_links.txt
writing entry points to ../../build/human_tracking/human_tracking.egg-info/entry_points.txt
writing requirements to ../../build/human_tracking/human_tracking.egg-info/requires.txt
writing top-level names to ../../build/human_tracking/human_tracking.egg-info/top_level.txt
writing manifest file '../../build/human_tracking/human_tracking.egg-info/SOURCES.txt'
reading manifest file '../../build/human_tracking/human_tracking.egg-info/SOURCES.txt'
writing manifest file '../../build/human_tracking/human_tracking.egg-info/SOURCES.txt'
running build
running build_py
creating /home/dtc/humanflow/ros2_ghadron_gimbal/build/human_tracking/build
creating /home/dtc/humanflow/ros2_ghadron_gimbal/build/human_tracking/build/lib
creating /home/dtc/humanflow/ros2_ghadron_gimbal/build/human_tracking/build/lib/human_tracking
copying human_tracking/tracking_node.py -> /home/dtc/humanflow/ros2_ghadron_gimbal/build/human_tracking/build/lib/human_tracking
copying human_tracking/__init__.py -> /home/dtc/humanflow/ros2_ghadron_gimbal/build/human_tracking/build/lib/human_tracking
running install
running install_lib
creating /home/dtc/humanflow/ros2_ghadron_gimbal/install/human_tracking/lib/python3.10/site-packages/human_tracking
copying /home/dtc/humanflow/ros2_ghadron_gimbal/build/human_tracking/build/lib/human_tracking/tracking_node.py -> /home/dtc/humanflow/ros2_ghadron_gimbal/install/human_tracking/lib/python3.10/site-packages/human_tracking
copying /home/dtc/humanflow/ros2_ghadron_gimbal/build/human_tracking/build/lib/human_tracking/__init__.py -> /home/dtc/humanflow/ros2_ghadron_gimbal/install/human_tracking/lib/python3.10/site-packages/human_tracking
byte-compiling /home/dtc/humanflow/ros2_ghadron_gimbal/install/human_tracking/lib/python3.10/site-packages/human_tracking/tracking_node.py to tracking_node.cpython-310.pyc
byte-compiling /home/dtc/humanflow/ros2_ghadron_gimbal/install/human_tracking/lib/python3.10/site-packages/human_tracking/__init__.py to __init__.cpython-310.pyc
running install_data
creating /home/dtc/humanflow/ros2_ghadron_gimbal/install/human_tracking/share/ament_index
creating /home/dtc/humanflow/ros2_ghadron_gimbal/install/human_tracking/share/ament_index/resource_index
creating /home/dtc/humanflow/ros2_ghadron_gimbal/install/human_tracking/share/ament_index/resource_index/packages
copying resource/human_tracking -> /home/dtc/humanflow/ros2_ghadron_gimbal/install/human_tracking/share/ament_index/resource_index/packages
copying package.xml -> /home/dtc/humanflow/ros2_ghadron_gimbal/install/human_tracking/share/human_tracking
running install_egg_info
Copying ../../build/human_tracking/human_tracking.egg-info to /home/dtc/humanflow/ros2_ghadron_gimbal/install/human_tracking/lib/python3.10/site-packages/human_tracking-0.0.1-py3.10.egg-info
running install_scripts
Installing tracking_node script to /home/dtc/humanflow/ros2_ghadron_gimbal/install/human_tracking/lib/human_tracking
writing list of installed files to '/home/dtc/humanflow/ros2_ghadron_gimbal/build/human_tracking/install.log'
