[0.034s] Invoking command in '/home/dtc/humanflow/ros2_ghadron_gimbal/build/gimbal_status': CMAKE_PREFIX_PATH=/opt/ros/humble /usr/bin/cmake --build /home/dtc/humanflow/ros2_ghadron_gimbal/build/gimbal_status -- -j4 -l4
[0.621s] -- GHADRON: 1
[0.621s] -- Found ament_cmake: 1.3.11 (/opt/ros/humble/share/ament_cmake/cmake)
[0.621s] -- Found rclcpp: 16.0.11 (/opt/ros/humble/share/rclcpp/cmake)
[0.621s] -- Found rosidl_generator_c: 3.1.6 (/opt/ros/humble/share/rosidl_generator_c/cmake)
[0.621s] -- Found rosidl_adapter: 3.1.6 (/opt/ros/humble/share/rosidl_adapter/cmake)
[0.622s] -- Found rosidl_generator_cpp: 3.1.6 (/opt/ros/humble/share/rosidl_generator_cpp/cmake)
[0.622s] -- Using all available rosidl_typesupport_c: rosidl_typesupport_fastrtps_c;rosidl_typesupport_introspection_c
[0.622s] -- Using all available rosidl_typesupport_cpp: rosidl_typesupport_fastrtps_cpp;rosidl_typesupport_introspection_cpp
[0.645s] -- Found rmw_implementation_cmake: 6.1.2 (/opt/ros/humble/share/rmw_implementation_cmake/cmake)
[0.645s] -- Found rmw_fastrtps_cpp: 6.2.7 (/opt/ros/humble/share/rmw_fastrtps_cpp/cmake)
[0.825s] -- Using RMW implementation 'rmw_fastrtps_cpp' as default
[0.992s] -- Found geometry_msgs: 4.2.4 (/opt/ros/humble/share/geometry_msgs/cmake)
[1.081s] CMake Error at CMakeLists.txt:45 (message):
[1.082s]   Failed to build PayloadSDK: CMake Error: The source directory
[1.083s]   "/home/dtc/humanflow/ros2_ghadron_gimbal/src/PayloadSdk" does not appear to
[1.084s]   contain CMakeLists.txt.
[1.085s] 
[1.086s]   Specify --help for usage, or press the help button on the CMake GUI.
[1.087s] 
[1.088s] 
[1.089s] 
[1.090s] -- Configuring incomplete, errors occurred!
[1.091s] See also "/home/dtc/humanflow/ros2_ghadron_gimbal/build/gimbal_status/CMakeFiles/CMakeOutput.log".
[1.100s] gmake: *** [Makefile:267: cmake_check_build_system] Error 1
[1.116s] Invoked command in '/home/dtc/humanflow/ros2_ghadron_gimbal/build/gimbal_status' returned '2': CMAKE_PREFIX_PATH=/opt/ros/humble /usr/bin/cmake --build /home/dtc/humanflow/ros2_ghadron_gimbal/build/gimbal_status -- -j4 -l4
