[0.109s] DEBUG:colcon:Command line arguments: ['/usr/bin/colcon', 'build', '--packages-select', 'gimbal_bringup', 'gimbal_angle_control', 'gimbal_status', 'stream_publisher', 'image_viewer', 'yolo_detection', 'human_tracking', 'PayloadSdk', '--cmake-args', '-DGHADRON=1']
[0.109s] DEBUG:colcon:Parsed command line arguments: Namespace(log_base=None, log_level=None, verb_name='build', build_base='build', install_base='install', merge_install=False, symlink_install=False, test_result_base=None, continue_on_error=False, executor='parallel', parallel_workers=12, event_handlers=None, ignore_user_meta=False, metas=['./colcon.meta'], base_paths=['.'], packages_ignore=None, packages_ignore_regex=None, paths=None, packages_up_to=None, packages_up_to_regex=None, packages_above=None, packages_above_and_dependencies=None, packages_above_depth=None, packages_select_by_dep=None, packages_skip_by_dep=None, packages_skip_up_to=None, packages_select_build_failed=False, packages_skip_build_finished=False, packages_select_test_failures=False, packages_skip_test_passed=False, packages_select=['gimbal_bringup', 'gimbal_angle_control', 'gimbal_status', 'stream_publisher', 'image_viewer', 'yolo_detection', 'human_tracking', 'PayloadSdk'], packages_skip=None, packages_select_regex=None, packages_skip_regex=None, packages_start=None, packages_end=None, allow_overriding=[], cmake_args=['-DGHADRON=1'], cmake_target=None, cmake_target_skip_unavailable=False, cmake_clean_cache=False, cmake_clean_first=False, cmake_force_configure=False, ament_cmake_args=None, catkin_cmake_args=None, catkin_skip_building_tests=False, mixin_files=None, mixin=None, verb_parser=<colcon_mixin.mixin.mixin_argument.MixinArgumentDecorator object at 0x768c34035180>, verb_extension=<colcon_core.verb.build.BuildVerb object at 0x768c34034cd0>, main=<bound method BuildVerb.main of <colcon_core.verb.build.BuildVerb object at 0x768c34034cd0>>, mixin_verb=('build',))
[0.292s] Level 1:colcon.colcon_core.package_discovery:discover_packages(colcon_meta) check parameters
[0.292s] Level 1:colcon.colcon_core.package_discovery:discover_packages(recursive) check parameters
[0.292s] Level 1:colcon.colcon_core.package_discovery:discover_packages(ignore) check parameters
[0.292s] Level 1:colcon.colcon_core.package_discovery:discover_packages(path) check parameters
[0.292s] Level 1:colcon.colcon_core.package_discovery:discover_packages(colcon_meta) discover
[0.292s] Level 1:colcon.colcon_core.package_discovery:discover_packages(recursive) discover
[0.292s] INFO:colcon.colcon_core.package_discovery:Crawling recursively for packages in '/home/dtc-mrsd/Downloads/ros2_ghadron_gimbal'
[0.292s] Level 1:colcon.colcon_core.package_identification:_identify(.) by extensions ['ignore', 'ignore_ament_install']
[0.293s] Level 1:colcon.colcon_core.package_identification:_identify(.) by extension 'ignore'
[0.293s] Level 1:colcon.colcon_core.package_identification:_identify(.) by extension 'ignore_ament_install'
[0.293s] Level 1:colcon.colcon_core.package_identification:_identify(.) by extensions ['colcon_pkg']
[0.293s] Level 1:colcon.colcon_core.package_identification:_identify(.) by extension 'colcon_pkg'
[0.293s] Level 1:colcon.colcon_core.package_identification:_identify(.) by extensions ['colcon_meta']
[0.293s] Level 1:colcon.colcon_core.package_identification:_identify(.) by extension 'colcon_meta'
[0.293s] Level 1:colcon.colcon_core.package_identification:_identify(.) by extensions ['ros']
[0.293s] Level 1:colcon.colcon_core.package_identification:_identify(.) by extension 'ros'
[0.309s] Level 1:colcon.colcon_core.package_identification:_identify(.) by extensions ['cmake', 'python']
[0.309s] Level 1:colcon.colcon_core.package_identification:_identify(.) by extension 'cmake'
[0.309s] Level 1:colcon.colcon_core.package_identification:_identify(.) by extension 'python'
[0.310s] Level 1:colcon.colcon_core.package_identification:_identify(.) by extensions ['python_setup_py']
[0.310s] Level 1:colcon.colcon_core.package_identification:_identify(.) by extension 'python_setup_py'
[0.310s] Level 1:colcon.colcon_core.package_identification:_identify(build) by extensions ['ignore', 'ignore_ament_install']
[0.310s] Level 1:colcon.colcon_core.package_identification:_identify(build) by extension 'ignore'
[0.310s] Level 1:colcon.colcon_core.package_identification:_identify(build) ignored
[0.310s] Level 1:colcon.colcon_core.package_identification:_identify(install) by extensions ['ignore', 'ignore_ament_install']
[0.310s] Level 1:colcon.colcon_core.package_identification:_identify(install) by extension 'ignore'
[0.310s] Level 1:colcon.colcon_core.package_identification:_identify(install) ignored
[0.310s] Level 1:colcon.colcon_core.package_identification:_identify(log) by extensions ['ignore', 'ignore_ament_install']
[0.310s] Level 1:colcon.colcon_core.package_identification:_identify(log) by extension 'ignore'
[0.310s] Level 1:colcon.colcon_core.package_identification:_identify(log) ignored
[0.310s] Level 1:colcon.colcon_core.package_identification:_identify(src) by extensions ['ignore', 'ignore_ament_install']
[0.311s] Level 1:colcon.colcon_core.package_identification:_identify(src) by extension 'ignore'
[0.311s] Level 1:colcon.colcon_core.package_identification:_identify(src) by extension 'ignore_ament_install'
[0.311s] Level 1:colcon.colcon_core.package_identification:_identify(src) by extensions ['colcon_pkg']
[0.311s] Level 1:colcon.colcon_core.package_identification:_identify(src) by extension 'colcon_pkg'
[0.311s] Level 1:colcon.colcon_core.package_identification:_identify(src) by extensions ['colcon_meta']
[0.311s] Level 1:colcon.colcon_core.package_identification:_identify(src) by extension 'colcon_meta'
[0.311s] Level 1:colcon.colcon_core.package_identification:_identify(src) by extensions ['ros']
[0.311s] Level 1:colcon.colcon_core.package_identification:_identify(src) by extension 'ros'
[0.311s] Level 1:colcon.colcon_core.package_identification:_identify(src) by extensions ['cmake', 'python']
[0.311s] Level 1:colcon.colcon_core.package_identification:_identify(src) by extension 'cmake'
[0.311s] Level 1:colcon.colcon_core.package_identification:_identify(src) by extension 'python'
[0.311s] Level 1:colcon.colcon_core.package_identification:_identify(src) by extensions ['python_setup_py']
[0.311s] Level 1:colcon.colcon_core.package_identification:_identify(src) by extension 'python_setup_py'
[0.311s] Level 1:colcon.colcon_core.package_identification:_identify(src/PayloadSdk) by extensions ['ignore', 'ignore_ament_install']
[0.311s] Level 1:colcon.colcon_core.package_identification:_identify(src/PayloadSdk) by extension 'ignore'
[0.311s] Level 1:colcon.colcon_core.package_identification:_identify(src/PayloadSdk) by extension 'ignore_ament_install'
[0.311s] Level 1:colcon.colcon_core.package_identification:_identify(src/PayloadSdk) by extensions ['colcon_pkg']
[0.311s] Level 1:colcon.colcon_core.package_identification:_identify(src/PayloadSdk) by extension 'colcon_pkg'
[0.311s] Level 1:colcon.colcon_core.package_identification:_identify(src/PayloadSdk) by extensions ['colcon_meta']
[0.311s] Level 1:colcon.colcon_core.package_identification:_identify(src/PayloadSdk) by extension 'colcon_meta'
[0.311s] Level 1:colcon.colcon_core.package_identification:_identify(src/PayloadSdk) by extensions ['ros']
[0.312s] Level 1:colcon.colcon_core.package_identification:_identify(src/PayloadSdk) by extension 'ros'
[0.312s] Level 1:colcon.colcon_core.package_identification:_identify(src/PayloadSdk) by extensions ['cmake', 'python']
[0.312s] Level 1:colcon.colcon_core.package_identification:_identify(src/PayloadSdk) by extension 'cmake'
[0.319s] Level 1:colcon.colcon_core.package_identification:_identify(src/PayloadSdk) by extension 'python'
[0.319s] DEBUG:colcon.colcon_core.package_identification:Package 'src/PayloadSdk' with type 'cmake' and name 'PayloadSDK'
[0.319s] Level 1:colcon.colcon_core.package_identification:_identify(src/eo_image) by extensions ['ignore', 'ignore_ament_install']
[0.319s] Level 1:colcon.colcon_core.package_identification:_identify(src/eo_image) by extension 'ignore'
[0.319s] Level 1:colcon.colcon_core.package_identification:_identify(src/eo_image) by extension 'ignore_ament_install'
[0.319s] Level 1:colcon.colcon_core.package_identification:_identify(src/eo_image) by extensions ['colcon_pkg']
[0.319s] Level 1:colcon.colcon_core.package_identification:_identify(src/eo_image) by extension 'colcon_pkg'
[0.319s] Level 1:colcon.colcon_core.package_identification:_identify(src/eo_image) by extensions ['colcon_meta']
[0.319s] Level 1:colcon.colcon_core.package_identification:_identify(src/eo_image) by extension 'colcon_meta'
[0.319s] Level 1:colcon.colcon_core.package_identification:_identify(src/eo_image) by extensions ['ros']
[0.319s] Level 1:colcon.colcon_core.package_identification:_identify(src/eo_image) by extension 'ros'
[0.322s] DEBUG:colcon.colcon_core.package_identification:Package 'src/eo_image' with type 'ros.ament_cmake' and name 'eo_image'
[0.322s] Level 1:colcon.colcon_core.package_identification:_identify(src/eo_zoom) by extensions ['ignore', 'ignore_ament_install']
[0.323s] Level 1:colcon.colcon_core.package_identification:_identify(src/eo_zoom) by extension 'ignore'
[0.323s] Level 1:colcon.colcon_core.package_identification:_identify(src/eo_zoom) by extension 'ignore_ament_install'
[0.323s] Level 1:colcon.colcon_core.package_identification:_identify(src/eo_zoom) by extensions ['colcon_pkg']
[0.323s] Level 1:colcon.colcon_core.package_identification:_identify(src/eo_zoom) by extension 'colcon_pkg'
[0.323s] Level 1:colcon.colcon_core.package_identification:_identify(src/eo_zoom) by extensions ['colcon_meta']
[0.323s] Level 1:colcon.colcon_core.package_identification:_identify(src/eo_zoom) by extension 'colcon_meta'
[0.323s] Level 1:colcon.colcon_core.package_identification:_identify(src/eo_zoom) by extensions ['ros']
[0.323s] Level 1:colcon.colcon_core.package_identification:_identify(src/eo_zoom) by extension 'ros'
[0.323s] DEBUG:colcon.colcon_core.package_identification:Package 'src/eo_zoom' with type 'ros.ament_cmake' and name 'eo_zoom'
[0.324s] Level 1:colcon.colcon_core.package_identification:_identify(src/gimbal_angle_control) by extensions ['ignore', 'ignore_ament_install']
[0.324s] Level 1:colcon.colcon_core.package_identification:_identify(src/gimbal_angle_control) by extension 'ignore'
[0.324s] Level 1:colcon.colcon_core.package_identification:_identify(src/gimbal_angle_control) by extension 'ignore_ament_install'
[0.324s] Level 1:colcon.colcon_core.package_identification:_identify(src/gimbal_angle_control) by extensions ['colcon_pkg']
[0.324s] Level 1:colcon.colcon_core.package_identification:_identify(src/gimbal_angle_control) by extension 'colcon_pkg'
[0.324s] Level 1:colcon.colcon_core.package_identification:_identify(src/gimbal_angle_control) by extensions ['colcon_meta']
[0.324s] Level 1:colcon.colcon_core.package_identification:_identify(src/gimbal_angle_control) by extension 'colcon_meta'
[0.324s] Level 1:colcon.colcon_core.package_identification:_identify(src/gimbal_angle_control) by extensions ['ros']
[0.324s] Level 1:colcon.colcon_core.package_identification:_identify(src/gimbal_angle_control) by extension 'ros'
[0.325s] DEBUG:colcon.colcon_core.package_identification:Package 'src/gimbal_angle_control' with type 'ros.ament_cmake' and name 'gimbal_angle_control'
[0.325s] Level 1:colcon.colcon_core.package_identification:_identify(src/gimbal_bringup) by extensions ['ignore', 'ignore_ament_install']
[0.325s] Level 1:colcon.colcon_core.package_identification:_identify(src/gimbal_bringup) by extension 'ignore'
[0.325s] Level 1:colcon.colcon_core.package_identification:_identify(src/gimbal_bringup) by extension 'ignore_ament_install'
[0.325s] Level 1:colcon.colcon_core.package_identification:_identify(src/gimbal_bringup) by extensions ['colcon_pkg']
[0.325s] Level 1:colcon.colcon_core.package_identification:_identify(src/gimbal_bringup) by extension 'colcon_pkg'
[0.325s] Level 1:colcon.colcon_core.package_identification:_identify(src/gimbal_bringup) by extensions ['colcon_meta']
[0.325s] Level 1:colcon.colcon_core.package_identification:_identify(src/gimbal_bringup) by extension 'colcon_meta'
[0.325s] Level 1:colcon.colcon_core.package_identification:_identify(src/gimbal_bringup) by extensions ['ros']
[0.325s] Level 1:colcon.colcon_core.package_identification:_identify(src/gimbal_bringup) by extension 'ros'
[0.326s] DEBUG:colcon.colcon_core.package_identification:Package 'src/gimbal_bringup' with type 'ros.ament_python' and name 'gimbal_bringup'
[0.326s] Level 1:colcon.colcon_core.package_identification:_identify(src/gimbal_status) by extensions ['ignore', 'ignore_ament_install']
[0.326s] Level 1:colcon.colcon_core.package_identification:_identify(src/gimbal_status) by extension 'ignore'
[0.326s] Level 1:colcon.colcon_core.package_identification:_identify(src/gimbal_status) by extension 'ignore_ament_install'
[0.326s] Level 1:colcon.colcon_core.package_identification:_identify(src/gimbal_status) by extensions ['colcon_pkg']
[0.326s] Level 1:colcon.colcon_core.package_identification:_identify(src/gimbal_status) by extension 'colcon_pkg'
[0.326s] Level 1:colcon.colcon_core.package_identification:_identify(src/gimbal_status) by extensions ['colcon_meta']
[0.326s] Level 1:colcon.colcon_core.package_identification:_identify(src/gimbal_status) by extension 'colcon_meta'
[0.326s] Level 1:colcon.colcon_core.package_identification:_identify(src/gimbal_status) by extensions ['ros']
[0.326s] Level 1:colcon.colcon_core.package_identification:_identify(src/gimbal_status) by extension 'ros'
[0.327s] DEBUG:colcon.colcon_core.package_identification:Package 'src/gimbal_status' with type 'ros.ament_cmake' and name 'gimbal_status'
[0.327s] Level 1:colcon.colcon_core.package_identification:_identify(src/human_tracking) by extensions ['ignore', 'ignore_ament_install']
[0.327s] Level 1:colcon.colcon_core.package_identification:_identify(src/human_tracking) by extension 'ignore'
[0.327s] Level 1:colcon.colcon_core.package_identification:_identify(src/human_tracking) by extension 'ignore_ament_install'
[0.327s] Level 1:colcon.colcon_core.package_identification:_identify(src/human_tracking) by extensions ['colcon_pkg']
[0.327s] Level 1:colcon.colcon_core.package_identification:_identify(src/human_tracking) by extension 'colcon_pkg'
[0.327s] Level 1:colcon.colcon_core.package_identification:_identify(src/human_tracking) by extensions ['colcon_meta']
[0.327s] Level 1:colcon.colcon_core.package_identification:_identify(src/human_tracking) by extension 'colcon_meta'
[0.327s] Level 1:colcon.colcon_core.package_identification:_identify(src/human_tracking) by extensions ['ros']
[0.327s] Level 1:colcon.colcon_core.package_identification:_identify(src/human_tracking) by extension 'ros'
[0.328s] DEBUG:colcon.colcon_core.package_identification:Package 'src/human_tracking' with type 'ros.ament_python' and name 'human_tracking'
[0.328s] Level 1:colcon.colcon_core.package_identification:_identify(src/image_publisher) by extensions ['ignore', 'ignore_ament_install']
[0.328s] Level 1:colcon.colcon_core.package_identification:_identify(src/image_publisher) by extension 'ignore'
[0.328s] Level 1:colcon.colcon_core.package_identification:_identify(src/image_publisher) by extension 'ignore_ament_install'
[0.328s] Level 1:colcon.colcon_core.package_identification:_identify(src/image_publisher) by extensions ['colcon_pkg']
[0.328s] Level 1:colcon.colcon_core.package_identification:_identify(src/image_publisher) by extension 'colcon_pkg'
[0.328s] Level 1:colcon.colcon_core.package_identification:_identify(src/image_publisher) by extensions ['colcon_meta']
[0.328s] Level 1:colcon.colcon_core.package_identification:_identify(src/image_publisher) by extension 'colcon_meta'
[0.328s] Level 1:colcon.colcon_core.package_identification:_identify(src/image_publisher) by extensions ['ros']
[0.328s] Level 1:colcon.colcon_core.package_identification:_identify(src/image_publisher) by extension 'ros'
[0.329s] DEBUG:colcon.colcon_core.package_identification:Package 'src/image_publisher' with type 'ros.ament_cmake' and name 'image_publisher'
[0.329s] Level 1:colcon.colcon_core.package_identification:_identify(src/image_viewer) by extensions ['ignore', 'ignore_ament_install']
[0.330s] Level 1:colcon.colcon_core.package_identification:_identify(src/image_viewer) by extension 'ignore'
[0.330s] Level 1:colcon.colcon_core.package_identification:_identify(src/image_viewer) by extension 'ignore_ament_install'
[0.330s] Level 1:colcon.colcon_core.package_identification:_identify(src/image_viewer) by extensions ['colcon_pkg']
[0.330s] Level 1:colcon.colcon_core.package_identification:_identify(src/image_viewer) by extension 'colcon_pkg'
[0.330s] Level 1:colcon.colcon_core.package_identification:_identify(src/image_viewer) by extensions ['colcon_meta']
[0.330s] Level 1:colcon.colcon_core.package_identification:_identify(src/image_viewer) by extension 'colcon_meta'
[0.330s] Level 1:colcon.colcon_core.package_identification:_identify(src/image_viewer) by extensions ['ros']
[0.330s] Level 1:colcon.colcon_core.package_identification:_identify(src/image_viewer) by extension 'ros'
[0.331s] DEBUG:colcon.colcon_core.package_identification:Package 'src/image_viewer' with type 'ros.ament_python' and name 'image_viewer'
[0.331s] Level 1:colcon.colcon_core.package_identification:_identify(src/ir_image) by extensions ['ignore', 'ignore_ament_install']
[0.331s] Level 1:colcon.colcon_core.package_identification:_identify(src/ir_image) by extension 'ignore'
[0.331s] Level 1:colcon.colcon_core.package_identification:_identify(src/ir_image) by extension 'ignore_ament_install'
[0.331s] Level 1:colcon.colcon_core.package_identification:_identify(src/ir_image) by extensions ['colcon_pkg']
[0.331s] Level 1:colcon.colcon_core.package_identification:_identify(src/ir_image) by extension 'colcon_pkg'
[0.331s] Level 1:colcon.colcon_core.package_identification:_identify(src/ir_image) by extensions ['colcon_meta']
[0.331s] Level 1:colcon.colcon_core.package_identification:_identify(src/ir_image) by extension 'colcon_meta'
[0.331s] Level 1:colcon.colcon_core.package_identification:_identify(src/ir_image) by extensions ['ros']
[0.331s] Level 1:colcon.colcon_core.package_identification:_identify(src/ir_image) by extension 'ros'
[0.332s] DEBUG:colcon.colcon_core.package_identification:Package 'src/ir_image' with type 'ros.ament_cmake' and name 'ir_image'
[0.332s] Level 1:colcon.colcon_core.package_identification:_identify(src/ir_zoom) by extensions ['ignore', 'ignore_ament_install']
[0.332s] Level 1:colcon.colcon_core.package_identification:_identify(src/ir_zoom) by extension 'ignore'
[0.332s] Level 1:colcon.colcon_core.package_identification:_identify(src/ir_zoom) by extension 'ignore_ament_install'
[0.332s] Level 1:colcon.colcon_core.package_identification:_identify(src/ir_zoom) by extensions ['colcon_pkg']
[0.332s] Level 1:colcon.colcon_core.package_identification:_identify(src/ir_zoom) by extension 'colcon_pkg'
[0.332s] Level 1:colcon.colcon_core.package_identification:_identify(src/ir_zoom) by extensions ['colcon_meta']
[0.332s] Level 1:colcon.colcon_core.package_identification:_identify(src/ir_zoom) by extension 'colcon_meta'
[0.332s] Level 1:colcon.colcon_core.package_identification:_identify(src/ir_zoom) by extensions ['ros']
[0.332s] Level 1:colcon.colcon_core.package_identification:_identify(src/ir_zoom) by extension 'ros'
[0.333s] DEBUG:colcon.colcon_core.package_identification:Package 'src/ir_zoom' with type 'ros.ament_cmake' and name 'ir_zoom'
[0.333s] Level 1:colcon.colcon_core.package_identification:_identify(src/rtsp_viewer) by extensions ['ignore', 'ignore_ament_install']
[0.333s] Level 1:colcon.colcon_core.package_identification:_identify(src/rtsp_viewer) by extension 'ignore'
[0.333s] Level 1:colcon.colcon_core.package_identification:_identify(src/rtsp_viewer) by extension 'ignore_ament_install'
[0.333s] Level 1:colcon.colcon_core.package_identification:_identify(src/rtsp_viewer) by extensions ['colcon_pkg']
[0.333s] Level 1:colcon.colcon_core.package_identification:_identify(src/rtsp_viewer) by extension 'colcon_pkg'
[0.333s] Level 1:colcon.colcon_core.package_identification:_identify(src/rtsp_viewer) by extensions ['colcon_meta']
[0.333s] Level 1:colcon.colcon_core.package_identification:_identify(src/rtsp_viewer) by extension 'colcon_meta'
[0.334s] Level 1:colcon.colcon_core.package_identification:_identify(src/rtsp_viewer) by extensions ['ros']
[0.334s] Level 1:colcon.colcon_core.package_identification:_identify(src/rtsp_viewer) by extension 'ros'
[0.334s] DEBUG:colcon.colcon_core.package_identification:Package 'src/rtsp_viewer' with type 'ros.ament_python' and name 'rtsp_viewer'
[0.334s] Level 1:colcon.colcon_core.package_identification:_identify(src/stream_publisher) by extensions ['ignore', 'ignore_ament_install']
[0.334s] Level 1:colcon.colcon_core.package_identification:_identify(src/stream_publisher) by extension 'ignore'
[0.335s] Level 1:colcon.colcon_core.package_identification:_identify(src/stream_publisher) by extension 'ignore_ament_install'
[0.335s] Level 1:colcon.colcon_core.package_identification:_identify(src/stream_publisher) by extensions ['colcon_pkg']
[0.335s] Level 1:colcon.colcon_core.package_identification:_identify(src/stream_publisher) by extension 'colcon_pkg'
[0.335s] Level 1:colcon.colcon_core.package_identification:_identify(src/stream_publisher) by extensions ['colcon_meta']
[0.335s] Level 1:colcon.colcon_core.package_identification:_identify(src/stream_publisher) by extension 'colcon_meta'
[0.335s] Level 1:colcon.colcon_core.package_identification:_identify(src/stream_publisher) by extensions ['ros']
[0.335s] Level 1:colcon.colcon_core.package_identification:_identify(src/stream_publisher) by extension 'ros'
[0.336s] DEBUG:colcon.colcon_core.package_identification:Package 'src/stream_publisher' with type 'ros.ament_python' and name 'stream_publisher'
[0.336s] Level 1:colcon.colcon_core.package_identification:_identify(src/yolo_detection) by extensions ['ignore', 'ignore_ament_install']
[0.336s] Level 1:colcon.colcon_core.package_identification:_identify(src/yolo_detection) by extension 'ignore'
[0.336s] Level 1:colcon.colcon_core.package_identification:_identify(src/yolo_detection) by extension 'ignore_ament_install'
[0.336s] Level 1:colcon.colcon_core.package_identification:_identify(src/yolo_detection) by extensions ['colcon_pkg']
[0.336s] Level 1:colcon.colcon_core.package_identification:_identify(src/yolo_detection) by extension 'colcon_pkg'
[0.336s] Level 1:colcon.colcon_core.package_identification:_identify(src/yolo_detection) by extensions ['colcon_meta']
[0.336s] Level 1:colcon.colcon_core.package_identification:_identify(src/yolo_detection) by extension 'colcon_meta'
[0.336s] Level 1:colcon.colcon_core.package_identification:_identify(src/yolo_detection) by extensions ['ros']
[0.336s] Level 1:colcon.colcon_core.package_identification:_identify(src/yolo_detection) by extension 'ros'
[0.337s] DEBUG:colcon.colcon_core.package_identification:Package 'src/yolo_detection' with type 'ros.ament_python' and name 'yolo_detection'
[0.337s] Level 1:colcon.colcon_core.package_discovery:discover_packages(recursive) using defaults
[0.337s] Level 1:colcon.colcon_core.package_discovery:discover_packages(ignore) discover
[0.337s] Level 1:colcon.colcon_core.package_discovery:discover_packages(ignore) using defaults
[0.337s] Level 1:colcon.colcon_core.package_discovery:discover_packages(path) discover
[0.337s] Level 1:colcon.colcon_core.package_discovery:discover_packages(path) using defaults
[0.337s] WARNING:colcon.colcon_core.package_selection:ignoring unknown package 'PayloadSdk' in --packages-select
[0.359s] INFO:colcon.colcon_core.package_selection:Skipping not selected package 'PayloadSDK' in 'src/PayloadSdk'
[0.359s] INFO:colcon.colcon_core.package_selection:Skipping not selected package 'eo_image' in 'src/eo_image'
[0.359s] INFO:colcon.colcon_core.package_selection:Skipping not selected package 'eo_zoom' in 'src/eo_zoom'
[0.359s] INFO:colcon.colcon_core.package_selection:Skipping not selected package 'image_publisher' in 'src/image_publisher'
[0.359s] INFO:colcon.colcon_core.package_selection:Skipping not selected package 'ir_image' in 'src/ir_image'
[0.359s] INFO:colcon.colcon_core.package_selection:Skipping not selected package 'ir_zoom' in 'src/ir_zoom'
[0.359s] INFO:colcon.colcon_core.package_selection:Skipping not selected package 'rtsp_viewer' in 'src/rtsp_viewer'
[0.360s] Level 1:colcon.colcon_core.package_discovery:discover_packages(prefix_path) check parameters
[0.360s] Level 1:colcon.colcon_core.package_discovery:discover_packages(prefix_path) discover
[0.362s] DEBUG:colcon.colcon_installed_package_information.package_discovery:Found 14 installed packages in /home/dtc-mrsd/Downloads/ros2_ghadron_gimbal/install
[0.364s] DEBUG:colcon.colcon_installed_package_information.package_discovery:Found 417 installed packages in /opt/ros/humble
[0.365s] Level 1:colcon.colcon_core.package_discovery:discover_packages(prefix_path) using defaults
[0.414s] Level 5:colcon.colcon_core.verb:set package 'gimbal_angle_control' build argument 'cmake_args' from command line to '['-DGHADRON=1']'
[0.414s] Level 5:colcon.colcon_core.verb:set package 'gimbal_angle_control' build argument 'cmake_target' from command line to 'None'
[0.414s] Level 5:colcon.colcon_core.verb:set package 'gimbal_angle_control' build argument 'cmake_target_skip_unavailable' from command line to 'False'
[0.414s] Level 5:colcon.colcon_core.verb:set package 'gimbal_angle_control' build argument 'cmake_clean_cache' from command line to 'False'
[0.415s] Level 5:colcon.colcon_core.verb:set package 'gimbal_angle_control' build argument 'cmake_clean_first' from command line to 'False'
[0.415s] Level 5:colcon.colcon_core.verb:set package 'gimbal_angle_control' build argument 'cmake_force_configure' from command line to 'False'
[0.415s] Level 5:colcon.colcon_core.verb:set package 'gimbal_angle_control' build argument 'ament_cmake_args' from command line to 'None'
[0.415s] Level 5:colcon.colcon_core.verb:set package 'gimbal_angle_control' build argument 'catkin_cmake_args' from command line to 'None'
[0.415s] Level 5:colcon.colcon_core.verb:set package 'gimbal_angle_control' build argument 'catkin_skip_building_tests' from command line to 'False'
[0.415s] DEBUG:colcon.colcon_core.verb:Building package 'gimbal_angle_control' with the following arguments: {'ament_cmake_args': None, 'build_base': '/home/dtc-mrsd/Downloads/ros2_ghadron_gimbal/build/gimbal_angle_control', 'catkin_cmake_args': None, 'catkin_skip_building_tests': False, 'cmake_args': ['-DGHADRON=1'], 'cmake_clean_cache': False, 'cmake_clean_first': False, 'cmake_force_configure': False, 'cmake_target': None, 'cmake_target_skip_unavailable': False, 'install_base': '/home/dtc-mrsd/Downloads/ros2_ghadron_gimbal/install/gimbal_angle_control', 'merge_install': False, 'path': '/home/dtc-mrsd/Downloads/ros2_ghadron_gimbal/src/gimbal_angle_control', 'symlink_install': False, 'test_result_base': None}
[0.415s] Level 5:colcon.colcon_core.verb:set package 'gimbal_status' build argument 'cmake_args' from command line to '['-DGHADRON=1']'
[0.415s] Level 5:colcon.colcon_core.verb:set package 'gimbal_status' build argument 'cmake_target' from command line to 'None'
[0.415s] Level 5:colcon.colcon_core.verb:set package 'gimbal_status' build argument 'cmake_target_skip_unavailable' from command line to 'False'
[0.415s] Level 5:colcon.colcon_core.verb:set package 'gimbal_status' build argument 'cmake_clean_cache' from command line to 'False'
[0.415s] Level 5:colcon.colcon_core.verb:set package 'gimbal_status' build argument 'cmake_clean_first' from command line to 'False'
[0.415s] Level 5:colcon.colcon_core.verb:set package 'gimbal_status' build argument 'cmake_force_configure' from command line to 'False'
[0.415s] Level 5:colcon.colcon_core.verb:set package 'gimbal_status' build argument 'ament_cmake_args' from command line to 'None'
[0.415s] Level 5:colcon.colcon_core.verb:set package 'gimbal_status' build argument 'catkin_cmake_args' from command line to 'None'
[0.415s] Level 5:colcon.colcon_core.verb:set package 'gimbal_status' build argument 'catkin_skip_building_tests' from command line to 'False'
[0.415s] DEBUG:colcon.colcon_core.verb:Building package 'gimbal_status' with the following arguments: {'ament_cmake_args': None, 'build_base': '/home/dtc-mrsd/Downloads/ros2_ghadron_gimbal/build/gimbal_status', 'catkin_cmake_args': None, 'catkin_skip_building_tests': False, 'cmake_args': ['-DGHADRON=1'], 'cmake_clean_cache': False, 'cmake_clean_first': False, 'cmake_force_configure': False, 'cmake_target': None, 'cmake_target_skip_unavailable': False, 'install_base': '/home/dtc-mrsd/Downloads/ros2_ghadron_gimbal/install/gimbal_status', 'merge_install': False, 'path': '/home/dtc-mrsd/Downloads/ros2_ghadron_gimbal/src/gimbal_status', 'symlink_install': False, 'test_result_base': None}
[0.416s] Level 5:colcon.colcon_core.verb:set package 'human_tracking' build argument 'cmake_args' from command line to '['-DGHADRON=1']'
[0.416s] Level 5:colcon.colcon_core.verb:set package 'human_tracking' build argument 'cmake_target' from command line to 'None'
[0.416s] Level 5:colcon.colcon_core.verb:set package 'human_tracking' build argument 'cmake_target_skip_unavailable' from command line to 'False'
[0.416s] Level 5:colcon.colcon_core.verb:set package 'human_tracking' build argument 'cmake_clean_cache' from command line to 'False'
[0.416s] Level 5:colcon.colcon_core.verb:set package 'human_tracking' build argument 'cmake_clean_first' from command line to 'False'
[0.416s] Level 5:colcon.colcon_core.verb:set package 'human_tracking' build argument 'cmake_force_configure' from command line to 'False'
[0.416s] Level 5:colcon.colcon_core.verb:set package 'human_tracking' build argument 'ament_cmake_args' from command line to 'None'
[0.416s] Level 5:colcon.colcon_core.verb:set package 'human_tracking' build argument 'catkin_cmake_args' from command line to 'None'
[0.416s] Level 5:colcon.colcon_core.verb:set package 'human_tracking' build argument 'catkin_skip_building_tests' from command line to 'False'
[0.416s] DEBUG:colcon.colcon_core.verb:Building package 'human_tracking' with the following arguments: {'ament_cmake_args': None, 'build_base': '/home/dtc-mrsd/Downloads/ros2_ghadron_gimbal/build/human_tracking', 'catkin_cmake_args': None, 'catkin_skip_building_tests': False, 'cmake_args': ['-DGHADRON=1'], 'cmake_clean_cache': False, 'cmake_clean_first': False, 'cmake_force_configure': False, 'cmake_target': None, 'cmake_target_skip_unavailable': False, 'install_base': '/home/dtc-mrsd/Downloads/ros2_ghadron_gimbal/install/human_tracking', 'merge_install': False, 'path': '/home/dtc-mrsd/Downloads/ros2_ghadron_gimbal/src/human_tracking', 'symlink_install': False, 'test_result_base': None}
[0.416s] Level 5:colcon.colcon_core.verb:set package 'image_viewer' build argument 'cmake_args' from command line to '['-DGHADRON=1']'
[0.416s] Level 5:colcon.colcon_core.verb:set package 'image_viewer' build argument 'cmake_target' from command line to 'None'
[0.416s] Level 5:colcon.colcon_core.verb:set package 'image_viewer' build argument 'cmake_target_skip_unavailable' from command line to 'False'
[0.416s] Level 5:colcon.colcon_core.verb:set package 'image_viewer' build argument 'cmake_clean_cache' from command line to 'False'
[0.416s] Level 5:colcon.colcon_core.verb:set package 'image_viewer' build argument 'cmake_clean_first' from command line to 'False'
[0.416s] Level 5:colcon.colcon_core.verb:set package 'image_viewer' build argument 'cmake_force_configure' from command line to 'False'
[0.416s] Level 5:colcon.colcon_core.verb:set package 'image_viewer' build argument 'ament_cmake_args' from command line to 'None'
[0.416s] Level 5:colcon.colcon_core.verb:set package 'image_viewer' build argument 'catkin_cmake_args' from command line to 'None'
[0.416s] Level 5:colcon.colcon_core.verb:set package 'image_viewer' build argument 'catkin_skip_building_tests' from command line to 'False'
[0.416s] DEBUG:colcon.colcon_core.verb:Building package 'image_viewer' with the following arguments: {'ament_cmake_args': None, 'build_base': '/home/dtc-mrsd/Downloads/ros2_ghadron_gimbal/build/image_viewer', 'catkin_cmake_args': None, 'catkin_skip_building_tests': False, 'cmake_args': ['-DGHADRON=1'], 'cmake_clean_cache': False, 'cmake_clean_first': False, 'cmake_force_configure': False, 'cmake_target': None, 'cmake_target_skip_unavailable': False, 'install_base': '/home/dtc-mrsd/Downloads/ros2_ghadron_gimbal/install/image_viewer', 'merge_install': False, 'path': '/home/dtc-mrsd/Downloads/ros2_ghadron_gimbal/src/image_viewer', 'symlink_install': False, 'test_result_base': None}
[0.417s] Level 5:colcon.colcon_core.verb:set package 'stream_publisher' build argument 'cmake_args' from command line to '['-DGHADRON=1']'
[0.417s] Level 5:colcon.colcon_core.verb:set package 'stream_publisher' build argument 'cmake_target' from command line to 'None'
[0.417s] Level 5:colcon.colcon_core.verb:set package 'stream_publisher' build argument 'cmake_target_skip_unavailable' from command line to 'False'
[0.417s] Level 5:colcon.colcon_core.verb:set package 'stream_publisher' build argument 'cmake_clean_cache' from command line to 'False'
[0.417s] Level 5:colcon.colcon_core.verb:set package 'stream_publisher' build argument 'cmake_clean_first' from command line to 'False'
[0.417s] Level 5:colcon.colcon_core.verb:set package 'stream_publisher' build argument 'cmake_force_configure' from command line to 'False'
[0.417s] Level 5:colcon.colcon_core.verb:set package 'stream_publisher' build argument 'ament_cmake_args' from command line to 'None'
[0.417s] Level 5:colcon.colcon_core.verb:set package 'stream_publisher' build argument 'catkin_cmake_args' from command line to 'None'
[0.417s] Level 5:colcon.colcon_core.verb:set package 'stream_publisher' build argument 'catkin_skip_building_tests' from command line to 'False'
[0.417s] DEBUG:colcon.colcon_core.verb:Building package 'stream_publisher' with the following arguments: {'ament_cmake_args': None, 'build_base': '/home/dtc-mrsd/Downloads/ros2_ghadron_gimbal/build/stream_publisher', 'catkin_cmake_args': None, 'catkin_skip_building_tests': False, 'cmake_args': ['-DGHADRON=1'], 'cmake_clean_cache': False, 'cmake_clean_first': False, 'cmake_force_configure': False, 'cmake_target': None, 'cmake_target_skip_unavailable': False, 'install_base': '/home/dtc-mrsd/Downloads/ros2_ghadron_gimbal/install/stream_publisher', 'merge_install': False, 'path': '/home/dtc-mrsd/Downloads/ros2_ghadron_gimbal/src/stream_publisher', 'symlink_install': False, 'test_result_base': None}
[0.417s] Level 5:colcon.colcon_core.verb:set package 'yolo_detection' build argument 'cmake_args' from command line to '['-DGHADRON=1']'
[0.417s] Level 5:colcon.colcon_core.verb:set package 'yolo_detection' build argument 'cmake_target' from command line to 'None'
[0.417s] Level 5:colcon.colcon_core.verb:set package 'yolo_detection' build argument 'cmake_target_skip_unavailable' from command line to 'False'
[0.417s] Level 5:colcon.colcon_core.verb:set package 'yolo_detection' build argument 'cmake_clean_cache' from command line to 'False'
[0.417s] Level 5:colcon.colcon_core.verb:set package 'yolo_detection' build argument 'cmake_clean_first' from command line to 'False'
[0.417s] Level 5:colcon.colcon_core.verb:set package 'yolo_detection' build argument 'cmake_force_configure' from command line to 'False'
[0.418s] Level 5:colcon.colcon_core.verb:set package 'yolo_detection' build argument 'ament_cmake_args' from command line to 'None'
[0.418s] Level 5:colcon.colcon_core.verb:set package 'yolo_detection' build argument 'catkin_cmake_args' from command line to 'None'
[0.418s] Level 5:colcon.colcon_core.verb:set package 'yolo_detection' build argument 'catkin_skip_building_tests' from command line to 'False'
[0.418s] DEBUG:colcon.colcon_core.verb:Building package 'yolo_detection' with the following arguments: {'ament_cmake_args': None, 'build_base': '/home/dtc-mrsd/Downloads/ros2_ghadron_gimbal/build/yolo_detection', 'catkin_cmake_args': None, 'catkin_skip_building_tests': False, 'cmake_args': ['-DGHADRON=1'], 'cmake_clean_cache': False, 'cmake_clean_first': False, 'cmake_force_configure': False, 'cmake_target': None, 'cmake_target_skip_unavailable': False, 'install_base': '/home/dtc-mrsd/Downloads/ros2_ghadron_gimbal/install/yolo_detection', 'merge_install': False, 'path': '/home/dtc-mrsd/Downloads/ros2_ghadron_gimbal/src/yolo_detection', 'symlink_install': False, 'test_result_base': None}
[0.418s] Level 5:colcon.colcon_core.verb:set package 'gimbal_bringup' build argument 'cmake_args' from command line to '['-DGHADRON=1']'
[0.418s] Level 5:colcon.colcon_core.verb:set package 'gimbal_bringup' build argument 'cmake_target' from command line to 'None'
[0.418s] Level 5:colcon.colcon_core.verb:set package 'gimbal_bringup' build argument 'cmake_target_skip_unavailable' from command line to 'False'
[0.418s] Level 5:colcon.colcon_core.verb:set package 'gimbal_bringup' build argument 'cmake_clean_cache' from command line to 'False'
[0.418s] Level 5:colcon.colcon_core.verb:set package 'gimbal_bringup' build argument 'cmake_clean_first' from command line to 'False'
[0.418s] Level 5:colcon.colcon_core.verb:set package 'gimbal_bringup' build argument 'cmake_force_configure' from command line to 'False'
[0.418s] Level 5:colcon.colcon_core.verb:set package 'gimbal_bringup' build argument 'ament_cmake_args' from command line to 'None'
[0.418s] Level 5:colcon.colcon_core.verb:set package 'gimbal_bringup' build argument 'catkin_cmake_args' from command line to 'None'
[0.418s] Level 5:colcon.colcon_core.verb:set package 'gimbal_bringup' build argument 'catkin_skip_building_tests' from command line to 'False'
[0.418s] DEBUG:colcon.colcon_core.verb:Building package 'gimbal_bringup' with the following arguments: {'ament_cmake_args': None, 'build_base': '/home/dtc-mrsd/Downloads/ros2_ghadron_gimbal/build/gimbal_bringup', 'catkin_cmake_args': None, 'catkin_skip_building_tests': False, 'cmake_args': ['-DGHADRON=1'], 'cmake_clean_cache': False, 'cmake_clean_first': False, 'cmake_force_configure': False, 'cmake_target': None, 'cmake_target_skip_unavailable': False, 'install_base': '/home/dtc-mrsd/Downloads/ros2_ghadron_gimbal/install/gimbal_bringup', 'merge_install': False, 'path': '/home/dtc-mrsd/Downloads/ros2_ghadron_gimbal/src/gimbal_bringup', 'symlink_install': False, 'test_result_base': None}
[0.418s] INFO:colcon.colcon_core.executor:Executing jobs using 'parallel' executor
[0.419s] DEBUG:colcon.colcon_parallel_executor.executor.parallel:run_until_complete
[0.419s] INFO:colcon.colcon_ros.task.ament_cmake.build:Building ROS package in '/home/dtc-mrsd/Downloads/ros2_ghadron_gimbal/src/gimbal_angle_control' with build type 'ament_cmake'
[0.419s] INFO:colcon.colcon_cmake.task.cmake.build:Building CMake package in '/home/dtc-mrsd/Downloads/ros2_ghadron_gimbal/src/gimbal_angle_control'
[0.422s] INFO:colcon.colcon_core.plugin_system:Skipping extension 'colcon_core.shell.bat': Not used on non-Windows systems
[0.422s] INFO:colcon.colcon_core.shell:Skip shell extension 'powershell' for command environment: Not usable outside of PowerShell
[0.422s] DEBUG:colcon.colcon_core.shell:Skip shell extension 'dsv' for command environment
[0.425s] INFO:colcon.colcon_ros.task.ament_cmake.build:Building ROS package in '/home/dtc-mrsd/Downloads/ros2_ghadron_gimbal/src/gimbal_status' with build type 'ament_cmake'
[0.426s] INFO:colcon.colcon_cmake.task.cmake.build:Building CMake package in '/home/dtc-mrsd/Downloads/ros2_ghadron_gimbal/src/gimbal_status'
[0.426s] INFO:colcon.colcon_core.shell:Skip shell extension 'powershell' for command environment: Not usable outside of PowerShell
[0.426s] DEBUG:colcon.colcon_core.shell:Skip shell extension 'dsv' for command environment
[0.429s] INFO:colcon.colcon_ros.task.ament_python.build:Building ROS package in '/home/dtc-mrsd/Downloads/ros2_ghadron_gimbal/src/human_tracking' with build type 'ament_python'
[0.430s] Level 1:colcon.colcon_core.shell:create_environment_hook('human_tracking', 'ament_prefix_path')
[0.430s] INFO:colcon.colcon_core.shell:Creating environment hook '/home/dtc-mrsd/Downloads/ros2_ghadron_gimbal/install/human_tracking/share/human_tracking/hook/ament_prefix_path.ps1'
[0.430s] INFO:colcon.colcon_core.shell:Creating environment descriptor '/home/dtc-mrsd/Downloads/ros2_ghadron_gimbal/install/human_tracking/share/human_tracking/hook/ament_prefix_path.dsv'
[0.431s] INFO:colcon.colcon_core.shell:Creating environment hook '/home/dtc-mrsd/Downloads/ros2_ghadron_gimbal/install/human_tracking/share/human_tracking/hook/ament_prefix_path.sh'
[0.432s] INFO:colcon.colcon_core.shell:Skip shell extension 'powershell' for command environment: Not usable outside of PowerShell
[0.432s] DEBUG:colcon.colcon_core.shell:Skip shell extension 'dsv' for command environment
[0.436s] INFO:colcon.colcon_ros.task.ament_python.build:Building ROS package in '/home/dtc-mrsd/Downloads/ros2_ghadron_gimbal/src/yolo_detection' with build type 'ament_python'
[0.436s] Level 1:colcon.colcon_core.shell:create_environment_hook('yolo_detection', 'ament_prefix_path')
[0.437s] INFO:colcon.colcon_core.shell:Creating environment hook '/home/dtc-mrsd/Downloads/ros2_ghadron_gimbal/install/yolo_detection/share/yolo_detection/hook/ament_prefix_path.ps1'
[0.437s] INFO:colcon.colcon_core.shell:Creating environment descriptor '/home/dtc-mrsd/Downloads/ros2_ghadron_gimbal/install/yolo_detection/share/yolo_detection/hook/ament_prefix_path.dsv'
[0.438s] INFO:colcon.colcon_core.shell:Creating environment hook '/home/dtc-mrsd/Downloads/ros2_ghadron_gimbal/install/yolo_detection/share/yolo_detection/hook/ament_prefix_path.sh'
[0.438s] INFO:colcon.colcon_core.shell:Skip shell extension 'powershell' for command environment: Not usable outside of PowerShell
[0.438s] DEBUG:colcon.colcon_core.shell:Skip shell extension 'dsv' for command environment
[0.442s] INFO:colcon.colcon_ros.task.ament_python.build:Building ROS package in '/home/dtc-mrsd/Downloads/ros2_ghadron_gimbal/src/image_viewer' with build type 'ament_python'
[0.442s] Level 1:colcon.colcon_core.shell:create_environment_hook('image_viewer', 'ament_prefix_path')
[0.443s] INFO:colcon.colcon_core.shell:Creating environment hook '/home/dtc-mrsd/Downloads/ros2_ghadron_gimbal/install/image_viewer/share/image_viewer/hook/ament_prefix_path.ps1'
[0.443s] INFO:colcon.colcon_core.shell:Creating environment descriptor '/home/dtc-mrsd/Downloads/ros2_ghadron_gimbal/install/image_viewer/share/image_viewer/hook/ament_prefix_path.dsv'
[0.444s] INFO:colcon.colcon_core.shell:Creating environment hook '/home/dtc-mrsd/Downloads/ros2_ghadron_gimbal/install/image_viewer/share/image_viewer/hook/ament_prefix_path.sh'
[0.444s] INFO:colcon.colcon_core.shell:Skip shell extension 'powershell' for command environment: Not usable outside of PowerShell
[0.444s] DEBUG:colcon.colcon_core.shell:Skip shell extension 'dsv' for command environment
[0.448s] INFO:colcon.colcon_ros.task.ament_python.build:Building ROS package in '/home/dtc-mrsd/Downloads/ros2_ghadron_gimbal/src/stream_publisher' with build type 'ament_python'
[0.448s] Level 1:colcon.colcon_core.shell:create_environment_hook('stream_publisher', 'ament_prefix_path')
[0.449s] INFO:colcon.colcon_core.shell:Creating environment hook '/home/dtc-mrsd/Downloads/ros2_ghadron_gimbal/install/stream_publisher/share/stream_publisher/hook/ament_prefix_path.ps1'
[0.449s] INFO:colcon.colcon_core.shell:Creating environment descriptor '/home/dtc-mrsd/Downloads/ros2_ghadron_gimbal/install/stream_publisher/share/stream_publisher/hook/ament_prefix_path.dsv'
[0.450s] INFO:colcon.colcon_core.shell:Creating environment hook '/home/dtc-mrsd/Downloads/ros2_ghadron_gimbal/install/stream_publisher/share/stream_publisher/hook/ament_prefix_path.sh'
[0.451s] INFO:colcon.colcon_core.shell:Skip shell extension 'powershell' for command environment: Not usable outside of PowerShell
[0.451s] DEBUG:colcon.colcon_core.shell:Skip shell extension 'dsv' for command environment
[0.462s] DEBUG:colcon.colcon_core.event_handler.log_command:Invoking command in '/home/dtc-mrsd/Downloads/ros2_ghadron_gimbal/build/gimbal_angle_control': CMAKE_PREFIX_PATH=${CMAKE_PREFIX_PATH}:/home/dtc-mrsd/Downloads/ros2_ghadron_gimbal/install/gimbal_bringup:/home/dtc-mrsd/Downloads/ros2_ghadron_gimbal/install/yolo_detection:/home/dtc-mrsd/Downloads/ros2_ghadron_gimbal/install/stream_publisher:/home/dtc-mrsd/Downloads/ros2_ghadron_gimbal/install/rtsp_viewer:/home/dtc-mrsd/Downloads/ros2_ghadron_gimbal/install/image_viewer:/home/dtc-mrsd/Downloads/ros2_ghadron_gimbal/install/human_tracking:/opt/ros/humble /usr/bin/cmake --build /home/dtc-mrsd/Downloads/ros2_ghadron_gimbal/build/gimbal_angle_control -- -j12 -l12
[0.466s] DEBUG:colcon.colcon_core.event_handler.log_command:Invoking command in '/home/dtc-mrsd/Downloads/ros2_ghadron_gimbal/build/gimbal_status': CMAKE_PREFIX_PATH=${CMAKE_PREFIX_PATH}:/home/dtc-mrsd/Downloads/ros2_ghadron_gimbal/install/gimbal_bringup:/home/dtc-mrsd/Downloads/ros2_ghadron_gimbal/install/yolo_detection:/home/dtc-mrsd/Downloads/ros2_ghadron_gimbal/install/stream_publisher:/home/dtc-mrsd/Downloads/ros2_ghadron_gimbal/install/rtsp_viewer:/home/dtc-mrsd/Downloads/ros2_ghadron_gimbal/install/image_viewer:/home/dtc-mrsd/Downloads/ros2_ghadron_gimbal/install/human_tracking:/opt/ros/humble /usr/bin/cmake --build /home/dtc-mrsd/Downloads/ros2_ghadron_gimbal/build/gimbal_status -- -j12 -l12
[0.754s] INFO:colcon.colcon_core.task.python.build:Building Python package in '/home/dtc-mrsd/Downloads/ros2_ghadron_gimbal/src/human_tracking'
[0.755s] INFO:colcon.colcon_core.shell:Skip shell extension 'powershell' for command environment: Not usable outside of PowerShell
[0.755s] DEBUG:colcon.colcon_core.shell:Skip shell extension 'dsv' for command environment
[1.040s] INFO:colcon.colcon_core.task.python.build:Building Python package in '/home/dtc-mrsd/Downloads/ros2_ghadron_gimbal/src/yolo_detection'
[1.040s] INFO:colcon.colcon_core.shell:Skip shell extension 'powershell' for command environment: Not usable outside of PowerShell
[1.040s] DEBUG:colcon.colcon_core.shell:Skip shell extension 'dsv' for command environment
[1.320s] INFO:colcon.colcon_core.task.python.build:Building Python package in '/home/dtc-mrsd/Downloads/ros2_ghadron_gimbal/src/image_viewer'
[1.320s] INFO:colcon.colcon_core.shell:Skip shell extension 'powershell' for command environment: Not usable outside of PowerShell
[1.321s] DEBUG:colcon.colcon_core.shell:Skip shell extension 'dsv' for command environment
[1.611s] INFO:colcon.colcon_core.task.python.build:Building Python package in '/home/dtc-mrsd/Downloads/ros2_ghadron_gimbal/src/stream_publisher'
[1.612s] INFO:colcon.colcon_core.shell:Skip shell extension 'powershell' for command environment: Not usable outside of PowerShell
[1.612s] DEBUG:colcon.colcon_core.shell:Skip shell extension 'dsv' for command environment
[1.622s] DEBUG:colcon.colcon_core.event_handler.log_command:Invoked command in '/home/dtc-mrsd/Downloads/ros2_ghadron_gimbal/build/gimbal_status' returned '0': CMAKE_PREFIX_PATH=${CMAKE_PREFIX_PATH}:/home/dtc-mrsd/Downloads/ros2_ghadron_gimbal/install/gimbal_bringup:/home/dtc-mrsd/Downloads/ros2_ghadron_gimbal/install/yolo_detection:/home/dtc-mrsd/Downloads/ros2_ghadron_gimbal/install/stream_publisher:/home/dtc-mrsd/Downloads/ros2_ghadron_gimbal/install/rtsp_viewer:/home/dtc-mrsd/Downloads/ros2_ghadron_gimbal/install/image_viewer:/home/dtc-mrsd/Downloads/ros2_ghadron_gimbal/install/human_tracking:/opt/ros/humble /usr/bin/cmake --build /home/dtc-mrsd/Downloads/ros2_ghadron_gimbal/build/gimbal_status -- -j12 -l12
[1.632s] DEBUG:colcon.colcon_core.event_handler.log_command:Invoking command in '/home/dtc-mrsd/Downloads/ros2_ghadron_gimbal/build/gimbal_status': CMAKE_PREFIX_PATH=${CMAKE_PREFIX_PATH}:/home/dtc-mrsd/Downloads/ros2_ghadron_gimbal/install/gimbal_bringup:/home/dtc-mrsd/Downloads/ros2_ghadron_gimbal/install/yolo_detection:/home/dtc-mrsd/Downloads/ros2_ghadron_gimbal/install/stream_publisher:/home/dtc-mrsd/Downloads/ros2_ghadron_gimbal/install/rtsp_viewer:/home/dtc-mrsd/Downloads/ros2_ghadron_gimbal/install/image_viewer:/home/dtc-mrsd/Downloads/ros2_ghadron_gimbal/install/human_tracking:/opt/ros/humble /usr/bin/cmake --install /home/dtc-mrsd/Downloads/ros2_ghadron_gimbal/build/gimbal_status
[1.633s] DEBUG:colcon.colcon_core.event_handler.log_command:Invoked command in '/home/dtc-mrsd/Downloads/ros2_ghadron_gimbal/build/gimbal_angle_control' returned '0': CMAKE_PREFIX_PATH=${CMAKE_PREFIX_PATH}:/home/dtc-mrsd/Downloads/ros2_ghadron_gimbal/install/gimbal_bringup:/home/dtc-mrsd/Downloads/ros2_ghadron_gimbal/install/yolo_detection:/home/dtc-mrsd/Downloads/ros2_ghadron_gimbal/install/stream_publisher:/home/dtc-mrsd/Downloads/ros2_ghadron_gimbal/install/rtsp_viewer:/home/dtc-mrsd/Downloads/ros2_ghadron_gimbal/install/image_viewer:/home/dtc-mrsd/Downloads/ros2_ghadron_gimbal/install/human_tracking:/opt/ros/humble /usr/bin/cmake --build /home/dtc-mrsd/Downloads/ros2_ghadron_gimbal/build/gimbal_angle_control -- -j12 -l12
[1.634s] DEBUG:colcon.colcon_core.event_handler.log_command:Invoking command in '/home/dtc-mrsd/Downloads/ros2_ghadron_gimbal/build/gimbal_angle_control': CMAKE_PREFIX_PATH=${CMAKE_PREFIX_PATH}:/home/dtc-mrsd/Downloads/ros2_ghadron_gimbal/install/gimbal_bringup:/home/dtc-mrsd/Downloads/ros2_ghadron_gimbal/install/yolo_detection:/home/dtc-mrsd/Downloads/ros2_ghadron_gimbal/install/stream_publisher:/home/dtc-mrsd/Downloads/ros2_ghadron_gimbal/install/rtsp_viewer:/home/dtc-mrsd/Downloads/ros2_ghadron_gimbal/install/image_viewer:/home/dtc-mrsd/Downloads/ros2_ghadron_gimbal/install/human_tracking:/opt/ros/humble /usr/bin/cmake --install /home/dtc-mrsd/Downloads/ros2_ghadron_gimbal/build/gimbal_angle_control
[1.646s] Level 1:colcon.colcon_core.environment:create_environment_scripts_only(gimbal_angle_control)
[1.648s] DEBUG:colcon.colcon_core.event_handler.log_command:Invoked command in '/home/dtc-mrsd/Downloads/ros2_ghadron_gimbal/build/gimbal_angle_control' returned '0': CMAKE_PREFIX_PATH=${CMAKE_PREFIX_PATH}:/home/dtc-mrsd/Downloads/ros2_ghadron_gimbal/install/gimbal_bringup:/home/dtc-mrsd/Downloads/ros2_ghadron_gimbal/install/yolo_detection:/home/dtc-mrsd/Downloads/ros2_ghadron_gimbal/install/stream_publisher:/home/dtc-mrsd/Downloads/ros2_ghadron_gimbal/install/rtsp_viewer:/home/dtc-mrsd/Downloads/ros2_ghadron_gimbal/install/image_viewer:/home/dtc-mrsd/Downloads/ros2_ghadron_gimbal/install/human_tracking:/opt/ros/humble /usr/bin/cmake --install /home/dtc-mrsd/Downloads/ros2_ghadron_gimbal/build/gimbal_angle_control
[1.651s] Level 1:colcon.colcon_core.environment:checking '/home/dtc-mrsd/Downloads/ros2_ghadron_gimbal/install/gimbal_angle_control' for CMake module files
[1.652s] Level 1:colcon.colcon_core.environment:checking '/home/dtc-mrsd/Downloads/ros2_ghadron_gimbal/install/gimbal_angle_control' for CMake config files
[1.652s] Level 1:colcon.colcon_core.shell:create_environment_hook('gimbal_angle_control', 'cmake_prefix_path')
[1.652s] INFO:colcon.colcon_core.shell:Creating environment hook '/home/dtc-mrsd/Downloads/ros2_ghadron_gimbal/install/gimbal_angle_control/share/gimbal_angle_control/hook/cmake_prefix_path.ps1'
[1.653s] INFO:colcon.colcon_core.shell:Creating environment descriptor '/home/dtc-mrsd/Downloads/ros2_ghadron_gimbal/install/gimbal_angle_control/share/gimbal_angle_control/hook/cmake_prefix_path.dsv'
[1.654s] INFO:colcon.colcon_core.shell:Creating environment hook '/home/dtc-mrsd/Downloads/ros2_ghadron_gimbal/install/gimbal_angle_control/share/gimbal_angle_control/hook/cmake_prefix_path.sh'
[1.655s] Level 1:colcon.colcon_core.environment:checking '/home/dtc-mrsd/Downloads/ros2_ghadron_gimbal/install/gimbal_angle_control/lib'
[1.655s] Level 1:colcon.colcon_core.environment:checking '/home/dtc-mrsd/Downloads/ros2_ghadron_gimbal/install/gimbal_angle_control/bin'
[1.655s] Level 1:colcon.colcon_core.environment:checking '/home/dtc-mrsd/Downloads/ros2_ghadron_gimbal/install/gimbal_angle_control/lib/pkgconfig/gimbal_angle_control.pc'
[1.656s] Level 1:colcon.colcon_core.environment:checking '/home/dtc-mrsd/Downloads/ros2_ghadron_gimbal/install/gimbal_angle_control/lib/python3.10/site-packages'
[1.656s] Level 1:colcon.colcon_core.environment:checking '/home/dtc-mrsd/Downloads/ros2_ghadron_gimbal/install/gimbal_angle_control/bin'
[1.656s] INFO:colcon.colcon_core.shell:Creating package script '/home/dtc-mrsd/Downloads/ros2_ghadron_gimbal/install/gimbal_angle_control/share/gimbal_angle_control/package.ps1'
[1.658s] INFO:colcon.colcon_core.shell:Creating package descriptor '/home/dtc-mrsd/Downloads/ros2_ghadron_gimbal/install/gimbal_angle_control/share/gimbal_angle_control/package.dsv'
[1.658s] INFO:colcon.colcon_core.shell:Creating package script '/home/dtc-mrsd/Downloads/ros2_ghadron_gimbal/install/gimbal_angle_control/share/gimbal_angle_control/package.sh'
[1.659s] INFO:colcon.colcon_core.shell:Creating package script '/home/dtc-mrsd/Downloads/ros2_ghadron_gimbal/install/gimbal_angle_control/share/gimbal_angle_control/package.bash'
[1.661s] INFO:colcon.colcon_core.shell:Creating package script '/home/dtc-mrsd/Downloads/ros2_ghadron_gimbal/install/gimbal_angle_control/share/gimbal_angle_control/package.zsh'
[1.662s] Level 1:colcon.colcon_core.environment:create_file_with_runtime_dependencies(/home/dtc-mrsd/Downloads/ros2_ghadron_gimbal/install/gimbal_angle_control/share/colcon-core/packages/gimbal_angle_control)
[1.662s] Level 1:colcon.colcon_core.environment:create_environment_scripts_only(gimbal_angle_control)
[1.663s] Level 1:colcon.colcon_core.environment:checking '/home/dtc-mrsd/Downloads/ros2_ghadron_gimbal/install/gimbal_angle_control' for CMake module files
[1.664s] Level 1:colcon.colcon_core.environment:checking '/home/dtc-mrsd/Downloads/ros2_ghadron_gimbal/install/gimbal_angle_control' for CMake config files
[1.664s] Level 1:colcon.colcon_core.shell:create_environment_hook('gimbal_angle_control', 'cmake_prefix_path')
[1.664s] INFO:colcon.colcon_core.shell:Creating environment hook '/home/dtc-mrsd/Downloads/ros2_ghadron_gimbal/install/gimbal_angle_control/share/gimbal_angle_control/hook/cmake_prefix_path.ps1'
[1.665s] INFO:colcon.colcon_core.shell:Creating environment descriptor '/home/dtc-mrsd/Downloads/ros2_ghadron_gimbal/install/gimbal_angle_control/share/gimbal_angle_control/hook/cmake_prefix_path.dsv'
[1.665s] INFO:colcon.colcon_core.shell:Creating environment hook '/home/dtc-mrsd/Downloads/ros2_ghadron_gimbal/install/gimbal_angle_control/share/gimbal_angle_control/hook/cmake_prefix_path.sh'
[1.666s] Level 1:colcon.colcon_core.environment:checking '/home/dtc-mrsd/Downloads/ros2_ghadron_gimbal/install/gimbal_angle_control/lib'
[1.666s] Level 1:colcon.colcon_core.environment:checking '/home/dtc-mrsd/Downloads/ros2_ghadron_gimbal/install/gimbal_angle_control/bin'
[1.666s] Level 1:colcon.colcon_core.environment:checking '/home/dtc-mrsd/Downloads/ros2_ghadron_gimbal/install/gimbal_angle_control/lib/pkgconfig/gimbal_angle_control.pc'
[1.666s] Level 1:colcon.colcon_core.environment:checking '/home/dtc-mrsd/Downloads/ros2_ghadron_gimbal/install/gimbal_angle_control/lib/python3.10/site-packages'
[1.667s] Level 1:colcon.colcon_core.environment:checking '/home/dtc-mrsd/Downloads/ros2_ghadron_gimbal/install/gimbal_angle_control/bin'
[1.667s] INFO:colcon.colcon_core.shell:Creating package script '/home/dtc-mrsd/Downloads/ros2_ghadron_gimbal/install/gimbal_angle_control/share/gimbal_angle_control/package.ps1'
[1.668s] INFO:colcon.colcon_core.shell:Creating package descriptor '/home/dtc-mrsd/Downloads/ros2_ghadron_gimbal/install/gimbal_angle_control/share/gimbal_angle_control/package.dsv'
[1.669s] INFO:colcon.colcon_core.shell:Creating package script '/home/dtc-mrsd/Downloads/ros2_ghadron_gimbal/install/gimbal_angle_control/share/gimbal_angle_control/package.sh'
[1.669s] INFO:colcon.colcon_core.shell:Creating package script '/home/dtc-mrsd/Downloads/ros2_ghadron_gimbal/install/gimbal_angle_control/share/gimbal_angle_control/package.bash'
[1.670s] INFO:colcon.colcon_core.shell:Creating package script '/home/dtc-mrsd/Downloads/ros2_ghadron_gimbal/install/gimbal_angle_control/share/gimbal_angle_control/package.zsh'
[1.670s] Level 1:colcon.colcon_core.environment:create_file_with_runtime_dependencies(/home/dtc-mrsd/Downloads/ros2_ghadron_gimbal/install/gimbal_angle_control/share/colcon-core/packages/gimbal_angle_control)
[1.671s] Level 1:colcon.colcon_core.environment:create_environment_scripts_only(gimbal_status)
[1.672s] Level 1:colcon.colcon_core.environment:checking '/home/dtc-mrsd/Downloads/ros2_ghadron_gimbal/install/gimbal_status' for CMake module files
[1.672s] DEBUG:colcon.colcon_core.event_handler.log_command:Invoked command in '/home/dtc-mrsd/Downloads/ros2_ghadron_gimbal/build/gimbal_status' returned '0': CMAKE_PREFIX_PATH=${CMAKE_PREFIX_PATH}:/home/dtc-mrsd/Downloads/ros2_ghadron_gimbal/install/gimbal_bringup:/home/dtc-mrsd/Downloads/ros2_ghadron_gimbal/install/yolo_detection:/home/dtc-mrsd/Downloads/ros2_ghadron_gimbal/install/stream_publisher:/home/dtc-mrsd/Downloads/ros2_ghadron_gimbal/install/rtsp_viewer:/home/dtc-mrsd/Downloads/ros2_ghadron_gimbal/install/image_viewer:/home/dtc-mrsd/Downloads/ros2_ghadron_gimbal/install/human_tracking:/opt/ros/humble /usr/bin/cmake --install /home/dtc-mrsd/Downloads/ros2_ghadron_gimbal/build/gimbal_status
[1.673s] Level 1:colcon.colcon_core.environment:checking '/home/dtc-mrsd/Downloads/ros2_ghadron_gimbal/install/gimbal_status' for CMake config files
[1.673s] Level 1:colcon.colcon_core.shell:create_environment_hook('gimbal_status', 'cmake_prefix_path')
[1.673s] INFO:colcon.colcon_core.shell:Creating environment hook '/home/dtc-mrsd/Downloads/ros2_ghadron_gimbal/install/gimbal_status/share/gimbal_status/hook/cmake_prefix_path.ps1'
[1.673s] INFO:colcon.colcon_core.shell:Creating environment descriptor '/home/dtc-mrsd/Downloads/ros2_ghadron_gimbal/install/gimbal_status/share/gimbal_status/hook/cmake_prefix_path.dsv'
[1.674s] INFO:colcon.colcon_core.shell:Creating environment hook '/home/dtc-mrsd/Downloads/ros2_ghadron_gimbal/install/gimbal_status/share/gimbal_status/hook/cmake_prefix_path.sh'
[1.674s] Level 1:colcon.colcon_core.environment:checking '/home/dtc-mrsd/Downloads/ros2_ghadron_gimbal/install/gimbal_status/lib'
[1.674s] Level 1:colcon.colcon_core.environment:checking '/home/dtc-mrsd/Downloads/ros2_ghadron_gimbal/install/gimbal_status/bin'
[1.674s] Level 1:colcon.colcon_core.environment:checking '/home/dtc-mrsd/Downloads/ros2_ghadron_gimbal/install/gimbal_status/lib/pkgconfig/gimbal_status.pc'
[1.675s] Level 1:colcon.colcon_core.environment:checking '/home/dtc-mrsd/Downloads/ros2_ghadron_gimbal/install/gimbal_status/lib/python3.10/site-packages'
[1.675s] Level 1:colcon.colcon_core.environment:checking '/home/dtc-mrsd/Downloads/ros2_ghadron_gimbal/install/gimbal_status/bin'
[1.675s] INFO:colcon.colcon_core.shell:Creating package script '/home/dtc-mrsd/Downloads/ros2_ghadron_gimbal/install/gimbal_status/share/gimbal_status/package.ps1'
[1.676s] INFO:colcon.colcon_core.shell:Creating package descriptor '/home/dtc-mrsd/Downloads/ros2_ghadron_gimbal/install/gimbal_status/share/gimbal_status/package.dsv'
[1.676s] INFO:colcon.colcon_core.shell:Creating package script '/home/dtc-mrsd/Downloads/ros2_ghadron_gimbal/install/gimbal_status/share/gimbal_status/package.sh'
[1.676s] INFO:colcon.colcon_core.shell:Creating package script '/home/dtc-mrsd/Downloads/ros2_ghadron_gimbal/install/gimbal_status/share/gimbal_status/package.bash'
[1.677s] INFO:colcon.colcon_core.shell:Creating package script '/home/dtc-mrsd/Downloads/ros2_ghadron_gimbal/install/gimbal_status/share/gimbal_status/package.zsh'
[1.677s] Level 1:colcon.colcon_core.environment:create_file_with_runtime_dependencies(/home/dtc-mrsd/Downloads/ros2_ghadron_gimbal/install/gimbal_status/share/colcon-core/packages/gimbal_status)
[1.678s] Level 1:colcon.colcon_core.environment:create_environment_scripts_only(gimbal_status)
[1.678s] Level 1:colcon.colcon_core.environment:checking '/home/dtc-mrsd/Downloads/ros2_ghadron_gimbal/install/gimbal_status' for CMake module files
[1.678s] Level 1:colcon.colcon_core.environment:checking '/home/dtc-mrsd/Downloads/ros2_ghadron_gimbal/install/gimbal_status' for CMake config files
[1.679s] Level 1:colcon.colcon_core.shell:create_environment_hook('gimbal_status', 'cmake_prefix_path')
[1.679s] INFO:colcon.colcon_core.shell:Creating environment hook '/home/dtc-mrsd/Downloads/ros2_ghadron_gimbal/install/gimbal_status/share/gimbal_status/hook/cmake_prefix_path.ps1'
[1.679s] INFO:colcon.colcon_core.shell:Creating environment descriptor '/home/dtc-mrsd/Downloads/ros2_ghadron_gimbal/install/gimbal_status/share/gimbal_status/hook/cmake_prefix_path.dsv'
[1.679s] INFO:colcon.colcon_core.shell:Creating environment hook '/home/dtc-mrsd/Downloads/ros2_ghadron_gimbal/install/gimbal_status/share/gimbal_status/hook/cmake_prefix_path.sh'
[1.680s] Level 1:colcon.colcon_core.environment:checking '/home/dtc-mrsd/Downloads/ros2_ghadron_gimbal/install/gimbal_status/lib'
[1.680s] Level 1:colcon.colcon_core.environment:checking '/home/dtc-mrsd/Downloads/ros2_ghadron_gimbal/install/gimbal_status/bin'
[1.680s] Level 1:colcon.colcon_core.environment:checking '/home/dtc-mrsd/Downloads/ros2_ghadron_gimbal/install/gimbal_status/lib/pkgconfig/gimbal_status.pc'
[1.680s] Level 1:colcon.colcon_core.environment:checking '/home/dtc-mrsd/Downloads/ros2_ghadron_gimbal/install/gimbal_status/lib/python3.10/site-packages'
[1.681s] Level 1:colcon.colcon_core.environment:checking '/home/dtc-mrsd/Downloads/ros2_ghadron_gimbal/install/gimbal_status/bin'
[1.681s] INFO:colcon.colcon_core.shell:Creating package script '/home/dtc-mrsd/Downloads/ros2_ghadron_gimbal/install/gimbal_status/share/gimbal_status/package.ps1'
[1.682s] INFO:colcon.colcon_core.shell:Creating package descriptor '/home/dtc-mrsd/Downloads/ros2_ghadron_gimbal/install/gimbal_status/share/gimbal_status/package.dsv'
[1.682s] INFO:colcon.colcon_core.shell:Creating package script '/home/dtc-mrsd/Downloads/ros2_ghadron_gimbal/install/gimbal_status/share/gimbal_status/package.sh'
[1.682s] INFO:colcon.colcon_core.shell:Creating package script '/home/dtc-mrsd/Downloads/ros2_ghadron_gimbal/install/gimbal_status/share/gimbal_status/package.bash'
[1.683s] INFO:colcon.colcon_core.shell:Creating package script '/home/dtc-mrsd/Downloads/ros2_ghadron_gimbal/install/gimbal_status/share/gimbal_status/package.zsh'
[1.683s] Level 1:colcon.colcon_core.environment:create_file_with_runtime_dependencies(/home/dtc-mrsd/Downloads/ros2_ghadron_gimbal/install/gimbal_status/share/colcon-core/packages/gimbal_status)
[2.020s] DEBUG:colcon.colcon_core.event_handler.log_command:Invoking command in '/home/dtc-mrsd/Downloads/ros2_ghadron_gimbal/src/image_viewer': PYTHONPATH=/home/dtc-mrsd/Downloads/ros2_ghadron_gimbal/build/image_viewer/prefix_override:/usr/lib/python3/dist-packages/colcon_core/task/python/colcon_distutils_commands:/home/dtc-mrsd/Downloads/ros2_ghadron_gimbal/install/image_viewer/lib/python3.10/site-packages:${PYTHONPATH} /usr/bin/python3 -W ignore:setup.py install is deprecated -W ignore:easy_install command is deprecated setup.py egg_info --egg-base ../../build/image_viewer build --build-base /home/dtc-mrsd/Downloads/ros2_ghadron_gimbal/build/image_viewer/build install --record /home/dtc-mrsd/Downloads/ros2_ghadron_gimbal/build/image_viewer/install.log --single-version-externally-managed install_data
[2.029s] DEBUG:colcon.colcon_core.event_handler.log_command:Invoking command in '/home/dtc-mrsd/Downloads/ros2_ghadron_gimbal/src/human_tracking': PYTHONPATH=/home/dtc-mrsd/Downloads/ros2_ghadron_gimbal/build/human_tracking/prefix_override:/usr/lib/python3/dist-packages/colcon_core/task/python/colcon_distutils_commands:/home/dtc-mrsd/Downloads/ros2_ghadron_gimbal/install/human_tracking/lib/python3.10/site-packages:${PYTHONPATH} /usr/bin/python3 -W ignore:setup.py install is deprecated -W ignore:easy_install command is deprecated setup.py egg_info --egg-base ../../build/human_tracking build --build-base /home/dtc-mrsd/Downloads/ros2_ghadron_gimbal/build/human_tracking/build install --record /home/dtc-mrsd/Downloads/ros2_ghadron_gimbal/build/human_tracking/install.log --single-version-externally-managed install_data
[2.045s] DEBUG:colcon.colcon_core.event_handler.log_command:Invoking command in '/home/dtc-mrsd/Downloads/ros2_ghadron_gimbal/src/yolo_detection': PYTHONPATH=/home/dtc-mrsd/Downloads/ros2_ghadron_gimbal/build/yolo_detection/prefix_override:/usr/lib/python3/dist-packages/colcon_core/task/python/colcon_distutils_commands:/home/dtc-mrsd/Downloads/ros2_ghadron_gimbal/install/yolo_detection/lib/python3.10/site-packages:${PYTHONPATH} /usr/bin/python3 -W ignore:setup.py install is deprecated -W ignore:easy_install command is deprecated setup.py egg_info --egg-base ../../build/yolo_detection build --build-base /home/dtc-mrsd/Downloads/ros2_ghadron_gimbal/build/yolo_detection/build install --record /home/dtc-mrsd/Downloads/ros2_ghadron_gimbal/build/yolo_detection/install.log --single-version-externally-managed install_data
[2.076s] DEBUG:colcon.colcon_core.event_handler.log_command:Invoking command in '/home/dtc-mrsd/Downloads/ros2_ghadron_gimbal/src/stream_publisher': PYTHONPATH=/home/dtc-mrsd/Downloads/ros2_ghadron_gimbal/build/stream_publisher/prefix_override:/usr/lib/python3/dist-packages/colcon_core/task/python/colcon_distutils_commands:/home/dtc-mrsd/Downloads/ros2_ghadron_gimbal/install/stream_publisher/lib/python3.10/site-packages:${PYTHONPATH} /usr/bin/python3 -W ignore:setup.py install is deprecated -W ignore:easy_install command is deprecated setup.py egg_info --egg-base ../../build/stream_publisher build --build-base /home/dtc-mrsd/Downloads/ros2_ghadron_gimbal/build/stream_publisher/build install --record /home/dtc-mrsd/Downloads/ros2_ghadron_gimbal/build/stream_publisher/install.log --single-version-externally-managed install_data
[2.347s] Level 1:colcon.colcon_core.environment:checking '/home/dtc-mrsd/Downloads/ros2_ghadron_gimbal/install/image_viewer' for CMake module files
[2.348s] DEBUG:colcon.colcon_core.event_handler.log_command:Invoked command in '/home/dtc-mrsd/Downloads/ros2_ghadron_gimbal/src/image_viewer' returned '0': PYTHONPATH=/home/dtc-mrsd/Downloads/ros2_ghadron_gimbal/build/image_viewer/prefix_override:/usr/lib/python3/dist-packages/colcon_core/task/python/colcon_distutils_commands:/home/dtc-mrsd/Downloads/ros2_ghadron_gimbal/install/image_viewer/lib/python3.10/site-packages:${PYTHONPATH} /usr/bin/python3 -W ignore:setup.py install is deprecated -W ignore:easy_install command is deprecated setup.py egg_info --egg-base ../../build/image_viewer build --build-base /home/dtc-mrsd/Downloads/ros2_ghadron_gimbal/build/image_viewer/build install --record /home/dtc-mrsd/Downloads/ros2_ghadron_gimbal/build/image_viewer/install.log --single-version-externally-managed install_data
[2.348s] Level 1:colcon.colcon_core.environment:checking '/home/dtc-mrsd/Downloads/ros2_ghadron_gimbal/install/image_viewer' for CMake config files
[2.349s] Level 1:colcon.colcon_core.environment:checking '/home/dtc-mrsd/Downloads/ros2_ghadron_gimbal/install/image_viewer/lib'
[2.349s] Level 1:colcon.colcon_core.environment:checking '/home/dtc-mrsd/Downloads/ros2_ghadron_gimbal/install/image_viewer/bin'
[2.349s] Level 1:colcon.colcon_core.environment:checking '/home/dtc-mrsd/Downloads/ros2_ghadron_gimbal/install/image_viewer/lib/pkgconfig/image_viewer.pc'
[2.349s] Level 1:colcon.colcon_core.environment:checking '/home/dtc-mrsd/Downloads/ros2_ghadron_gimbal/install/image_viewer/lib/python3.10/site-packages'
[2.349s] Level 1:colcon.colcon_core.shell:create_environment_hook('image_viewer', 'pythonpath')
[2.350s] INFO:colcon.colcon_core.shell:Creating environment hook '/home/dtc-mrsd/Downloads/ros2_ghadron_gimbal/install/image_viewer/share/image_viewer/hook/pythonpath.ps1'
[2.350s] INFO:colcon.colcon_core.shell:Creating environment descriptor '/home/dtc-mrsd/Downloads/ros2_ghadron_gimbal/install/image_viewer/share/image_viewer/hook/pythonpath.dsv'
[2.351s] INFO:colcon.colcon_core.shell:Creating environment hook '/home/dtc-mrsd/Downloads/ros2_ghadron_gimbal/install/image_viewer/share/image_viewer/hook/pythonpath.sh'
[2.351s] Level 1:colcon.colcon_core.environment:checking '/home/dtc-mrsd/Downloads/ros2_ghadron_gimbal/install/image_viewer/bin'
[2.351s] Level 1:colcon.colcon_core.environment:create_environment_scripts_only(image_viewer)
[2.352s] INFO:colcon.colcon_core.shell:Creating package script '/home/dtc-mrsd/Downloads/ros2_ghadron_gimbal/install/image_viewer/share/image_viewer/package.ps1'
[2.352s] INFO:colcon.colcon_core.shell:Creating package descriptor '/home/dtc-mrsd/Downloads/ros2_ghadron_gimbal/install/image_viewer/share/image_viewer/package.dsv'
[2.353s] INFO:colcon.colcon_core.shell:Creating package script '/home/dtc-mrsd/Downloads/ros2_ghadron_gimbal/install/image_viewer/share/image_viewer/package.sh'
[2.353s] INFO:colcon.colcon_core.shell:Creating package script '/home/dtc-mrsd/Downloads/ros2_ghadron_gimbal/install/image_viewer/share/image_viewer/package.bash'
[2.354s] INFO:colcon.colcon_core.shell:Creating package script '/home/dtc-mrsd/Downloads/ros2_ghadron_gimbal/install/image_viewer/share/image_viewer/package.zsh'
[2.354s] Level 1:colcon.colcon_core.environment:create_file_with_runtime_dependencies(/home/dtc-mrsd/Downloads/ros2_ghadron_gimbal/install/image_viewer/share/colcon-core/packages/image_viewer)
[2.386s] Level 1:colcon.colcon_core.environment:checking '/home/dtc-mrsd/Downloads/ros2_ghadron_gimbal/install/human_tracking' for CMake module files
[2.387s] DEBUG:colcon.colcon_core.event_handler.log_command:Invoked command in '/home/dtc-mrsd/Downloads/ros2_ghadron_gimbal/src/human_tracking' returned '0': PYTHONPATH=/home/dtc-mrsd/Downloads/ros2_ghadron_gimbal/build/human_tracking/prefix_override:/usr/lib/python3/dist-packages/colcon_core/task/python/colcon_distutils_commands:/home/dtc-mrsd/Downloads/ros2_ghadron_gimbal/install/human_tracking/lib/python3.10/site-packages:${PYTHONPATH} /usr/bin/python3 -W ignore:setup.py install is deprecated -W ignore:easy_install command is deprecated setup.py egg_info --egg-base ../../build/human_tracking build --build-base /home/dtc-mrsd/Downloads/ros2_ghadron_gimbal/build/human_tracking/build install --record /home/dtc-mrsd/Downloads/ros2_ghadron_gimbal/build/human_tracking/install.log --single-version-externally-managed install_data
[2.387s] Level 1:colcon.colcon_core.environment:checking '/home/dtc-mrsd/Downloads/ros2_ghadron_gimbal/install/human_tracking' for CMake config files
[2.387s] Level 1:colcon.colcon_core.environment:checking '/home/dtc-mrsd/Downloads/ros2_ghadron_gimbal/install/human_tracking/lib'
[2.388s] Level 1:colcon.colcon_core.environment:checking '/home/dtc-mrsd/Downloads/ros2_ghadron_gimbal/install/human_tracking/bin'
[2.388s] Level 1:colcon.colcon_core.environment:checking '/home/dtc-mrsd/Downloads/ros2_ghadron_gimbal/install/human_tracking/lib/pkgconfig/human_tracking.pc'
[2.388s] Level 1:colcon.colcon_core.environment:checking '/home/dtc-mrsd/Downloads/ros2_ghadron_gimbal/install/human_tracking/lib/python3.10/site-packages'
[2.388s] Level 1:colcon.colcon_core.shell:create_environment_hook('human_tracking', 'pythonpath')
[2.388s] INFO:colcon.colcon_core.shell:Creating environment hook '/home/dtc-mrsd/Downloads/ros2_ghadron_gimbal/install/human_tracking/share/human_tracking/hook/pythonpath.ps1'
[2.389s] INFO:colcon.colcon_core.shell:Creating environment descriptor '/home/dtc-mrsd/Downloads/ros2_ghadron_gimbal/install/human_tracking/share/human_tracking/hook/pythonpath.dsv'
[2.389s] INFO:colcon.colcon_core.shell:Creating environment hook '/home/dtc-mrsd/Downloads/ros2_ghadron_gimbal/install/human_tracking/share/human_tracking/hook/pythonpath.sh'
[2.390s] Level 1:colcon.colcon_core.environment:checking '/home/dtc-mrsd/Downloads/ros2_ghadron_gimbal/install/human_tracking/bin'
[2.390s] Level 1:colcon.colcon_core.environment:create_environment_scripts_only(human_tracking)
[2.390s] INFO:colcon.colcon_core.shell:Creating package script '/home/dtc-mrsd/Downloads/ros2_ghadron_gimbal/install/human_tracking/share/human_tracking/package.ps1'
[2.391s] INFO:colcon.colcon_core.shell:Creating package descriptor '/home/dtc-mrsd/Downloads/ros2_ghadron_gimbal/install/human_tracking/share/human_tracking/package.dsv'
[2.391s] INFO:colcon.colcon_core.shell:Creating package script '/home/dtc-mrsd/Downloads/ros2_ghadron_gimbal/install/human_tracking/share/human_tracking/package.sh'
[2.392s] INFO:colcon.colcon_core.shell:Creating package script '/home/dtc-mrsd/Downloads/ros2_ghadron_gimbal/install/human_tracking/share/human_tracking/package.bash'
[2.392s] INFO:colcon.colcon_core.shell:Creating package script '/home/dtc-mrsd/Downloads/ros2_ghadron_gimbal/install/human_tracking/share/human_tracking/package.zsh'
[2.392s] Level 1:colcon.colcon_core.environment:create_file_with_runtime_dependencies(/home/dtc-mrsd/Downloads/ros2_ghadron_gimbal/install/human_tracking/share/colcon-core/packages/human_tracking)
[2.394s] Level 1:colcon.colcon_core.environment:checking '/home/dtc-mrsd/Downloads/ros2_ghadron_gimbal/install/yolo_detection' for CMake module files
[2.394s] DEBUG:colcon.colcon_core.event_handler.log_command:Invoked command in '/home/dtc-mrsd/Downloads/ros2_ghadron_gimbal/src/yolo_detection' returned '0': PYTHONPATH=/home/dtc-mrsd/Downloads/ros2_ghadron_gimbal/build/yolo_detection/prefix_override:/usr/lib/python3/dist-packages/colcon_core/task/python/colcon_distutils_commands:/home/dtc-mrsd/Downloads/ros2_ghadron_gimbal/install/yolo_detection/lib/python3.10/site-packages:${PYTHONPATH} /usr/bin/python3 -W ignore:setup.py install is deprecated -W ignore:easy_install command is deprecated setup.py egg_info --egg-base ../../build/yolo_detection build --build-base /home/dtc-mrsd/Downloads/ros2_ghadron_gimbal/build/yolo_detection/build install --record /home/dtc-mrsd/Downloads/ros2_ghadron_gimbal/build/yolo_detection/install.log --single-version-externally-managed install_data
[2.394s] Level 1:colcon.colcon_core.environment:checking '/home/dtc-mrsd/Downloads/ros2_ghadron_gimbal/install/yolo_detection' for CMake config files
[2.395s] Level 1:colcon.colcon_core.environment:checking '/home/dtc-mrsd/Downloads/ros2_ghadron_gimbal/install/yolo_detection/lib'
[2.395s] Level 1:colcon.colcon_core.environment:checking '/home/dtc-mrsd/Downloads/ros2_ghadron_gimbal/install/yolo_detection/bin'
[2.395s] Level 1:colcon.colcon_core.environment:checking '/home/dtc-mrsd/Downloads/ros2_ghadron_gimbal/install/yolo_detection/lib/pkgconfig/yolo_detection.pc'
[2.395s] Level 1:colcon.colcon_core.environment:checking '/home/dtc-mrsd/Downloads/ros2_ghadron_gimbal/install/yolo_detection/lib/python3.10/site-packages'
[2.395s] Level 1:colcon.colcon_core.shell:create_environment_hook('yolo_detection', 'pythonpath')
[2.396s] INFO:colcon.colcon_core.shell:Creating environment hook '/home/dtc-mrsd/Downloads/ros2_ghadron_gimbal/install/yolo_detection/share/yolo_detection/hook/pythonpath.ps1'
[2.396s] INFO:colcon.colcon_core.shell:Creating environment descriptor '/home/dtc-mrsd/Downloads/ros2_ghadron_gimbal/install/yolo_detection/share/yolo_detection/hook/pythonpath.dsv'
[2.396s] INFO:colcon.colcon_core.shell:Creating environment hook '/home/dtc-mrsd/Downloads/ros2_ghadron_gimbal/install/yolo_detection/share/yolo_detection/hook/pythonpath.sh'
[2.397s] Level 1:colcon.colcon_core.environment:checking '/home/dtc-mrsd/Downloads/ros2_ghadron_gimbal/install/yolo_detection/bin'
[2.397s] Level 1:colcon.colcon_core.environment:create_environment_scripts_only(yolo_detection)
[2.397s] INFO:colcon.colcon_core.shell:Creating package script '/home/dtc-mrsd/Downloads/ros2_ghadron_gimbal/install/yolo_detection/share/yolo_detection/package.ps1'
[2.398s] INFO:colcon.colcon_core.shell:Creating package descriptor '/home/dtc-mrsd/Downloads/ros2_ghadron_gimbal/install/yolo_detection/share/yolo_detection/package.dsv'
[2.398s] INFO:colcon.colcon_core.shell:Creating package script '/home/dtc-mrsd/Downloads/ros2_ghadron_gimbal/install/yolo_detection/share/yolo_detection/package.sh'
[2.399s] INFO:colcon.colcon_core.shell:Creating package script '/home/dtc-mrsd/Downloads/ros2_ghadron_gimbal/install/yolo_detection/share/yolo_detection/package.bash'
[2.399s] INFO:colcon.colcon_core.shell:Creating package script '/home/dtc-mrsd/Downloads/ros2_ghadron_gimbal/install/yolo_detection/share/yolo_detection/package.zsh'
[2.399s] Level 1:colcon.colcon_core.environment:create_file_with_runtime_dependencies(/home/dtc-mrsd/Downloads/ros2_ghadron_gimbal/install/yolo_detection/share/colcon-core/packages/yolo_detection)
[2.400s] INFO:colcon.colcon_ros.task.ament_python.build:Building ROS package in '/home/dtc-mrsd/Downloads/ros2_ghadron_gimbal/src/gimbal_bringup' with build type 'ament_python'
[2.400s] Level 1:colcon.colcon_core.shell:create_environment_hook('gimbal_bringup', 'ament_prefix_path')
[2.400s] INFO:colcon.colcon_core.shell:Creating environment hook '/home/dtc-mrsd/Downloads/ros2_ghadron_gimbal/install/gimbal_bringup/share/gimbal_bringup/hook/ament_prefix_path.ps1'
[2.401s] INFO:colcon.colcon_core.shell:Creating environment descriptor '/home/dtc-mrsd/Downloads/ros2_ghadron_gimbal/install/gimbal_bringup/share/gimbal_bringup/hook/ament_prefix_path.dsv'
[2.401s] INFO:colcon.colcon_core.shell:Creating environment hook '/home/dtc-mrsd/Downloads/ros2_ghadron_gimbal/install/gimbal_bringup/share/gimbal_bringup/hook/ament_prefix_path.sh'
[2.402s] INFO:colcon.colcon_core.shell:Skip shell extension 'powershell' for command environment: Not usable outside of PowerShell
[2.402s] DEBUG:colcon.colcon_core.shell:Skip shell extension 'dsv' for command environment
[2.697s] INFO:colcon.colcon_core.task.python.build:Building Python package in '/home/dtc-mrsd/Downloads/ros2_ghadron_gimbal/src/gimbal_bringup'
[2.697s] INFO:colcon.colcon_core.shell:Skip shell extension 'powershell' for command environment: Not usable outside of PowerShell
[2.697s] DEBUG:colcon.colcon_core.shell:Skip shell extension 'dsv' for command environment
[2.702s] Level 1:colcon.colcon_core.environment:checking '/home/dtc-mrsd/Downloads/ros2_ghadron_gimbal/install/stream_publisher' for CMake module files
[2.702s] DEBUG:colcon.colcon_core.event_handler.log_command:Invoked command in '/home/dtc-mrsd/Downloads/ros2_ghadron_gimbal/src/stream_publisher' returned '0': PYTHONPATH=/home/dtc-mrsd/Downloads/ros2_ghadron_gimbal/build/stream_publisher/prefix_override:/usr/lib/python3/dist-packages/colcon_core/task/python/colcon_distutils_commands:/home/dtc-mrsd/Downloads/ros2_ghadron_gimbal/install/stream_publisher/lib/python3.10/site-packages:${PYTHONPATH} /usr/bin/python3 -W ignore:setup.py install is deprecated -W ignore:easy_install command is deprecated setup.py egg_info --egg-base ../../build/stream_publisher build --build-base /home/dtc-mrsd/Downloads/ros2_ghadron_gimbal/build/stream_publisher/build install --record /home/dtc-mrsd/Downloads/ros2_ghadron_gimbal/build/stream_publisher/install.log --single-version-externally-managed install_data
[2.703s] Level 1:colcon.colcon_core.environment:checking '/home/dtc-mrsd/Downloads/ros2_ghadron_gimbal/install/stream_publisher' for CMake config files
[2.703s] Level 1:colcon.colcon_core.environment:checking '/home/dtc-mrsd/Downloads/ros2_ghadron_gimbal/install/stream_publisher/lib'
[2.703s] Level 1:colcon.colcon_core.environment:checking '/home/dtc-mrsd/Downloads/ros2_ghadron_gimbal/install/stream_publisher/bin'
[2.703s] Level 1:colcon.colcon_core.environment:checking '/home/dtc-mrsd/Downloads/ros2_ghadron_gimbal/install/stream_publisher/lib/pkgconfig/stream_publisher.pc'
[2.703s] Level 1:colcon.colcon_core.environment:checking '/home/dtc-mrsd/Downloads/ros2_ghadron_gimbal/install/stream_publisher/lib/python3.10/site-packages'
[2.703s] Level 1:colcon.colcon_core.shell:create_environment_hook('stream_publisher', 'pythonpath')
[2.704s] INFO:colcon.colcon_core.shell:Creating environment hook '/home/dtc-mrsd/Downloads/ros2_ghadron_gimbal/install/stream_publisher/share/stream_publisher/hook/pythonpath.ps1'
[2.704s] INFO:colcon.colcon_core.shell:Creating environment descriptor '/home/dtc-mrsd/Downloads/ros2_ghadron_gimbal/install/stream_publisher/share/stream_publisher/hook/pythonpath.dsv'
[2.704s] INFO:colcon.colcon_core.shell:Creating environment hook '/home/dtc-mrsd/Downloads/ros2_ghadron_gimbal/install/stream_publisher/share/stream_publisher/hook/pythonpath.sh'
[2.705s] Level 1:colcon.colcon_core.environment:checking '/home/dtc-mrsd/Downloads/ros2_ghadron_gimbal/install/stream_publisher/bin'
[2.705s] Level 1:colcon.colcon_core.environment:create_environment_scripts_only(stream_publisher)
[2.705s] INFO:colcon.colcon_core.shell:Creating package script '/home/dtc-mrsd/Downloads/ros2_ghadron_gimbal/install/stream_publisher/share/stream_publisher/package.ps1'
[2.706s] INFO:colcon.colcon_core.shell:Creating package descriptor '/home/dtc-mrsd/Downloads/ros2_ghadron_gimbal/install/stream_publisher/share/stream_publisher/package.dsv'
[2.706s] INFO:colcon.colcon_core.shell:Creating package script '/home/dtc-mrsd/Downloads/ros2_ghadron_gimbal/install/stream_publisher/share/stream_publisher/package.sh'
[2.706s] INFO:colcon.colcon_core.shell:Creating package script '/home/dtc-mrsd/Downloads/ros2_ghadron_gimbal/install/stream_publisher/share/stream_publisher/package.bash'
[2.707s] INFO:colcon.colcon_core.shell:Creating package script '/home/dtc-mrsd/Downloads/ros2_ghadron_gimbal/install/stream_publisher/share/stream_publisher/package.zsh'
[2.707s] Level 1:colcon.colcon_core.environment:create_file_with_runtime_dependencies(/home/dtc-mrsd/Downloads/ros2_ghadron_gimbal/install/stream_publisher/share/colcon-core/packages/stream_publisher)
[3.081s] DEBUG:colcon.colcon_core.event_handler.log_command:Invoking command in '/home/dtc-mrsd/Downloads/ros2_ghadron_gimbal/src/gimbal_bringup': AMENT_PREFIX_PATH=/home/dtc-mrsd/Downloads/ros2_ghadron_gimbal/install/yolo_detection:/home/dtc-mrsd/Downloads/ros2_gimbal_ws/install/ir_zoom:/home/dtc-mrsd/Downloads/ros2_ghadron_gimbal/install/human_tracking:/home/dtc-mrsd/Downloads/ros2_gimbal_ws/install/gimbal_status:/home/dtc-mrsd/Downloads/ros2_gimbal_ws/install/gimbal_angle_control:/home/dtc-mrsd/Downloads/ros2_gimbal_ws/install/eo_zoom:/home/dtc-mrsd/Downloads/ros2_ghadron_gimbal/install/gimbal_bringup:/home/dtc-mrsd/Downloads/ros2_ghadron_gimbal/install/stream_publisher:/home/dtc-mrsd/Downloads/ros2_ghadron_gimbal/install/rtsp_viewer:/home/dtc-mrsd/Downloads/ros2_ghadron_gimbal/install/ir_zoom:/home/dtc-mrsd/Downloads/ros2_ghadron_gimbal/install/ir_image:/home/dtc-mrsd/Downloads/ros2_ghadron_gimbal/install/image_viewer:/home/dtc-mrsd/Downloads/ros2_ghadron_gimbal/install/image_publisher:/home/dtc-mrsd/Downloads/ros2_ghadron_gimbal/install/gimbal_status:/home/dtc-mrsd/Downloads/ros2_ghadron_gimbal/install/gimbal_angle_control:/home/dtc-mrsd/Downloads/ros2_ghadron_gimbal/install/eo_zoom:/home/dtc-mrsd/Downloads/ros2_ghadron_gimbal/install/eo_image:/opt/ros/humble CMAKE_PREFIX_PATH=/home/dtc-mrsd/Downloads/ros2_ghadron_gimbal/install/ir_zoom:/home/dtc-mrsd/Downloads/ros2_ghadron_gimbal/install/gimbal_status:/home/dtc-mrsd/Downloads/ros2_ghadron_gimbal/install/gimbal_angle_control:/home/dtc-mrsd/Downloads/ros2_ghadron_gimbal/install/eo_zoom:/home/dtc-mrsd/Downloads/ros2_ghadron_gimbal/install/ir_image:/home/dtc-mrsd/Downloads/ros2_ghadron_gimbal/install/image_publisher:/home/dtc-mrsd/Downloads/ros2_ghadron_gimbal/install/eo_image PYTHONPATH=/home/dtc-mrsd/Downloads/ros2_ghadron_gimbal/build/gimbal_bringup/prefix_override:/usr/lib/python3/dist-packages/colcon_core/task/python/colcon_distutils_commands:/home/dtc-mrsd/Downloads/ros2_ghadron_gimbal/install/gimbal_bringup/lib/python3.10/site-packages:/home/dtc-mrsd/Downloads/ros2_ghadron_gimbal/install/yolo_detection/lib/python3.10/site-packages:/home/dtc-mrsd/Downloads/ros2_ghadron_gimbal/install/human_tracking/lib/python3.10/site-packages:/home/dtc-mrsd/Downloads/ros2_ghadron_gimbal/install/gimbal_bringup/lib/python3.10/site-packages:/home/dtc-mrsd/Downloads/ros2_ghadron_gimbal/install/stream_publisher/lib/python3.10/site-packages:/home/dtc-mrsd/Downloads/ros2_ghadron_gimbal/install/rtsp_viewer/lib/python3.10/site-packages:/home/dtc-mrsd/Downloads/ros2_ghadron_gimbal/install/image_viewer/lib/python3.10/site-packages:/opt/ros/humble/lib/python3.10/site-packages:/opt/ros/humble/local/lib/python3.10/dist-packages /usr/bin/python3 -W ignore:setup.py install is deprecated -W ignore:easy_install command is deprecated setup.py egg_info --egg-base ../../build/gimbal_bringup build --build-base /home/dtc-mrsd/Downloads/ros2_ghadron_gimbal/build/gimbal_bringup/build install --record /home/dtc-mrsd/Downloads/ros2_ghadron_gimbal/build/gimbal_bringup/install.log --single-version-externally-managed install_data
[3.386s] Level 1:colcon.colcon_core.environment:checking '/home/dtc-mrsd/Downloads/ros2_ghadron_gimbal/install/gimbal_bringup' for CMake module files
[3.387s] DEBUG:colcon.colcon_core.event_handler.log_command:Invoked command in '/home/dtc-mrsd/Downloads/ros2_ghadron_gimbal/src/gimbal_bringup' returned '0': AMENT_PREFIX_PATH=/home/dtc-mrsd/Downloads/ros2_ghadron_gimbal/install/yolo_detection:/home/dtc-mrsd/Downloads/ros2_gimbal_ws/install/ir_zoom:/home/dtc-mrsd/Downloads/ros2_ghadron_gimbal/install/human_tracking:/home/dtc-mrsd/Downloads/ros2_gimbal_ws/install/gimbal_status:/home/dtc-mrsd/Downloads/ros2_gimbal_ws/install/gimbal_angle_control:/home/dtc-mrsd/Downloads/ros2_gimbal_ws/install/eo_zoom:/home/dtc-mrsd/Downloads/ros2_ghadron_gimbal/install/gimbal_bringup:/home/dtc-mrsd/Downloads/ros2_ghadron_gimbal/install/stream_publisher:/home/dtc-mrsd/Downloads/ros2_ghadron_gimbal/install/rtsp_viewer:/home/dtc-mrsd/Downloads/ros2_ghadron_gimbal/install/ir_zoom:/home/dtc-mrsd/Downloads/ros2_ghadron_gimbal/install/ir_image:/home/dtc-mrsd/Downloads/ros2_ghadron_gimbal/install/image_viewer:/home/dtc-mrsd/Downloads/ros2_ghadron_gimbal/install/image_publisher:/home/dtc-mrsd/Downloads/ros2_ghadron_gimbal/install/gimbal_status:/home/dtc-mrsd/Downloads/ros2_ghadron_gimbal/install/gimbal_angle_control:/home/dtc-mrsd/Downloads/ros2_ghadron_gimbal/install/eo_zoom:/home/dtc-mrsd/Downloads/ros2_ghadron_gimbal/install/eo_image:/opt/ros/humble CMAKE_PREFIX_PATH=/home/dtc-mrsd/Downloads/ros2_ghadron_gimbal/install/ir_zoom:/home/dtc-mrsd/Downloads/ros2_ghadron_gimbal/install/gimbal_status:/home/dtc-mrsd/Downloads/ros2_ghadron_gimbal/install/gimbal_angle_control:/home/dtc-mrsd/Downloads/ros2_ghadron_gimbal/install/eo_zoom:/home/dtc-mrsd/Downloads/ros2_ghadron_gimbal/install/ir_image:/home/dtc-mrsd/Downloads/ros2_ghadron_gimbal/install/image_publisher:/home/dtc-mrsd/Downloads/ros2_ghadron_gimbal/install/eo_image PYTHONPATH=/home/dtc-mrsd/Downloads/ros2_ghadron_gimbal/build/gimbal_bringup/prefix_override:/usr/lib/python3/dist-packages/colcon_core/task/python/colcon_distutils_commands:/home/dtc-mrsd/Downloads/ros2_ghadron_gimbal/install/gimbal_bringup/lib/python3.10/site-packages:/home/dtc-mrsd/Downloads/ros2_ghadron_gimbal/install/yolo_detection/lib/python3.10/site-packages:/home/dtc-mrsd/Downloads/ros2_ghadron_gimbal/install/human_tracking/lib/python3.10/site-packages:/home/dtc-mrsd/Downloads/ros2_ghadron_gimbal/install/gimbal_bringup/lib/python3.10/site-packages:/home/dtc-mrsd/Downloads/ros2_ghadron_gimbal/install/stream_publisher/lib/python3.10/site-packages:/home/dtc-mrsd/Downloads/ros2_ghadron_gimbal/install/rtsp_viewer/lib/python3.10/site-packages:/home/dtc-mrsd/Downloads/ros2_ghadron_gimbal/install/image_viewer/lib/python3.10/site-packages:/opt/ros/humble/lib/python3.10/site-packages:/opt/ros/humble/local/lib/python3.10/dist-packages /usr/bin/python3 -W ignore:setup.py install is deprecated -W ignore:easy_install command is deprecated setup.py egg_info --egg-base ../../build/gimbal_bringup build --build-base /home/dtc-mrsd/Downloads/ros2_ghadron_gimbal/build/gimbal_bringup/build install --record /home/dtc-mrsd/Downloads/ros2_ghadron_gimbal/build/gimbal_bringup/install.log --single-version-externally-managed install_data
[3.387s] Level 1:colcon.colcon_core.environment:checking '/home/dtc-mrsd/Downloads/ros2_ghadron_gimbal/install/gimbal_bringup' for CMake config files
[3.387s] Level 1:colcon.colcon_core.environment:checking '/home/dtc-mrsd/Downloads/ros2_ghadron_gimbal/install/gimbal_bringup/lib'
[3.387s] Level 1:colcon.colcon_core.environment:checking '/home/dtc-mrsd/Downloads/ros2_ghadron_gimbal/install/gimbal_bringup/bin'
[3.387s] Level 1:colcon.colcon_core.environment:checking '/home/dtc-mrsd/Downloads/ros2_ghadron_gimbal/install/gimbal_bringup/lib/pkgconfig/gimbal_bringup.pc'
[3.388s] Level 1:colcon.colcon_core.environment:checking '/home/dtc-mrsd/Downloads/ros2_ghadron_gimbal/install/gimbal_bringup/lib/python3.10/site-packages'
[3.388s] Level 1:colcon.colcon_core.shell:create_environment_hook('gimbal_bringup', 'pythonpath')
[3.388s] INFO:colcon.colcon_core.shell:Creating environment hook '/home/dtc-mrsd/Downloads/ros2_ghadron_gimbal/install/gimbal_bringup/share/gimbal_bringup/hook/pythonpath.ps1'
[3.388s] INFO:colcon.colcon_core.shell:Creating environment descriptor '/home/dtc-mrsd/Downloads/ros2_ghadron_gimbal/install/gimbal_bringup/share/gimbal_bringup/hook/pythonpath.dsv'
[3.389s] INFO:colcon.colcon_core.shell:Creating environment hook '/home/dtc-mrsd/Downloads/ros2_ghadron_gimbal/install/gimbal_bringup/share/gimbal_bringup/hook/pythonpath.sh'
[3.389s] Level 1:colcon.colcon_core.environment:checking '/home/dtc-mrsd/Downloads/ros2_ghadron_gimbal/install/gimbal_bringup/bin'
[3.389s] Level 1:colcon.colcon_core.environment:create_environment_scripts_only(gimbal_bringup)
[3.390s] INFO:colcon.colcon_core.shell:Creating package script '/home/dtc-mrsd/Downloads/ros2_ghadron_gimbal/install/gimbal_bringup/share/gimbal_bringup/package.ps1'
[3.390s] INFO:colcon.colcon_core.shell:Creating package descriptor '/home/dtc-mrsd/Downloads/ros2_ghadron_gimbal/install/gimbal_bringup/share/gimbal_bringup/package.dsv'
[3.391s] INFO:colcon.colcon_core.shell:Creating package script '/home/dtc-mrsd/Downloads/ros2_ghadron_gimbal/install/gimbal_bringup/share/gimbal_bringup/package.sh'
[3.391s] INFO:colcon.colcon_core.shell:Creating package script '/home/dtc-mrsd/Downloads/ros2_ghadron_gimbal/install/gimbal_bringup/share/gimbal_bringup/package.bash'
[3.392s] INFO:colcon.colcon_core.shell:Creating package script '/home/dtc-mrsd/Downloads/ros2_ghadron_gimbal/install/gimbal_bringup/share/gimbal_bringup/package.zsh'
[3.392s] Level 1:colcon.colcon_core.environment:create_file_with_runtime_dependencies(/home/dtc-mrsd/Downloads/ros2_ghadron_gimbal/install/gimbal_bringup/share/colcon-core/packages/gimbal_bringup)
[3.392s] DEBUG:colcon.colcon_parallel_executor.executor.parallel:closing loop
[3.392s] DEBUG:colcon.colcon_parallel_executor.executor.parallel:loop closed
[3.392s] DEBUG:colcon.colcon_parallel_executor.executor.parallel:run_until_complete finished with '0'
[3.392s] DEBUG:colcon.colcon_core.event_reactor:joining thread
[3.399s] INFO:colcon.colcon_core.plugin_system:Skipping extension 'colcon_notification.desktop_notification.terminal_notifier': Not used on non-Darwin systems
[3.399s] INFO:colcon.colcon_core.plugin_system:Skipping extension 'colcon_notification.desktop_notification.win32': Not used on non-Windows systems
[3.399s] INFO:colcon.colcon_notification.desktop_notification:Sending desktop notification using 'notify2'
[3.409s] DEBUG:colcon.colcon_core.event_reactor:joined thread
[3.409s] INFO:colcon.colcon_core.shell:Creating prefix script '/home/dtc-mrsd/Downloads/ros2_ghadron_gimbal/install/local_setup.ps1'
[3.410s] INFO:colcon.colcon_core.shell:Creating prefix util module '/home/dtc-mrsd/Downloads/ros2_ghadron_gimbal/install/_local_setup_util_ps1.py'
[3.412s] INFO:colcon.colcon_core.shell:Creating prefix chain script '/home/dtc-mrsd/Downloads/ros2_ghadron_gimbal/install/setup.ps1'
[3.413s] INFO:colcon.colcon_core.shell:Creating prefix script '/home/dtc-mrsd/Downloads/ros2_ghadron_gimbal/install/local_setup.sh'
[3.414s] INFO:colcon.colcon_core.shell:Creating prefix util module '/home/dtc-mrsd/Downloads/ros2_ghadron_gimbal/install/_local_setup_util_sh.py'
[3.414s] INFO:colcon.colcon_core.shell:Creating prefix chain script '/home/dtc-mrsd/Downloads/ros2_ghadron_gimbal/install/setup.sh'
[3.416s] INFO:colcon.colcon_core.shell:Creating prefix script '/home/dtc-mrsd/Downloads/ros2_ghadron_gimbal/install/local_setup.bash'
[3.416s] INFO:colcon.colcon_core.shell:Creating prefix chain script '/home/dtc-mrsd/Downloads/ros2_ghadron_gimbal/install/setup.bash'
[3.418s] INFO:colcon.colcon_core.shell:Creating prefix script '/home/dtc-mrsd/Downloads/ros2_ghadron_gimbal/install/local_setup.zsh'
[3.418s] INFO:colcon.colcon_core.shell:Creating prefix chain script '/home/dtc-mrsd/Downloads/ros2_ghadron_gimbal/install/setup.zsh'
