[4.623s] Invoking command in '/home/dtc/humanflow/ros2_ghadron_gimbal/src/stream_publisher': PYTHONPATH=/home/dtc/humanflow/ros2_ghadron_gimbal/build/stream_publisher/prefix_override:/usr/lib/python3/dist-packages/colcon_core/task/python/colcon_distutils_commands:/home/dtc/humanflow/ros2_ghadron_gimbal/install/stream_publisher/lib/python3.10/site-packages:${PYTHONPATH} /usr/bin/python3 -W ignore:setup.py install is deprecated -W ignore:easy_install command is deprecated setup.py egg_info --egg-base ../../build/stream_publisher build --build-base /home/dtc/humanflow/ros2_ghadron_gimbal/build/stream_publisher/build install --record /home/dtc/humanflow/ros2_ghadron_gimbal/build/stream_publisher/install.log --single-version-externally-managed install_data
[5.765s] running egg_info
[5.769s] writing ../../build/stream_publisher/stream_publisher.egg-info/PKG-INFO
[5.775s] writing dependency_links to ../../build/stream_publisher/stream_publisher.egg-info/dependency_links.txt
[5.778s] writing entry points to ../../build/stream_publisher/stream_publisher.egg-info/entry_points.txt
[5.782s] writing requirements to ../../build/stream_publisher/stream_publisher.egg-info/requires.txt
[5.785s] writing top-level names to ../../build/stream_publisher/stream_publisher.egg-info/top_level.txt
[5.789s] reading manifest file '../../build/stream_publisher/stream_publisher.egg-info/SOURCES.txt'
[5.795s] writing manifest file '../../build/stream_publisher/stream_publisher.egg-info/SOURCES.txt'
[5.797s] running build
[5.800s] running build_py
[5.801s] running install
[5.803s] running install_lib
[5.810s] running install_data
[5.811s] running install_egg_info
[5.830s] removing '/home/dtc/humanflow/ros2_ghadron_gimbal/install/stream_publisher/lib/python3.10/site-packages/stream_publisher-0.0.1-py3.10.egg-info' (and everything under it)
[5.848s] Copying ../../build/stream_publisher/stream_publisher.egg-info to /home/dtc/humanflow/ros2_ghadron_gimbal/install/stream_publisher/lib/python3.10/site-packages/stream_publisher-0.0.1-py3.10.egg-info
[5.848s] running install_scripts
[5.949s] Installing stream_node script to /home/dtc/humanflow/ros2_ghadron_gimbal/install/stream_publisher/lib/stream_publisher
[5.953s] writing list of installed files to '/home/dtc/humanflow/ros2_ghadron_gimbal/build/stream_publisher/install.log'
[6.522s] Invoked command in '/home/dtc/humanflow/ros2_ghadron_gimbal/src/stream_publisher' returned '0': PYTHONPATH=/home/dtc/humanflow/ros2_ghadron_gimbal/build/stream_publisher/prefix_override:/usr/lib/python3/dist-packages/colcon_core/task/python/colcon_distutils_commands:/home/dtc/humanflow/ros2_ghadron_gimbal/install/stream_publisher/lib/python3.10/site-packages:${PYTHONPATH} /usr/bin/python3 -W ignore:setup.py install is deprecated -W ignore:easy_install command is deprecated setup.py egg_info --egg-base ../../build/stream_publisher build --build-base /home/dtc/humanflow/ros2_ghadron_gimbal/build/stream_publisher/build install --record /home/dtc/humanflow/ros2_ghadron_gimbal/build/stream_publisher/install.log --single-version-externally-managed install_data
