[0.044s] Invoking command in '/home/dtc/humanflow/ros2_ghadron_gimbal/build/eo_zoom': CMAKE_PREFIX_PATH=/opt/ros/humble /usr/bin/cmake --build /home/dtc/humanflow/ros2_ghadron_gimbal/build/eo_zoom -- -j4 -l4
[0.566s] [100%] Built target eo_zoom_node
[0.569s] Invoked command in '/home/dtc/humanflow/ros2_ghadron_gimbal/build/eo_zoom' returned '0': CMAKE_PREFIX_PATH=/opt/ros/humble /usr/bin/cmake --build /home/dtc/humanflow/ros2_ghadron_gimbal/build/eo_zoom -- -j4 -l4
[0.587s] Invoking command in '/home/dtc/humanflow/ros2_ghadron_gimbal/build/eo_zoom': CMAKE_PREFIX_PATH=/opt/ros/humble /usr/bin/cmake --install /home/dtc/humanflow/ros2_ghadron_gimbal/build/eo_zoom
[0.615s] -- Install configuration: "Debug"
[0.616s] -- Up-to-date: /home/dtc/humanflow/ros2_ghadron_gimbal/install/eo_zoom/lib/eo_zoom/eo_zoom_node
[0.616s] -- Up-to-date: /home/dtc/humanflow/ros2_ghadron_gimbal/install/eo_zoom/share/ament_index/resource_index/package_run_dependencies/eo_zoom
[0.616s] -- Up-to-date: /home/dtc/humanflow/ros2_ghadron_gimbal/install/eo_zoom/share/ament_index/resource_index/parent_prefix_path/eo_zoom
[0.617s] -- Up-to-date: /home/dtc/humanflow/ros2_ghadron_gimbal/install/eo_zoom/share/eo_zoom/environment/ament_prefix_path.sh
[0.617s] -- Up-to-date: /home/dtc/humanflow/ros2_ghadron_gimbal/install/eo_zoom/share/eo_zoom/environment/ament_prefix_path.dsv
[0.617s] -- Up-to-date: /home/dtc/humanflow/ros2_ghadron_gimbal/install/eo_zoom/share/eo_zoom/environment/path.sh
[0.617s] -- Up-to-date: /home/dtc/humanflow/ros2_ghadron_gimbal/install/eo_zoom/share/eo_zoom/environment/path.dsv
[0.617s] -- Up-to-date: /home/dtc/humanflow/ros2_ghadron_gimbal/install/eo_zoom/share/eo_zoom/local_setup.bash
[0.617s] -- Up-to-date: /home/dtc/humanflow/ros2_ghadron_gimbal/install/eo_zoom/share/eo_zoom/local_setup.sh
[0.617s] -- Up-to-date: /home/dtc/humanflow/ros2_ghadron_gimbal/install/eo_zoom/share/eo_zoom/local_setup.zsh
[0.618s] -- Up-to-date: /home/dtc/humanflow/ros2_ghadron_gimbal/install/eo_zoom/share/eo_zoom/local_setup.dsv
[0.618s] -- Installing: /home/dtc/humanflow/ros2_ghadron_gimbal/install/eo_zoom/share/eo_zoom/package.dsv
[0.618s] -- Up-to-date: /home/dtc/humanflow/ros2_ghadron_gimbal/install/eo_zoom/share/ament_index/resource_index/packages/eo_zoom
[0.618s] -- Up-to-date: /home/dtc/humanflow/ros2_ghadron_gimbal/install/eo_zoom/share/eo_zoom/cmake/eo_zoomConfig.cmake
[0.618s] -- Up-to-date: /home/dtc/humanflow/ros2_ghadron_gimbal/install/eo_zoom/share/eo_zoom/cmake/eo_zoomConfig-version.cmake
[0.618s] -- Up-to-date: /home/dtc/humanflow/ros2_ghadron_gimbal/install/eo_zoom/share/eo_zoom/package.xml
[0.621s] Invoked command in '/home/dtc/humanflow/ros2_ghadron_gimbal/build/eo_zoom' returned '0': CMAKE_PREFIX_PATH=/opt/ros/humble /usr/bin/cmake --install /home/dtc/humanflow/ros2_ghadron_gimbal/build/eo_zoom
