[2.404s] Invoking command in '/home/dtc-mrsd/Downloads/ros2_ghadron_gimbal/src/human_tracking': PYTHONPATH=/home/dtc-mrsd/Downloads/ros2_ghadron_gimbal/build/human_tracking/prefix_override:/usr/lib/python3/dist-packages/colcon_core/task/python/colcon_distutils_commands:/home/dtc-mrsd/Downloads/ros2_ghadron_gimbal/install/human_tracking/lib/python3.10/site-packages:${PYTHONPATH} /usr/bin/python3 -W ignore:setup.py install is deprecated -W ignore:easy_install command is deprecated setup.py egg_info --egg-base ../../build/human_tracking build --build-base /home/dtc-mrsd/Downloads/ros2_ghadron_gimbal/build/human_tracking/build install --record /home/dtc-mrsd/Downloads/ros2_ghadron_gimbal/build/human_tracking/install.log --single-version-externally-managed install_data
[2.820s] running egg_info
[2.820s] writing ../../build/human_tracking/human_tracking.egg-info/PKG-INFO
[2.821s] writing dependency_links to ../../build/human_tracking/human_tracking.egg-info/dependency_links.txt
[2.821s] writing entry points to ../../build/human_tracking/human_tracking.egg-info/entry_points.txt
[2.821s] writing requirements to ../../build/human_tracking/human_tracking.egg-info/requires.txt
[2.821s] writing top-level names to ../../build/human_tracking/human_tracking.egg-info/top_level.txt
[2.825s] reading manifest file '../../build/human_tracking/human_tracking.egg-info/SOURCES.txt'
[2.827s] writing manifest file '../../build/human_tracking/human_tracking.egg-info/SOURCES.txt'
[2.827s] running build
[2.827s] running build_py
[2.827s] running install
[2.828s] running install_lib
[2.829s] running install_data
[2.829s] running install_egg_info
[2.832s] removing '/home/dtc-mrsd/Downloads/ros2_ghadron_gimbal/install/human_tracking/lib/python3.10/site-packages/human_tracking-0.0.1-py3.10.egg-info' (and everything under it)
[2.832s] Copying ../../build/human_tracking/human_tracking.egg-info to /home/dtc-mrsd/Downloads/ros2_ghadron_gimbal/install/human_tracking/lib/python3.10/site-packages/human_tracking-0.0.1-py3.10.egg-info
[2.835s] running install_scripts
[2.861s] Installing tracking_node script to /home/dtc-mrsd/Downloads/ros2_ghadron_gimbal/install/human_tracking/lib/human_tracking
[2.861s] writing list of installed files to '/home/dtc-mrsd/Downloads/ros2_ghadron_gimbal/build/human_tracking/install.log'
[2.896s] Invoked command in '/home/dtc-mrsd/Downloads/ros2_ghadron_gimbal/src/human_tracking' returned '0': PYTHONPATH=/home/dtc-mrsd/Downloads/ros2_ghadron_gimbal/build/human_tracking/prefix_override:/usr/lib/python3/dist-packages/colcon_core/task/python/colcon_distutils_commands:/home/dtc-mrsd/Downloads/ros2_ghadron_gimbal/install/human_tracking/lib/python3.10/site-packages:${PYTHONPATH} /usr/bin/python3 -W ignore:setup.py install is deprecated -W ignore:easy_install command is deprecated setup.py egg_info --egg-base ../../build/human_tracking build --build-base /home/dtc-mrsd/Downloads/ros2_ghadron_gimbal/build/human_tracking/build install --record /home/dtc-mrsd/Downloads/ros2_ghadron_gimbal/build/human_tracking/install.log --single-version-externally-managed install_data
