[2.779s] Invoking command in '/home/dtc-mrsd/Downloads/ros2_gimbal_ws/build/image_publisher': CMAKE_PREFIX_PATH=/opt/ros/humble /usr/bin/cmake --build /home/dtc-mrsd/Downloads/ros2_gimbal_ws/build/image_publisher -- -j12 -l12
[4.340s] [ 50%] Built target image_publisher
[4.340s] [100%] Built target image_publisher_node
[4.899s] Invoked command in '/home/dtc-mrsd/Downloads/ros2_gimbal_ws/build/image_publisher' returned '0': CMAKE_PREFIX_PATH=/opt/ros/humble /usr/bin/cmake --build /home/dtc-mrsd/Downloads/ros2_gimbal_ws/build/image_publisher -- -j12 -l12
[4.900s] Invoking command in '/home/dtc-mrsd/Downloads/ros2_gimbal_ws/build/image_publisher': CMAKE_PREFIX_PATH=/opt/ros/humble /usr/bin/cmake --install /home/dtc-mrsd/Downloads/ros2_gimbal_ws/build/image_publisher
[4.920s] -- Install configuration: ""
[4.921s] -- Up-to-date: /home/dtc-mrsd/Downloads/ros2_gimbal_ws/install/image_publisher/include
[4.922s] -- Up-to-date: /home/dtc-mrsd/Downloads/ros2_gimbal_ws/install/image_publisher/include/image_publisher
[4.922s] -- Up-to-date: /home/dtc-mrsd/Downloads/ros2_gimbal_ws/install/image_publisher/include/image_publisher/visibility.h
[4.922s] -- Up-to-date: /home/dtc-mrsd/Downloads/ros2_gimbal_ws/install/image_publisher/include/image_publisher/image_publisher.hpp
[4.922s] -- Up-to-date: /home/dtc-mrsd/Downloads/ros2_gimbal_ws/install/image_publisher/share/image_publisher/environment/library_path.sh
[4.923s] -- Up-to-date: /home/dtc-mrsd/Downloads/ros2_gimbal_ws/install/image_publisher/share/image_publisher/environment/library_path.dsv
[4.923s] -- Up-to-date: /home/dtc-mrsd/Downloads/ros2_gimbal_ws/install/image_publisher/lib/libimage_publisher.so
[4.924s] -- Up-to-date: /home/dtc-mrsd/Downloads/ros2_gimbal_ws/install/image_publisher/lib/image_publisher/image_publisher_node
[4.924s] -- Up-to-date: /home/dtc-mrsd/Downloads/ros2_gimbal_ws/install/image_publisher/share/image_publisher/launch
[4.924s] -- Up-to-date: /home/dtc-mrsd/Downloads/ros2_gimbal_ws/install/image_publisher/share/image_publisher/launch/image_publisher_mono.launch.py
[4.924s] -- Up-to-date: /home/dtc-mrsd/Downloads/ros2_gimbal_ws/install/image_publisher/share/image_publisher/launch/image_publisher_component_file.launch.py
[4.924s] -- Up-to-date: /home/dtc-mrsd/Downloads/ros2_gimbal_ws/install/image_publisher/share/image_publisher/launch/image_publisher_stereo.launch.py
[4.924s] -- Up-to-date: /home/dtc-mrsd/Downloads/ros2_gimbal_ws/install/image_publisher/share/image_publisher/launch/splash.png
[4.925s] -- Up-to-date: /home/dtc-mrsd/Downloads/ros2_gimbal_ws/install/image_publisher/share/image_publisher/launch/image_publisher_file.launch.py
[4.925s] -- Up-to-date: /home/dtc-mrsd/Downloads/ros2_gimbal_ws/install/image_publisher/share/ament_index/resource_index/package_run_dependencies/image_publisher
[4.925s] -- Up-to-date: /home/dtc-mrsd/Downloads/ros2_gimbal_ws/install/image_publisher/share/ament_index/resource_index/parent_prefix_path/image_publisher
[4.925s] -- Up-to-date: /home/dtc-mrsd/Downloads/ros2_gimbal_ws/install/image_publisher/share/image_publisher/environment/ament_prefix_path.sh
[4.925s] -- Up-to-date: /home/dtc-mrsd/Downloads/ros2_gimbal_ws/install/image_publisher/share/image_publisher/environment/ament_prefix_path.dsv
[4.925s] -- Up-to-date: /home/dtc-mrsd/Downloads/ros2_gimbal_ws/install/image_publisher/share/image_publisher/environment/path.sh
[4.926s] -- Up-to-date: /home/dtc-mrsd/Downloads/ros2_gimbal_ws/install/image_publisher/share/image_publisher/environment/path.dsv
[4.926s] -- Up-to-date: /home/dtc-mrsd/Downloads/ros2_gimbal_ws/install/image_publisher/share/image_publisher/local_setup.bash
[4.926s] -- Up-to-date: /home/dtc-mrsd/Downloads/ros2_gimbal_ws/install/image_publisher/share/image_publisher/local_setup.sh
[4.926s] -- Up-to-date: /home/dtc-mrsd/Downloads/ros2_gimbal_ws/install/image_publisher/share/image_publisher/local_setup.zsh
[4.926s] -- Up-to-date: /home/dtc-mrsd/Downloads/ros2_gimbal_ws/install/image_publisher/share/image_publisher/local_setup.dsv
[4.926s] -- Installing: /home/dtc-mrsd/Downloads/ros2_gimbal_ws/install/image_publisher/share/image_publisher/package.dsv
[4.927s] -- Up-to-date: /home/dtc-mrsd/Downloads/ros2_gimbal_ws/install/image_publisher/share/ament_index/resource_index/packages/image_publisher
[4.927s] -- Up-to-date: /home/dtc-mrsd/Downloads/ros2_gimbal_ws/install/image_publisher/share/ament_index/resource_index/rclcpp_components/image_publisher
[4.927s] -- Up-to-date: /home/dtc-mrsd/Downloads/ros2_gimbal_ws/install/image_publisher/share/image_publisher/cmake/ament_cmake_export_dependencies-extras.cmake
[4.927s] -- Up-to-date: /home/dtc-mrsd/Downloads/ros2_gimbal_ws/install/image_publisher/share/image_publisher/cmake/ament_cmake_export_include_directories-extras.cmake
[4.927s] -- Up-to-date: /home/dtc-mrsd/Downloads/ros2_gimbal_ws/install/image_publisher/share/image_publisher/cmake/ament_cmake_export_libraries-extras.cmake
[4.927s] -- Up-to-date: /home/dtc-mrsd/Downloads/ros2_gimbal_ws/install/image_publisher/share/image_publisher/cmake/image_publisherConfig.cmake
[4.927s] -- Up-to-date: /home/dtc-mrsd/Downloads/ros2_gimbal_ws/install/image_publisher/share/image_publisher/cmake/image_publisherConfig-version.cmake
[4.927s] -- Up-to-date: /home/dtc-mrsd/Downloads/ros2_gimbal_ws/install/image_publisher/share/image_publisher/package.xml
[5.053s] Invoked command in '/home/dtc-mrsd/Downloads/ros2_gimbal_ws/build/image_publisher' returned '0': CMAKE_PREFIX_PATH=/opt/ros/humble /usr/bin/cmake --install /home/dtc-mrsd/Downloads/ros2_gimbal_ws/build/image_publisher
