[1.965s] Invoking command in '/home/dtc/humanflow/ros2_ghadron_gimbal/src/human_tracking': PYTHONPATH=/home/dtc/humanflow/ros2_ghadron_gimbal/build/human_tracking/prefix_override:/usr/lib/python3/dist-packages/colcon_core/task/python/colcon_distutils_commands:/home/dtc/humanflow/ros2_ghadron_gimbal/install/human_tracking/lib/python3.10/site-packages:${PYTHONPATH} /usr/bin/python3 -W ignore:setup.py install is deprecated -W ignore:easy_install command is deprecated setup.py egg_info --egg-base ../../build/human_tracking build --build-base /home/dtc/humanflow/ros2_ghadron_gimbal/build/human_tracking/build install --record /home/dtc/humanflow/ros2_ghadron_gimbal/build/human_tracking/install.log --single-version-externally-managed install_data
[2.465s] running egg_info
[2.466s] writing ../../build/human_tracking/human_tracking.egg-info/PKG-INFO
[2.469s] writing dependency_links to ../../build/human_tracking/human_tracking.egg-info/dependency_links.txt
[2.471s] writing entry points to ../../build/human_tracking/human_tracking.egg-info/entry_points.txt
[2.474s] writing requirements to ../../build/human_tracking/human_tracking.egg-info/requires.txt
[2.476s] writing top-level names to ../../build/human_tracking/human_tracking.egg-info/top_level.txt
[2.486s] reading manifest file '../../build/human_tracking/human_tracking.egg-info/SOURCES.txt'
[2.491s] writing manifest file '../../build/human_tracking/human_tracking.egg-info/SOURCES.txt'
[2.493s] running build
[2.495s] running build_py
[2.497s] copying human_tracking/tracking_node.py -> /home/dtc/humanflow/ros2_ghadron_gimbal/build/human_tracking/build/lib/human_tracking
[2.500s] running install
[2.502s] running install_lib
[2.506s] copying /home/dtc/humanflow/ros2_ghadron_gimbal/build/human_tracking/build/lib/human_tracking/tracking_node.py -> /home/dtc/humanflow/ros2_ghadron_gimbal/install/human_tracking/lib/python3.10/site-packages/human_tracking
[2.511s] byte-compiling /home/dtc/humanflow/ros2_ghadron_gimbal/install/human_tracking/lib/python3.10/site-packages/human_tracking/tracking_node.py to tracking_node.cpython-310.pyc
[2.517s] running install_data
[2.521s] running install_egg_info
[2.528s] removing '/home/dtc/humanflow/ros2_ghadron_gimbal/install/human_tracking/lib/python3.10/site-packages/human_tracking-0.0.1-py3.10.egg-info' (and everything under it)
[2.549s] Copying ../../build/human_tracking/human_tracking.egg-info to /home/dtc/humanflow/ros2_ghadron_gimbal/install/human_tracking/lib/python3.10/site-packages/human_tracking-0.0.1-py3.10.egg-info
[2.550s] running install_scripts
[2.603s] Installing tracking_node script to /home/dtc/humanflow/ros2_ghadron_gimbal/install/human_tracking/lib/human_tracking
[2.604s] writing list of installed files to '/home/dtc/humanflow/ros2_ghadron_gimbal/build/human_tracking/install.log'
[2.774s] Invoked command in '/home/dtc/humanflow/ros2_ghadron_gimbal/src/human_tracking' returned '0': PYTHONPATH=/home/dtc/humanflow/ros2_ghadron_gimbal/build/human_tracking/prefix_override:/usr/lib/python3/dist-packages/colcon_core/task/python/colcon_distutils_commands:/home/dtc/humanflow/ros2_ghadron_gimbal/install/human_tracking/lib/python3.10/site-packages:${PYTHONPATH} /usr/bin/python3 -W ignore:setup.py install is deprecated -W ignore:easy_install command is deprecated setup.py egg_info --egg-base ../../build/human_tracking build --build-base /home/dtc/humanflow/ros2_ghadron_gimbal/build/human_tracking/build install --record /home/dtc/humanflow/ros2_ghadron_gimbal/build/human_tracking/install.log --single-version-externally-managed install_data
