[1.433s] Invoking command in '/home/dtc-mrsd/Downloads/ros2_gimbal_ws/src/rtsp_viewer': PYTHONPATH=/home/dtc-mrsd/Downloads/ros2_gimbal_ws/build/rtsp_viewer/prefix_override:/usr/lib/python3/dist-packages/colcon_core/task/python/colcon_distutils_commands:/home/dtc-mrsd/Downloads/ros2_gimbal_ws/install/rtsp_viewer/lib/python3.10/site-packages: /usr/bin/python3 -W ignore:setup.py install is deprecated -W ignore:easy_install command is deprecated setup.py egg_info --egg-base ../../build/rtsp_viewer build --build-base /home/dtc-mrsd/Downloads/ros2_gimbal_ws/build/rtsp_viewer/build install --record /home/dtc-mrsd/Downloads/ros2_gimbal_ws/build/rtsp_viewer/install.log --single-version-externally-managed install_data
[1.653s] running egg_info
[1.654s] writing ../../build/rtsp_viewer/rtsp_viewer.egg-info/PKG-INFO
[1.654s] writing dependency_links to ../../build/rtsp_viewer/rtsp_viewer.egg-info/dependency_links.txt
[1.654s] writing entry points to ../../build/rtsp_viewer/rtsp_viewer.egg-info/entry_points.txt
[1.654s] writing requirements to ../../build/rtsp_viewer/rtsp_viewer.egg-info/requires.txt
[1.654s] writing top-level names to ../../build/rtsp_viewer/rtsp_viewer.egg-info/top_level.txt
[1.658s] reading manifest file '../../build/rtsp_viewer/rtsp_viewer.egg-info/SOURCES.txt'
[1.659s] writing manifest file '../../build/rtsp_viewer/rtsp_viewer.egg-info/SOURCES.txt'
[1.660s] running build
[1.660s] running build_py
[1.660s] running install
[1.661s] running install_lib
[1.661s] running install_data
[1.662s] running install_egg_info
[1.663s] removing '/home/dtc-mrsd/Downloads/ros2_gimbal_ws/install/rtsp_viewer/lib/python3.10/site-packages/rtsp_viewer-0.0.0-py3.10.egg-info' (and everything under it)
[1.663s] Copying ../../build/rtsp_viewer/rtsp_viewer.egg-info to /home/dtc-mrsd/Downloads/ros2_gimbal_ws/install/rtsp_viewer/lib/python3.10/site-packages/rtsp_viewer-0.0.0-py3.10.egg-info
[1.664s] running install_scripts
[1.686s] Installing rtsp_viewer script to /home/dtc-mrsd/Downloads/ros2_gimbal_ws/install/rtsp_viewer/lib/rtsp_viewer
[1.686s] writing list of installed files to '/home/dtc-mrsd/Downloads/ros2_gimbal_ws/build/rtsp_viewer/install.log'
[1.720s] Invoked command in '/home/dtc-mrsd/Downloads/ros2_gimbal_ws/src/rtsp_viewer' returned '0': PYTHONPATH=/home/dtc-mrsd/Downloads/ros2_gimbal_ws/build/rtsp_viewer/prefix_override:/usr/lib/python3/dist-packages/colcon_core/task/python/colcon_distutils_commands:/home/dtc-mrsd/Downloads/ros2_gimbal_ws/install/rtsp_viewer/lib/python3.10/site-packages: /usr/bin/python3 -W ignore:setup.py install is deprecated -W ignore:easy_install command is deprecated setup.py egg_info --egg-base ../../build/rtsp_viewer build --build-base /home/dtc-mrsd/Downloads/ros2_gimbal_ws/build/rtsp_viewer/build install --record /home/dtc-mrsd/Downloads/ros2_gimbal_ws/build/rtsp_viewer/install.log --single-version-externally-managed install_data
