[0.031s] Invoking command in '/home/dtc/humanflow/ros2_ghadron_gimbal/build/gimbal_status': CMAKE_PREFIX_PATH=/opt/ros/humble /usr/bin/cmake /home/dtc/humanflow/ros2_ghadron_gimbal/src/gimbal_status -DGHADRON=1 -DCMAKE_INSTALL_PREFIX=/home/dtc/humanflow/ros2_ghadron_gimbal/install/gimbal_status
[0.154s] -- The C compiler identification is GNU 11.4.0
[0.298s] -- The CXX compiler identification is GNU 11.4.0
[0.313s] -- Detecting C compiler ABI info
[0.455s] -- Detecting C compiler ABI info - done
[0.468s] -- Check for working C compiler: /usr/bin/cc - skipped
[0.469s] -- Detecting C compile features
[0.469s] -- Detecting C compile features - done
[0.476s] -- Detecting CXX compiler ABI info
[0.656s] -- Detecting CXX compiler ABI info - done
[0.668s] -- Check for working CXX compiler: /usr/bin/c++ - skipped
[0.668s] -- Detecting CXX compile features
[0.671s] -- Detecting CXX compile features - done
[0.672s] [0m-- GHADRON: 1[0m
[0.677s] -- Found ament_cmake: 1.3.11 (/opt/ros/humble/share/ament_cmake/cmake)
[0.990s] -- Found Python3: /usr/bin/python3 (found version "3.10.12") found components: Interpreter 
[1.226s] -- Found rclcpp: 16.0.11 (/opt/ros/humble/share/rclcpp/cmake)
[1.339s] -- Found rosidl_generator_c: 3.1.6 (/opt/ros/humble/share/rosidl_generator_c/cmake)
[1.353s] -- Found rosidl_adapter: 3.1.6 (/opt/ros/humble/share/rosidl_adapter/cmake)
[1.372s] -- Found rosidl_generator_cpp: 3.1.6 (/opt/ros/humble/share/rosidl_generator_cpp/cmake)
[1.403s] -- Using all available rosidl_typesupport_c: rosidl_typesupport_fastrtps_c;rosidl_typesupport_introspection_c
[1.438s] -- Using all available rosidl_typesupport_cpp: rosidl_typesupport_fastrtps_cpp;rosidl_typesupport_introspection_cpp
[1.533s] -- Found rmw_implementation_cmake: 6.1.2 (/opt/ros/humble/share/rmw_implementation_cmake/cmake)
[1.538s] -- Found rmw_fastrtps_cpp: 6.2.7 (/opt/ros/humble/share/rmw_fastrtps_cpp/cmake)
[1.700s] -- Found OpenSSL: /usr/lib/aarch64-linux-gnu/libcrypto.so (found version "3.0.2")  
[1.755s] -- Found FastRTPS: /opt/ros/humble/include  
[1.836s] -- Using RMW implementation 'rmw_fastrtps_cpp' as default
[1.859s] -- Looking for pthread.h
[2.035s] -- Looking for pthread.h - found
[2.040s] -- Performing Test CMAKE_HAVE_LIBC_PTHREAD
[2.231s] -- Performing Test CMAKE_HAVE_LIBC_PTHREAD - Success
[2.234s] -- Found Threads: TRUE  
[2.360s] -- Found geometry_msgs: 4.2.4 (/opt/ros/humble/share/geometry_msgs/cmake)
[3.560s] -- Found ament_lint_auto: 0.12.11 (/opt/ros/humble/share/ament_lint_auto/cmake)
[3.766s] -- Added test 'cppcheck' to perform static code analysis on C / C++ code
[3.768s] -- Configured cppcheck include dirs: /home/dtc/humanflow/ros2_ghadron_gimbal/src/gimbal_status/include;/home/dtc/humanflow/ros2_ghadron_gimbal/src/gimbal_status/../PayloadSdk/libs;/home/dtc/humanflow/ros2_ghadron_gimbal/src/gimbal_status/../PayloadSdk/libs/aarch64;/home/dtc/humanflow/ros2_ghadron_gimbal/src/gimbal_status/../PayloadSdk/libs/aarch64/payload-define;/home/dtc/humanflow/ros2_ghadron_gimbal/src/gimbal_status/../PayloadSdk/libs/third-party/mavlink/include;/home/dtc/humanflow/ros2_ghadron_gimbal/src/gimbal_status/../PayloadSdk/libs/gSDK/src/mavlink/include/mavlink/v2.0;/home/dtc/humanflow/ros2_ghadron_gimbal/src/gimbal_status/../PayloadSdk/libs/gSDK/src
[3.768s] -- Configured cppcheck exclude dirs and/or files: 
[3.769s] -- Added test 'lint_cmake' to check CMake code style
[3.773s] -- Added test 'uncrustify' to check C / C++ code style
[3.773s] -- Configured uncrustify additional arguments: 
[3.774s] -- Added test 'xmllint' to check XML markup files
[3.790s] -- Configuring done
[3.854s] -- Generating done
[3.860s] -- Build files have been written to: /home/dtc/humanflow/ros2_ghadron_gimbal/build/gimbal_status
[3.887s] Invoked command in '/home/dtc/humanflow/ros2_ghadron_gimbal/build/gimbal_status' returned '0': CMAKE_PREFIX_PATH=/opt/ros/humble /usr/bin/cmake /home/dtc/humanflow/ros2_ghadron_gimbal/src/gimbal_status -DGHADRON=1 -DCMAKE_INSTALL_PREFIX=/home/dtc/humanflow/ros2_ghadron_gimbal/install/gimbal_status
[3.888s] Invoking command in '/home/dtc/humanflow/ros2_ghadron_gimbal/build/gimbal_status': CMAKE_PREFIX_PATH=/opt/ros/humble /usr/bin/cmake --build /home/dtc/humanflow/ros2_ghadron_gimbal/build/gimbal_status -- -j4 -l4
[4.004s] [ 50%] [32mBuilding CXX object CMakeFiles/gimbal_status_node.dir/src/gimbal_status_node.cpp.o[0m
[11.261s] In file included from [01m[K/home/dtc/humanflow/ros2_ghadron_gimbal/src/gimbal_status/../PayloadSdk/libs/gSDK/src/mavlink/include/mavlink/v2.0/common/../protocol.h:4[m[K,
[11.261s]                  from [01m[K/home/dtc/humanflow/ros2_ghadron_gimbal/src/gimbal_status/../PayloadSdk/libs/gSDK/src/mavlink/include/mavlink/v2.0/common/common.h:30[m[K,
[11.261s]                  from [01m[K/home/dtc/humanflow/ros2_ghadron_gimbal/src/gimbal_status/../PayloadSdk/libs/gSDK/src/mavlink/include/mavlink/v2.0/common/mavlink.h:32[m[K,
[11.261s]                  from [01m[K/home/dtc/humanflow/ros2_ghadron_gimbal/src/gimbal_status/../PayloadSdk/libs/aarch64/payloadsdk.h:5[m[K,
[11.262s]                  from [01m[K/home/dtc/humanflow/ros2_ghadron_gimbal/src/gimbal_status/../PayloadSdk/libs/aarch64/payloadSdkInterface.h:5[m[K,
[11.262s]                  from [01m[K/home/dtc/humanflow/ros2_ghadron_gimbal/src/gimbal_status/src/gimbal_status_node.cpp:3[m[K:
[11.262s] [01m[K/home/dtc/humanflow/ros2_ghadron_gimbal/src/gimbal_status/../PayloadSdk/libs/gSDK/src/mavlink/include/mavlink/v2.0/common/../mavlink_types.h:78:12:[m[K [01;35m[Kwarning: [m[KISO C++ prohibits anonymous structs [[01;35m[K-Wpedantic[m[K]
[11.262s]    78 |     struct [01;35m[K{[m[K
[11.262s]       |            [01;35m[K^[m[K
[11.262s] [01m[K/home/dtc/humanflow/ros2_ghadron_gimbal/src/gimbal_status/../PayloadSdk/libs/gSDK/src/mavlink/include/mavlink/v2.0/common/../mavlink_types.h:17:40:[m[K [01;36m[Knote: [m[Kin definition of macro ‘[01m[KMAVPACKED[m[K’
[11.262s]    17 |   #define MAVPACKED( __Declaration__ ) [01;36m[K__Declaration__[m[K __attribute__((packed))
[11.264s]       |                                        [01;36m[K^~~~~~~~~~~~~~~[m[K
[11.512s] In file included from [01m[K/home/dtc/humanflow/ros2_ghadron_gimbal/src/gimbal_status/../PayloadSdk/libs/gSDK/src/mavlink/include/mavlink/v2.0/common/common.h:2567[m[K,
[11.513s]                  from [01m[K/home/dtc/humanflow/ros2_ghadron_gimbal/src/gimbal_status/../PayloadSdk/libs/gSDK/src/mavlink/include/mavlink/v2.0/common/mavlink.h:32[m[K,
[11.513s]                  from [01m[K/home/dtc/humanflow/ros2_ghadron_gimbal/src/gimbal_status/../PayloadSdk/libs/aarch64/payloadsdk.h:5[m[K,
[11.513s]                  from [01m[K/home/dtc/humanflow/ros2_ghadron_gimbal/src/gimbal_status/../PayloadSdk/libs/aarch64/payloadSdkInterface.h:5[m[K,
[11.513s]                  from [01m[K/home/dtc/humanflow/ros2_ghadron_gimbal/src/gimbal_status/src/gimbal_status_node.cpp:3[m[K:
[11.513s] [01m[K/home/dtc/humanflow/ros2_ghadron_gimbal/src/gimbal_status/../PayloadSdk/libs/gSDK/src/mavlink/include/mavlink/v2.0/common/./mavlink_msg_set_attitude_target.h:[m[K In function ‘[01m[Kuint16_t mavlink_msg_set_attitude_target_encode(uint8_t, uint8_t, mavlink_message_t*, const mavlink_set_attitude_target_t*)[m[K’:
[11.514s] [01m[K/home/dtc/humanflow/ros2_ghadron_gimbal/src/gimbal_status/../PayloadSdk/libs/gSDK/src/mavlink/include/mavlink/v2.0/common/./mavlink_msg_set_attitude_target.h:183:242:[m[K [01;35m[Kwarning: [m[Ktaking address of packed member of ‘[01m[K__mavlink_set_attitude_target_t[m[K’ may result in an unaligned pointer value [[01;35m[K-Waddress-of-packed-member[m[K]
[11.514s]   183 | tude_target->target_component, set_attitude_target->type_mask, [01;35m[Kset_attitude_target->q[m[K, set_attitude_target->body_roll_rate, set_attitude_target->body_pitch_rate, set_attitude_target->body_yaw_rate, set_attitude_target->thrust, set_attitude_target->thrust_body);
[11.514s]       |                                                                [01;35m[K~~~~~~~~~~~~~~~~~~~~~^[m[K
[11.514s] 
[11.514s] In file included from [01m[K/home/dtc/humanflow/ros2_ghadron_gimbal/src/gimbal_status/../PayloadSdk/libs/gSDK/src/mavlink/include/mavlink/v2.0/common/common.h:2567[m[K,
[11.514s]                  from [01m[K/home/dtc/humanflow/ros2_ghadron_gimbal/src/gimbal_status/../PayloadSdk/libs/gSDK/src/mavlink/include/mavlink/v2.0/common/mavlink.h:32[m[K,
[11.514s]                  from [01m[K/home/dtc/humanflow/ros2_ghadron_gimbal/src/gimbal_status/../PayloadSdk/libs/aarch64/payloadsdk.h:5[m[K,
[11.515s]                  from [01m[K/home/dtc/humanflow/ros2_ghadron_gimbal/src/gimbal_status/../PayloadSdk/libs/aarch64/payloadSdkInterface.h:5[m[K,
[11.515s]                  from [01m[K/home/dtc/humanflow/ros2_ghadron_gimbal/src/gimbal_status/src/gimbal_status_node.cpp:3[m[K:
[11.515s] [01m[K/home/dtc/humanflow/ros2_ghadron_gimbal/src/gimbal_status/../PayloadSdk/libs/gSDK/src/mavlink/include/mavlink/v2.0/common/./mavlink_msg_set_attitude_target.h:183:406:[m[K [01;35m[Kwarning: [m[Ktaking address of packed member of ‘[01m[K__mavlink_set_attitude_target_t[m[K’ may result in an unaligned pointer value [[01;35m[K-Waddress-of-packed-member[m[K]
[11.515s]   183 | t_attitude_target->body_yaw_rate, set_attitude_target->thrust, [01;35m[Kset_attitude_target->thrust_body[m[K);
[11.515s]       |                                                                [01;35m[K~~~~~~~~~~~~~~~~~~~~~^~~~~~~~~~~[m[K
[11.515s] 
[11.515s] [01m[K/home/dtc/humanflow/ros2_ghadron_gimbal/src/gimbal_status/../PayloadSdk/libs/gSDK/src/mavlink/include/mavlink/v2.0/common/./mavlink_msg_set_attitude_target.h:[m[K In function ‘[01m[Kuint16_t mavlink_msg_set_attitude_target_encode_chan(uint8_t, uint8_t, uint8_t, mavlink_message_t*, const mavlink_set_attitude_target_t*)[m[K’:
[11.515s] [01m[K/home/dtc/humanflow/ros2_ghadron_gimbal/src/gimbal_status/../PayloadSdk/libs/gSDK/src/mavlink/include/mavlink/v2.0/common/./mavlink_msg_set_attitude_target.h:197:253:[m[K [01;35m[Kwarning: [m[Ktaking address of packed member of ‘[01m[K__mavlink_set_attitude_target_t[m[K’ may result in an unaligned pointer value [[01;35m[K-Waddress-of-packed-member[m[K]
[11.516s]   197 | tude_target->target_component, set_attitude_target->type_mask, [01;35m[Kset_attitude_target->q[m[K, set_attitude_target->body_roll_rate, set_attitude_target->body_pitch_rate, set_attitude_target->body_yaw_rate, set_attitude_target->thrust, set_attitude_target->thrust_body);
[11.516s]       |                                                                [01;35m[K~~~~~~~~~~~~~~~~~~~~~^[m[K
[11.516s] 
[11.516s] [01m[K/home/dtc/humanflow/ros2_ghadron_gimbal/src/gimbal_status/../PayloadSdk/libs/gSDK/src/mavlink/include/mavlink/v2.0/common/./mavlink_msg_set_attitude_target.h:197:417:[m[K [01;35m[Kwarning: [m[Ktaking address of packed member of ‘[01m[K__mavlink_set_attitude_target_t[m[K’ may result in an unaligned pointer value [[01;35m[K-Waddress-of-packed-member[m[K]
[11.516s]   197 | t_attitude_target->body_yaw_rate, set_attitude_target->thrust, [01;35m[Kset_attitude_target->thrust_body[m[K);
[11.516s]       |                                                                [01;35m[K~~~~~~~~~~~~~~~~~~~~~^~~~~~~~~~~[m[K
[11.516s] 
[12.433s] In file included from [01m[K/home/dtc/humanflow/ros2_ghadron_gimbal/src/gimbal_status/../PayloadSdk/libs/gSDK/src/mavlink/include/mavlink/v2.0/common/common.h:2610[m[K,
[12.433s]                  from [01m[K/home/dtc/humanflow/ros2_ghadron_gimbal/src/gimbal_status/../PayloadSdk/libs/gSDK/src/mavlink/include/mavlink/v2.0/common/mavlink.h:32[m[K,
[12.433s]                  from [01m[K/home/dtc/humanflow/ros2_ghadron_gimbal/src/gimbal_status/../PayloadSdk/libs/aarch64/payloadsdk.h:5[m[K,
[12.433s]                  from [01m[K/home/dtc/humanflow/ros2_ghadron_gimbal/src/gimbal_status/../PayloadSdk/libs/aarch64/payloadSdkInterface.h:5[m[K,
[12.433s]                  from [01m[K/home/dtc/humanflow/ros2_ghadron_gimbal/src/gimbal_status/src/gimbal_status_node.cpp:3[m[K:
[12.434s] [01m[K/home/dtc/humanflow/ros2_ghadron_gimbal/src/gimbal_status/../PayloadSdk/libs/gSDK/src/mavlink/include/mavlink/v2.0/common/./mavlink_msg_distance_sensor.h:[m[K In function ‘[01m[Kuint16_t mavlink_msg_distance_sensor_encode(uint8_t, uint8_t, mavlink_message_t*, const mavlink_distance_sensor_t*)[m[K’:
[12.434s] [01m[K/home/dtc/humanflow/ros2_ghadron_gimbal/src/gimbal_status/../PayloadSdk/libs/gSDK/src/mavlink/include/mavlink/v2.0/common/./mavlink_msg_distance_sensor.h:200:387:[m[K [01;35m[Kwarning: [m[Ktaking address of packed member of ‘[01m[K__mavlink_distance_sensor_t[m[K’ may result in an unaligned pointer value [[01;35m[K-Waddress-of-packed-member[m[K]
[12.434s]   200 | e, distance_sensor->horizontal_fov, distance_sensor->vertical_fov, [01;35m[Kdistance_sensor->quaternion[m[K, distance_sensor->signal_quality);
[12.434s]       |                                                                    [01;35m[K~~~~~~~~~~~~~~~~~^~~~~~~~~~[m[K
[12.434s] 
[12.435s] [01m[K/home/dtc/humanflow/ros2_ghadron_gimbal/src/gimbal_status/../PayloadSdk/libs/gSDK/src/mavlink/include/mavlink/v2.0/common/./mavlink_msg_distance_sensor.h:[m[K In function ‘[01m[Kuint16_t mavlink_msg_distance_sensor_encode_chan(uint8_t, uint8_t, uint8_t, mavlink_message_t*, const mavlink_distance_sensor_t*)[m[K’:
[12.435s] [01m[K/home/dtc/humanflow/ros2_ghadron_gimbal/src/gimbal_status/../PayloadSdk/libs/gSDK/src/mavlink/include/mavlink/v2.0/common/./mavlink_msg_distance_sensor.h:214:398:[m[K [01;35m[Kwarning: [m[Ktaking address of packed member of ‘[01m[K__mavlink_distance_sensor_t[m[K’ may result in an unaligned pointer value [[01;35m[K-Waddress-of-packed-member[m[K]
[12.435s]   214 | e, distance_sensor->horizontal_fov, distance_sensor->vertical_fov, [01;35m[Kdistance_sensor->quaternion[m[K, distance_sensor->signal_quality);
[12.435s]       |                                                                    [01;35m[K~~~~~~~~~~~~~~~~~^~~~~~~~~~[m[K
[12.435s] 
[12.463s] In file included from [01m[K/home/dtc/humanflow/ros2_ghadron_gimbal/src/gimbal_status/../PayloadSdk/libs/gSDK/src/mavlink/include/mavlink/v2.0/common/common.h:2624[m[K,
[12.464s]                  from [01m[K/home/dtc/humanflow/ros2_ghadron_gimbal/src/gimbal_status/../PayloadSdk/libs/gSDK/src/mavlink/include/mavlink/v2.0/common/mavlink.h:32[m[K,
[12.464s]                  from [01m[K/home/dtc/humanflow/ros2_ghadron_gimbal/src/gimbal_status/../PayloadSdk/libs/aarch64/payloadsdk.h:5[m[K,
[12.464s]                  from [01m[K/home/dtc/humanflow/ros2_ghadron_gimbal/src/gimbal_status/../PayloadSdk/libs/aarch64/payloadSdkInterface.h:5[m[K,
[12.464s]                  from [01m[K/home/dtc/humanflow/ros2_ghadron_gimbal/src/gimbal_status/src/gimbal_status_node.cpp:3[m[K:
[12.464s] [01m[K/home/dtc/humanflow/ros2_ghadron_gimbal/src/gimbal_status/../PayloadSdk/libs/gSDK/src/mavlink/include/mavlink/v2.0/common/./mavlink_msg_battery_status.h:[m[K In function ‘[01m[Kuint16_t mavlink_msg_battery_status_encode(uint8_t, uint8_t, mavlink_message_t*, const mavlink_battery_status_t*)[m[K’:
[12.465s] [01m[K/home/dtc/humanflow/ros2_ghadron_gimbal/src/gimbal_status/../PayloadSdk/libs/gSDK/src/mavlink/include/mavlink/v2.0/common/./mavlink_msg_battery_status.h:219:195:[m[K [01;35m[Kwarning: [m[Ktaking address of packed member of ‘[01m[K__mavlink_battery_status_t[m[K’ may result in an unaligned pointer value [[01;35m[K-Waddress-of-packed-member[m[K]
[12.465s]   219 | attery_function, battery_status->type, battery_status->temperature, [01;35m[Kbattery_status->voltages[m[K, battery_status->current_battery, battery_status->current_consumed, battery_status->energy_consumed, battery_status->battery_remaining, battery_status->time_remaining, battery_status->charge_state, battery_status->voltages_ext, battery_status->mode, battery_status->fault_bitmask);
[12.465s]       |                                                                     [01;35m[K~~~~~~~~~~~~~~~~^~~~~~~~[m[K
[12.465s] 
[12.465s] [01m[K/home/dtc/humanflow/ros2_ghadron_gimbal/src/gimbal_status/../PayloadSdk/libs/gSDK/src/mavlink/include/mavlink/v2.0/common/./mavlink_msg_battery_status.h:219:418:[m[K [01;35m[Kwarning: [m[Ktaking address of packed member of ‘[01m[K__mavlink_battery_status_t[m[K’ may result in an unaligned pointer value [[01;35m[K-Waddress-of-packed-member[m[K]
[12.465s]   219 | ning, battery_status->time_remaining, battery_status->charge_state, [01;35m[Kbattery_status->voltages_ext[m[K, battery_status->mode, battery_status->fault_bitmask);
[12.465s]       |                                                                     [01;35m[K~~~~~~~~~~~~~~~~^~~~~~~~~~~~[m[K
[12.465s] 
[12.466s] [01m[K/home/dtc/humanflow/ros2_ghadron_gimbal/src/gimbal_status/../PayloadSdk/libs/gSDK/src/mavlink/include/mavlink/v2.0/common/./mavlink_msg_battery_status.h:[m[K In function ‘[01m[Kuint16_t mavlink_msg_battery_status_encode_chan(uint8_t, uint8_t, uint8_t, mavlink_message_t*, const mavlink_battery_status_t*)[m[K’:
[12.466s] [01m[K/home/dtc/humanflow/ros2_ghadron_gimbal/src/gimbal_status/../PayloadSdk/libs/gSDK/src/mavlink/include/mavlink/v2.0/common/./mavlink_msg_battery_status.h:233:206:[m[K [01;35m[Kwarning: [m[Ktaking address of packed member of ‘[01m[K__mavlink_battery_status_t[m[K’ may result in an unaligned pointer value [[01;35m[K-Waddress-of-packed-member[m[K]
[12.466s]   233 | attery_function, battery_status->type, battery_status->temperature, [01;35m[Kbattery_status->voltages[m[K, battery_status->current_battery, battery_status->current_consumed, battery_status->energy_consumed, battery_status->battery_remaining, battery_status->time_remaining, battery_status->charge_state, battery_status->voltages_ext, battery_status->mode, battery_status->fault_bitmask);
[12.466s]       |                                                                     [01;35m[K~~~~~~~~~~~~~~~~^~~~~~~~[m[K
[12.466s] 
[12.466s] [01m[K/home/dtc/humanflow/ros2_ghadron_gimbal/src/gimbal_status/../PayloadSdk/libs/gSDK/src/mavlink/include/mavlink/v2.0/common/./mavlink_msg_battery_status.h:233:429:[m[K [01;35m[Kwarning: [m[Ktaking address of packed member of ‘[01m[K__mavlink_battery_status_t[m[K’ may result in an unaligned pointer value [[01;35m[K-Waddress-of-packed-member[m[K]
[12.466s]   233 | ning, battery_status->time_remaining, battery_status->charge_state, [01;35m[Kbattery_status->voltages_ext[m[K, battery_status->mode, battery_status->fault_bitmask);
[12.466s]       |                                                                     [01;35m[K~~~~~~~~~~~~~~~~^~~~~~~~~~~~[m[K
[12.467s] 
[12.471s] In file included from [01m[K/home/dtc/humanflow/ros2_ghadron_gimbal/src/gimbal_status/../PayloadSdk/libs/gSDK/src/mavlink/include/mavlink/v2.0/common/common.h:2626[m[K,
[12.472s]                  from [01m[K/home/dtc/humanflow/ros2_ghadron_gimbal/src/gimbal_status/../PayloadSdk/libs/gSDK/src/mavlink/include/mavlink/v2.0/common/mavlink.h:32[m[K,
[12.472s]                  from [01m[K/home/dtc/humanflow/ros2_ghadron_gimbal/src/gimbal_status/../PayloadSdk/libs/aarch64/payloadsdk.h:5[m[K,
[12.472s]                  from [01m[K/home/dtc/humanflow/ros2_ghadron_gimbal/src/gimbal_status/../PayloadSdk/libs/aarch64/payloadSdkInterface.h:5[m[K,
[12.472s]                  from [01m[K/home/dtc/humanflow/ros2_ghadron_gimbal/src/gimbal_status/src/gimbal_status_node.cpp:3[m[K:
[12.473s] [01m[K/home/dtc/humanflow/ros2_ghadron_gimbal/src/gimbal_status/../PayloadSdk/libs/gSDK/src/mavlink/include/mavlink/v2.0/common/./mavlink_msg_landing_target.h:[m[K In function ‘[01m[Kuint16_t mavlink_msg_landing_target_encode(uint8_t, uint8_t, mavlink_message_t*, const mavlink_landing_target_t*)[m[K’:
[12.473s] [01m[K/home/dtc/humanflow/ros2_ghadron_gimbal/src/gimbal_status/../PayloadSdk/libs/gSDK/src/mavlink/include/mavlink/v2.0/common/./mavlink_msg_landing_target.h:218:349:[m[K [01;35m[Kwarning: [m[Ktaking address of packed member of ‘[01m[K__mavlink_landing_target_t[m[K’ may result in an unaligned pointer value [[01;35m[K-Waddress-of-packed-member[m[K]
[12.474s]   218 | t->size_y, landing_target->x, landing_target->y, landing_target->z, [01;35m[Klanding_target->q[m[K, landing_target->type, landing_target->position_valid);
[12.474s]       |                                                                     [01;35m[K~~~~~~~~~~~~~~~~^[m[K
[12.474s] 
[12.474s] [01m[K/home/dtc/humanflow/ros2_ghadron_gimbal/src/gimbal_status/../PayloadSdk/libs/gSDK/src/mavlink/include/mavlink/v2.0/common/./mavlink_msg_landing_target.h:[m[K In function ‘[01m[Kuint16_t mavlink_msg_landing_target_encode_chan(uint8_t, uint8_t, uint8_t, mavlink_message_t*, const mavlink_landing_target_t*)[m[K’:
[12.474s] [01m[K/home/dtc/humanflow/ros2_ghadron_gimbal/src/gimbal_status/../PayloadSdk/libs/gSDK/src/mavlink/include/mavlink/v2.0/common/./mavlink_msg_landing_target.h:232:360:[m[K [01;35m[Kwarning: [m[Ktaking address of packed member of ‘[01m[K__mavlink_landing_target_t[m[K’ may result in an unaligned pointer value [[01;35m[K-Waddress-of-packed-member[m[K]
[12.474s]   232 | t->size_y, landing_target->x, landing_target->y, landing_target->z, [01;35m[Klanding_target->q[m[K, landing_target->type, landing_target->position_valid);
[12.474s]       |                                                                     [01;35m[K~~~~~~~~~~~~~~~~^[m[K
[12.475s] 
[12.503s] In file included from [01m[K/home/dtc/humanflow/ros2_ghadron_gimbal/src/gimbal_status/../PayloadSdk/libs/gSDK/src/mavlink/include/mavlink/v2.0/common/common.h:2637[m[K,
[12.504s]                  from [01m[K/home/dtc/humanflow/ros2_ghadron_gimbal/src/gimbal_status/../PayloadSdk/libs/gSDK/src/mavlink/include/mavlink/v2.0/common/mavlink.h:32[m[K,
[12.504s]                  from [01m[K/home/dtc/humanflow/ros2_ghadron_gimbal/src/gimbal_status/../PayloadSdk/libs/aarch64/payloadsdk.h:5[m[K,
[12.504s]                  from [01m[K/home/dtc/humanflow/ros2_ghadron_gimbal/src/gimbal_status/../PayloadSdk/libs/aarch64/payloadSdkInterface.h:5[m[K,
[12.504s]                  from [01m[K/home/dtc/humanflow/ros2_ghadron_gimbal/src/gimbal_status/src/gimbal_status_node.cpp:3[m[K:
[12.504s] [01m[K/home/dtc/humanflow/ros2_ghadron_gimbal/src/gimbal_status/../PayloadSdk/libs/gSDK/src/mavlink/include/mavlink/v2.0/common/./mavlink_msg_home_position.h:[m[K In function ‘[01m[Kuint16_t mavlink_msg_home_position_encode(uint8_t, uint8_t, mavlink_message_t*, const mavlink_home_position_t*)[m[K’:
[12.504s] [01m[K/home/dtc/humanflow/ros2_ghadron_gimbal/src/gimbal_status/../PayloadSdk/libs/gSDK/src/mavlink/include/mavlink/v2.0/common/./mavlink_msg_home_position.h:191:218:[m[K [01;35m[Kwarning: [m[Ktaking address of packed member of ‘[01m[K__mavlink_home_position_t[m[K’ may result in an unaligned pointer value [[01;35m[K-Waddress-of-packed-member[m[K]
[12.505s]   191 | ion->altitude, home_position->x, home_position->y, home_position->z, [01;35m[Khome_position->q[m[K, home_position->approach_x, home_position->approach_y, home_position->approach_z, home_position->time_usec);
[12.505s]       |                                                                      [01;35m[K~~~~~~~~~~~~~~~^[m[K
[12.505s] 
[12.505s] [01m[K/home/dtc/humanflow/ros2_ghadron_gimbal/src/gimbal_status/../PayloadSdk/libs/gSDK/src/mavlink/include/mavlink/v2.0/common/./mavlink_msg_home_position.h:[m[K In function ‘[01m[Kuint16_t mavlink_msg_home_position_encode_chan(uint8_t, uint8_t, uint8_t, mavlink_message_t*, const mavlink_home_position_t*)[m[K’:
[12.505s] [01m[K/home/dtc/humanflow/ros2_ghadron_gimbal/src/gimbal_status/../PayloadSdk/libs/gSDK/src/mavlink/include/mavlink/v2.0/common/./mavlink_msg_home_position.h:205:229:[m[K [01;35m[Kwarning: [m[Ktaking address of packed member of ‘[01m[K__mavlink_home_position_t[m[K’ may result in an unaligned pointer value [[01;35m[K-Waddress-of-packed-member[m[K]
[12.505s]   205 | ion->altitude, home_position->x, home_position->y, home_position->z, [01;35m[Khome_position->q[m[K, home_position->approach_x, home_position->approach_y, home_position->approach_z, home_position->time_usec);
[12.506s]       |                                                                      [01;35m[K~~~~~~~~~~~~~~~^[m[K
[12.506s] 
[12.506s] In file included from [01m[K/home/dtc/humanflow/ros2_ghadron_gimbal/src/gimbal_status/../PayloadSdk/libs/gSDK/src/mavlink/include/mavlink/v2.0/common/common.h:2638[m[K,
[12.506s]                  from [01m[K/home/dtc/humanflow/ros2_ghadron_gimbal/src/gimbal_status/../PayloadSdk/libs/gSDK/src/mavlink/include/mavlink/v2.0/common/mavlink.h:32[m[K,
[12.506s]                  from [01m[K/home/dtc/humanflow/ros2_ghadron_gimbal/src/gimbal_status/../PayloadSdk/libs/aarch64/payloadsdk.h:5[m[K,
[12.507s]                  from [01m[K/home/dtc/humanflow/ros2_ghadron_gimbal/src/gimbal_status/../PayloadSdk/libs/aarch64/payloadSdkInterface.h:5[m[K,
[12.507s]                  from [01m[K/home/dtc/humanflow/ros2_ghadron_gimbal/src/gimbal_status/src/gimbal_status_node.cpp:3[m[K:
[12.507s] [01m[K/home/dtc/humanflow/ros2_ghadron_gimbal/src/gimbal_status/../PayloadSdk/libs/gSDK/src/mavlink/include/mavlink/v2.0/common/./mavlink_msg_set_home_position.h:[m[K In function ‘[01m[Kuint16_t mavlink_msg_set_home_position_encode(uint8_t, uint8_t, mavlink_message_t*, const mavlink_set_home_position_t*)[m[K’:
[12.507s] [01m[K/home/dtc/humanflow/ros2_ghadron_gimbal/src/gimbal_status/../PayloadSdk/libs/gSDK/src/mavlink/include/mavlink/v2.0/common/./mavlink_msg_set_home_position.h:200:284:[m[K [01;35m[Kwarning: [m[Ktaking address of packed member of ‘[01m[K__mavlink_set_home_position_t[m[K’ may result in an unaligned pointer value [[01;35m[K-Waddress-of-packed-member[m[K]
[12.507s]   200 | et_home_position->x, set_home_position->y, set_home_position->z, [01;35m[Kset_home_position->q[m[K, set_home_position->approach_x, set_home_position->approach_y, set_home_position->approach_z, set_home_position->time_usec);
[12.507s]       |                                                                  [01;35m[K~~~~~~~~~~~~~~~~~~~^[m[K
[12.507s] 
[12.508s] [01m[K/home/dtc/humanflow/ros2_ghadron_gimbal/src/gimbal_status/../PayloadSdk/libs/gSDK/src/mavlink/include/mavlink/v2.0/common/./mavlink_msg_set_home_position.h:[m[K In function ‘[01m[Kuint16_t mavlink_msg_set_home_position_encode_chan(uint8_t, uint8_t, uint8_t, mavlink_message_t*, const mavlink_set_home_position_t*)[m[K’:
[12.508s] [01m[K/home/dtc/humanflow/ros2_ghadron_gimbal/src/gimbal_status/../PayloadSdk/libs/gSDK/src/mavlink/include/mavlink/v2.0/common/./mavlink_msg_set_home_position.h:214:295:[m[K [01;35m[Kwarning: [m[Ktaking address of packed member of ‘[01m[K__mavlink_set_home_position_t[m[K’ may result in an unaligned pointer value [[01;35m[K-Waddress-of-packed-member[m[K]
[12.508s]   214 | et_home_position->x, set_home_position->y, set_home_position->z, [01;35m[Kset_home_position->q[m[K, set_home_position->approach_x, set_home_position->approach_y, set_home_position->approach_z, set_home_position->time_usec);
[12.508s]       |                                                                  [01;35m[K~~~~~~~~~~~~~~~~~~~^[m[K
[12.508s] 
[12.624s] In file included from [01m[K/home/dtc/humanflow/ros2_ghadron_gimbal/src/gimbal_status/../PayloadSdk/libs/gSDK/src/mavlink/include/mavlink/v2.0/common/common.h:2688[m[K,
[12.624s]                  from [01m[K/home/dtc/humanflow/ros2_ghadron_gimbal/src/gimbal_status/../PayloadSdk/libs/gSDK/src/mavlink/include/mavlink/v2.0/common/mavlink.h:32[m[K,
[12.624s]                  from [01m[K/home/dtc/humanflow/ros2_ghadron_gimbal/src/gimbal_status/../PayloadSdk/libs/aarch64/payloadsdk.h:5[m[K,
[12.624s]                  from [01m[K/home/dtc/humanflow/ros2_ghadron_gimbal/src/gimbal_status/../PayloadSdk/libs/aarch64/payloadSdkInterface.h:5[m[K,
[12.624s]                  from [01m[K/home/dtc/humanflow/ros2_ghadron_gimbal/src/gimbal_status/src/gimbal_status_node.cpp:3[m[K:
[12.625s] [01m[K/home/dtc/humanflow/ros2_ghadron_gimbal/src/gimbal_status/../PayloadSdk/libs/gSDK/src/mavlink/include/mavlink/v2.0/common/./mavlink_msg_obstacle_distance.h:[m[K In function ‘[01m[Kuint16_t mavlink_msg_obstacle_distance_encode(uint8_t, uint8_t, mavlink_message_t*, const mavlink_obstacle_distance_t*)[m[K’:
[12.625s] [01m[K/home/dtc/humanflow/ros2_ghadron_gimbal/src/gimbal_status/../PayloadSdk/libs/gSDK/src/mavlink/include/mavlink/v2.0/common/./mavlink_msg_obstacle_distance.h:173:158:[m[K [01;35m[Kwarning: [m[Ktaking address of packed member of ‘[01m[K__mavlink_obstacle_distance_t[m[K’ may result in an unaligned pointer value [[01;35m[K-Waddress-of-packed-member[m[K]
[12.625s]   173 | g, obstacle_distance->time_usec, obstacle_distance->sensor_type, [01;35m[Kobstacle_distance->distances[m[K, obstacle_distance->increment, obstacle_distance->min_distance, obstacle_distance->max_distance, obstacle_distance->increment_f, obstacle_distance->angle_offset, obstacle_distance->frame);
[12.625s]       |                                                                  [01;35m[K~~~~~~~~~~~~~~~~~~~^~~~~~~~~[m[K
[12.625s] 
[12.625s] [01m[K/home/dtc/humanflow/ros2_ghadron_gimbal/src/gimbal_status/../PayloadSdk/libs/gSDK/src/mavlink/include/mavlink/v2.0/common/./mavlink_msg_obstacle_distance.h:[m[K In function ‘[01m[Kuint16_t mavlink_msg_obstacle_distance_encode_chan(uint8_t, uint8_t, uint8_t, mavlink_message_t*, const mavlink_obstacle_distance_t*)[m[K’:
[12.625s] [01m[K/home/dtc/humanflow/ros2_ghadron_gimbal/src/gimbal_status/../PayloadSdk/libs/gSDK/src/mavlink/include/mavlink/v2.0/common/./mavlink_msg_obstacle_distance.h:187:169:[m[K [01;35m[Kwarning: [m[Ktaking address of packed member of ‘[01m[K__mavlink_obstacle_distance_t[m[K’ may result in an unaligned pointer value [[01;35m[K-Waddress-of-packed-member[m[K]
[12.625s]   187 | g, obstacle_distance->time_usec, obstacle_distance->sensor_type, [01;35m[Kobstacle_distance->distances[m[K, obstacle_distance->increment, obstacle_distance->min_distance, obstacle_distance->max_distance, obstacle_distance->increment_f, obstacle_distance->angle_offset, obstacle_distance->frame);
[12.626s]       |                                                                  [01;35m[K~~~~~~~~~~~~~~~~~~~^~~~~~~~~[m[K
[12.626s] 
[12.796s] In file included from [01m[K/home/dtc/humanflow/ros2_ghadron_gimbal/src/gimbal_status/../PayloadSdk/libs/gSDK/src/gimbal_protocol_v2.h:37[m[K,
[12.796s]                  from [01m[K/home/dtc/humanflow/ros2_ghadron_gimbal/src/gimbal_status/../PayloadSdk/libs/aarch64/payloadSdkInterface.h:6[m[K,
[12.796s]                  from [01m[K/home/dtc/humanflow/ros2_ghadron_gimbal/src/gimbal_status/src/gimbal_status_node.cpp:3[m[K:
[12.796s] [01m[K/home/dtc/humanflow/ros2_ghadron_gimbal/src/gimbal_status/../PayloadSdk/libs/gSDK/src/gimbal_protocol.h:[m[K At global scope:
[12.796s] [01m[K/home/dtc/humanflow/ros2_ghadron_gimbal/src/gimbal_status/../PayloadSdk/libs/gSDK/src/gimbal_protocol.h:255:36:[m[K [01;35m[Kwarning: [m[Kmissing initializer for member ‘[01m[K__mavlink_system::compid[m[K’ [[01;35m[K-Wmissing-field-initializers[m[K]
[12.796s]   255 |     mavlink_system_t _gimbal = { 0 [01;35m[K}[m[K;
[12.796s]       |                                    [01;35m[K^[m[K
[12.796s] [01m[K/home/dtc/humanflow/ros2_ghadron_gimbal/src/gimbal_status/../PayloadSdk/libs/gSDK/src/gimbal_protocol.h:258:38:[m[K [01;35m[Kwarning: [m[Kmissing initializer for member ‘[01m[K__mavlink_command_ack_t::result[m[K’ [[01;35m[K-Wmissing-field-initializers[m[K]
[12.797s]   258 |     mavlink_command_ack_t _ack = { 0 [01;35m[K}[m[K;
[12.797s]       |                                      [01;35m[K^[m[K
[12.797s] [01m[K/home/dtc/humanflow/ros2_ghadron_gimbal/src/gimbal_status/../PayloadSdk/libs/gSDK/src/gimbal_protocol.h:258:38:[m[K [01;35m[Kwarning: [m[Kmissing initializer for member ‘[01m[K__mavlink_command_ack_t::progress[m[K’ [[01;35m[K-Wmissing-field-initializers[m[K]
[12.797s] [01m[K/home/dtc/humanflow/ros2_ghadron_gimbal/src/gimbal_status/../PayloadSdk/libs/gSDK/src/gimbal_protocol.h:258:38:[m[K [01;35m[Kwarning: [m[Kmissing initializer for member ‘[01m[K__mavlink_command_ack_t::result_param2[m[K’ [[01;35m[K-Wmissing-field-initializers[m[K]
[12.797s] [01m[K/home/dtc/humanflow/ros2_ghadron_gimbal/src/gimbal_status/../PayloadSdk/libs/gSDK/src/gimbal_protocol.h:258:38:[m[K [01;35m[Kwarning: [m[Kmissing initializer for member ‘[01m[K__mavlink_command_ack_t::target_system[m[K’ [[01;35m[K-Wmissing-field-initializers[m[K]
[12.797s] [01m[K/home/dtc/humanflow/ros2_ghadron_gimbal/src/gimbal_status/../PayloadSdk/libs/gSDK/src/gimbal_protocol.h:258:38:[m[K [01;35m[Kwarning: [m[Kmissing initializer for member ‘[01m[K__mavlink_command_ack_t::target_component[m[K’ [[01;35m[K-Wmissing-field-initializers[m[K]
[15.391s] In file included from [01m[K/home/dtc/humanflow/ros2_ghadron_gimbal/src/gimbal_status/../PayloadSdk/libs/aarch64/payloadSdkInterface.h:5[m[K,
[15.391s]                  from [01m[K/home/dtc/humanflow/ros2_ghadron_gimbal/src/gimbal_status/src/gimbal_status_node.cpp:3[m[K:
[15.391s] [01m[K/home/dtc/humanflow/ros2_ghadron_gimbal/src/gimbal_status/../PayloadSdk/libs/aarch64/payloadsdk.h:27:12:[m[K [01;35m[Kwarning: [m[K‘[01m[Kpayload_uart_baud[m[K’ defined but not used [[01;35m[K-Wunused-variable[m[K]
[15.392s]    27 | static int [01;35m[Kpayload_uart_baud[m[K = 115200;
[15.392s]       |            [01;35m[K^~~~~~~~~~~~~~~~~[m[K
[15.392s] [01m[K/home/dtc/humanflow/ros2_ghadron_gimbal/src/gimbal_status/../PayloadSdk/libs/aarch64/payloadsdk.h:26:14:[m[K [01;35m[Kwarning: [m[K‘[01m[Kpayload_uart_port[m[K’ defined but not used [[01;35m[K-Wunused-variable[m[K]
[15.392s]    26 | static char *[01;35m[Kpayload_uart_port[m[K = (char*)"/dev/ttyUSB0";
[15.392s]       |              [01;35m[K^~~~~~~~~~~~~~~~~[m[K
[19.767s] [100%] [32m[1mLinking CXX executable gimbal_status_node[0m
[20.456s] [100%] Built target gimbal_status_node
[20.482s] Invoked command in '/home/dtc/humanflow/ros2_ghadron_gimbal/build/gimbal_status' returned '0': CMAKE_PREFIX_PATH=/opt/ros/humble /usr/bin/cmake --build /home/dtc/humanflow/ros2_ghadron_gimbal/build/gimbal_status -- -j4 -l4
[20.502s] Invoking command in '/home/dtc/humanflow/ros2_ghadron_gimbal/build/gimbal_status': CMAKE_PREFIX_PATH=/opt/ros/humble /usr/bin/cmake --install /home/dtc/humanflow/ros2_ghadron_gimbal/build/gimbal_status
[20.519s] -- Install configuration: "Debug"
[20.521s] -- Installing: /home/dtc/humanflow/ros2_ghadron_gimbal/install/gimbal_status/lib/gimbal_status/gimbal_status_node
[20.529s] -- Set runtime path of "/home/dtc/humanflow/ros2_ghadron_gimbal/install/gimbal_status/lib/gimbal_status/gimbal_status_node" to ""
[20.530s] -- Installing: /home/dtc/humanflow/ros2_ghadron_gimbal/install/gimbal_status/share/ament_index/resource_index/package_run_dependencies/gimbal_status
[20.531s] -- Installing: /home/dtc/humanflow/ros2_ghadron_gimbal/install/gimbal_status/share/ament_index/resource_index/parent_prefix_path/gimbal_status
[20.532s] -- Installing: /home/dtc/humanflow/ros2_ghadron_gimbal/install/gimbal_status/share/gimbal_status/environment/ament_prefix_path.sh
[20.533s] -- Installing: /home/dtc/humanflow/ros2_ghadron_gimbal/install/gimbal_status/share/gimbal_status/environment/ament_prefix_path.dsv
[20.534s] -- Installing: /home/dtc/humanflow/ros2_ghadron_gimbal/install/gimbal_status/share/gimbal_status/environment/path.sh
[20.534s] -- Installing: /home/dtc/humanflow/ros2_ghadron_gimbal/install/gimbal_status/share/gimbal_status/environment/path.dsv
[20.535s] -- Installing: /home/dtc/humanflow/ros2_ghadron_gimbal/install/gimbal_status/share/gimbal_status/local_setup.bash
[20.539s] -- Installing: /home/dtc/humanflow/ros2_ghadron_gimbal/install/gimbal_status/share/gimbal_status/local_setup.sh
[20.539s] -- Installing: /home/dtc/humanflow/ros2_ghadron_gimbal/install/gimbal_status/share/gimbal_status/local_setup.zsh
[20.539s] -- Installing: /home/dtc/humanflow/ros2_ghadron_gimbal/install/gimbal_status/share/gimbal_status/local_setup.dsv
[20.539s] -- Installing: /home/dtc/humanflow/ros2_ghadron_gimbal/install/gimbal_status/share/gimbal_status/package.dsv
[20.539s] -- Installing: /home/dtc/humanflow/ros2_ghadron_gimbal/install/gimbal_status/share/ament_index/resource_index/packages/gimbal_status
[20.540s] -- Installing: /home/dtc/humanflow/ros2_ghadron_gimbal/install/gimbal_status/share/gimbal_status/cmake/gimbal_statusConfig.cmake
[20.540s] -- Installing: /home/dtc/humanflow/ros2_ghadron_gimbal/install/gimbal_status/share/gimbal_status/cmake/gimbal_statusConfig-version.cmake
[20.542s] -- Installing: /home/dtc/humanflow/ros2_ghadron_gimbal/install/gimbal_status/share/gimbal_status/package.xml
[20.551s] Invoked command in '/home/dtc/humanflow/ros2_ghadron_gimbal/build/gimbal_status' returned '0': CMAKE_PREFIX_PATH=/opt/ros/humble /usr/bin/cmake --install /home/dtc/humanflow/ros2_ghadron_gimbal/build/gimbal_status
