[0.000000] (-) TimerEvent: {}
[0.000311] (eo_zoom) JobQueued: {'identifier': 'eo_zoom', 'dependencies': OrderedDict()}
[0.001067] (gimbal_angle_control) JobQueued: {'identifier': 'gimbal_angle_control', 'dependencies': OrderedDict()}
[0.001334] (gimbal_status) JobQueued: {'identifier': 'gimbal_status', 'dependencies': OrderedDict()}
[0.001541] (human_tracking) JobQueued: {'identifier': 'human_tracking', 'dependencies': OrderedDict()}
[0.001634] (image_viewer) JobQueued: {'identifier': 'image_viewer', 'dependencies': OrderedDict()}
[0.001778] (stream_publisher) JobQueued: {'identifier': 'stream_publisher', 'dependencies': OrderedDict()}
[0.001854] (yolo_detection) JobQueued: {'identifier': 'yolo_detection', 'dependencies': OrderedDict()}
[0.001897] (gimbal_bringup) JobQueued: {'identifier': 'gimbal_bringup', 'dependencies': OrderedDict([('eo_zoom', '/home/dtc/humanflow/ros2_ghadron_gimbal/install/eo_zoom'), ('gimbal_angle_control', '/home/dtc/humanflow/ros2_ghadron_gimbal/install/gimbal_angle_control'), ('gimbal_status', '/home/dtc/humanflow/ros2_ghadron_gimbal/install/gimbal_status'), ('human_tracking', '/home/dtc/humanflow/ros2_ghadron_gimbal/install/human_tracking'), ('yolo_detection', '/home/dtc/humanflow/ros2_ghadron_gimbal/install/yolo_detection')])}
[0.001957] (eo_zoom) JobStarted: {'identifier': 'eo_zoom'}
[0.015817] (gimbal_angle_control) JobStarted: {'identifier': 'gimbal_angle_control'}
[0.020980] (gimbal_status) JobStarted: {'identifier': 'gimbal_status'}
[0.026770] (human_tracking) JobStarted: {'identifier': 'human_tracking'}
[0.041129] (eo_zoom) JobProgress: {'identifier': 'eo_zoom', 'progress': 'cmake'}
[0.042474] (eo_zoom) JobProgress: {'identifier': 'eo_zoom', 'progress': 'build'}
[0.043823] (eo_zoom) Command: {'cmd': ['/usr/bin/cmake', '--build', '/home/dtc/humanflow/ros2_ghadron_gimbal/build/eo_zoom', '--', '-j4', '-l4'], 'cwd': '/home/dtc/humanflow/ros2_ghadron_gimbal/build/eo_zoom', 'env': OrderedDict([('RCUTILS_LOGGING_BUFFERED_STREAM', '1'), ('HOSTNAME', 'dtc-desktop'), ('SHLVL', '1'), ('RCUTILS_CONSOLE_OUTPUT_FORMAT', '[{severity}] [{name}]: {message}'), ('LD_LIBRARY_PATH', '/opt/ros/humble/lib/aarch64-linux-gnu:/opt/ros/humble/lib'), ('HOME', '/root'), ('OLDPWD', '/home/dtc/humanflow/ros2_ghadron_gimbal'), ('ROS_PYTHON_VERSION', '3'), ('ROS_DISTRO', 'humble'), ('_', '/usr/bin/colcon'), ('ROS_VERSION', '2'), ('NVIDIA_DRIVER_CAPABILITIES', 'all'), ('ROS_LOCALHOST_ONLY', '0'), ('QT_X11_NO_MITSHM', '1'), ('PATH', '/opt/ros/humble/bin:/usr/local/sbin:/usr/local/bin:/usr/sbin:/usr/bin:/sbin:/bin'), ('DISPLAY', ''), ('LANG', 'C.UTF-8'), ('ROS_DOMAIN_ID', '70'), ('AMENT_PREFIX_PATH', '/opt/ros/humble'), ('RCUTILS_LOGGING_USE_STDOUT', '1'), ('PWD', '/home/dtc/humanflow/ros2_ghadron_gimbal/build/eo_zoom'), ('LC_ALL', 'C.UTF-8'), ('RCUTILS_COLORIZED_OUTPUT', '1'), ('PYTHONPATH', '/opt/ros/humble/lib/python3.10/site-packages:/opt/ros/humble/local/lib/python3.10/dist-packages'), ('NVIDIA_VISIBLE_DEVICES', 'void'), ('COLCON', '1'), ('CMAKE_PREFIX_PATH', '/opt/ros/humble')]), 'shell': False}
[0.047320] (gimbal_angle_control) JobProgress: {'identifier': 'gimbal_angle_control', 'progress': 'cmake'}
[0.048634] (gimbal_angle_control) JobProgress: {'identifier': 'gimbal_angle_control', 'progress': 'build'}
[0.049268] (gimbal_angle_control) Command: {'cmd': ['/usr/bin/cmake', '--build', '/home/dtc/humanflow/ros2_ghadron_gimbal/build/gimbal_angle_control', '--', '-j4', '-l4'], 'cwd': '/home/dtc/humanflow/ros2_ghadron_gimbal/build/gimbal_angle_control', 'env': OrderedDict([('RCUTILS_LOGGING_BUFFERED_STREAM', '1'), ('HOSTNAME', 'dtc-desktop'), ('SHLVL', '1'), ('RCUTILS_CONSOLE_OUTPUT_FORMAT', '[{severity}] [{name}]: {message}'), ('LD_LIBRARY_PATH', '/opt/ros/humble/lib/aarch64-linux-gnu:/opt/ros/humble/lib'), ('HOME', '/root'), ('OLDPWD', '/home/dtc/humanflow/ros2_ghadron_gimbal'), ('ROS_PYTHON_VERSION', '3'), ('ROS_DISTRO', 'humble'), ('_', '/usr/bin/colcon'), ('ROS_VERSION', '2'), ('NVIDIA_DRIVER_CAPABILITIES', 'all'), ('ROS_LOCALHOST_ONLY', '0'), ('QT_X11_NO_MITSHM', '1'), ('PATH', '/opt/ros/humble/bin:/usr/local/sbin:/usr/local/bin:/usr/sbin:/usr/bin:/sbin:/bin'), ('DISPLAY', ''), ('LANG', 'C.UTF-8'), ('ROS_DOMAIN_ID', '70'), ('AMENT_PREFIX_PATH', '/opt/ros/humble'), ('RCUTILS_LOGGING_USE_STDOUT', '1'), ('PWD', '/home/dtc/humanflow/ros2_ghadron_gimbal/build/gimbal_angle_control'), ('LC_ALL', 'C.UTF-8'), ('RCUTILS_COLORIZED_OUTPUT', '1'), ('PYTHONPATH', '/opt/ros/humble/lib/python3.10/site-packages:/opt/ros/humble/local/lib/python3.10/dist-packages'), ('NVIDIA_VISIBLE_DEVICES', 'void'), ('COLCON', '1'), ('CMAKE_PREFIX_PATH', '/opt/ros/humble')]), 'shell': False}
[0.052005] (gimbal_status) JobProgress: {'identifier': 'gimbal_status', 'progress': 'cmake'}
[0.053286] (gimbal_status) JobProgress: {'identifier': 'gimbal_status', 'progress': 'build'}
[0.053849] (gimbal_status) Command: {'cmd': ['/usr/bin/cmake', '--build', '/home/dtc/humanflow/ros2_ghadron_gimbal/build/gimbal_status', '--', '-j4', '-l4'], 'cwd': '/home/dtc/humanflow/ros2_ghadron_gimbal/build/gimbal_status', 'env': OrderedDict([('RCUTILS_LOGGING_BUFFERED_STREAM', '1'), ('HOSTNAME', 'dtc-desktop'), ('SHLVL', '1'), ('RCUTILS_CONSOLE_OUTPUT_FORMAT', '[{severity}] [{name}]: {message}'), ('LD_LIBRARY_PATH', '/opt/ros/humble/lib/aarch64-linux-gnu:/opt/ros/humble/lib'), ('HOME', '/root'), ('OLDPWD', '/home/dtc/humanflow/ros2_ghadron_gimbal'), ('ROS_PYTHON_VERSION', '3'), ('ROS_DISTRO', 'humble'), ('_', '/usr/bin/colcon'), ('ROS_VERSION', '2'), ('NVIDIA_DRIVER_CAPABILITIES', 'all'), ('ROS_LOCALHOST_ONLY', '0'), ('QT_X11_NO_MITSHM', '1'), ('PATH', '/opt/ros/humble/bin:/usr/local/sbin:/usr/local/bin:/usr/sbin:/usr/bin:/sbin:/bin'), ('DISPLAY', ''), ('LANG', 'C.UTF-8'), ('ROS_DOMAIN_ID', '70'), ('AMENT_PREFIX_PATH', '/opt/ros/humble'), ('RCUTILS_LOGGING_USE_STDOUT', '1'), ('PWD', '/home/dtc/humanflow/ros2_ghadron_gimbal/build/gimbal_status'), ('LC_ALL', 'C.UTF-8'), ('RCUTILS_COLORIZED_OUTPUT', '1'), ('PYTHONPATH', '/opt/ros/humble/lib/python3.10/site-packages:/opt/ros/humble/local/lib/python3.10/dist-packages'), ('NVIDIA_VISIBLE_DEVICES', 'void'), ('COLCON', '1'), ('CMAKE_PREFIX_PATH', '/opt/ros/humble')]), 'shell': False}
[0.099268] (-) TimerEvent: {}
[0.199687] (-) TimerEvent: {}
[0.300089] (-) TimerEvent: {}
[0.400483] (-) TimerEvent: {}
[0.500863] (-) TimerEvent: {}
[0.601266] (-) TimerEvent: {}
[0.638670] (eo_zoom) StderrLine: {'line': b'-- GHADRON: 1\n'}
[0.639860] (eo_zoom) StdoutLine: {'line': b'-- Found ament_cmake: 1.3.11 (/opt/ros/humble/share/ament_cmake/cmake)\n'}
[0.640100] (eo_zoom) StdoutLine: {'line': b'-- Found rclcpp: 16.0.11 (/opt/ros/humble/share/rclcpp/cmake)\n'}
[0.640256] (eo_zoom) StdoutLine: {'line': b'-- Found rosidl_generator_c: 3.1.6 (/opt/ros/humble/share/rosidl_generator_c/cmake)\n'}
[0.640440] (eo_zoom) StdoutLine: {'line': b'-- Found rosidl_adapter: 3.1.6 (/opt/ros/humble/share/rosidl_adapter/cmake)\n'}
[0.640586] (eo_zoom) StdoutLine: {'line': b'-- Found rosidl_generator_cpp: 3.1.6 (/opt/ros/humble/share/rosidl_generator_cpp/cmake)\n'}
[0.640720] (eo_zoom) StdoutLine: {'line': b'-- Using all available rosidl_typesupport_c: rosidl_typesupport_fastrtps_c;rosidl_typesupport_introspection_c\n'}
[0.640850] (gimbal_angle_control) StderrLine: {'line': b'-- GHADRON: 1\n'}
[0.641048] (gimbal_angle_control) StdoutLine: {'line': b'-- Found ament_cmake: 1.3.11 (/opt/ros/humble/share/ament_cmake/cmake)\n'}
[0.641207] (gimbal_angle_control) StdoutLine: {'line': b'-- Found rclcpp: 16.0.11 (/opt/ros/humble/share/rclcpp/cmake)\n'}
[0.641337] (gimbal_angle_control) StdoutLine: {'line': b'-- Found rosidl_generator_c: 3.1.6 (/opt/ros/humble/share/rosidl_generator_c/cmake)\n'}
[0.641465] (gimbal_angle_control) StdoutLine: {'line': b'-- Found rosidl_adapter: 3.1.6 (/opt/ros/humble/share/rosidl_adapter/cmake)\n'}
[0.641591] (gimbal_angle_control) StdoutLine: {'line': b'-- Found rosidl_generator_cpp: 3.1.6 (/opt/ros/humble/share/rosidl_generator_cpp/cmake)\n'}
[0.641713] (gimbal_angle_control) StdoutLine: {'line': b'-- Using all available rosidl_typesupport_c: rosidl_typesupport_fastrtps_c;rosidl_typesupport_introspection_c\n'}
[0.641836] (gimbal_angle_control) StdoutLine: {'line': b'-- Using all available rosidl_typesupport_cpp: rosidl_typesupport_fastrtps_cpp;rosidl_typesupport_introspection_cpp\n'}
[0.641983] (gimbal_status) StderrLine: {'line': b'-- GHADRON: 1\n'}
[0.642169] (gimbal_status) StdoutLine: {'line': b'-- Found ament_cmake: 1.3.11 (/opt/ros/humble/share/ament_cmake/cmake)\n'}
[0.642324] (gimbal_status) StdoutLine: {'line': b'-- Found rclcpp: 16.0.11 (/opt/ros/humble/share/rclcpp/cmake)\n'}
[0.642452] (gimbal_status) StdoutLine: {'line': b'-- Found rosidl_generator_c: 3.1.6 (/opt/ros/humble/share/rosidl_generator_c/cmake)\n'}
[0.642577] (gimbal_status) StdoutLine: {'line': b'-- Found rosidl_adapter: 3.1.6 (/opt/ros/humble/share/rosidl_adapter/cmake)\n'}
[0.642699] (gimbal_status) StdoutLine: {'line': b'-- Found rosidl_generator_cpp: 3.1.6 (/opt/ros/humble/share/rosidl_generator_cpp/cmake)\n'}
[0.642821] (gimbal_status) StdoutLine: {'line': b'-- Using all available rosidl_typesupport_c: rosidl_typesupport_fastrtps_c;rosidl_typesupport_introspection_c\n'}
[0.642943] (gimbal_status) StdoutLine: {'line': b'-- Using all available rosidl_typesupport_cpp: rosidl_typesupport_fastrtps_cpp;rosidl_typesupport_introspection_cpp\n'}
[0.665619] (gimbal_status) StdoutLine: {'line': b'-- Found rmw_implementation_cmake: 6.1.2 (/opt/ros/humble/share/rmw_implementation_cmake/cmake)\n'}
[0.666068] (gimbal_status) StdoutLine: {'line': b'-- Found rmw_fastrtps_cpp: 6.2.7 (/opt/ros/humble/share/rmw_fastrtps_cpp/cmake)\n'}
[0.688653] (gimbal_angle_control) StdoutLine: {'line': b'-- Found rmw_implementation_cmake: 6.1.2 (/opt/ros/humble/share/rmw_implementation_cmake/cmake)\n'}
[0.692042] (eo_zoom) StdoutLine: {'line': b'-- Using all available rosidl_typesupport_cpp: rosidl_typesupport_fastrtps_cpp;rosidl_typesupport_introspection_cpp\n'}
[0.693434] (gimbal_angle_control) StdoutLine: {'line': b'-- Found rmw_fastrtps_cpp: 6.2.7 (/opt/ros/humble/share/rmw_fastrtps_cpp/cmake)\n'}
[0.701379] (-) TimerEvent: {}
[0.789153] (eo_zoom) StdoutLine: {'line': b'-- Found rmw_implementation_cmake: 6.1.2 (/opt/ros/humble/share/rmw_implementation_cmake/cmake)\n'}
[0.793298] (eo_zoom) StdoutLine: {'line': b'-- Found rmw_fastrtps_cpp: 6.2.7 (/opt/ros/humble/share/rmw_fastrtps_cpp/cmake)\n'}
[0.801537] (-) TimerEvent: {}
[0.845276] (gimbal_status) StdoutLine: {'line': b"-- Using RMW implementation 'rmw_fastrtps_cpp' as default\n"}
[0.901709] (-) TimerEvent: {}
[0.949372] (gimbal_angle_control) StdoutLine: {'line': b"-- Using RMW implementation 'rmw_fastrtps_cpp' as default\n"}
[1.001876] (-) TimerEvent: {}
[1.004143] (eo_zoom) StdoutLine: {'line': b"-- Using RMW implementation 'rmw_fastrtps_cpp' as default\n"}
[1.012601] (gimbal_status) StdoutLine: {'line': b'-- Found geometry_msgs: 4.2.4 (/opt/ros/humble/share/geometry_msgs/cmake)\n'}
[1.053153] (gimbal_angle_control) StdoutLine: {'line': b'-- Found geometry_msgs: 4.2.4 (/opt/ros/humble/share/geometry_msgs/cmake)\n'}
[1.100996] (gimbal_status) StderrLine: {'line': b'CMake Error at CMakeLists.txt:45 (message):\n'}
[1.102688] (-) TimerEvent: {}
[1.102937] (gimbal_status) StderrLine: {'line': b'  Failed to build PayloadSDK: CMake Error: The source directory\n'}
[1.103862] (gimbal_status) StderrLine: {'line': b'  "/home/dtc/humanflow/ros2_ghadron_gimbal/src/PayloadSdk" does not appear to\n'}
[1.104837] (gimbal_status) StderrLine: {'line': b'  contain CMakeLists.txt.\n'}
[1.105786] (gimbal_status) StderrLine: {'line': b'\n'}
[1.106703] (gimbal_status) StderrLine: {'line': b'  Specify --help for usage, or press the help button on the CMake GUI.\n'}
[1.107628] (gimbal_status) StderrLine: {'line': b'\n'}
[1.108650] (gimbal_status) StderrLine: {'line': b'\n'}
[1.109590] (gimbal_status) StderrLine: {'line': b'\n'}
[1.110516] (gimbal_status) StdoutLine: {'line': b'-- Configuring incomplete, errors occurred!\n'}
[1.111478] (gimbal_status) StdoutLine: {'line': b'See also "/home/dtc/humanflow/ros2_ghadron_gimbal/build/gimbal_status/CMakeFiles/CMakeOutput.log".\n'}
[1.119774] (gimbal_status) StderrLine: {'line': b'gmake: *** [Makefile:267: cmake_check_build_system] Error 1\n'}
[1.133293] (gimbal_angle_control) StderrLine: {'line': b'CMake Error at CMakeLists.txt:45 (message):\n'}
[1.133760] (gimbal_angle_control) StderrLine: {'line': b'  Failed to build PayloadSDK: CMake Error: The source directory\n'}
[1.133931] (gimbal_angle_control) StderrLine: {'line': b'  "/home/dtc/humanflow/ros2_ghadron_gimbal/src/PayloadSdk" does not appear to\n'}
[1.134078] (gimbal_angle_control) StderrLine: {'line': b'  contain CMakeLists.txt.\n'}
[1.134215] (gimbal_angle_control) StderrLine: {'line': b'\n'}
[1.134345] (gimbal_angle_control) StderrLine: {'line': b'  Specify --help for usage, or press the help button on the CMake GUI.\n'}
[1.134473] (gimbal_angle_control) StderrLine: {'line': b'\n'}
[1.134595] (gimbal_angle_control) StderrLine: {'line': b'\n'}
[1.134720] (gimbal_angle_control) StderrLine: {'line': b'\n'}
[1.134847] (gimbal_angle_control) StdoutLine: {'line': b'-- Configuring incomplete, errors occurred!\n'}
[1.137238] (gimbal_angle_control) StdoutLine: {'line': b'See also "/home/dtc/humanflow/ros2_ghadron_gimbal/build/gimbal_angle_control/CMakeFiles/CMakeOutput.log".\n'}
[1.137442] (gimbal_status) CommandEnded: {'returncode': 2}
[1.165599] (gimbal_status) JobEnded: {'identifier': 'gimbal_status', 'rc': 2}
[1.169003] (gimbal_angle_control) StderrLine: {'line': b'gmake: *** [Makefile:267: cmake_check_build_system] Error 1\n'}
[1.170500] (gimbal_angle_control) JobEnded: {'identifier': 'gimbal_angle_control', 'rc': 'SIGINT'}
[1.183249] (eo_zoom) StderrLine: {'line': b'CMake Error at CMakeLists.txt:45 (message):\n'}
[1.185408] (eo_zoom) StderrLine: {'line': b'  Failed to build PayloadSDK: CMake Error: The source directory\n'}
[1.186816] (eo_zoom) StderrLine: {'line': b'  "/home/dtc/humanflow/ros2_ghadron_gimbal/src/PayloadSdk" does not appear to\n'}
[1.187830] (eo_zoom) StderrLine: {'line': b'  contain CMakeLists.txt.\n'}
[1.188839] (eo_zoom) StderrLine: {'line': b'\n'}
[1.189744] (eo_zoom) StderrLine: {'line': b'  Specify --help for usage, or press the help button on the CMake GUI.\n'}
[1.190647] (eo_zoom) StderrLine: {'line': b'\n'}
[1.191564] (eo_zoom) StderrLine: {'line': b'\n'}
[1.192507] (eo_zoom) StderrLine: {'line': b'\n'}
[1.193811] (eo_zoom) StdoutLine: {'line': b'-- Configuring incomplete, errors occurred!\n'}
[1.194813] (eo_zoom) StdoutLine: {'line': b'See also "/home/dtc/humanflow/ros2_ghadron_gimbal/build/eo_zoom/CMakeFiles/CMakeOutput.log".\n'}
[1.200871] (eo_zoom) StderrLine: {'line': b'gmake: *** [Makefile:267: cmake_check_build_system] Error 1\n'}
[1.202782] (-) TimerEvent: {}
[1.204256] (eo_zoom) JobEnded: {'identifier': 'eo_zoom', 'rc': 'SIGINT'}
[1.302993] (-) TimerEvent: {}
[1.345773] (human_tracking) JobEnded: {'identifier': 'human_tracking', 'rc': 'SIGINT'}
[1.348190] (image_viewer) JobSkipped: {'identifier': 'image_viewer'}
[1.348330] (stream_publisher) JobSkipped: {'identifier': 'stream_publisher'}
[1.348460] (yolo_detection) JobSkipped: {'identifier': 'yolo_detection'}
[1.348539] (gimbal_bringup) JobSkipped: {'identifier': 'gimbal_bringup'}
[1.348611] (-) EventReactorShutdown: {}
