[0.777s] Invoking command in '/home/dtc-mrsd/Downloads/ros2_gimbal_ws/build/eo_image': CMAKE_PREFIX_PATH=/opt/ros/humble /usr/bin/cmake --build /home/dtc-mrsd/Downloads/ros2_gimbal_ws/build/eo_image -- -j12 -l12
[1.155s] [35m[1mConsolidate compiler generated dependencies of target eo_image_node[0m
[1.156s] [100%] Built target eo_image_node
[1.185s] Invoked command in '/home/dtc-mrsd/Downloads/ros2_gimbal_ws/build/eo_image' returned '0': CMAKE_PREFIX_PATH=/opt/ros/humble /usr/bin/cmake --build /home/dtc-mrsd/Downloads/ros2_gimbal_ws/build/eo_image -- -j12 -l12
[1.188s] Invoking command in '/home/dtc-mrsd/Downloads/ros2_gimbal_ws/build/eo_image': CMAKE_PREFIX_PATH=/opt/ros/humble /usr/bin/cmake --install /home/dtc-mrsd/Downloads/ros2_gimbal_ws/build/eo_image
[1.241s] -- Install configuration: "Debug"
[1.242s] -- Up-to-date: /home/dtc-mrsd/Downloads/ros2_gimbal_ws/install/eo_image/lib/eo_image/eo_image_node
[1.242s] -- Up-to-date: /home/dtc-mrsd/Downloads/ros2_gimbal_ws/install/eo_image/share/ament_index/resource_index/package_run_dependencies/eo_image
[1.242s] -- Up-to-date: /home/dtc-mrsd/Downloads/ros2_gimbal_ws/install/eo_image/share/ament_index/resource_index/parent_prefix_path/eo_image
[1.242s] -- Up-to-date: /home/dtc-mrsd/Downloads/ros2_gimbal_ws/install/eo_image/share/eo_image/environment/ament_prefix_path.sh
[1.242s] -- Up-to-date: /home/dtc-mrsd/Downloads/ros2_gimbal_ws/install/eo_image/share/eo_image/environment/ament_prefix_path.dsv
[1.242s] -- Up-to-date: /home/dtc-mrsd/Downloads/ros2_gimbal_ws/install/eo_image/share/eo_image/environment/path.sh
[1.242s] -- Up-to-date: /home/dtc-mrsd/Downloads/ros2_gimbal_ws/install/eo_image/share/eo_image/environment/path.dsv
[1.243s] -- Up-to-date: /home/dtc-mrsd/Downloads/ros2_gimbal_ws/install/eo_image/share/eo_image/local_setup.bash
[1.243s] -- Up-to-date: /home/dtc-mrsd/Downloads/ros2_gimbal_ws/install/eo_image/share/eo_image/local_setup.sh
[1.243s] -- Up-to-date: /home/dtc-mrsd/Downloads/ros2_gimbal_ws/install/eo_image/share/eo_image/local_setup.zsh
[1.243s] -- Up-to-date: /home/dtc-mrsd/Downloads/ros2_gimbal_ws/install/eo_image/share/eo_image/local_setup.dsv
[1.243s] -- Installing: /home/dtc-mrsd/Downloads/ros2_gimbal_ws/install/eo_image/share/eo_image/package.dsv
[1.244s] -- Up-to-date: /home/dtc-mrsd/Downloads/ros2_gimbal_ws/install/eo_image/share/ament_index/resource_index/packages/eo_image
[1.244s] -- Up-to-date: /home/dtc-mrsd/Downloads/ros2_gimbal_ws/install/eo_image/share/eo_image/cmake/eo_imageConfig.cmake
[1.244s] -- Up-to-date: /home/dtc-mrsd/Downloads/ros2_gimbal_ws/install/eo_image/share/eo_image/cmake/eo_imageConfig-version.cmake
[1.244s] -- Up-to-date: /home/dtc-mrsd/Downloads/ros2_gimbal_ws/install/eo_image/share/eo_image/package.xml
[1.308s] Invoked command in '/home/dtc-mrsd/Downloads/ros2_gimbal_ws/build/eo_image' returned '0': CMAKE_PREFIX_PATH=/opt/ros/humble /usr/bin/cmake --install /home/dtc-mrsd/Downloads/ros2_gimbal_ws/build/eo_image
