[1.169s] Invoking command in '/home/dtc-mrsd/Downloads/ros2_gimbal_ws/src/stream_publisher': PYTHONPATH=/home/dtc-mrsd/Downloads/ros2_gimbal_ws/build/stream_publisher/prefix_override:/usr/lib/python3/dist-packages/colcon_core/task/python/colcon_distutils_commands:/home/dtc-mrsd/Downloads/ros2_gimbal_ws/install/stream_publisher/lib/python3.10/site-packages:${PYTHONPATH} /usr/bin/python3 -W ignore:setup.py install is deprecated -W ignore:easy_install command is deprecated setup.py egg_info --egg-base ../../build/stream_publisher build --build-base /home/dtc-mrsd/Downloads/ros2_gimbal_ws/build/stream_publisher/build install --record /home/dtc-mrsd/Downloads/ros2_gimbal_ws/build/stream_publisher/install.log --single-version-externally-managed install_data
[1.422s] running egg_info
[1.422s] writing ../../build/stream_publisher/stream_publisher.egg-info/PKG-INFO
[1.423s] writing dependency_links to ../../build/stream_publisher/stream_publisher.egg-info/dependency_links.txt
[1.423s] writing entry points to ../../build/stream_publisher/stream_publisher.egg-info/entry_points.txt
[1.423s] writing requirements to ../../build/stream_publisher/stream_publisher.egg-info/requires.txt
[1.423s] writing top-level names to ../../build/stream_publisher/stream_publisher.egg-info/top_level.txt
[1.426s] reading manifest file '../../build/stream_publisher/stream_publisher.egg-info/SOURCES.txt'
[1.426s] writing manifest file '../../build/stream_publisher/stream_publisher.egg-info/SOURCES.txt'
[1.426s] running build
[1.426s] running build_py
[1.426s] copying stream_publisher/stream_node.py -> /home/dtc-mrsd/Downloads/ros2_gimbal_ws/build/stream_publisher/build/lib/stream_publisher
[1.427s] running install
[1.427s] running install_lib
[1.428s] copying /home/dtc-mrsd/Downloads/ros2_gimbal_ws/build/stream_publisher/build/lib/stream_publisher/stream_node.py -> /home/dtc-mrsd/Downloads/ros2_gimbal_ws/install/stream_publisher/lib/python3.10/site-packages/stream_publisher
[1.428s] byte-compiling /home/dtc-mrsd/Downloads/ros2_gimbal_ws/install/stream_publisher/lib/python3.10/site-packages/stream_publisher/stream_node.py to stream_node.cpython-310.pyc
[1.429s] running install_data
[1.429s] running install_egg_info
[1.430s] removing '/home/dtc-mrsd/Downloads/ros2_gimbal_ws/install/stream_publisher/lib/python3.10/site-packages/stream_publisher-0.0.1-py3.10.egg-info' (and everything under it)
[1.431s] Copying ../../build/stream_publisher/stream_publisher.egg-info to /home/dtc-mrsd/Downloads/ros2_gimbal_ws/install/stream_publisher/lib/python3.10/site-packages/stream_publisher-0.0.1-py3.10.egg-info
[1.431s] running install_scripts
[1.452s] Installing stream_node script to /home/dtc-mrsd/Downloads/ros2_gimbal_ws/install/stream_publisher/lib/stream_publisher
[1.453s] writing list of installed files to '/home/dtc-mrsd/Downloads/ros2_gimbal_ws/build/stream_publisher/install.log'
[1.474s] Invoked command in '/home/dtc-mrsd/Downloads/ros2_gimbal_ws/src/stream_publisher' returned '0': PYTHONPATH=/home/dtc-mrsd/Downloads/ros2_gimbal_ws/build/stream_publisher/prefix_override:/usr/lib/python3/dist-packages/colcon_core/task/python/colcon_distutils_commands:/home/dtc-mrsd/Downloads/ros2_gimbal_ws/install/stream_publisher/lib/python3.10/site-packages:${PYTHONPATH} /usr/bin/python3 -W ignore:setup.py install is deprecated -W ignore:easy_install command is deprecated setup.py egg_info --egg-base ../../build/stream_publisher build --build-base /home/dtc-mrsd/Downloads/ros2_gimbal_ws/build/stream_publisher/build install --record /home/dtc-mrsd/Downloads/ros2_gimbal_ws/build/stream_publisher/install.log --single-version-externally-managed install_data
