[0.358s] Invoking command in '/home/dtc-mrsd/Downloads/ros2_gimbal_ws/build/ir_zoom': CMAKE_PREFIX_PATH=/opt/ros/humble /usr/bin/cmake --build /home/dtc-mrsd/Downloads/ros2_gimbal_ws/build/ir_zoom -- -j12 -l12
[1.221s] [100%] Built target ir_zoom_node
[1.238s] Invoked command in '/home/dtc-mrsd/Downloads/ros2_gimbal_ws/build/ir_zoom' returned '0': CMAKE_PREFIX_PATH=/opt/ros/humble /usr/bin/cmake --build /home/dtc-mrsd/Downloads/ros2_gimbal_ws/build/ir_zoom -- -j12 -l12
[1.239s] Invoking command in '/home/dtc-mrsd/Downloads/ros2_gimbal_ws/build/ir_zoom': CMAKE_PREFIX_PATH=/opt/ros/humble /usr/bin/cmake --install /home/dtc-mrsd/Downloads/ros2_gimbal_ws/build/ir_zoom
[1.266s] -- Install configuration: "Debug"
[1.266s] -- Up-to-date: /home/dtc-mrsd/Downloads/ros2_gimbal_ws/install/ir_zoom/lib/ir_zoom/ir_zoom_node
[1.266s] -- Up-to-date: /home/dtc-mrsd/Downloads/ros2_gimbal_ws/install/ir_zoom/share/ament_index/resource_index/package_run_dependencies/ir_zoom
[1.266s] -- Up-to-date: /home/dtc-mrsd/Downloads/ros2_gimbal_ws/install/ir_zoom/share/ament_index/resource_index/parent_prefix_path/ir_zoom
[1.266s] -- Up-to-date: /home/dtc-mrsd/Downloads/ros2_gimbal_ws/install/ir_zoom/share/ir_zoom/environment/ament_prefix_path.sh
[1.267s] -- Up-to-date: /home/dtc-mrsd/Downloads/ros2_gimbal_ws/install/ir_zoom/share/ir_zoom/environment/ament_prefix_path.dsv
[1.267s] -- Up-to-date: /home/dtc-mrsd/Downloads/ros2_gimbal_ws/install/ir_zoom/share/ir_zoom/environment/path.sh
[1.267s] -- Up-to-date: /home/dtc-mrsd/Downloads/ros2_gimbal_ws/install/ir_zoom/share/ir_zoom/environment/path.dsv
[1.268s] -- Up-to-date: /home/dtc-mrsd/Downloads/ros2_gimbal_ws/install/ir_zoom/share/ir_zoom/local_setup.bash
[1.268s] -- Up-to-date: /home/dtc-mrsd/Downloads/ros2_gimbal_ws/install/ir_zoom/share/ir_zoom/local_setup.sh
[1.269s] -- Up-to-date: /home/dtc-mrsd/Downloads/ros2_gimbal_ws/install/ir_zoom/share/ir_zoom/local_setup.zsh
[1.269s] -- Up-to-date: /home/dtc-mrsd/Downloads/ros2_gimbal_ws/install/ir_zoom/share/ir_zoom/local_setup.dsv
[1.269s] -- Installing: /home/dtc-mrsd/Downloads/ros2_gimbal_ws/install/ir_zoom/share/ir_zoom/package.dsv
[1.269s] -- Up-to-date: /home/dtc-mrsd/Downloads/ros2_gimbal_ws/install/ir_zoom/share/ament_index/resource_index/packages/ir_zoom
[1.269s] -- Up-to-date: /home/dtc-mrsd/Downloads/ros2_gimbal_ws/install/ir_zoom/share/ir_zoom/cmake/ir_zoomConfig.cmake
[1.269s] -- Up-to-date: /home/dtc-mrsd/Downloads/ros2_gimbal_ws/install/ir_zoom/share/ir_zoom/cmake/ir_zoomConfig-version.cmake
[1.270s] -- Up-to-date: /home/dtc-mrsd/Downloads/ros2_gimbal_ws/install/ir_zoom/share/ir_zoom/package.xml
[1.360s] Invoked command in '/home/dtc-mrsd/Downloads/ros2_gimbal_ws/build/ir_zoom' returned '0': CMAKE_PREFIX_PATH=/opt/ros/humble /usr/bin/cmake --install /home/dtc-mrsd/Downloads/ros2_gimbal_ws/build/ir_zoom
