[0.033s] Invoking command in '/home/dtc/humanflow/ros2_ghadron_gimbal/build/gimbal_angle_control': CMAKE_PREFIX_PATH=/opt/ros/humble /usr/bin/cmake /home/dtc/humanflow/ros2_ghadron_gimbal/src/gimbal_angle_control -DGHADRON=1 -DCMAKE_INSTALL_PREFIX=/home/dtc/humanflow/ros2_ghadron_gimbal/install/gimbal_angle_control
[0.151s] -- The C compiler identification is GNU 11.4.0
[0.292s] -- The CXX compiler identification is GNU 11.4.0
[0.312s] -- Detecting C compiler ABI info
[0.495s] -- Detecting C compiler ABI info - done
[0.504s] -- Check for working C compiler: /usr/bin/cc - skipped
[0.505s] -- Detecting C compile features
[0.523s] -- Detecting C compile features - done
[0.528s] -- Detecting CXX compiler ABI info
[0.761s] -- Detecting CXX compiler ABI info - done
[0.776s] -- Check for working CXX compiler: /usr/bin/c++ - skipped
[0.779s] -- Detecting CXX compile features
[0.780s] -- Detecting CXX compile features - done
[0.785s] [0m-- GHADRON: 1[0m
[0.790s] -- Found ament_cmake: 1.3.11 (/opt/ros/humble/share/ament_cmake/cmake)
[1.089s] -- Found Python3: /usr/bin/python3 (found version "3.10.12") found components: Interpreter 
[1.310s] -- Found rclcpp: 16.0.11 (/opt/ros/humble/share/rclcpp/cmake)
[1.385s] -- Found rosidl_generator_c: 3.1.6 (/opt/ros/humble/share/rosidl_generator_c/cmake)
[1.395s] -- Found rosidl_adapter: 3.1.6 (/opt/ros/humble/share/rosidl_adapter/cmake)
[1.416s] -- Found rosidl_generator_cpp: 3.1.6 (/opt/ros/humble/share/rosidl_generator_cpp/cmake)
[1.442s] -- Using all available rosidl_typesupport_c: rosidl_typesupport_fastrtps_c;rosidl_typesupport_introspection_c
[1.471s] -- Using all available rosidl_typesupport_cpp: rosidl_typesupport_fastrtps_cpp;rosidl_typesupport_introspection_cpp
[1.556s] -- Found rmw_implementation_cmake: 6.1.2 (/opt/ros/humble/share/rmw_implementation_cmake/cmake)
[1.561s] -- Found rmw_fastrtps_cpp: 6.2.7 (/opt/ros/humble/share/rmw_fastrtps_cpp/cmake)
[1.721s] -- Found OpenSSL: /usr/lib/aarch64-linux-gnu/libcrypto.so (found version "3.0.2")  
[1.766s] -- Found FastRTPS: /opt/ros/humble/include  
[1.842s] -- Using RMW implementation 'rmw_fastrtps_cpp' as default
[1.861s] -- Looking for pthread.h
[2.054s] -- Looking for pthread.h - found
[2.062s] -- Performing Test CMAKE_HAVE_LIBC_PTHREAD
[2.236s] -- Performing Test CMAKE_HAVE_LIBC_PTHREAD - Success
[2.238s] -- Found Threads: TRUE  
[2.360s] -- Found geometry_msgs: 4.2.4 (/opt/ros/humble/share/geometry_msgs/cmake)
[3.565s] -- Found ament_lint_auto: 0.12.11 (/opt/ros/humble/share/ament_lint_auto/cmake)
[3.770s] -- Added test 'cppcheck' to perform static code analysis on C / C++ code
[3.773s] -- Configured cppcheck include dirs: /home/dtc/humanflow/ros2_ghadron_gimbal/src/gimbal_angle_control/include;/home/dtc/humanflow/ros2_ghadron_gimbal/src/gimbal_angle_control/../PayloadSdk/libs;/home/dtc/humanflow/ros2_ghadron_gimbal/src/gimbal_angle_control/../PayloadSdk/libs/aarch64;/home/dtc/humanflow/ros2_ghadron_gimbal/src/gimbal_angle_control/../PayloadSdk/libs/aarch64/payload-define;/home/dtc/humanflow/ros2_ghadron_gimbal/src/gimbal_angle_control/../PayloadSdk/libs/third-party/mavlink/include;/home/dtc/humanflow/ros2_ghadron_gimbal/src/gimbal_angle_control/../PayloadSdk/libs/gSDK/src/mavlink/include/mavlink/v2.0;/home/dtc/humanflow/ros2_ghadron_gimbal/src/gimbal_angle_control/../PayloadSdk/libs/gSDK/src
[3.773s] -- Configured cppcheck exclude dirs and/or files: 
[3.775s] -- Added test 'lint_cmake' to check CMake code style
[3.778s] -- Added test 'uncrustify' to check C / C++ code style
[3.779s] -- Configured uncrustify additional arguments: 
[3.781s] -- Added test 'xmllint' to check XML markup files
[3.786s] -- Configuring done
[3.817s] -- Generating done
[3.827s] -- Build files have been written to: /home/dtc/humanflow/ros2_ghadron_gimbal/build/gimbal_angle_control
[3.870s] Invoked command in '/home/dtc/humanflow/ros2_ghadron_gimbal/build/gimbal_angle_control' returned '0': CMAKE_PREFIX_PATH=/opt/ros/humble /usr/bin/cmake /home/dtc/humanflow/ros2_ghadron_gimbal/src/gimbal_angle_control -DGHADRON=1 -DCMAKE_INSTALL_PREFIX=/home/dtc/humanflow/ros2_ghadron_gimbal/install/gimbal_angle_control
[3.871s] Invoking command in '/home/dtc/humanflow/ros2_ghadron_gimbal/build/gimbal_angle_control': CMAKE_PREFIX_PATH=/opt/ros/humble /usr/bin/cmake --build /home/dtc/humanflow/ros2_ghadron_gimbal/build/gimbal_angle_control -- -j4 -l4
[3.965s] [ 50%] [32mBuilding CXX object CMakeFiles/gimbal_angle_control_node.dir/src/gimbal_angle_control_node.cpp.o[0m
[11.208s] In file included from [01m[K/home/dtc/humanflow/ros2_ghadron_gimbal/src/gimbal_angle_control/../PayloadSdk/libs/gSDK/src/mavlink/include/mavlink/v2.0/common/../protocol.h:4[m[K,
[11.208s]                  from [01m[K/home/dtc/humanflow/ros2_ghadron_gimbal/src/gimbal_angle_control/../PayloadSdk/libs/gSDK/src/mavlink/include/mavlink/v2.0/common/common.h:30[m[K,
[11.209s]                  from [01m[K/home/dtc/humanflow/ros2_ghadron_gimbal/src/gimbal_angle_control/../PayloadSdk/libs/gSDK/src/mavlink/include/mavlink/v2.0/common/mavlink.h:32[m[K,
[11.209s]                  from [01m[K/home/dtc/humanflow/ros2_ghadron_gimbal/src/gimbal_angle_control/../PayloadSdk/libs/aarch64/payloadsdk.h:5[m[K,
[11.209s]                  from [01m[K/home/dtc/humanflow/ros2_ghadron_gimbal/src/gimbal_angle_control/../PayloadSdk/libs/aarch64/payloadSdkInterface.h:5[m[K,
[11.209s]                  from [01m[K/home/dtc/humanflow/ros2_ghadron_gimbal/src/gimbal_angle_control/src/gimbal_angle_control_node.cpp:3[m[K:
[11.210s] [01m[K/home/dtc/humanflow/ros2_ghadron_gimbal/src/gimbal_angle_control/../PayloadSdk/libs/gSDK/src/mavlink/include/mavlink/v2.0/common/../mavlink_types.h:78:12:[m[K [01;35m[Kwarning: [m[KISO C++ prohibits anonymous structs [[01;35m[K-Wpedantic[m[K]
[11.210s]    78 |     struct [01;35m[K{[m[K
[11.210s]       |            [01;35m[K^[m[K
[11.210s] [01m[K/home/dtc/humanflow/ros2_ghadron_gimbal/src/gimbal_angle_control/../PayloadSdk/libs/gSDK/src/mavlink/include/mavlink/v2.0/common/../mavlink_types.h:17:40:[m[K [01;36m[Knote: [m[Kin definition of macro ‘[01m[KMAVPACKED[m[K’
[11.210s]    17 |   #define MAVPACKED( __Declaration__ ) [01;36m[K__Declaration__[m[K __attribute__((packed))
[11.210s]       |                                        [01;36m[K^~~~~~~~~~~~~~~[m[K
[11.481s] In file included from [01m[K/home/dtc/humanflow/ros2_ghadron_gimbal/src/gimbal_angle_control/../PayloadSdk/libs/gSDK/src/mavlink/include/mavlink/v2.0/common/common.h:2567[m[K,
[11.481s]                  from [01m[K/home/dtc/humanflow/ros2_ghadron_gimbal/src/gimbal_angle_control/../PayloadSdk/libs/gSDK/src/mavlink/include/mavlink/v2.0/common/mavlink.h:32[m[K,
[11.481s]                  from [01m[K/home/dtc/humanflow/ros2_ghadron_gimbal/src/gimbal_angle_control/../PayloadSdk/libs/aarch64/payloadsdk.h:5[m[K,
[11.481s]                  from [01m[K/home/dtc/humanflow/ros2_ghadron_gimbal/src/gimbal_angle_control/../PayloadSdk/libs/aarch64/payloadSdkInterface.h:5[m[K,
[11.482s]                  from [01m[K/home/dtc/humanflow/ros2_ghadron_gimbal/src/gimbal_angle_control/src/gimbal_angle_control_node.cpp:3[m[K:
[11.482s] [01m[K/home/dtc/humanflow/ros2_ghadron_gimbal/src/gimbal_angle_control/../PayloadSdk/libs/gSDK/src/mavlink/include/mavlink/v2.0/common/./mavlink_msg_set_attitude_target.h:[m[K In function ‘[01m[Kuint16_t mavlink_msg_set_attitude_target_encode(uint8_t, uint8_t, mavlink_message_t*, const mavlink_set_attitude_target_t*)[m[K’:
[11.482s] [01m[K/home/dtc/humanflow/ros2_ghadron_gimbal/src/gimbal_angle_control/../PayloadSdk/libs/gSDK/src/mavlink/include/mavlink/v2.0/common/./mavlink_msg_set_attitude_target.h:183:242:[m[K [01;35m[Kwarning: [m[Ktaking address of packed member of ‘[01m[K__mavlink_set_attitude_target_t[m[K’ may result in an unaligned pointer value [[01;35m[K-Waddress-of-packed-member[m[K]
[11.482s]   183 | tude_target->target_component, set_attitude_target->type_mask, [01;35m[Kset_attitude_target->q[m[K, set_attitude_target->body_roll_rate, set_attitude_target->body_pitch_rate, set_attitude_target->body_yaw_rate, set_attitude_target->thrust, set_attitude_target->thrust_body);
[11.482s]       |                                                                [01;35m[K~~~~~~~~~~~~~~~~~~~~~^[m[K
[11.482s] 
[11.482s] In file included from [01m[K/home/dtc/humanflow/ros2_ghadron_gimbal/src/gimbal_angle_control/../PayloadSdk/libs/gSDK/src/mavlink/include/mavlink/v2.0/common/common.h:2567[m[K,
[11.482s]                  from [01m[K/home/dtc/humanflow/ros2_ghadron_gimbal/src/gimbal_angle_control/../PayloadSdk/libs/gSDK/src/mavlink/include/mavlink/v2.0/common/mavlink.h:32[m[K,
[11.483s]                  from [01m[K/home/dtc/humanflow/ros2_ghadron_gimbal/src/gimbal_angle_control/../PayloadSdk/libs/aarch64/payloadsdk.h:5[m[K,
[11.483s]                  from [01m[K/home/dtc/humanflow/ros2_ghadron_gimbal/src/gimbal_angle_control/../PayloadSdk/libs/aarch64/payloadSdkInterface.h:5[m[K,
[11.483s]                  from [01m[K/home/dtc/humanflow/ros2_ghadron_gimbal/src/gimbal_angle_control/src/gimbal_angle_control_node.cpp:3[m[K:
[11.483s] [01m[K/home/dtc/humanflow/ros2_ghadron_gimbal/src/gimbal_angle_control/../PayloadSdk/libs/gSDK/src/mavlink/include/mavlink/v2.0/common/./mavlink_msg_set_attitude_target.h:183:406:[m[K [01;35m[Kwarning: [m[Ktaking address of packed member of ‘[01m[K__mavlink_set_attitude_target_t[m[K’ may result in an unaligned pointer value [[01;35m[K-Waddress-of-packed-member[m[K]
[11.483s]   183 | t_attitude_target->body_yaw_rate, set_attitude_target->thrust, [01;35m[Kset_attitude_target->thrust_body[m[K);
[11.483s]       |                                                                [01;35m[K~~~~~~~~~~~~~~~~~~~~~^~~~~~~~~~~[m[K
[11.483s] 
[11.484s] [01m[K/home/dtc/humanflow/ros2_ghadron_gimbal/src/gimbal_angle_control/../PayloadSdk/libs/gSDK/src/mavlink/include/mavlink/v2.0/common/./mavlink_msg_set_attitude_target.h:[m[K In function ‘[01m[Kuint16_t mavlink_msg_set_attitude_target_encode_chan(uint8_t, uint8_t, uint8_t, mavlink_message_t*, const mavlink_set_attitude_target_t*)[m[K’:
[11.484s] [01m[K/home/dtc/humanflow/ros2_ghadron_gimbal/src/gimbal_angle_control/../PayloadSdk/libs/gSDK/src/mavlink/include/mavlink/v2.0/common/./mavlink_msg_set_attitude_target.h:197:253:[m[K [01;35m[Kwarning: [m[Ktaking address of packed member of ‘[01m[K__mavlink_set_attitude_target_t[m[K’ may result in an unaligned pointer value [[01;35m[K-Waddress-of-packed-member[m[K]
[11.484s]   197 | tude_target->target_component, set_attitude_target->type_mask, [01;35m[Kset_attitude_target->q[m[K, set_attitude_target->body_roll_rate, set_attitude_target->body_pitch_rate, set_attitude_target->body_yaw_rate, set_attitude_target->thrust, set_attitude_target->thrust_body);
[11.484s]       |                                                                [01;35m[K~~~~~~~~~~~~~~~~~~~~~^[m[K
[11.484s] 
[11.484s] [01m[K/home/dtc/humanflow/ros2_ghadron_gimbal/src/gimbal_angle_control/../PayloadSdk/libs/gSDK/src/mavlink/include/mavlink/v2.0/common/./mavlink_msg_set_attitude_target.h:197:417:[m[K [01;35m[Kwarning: [m[Ktaking address of packed member of ‘[01m[K__mavlink_set_attitude_target_t[m[K’ may result in an unaligned pointer value [[01;35m[K-Waddress-of-packed-member[m[K]
[11.484s]   197 | t_attitude_target->body_yaw_rate, set_attitude_target->thrust, [01;35m[Kset_attitude_target->thrust_body[m[K);
[11.485s]       |                                                                [01;35m[K~~~~~~~~~~~~~~~~~~~~~^~~~~~~~~~~[m[K
[11.485s] 
[12.427s] In file included from [01m[K/home/dtc/humanflow/ros2_ghadron_gimbal/src/gimbal_angle_control/../PayloadSdk/libs/gSDK/src/mavlink/include/mavlink/v2.0/common/common.h:2610[m[K,
[12.427s]                  from [01m[K/home/dtc/humanflow/ros2_ghadron_gimbal/src/gimbal_angle_control/../PayloadSdk/libs/gSDK/src/mavlink/include/mavlink/v2.0/common/mavlink.h:32[m[K,
[12.428s]                  from [01m[K/home/dtc/humanflow/ros2_ghadron_gimbal/src/gimbal_angle_control/../PayloadSdk/libs/aarch64/payloadsdk.h:5[m[K,
[12.428s]                  from [01m[K/home/dtc/humanflow/ros2_ghadron_gimbal/src/gimbal_angle_control/../PayloadSdk/libs/aarch64/payloadSdkInterface.h:5[m[K,
[12.428s]                  from [01m[K/home/dtc/humanflow/ros2_ghadron_gimbal/src/gimbal_angle_control/src/gimbal_angle_control_node.cpp:3[m[K:
[12.428s] [01m[K/home/dtc/humanflow/ros2_ghadron_gimbal/src/gimbal_angle_control/../PayloadSdk/libs/gSDK/src/mavlink/include/mavlink/v2.0/common/./mavlink_msg_distance_sensor.h:[m[K In function ‘[01m[Kuint16_t mavlink_msg_distance_sensor_encode(uint8_t, uint8_t, mavlink_message_t*, const mavlink_distance_sensor_t*)[m[K’:
[12.428s] [01m[K/home/dtc/humanflow/ros2_ghadron_gimbal/src/gimbal_angle_control/../PayloadSdk/libs/gSDK/src/mavlink/include/mavlink/v2.0/common/./mavlink_msg_distance_sensor.h:200:387:[m[K [01;35m[Kwarning: [m[Ktaking address of packed member of ‘[01m[K__mavlink_distance_sensor_t[m[K’ may result in an unaligned pointer value [[01;35m[K-Waddress-of-packed-member[m[K]
[12.428s]   200 | e, distance_sensor->horizontal_fov, distance_sensor->vertical_fov, [01;35m[Kdistance_sensor->quaternion[m[K, distance_sensor->signal_quality);
[12.428s]       |                                                                    [01;35m[K~~~~~~~~~~~~~~~~~^~~~~~~~~~[m[K
[12.429s] 
[12.429s] [01m[K/home/dtc/humanflow/ros2_ghadron_gimbal/src/gimbal_angle_control/../PayloadSdk/libs/gSDK/src/mavlink/include/mavlink/v2.0/common/./mavlink_msg_distance_sensor.h:[m[K In function ‘[01m[Kuint16_t mavlink_msg_distance_sensor_encode_chan(uint8_t, uint8_t, uint8_t, mavlink_message_t*, const mavlink_distance_sensor_t*)[m[K’:
[12.429s] [01m[K/home/dtc/humanflow/ros2_ghadron_gimbal/src/gimbal_angle_control/../PayloadSdk/libs/gSDK/src/mavlink/include/mavlink/v2.0/common/./mavlink_msg_distance_sensor.h:214:398:[m[K [01;35m[Kwarning: [m[Ktaking address of packed member of ‘[01m[K__mavlink_distance_sensor_t[m[K’ may result in an unaligned pointer value [[01;35m[K-Waddress-of-packed-member[m[K]
[12.429s]   214 | e, distance_sensor->horizontal_fov, distance_sensor->vertical_fov, [01;35m[Kdistance_sensor->quaternion[m[K, distance_sensor->signal_quality);
[12.429s]       |                                                                    [01;35m[K~~~~~~~~~~~~~~~~~^~~~~~~~~~[m[K
[12.429s] 
[12.458s] In file included from [01m[K/home/dtc/humanflow/ros2_ghadron_gimbal/src/gimbal_angle_control/../PayloadSdk/libs/gSDK/src/mavlink/include/mavlink/v2.0/common/common.h:2624[m[K,
[12.458s]                  from [01m[K/home/dtc/humanflow/ros2_ghadron_gimbal/src/gimbal_angle_control/../PayloadSdk/libs/gSDK/src/mavlink/include/mavlink/v2.0/common/mavlink.h:32[m[K,
[12.458s]                  from [01m[K/home/dtc/humanflow/ros2_ghadron_gimbal/src/gimbal_angle_control/../PayloadSdk/libs/aarch64/payloadsdk.h:5[m[K,
[12.459s]                  from [01m[K/home/dtc/humanflow/ros2_ghadron_gimbal/src/gimbal_angle_control/../PayloadSdk/libs/aarch64/payloadSdkInterface.h:5[m[K,
[12.459s]                  from [01m[K/home/dtc/humanflow/ros2_ghadron_gimbal/src/gimbal_angle_control/src/gimbal_angle_control_node.cpp:3[m[K:
[12.459s] [01m[K/home/dtc/humanflow/ros2_ghadron_gimbal/src/gimbal_angle_control/../PayloadSdk/libs/gSDK/src/mavlink/include/mavlink/v2.0/common/./mavlink_msg_battery_status.h:[m[K In function ‘[01m[Kuint16_t mavlink_msg_battery_status_encode(uint8_t, uint8_t, mavlink_message_t*, const mavlink_battery_status_t*)[m[K’:
[12.459s] [01m[K/home/dtc/humanflow/ros2_ghadron_gimbal/src/gimbal_angle_control/../PayloadSdk/libs/gSDK/src/mavlink/include/mavlink/v2.0/common/./mavlink_msg_battery_status.h:219:195:[m[K [01;35m[Kwarning: [m[Ktaking address of packed member of ‘[01m[K__mavlink_battery_status_t[m[K’ may result in an unaligned pointer value [[01;35m[K-Waddress-of-packed-member[m[K]
[12.459s]   219 | attery_function, battery_status->type, battery_status->temperature, [01;35m[Kbattery_status->voltages[m[K, battery_status->current_battery, battery_status->current_consumed, battery_status->energy_consumed, battery_status->battery_remaining, battery_status->time_remaining, battery_status->charge_state, battery_status->voltages_ext, battery_status->mode, battery_status->fault_bitmask);
[12.459s]       |                                                                     [01;35m[K~~~~~~~~~~~~~~~~^~~~~~~~[m[K
[12.459s] 
[12.460s] [01m[K/home/dtc/humanflow/ros2_ghadron_gimbal/src/gimbal_angle_control/../PayloadSdk/libs/gSDK/src/mavlink/include/mavlink/v2.0/common/./mavlink_msg_battery_status.h:219:418:[m[K [01;35m[Kwarning: [m[Ktaking address of packed member of ‘[01m[K__mavlink_battery_status_t[m[K’ may result in an unaligned pointer value [[01;35m[K-Waddress-of-packed-member[m[K]
[12.460s]   219 | ning, battery_status->time_remaining, battery_status->charge_state, [01;35m[Kbattery_status->voltages_ext[m[K, battery_status->mode, battery_status->fault_bitmask);
[12.460s]       |                                                                     [01;35m[K~~~~~~~~~~~~~~~~^~~~~~~~~~~~[m[K
[12.460s] 
[12.460s] [01m[K/home/dtc/humanflow/ros2_ghadron_gimbal/src/gimbal_angle_control/../PayloadSdk/libs/gSDK/src/mavlink/include/mavlink/v2.0/common/./mavlink_msg_battery_status.h:[m[K In function ‘[01m[Kuint16_t mavlink_msg_battery_status_encode_chan(uint8_t, uint8_t, uint8_t, mavlink_message_t*, const mavlink_battery_status_t*)[m[K’:
[12.461s] [01m[K/home/dtc/humanflow/ros2_ghadron_gimbal/src/gimbal_angle_control/../PayloadSdk/libs/gSDK/src/mavlink/include/mavlink/v2.0/common/./mavlink_msg_battery_status.h:233:206:[m[K [01;35m[Kwarning: [m[Ktaking address of packed member of ‘[01m[K__mavlink_battery_status_t[m[K’ may result in an unaligned pointer value [[01;35m[K-Waddress-of-packed-member[m[K]
[12.461s]   233 | attery_function, battery_status->type, battery_status->temperature, [01;35m[Kbattery_status->voltages[m[K, battery_status->current_battery, battery_status->current_consumed, battery_status->energy_consumed, battery_status->battery_remaining, battery_status->time_remaining, battery_status->charge_state, battery_status->voltages_ext, battery_status->mode, battery_status->fault_bitmask);
[12.461s]       |                                                                     [01;35m[K~~~~~~~~~~~~~~~~^~~~~~~~[m[K
[12.461s] 
[12.461s] [01m[K/home/dtc/humanflow/ros2_ghadron_gimbal/src/gimbal_angle_control/../PayloadSdk/libs/gSDK/src/mavlink/include/mavlink/v2.0/common/./mavlink_msg_battery_status.h:233:429:[m[K [01;35m[Kwarning: [m[Ktaking address of packed member of ‘[01m[K__mavlink_battery_status_t[m[K’ may result in an unaligned pointer value [[01;35m[K-Waddress-of-packed-member[m[K]
[12.461s]   233 | ning, battery_status->time_remaining, battery_status->charge_state, [01;35m[Kbattery_status->voltages_ext[m[K, battery_status->mode, battery_status->fault_bitmask);
[12.461s]       |                                                                     [01;35m[K~~~~~~~~~~~~~~~~^~~~~~~~~~~~[m[K
[12.461s] 
[12.466s] In file included from [01m[K/home/dtc/humanflow/ros2_ghadron_gimbal/src/gimbal_angle_control/../PayloadSdk/libs/gSDK/src/mavlink/include/mavlink/v2.0/common/common.h:2626[m[K,
[12.466s]                  from [01m[K/home/dtc/humanflow/ros2_ghadron_gimbal/src/gimbal_angle_control/../PayloadSdk/libs/gSDK/src/mavlink/include/mavlink/v2.0/common/mavlink.h:32[m[K,
[12.466s]                  from [01m[K/home/dtc/humanflow/ros2_ghadron_gimbal/src/gimbal_angle_control/../PayloadSdk/libs/aarch64/payloadsdk.h:5[m[K,
[12.466s]                  from [01m[K/home/dtc/humanflow/ros2_ghadron_gimbal/src/gimbal_angle_control/../PayloadSdk/libs/aarch64/payloadSdkInterface.h:5[m[K,
[12.466s]                  from [01m[K/home/dtc/humanflow/ros2_ghadron_gimbal/src/gimbal_angle_control/src/gimbal_angle_control_node.cpp:3[m[K:
[12.467s] [01m[K/home/dtc/humanflow/ros2_ghadron_gimbal/src/gimbal_angle_control/../PayloadSdk/libs/gSDK/src/mavlink/include/mavlink/v2.0/common/./mavlink_msg_landing_target.h:[m[K In function ‘[01m[Kuint16_t mavlink_msg_landing_target_encode(uint8_t, uint8_t, mavlink_message_t*, const mavlink_landing_target_t*)[m[K’:
[12.467s] [01m[K/home/dtc/humanflow/ros2_ghadron_gimbal/src/gimbal_angle_control/../PayloadSdk/libs/gSDK/src/mavlink/include/mavlink/v2.0/common/./mavlink_msg_landing_target.h:218:349:[m[K [01;35m[Kwarning: [m[Ktaking address of packed member of ‘[01m[K__mavlink_landing_target_t[m[K’ may result in an unaligned pointer value [[01;35m[K-Waddress-of-packed-member[m[K]
[12.467s]   218 | t->size_y, landing_target->x, landing_target->y, landing_target->z, [01;35m[Klanding_target->q[m[K, landing_target->type, landing_target->position_valid);
[12.467s]       |                                                                     [01;35m[K~~~~~~~~~~~~~~~~^[m[K
[12.467s] 
[12.467s] [01m[K/home/dtc/humanflow/ros2_ghadron_gimbal/src/gimbal_angle_control/../PayloadSdk/libs/gSDK/src/mavlink/include/mavlink/v2.0/common/./mavlink_msg_landing_target.h:[m[K In function ‘[01m[Kuint16_t mavlink_msg_landing_target_encode_chan(uint8_t, uint8_t, uint8_t, mavlink_message_t*, const mavlink_landing_target_t*)[m[K’:
[12.468s] [01m[K/home/dtc/humanflow/ros2_ghadron_gimbal/src/gimbal_angle_control/../PayloadSdk/libs/gSDK/src/mavlink/include/mavlink/v2.0/common/./mavlink_msg_landing_target.h:232:360:[m[K [01;35m[Kwarning: [m[Ktaking address of packed member of ‘[01m[K__mavlink_landing_target_t[m[K’ may result in an unaligned pointer value [[01;35m[K-Waddress-of-packed-member[m[K]
[12.468s]   232 | t->size_y, landing_target->x, landing_target->y, landing_target->z, [01;35m[Klanding_target->q[m[K, landing_target->type, landing_target->position_valid);
[12.468s]       |                                                                     [01;35m[K~~~~~~~~~~~~~~~~^[m[K
[12.468s] 
[12.499s] In file included from [01m[K/home/dtc/humanflow/ros2_ghadron_gimbal/src/gimbal_angle_control/../PayloadSdk/libs/gSDK/src/mavlink/include/mavlink/v2.0/common/common.h:2637[m[K,
[12.499s]                  from [01m[K/home/dtc/humanflow/ros2_ghadron_gimbal/src/gimbal_angle_control/../PayloadSdk/libs/gSDK/src/mavlink/include/mavlink/v2.0/common/mavlink.h:32[m[K,
[12.500s]                  from [01m[K/home/dtc/humanflow/ros2_ghadron_gimbal/src/gimbal_angle_control/../PayloadSdk/libs/aarch64/payloadsdk.h:5[m[K,
[12.500s]                  from [01m[K/home/dtc/humanflow/ros2_ghadron_gimbal/src/gimbal_angle_control/../PayloadSdk/libs/aarch64/payloadSdkInterface.h:5[m[K,
[12.500s]                  from [01m[K/home/dtc/humanflow/ros2_ghadron_gimbal/src/gimbal_angle_control/src/gimbal_angle_control_node.cpp:3[m[K:
[12.500s] [01m[K/home/dtc/humanflow/ros2_ghadron_gimbal/src/gimbal_angle_control/../PayloadSdk/libs/gSDK/src/mavlink/include/mavlink/v2.0/common/./mavlink_msg_home_position.h:[m[K In function ‘[01m[Kuint16_t mavlink_msg_home_position_encode(uint8_t, uint8_t, mavlink_message_t*, const mavlink_home_position_t*)[m[K’:
[12.500s] [01m[K/home/dtc/humanflow/ros2_ghadron_gimbal/src/gimbal_angle_control/../PayloadSdk/libs/gSDK/src/mavlink/include/mavlink/v2.0/common/./mavlink_msg_home_position.h:191:218:[m[K [01;35m[Kwarning: [m[Ktaking address of packed member of ‘[01m[K__mavlink_home_position_t[m[K’ may result in an unaligned pointer value [[01;35m[K-Waddress-of-packed-member[m[K]
[12.500s]   191 | ion->altitude, home_position->x, home_position->y, home_position->z, [01;35m[Khome_position->q[m[K, home_position->approach_x, home_position->approach_y, home_position->approach_z, home_position->time_usec);
[12.500s]       |                                                                      [01;35m[K~~~~~~~~~~~~~~~^[m[K
[12.501s] 
[12.501s] [01m[K/home/dtc/humanflow/ros2_ghadron_gimbal/src/gimbal_angle_control/../PayloadSdk/libs/gSDK/src/mavlink/include/mavlink/v2.0/common/./mavlink_msg_home_position.h:[m[K In function ‘[01m[Kuint16_t mavlink_msg_home_position_encode_chan(uint8_t, uint8_t, uint8_t, mavlink_message_t*, const mavlink_home_position_t*)[m[K’:
[12.501s] [01m[K/home/dtc/humanflow/ros2_ghadron_gimbal/src/gimbal_angle_control/../PayloadSdk/libs/gSDK/src/mavlink/include/mavlink/v2.0/common/./mavlink_msg_home_position.h:205:229:[m[K [01;35m[Kwarning: [m[Ktaking address of packed member of ‘[01m[K__mavlink_home_position_t[m[K’ may result in an unaligned pointer value [[01;35m[K-Waddress-of-packed-member[m[K]
[12.501s]   205 | ion->altitude, home_position->x, home_position->y, home_position->z, [01;35m[Khome_position->q[m[K, home_position->approach_x, home_position->approach_y, home_position->approach_z, home_position->time_usec);
[12.501s]       |                                                                      [01;35m[K~~~~~~~~~~~~~~~^[m[K
[12.501s] 
[12.502s] In file included from [01m[K/home/dtc/humanflow/ros2_ghadron_gimbal/src/gimbal_angle_control/../PayloadSdk/libs/gSDK/src/mavlink/include/mavlink/v2.0/common/common.h:2638[m[K,
[12.502s]                  from [01m[K/home/dtc/humanflow/ros2_ghadron_gimbal/src/gimbal_angle_control/../PayloadSdk/libs/gSDK/src/mavlink/include/mavlink/v2.0/common/mavlink.h:32[m[K,
[12.502s]                  from [01m[K/home/dtc/humanflow/ros2_ghadron_gimbal/src/gimbal_angle_control/../PayloadSdk/libs/aarch64/payloadsdk.h:5[m[K,
[12.502s]                  from [01m[K/home/dtc/humanflow/ros2_ghadron_gimbal/src/gimbal_angle_control/../PayloadSdk/libs/aarch64/payloadSdkInterface.h:5[m[K,
[12.502s]                  from [01m[K/home/dtc/humanflow/ros2_ghadron_gimbal/src/gimbal_angle_control/src/gimbal_angle_control_node.cpp:3[m[K:
[12.503s] [01m[K/home/dtc/humanflow/ros2_ghadron_gimbal/src/gimbal_angle_control/../PayloadSdk/libs/gSDK/src/mavlink/include/mavlink/v2.0/common/./mavlink_msg_set_home_position.h:[m[K In function ‘[01m[Kuint16_t mavlink_msg_set_home_position_encode(uint8_t, uint8_t, mavlink_message_t*, const mavlink_set_home_position_t*)[m[K’:
[12.503s] [01m[K/home/dtc/humanflow/ros2_ghadron_gimbal/src/gimbal_angle_control/../PayloadSdk/libs/gSDK/src/mavlink/include/mavlink/v2.0/common/./mavlink_msg_set_home_position.h:200:284:[m[K [01;35m[Kwarning: [m[Ktaking address of packed member of ‘[01m[K__mavlink_set_home_position_t[m[K’ may result in an unaligned pointer value [[01;35m[K-Waddress-of-packed-member[m[K]
[12.503s]   200 | et_home_position->x, set_home_position->y, set_home_position->z, [01;35m[Kset_home_position->q[m[K, set_home_position->approach_x, set_home_position->approach_y, set_home_position->approach_z, set_home_position->time_usec);
[12.503s]       |                                                                  [01;35m[K~~~~~~~~~~~~~~~~~~~^[m[K
[12.503s] 
[12.503s] [01m[K/home/dtc/humanflow/ros2_ghadron_gimbal/src/gimbal_angle_control/../PayloadSdk/libs/gSDK/src/mavlink/include/mavlink/v2.0/common/./mavlink_msg_set_home_position.h:[m[K In function ‘[01m[Kuint16_t mavlink_msg_set_home_position_encode_chan(uint8_t, uint8_t, uint8_t, mavlink_message_t*, const mavlink_set_home_position_t*)[m[K’:
[12.503s] [01m[K/home/dtc/humanflow/ros2_ghadron_gimbal/src/gimbal_angle_control/../PayloadSdk/libs/gSDK/src/mavlink/include/mavlink/v2.0/common/./mavlink_msg_set_home_position.h:214:295:[m[K [01;35m[Kwarning: [m[Ktaking address of packed member of ‘[01m[K__mavlink_set_home_position_t[m[K’ may result in an unaligned pointer value [[01;35m[K-Waddress-of-packed-member[m[K]
[12.503s]   214 | et_home_position->x, set_home_position->y, set_home_position->z, [01;35m[Kset_home_position->q[m[K, set_home_position->approach_x, set_home_position->approach_y, set_home_position->approach_z, set_home_position->time_usec);
[12.504s]       |                                                                  [01;35m[K~~~~~~~~~~~~~~~~~~~^[m[K
[12.504s] 
[12.622s] In file included from [01m[K/home/dtc/humanflow/ros2_ghadron_gimbal/src/gimbal_angle_control/../PayloadSdk/libs/gSDK/src/mavlink/include/mavlink/v2.0/common/common.h:2688[m[K,
[12.622s]                  from [01m[K/home/dtc/humanflow/ros2_ghadron_gimbal/src/gimbal_angle_control/../PayloadSdk/libs/gSDK/src/mavlink/include/mavlink/v2.0/common/mavlink.h:32[m[K,
[12.623s]                  from [01m[K/home/dtc/humanflow/ros2_ghadron_gimbal/src/gimbal_angle_control/../PayloadSdk/libs/aarch64/payloadsdk.h:5[m[K,
[12.623s]                  from [01m[K/home/dtc/humanflow/ros2_ghadron_gimbal/src/gimbal_angle_control/../PayloadSdk/libs/aarch64/payloadSdkInterface.h:5[m[K,
[12.623s]                  from [01m[K/home/dtc/humanflow/ros2_ghadron_gimbal/src/gimbal_angle_control/src/gimbal_angle_control_node.cpp:3[m[K:
[12.623s] [01m[K/home/dtc/humanflow/ros2_ghadron_gimbal/src/gimbal_angle_control/../PayloadSdk/libs/gSDK/src/mavlink/include/mavlink/v2.0/common/./mavlink_msg_obstacle_distance.h:[m[K In function ‘[01m[Kuint16_t mavlink_msg_obstacle_distance_encode(uint8_t, uint8_t, mavlink_message_t*, const mavlink_obstacle_distance_t*)[m[K’:
[12.623s] [01m[K/home/dtc/humanflow/ros2_ghadron_gimbal/src/gimbal_angle_control/../PayloadSdk/libs/gSDK/src/mavlink/include/mavlink/v2.0/common/./mavlink_msg_obstacle_distance.h:173:158:[m[K [01;35m[Kwarning: [m[Ktaking address of packed member of ‘[01m[K__mavlink_obstacle_distance_t[m[K’ may result in an unaligned pointer value [[01;35m[K-Waddress-of-packed-member[m[K]
[12.623s]   173 | g, obstacle_distance->time_usec, obstacle_distance->sensor_type, [01;35m[Kobstacle_distance->distances[m[K, obstacle_distance->increment, obstacle_distance->min_distance, obstacle_distance->max_distance, obstacle_distance->increment_f, obstacle_distance->angle_offset, obstacle_distance->frame);
[12.624s]       |                                                                  [01;35m[K~~~~~~~~~~~~~~~~~~~^~~~~~~~~[m[K
[12.624s] 
[12.624s] [01m[K/home/dtc/humanflow/ros2_ghadron_gimbal/src/gimbal_angle_control/../PayloadSdk/libs/gSDK/src/mavlink/include/mavlink/v2.0/common/./mavlink_msg_obstacle_distance.h:[m[K In function ‘[01m[Kuint16_t mavlink_msg_obstacle_distance_encode_chan(uint8_t, uint8_t, uint8_t, mavlink_message_t*, const mavlink_obstacle_distance_t*)[m[K’:
[12.624s] [01m[K/home/dtc/humanflow/ros2_ghadron_gimbal/src/gimbal_angle_control/../PayloadSdk/libs/gSDK/src/mavlink/include/mavlink/v2.0/common/./mavlink_msg_obstacle_distance.h:187:169:[m[K [01;35m[Kwarning: [m[Ktaking address of packed member of ‘[01m[K__mavlink_obstacle_distance_t[m[K’ may result in an unaligned pointer value [[01;35m[K-Waddress-of-packed-member[m[K]
[12.624s]   187 | g, obstacle_distance->time_usec, obstacle_distance->sensor_type, [01;35m[Kobstacle_distance->distances[m[K, obstacle_distance->increment, obstacle_distance->min_distance, obstacle_distance->max_distance, obstacle_distance->increment_f, obstacle_distance->angle_offset, obstacle_distance->frame);
[12.624s]       |                                                                  [01;35m[K~~~~~~~~~~~~~~~~~~~^~~~~~~~~[m[K
[12.624s] 
[12.798s] In file included from [01m[K/home/dtc/humanflow/ros2_ghadron_gimbal/src/gimbal_angle_control/../PayloadSdk/libs/gSDK/src/gimbal_protocol_v2.h:37[m[K,
[12.799s]                  from [01m[K/home/dtc/humanflow/ros2_ghadron_gimbal/src/gimbal_angle_control/../PayloadSdk/libs/aarch64/payloadSdkInterface.h:6[m[K,
[12.799s]                  from [01m[K/home/dtc/humanflow/ros2_ghadron_gimbal/src/gimbal_angle_control/src/gimbal_angle_control_node.cpp:3[m[K:
[12.799s] [01m[K/home/dtc/humanflow/ros2_ghadron_gimbal/src/gimbal_angle_control/../PayloadSdk/libs/gSDK/src/gimbal_protocol.h:[m[K At global scope:
[12.799s] [01m[K/home/dtc/humanflow/ros2_ghadron_gimbal/src/gimbal_angle_control/../PayloadSdk/libs/gSDK/src/gimbal_protocol.h:255:36:[m[K [01;35m[Kwarning: [m[Kmissing initializer for member ‘[01m[K__mavlink_system::compid[m[K’ [[01;35m[K-Wmissing-field-initializers[m[K]
[12.800s]   255 |     mavlink_system_t _gimbal = { 0 [01;35m[K}[m[K;
[12.800s]       |                                    [01;35m[K^[m[K
[12.800s] [01m[K/home/dtc/humanflow/ros2_ghadron_gimbal/src/gimbal_angle_control/../PayloadSdk/libs/gSDK/src/gimbal_protocol.h:258:38:[m[K [01;35m[Kwarning: [m[Kmissing initializer for member ‘[01m[K__mavlink_command_ack_t::result[m[K’ [[01;35m[K-Wmissing-field-initializers[m[K]
[12.800s]   258 |     mavlink_command_ack_t _ack = { 0 [01;35m[K}[m[K;
[12.800s]       |                                      [01;35m[K^[m[K
[12.801s] [01m[K/home/dtc/humanflow/ros2_ghadron_gimbal/src/gimbal_angle_control/../PayloadSdk/libs/gSDK/src/gimbal_protocol.h:258:38:[m[K [01;35m[Kwarning: [m[Kmissing initializer for member ‘[01m[K__mavlink_command_ack_t::progress[m[K’ [[01;35m[K-Wmissing-field-initializers[m[K]
[12.801s] [01m[K/home/dtc/humanflow/ros2_ghadron_gimbal/src/gimbal_angle_control/../PayloadSdk/libs/gSDK/src/gimbal_protocol.h:258:38:[m[K [01;35m[Kwarning: [m[Kmissing initializer for member ‘[01m[K__mavlink_command_ack_t::result_param2[m[K’ [[01;35m[K-Wmissing-field-initializers[m[K]
[12.801s] [01m[K/home/dtc/humanflow/ros2_ghadron_gimbal/src/gimbal_angle_control/../PayloadSdk/libs/gSDK/src/gimbal_protocol.h:258:38:[m[K [01;35m[Kwarning: [m[Kmissing initializer for member ‘[01m[K__mavlink_command_ack_t::target_system[m[K’ [[01;35m[K-Wmissing-field-initializers[m[K]
[12.801s] [01m[K/home/dtc/humanflow/ros2_ghadron_gimbal/src/gimbal_angle_control/../PayloadSdk/libs/gSDK/src/gimbal_protocol.h:258:38:[m[K [01;35m[Kwarning: [m[Kmissing initializer for member ‘[01m[K__mavlink_command_ack_t::target_component[m[K’ [[01;35m[K-Wmissing-field-initializers[m[K]
[12.987s] In file included from [01m[K/home/dtc/humanflow/ros2_ghadron_gimbal/src/gimbal_angle_control/../PayloadSdk/libs/aarch64/payloadsdk.h:12[m[K,
[12.988s]                  from [01m[K/home/dtc/humanflow/ros2_ghadron_gimbal/src/gimbal_angle_control/../PayloadSdk/libs/aarch64/payloadSdkInterface.h:5[m[K,
[12.988s]                  from [01m[K/home/dtc/humanflow/ros2_ghadron_gimbal/src/gimbal_angle_control/src/gimbal_angle_control_node.cpp:3[m[K:
[12.988s] [01m[K/home/dtc/humanflow/ros2_ghadron_gimbal/src/gimbal_angle_control/src/gimbal_angle_control_node.cpp:[m[K In constructor ‘[01m[KGimbalAngleControlNode::GimbalAngleControlNode()[m[K’:
[12.988s] [01m[K/home/dtc/humanflow/ros2_ghadron_gimbal/src/gimbal_angle_control/../PayloadSdk/libs/aarch64/payload-define/ghadron_sdk.h:25:49:[m[K [01;35m[Kwarning: [m[KISO C++ forbids converting a string constant to ‘[01m[Kchar*[m[K’ [[01;35m[K-Wwrite-strings[m[K]
[12.989s]    25 | #define PAYLOAD_CAMERA_GIMBAL_MODE              [01;35m[K"GB_MODE"[m[K
[12.989s]       |                                                 [01;35m[K^~~~~~~~~[m[K
[12.989s] [01m[K/home/dtc/humanflow/ros2_ghadron_gimbal/src/gimbal_angle_control/../PayloadSdk/libs/aarch64/payload-define/ghadron_sdk.h:25:49:[m[K [01;36m[Knote: [m[Kin definition of macro ‘[01m[KPAYLOAD_CAMERA_GIMBAL_MODE[m[K’
[12.989s]    25 | #define PAYLOAD_CAMERA_GIMBAL_MODE              [01;36m[K"GB_MODE"[m[K
[12.989s]       |                                                 [01;36m[K^~~~~~~~~[m[K
[21.265s] In file included from [01m[K/home/dtc/humanflow/ros2_ghadron_gimbal/src/gimbal_angle_control/../PayloadSdk/libs/aarch64/payloadSdkInterface.h:5[m[K,
[21.265s]                  from [01m[K/home/dtc/humanflow/ros2_ghadron_gimbal/src/gimbal_angle_control/src/gimbal_angle_control_node.cpp:3[m[K:
[21.266s] [01m[K/home/dtc/humanflow/ros2_ghadron_gimbal/src/gimbal_angle_control/../PayloadSdk/libs/aarch64/payloadsdk.h:[m[K At global scope:
[21.266s] [01m[K/home/dtc/humanflow/ros2_ghadron_gimbal/src/gimbal_angle_control/../PayloadSdk/libs/aarch64/payloadsdk.h:27:12:[m[K [01;35m[Kwarning: [m[K‘[01m[Kpayload_uart_baud[m[K’ defined but not used [[01;35m[K-Wunused-variable[m[K]
[21.266s]    27 | static int [01;35m[Kpayload_uart_baud[m[K = 115200;
[21.266s]       |            [01;35m[K^~~~~~~~~~~~~~~~~[m[K
[21.266s] [01m[K/home/dtc/humanflow/ros2_ghadron_gimbal/src/gimbal_angle_control/../PayloadSdk/libs/aarch64/payloadsdk.h:26:14:[m[K [01;35m[Kwarning: [m[K‘[01m[Kpayload_uart_port[m[K’ defined but not used [[01;35m[K-Wunused-variable[m[K]
[21.266s]    26 | static char *[01;35m[Kpayload_uart_port[m[K = (char*)"/dev/ttyUSB0";
[21.266s]       |              [01;35m[K^~~~~~~~~~~~~~~~~[m[K
[39.087s] [100%] [32m[1mLinking CXX executable gimbal_angle_control_node[0m
[40.736s] [100%] Built target gimbal_angle_control_node
[40.782s] Invoked command in '/home/dtc/humanflow/ros2_ghadron_gimbal/build/gimbal_angle_control' returned '0': CMAKE_PREFIX_PATH=/opt/ros/humble /usr/bin/cmake --build /home/dtc/humanflow/ros2_ghadron_gimbal/build/gimbal_angle_control -- -j4 -l4
[40.783s] Invoking command in '/home/dtc/humanflow/ros2_ghadron_gimbal/build/gimbal_angle_control': CMAKE_PREFIX_PATH=/opt/ros/humble /usr/bin/cmake --install /home/dtc/humanflow/ros2_ghadron_gimbal/build/gimbal_angle_control
[40.804s] -- Install configuration: "Debug"
[40.806s] -- Installing: /home/dtc/humanflow/ros2_ghadron_gimbal/install/gimbal_angle_control/lib/gimbal_angle_control/gimbal_angle_control_node
[41.025s] -- Set runtime path of "/home/dtc/humanflow/ros2_ghadron_gimbal/install/gimbal_angle_control/lib/gimbal_angle_control/gimbal_angle_control_node" to ""
[41.027s] -- Installing: /home/dtc/humanflow/ros2_ghadron_gimbal/install/gimbal_angle_control/share/ament_index/resource_index/package_run_dependencies/gimbal_angle_control
[41.030s] -- Installing: /home/dtc/humanflow/ros2_ghadron_gimbal/install/gimbal_angle_control/share/ament_index/resource_index/parent_prefix_path/gimbal_angle_control
[41.034s] -- Installing: /home/dtc/humanflow/ros2_ghadron_gimbal/install/gimbal_angle_control/share/gimbal_angle_control/environment/ament_prefix_path.sh
[41.036s] -- Installing: /home/dtc/humanflow/ros2_ghadron_gimbal/install/gimbal_angle_control/share/gimbal_angle_control/environment/ament_prefix_path.dsv
[41.042s] -- Installing: /home/dtc/humanflow/ros2_ghadron_gimbal/install/gimbal_angle_control/share/gimbal_angle_control/environment/path.sh
[41.042s] -- Installing: /home/dtc/humanflow/ros2_ghadron_gimbal/install/gimbal_angle_control/share/gimbal_angle_control/environment/path.dsv
[41.043s] -- Installing: /home/dtc/humanflow/ros2_ghadron_gimbal/install/gimbal_angle_control/share/gimbal_angle_control/local_setup.bash
[41.043s] -- Installing: /home/dtc/humanflow/ros2_ghadron_gimbal/install/gimbal_angle_control/share/gimbal_angle_control/local_setup.sh
[41.043s] -- Installing: /home/dtc/humanflow/ros2_ghadron_gimbal/install/gimbal_angle_control/share/gimbal_angle_control/local_setup.zsh
[41.043s] -- Installing: /home/dtc/humanflow/ros2_ghadron_gimbal/install/gimbal_angle_control/share/gimbal_angle_control/local_setup.dsv
[41.044s] -- Installing: /home/dtc/humanflow/ros2_ghadron_gimbal/install/gimbal_angle_control/share/gimbal_angle_control/package.dsv
[41.044s] -- Installing: /home/dtc/humanflow/ros2_ghadron_gimbal/install/gimbal_angle_control/share/ament_index/resource_index/packages/gimbal_angle_control
[41.045s] -- Installing: /home/dtc/humanflow/ros2_ghadron_gimbal/install/gimbal_angle_control/share/gimbal_angle_control/cmake/gimbal_angle_controlConfig.cmake
[41.045s] -- Installing: /home/dtc/humanflow/ros2_ghadron_gimbal/install/gimbal_angle_control/share/gimbal_angle_control/cmake/gimbal_angle_controlConfig-version.cmake
[41.045s] -- Installing: /home/dtc/humanflow/ros2_ghadron_gimbal/install/gimbal_angle_control/share/gimbal_angle_control/package.xml
[41.064s] Invoked command in '/home/dtc/humanflow/ros2_ghadron_gimbal/build/gimbal_angle_control' returned '0': CMAKE_PREFIX_PATH=/opt/ros/humble /usr/bin/cmake --install /home/dtc/humanflow/ros2_ghadron_gimbal/build/gimbal_angle_control
