[0.386s] Invoking command in '/home/dtc-mrsd/Downloads/ros2_ghadron_gimbal/build/ir_zoom': CMAKE_PREFIX_PATH=${CMAKE_PREFIX_PATH}:/home/dtc-mrsd/Downloads/ros2_ghadron_gimbal/install/gimbal_bringup:/home/dtc-mrsd/Downloads/ros2_ghadron_gimbal/install/yolo_detection:/home/dtc-mrsd/Downloads/ros2_ghadron_gimbal/install/stream_publisher:/home/dtc-mrsd/Downloads/ros2_ghadron_gimbal/install/rtsp_viewer:/home/dtc-mrsd/Downloads/ros2_ghadron_gimbal/install/image_viewer:/home/dtc-mrsd/Downloads/ros2_ghadron_gimbal/install/human_tracking:/opt/ros/humble /usr/bin/cmake --build /home/dtc-mrsd/Downloads/ros2_ghadron_gimbal/build/ir_zoom -- -j12 -l12
[1.152s] [0mCMake Error: The current CMakeCache.txt directory /home/dtc-mrsd/Downloads/ros2_ghadron_gimbal/build/ir_zoom/CMakeCache.txt is different than the directory /home/dtc-mrsd/Downloads/ros2_gimbal_ws/build/ir_zoom where CMakeCache.txt was created. This may result in binaries being created in the wrong place. If you are not sure, reedit the CMakeCache.txt[0m
[1.152s] [0m-- GHADRON: 1[0m
[1.154s] -- Found ament_cmake: 1.3.11 (/opt/ros/humble/share/ament_cmake/cmake)
[1.155s] -- Found rclcpp: 16.0.11 (/opt/ros/humble/share/rclcpp/cmake)
[1.155s] -- Found rosidl_generator_c: 3.1.6 (/opt/ros/humble/share/rosidl_generator_c/cmake)
[1.155s] -- Found rosidl_adapter: 3.1.6 (/opt/ros/humble/share/rosidl_adapter/cmake)
[1.155s] -- Found rosidl_generator_cpp: 3.1.6 (/opt/ros/humble/share/rosidl_generator_cpp/cmake)
[1.155s] -- Using all available rosidl_typesupport_c: rosidl_typesupport_fastrtps_c;rosidl_typesupport_introspection_c
[1.155s] -- Using all available rosidl_typesupport_cpp: rosidl_typesupport_fastrtps_cpp;rosidl_typesupport_introspection_cpp
[1.155s] -- Found rmw_implementation_cmake: 6.1.2 (/opt/ros/humble/share/rmw_implementation_cmake/cmake)
[1.155s] -- Found rmw_fastrtps_cpp: 6.2.7 (/opt/ros/humble/share/rmw_fastrtps_cpp/cmake)
[1.155s] -- Using RMW implementation 'rmw_fastrtps_cpp' as default
[1.559s] -- Found ament_lint_auto: 0.12.11 (/opt/ros/humble/share/ament_lint_auto/cmake)
[1.658s] -- Added test 'cppcheck' to perform static code analysis on C / C++ code
[1.658s] -- Configured cppcheck include dirs: /home/dtc-mrsd/Downloads/ros2_gimbal_ws/src/ir_zoom/include;/home/dtc-mrsd/Downloads/ros2_gimbal_ws/src/ir_zoom/../PayloadSdk/libs;/home/dtc-mrsd/Downloads/ros2_gimbal_ws/src/ir_zoom/../PayloadSdk/libs/x86_64;/home/dtc-mrsd/Downloads/ros2_gimbal_ws/src/ir_zoom/../PayloadSdk/libs/x86_64/payload-define;/home/dtc-mrsd/Downloads/ros2_gimbal_ws/src/ir_zoom/../PayloadSdk/libs/third-party/mavlink/include;/home/dtc-mrsd/Downloads/ros2_gimbal_ws/src/ir_zoom/../PayloadSdk/libs/gSDK/src/mavlink/include/mavlink/v2.0;/home/dtc-mrsd/Downloads/ros2_gimbal_ws/src/ir_zoom/../PayloadSdk/libs/gSDK/src
[1.659s] -- Configured cppcheck exclude dirs and/or files: 
[1.659s] -- Added test 'lint_cmake' to check CMake code style
[1.659s] -- Added test 'uncrustify' to check C / C++ code style
[1.659s] -- Configured uncrustify additional arguments: 
[1.659s] -- Added test 'xmllint' to check XML markup files
[1.659s] -- Configuring done
[1.681s] -- Generating done
[1.697s] -- Build files have been written to: /home/dtc-mrsd/Downloads/ros2_gimbal_ws/build/ir_zoom
[1.762s] [35m[1mConsolidate compiler generated dependencies of target ir_zoom_node[0m
[1.806s] [100%] Built target ir_zoom_node
[2.249s] Invoked command in '/home/dtc-mrsd/Downloads/ros2_ghadron_gimbal/build/ir_zoom' returned '0': CMAKE_PREFIX_PATH=${CMAKE_PREFIX_PATH}:/home/dtc-mrsd/Downloads/ros2_ghadron_gimbal/install/gimbal_bringup:/home/dtc-mrsd/Downloads/ros2_ghadron_gimbal/install/yolo_detection:/home/dtc-mrsd/Downloads/ros2_ghadron_gimbal/install/stream_publisher:/home/dtc-mrsd/Downloads/ros2_ghadron_gimbal/install/rtsp_viewer:/home/dtc-mrsd/Downloads/ros2_ghadron_gimbal/install/image_viewer:/home/dtc-mrsd/Downloads/ros2_ghadron_gimbal/install/human_tracking:/opt/ros/humble /usr/bin/cmake --build /home/dtc-mrsd/Downloads/ros2_ghadron_gimbal/build/ir_zoom -- -j12 -l12
[2.251s] Invoking command in '/home/dtc-mrsd/Downloads/ros2_ghadron_gimbal/build/ir_zoom': CMAKE_PREFIX_PATH=${CMAKE_PREFIX_PATH}:/home/dtc-mrsd/Downloads/ros2_ghadron_gimbal/install/gimbal_bringup:/home/dtc-mrsd/Downloads/ros2_ghadron_gimbal/install/yolo_detection:/home/dtc-mrsd/Downloads/ros2_ghadron_gimbal/install/stream_publisher:/home/dtc-mrsd/Downloads/ros2_ghadron_gimbal/install/rtsp_viewer:/home/dtc-mrsd/Downloads/ros2_ghadron_gimbal/install/image_viewer:/home/dtc-mrsd/Downloads/ros2_ghadron_gimbal/install/human_tracking:/opt/ros/humble /usr/bin/cmake --install /home/dtc-mrsd/Downloads/ros2_ghadron_gimbal/build/ir_zoom
[2.274s] -- Install configuration: "Debug"
[2.275s] -- Up-to-date: /home/dtc-mrsd/Downloads/ros2_gimbal_ws/install/ir_zoom/lib/ir_zoom/ir_zoom_node
[2.275s] -- Up-to-date: /home/dtc-mrsd/Downloads/ros2_gimbal_ws/install/ir_zoom/share/ament_index/resource_index/package_run_dependencies/ir_zoom
[2.275s] -- Installing: /home/dtc-mrsd/Downloads/ros2_gimbal_ws/install/ir_zoom/share/ament_index/resource_index/parent_prefix_path/ir_zoom
[2.275s] -- Up-to-date: /home/dtc-mrsd/Downloads/ros2_gimbal_ws/install/ir_zoom/share/ir_zoom/environment/ament_prefix_path.sh
[2.275s] -- Installing: /home/dtc-mrsd/Downloads/ros2_gimbal_ws/install/ir_zoom/share/ir_zoom/environment/ament_prefix_path.dsv
[2.275s] -- Up-to-date: /home/dtc-mrsd/Downloads/ros2_gimbal_ws/install/ir_zoom/share/ir_zoom/environment/path.sh
[2.275s] -- Installing: /home/dtc-mrsd/Downloads/ros2_gimbal_ws/install/ir_zoom/share/ir_zoom/environment/path.dsv
[2.275s] -- Up-to-date: /home/dtc-mrsd/Downloads/ros2_gimbal_ws/install/ir_zoom/share/ir_zoom/local_setup.bash
[2.276s] -- Up-to-date: /home/dtc-mrsd/Downloads/ros2_gimbal_ws/install/ir_zoom/share/ir_zoom/local_setup.sh
[2.276s] -- Up-to-date: /home/dtc-mrsd/Downloads/ros2_gimbal_ws/install/ir_zoom/share/ir_zoom/local_setup.zsh
[2.276s] -- Installing: /home/dtc-mrsd/Downloads/ros2_gimbal_ws/install/ir_zoom/share/ir_zoom/local_setup.dsv
[2.276s] -- Installing: /home/dtc-mrsd/Downloads/ros2_gimbal_ws/install/ir_zoom/share/ir_zoom/package.dsv
[2.276s] -- Up-to-date: /home/dtc-mrsd/Downloads/ros2_gimbal_ws/install/ir_zoom/share/ament_index/resource_index/packages/ir_zoom
[2.280s] -- Up-to-date: /home/dtc-mrsd/Downloads/ros2_gimbal_ws/install/ir_zoom/share/ir_zoom/cmake/ir_zoomConfig.cmake
[2.282s] -- Up-to-date: /home/dtc-mrsd/Downloads/ros2_gimbal_ws/install/ir_zoom/share/ir_zoom/cmake/ir_zoomConfig-version.cmake
[2.282s] -- Up-to-date: /home/dtc-mrsd/Downloads/ros2_gimbal_ws/install/ir_zoom/share/ir_zoom/package.xml
[2.313s] Invoked command in '/home/dtc-mrsd/Downloads/ros2_ghadron_gimbal/build/ir_zoom' returned '0': CMAKE_PREFIX_PATH=${CMAKE_PREFIX_PATH}:/home/dtc-mrsd/Downloads/ros2_ghadron_gimbal/install/gimbal_bringup:/home/dtc-mrsd/Downloads/ros2_ghadron_gimbal/install/yolo_detection:/home/dtc-mrsd/Downloads/ros2_ghadron_gimbal/install/stream_publisher:/home/dtc-mrsd/Downloads/ros2_ghadron_gimbal/install/rtsp_viewer:/home/dtc-mrsd/Downloads/ros2_ghadron_gimbal/install/image_viewer:/home/dtc-mrsd/Downloads/ros2_ghadron_gimbal/install/human_tracking:/opt/ros/humble /usr/bin/cmake --install /home/dtc-mrsd/Downloads/ros2_ghadron_gimbal/build/ir_zoom
