[5.415s] Invoking command in '/home/dtc-mrsd/Downloads/ros2_gimbal_ws/src/image_viewer': PYTHONPATH=/home/dtc-mrsd/Downloads/ros2_gimbal_ws/build/image_viewer/prefix_override:/usr/lib/python3/dist-packages/colcon_core/task/python/colcon_distutils_commands:/home/dtc-mrsd/Downloads/ros2_gimbal_ws/install/image_viewer/lib/python3.10/site-packages:${PYTHONPATH} /usr/bin/python3 -W ignore:setup.py install is deprecated -W ignore:easy_install command is deprecated setup.py egg_info --egg-base ../../build/image_viewer build --build-base /home/dtc-mrsd/Downloads/ros2_gimbal_ws/build/image_viewer/build install --record /home/dtc-mrsd/Downloads/ros2_gimbal_ws/build/image_viewer/install.log --single-version-externally-managed install_data
[6.037s] running egg_info
[6.038s] writing ../../build/image_viewer/image_viewer.egg-info/PKG-INFO
[6.038s] writing dependency_links to ../../build/image_viewer/image_viewer.egg-info/dependency_links.txt
[6.038s] writing entry points to ../../build/image_viewer/image_viewer.egg-info/entry_points.txt
[6.038s] writing requirements to ../../build/image_viewer/image_viewer.egg-info/requires.txt
[6.038s] writing top-level names to ../../build/image_viewer/image_viewer.egg-info/top_level.txt
[6.042s] reading manifest file '../../build/image_viewer/image_viewer.egg-info/SOURCES.txt'
[6.043s] writing manifest file '../../build/image_viewer/image_viewer.egg-info/SOURCES.txt'
[6.043s] running build
[6.044s] running build_py
[6.044s] running install
[6.044s] running install_lib
[6.045s] running install_data
[6.045s] running install_egg_info
[6.047s] removing '/home/dtc-mrsd/Downloads/ros2_gimbal_ws/install/image_viewer/lib/python3.10/site-packages/image_viewer-0.0.0-py3.10.egg-info' (and everything under it)
[6.047s] Copying ../../build/image_viewer/image_viewer.egg-info to /home/dtc-mrsd/Downloads/ros2_gimbal_ws/install/image_viewer/lib/python3.10/site-packages/image_viewer-0.0.0-py3.10.egg-info
[6.048s] running install_scripts
[6.068s] Installing image_viewer_node script to /home/dtc-mrsd/Downloads/ros2_gimbal_ws/install/image_viewer/lib/image_viewer
[6.068s] writing list of installed files to '/home/dtc-mrsd/Downloads/ros2_gimbal_ws/build/image_viewer/install.log'
[6.122s] Invoked command in '/home/dtc-mrsd/Downloads/ros2_gimbal_ws/src/image_viewer' returned '0': PYTHONPATH=/home/dtc-mrsd/Downloads/ros2_gimbal_ws/build/image_viewer/prefix_override:/usr/lib/python3/dist-packages/colcon_core/task/python/colcon_distutils_commands:/home/dtc-mrsd/Downloads/ros2_gimbal_ws/install/image_viewer/lib/python3.10/site-packages:${PYTHONPATH} /usr/bin/python3 -W ignore:setup.py install is deprecated -W ignore:easy_install command is deprecated setup.py egg_info --egg-base ../../build/image_viewer build --build-base /home/dtc-mrsd/Downloads/ros2_gimbal_ws/build/image_viewer/build install --record /home/dtc-mrsd/Downloads/ros2_gimbal_ws/build/image_viewer/install.log --single-version-externally-managed install_data
