[0.051s] Invoking command in '/home/dtc/humanflow/ros2_ghadron_gimbal/build/ir_zoom': /usr/bin/cmake --build /home/dtc/humanflow/ros2_ghadron_gimbal/build/ir_zoom -- -j4 -l4
[0.472s] [35m[1mConsolidate compiler generated dependencies of target ir_zoom_node[0m
[0.474s] [100%] Built target ir_zoom_node
[0.484s] Invoked command in '/home/dtc/humanflow/ros2_ghadron_gimbal/build/ir_zoom' returned '0': /usr/bin/cmake --build /home/dtc/humanflow/ros2_ghadron_gimbal/build/ir_zoom -- -j4 -l4
[0.485s] Invoking command in '/home/dtc/humanflow/ros2_ghadron_gimbal/build/ir_zoom': /usr/bin/cmake --install /home/dtc/humanflow/ros2_ghadron_gimbal/build/ir_zoom
[0.496s] -- Install configuration: "Debug"
[0.496s] -- Up-to-date: /home/dtc/humanflow/ros2_ghadron_gimbal/install/ir_zoom/lib/ir_zoom/ir_zoom_node
[0.496s] -- Up-to-date: /home/dtc/humanflow/ros2_ghadron_gimbal/install/ir_zoom/share/ament_index/resource_index/package_run_dependencies/ir_zoom
[0.496s] -- Up-to-date: /home/dtc/humanflow/ros2_ghadron_gimbal/install/ir_zoom/share/ament_index/resource_index/parent_prefix_path/ir_zoom
[0.496s] -- Up-to-date: /home/dtc/humanflow/ros2_ghadron_gimbal/install/ir_zoom/share/ir_zoom/environment/ament_prefix_path.sh
[0.496s] -- Up-to-date: /home/dtc/humanflow/ros2_ghadron_gimbal/install/ir_zoom/share/ir_zoom/environment/ament_prefix_path.dsv
[0.497s] -- Up-to-date: /home/dtc/humanflow/ros2_ghadron_gimbal/install/ir_zoom/share/ir_zoom/environment/path.sh
[0.497s] -- Up-to-date: /home/dtc/humanflow/ros2_ghadron_gimbal/install/ir_zoom/share/ir_zoom/environment/path.dsv
[0.498s] -- Up-to-date: /home/dtc/humanflow/ros2_ghadron_gimbal/install/ir_zoom/share/ir_zoom/local_setup.bash
[0.498s] -- Up-to-date: /home/dtc/humanflow/ros2_ghadron_gimbal/install/ir_zoom/share/ir_zoom/local_setup.sh
[0.499s] -- Up-to-date: /home/dtc/humanflow/ros2_ghadron_gimbal/install/ir_zoom/share/ir_zoom/local_setup.zsh
[0.499s] -- Up-to-date: /home/dtc/humanflow/ros2_ghadron_gimbal/install/ir_zoom/share/ir_zoom/local_setup.dsv
[0.500s] -- Installing: /home/dtc/humanflow/ros2_ghadron_gimbal/install/ir_zoom/share/ir_zoom/package.dsv
[0.501s] -- Up-to-date: /home/dtc/humanflow/ros2_ghadron_gimbal/install/ir_zoom/share/ament_index/resource_index/packages/ir_zoom
[0.501s] -- Up-to-date: /home/dtc/humanflow/ros2_ghadron_gimbal/install/ir_zoom/share/ir_zoom/cmake/ir_zoomConfig.cmake
[0.502s] -- Up-to-date: /home/dtc/humanflow/ros2_ghadron_gimbal/install/ir_zoom/share/ir_zoom/cmake/ir_zoomConfig-version.cmake
[0.503s] -- Up-to-date: /home/dtc/humanflow/ros2_ghadron_gimbal/install/ir_zoom/share/ir_zoom/package.xml
[0.508s] Invoked command in '/home/dtc/humanflow/ros2_ghadron_gimbal/build/ir_zoom' returned '0': /usr/bin/cmake --install /home/dtc/humanflow/ros2_ghadron_gimbal/build/ir_zoom
